1390933073 0 0
1390933073 0 0 0 0
1390933053 0 0 0 0
1390932900 0 0 0 0
1390932600 0 0 0 0
1390932300 0 0 0 0
1390932000 0 0 0 0
1390931700 0 0 0 0
1390931400 0 0 0 0
1390931100 0 0 0 0
1390930800 0 0 0 0
1390930500 0 0 0 0
1390930200 0 0 0 0
1390929900 0 0 0 0
1390929600 0 0 0 0
1390929300 0 0 0 0
1390929000 0 0 0 0
1390928700 0 0 0 0
1390928400 0 0 0 0
1390928100 0 0 0 0
1390927800 0 0 0 0
1390927500 0 0 0 0
1390927200 0 0 0 0
1390926900 0 0 0 0
1390926600 0 0 0 0
1390926300 0 0 0 0
1390926000 0 0 0 0
1390925700 0 0 0 0
1390925400 0 0 0 0
1390925100 0 0 0 0
1390924800 0 0 0 0
1390924500 0 0 0 0
1390924200 0 0 0 0
1390923900 0 0 0 0
1390923600 0 0 0 0
1390923300 0 0 0 0
1390923000 0 0 0 0
1390922700 0 0 0 0
1390922400 0 0 0 0
1390922100 0 0 0 0
1390921800 0 0 0 0
1390921500 0 0 0 0
1390921200 0 0 0 0
1390920900 0 0 0 0
1390920600 0 0 0 0
1390920300 0 0 0 0
1390920000 0 0 0 0
1390919700 0 0 0 0
1390919400 0 0 0 0
1390919100 0 0 0 0
1390918800 0 0 0 0
1390918500 0 0 0 0
1390918200 0 0 0 0
1390917900 0 0 0 0
1390917600 0 0 0 0
1390917300 0 0 0 0
1390917000 0 0 0 0
1390916700 0 0 0 0
1390916400 0 0 0 0
1390916100 0 0 0 0
1390915800 0 0 0 0
1390915500 0 0 0 0
1390915200 0 0 0 0
1390914900 0 0 0 0
1390914600 0 0 0 0
1390914300 0 0 0 0
1390914000 0 0 0 0
1390913700 0 0 0 0
1390913400 0 0 0 0
1390913100 0 0 0 0
1390912800 0 0 0 0
1390912500 0 0 0 0
1390912200 0 0 0 0
1390911900 0 0 0 0
1390911600 0 0 0 0
1390911300 0 0 0 0
1390911000 0 0 0 0
1390910700 0 0 0 0
1390910400 0 0 0 0
1390910100 0 0 0 0
1390909800 0 0 0 0
1390909500 0 0 0 0
1390909200 0 0 0 0
1390908900 0 0 0 0
1390908600 0 0 0 0
1390908300 0 0 0 0
1390908000 0 0 0 0
1390907700 0 0 0 0
1390907400 0 0 0 0
1390907100 0 0 0 0
1390906800 0 0 0 0
1390906500 0 0 0 0
1390906200 0 0 0 0
1390905900 0 0 0 0
1390905600 0 0 0 0
1390905300 0 0 0 0
1390905000 0 0 0 0
1390904700 0 0 0 0
1390904400 0 0 0 0
1390904100 0 0 0 0
1390903800 0 0 0 0
1390903500 0 0 0 0
1390903200 0 0 0 0
1390902900 0 0 0 0
1390902600 0 0 0 0
1390902300 0 0 0 0
1390902000 0 0 0 0
1390901700 0 0 0 0
1390901400 0 0 0 0
1390901100 0 0 0 0
1390900800 0 0 0 0
1390900500 0 0 0 0
1390900200 0 0 0 0
1390899900 0 0 0 0
1390899600 0 0 0 0
1390899300 0 0 0 0
1390899000 0 0 0 0
1390898700 0 0 0 0
1390898400 0 0 0 0
1390898100 0 0 0 0
1390897800 0 0 0 0
1390897500 0 0 0 0
1390897200 0 0 0 0
1390896900 0 0 0 0
1390896600 0 0 0 0
1390896300 0 0 0 0
1390896000 0 0 0 0
1390895700 0 0 0 0
1390895400 0 0 0 0
1390895100 0 0 0 0
1390894800 0 0 0 0
1390894500 0 0 0 0
1390894200 0 0 0 0
1390893900 0 0 0 0
1390893600 0 0 0 0
1390893300 0 0 0 0
1390893000 0 0 0 0
1390892700 0 0 0 0
1390892400 0 0 0 0
1390892100 0 0 0 0
1390891800 0 0 0 0
1390891500 0 0 0 0
1390891200 0 0 0 0
1390890900 0 0 0 0
1390890600 0 0 0 0
1390890300 0 0 0 0
1390890000 0 0 0 0
1390889700 0 0 0 0
1390889400 0 0 0 0
1390889100 0 0 0 0
1390888800 0 0 0 0
1390888500 0 0 0 0
1390888200 0 0 0 0
1390887900 0 0 0 0
1390887600 0 0 0 0
1390887300 0 0 0 0
1390887000 0 0 0 0
1390886700 0 0 0 0
1390886400 0 0 0 0
1390886100 0 0 0 0
1390885800 0 0 0 0
1390885500 0 0 0 0
1390885200 0 0 0 0
1390884900 0 0 0 0
1390884600 0 0 0 0
1390884300 0 0 0 0
1390884000 0 0 0 0
1390883700 0 0 0 0
1390883400 0 0 0 0
1390883100 0 0 0 0
1390882800 0 0 0 0
1390882500 0 0 0 0
1390882200 0 0 0 0
1390881900 0 0 0 0
1390881600 0 0 0 0
1390881300 0 0 0 0
1390881000 0 0 0 0
1390880700 0 0 0 0
1390880400 0 0 0 0
1390880100 0 0 0 0
1390879800 0 0 0 0
1390879500 0 0 0 0
1390879200 0 0 0 0
1390878900 0 0 0 0
1390878600 0 0 0 0
1390878300 0 0 0 0
1390878000 0 0 0 0
1390877700 0 0 0 0
1390877400 0 0 0 0
1390877100 0 0 0 0
1390876800 0 0 0 0
1390876500 0 0 0 0
1390876200 0 0 0 0
1390875900 0 0 0 0
1390875600 0 0 0 0
1390875300 0 0 0 0
1390875000 0 0 0 0
1390874700 0 0 0 0
1390874400 0 0 0 0
1390874100 0 0 0 0
1390873800 0 0 0 0
1390873500 0 0 0 0
1390873200 0 0 0 0
1390872900 0 0 0 0
1390872600 0 0 0 0
1390872300 0 0 0 0
1390872000 0 0 0 0
1390871700 0 0 0 0
1390871400 0 0 0 0
1390871100 0 0 0 0
1390870800 0 0 0 0
1390870500 0 0 0 0
1390870200 0 0 0 0
1390869900 0 0 0 0
1390869600 0 0 0 0
1390869300 0 0 0 0
1390869000 0 0 0 0
1390868700 0 0 0 0
1390868400 0 0 0 0
1390868100 0 0 0 0
1390867800 0 0 0 0
1390867500 0 0 0 0
1390867200 0 0 0 0
1390866900 0 0 0 0
1390866600 0 0 0 0
1390866300 0 0 0 0
1390866000 0 0 0 0
1390865700 0 0 0 0
1390865400 0 0 0 0
1390865100 0 0 0 0
1390864800 0 0 0 0
1390864500 0 0 0 0
1390864200 0 0 0 0
1390863900 0 0 0 0
1390863600 0 0 0 0
1390863300 0 0 0 0
1390863000 0 0 0 0
1390862700 0 0 0 0
1390862400 0 0 0 0
1390862100 0 0 0 0
1390861800 0 0 0 0
1390861500 0 0 0 0
1390861200 0 0 0 0
1390860900 0 0 0 0
1390860600 0 0 0 0
1390860300 0 0 0 0
1390860000 0 0 0 0
1390859700 0 0 0 0
1390859400 0 0 0 0
1390859100 0 0 0 0
1390858800 0 0 0 0
1390858500 0 0 0 0
1390858200 0 0 0 0
1390857900 0 0 0 0
1390857600 0 0 0 0
1390857300 0 0 0 0
1390857000 0 0 0 0
1390856700 0 0 0 0
1390856400 0 0 0 0
1390856100 0 0 0 0
1390855800 0 0 0 0
1390855500 0 0 0 0
1390855200 0 0 0 0
1390854900 0 0 0 0
1390854600 0 0 0 0
1390854300 0 0 0 0
1390854000 0 0 0 0
1390853700 0 0 0 0
1390853400 0 0 0 0
1390853100 0 0 0 0
1390852800 0 0 0 0
1390852500 0 0 0 0
1390852200 0 0 0 0
1390851900 0 0 0 0
1390851600 0 0 0 0
1390851300 0 0 0 0
1390851000 0 0 0 0
1390850700 0 0 0 0
1390850400 0 0 0 0
1390850100 0 0 0 0
1390849800 0 0 0 0
1390849500 0 0 0 0
1390849200 0 0 0 0
1390848900 0 0 0 0
1390848600 0 0 0 0
1390848300 0 0 0 0
1390848000 0 0 0 0
1390847700 0 0 0 0
1390847400 0 0 0 0
1390847100 0 0 0 0
1390846800 0 0 0 0
1390846500 0 0 0 0
1390846200 0 0 0 0
1390845900 0 0 0 0
1390845600 0 0 0 0
1390845300 0 0 0 0
1390845000 0 0 0 0
1390844700 0 0 0 0
1390844400 0 0 0 0
1390844100 0 0 0 0
1390843800 0 0 0 0
1390843500 0 0 0 0
1390843200 0 0 0 0
1390842900 0 0 0 0
1390842600 0 0 0 0
1390842300 0 0 0 0
1390842000 0 0 0 0
1390841700 0 0 0 0
1390841400 0 0 0 0
1390841100 0 0 0 0
1390840800 0 0 0 0
1390840500 0 0 0 0
1390840200 0 0 0 0
1390839900 0 0 0 0
1390839600 0 0 0 0
1390839300 0 0 0 0
1390839000 0 0 0 0
1390838700 0 0 0 0
1390838400 0 0 0 0
1390838100 0 0 0 0
1390837800 0 0 0 0
1390837500 0 0 0 0
1390837200 0 0 0 0
1390836900 0 0 0 0
1390836600 0 0 0 0
1390836300 0 0 0 0
1390836000 0 0 0 0
1390835700 0 0 0 0
1390835400 0 0 0 0
1390835100 0 0 0 0
1390834800 0 0 0 0
1390834500 0 0 0 0
1390834200 0 0 0 0
1390833900 0 0 0 0
1390833600 0 0 0 0
1390833300 0 0 0 0
1390833000 0 0 0 0
1390832700 0 0 0 0
1390832400 0 0 0 0
1390832100 0 0 0 0
1390831800 0 0 0 0
1390831500 0 0 0 0
1390831200 0 0 0 0
1390830900 0 0 0 0
1390830600 0 0 0 0
1390830300 0 0 0 0
1390830000 0 0 0 0
1390829700 0 0 0 0
1390829400 0 0 0 0
1390829100 0 0 0 0
1390828800 0 0 0 0
1390828500 0 0 0 0
1390828200 0 0 0 0
1390827900 0 0 0 0
1390827600 0 0 0 0
1390827300 0 0 0 0
1390827000 0 0 0 0
1390826700 0 0 0 0
1390826400 0 0 0 0
1390826100 0 0 0 0
1390825800 0 0 0 0
1390825500 0 0 0 0
1390825200 0 0 0 0
1390824900 0 0 0 0
1390824600 0 0 0 0
1390824300 0 0 0 0
1390824000 0 0 0 0
1390823700 0 0 0 0
1390823400 0 0 0 0
1390823100 0 0 0 0
1390822800 0 0 0 0
1390822500 0 0 0 0
1390822200 0 0 0 0
1390821900 0 0 0 0
1390821600 0 0 0 0
1390821300 0 0 0 0
1390821000 0 0 0 0
1390820700 0 0 0 0
1390820400 0 0 0 0
1390820100 0 0 0 0
1390819800 0 0 0 0
1390819500 0 0 0 0
1390819200 0 0 0 0
1390818900 0 0 0 0
1390818600 0 0 0 0
1390818300 0 0 0 0
1390818000 0 0 0 0
1390817700 0 0 0 0
1390817400 0 0 0 0
1390817100 0 0 0 0
1390816800 0 0 0 0
1390816500 0 0 0 0
1390816200 0 0 0 0
1390815900 0 0 0 0
1390815600 0 0 0 0
1390815300 0 0 0 0
1390815000 0 0 0 0
1390814700 0 0 0 0
1390814400 0 0 0 0
1390814100 0 0 0 0
1390813800 0 0 0 0
1390813500 0 0 0 0
1390813200 0 0 0 0
1390812900 0 0 0 0
1390812600 0 0 0 0
1390812300 0 0 0 0
1390812000 0 0 0 0
1390811700 0 0 0 0
1390811400 0 0 0 0
1390811100 0 0 0 0
1390810800 0 0 0 0
1390810500 0 0 0 0
1390810200 0 0 0 0
1390809900 0 0 0 0
1390809600 0 0 0 0
1390809300 0 0 0 0
1390809000 0 0 0 0
1390808700 0 0 0 0
1390808400 0 0 0 0
1390808100 0 0 0 0
1390807800 0 0 0 0
1390807500 0 0 0 0
1390807200 0 0 0 0
1390806900 0 0 0 0
1390806600 0 0 0 0
1390806300 0 0 0 0
1390806000 0 0 0 0
1390805700 0 0 0 0
1390805400 0 0 0 0
1390805100 0 0 0 0
1390804800 0 0 0 0
1390804500 0 0 0 0
1390804200 0 0 0 0
1390803900 0 0 0 0
1390803600 0 0 0 0
1390803300 0 0 0 0
1390803000 0 0 0 0
1390802700 0 0 0 0
1390802400 0 0 0 0
1390802100 0 0 0 0
1390801800 0 0 0 0
1390801500 0 0 0 0
1390801200 0 0 0 0
1390800900 0 0 0 0
1390800600 0 0 0 0
1390800300 0 0 0 0
1390800000 0 0 0 0
1390799700 0 0 0 0
1390799400 0 0 0 0
1390799100 0 0 0 0
1390798800 0 0 0 0
1390798500 0 0 0 0
1390798200 0 0 0 0
1390797900 0 0 0 0
1390797600 0 0 0 0
1390797300 0 0 0 0
1390797000 0 0 0 0
1390796700 0 0 0 0
1390796400 0 0 0 0
1390796100 0 0 0 0
1390795800 0 0 0 0
1390795500 0 0 0 0
1390795200 0 0 0 0
1390794900 0 0 0 0
1390794600 0 0 0 0
1390794300 0 0 0 0
1390794000 0 0 0 0
1390793700 0 0 0 0
1390793400 0 0 0 0
1390793100 0 0 0 0
1390792800 0 0 0 0
1390792500 0 0 0 0
1390792200 0 0 0 0
1390791900 0 0 0 0
1390791600 0 0 0 0
1390791300 0 0 0 0
1390791000 0 0 0 0
1390790700 0 0 0 0
1390790400 0 0 0 0
1390790100 0 0 0 0
1390789800 0 0 0 0
1390789500 0 0 0 0
1390789200 0 0 0 0
1390788900 0 0 0 0
1390788600 0 0 0 0
1390788300 0 0 0 0
1390788000 0 0 0 0
1390787700 0 0 0 0
1390787400 0 0 0 0
1390787100 0 0 0 0
1390786800 0 0 0 0
1390786500 0 0 0 0
1390786200 0 0 0 0
1390785900 0 0 0 0
1390785600 0 0 0 0
1390785300 0 0 0 0
1390785000 0 0 0 0
1390784700 0 0 0 0
1390784400 0 0 0 0
1390784100 0 0 0 0
1390783800 0 0 0 0
1390783500 0 0 0 0
1390783200 0 0 0 0
1390782900 0 0 0 0
1390782600 0 0 0 0
1390782300 0 0 0 0
1390782000 0 0 0 0
1390781700 0 0 0 0
1390781400 0 0 0 0
1390781100 0 0 0 0
1390780800 0 0 0 0
1390780500 0 0 0 0
1390780200 0 0 0 0
1390779900 0 0 0 0
1390779600 0 0 0 0
1390779300 0 0 0 0
1390779000 0 0 0 0
1390778700 0 0 0 0
1390778400 0 0 0 0
1390778100 0 0 0 0
1390777800 0 0 0 0
1390777500 0 0 0 0
1390777200 0 0 0 0
1390776900 0 0 0 0
1390776600 0 0 0 0
1390776300 0 0 0 0
1390776000 0 0 0 0
1390775700 0 0 0 0
1390775400 0 0 0 0
1390775100 0 0 0 0
1390774800 0 0 0 0
1390774500 0 0 0 0
1390774200 0 0 0 0
1390773900 0 0 0 0
1390773600 0 0 0 0
1390773300 0 0 0 0
1390773000 0 0 0 0
1390772700 0 0 0 0
1390772400 0 0 0 0
1390772100 0 0 0 0
1390771800 0 0 0 0
1390771500 0 0 0 0
1390771200 0 0 0 0
1390770900 0 0 0 0
1390770600 0 0 0 0
1390770300 0 0 0 0
1390770000 0 0 0 0
1390769700 0 0 0 0
1390769400 0 0 0 0
1390769100 0 0 0 0
1390768800 0 0 0 0
1390768500 0 0 0 0
1390768200 0 0 0 0
1390767900 0 0 0 0
1390767600 0 0 0 0
1390767300 0 0 0 0
1390767000 0 0 0 0
1390766700 0 0 0 0
1390766400 0 0 0 0
1390766100 0 0 0 0
1390765800 0 0 0 0
1390765500 0 0 0 0
1390765200 0 0 0 0
1390764900 0 0 0 0
1390764600 0 0 0 0
1390764300 0 0 0 0
1390764000 0 0 0 0
1390763700 0 0 0 0
1390763400 0 0 0 0
1390763100 0 0 0 0
1390762800 0 0 0 0
1390762500 0 0 0 0
1390762200 0 0 0 0
1390761900 0 0 0 0
1390761600 0 0 0 0
1390761300 0 0 0 0
1390761000 0 0 0 0
1390760700 0 0 0 0
1390760400 0 0 0 0
1390760100 0 0 0 0
1390759800 0 0 0 0
1390759500 0 0 0 0
1390759200 0 0 0 0
1390758900 0 0 0 0
1390758600 0 0 0 0
1390758300 0 0 0 0
1390758000 0 0 0 0
1390757700 0 0 0 0
1390757400 0 0 0 0
1390757100 0 0 0 0
1390756800 0 0 0 0
1390756500 0 0 0 0
1390756200 0 0 0 0
1390755900 0 0 0 0
1390755600 0 0 0 0
1390755300 0 0 0 0
1390755000 0 0 0 0
1390754700 0 0 0 0
1390754400 0 0 0 0
1390754100 0 0 0 0
1390753800 0 0 0 0
1390753500 0 0 0 0
1390753200 0 0 0 0
1390752000 0 0 0 0
1390750200 0 0 0 0
1390748400 0 0 0 0
1390746600 0 0 0 0
1390744800 0 0 0 0
1390743000 0 0 0 0
1390741200 0 0 0 0
1390739400 0 0 0 0
1390737600 0 0 0 0
1390735800 0 0 0 0
1390734000 0 0 0 0
1390732200 0 0 0 0
1390730400 0 0 0 0
1390728600 0 0 0 0
1390726800 0 0 0 0
1390725000 0 0 0 0
1390723200 0 0 0 0
1390721400 0 0 0 0
1390719600 0 0 0 0
1390717800 0 0 0 0
1390716000 0 0 0 0
1390714200 0 0 0 0
1390712400 0 0 0 0
1390710600 0 0 0 0
1390708800 0 0 0 0
1390707000 0 0 0 0
1390705200 0 0 0 0
1390703400 0 0 0 0
1390701600 0 0 0 0
1390699800 0 0 0 0
1390698000 0 0 0 0
1390696200 0 0 0 0
1390694400 0 0 0 0
1390692600 0 0 0 0
1390690800 0 0 0 0
1390689000 0 0 0 0
1390687200 0 0 0 0
1390685400 0 0 0 0
1390683600 0 0 0 0
1390681800 0 0 0 0
1390680000 0 0 0 0
1390678200 0 0 0 0
1390676400 0 0 0 0
1390674600 0 0 0 0
1390672800 0 0 0 0
1390671000 0 0 0 0
1390669200 0 0 0 0
1390667400 0 0 0 0
1390665600 0 0 0 0
1390663800 0 0 0 0
1390662000 0 0 0 0
1390660200 0 0 0 0
1390658400 0 0 0 0
1390656600 0 0 0 0
1390654800 0 0 0 0
1390653000 0 0 0 0
1390651200 0 0 0 0
1390649400 0 0 0 0
1390647600 0 0 0 0
1390645800 0 0 0 0
1390644000 0 0 0 0
1390642200 0 0 0 0
1390640400 0 0 0 0
1390638600 0 0 0 0
1390636800 0 0 0 0
1390635000 0 0 0 0
1390633200 0 0 0 0
1390631400 0 0 0 0
1390629600 0 0 0 0
1390627800 0 0 0 0
1390626000 0 0 0 0
1390624200 0 0 0 0
1390622400 0 0 0 0
1390620600 0 0 0 0
1390618800 0 0 0 0
1390617000 0 0 0 0
1390615200 0 0 0 0
1390613400 0 0 0 0
1390611600 0 0 0 0
1390609800 0 0 0 0
1390608000 0 0 0 0
1390606200 0 0 0 0
1390604400 0 0 0 0
1390602600 0 0 0 0
1390600800 0 0 0 0
1390599000 0 0 0 0
1390597200 0 0 0 0
1390595400 0 0 0 0
1390593600 0 0 0 0
1390591800 0 0 0 0
1390590000 0 0 0 0
1390588200 0 0 0 0
1390586400 0 0 0 0
1390584600 0 0 0 0
1390582800 0 0 0 0
1390581000 0 0 0 0
1390579200 0 0 0 0
1390577400 0 0 0 0
1390575600 0 0 0 0
1390573800 0 0 0 0
1390572000 0 0 0 0
1390570200 0 0 0 0
1390568400 0 0 0 0
1390566600 0 0 0 0
1390564800 0 0 0 0
1390563000 0 0 0 0
1390561200 0 0 0 0
1390559400 0 0 0 0
1390557600 0 0 0 0
1390555800 0 0 0 0
1390554000 0 0 0 0
1390552200 0 0 0 0
1390550400 0 0 0 0
1390548600 0 0 0 0
1390546800 0 0 0 0
1390545000 0 0 0 0
1390543200 0 0 0 0
1390541400 0 0 0 0
1390539600 0 0 0 0
1390537800 0 0 0 0
1390536000 0 0 0 0
1390534200 0 0 0 0
1390532400 0 0 0 0
1390530600 0 0 0 0
1390528800 0 0 0 0
1390527000 0 0 0 0
1390525200 0 0 0 0
1390523400 0 0 0 0
1390521600 0 0 0 0
1390519800 0 0 0 0
1390518000 0 0 0 0
1390516200 0 0 0 0
1390514400 0 0 0 0
1390512600 0 0 0 0
1390510800 0 0 0 0
1390509000 0 0 0 0
1390507200 0 0 0 0
1390505400 0 0 0 0
1390503600 0 0 0 0
1390501800 0 0 0 0
1390500000 0 0 0 0
1390498200 0 0 0 0
1390496400 0 0 0 0
1390494600 0 0 0 0
1390492800 0 0 0 0
1390491000 0 0 0 0
1390489200 0 0 0 0
1390487400 0 0 0 0
1390485600 0 0 0 0
1390483800 0 0 0 0
1390482000 0 0 0 0
1390480200 0 0 0 0
1390478400 0 0 0 0
1390476600 0 0 0 0
1390474800 0 0 0 0
1390473000 0 0 0 0
1390471200 0 0 0 0
1390469400 0 0 0 0
1390467600 0 0 0 0
1390465800 0 0 0 0
1390464000 0 0 0 0
1390462200 0 0 0 0
1390460400 0 0 0 0
1390458600 0 0 0 0
1390456800 0 0 0 0
1390455000 0 0 0 0
1390453200 0 0 0 0
1390451400 0 0 0 0
1390449600 0 0 0 0
1390447800 0 0 0 0
1390446000 0 0 0 0
1390444200 0 0 0 0
1390442400 0 0 0 0
1390440600 0 0 0 0
1390438800 0 0 0 0
1390437000 0 0 0 0
1390435200 0 0 0 0
1390433400 0 0 0 0
1390431600 0 0 0 0
1390429800 0 0 0 0
1390428000 0 0 0 0
1390426200 0 0 0 0
1390424400 0 0 0 0
1390422600 0 0 0 0
1390420800 0 0 0 0
1390419000 0 0 0 0
1390417200 0 0 0 0
1390415400 0 0 0 0
1390413600 0 0 0 0
1390411800 0 0 0 0
1390410000 0 0 0 0
1390408200 0 0 0 0
1390406400 0 0 0 0
1390404600 0 0 0 0
1390402800 0 0 0 0
1390401000 0 0 0 0
1390399200 0 0 0 0
1390397400 0 0 0 0
1390395600 0 0 0 0
1390393800 0 0 0 0
1390392000 0 0 0 0
1390390200 0 0 0 0
1390388400 0 0 0 0
1390386600 0 0 0 0
1390384800 0 0 0 0
1390383000 0 0 0 0
1390381200 0 0 0 0
1390379400 0 0 0 0
1390377600 0 0 0 0
1390375800 0 0 0 0
1390374000 0 0 0 0
1390372200 0 0 0 0
1390370400 0 0 0 0
1390368600 0 0 0 0
1390366800 0 0 0 0
1390365000 0 0 0 0
1390363200 0 0 0 0
1390361400 0 0 0 0
1390359600 0 0 0 0
1390357800 0 0 0 0
1390356000 0 0 0 0
1390354200 0 0 0 0
1390352400 0 0 0 0
1390350600 0 0 0 0
1390348800 0 0 0 0
1390347000 0 0 0 0
1390345200 0 0 0 0
1390343400 0 0 0 0
1390341600 0 0 0 0
1390339800 0 0 0 0
1390338000 0 0 0 0
1390336200 0 0 0 0
1390334400 0 0 0 0
1390332600 0 0 0 0
1390330800 0 0 0 0
1390329000 0 0 0 0
1390327200 0 0 0 0
1390325400 0 0 0 0
1390323600 0 0 0 0
1390321800 0 0 0 0
1390320000 0 0 0 0
1390318200 0 0 0 0
1390316400 0 0 0 0
1390314600 0 0 0 0
1390312800 0 0 0 0
1390311000 0 0 0 0
1390309200 0 0 0 0
1390307400 0 0 0 0
1390305600 0 0 0 0
1390303800 0 0 0 0
1390302000 0 0 0 0
1390300200 0 0 0 0
1390298400 0 0 0 0
1390296600 0 0 0 0
1390294800 0 0 0 0
1390293000 0 0 0 0
1390291200 0 0 0 0
1390289400 0 0 0 0
1390287600 0 0 0 0
1390285800 0 0 0 0
1390284000 0 0 0 0
1390282200 0 0 0 0
1390280400 0 0 0 0
1390278600 0 0 0 0
1390276800 0 0 0 0
1390275000 0 0 0 0
1390273200 0 0 0 0
1390271400 0 0 0 0
1390269600 0 0 0 0
1390267800 0 0 0 0
1390266000 0 0 0 0
1390264200 0 0 0 0
1390262400 0 0 0 0
1390260600 0 0 0 0
1390258800 0 0 0 0
1390257000 0 0 0 0
1390255200 0 0 0 0
1390253400 0 0 0 0
1390251600 0 0 0 0
1390249800 0 0 0 0
1390248000 0 0 0 0
1390246200 0 0 0 0
1390244400 0 0 0 0
1390242600 0 0 0 0
1390240800 0 0 0 0
1390239000 0 0 0 0
1390237200 0 0 0 0
1390235400 0 0 0 0
1390233600 0 0 0 0
1390231800 0 0 0 0
1390230000 0 0 0 0
1390228200 0 0 0 0
1390226400 0 0 0 0
1390224600 0 0 0 0
1390222800 0 0 0 0
1390221000 0 0 0 0
1390219200 0 0 0 0
1390217400 0 0 0 0
1390215600 0 0 0 0
1390213800 0 0 0 0
1390212000 0 0 0 0
1390210200 0 0 0 0
1390208400 0 0 0 0
1390206600 0 0 0 0
1390204800 0 0 0 0
1390203000 0 0 0 0
1390201200 0 0 0 0
1390199400 0 0 0 0
1390197600 0 0 0 0
1390195800 0 0 0 0
1390194000 0 0 0 0
1390192200 0 0 0 0
1390190400 0 0 0 0
1390188600 0 0 0 0
1390186800 0 0 0 0
1390185000 0 0 0 0
1390183200 0 0 0 0
1390181400 0 0 0 0
1390179600 0 0 0 0
1390177800 0 0 0 0
1390176000 0 0 0 0
1390174200 0 0 0 0
1390172400 0 0 0 0
1390170600 0 0 0 0
1390168800 0 0 0 0
1390167000 0 0 0 0
1390165200 0 0 0 0
1390163400 0 0 0 0
1390161600 0 0 0 0
1390159800 0 0 0 0
1390158000 0 0 0 0
1390156200 0 0 0 0
1390154400 0 0 0 0
1390152600 0 0 0 0
1390150800 0 0 0 0
1390149000 0 0 0 0
1390147200 0 0 0 0
1390145400 0 0 0 0
1390143600 0 0 0 0
1390141800 0 0 0 0
1390140000 0 0 0 0
1390138200 0 0 0 0
1390136400 0 0 0 0
1390134600 0 0 0 0
1390132800 0 0 0 0
1390131000 0 0 0 0
1390129200 0 0 0 0
1390127400 0 0 0 0
1390125600 0 0 0 0
1390123800 0 0 0 0
1390122000 0 0 0 0
1390120200 0 0 0 0
1390118400 0 0 0 0
1390116600 0 0 0 0
1390114800 0 0 0 0
1390113000 0 0 0 0
1390111200 0 0 0 0
1390109400 0 0 0 0
1390107600 0 0 0 0
1390105800 0 0 0 0
1390104000 0 0 0 0
1390102200 0 0 0 0
1390100400 0 0 0 0
1390098600 0 0 0 0
1390096800 0 0 0 0
1390095000 0 0 0 0
1390093200 0 0 0 0
1390091400 0 0 0 0
1390089600 0 0 0 0
1390087800 0 0 0 0
1390086000 0 0 0 0
1390084200 0 0 0 0
1390082400 0 0 0 0
1390080600 0 0 0 0
1390078800 0 0 0 0
1390077000 0 0 0 0
1390075200 0 0 0 0
1390073400 0 0 0 0
1390071600 0 0 0 0
1390069800 0 0 0 0
1390068000 0 0 0 0
1390066200 0 0 0 0
1390064400 0 0 0 0
1390062600 0 0 0 0
1390060800 0 0 0 0
1390059000 0 0 0 0
1390057200 0 0 0 0
1390055400 0 0 0 0
1390053600 0 0 0 0
1390051800 0 0 0 0
1390050000 0 0 0 0
1390048200 0 0 0 0
1390046400 0 0 0 0
1390044600 0 0 0 0
1390042800 0 0 0 0
1390041000 0 0 0 0
1390039200 0 0 0 0
1390037400 0 0 0 0
1390035600 0 0 0 0
1390033800 0 0 0 0
1390032000 0 0 0 0
1390030200 0 0 0 0
1390028400 0 0 0 0
1390026600 0 0 0 0
1390024800 0 0 0 0
1390023000 0 0 0 0
1390021200 0 0 0 0
1390019400 0 0 0 0
1390017600 0 0 0 0
1390015800 0 0 0 0
1390014000 0 0 0 0
1390012200 0 0 0 0
1390010400 0 0 0 0
1390008600 0 0 0 0
1390006800 0 0 0 0
1390005000 0 0 0 0
1390003200 0 0 0 0
1390001400 0 0 0 0
1389999600 0 0 0 0
1389997800 0 0 0 0
1389996000 0 0 0 0
1389994200 0 0 0 0
1389992400 0 0 0 0
1389990600 0 0 0 0
1389988800 0 0 0 0
1389987000 0 0 0 0
1389985200 0 0 0 0
1389983400 0 0 0 0
1389981600 0 0 0 0
1389979800 0 0 0 0
1389978000 0 0 0 0
1389976200 0 0 0 0
1389974400 0 0 0 0
1389972600 0 0 0 0
1389970800 0 0 0 0
1389969000 0 0 0 0
1389967200 0 0 0 0
1389965400 0 0 0 0
1389963600 0 0 0 0
1389961800 0 0 0 0
1389960000 0 0 0 0
1389958200 0 0 0 0
1389956400 0 0 0 0
1389954600 0 0 0 0
1389952800 0 0 0 0
1389951000 0 0 0 0
1389949200 0 0 0 0
1389947400 0 0 0 0
1389945600 0 0 0 0
1389943800 0 0 0 0
1389942000 0 0 0 0
1389940200 0 0 0 0
1389938400 0 0 0 0
1389936600 0 0 0 0
1389934800 0 0 0 0
1389933000 0 0 0 0
1389931200 0 0 0 0
1389929400 0 0 0 0
1389927600 0 0 0 0
1389925800 0 0 0 0
1389924000 0 0 0 0
1389922200 0 0 0 0
1389920400 0 0 0 0
1389918600 0 0 0 0
1389916800 0 0 0 0
1389915000 0 0 0 0
1389913200 0 0 0 0
1389911400 0 0 0 0
1389909600 0 0 0 0
1389907800 0 0 0 0
1389906000 0 0 0 0
1389904200 0 0 0 0
1389902400 0 0 0 0
1389900600 0 0 0 0
1389898800 0 0 0 0
1389897000 0 0 0 0
1389895200 0 0 0 0
1389893400 0 0 0 0
1389891600 0 0 0 0
1389889800 0 0 0 0
1389888000 0 0 0 0
1389886200 0 0 0 0
1389884400 0 0 0 0
1389882600 0 0 0 0
1389880800 0 0 0 0
1389879000 0 0 0 0
1389877200 0 0 0 0
1389875400 0 0 0 0
1389873600 0 0 0 0
1389871800 0 0 0 0
1389870000 0 0 0 0
1389868200 0 0 0 0
1389866400 0 0 0 0
1389864600 0 0 0 0
1389862800 0 0 0 0
1389861000 0 0 0 0
1389859200 0 0 0 0
1389857400 0 0 0 0
1389855600 0 0 0 0
1389853800 0 0 0 0
1389852000 0 0 0 0
1389850200 0 0 0 0
1389848400 0 0 0 0
1389846600 0 0 0 0
1389844800 0 0 0 0
1389843000 0 0 0 0
1389841200 0 0 0 0
1389839400 0 0 0 0
1389837600 0 0 0 0
1389835800 0 0 0 0
1389834000 0 0 0 0
1389832200 0 0 0 0
1389830400 0 0 0 0
1389828600 0 0 0 0
1389826800 0 0 0 0
1389825000 0 0 0 0
1389823200 0 0 0 0
1389821400 0 0 0 0
1389819600 0 0 0 0
1389817800 0 0 0 0
1389816000 0 0 0 0
1389814200 0 0 0 0
1389812400 0 0 0 0
1389810600 0 0 0 0
1389808800 0 0 0 0
1389807000 0 0 0 0
1389805200 0 0 0 0
1389803400 0 0 0 0
1389801600 0 0 0 0
1389799800 0 0 0 0
1389798000 0 0 0 0
1389796200 0 0 0 0
1389794400 0 0 0 0
1389792600 0 0 0 0
1389790800 0 0 0 0
1389789000 0 0 0 0
1389787200 0 0 0 0
1389785400 0 0 0 0
1389783600 0 0 0 0
1389781800 0 0 0 0
1389780000 0 0 0 0
1389778200 0 0 0 0
1389776400 0 0 0 0
1389774600 0 0 0 0
1389772800 0 0 0 0
1389771000 0 0 0 0
1389769200 0 0 0 0
1389767400 0 0 0 0
1389765600 0 0 0 0
1389763800 0 0 0 0
1389762000 0 0 0 0
1389760200 0 0 0 0
1389758400 0 0 0 0
1389756600 0 0 0 0
1389754800 0 0 0 0
1389753000 0 0 0 0
1389751200 0 0 0 0
1389749400 0 0 0 0
1389747600 0 0 0 0
1389745800 0 0 0 0
1389744000 0 0 0 0
1389742200 0 0 0 0
1389740400 0 0 0 0
1389738600 0 0 0 0
1389736800 0 0 0 0
1389735000 0 0 0 0
1389733200 0 0 0 0
1389731400 0 0 0 0
1389729600 0 0 0 0
1389727800 0 0 0 0
1389726000 0 0 0 0
1389724200 0 0 0 0
1389722400 0 0 0 0
1389720600 0 0 0 0
1389718800 0 0 0 0
1389717000 0 0 0 0
1389715200 0 0 0 0
1389713400 0 0 0 0
1389711600 0 0 0 0
1389709800 0 0 0 0
1389708000 0 0 0 0
1389706200 0 0 0 0
1389704400 0 0 0 0
1389702600 0 0 0 0
1389700800 0 0 0 0
1389699000 0 0 0 0
1389697200 0 0 0 0
1389695400 0 0 0 0
1389693600 0 0 0 0
1389691800 0 0 0 0
1389690000 0 0 0 0
1389688200 0 0 0 0
1389686400 0 0 0 0
1389684600 0 0 0 0
1389682800 0 0 0 0
1389681000 0 0 0 0
1389679200 0 0 0 0
1389677400 0 0 0 0
1389675600 0 0 0 0
1389673800 0 0 0 0
1389672000 0 0 0 0
1389664800 0 0 0 0
1389657600 0 0 0 0
1389650400 0 0 0 0
1389643200 0 0 0 0
1389636000 0 0 0 0
1389628800 0 0 0 0
1389621600 0 0 0 0
1389614400 0 0 0 0
1389607200 0 0 0 0
1389600000 0 0 0 0
1389592800 0 0 0 0
1389585600 0 0 0 0
1389578400 0 0 0 0
1389571200 0 0 0 0
1389564000 0 0 0 0
1389556800 0 0 0 0
1389549600 0 0 0 0
1389542400 0 0 0 0
1389535200 0 0 0 0
1389528000 0 0 0 0
1389520800 0 0 0 0
1389513600 0 0 0 0
1389506400 0 0 0 0
1389499200 0 0 0 0
1389492000 0 0 0 0
1389484800 0 0 0 0
1389477600 0 0 0 0
1389470400 0 0 0 0
1389463200 0 0 0 0
1389456000 0 0 0 0
1389448800 0 0 0 0
1389441600 0 0 0 0
1389434400 0 0 0 0
1389427200 0 0 0 0
1389420000 0 0 0 0
1389412800 0 0 0 0
1389405600 0 0 0 0
1389398400 0 0 0 0
1389391200 0 0 0 0
1389384000 0 0 0 0
1389376800 0 0 0 0
1389369600 0 0 0 0
1389362400 0 0 0 0
1389355200 0 0 0 0
1389348000 0 0 0 0
1389340800 0 0 0 0
1389333600 0 0 0 0
1389326400 0 0 0 0
1389319200 0 0 0 0
1389312000 0 0 0 0
1389304800 0 0 0 0
1389297600 0 0 0 0
1389290400 0 0 0 0
1389283200 0 0 0 0
1389276000 0 0 0 0
1389268800 0 0 0 0
1389261600 0 0 0 0
1389254400 0 0 0 0
1389247200 0 0 0 0
1389240000 0 0 0 0
1389232800 0 0 0 0
1389225600 0 0 0 0
1389218400 0 0 0 0
1389211200 0 0 0 0
1389204000 0 0 0 0
1389196800 0 0 0 0
1389189600 0 0 0 0
1389182400 0 0 0 0
1389175200 0 0 0 0
1389168000 0 0 0 0
1389160800 0 0 0 0
1389153600 0 0 0 0
1389146400 0 0 0 0
1389139200 0 0 0 0
1389132000 0 0 0 0
1389124800 0 0 0 0
1389117600 0 0 0 0
1389110400 0 0 0 0
1389103200 0 0 0 0
1389096000 0 0 0 0
1389088800 0 0 0 0
1389081600 0 0 0 0
1389074400 0 0 0 0
1389067200 0 0 0 0
1389060000 0 0 0 0
1389052800 0 0 0 0
1389045600 0 0 0 0
1389038400 0 0 0 0
1389031200 0 0 0 0
1389024000 0 0 0 0
1389016800 0 0 0 0
1389009600 0 0 0 0
1389002400 0 0 0 0
1388995200 0 0 0 0
1388988000 0 0 0 0
1388980800 0 0 0 0
1388973600 0 0 0 0
1388966400 0 0 0 0
1388959200 0 0 0 0
1388952000 0 0 0 0
1388944800 0 0 0 0
1388937600 0 0 0 0
1388930400 0 0 0 0
1388923200 0 0 0 0
1388916000 0 0 0 0
1388908800 0 0 0 0
1388901600 0 0 0 0
1388894400 0 0 0 0
1388887200 0 0 0 0
1388880000 0 0 0 0
1388872800 0 0 0 0
1388865600 0 0 0 0
1388858400 0 0 0 0
1388851200 0 0 0 0
1388844000 0 0 0 0
1388836800 0 0 0 0
1388829600 0 0 0 0
1388822400 0 0 0 0
1388815200 0 0 0 0
1388808000 0 0 0 0
1388800800 0 0 0 0
1388793600 0 0 0 0
1388786400 0 0 0 0
1388779200 0 0 0 0
1388772000 0 0 0 0
1388764800 0 0 0 0
1388757600 0 0 0 0
1388750400 0 0 0 0
1388743200 0 0 0 0
1388736000 0 0 0 0
1388728800 0 0 0 0
1388721600 0 0 0 0
1388714400 0 0 0 0
1388707200 0 0 0 0
1388700000 0 0 0 0
1388692800 0 0 0 0
1388685600 0 0 0 0
1388678400 0 0 0 0
1388671200 0 0 0 0
1388664000 0 0 0 0
1388656800 0 0 0 0
1388649600 0 0 0 0
1388642400 0 0 0 0
1388635200 0 0 0 0
1388628000 0 0 0 0
1388620800 0 0 0 0
1388613600 0 0 0 0
1388606400 0 0 0 0
1388599200 0 0 0 0
1388592000 0 0 0 0
1388584800 0 0 0 0
1388577600 0 0 0 0
1388570400 0 0 0 0
1388563200 0 0 0 0
1388556000 0 0 0 0
1388548800 0 0 0 0
1388541600 0 0 0 0
1388534400 0 0 0 0
1388527200 0 0 0 0
1388520000 0 0 0 0
1388512800 0 0 0 0
1388505600 0 0 0 0
1388498400 0 0 0 0
1388491200 0 0 0 0
1388484000 0 0 0 0
1388476800 0 0 0 0
1388469600 0 0 0 0
1388462400 0 0 0 0
1388455200 0 0 0 0
1388448000 0 0 0 0
1388440800 0 0 0 0
1388433600 0 0 0 0
1388426400 0 0 0 0
1388419200 0 0 0 0
1388412000 0 0 0 0
1388404800 0 0 0 0
1388397600 0 0 0 0
1388390400 0 0 0 0
1388383200 0 0 0 0
1388376000 0 0 0 0
1388368800 0 0 0 0
1388361600 0 0 0 0
1388354400 0 0 0 0
1388347200 0 0 0 0
1388340000 0 0 0 0
1388332800 0 0 0 0
1388325600 0 0 0 0
1388318400 0 0 0 0
1388311200 0 0 0 0
1388304000 0 0 0 0
1388296800 0 0 0 0
1388289600 0 0 0 0
1388282400 0 0 0 0
1388275200 0 0 0 0
1388268000 0 0 0 0
1388260800 0 0 0 0
1388253600 0 0 0 0
1388246400 0 0 0 0
1388239200 0 0 0 0
1388232000 0 0 0 0
1388224800 0 0 0 0
1388217600 0 0 0 0
1388210400 0 0 0 0
1388203200 0 0 0 0
1388196000 0 0 0 0
1388188800 0 0 0 0
1388181600 0 0 0 0
1388174400 0 0 0 0
1388167200 0 0 0 0
1388160000 0 0 0 0
1388152800 0 0 0 0
1388145600 0 0 0 0
1388138400 0 0 0 0
1388131200 0 0 0 0
1388124000 0 0 0 0
1388116800 0 0 0 0
1388109600 0 0 0 0
1388102400 0 0 0 0
1388095200 0 0 0 0
1388088000 0 0 0 0
1388080800 0 0 0 0
1388073600 0 0 0 0
1388066400 0 0 0 0
1388059200 0 0 0 0
1388052000 0 0 0 0
1388044800 0 0 0 0
1388037600 0 0 0 0
1388030400 0 0 0 0
1388023200 0 0 0 0
1388016000 0 0 0 0
1388008800 0 0 0 0
1388001600 0 0 0 0
1387994400 0 0 0 0
1387987200 0 0 0 0
1387980000 0 0 0 0
1387972800 0 0 0 0
1387965600 0 0 0 0
1387958400 0 0 0 0
1387951200 0 0 0 0
1387944000 0 0 0 0
1387936800 0 0 0 0
1387929600 0 0 0 0
1387922400 0 0 0 0
1387915200 0 0 0 0
1387908000 0 0 0 0
1387900800 0 0 0 0
1387893600 0 0 0 0
1387886400 0 0 0 0
1387879200 0 0 0 0
1387872000 0 0 0 0
1387864800 0 0 0 0
1387857600 0 0 0 0
1387850400 0 0 0 0
1387843200 0 0 0 0
1387836000 0 0 0 0
1387828800 0 0 0 0
1387821600 0 0 0 0
1387814400 0 0 0 0
1387807200 0 0 0 0
1387800000 0 0 0 0
1387792800 0 0 0 0
1387785600 0 0 0 0
1387778400 0 0 0 0
1387771200 0 0 0 0
1387764000 0 0 0 0
1387756800 0 0 0 0
1387749600 0 0 0 0
1387742400 0 0 0 0
1387735200 0 0 0 0
1387728000 0 0 0 0
1387720800 0 0 0 0
1387713600 0 0 0 0
1387706400 0 0 0 0
1387699200 0 0 0 0
1387692000 0 0 0 0
1387684800 0 0 0 0
1387677600 0 0 0 0
1387670400 0 0 0 0
1387663200 0 0 0 0
1387656000 0 0 0 0
1387648800 0 0 0 0
1387641600 0 0 0 0
1387634400 0 0 0 0
1387627200 0 0 0 0
1387620000 0 0 0 0
1387612800 0 0 0 0
1387605600 0 0 0 0
1387598400 0 0 0 0
1387591200 0 0 0 0
1387584000 0 0 0 0
1387576800 0 0 0 0
1387569600 0 0 0 0
1387562400 0 0 0 0
1387555200 0 0 0 0
1387548000 0 0 0 0
1387540800 0 0 0 0
1387533600 0 0 0 0
1387526400 0 0 0 0
1387519200 0 0 0 0
1387512000 0 0 0 0
1387504800 0 0 0 0
1387497600 0 0 0 0
1387490400 0 0 0 0
1387483200 0 0 0 0
1387476000 0 0 0 0
1387468800 0 0 0 0
1387461600 0 0 0 0
1387454400 0 0 0 0
1387447200 0 0 0 0
1387440000 0 0 0 0
1387432800 0 0 0 0
1387425600 0 0 0 0
1387418400 0 0 0 0
1387411200 0 0 0 0
1387404000 0 0 0 0
1387396800 0 0 0 0
1387389600 0 0 0 0
1387382400 0 0 0 0
1387375200 0 0 0 0
1387368000 0 0 0 0
1387360800 0 0 0 0
1387353600 0 0 0 0
1387346400 0 0 0 0
1387339200 0 0 0 0
1387332000 0 0 0 0
1387324800 0 0 0 0
1387317600 0 0 0 0
1387310400 0 0 0 0
1387303200 0 0 0 0
1387296000 0 0 0 0
1387288800 0 0 0 0
1387281600 0 0 0 0
1387274400 0 0 0 0
1387267200 0 0 0 0
1387260000 0 0 0 0
1387252800 0 0 0 0
1387245600 0 0 0 0
1387238400 0 0 0 0
1387231200 0 0 0 0
1387224000 0 0 0 0
1387216800 0 0 0 0
1387209600 0 0 0 0
1387202400 0 0 0 0
1387195200 0 0 0 0
1387188000 0 0 0 0
1387180800 0 0 0 0
1387173600 0 0 0 0
1387166400 0 0 0 0
1387159200 0 0 0 0
1387152000 0 0 0 0
1387144800 0 0 0 0
1387137600 0 0 0 0
1387130400 0 0 0 0
1387123200 0 0 0 0
1387116000 0 0 0 0
1387108800 0 0 0 0
1387101600 0 0 0 0
1387094400 0 0 0 0
1387087200 0 0 0 0
1387080000 0 0 0 0
1387072800 0 0 0 0
1387065600 0 0 0 0
1387058400 0 0 0 0
1387051200 0 0 0 0
1387044000 0 0 0 0
1387036800 0 0 0 0
1387029600 0 0 0 0
1387022400 0 0 0 0
1387015200 0 0 0 0
1387008000 0 0 0 0
1387000800 0 0 0 0
1386993600 0 0 0 0
1386986400 0 0 0 0
1386979200 0 0 0 0
1386972000 0 0 0 0
1386964800 0 0 0 0
1386957600 0 0 0 0
1386950400 0 0 0 0
1386943200 0 0 0 0
1386936000 0 0 0 0
1386928800 0 0 0 0
1386921600 0 0 0 0
1386914400 0 0 0 0
1386907200 0 0 0 0
1386900000 0 0 0 0
1386892800 0 0 0 0
1386885600 0 0 0 0
1386878400 0 0 0 0
1386871200 0 0 0 0
1386864000 0 0 0 0
1386856800 0 0 0 0
1386849600 0 0 0 0
1386842400 0 0 0 0
1386835200 0 0 0 0
1386828000 0 0 0 0
1386820800 0 0 0 0
1386813600 0 0 0 0
1386806400 0 0 0 0
1386799200 0 0 0 0
1386792000 0 0 0 0
1386784800 0 0 0 0
1386777600 0 0 0 0
1386770400 0 0 0 0
1386763200 0 0 0 0
1386756000 0 0 0 0
1386748800 0 0 0 0
1386741600 0 0 0 0
1386734400 0 0 0 0
1386727200 0 0 0 0
1386720000 0 0 0 0
1386712800 0 0 0 0
1386705600 0 0 0 0
1386698400 0 0 0 0
1386691200 0 0 0 0
1386684000 0 0 0 0
1386676800 0 0 0 0
1386669600 0 0 0 0
1386662400 0 0 0 0
1386655200 0 0 0 0
1386648000 0 0 0 0
1386640800 0 0 0 0
1386633600 0 0 0 0
1386626400 0 0 0 0
1386619200 0 0 0 0
1386612000 0 0 0 0
1386604800 0 0 0 0
1386597600 0 0 0 0
1386590400 0 0 0 0
1386583200 0 0 0 0
1386576000 0 0 0 0
1386568800 0 0 0 0
1386561600 0 0 0 0
1386554400 0 0 0 0
1386547200 0 0 0 0
1386540000 0 0 0 0
1386532800 0 0 0 0
1386525600 0 0 0 0
1386518400 0 0 0 0
1386511200 0 0 0 0
1386504000 0 0 0 0
1386496800 0 0 0 0
1386489600 0 0 0 0
1386482400 0 0 0 0
1386475200 0 0 0 0
1386468000 0 0 0 0
1386460800 0 0 0 0
1386453600 0 0 0 0
1386446400 0 0 0 0
1386439200 0 0 0 0
1386432000 0 0 0 0
1386424800 0 0 0 0
1386417600 0 0 0 0
1386410400 0 0 0 0
1386403200 0 0 0 0
1386396000 0 0 0 0
1386388800 0 0 0 0
1386381600 0 0 0 0
1386374400 0 0 0 0
1386367200 0 0 0 0
1386360000 0 0 0 0
1386352800 0 0 0 0
1386345600 0 0 0 0
1386338400 0 0 0 0
1386331200 0 0 0 0
1386324000 0 0 0 0
1386316800 0 0 0 0
1386309600 0 0 0 0
1386302400 0 0 0 0
1386295200 0 0 0 0
1386288000 0 0 0 0
1386280800 0 0 0 0
1386273600 0 0 0 0
1386266400 0 0 0 0
1386259200 0 0 0 0
1386252000 0 0 0 0
1386244800 0 0 0 0
1386237600 0 0 0 0
1386230400 0 0 0 0
1386223200 0 0 0 0
1386216000 0 0 0 0
1386208800 0 0 0 0
1386201600 0 0 0 0
1386194400 0 0 0 0
1386187200 0 0 0 0
1386180000 0 0 0 0
1386172800 0 0 0 0
1386165600 0 0 0 0
1386158400 0 0 0 0
1386151200 0 0 0 0
1386144000 0 0 0 0
1386136800 0 0 0 0
1386129600 0 0 0 0
1386122400 0 0 0 0
1386115200 0 0 0 0
1386108000 0 0 0 0
1386100800 0 0 0 0
1386093600 0 0 0 0
1386086400 0 0 0 0
1386079200 0 0 0 0
1386072000 0 0 0 0
1386064800 0 0 0 0
1386057600 0 0 0 0
1386050400 0 0 0 0
1386043200 0 0 0 0
1386036000 0 0 0 0
1386028800 0 0 0 0
1386021600 0 0 0 0
1386014400 0 0 0 0
1386007200 0 0 0 0
1386000000 0 0 0 0
1385992800 0 0 0 0
1385985600 0 0 0 0
1385978400 0 0 0 0
1385971200 0 0 0 0
1385964000 0 0 0 0
1385956800 0 0 0 0
1385949600 0 0 0 0
1385942400 0 0 0 0
1385935200 0 0 0 0
1385928000 0 0 0 0
1385920800 0 0 0 0
1385913600 0 0 0 0
1385906400 0 0 0 0
1385899200 0 0 0 0
1385892000 0 0 0 0
1385884800 0 0 0 0
1385877600 0 0 0 0
1385870400 0 0 0 0
1385863200 0 0 0 0
1385856000 0 0 0 0
1385848800 0 0 0 0
1385841600 0 0 0 0
1385834400 0 0 0 0
1385827200 0 0 0 0
1385820000 0 0 0 0
1385812800 0 0 0 0
1385805600 0 0 0 0
1385798400 0 0 0 0
1385791200 0 0 0 0
1385784000 0 0 0 0
1385776800 0 0 0 0
1385769600 0 0 0 0
1385762400 0 0 0 0
1385755200 0 0 0 0
1385748000 0 0 0 0
1385740800 0 0 0 0
1385733600 0 0 0 0
1385726400 0 0 0 0
1385719200 0 0 0 0
1385712000 0 0 0 0
1385704800 0 0 0 0
1385697600 0 0 0 0
1385690400 0 0 0 0
1385683200 0 0 0 0
1385676000 0 0 0 0
1385668800 0 0 0 0
1385661600 0 0 0 0
1385654400 0 0 0 0
1385647200 0 0 0 0
1385640000 0 0 0 0
1385632800 0 0 0 0
1385625600 0 0 0 0
1385618400 0 0 0 0
1385611200 0 0 0 0
1385604000 0 0 0 0
1385596800 0 0 0 0
1385589600 0 0 0 0
1385582400 0 0 0 0
1385575200 0 0 0 0
1385568000 0 0 0 0
1385560800 0 0 0 0
1385553600 0 0 0 0
1385546400 0 0 0 0
1385539200 0 0 0 0
1385532000 0 0 0 0
1385524800 0 0 0 0
1385517600 0 0 0 0
1385510400 0 0 0 0
1385503200 0 0 0 0
1385496000 0 0 0 0
1385488800 0 0 0 0
1385481600 0 0 0 0
1385474400 0 0 0 0
1385467200 0 0 0 0
1385460000 0 0 0 0
1385452800 0 0 0 0
1385445600 0 0 0 0
1385438400 0 0 0 0
1385431200 0 0 0 0
1385424000 0 0 0 0
1385416800 0 0 0 0
1385409600 0 0 0 0
1385402400 0 0 0 0
1385395200 0 0 0 0
1385388000 0 0 0 0
1385380800 0 0 0 0
1385373600 0 0 0 0
1385366400 0 0 0 0
1385359200 0 0 0 0
1385352000 0 0 0 0
1385337600 0 0 0 0
1385251200 0 0 0 0
1385164800 0 0 0 0
1385078400 0 0 0 0
1384992000 0 0 0 0
1384905600 0 0 0 0
1384819200 0 0 0 0
1384732800 0 0 0 0
1384646400 0 0 0 0
1384560000 0 0 0 0
1384473600 0 0 0 0
1384387200 0 0 0 0
1384300800 0 0 0 0
1384214400 0 0 0 0
1384128000 0 0 0 0
1384041600 0 0 0 0
1383955200 0 0 0 0
1383868800 0 0 0 0
1383782400 0 0 0 0
1383696000 0 0 0 0
1383609600 0 0 0 0
1383523200 0 0 0 0
1383436800 0 0 0 0
1383350400 0 0 0 0
1383264000 0 0 0 0
1383177600 0 0 0 0
1383091200 0 0 0 0
1383004800 0 0 0 0
1382918400 0 0 0 0
1382832000 0 0 0 0
1382745600 0 0 0 0
1382659200 0 0 0 0
1382572800 0 0 0 0
1382486400 0 0 0 0
1382400000 0 0 0 0
1382313600 0 0 0 0
1382227200 0 0 0 0
1382140800 0 0 0 0
1382054400 0 0 0 0
1381968000 0 0 0 0
1381881600 0 0 0 0
1381795200 0 0 0 0
1381708800 0 0 0 0
1381622400 0 0 0 0
1381536000 0 0 0 0
1381449600 0 0 0 0
1381363200 0 0 0 0
1381276800 0 0 0 0
1381190400 0 0 0 0
1381104000 0 0 0 0
1381017600 0 0 0 0
1380931200 0 0 0 0
1380844800 0 0 0 0
1380758400 0 0 0 0
1380672000 0 0 0 0
1380585600 0 0 0 0
1380499200 0 0 0 0
1380412800 0 0 0 0
1380326400 0 0 0 0
1380240000 0 0 0 0
1380153600 0 0 0 0
1380067200 0 0 0 0
1379980800 0 0 0 0
1379894400 0 0 0 0
1379808000 0 0 0 0
1379721600 0 0 0 0
1379635200 0 0 0 0
1379548800 0 0 0 0
1379462400 0 0 0 0
1379376000 0 0 0 0
1379289600 0 0 0 0
1379203200 0 0 0 0
1379116800 0 0 0 0
1379030400 0 0 0 0
1378944000 0 0 0 0
1378857600 0 0 0 0
1378771200 0 0 0 0
1378684800 0 0 0 0
1378598400 0 0 0 0
1378512000 0 0 0 0
1378425600 0 0 0 0
1378339200 0 0 0 0
1378252800 0 0 0 0
1378166400 0 0 0 0
1378080000 0 0 0 0
1377993600 0 0 0 0
1377907200 0 0 0 0
1377820800 0 0 0 0
1377734400 0 0 0 0
1377648000 0 0 0 0
1377561600 0 0 0 0
1377475200 0 0 0 0
1377388800 0 0 0 0
1377302400 0 0 0 0
1377216000 0 0 0 0
1377129600 0 0 0 0
1377043200 0 0 0 0
1376956800 0 0 0 0
1376870400 0 0 0 0
1376784000 0 0 0 0
1376697600 0 0 0 0
1376611200 0 0 0 0
1376524800 0 0 0 0
1376438400 0 0 0 0
1376352000 0 0 0 0
1376265600 0 0 0 0
1376179200 0 0 0 0
1376092800 0 0 0 0
1376006400 0 0 0 0
1375920000 0 0 0 0
1375833600 0 0 0 0
1375747200 0 0 0 0
1375660800 0 0 0 0
1375574400 0 0 0 0
1375488000 0 0 0 0
1375401600 0 0 0 0
1375315200 0 0 0 0
1375228800 0 0 0 0
1375142400 0 0 0 0
1375056000 0 0 0 0
1374969600 0 0 0 0
1374883200 0 0 0 0
1374796800 0 0 0 0
1374710400 0 0 0 0
1374624000 0 0 0 0
1374537600 0 0 0 0
1374451200 0 0 0 0
1374364800 0 0 0 0
1374278400 0 0 0 0
1374192000 0 0 0 0
1374105600 0 0 0 0
1374019200 0 0 0 0
1373932800 0 0 0 0
1373846400 0 0 0 0
1373760000 0 0 0 0
1373673600 0 0 0 0
1373587200 0 0 0 0
1373500800 0 0 0 0
1373414400 0 0 0 0
1373328000 0 0 0 0
1373241600 0 0 0 0
1373155200 0 0 0 0
1373068800 0 0 0 0
1372982400 0 0 0 0
1372896000 0 0 0 0
1372809600 0 0 0 0
1372723200 0 0 0 0
1372636800 0 0 0 0
1372550400 0 0 0 0
1372464000 0 0 0 0
1372377600 0 0 0 0
1372291200 0 0 0 0
1372204800 0 0 0 0
1372118400 0 0 0 0
1372032000 0 0 0 0
1371945600 0 0 0 0
1371859200 0 0 0 0
1371772800 0 0 0 0
1371686400 0 0 0 0
1371600000 0 0 0 0
1371513600 0 0 0 0
1371427200 0 0 0 0
1371340800 0 0 0 0
1371254400 0 0 0 0
1371168000 0 0 0 0
1371081600 0 0 0 0
1370995200 0 0 0 0
1370908800 0 0 0 0
1370822400 0 0 0 0
1370736000 0 0 0 0
1370649600 0 0 0 0
1370563200 0 0 0 0
1370476800 0 0 0 0
1370390400 0 0 0 0
1370304000 0 0 0 0
1370217600 0 0 0 0
1370131200 0 0 0 0
1370044800 0 0 0 0
1369958400 0 0 0 0
1369872000 0 0 0 0
1369785600 0 0 0 0
1369699200 0 0 0 0
1369612800 0 0 0 0
1369526400 0 0 0 0
1369440000 0 0 0 0
1369353600 0 0 0 0
1369267200 0 0 0 0
1369180800 0 0 0 0
1369094400 0 0 0 0
1369008000 0 0 0 0
1368921600 0 0 0 0
1368835200 0 0 0 0
1368748800 0 0 0 0
1368662400 0 0 0 0
1368576000 0 0 0 0
1368489600 0 0 0 0
1368403200 0 0 0 0
1368316800 0 0 0 0
1368230400 0 0 0 0
1368144000 0 0 0 0
1368057600 0 0 0 0
1367971200 0 0 0 0
1367884800 0 0 0 0
1367798400 0 0 0 0
1367712000 0 0 0 0
1367625600 0 0 0 0
1367539200 0 0 0 0
1367452800 0 0 0 0
1367366400 0 0 0 0
1367280000 0 0 0 0
1367193600 0 0 0 0
1367107200 0 0 0 0
1367020800 0 0 0 0
1366934400 0 0 0 0
1366848000 0 0 0 0
1366761600 0 0 0 0
1366675200 0 0 0 0
1366588800 0 0 0 0
1366502400 0 0 0 0
1366416000 0 0 0 0
1366329600 0 0 0 0
1366243200 0 0 0 0
1366156800 0 0 0 0
1366070400 0 0 0 0
1365984000 0 0 0 0
1365897600 0 0 0 0
1365811200 0 0 0 0
1365724800 0 0 0 0
1365638400 0 0 0 0
1365552000 0 0 0 0
1365465600 0 0 0 0
1365379200 0 0 0 0
1365292800 0 0 0 0
1365206400 0 0 0 0
1365120000 0 0 0 0
1365033600 0 0 0 0
1364947200 0 0 0 0
1364860800 0 0 0 0
1364774400 0 0 0 0
1364688000 0 0 0 0
1364601600 0 0 0 0
1364515200 0 0 0 0
1364428800 0 0 0 0
1364342400 0 0 0 0
1364256000 0 0 0 0
1364169600 0 0 0 0
1364083200 0 0 0 0
1363996800 0 0 0 0
1363910400 0 0 0 0
1363824000 0 0 0 0
1363737600 0 0 0 0
1363651200 0 0 0 0
1363564800 0 0 0 0
1363478400 0 0 0 0
1363392000 0 0 0 0
1363305600 0 0 0 0
1363219200 0 0 0 0
1363132800 0 0 0 0
1363046400 0 0 0 0
1362960000 0 0 0 0
1362873600 0 0 0 0
1362787200 0 0 0 0
1362700800 0 0 0 0
1362614400 0 0 0 0
1362528000 0 0 0 0
1362441600 0 0 0 0
1362355200 0 0 0 0
1362268800 0 0 0 0
1362182400 0 0 0 0
1362096000 0 0 0 0
1362009600 0 0 0 0
1361923200 0 0 0 0
1361836800 0 0 0 0
1361750400 0 0 0 0
1361664000 0 0 0 0
1361577600 0 0 0 0
1361491200 0 0 0 0
1361404800 0 0 0 0
1361318400 0 0 0 0
1361232000 0 0 0 0
1361145600 0 0 0 0
1361059200 0 0 0 0
1360972800 0 0 0 0
1360886400 0 0 0 0
1360800000 0 0 0 0
1360713600 0 0 0 0
1360627200 0 0 0 0
1360540800 0 0 0 0
1360454400 0 0 0 0
1360368000 0 0 0 0
1360281600 0 0 0 0
1360195200 0 0 0 0
1360108800 0 0 0 0
1360022400 0 0 0 0
1359936000 0 0 0 0
1359849600 0 0 0 0
1359763200 0 0 0 0
1359676800 0 0 0 0
1359590400 0 0 0 0
1359504000 0 0 0 0
1359417600 0 0 0 0
1359331200 0 0 0 0
1359244800 0 0 0 0
1359158400 0 0 0 0
1359072000 0 0 0 0
1358985600 0 0 0 0
1358899200 0 0 0 0
1358812800 0 0 0 0
1358726400 0 0 0 0
1358640000 0 0 0 0
1358553600 0 0 0 0
1358467200 0 0 0 0
1358380800 0 0 0 0
1358294400 0 0 0 0
1358208000 0 0 0 0
1358121600 0 0 0 0
1358035200 0 0 0 0
1357948800 0 0 0 0
1357862400 0 0 0 0
1357776000 0 0 0 0
1357689600 0 0 0 0
1357603200 0 0 0 0
1357516800 0 0 0 0
1357430400 0 0 0 0
1357344000 0 0 0 0
1357257600 0 0 0 0
1357171200 0 0 0 0
1357084800 0 0 0 0
1356998400 0 0 0 0
1356912000 0 0 0 0
1356825600 0 0 0 0
1356739200 0 0 0 0
1356652800 0 0 0 0
1356566400 0 0 0 0
1356480000 0 0 0 0
1356393600 0 0 0 0
1356307200 0 0 0 0
1356220800 0 0 0 0
1356134400 0 0 0 0
1356048000 0 0 0 0
1355961600 0 0 0 0
1355875200 0 0 0 0
1355788800 0 0 0 0
1355702400 0 0 0 0
1355616000 0 0 0 0
1355529600 0 0 0 0
1355443200 0 0 0 0
1355356800 0 0 0 0
1355270400 0 0 0 0
1355184000 0 0 0 0
1355097600 0 0 0 0
1355011200 0 0 0 0
1354924800 0 0 0 0
1354838400 0 0 0 0
1354752000 0 0 0 0
1354665600 0 0 0 0
1354579200 0 0 0 0
1354492800 0 0 0 0
1354406400 0 0 0 0
1354320000 0 0 0 0
1354233600 0 0 0 0
1354147200 0 0 0 0
1354060800 0 0 0 0
1353974400 0 0 0 0
1353888000 0 0 0 0
1353801600 0 0 0 0
1353715200 0 0 0 0
1353628800 0 0 0 0
1353542400 0 0 0 0
1353456000 0 0 0 0
1353369600 0 0 0 0
1353283200 0 0 0 0
1353196800 0 0 0 0
1353110400 0 0 0 0
1353024000 0 0 0 0
1352937600 0 0 0 0
1352851200 0 0 0 0
1352764800 0 0 0 0
1352678400 0 0 0 0
1352592000 0 0 0 0
1352505600 0 0 0 0
1352419200 0 0 0 0
1352332800 0 0 0 0
1352246400 0 0 0 0
1352160000 0 0 0 0
1352073600 0 0 0 0
1351987200 0 0 0 0
1351900800 0 0 0 0
1351814400 0 0 0 0
1351728000 0 0 0 0
1351641600 0 0 0 0
1351555200 0 0 0 0
1351468800 0 0 0 0
1351382400 0 0 0 0
1351296000 0 0 0 0
1351209600 0 0 0 0
1351123200 0 0 0 0
1351036800 0 0 0 0
1350950400 0 0 0 0
1350864000 0 0 0 0
1350777600 0 0 0 0
1350691200 0 0 0 0
1350604800 0 0 0 0
1350518400 0 0 0 0
1350432000 0 0 0 0
1350345600 0 0 0 0
1350259200 0 0 0 0
1350172800 0 0 0 0
1350086400 0 0 0 0
1350000000 0 0 0 0
1349913600 0 0 0 0
1349827200 0 0 0 0
1349740800 0 0 0 0
1349654400 0 0 0 0
1349568000 0 0 0 0
1349481600 0 0 0 0
1349395200 0 0 0 0
1349308800 0 0 0 0
1349222400 0 0 0 0
1349136000 0 0 0 0
1349049600 0 0 0 0
1348963200 0 0 0 0
1348876800 0 0 0 0
1348790400 0 0 0 0
1348704000 0 0 0 0
1348617600 0 0 0 0
1348531200 0 0 0 0
1348444800 0 0 0 0
1348358400 0 0 0 0
1348272000 0 0 0 0
1348185600 0 0 0 0
1348099200 0 0 0 0
1348012800 0 0 0 0
1347926400 0 0 0 0
1347840000 0 0 0 0
1347753600 0 0 0 0
1347667200 0 0 0 0
1347580800 0 0 0 0
1347494400 0 0 0 0
1347408000 0 0 0 0
1347321600 0 0 0 0
1347235200 0 0 0 0
1347148800 0 0 0 0
1347062400 0 0 0 0
1346976000 0 0 0 0
1346889600 0 0 0 0
1346803200 0 0 0 0
1346716800 0 0 0 0
1346630400 0 0 0 0
1346544000 0 0 0 0
1346457600 0 0 0 0
1346371200 0 0 0 0
1346284800 0 0 0 0
1346198400 0 0 0 0
1346112000 0 0 0 0
1346025600 0 0 0 0
1345939200 0 0 0 0
1345852800 0 0 0 0
1345766400 0 0 0 0
1345680000 0 0 0 0
1345593600 0 0 0 0
1345507200 0 0 0 0
1345420800 0 0 0 0
1345334400 0 0 0 0
1345248000 0 0 0 0
1345161600 0 0 0 0
1345075200 0 0 0 0
1344988800 0 0 0 0
1344902400 0 0 0 0
1344816000 0 0 0 0
1344729600 0 0 0 0
1344643200 0 0 0 0
1344556800 0 0 0 0
1344470400 0 0 0 0
1344384000 0 0 0 0
1344297600 0 0 0 0
1344211200 0 0 0 0
1344124800 0 0 0 0
1344038400 0 0 0 0
1343952000 0 0 0 0
1343865600 0 0 0 0
1343779200 0 0 0 0
1343692800 0 0 0 0
1343606400 0 0 0 0
1343520000 0 0 0 0
1343433600 0 0 0 0
1343347200 0 0 0 0
1343260800 0 0 0 0
1343174400 0 0 0 0
1343088000 0 0 0 0
1343001600 0 0 0 0
1342915200 0 0 0 0
1342828800 0 0 0 0
1342742400 0 0 0 0
1342656000 0 0 0 0
1342569600 0 0 0 0
1342483200 0 0 0 0
1342396800 0 0 0 0
1342310400 0 0 0 0
1342224000 0 0 0 0
1342137600 0 0 0 0
1342051200 0 0 0 0
1341964800 0 0 0 0
1341878400 0 0 0 0
1341792000 0 0 0 0
1341705600 0 0 0 0
1341619200 0 0 0 0
1341532800 0 0 0 0
1341446400 0 0 0 0
1341360000 0 0 0 0
1341273600 0 0 0 0
1341187200 0 0 0 0
1341100800 0 0 0 0
1341014400 0 0 0 0
1340928000 0 0 0 0
1340841600 0 0 0 0
1340755200 0 0 0 0
1340668800 0 0 0 0
1340582400 0 0 0 0
1340496000 0 0 0 0
1340409600 0 0 0 0
1340323200 0 0 0 0
1340236800 0 0 0 0
1340150400 0 0 0 0
1340064000 0 0 0 0
1339977600 0 0 0 0
1339891200 0 0 0 0
1339804800 0 0 0 0
1339718400 0 0 0 0
1339632000 0 0 0 0
1339545600 0 0 0 0
1339459200 0 0 0 0
1339372800 0 0 0 0
1339286400 0 0 0 0
1339200000 0 0 0 0
1339113600 0 0 0 0
1339027200 0 0 0 0
1338940800 0 0 0 0
1338854400 0 0 0 0
1338768000 0 0 0 0
1338681600 0 0 0 0
1338595200 0 0 0 0
1338508800 0 0 0 0
1338422400 0 0 0 0
1338336000 0 0 0 0
1338249600 0 0 0 0
1338163200 0 0 0 0
1338076800 0 0 0 0
1337990400 0 0 0 0
1337904000 0 0 0 0
1337817600 0 0 0 0
1337731200 0 0 0 0
1337644800 0 0 0 0
1337558400 0 0 0 0
1337472000 0 0 0 0
1337385600 0 0 0 0
1337299200 0 0 0 0
1337212800 0 0 0 0
1337126400 0 0 0 0
1337040000 0 0 0 0
1336953600 0 0 0 0
1336867200 0 0 0 0
1336780800 0 0 0 0
1336694400 0 0 0 0
1336608000 0 0 0 0
1336521600 0 0 0 0
1336435200 0 0 0 0
1336348800 0 0 0 0
1336262400 0 0 0 0
1336176000 0 0 0 0
1336089600 0 0 0 0
1336003200 0 0 0 0
1335916800 0 0 0 0
1335830400 0 0 0 0
1335744000 0 0 0 0
1335657600 0 0 0 0
1335571200 0 0 0 0
1335484800 0 0 0 0
1335398400 0 0 0 0
1335312000 0 0 0 0
1335225600 0 0 0 0
1335139200 0 0 0 0
1335052800 0 0 0 0
1334966400 0 0 0 0
1334880000 0 0 0 0
1334793600 0 0 0 0
1334707200 0 0 0 0
1334620800 0 0 0 0
1334534400 0 0 0 0
1334448000 0 0 0 0
1334361600 0 0 0 0
1334275200 0 0 0 0
1334188800 0 0 0 0
1334102400 0 0 0 0
1334016000 0 0 0 0
1333929600 0 0 0 0
1333843200 0 0 0 0
1333756800 0 0 0 0
1333670400 0 0 0 0
1333584000 0 0 0 0
1333497600 0 0 0 0
1333411200 0 0 0 0
1333324800 0 0 0 0
1333238400 0 0 0 0
1333152000 0 0 0 0
1333065600 0 0 0 0
1332979200 0 0 0 0
1332892800 0 0 0 0
1332806400 0 0 0 0
1332720000 0 0 0 0
1332633600 0 0 0 0
1332547200 0 0 0 0
1332460800 0 0 0 0
1332374400 0 0 0 0
1332288000 0 0 0 0
1332201600 0 0 0 0
1332115200 0 0 0 0
1332028800 0 0 0 0
1331942400 0 0 0 0
1331856000 0 0 0 0
1331769600 0 0 0 0
1331683200 0 0 0 0
1331596800 0 0 0 0
1331510400 0 0 0 0
1331424000 0 0 0 0
1331337600 0 0 0 0
1331251200 0 0 0 0
1331164800 0 0 0 0
1331078400 0 0 0 0
1330992000 0 0 0 0
1330905600 0 0 0 0
1330819200 0 0 0 0
1330732800 0 0 0 0
1330646400 0 0 0 0
1330560000 0 0 0 0
1330473600 0 0 0 0
1330387200 0 0 0 0
1330300800 0 0 0 0
1330214400 0 0 0 0
1330128000 0 0 0 0
1330041600 0 0 0 0
1329955200 0 0 0 0
1329868800 0 0 0 0
1329782400 0 0 0 0
1329696000 0 0 0 0
1329609600 0 0 0 0
1329523200 0 0 0 0
1329436800 0 0 0 0
1329350400 0 0 0 0
1329264000 0 0 0 0
1329177600 0 0 0 0
1329091200 0 0 0 0
1329004800 0 0 0 0
1328918400 0 0 0 0
1328832000 0 0 0 0
1328745600 0 0 0 0
1328659200 0 0 0 0
1328572800 0 0 0 0
1328486400 0 0 0 0
1328400000 0 0 0 0
1328313600 0 0 0 0
1328227200 0 0 0 0
1328140800 0 0 0 0
1328054400 0 0 0 0
1327968000 0 0 0 0
1327881600 0 0 0 0
1327795200 0 0 0 0
1327708800 0 0 0 0
1327622400 0 0 0 0
1327536000 0 0 0 0
1327449600 0 0 0 0
1327363200 0 0 0 0
1327276800 0 0 0 0
1327190400 0 0 0 0
1327104000 0 0 0 0
1327017600 0 0 0 0
1326931200 0 0 0 0
1326844800 0 0 0 0
1326758400 0 0 0 0
1326672000 0 0 0 0
1326585600 0 0 0 0
1326499200 0 0 0 0
1326412800 0 0 0 0
1326326400 0 0 0 0
1326240000 0 0 0 0
1326153600 0 0 0 0
1326067200 0 0 0 0
1325980800 0 0 0 0
1325894400 0 0 0 0
1325808000 0 0 0 0
1325721600 0 0 0 0
1325635200 0 0 0 0
1325548800 0 0 0 0
1325462400 0 0 0 0
1325376000 0 0 0 0
1325289600 0 0 0 0
1325203200 0 0 0 0
1325116800 0 0 0 0
1325030400 0 0 0 0
1324944000 0 0 0 0
1324857600 0 0 0 0
1324771200 0 0 0 0
1324684800 0 0 0 0
1324598400 0 0 0 0
1324512000 0 0 0 0
1324425600 0 0 0 0
1324339200 0 0 0 0
1324252800 0 0 0 0
1324166400 0 0 0 0
1324080000 0 0 0 0
1323993600 0 0 0 0
1323907200 0 0 0 0
1323820800 0 0 0 0
1323734400 0 0 0 0
1323648000 0 0 0 0
1323561600 0 0 0 0
1323475200 0 0 0 0
1323388800 0 0 0 0
1323302400 0 0 0 0
1323216000 0 0 0 0
1323129600 0 0 0 0
1323043200 0 0 0 0
1322956800 0 0 0 0
1322870400 0 0 0 0
1322784000 0 0 0 0
1322697600 0 0 0 0
1322611200 0 0 0 0
1322524800 0 0 0 0
1322438400 0 0 0 0
1322352000 0 0 0 0
1322265600 0 0 0 0
1322179200 0 0 0 0
