1397587484 0 14404
1397587484 0 2 0 2
1397587463 0 1 0 11
1397587200 0 0 0 9
1397586900 0 0 0 14
1397586600 0 2 0 11
1397586300 0 0 0 7
1397586000 0 4 0 14
1397585700 0 7 0 11
1397585400 0 5 0 18
1397585100 0 4 0 19
1397584800 0 0 0 7
1397584500 0 0 0 7
1397584200 0 0 0 7
1397583900 0 0 0 7
1397583600 0 0 0 7
1397583300 0 0 0 9
1397583000 0 0 0 7
1397582700 0 0 0 7
1397582400 0 4 0 11
1397582100 0 6 0 18
1397581800 0 5 0 14
1397581500 0 0 1 7
1397581200 0 0 1 7
1397580900 0 0 0 7
1397580600 0 0 0 11
1397580300 0 0 0 5
1397580000 0 0 0 5
1397579700 0 0 0 14
1397579400 0 0 0 7
1397579100 0 0 0 7
1397578800 0 4 0 14
1397578500 0 6 0 14
1397578200 0 5 0 14
1397577900 0 0 0 7
1397577600 0 0 0 7
1397577300 0 0 0 8
1397577000 0 0 0 8
1397576700 0 0 0 7
1397576400 0 0 0 11
1397576100 0 0 0 14
1397575800 0 0 0 7
1397575500 0 0 0 7
1397575200 0 4 0 12
1397574900 0 6 0 16
1397574600 0 5 0 14
1397574300 0 6 0 25
1397574000 0 0 0 8
1397573700 0 0 0 7
1397573400 0 0 0 7
1397573100 0 0 0 7
1397572800 20 0 63 2
1397572500 58 2 63 2
1397572200 0 0 0 7
1397571900 0 0 0 14
1397571600 0 4 0 18
1397571300 0 5 0 18
1397571000 0 6 0 18
1397570700 0 0 0 7
1397570400 0 0 0 14
1397570100 0 0 0 11
1397569800 0 0 0 7
1397569500 0 0 0 7
1397569200 0 0 0 7
1397568900 0 0 0 11
1397568600 0 0 0 7
1397568300 0 0 0 7
1397568000 0 5 0 14
1397567700 0 6 0 14
1397567400 0 5 0 14
1397567100 0 0 0 7
1397566800 0 0 0 8
1397566500 0 0 0 8
1397566200 0 0 0 12
1397565900 0 0 0 7
1397565600 0 0 0 11
1397565300 0 0 0 11
1397565000 0 0 0 7
1397564700 0 0 0 7
1397564400 0 5 0 14
1397564100 0 5 0 14
1397563800 0 5 0 14
1397563500 0 11 0 36
1397563200 0 12 0 36
1397562900 0 0 0 5
1397562600 0 0 0 7
1397562300 0 1 0 14
1397562000 0 1 0 21
1397561700 0 8 0 23
1397561400 0 1 0 14
1397561100 0 0 0 0
1397560800 0 0 0 0
1397560500 0 0 0 0
1397560200 0 0 0 0
1397559900 0 0 0 0
1397559600 0 0 0 0
1397559300 0 0 0 0
1397559000 0 0 0 0
1397558700 0 0 0 0
1397558400 0 0 0 0
1397558100 0 0 0 0
1397557800 0 0 0 0
1397557500 0 0 0 0
1397557200 0 0 0 0
1397556900 0 0 0 0
1397556600 0 0 0 0
1397556300 0 0 0 0
1397556000 0 0 0 0
1397555700 0 0 0 0
1397555400 0 0 0 0
1397555100 0 0 0 0
1397554800 0 0 0 0
1397554500 0 0 0 0
1397554200 0 0 0 0
1397553900 0 0 0 0
1397553600 0 0 0 0
1397553300 0 0 0 0
1397553000 0 0 0 0
1397552700 0 0 0 0
1397552400 0 0 0 0
1397552100 0 0 0 0
1397551800 0 0 0 0
1397551500 0 0 0 0
1397551200 0 0 0 0
1397550900 0 0 0 0
1397550600 0 0 0 0
1397550300 0 0 0 0
1397550000 0 0 0 0
1397549700 0 0 0 0
1397549400 0 0 0 0
1397549100 0 0 0 0
1397548800 0 0 0 0
1397548500 0 0 0 0
1397548200 0 0 0 0
1397547900 0 0 0 0
1397547600 0 0 0 0
1397547300 0 0 0 0
1397547000 0 0 0 0
1397546700 0 0 0 0
1397546400 0 0 0 0
1397546100 0 0 0 0
1397545800 0 0 0 0
1397545500 0 0 0 0
1397545200 0 0 0 0
1397544900 0 0 0 0
1397544600 0 0 0 0
1397544300 0 0 0 0
1397544000 0 0 0 0
1397543700 0 0 0 0
1397543400 0 0 0 0
1397543100 0 0 0 0
1397542800 0 0 0 0
1397542500 0 0 0 0
1397542200 0 0 0 0
1397541900 0 0 0 0
1397541600 0 0 0 0
1397541300 0 0 0 0
1397541000 0 0 0 0
1397540700 0 0 0 0
1397540400 0 0 0 0
1397540100 0 0 0 0
1397539800 0 0 0 0
1397539500 0 0 0 0
1397539200 0 0 0 0
1397538900 0 0 0 0
1397538600 0 0 0 0
1397538300 0 0 0 0
1397538000 0 0 0 0
1397537700 0 0 0 0
1397537400 0 0 0 0
1397537100 0 0 0 0
1397536800 0 0 0 0
1397536500 0 0 0 0
1397536200 0 0 0 0
1397535900 0 0 0 0
1397535600 0 0 0 0
1397535300 0 0 0 0
1397535000 0 0 0 0
1397534700 0 0 0 0
1397534400 0 0 0 0
1397534100 0 0 0 0
1397533800 0 0 0 0
1397533500 0 0 0 0
1397533200 0 0 0 0
1397532900 0 0 0 0
1397532600 0 0 0 0
1397532300 0 0 0 0
1397532000 0 0 0 0
1397531700 0 0 0 0
1397531400 0 0 0 0
1397531100 0 0 0 0
1397530800 0 0 0 0
1397530500 0 0 0 0
1397530200 0 0 0 0
1397529900 0 0 0 0
1397529600 0 0 0 0
1397529300 0 0 0 0
1397529000 0 0 0 0
1397528700 0 0 0 0
1397528400 0 0 0 0
1397528100 0 0 0 0
1397527800 0 0 0 0
1397527500 0 0 0 0
1397527200 0 0 0 0
1397526900 0 0 0 0
1397526600 0 0 0 0
1397526300 0 0 0 0
1397526000 0 0 0 0
1397525700 0 0 0 0
1397525400 0 0 0 0
1397525100 0 0 0 0
1397524800 0 0 0 0
1397524500 0 0 0 0
1397524200 0 0 0 0
1397523900 0 0 0 0
1397523600 0 0 0 0
1397523300 0 0 0 0
1397523000 0 0 0 0
1397522700 0 0 0 0
1397522400 0 0 0 0
1397522100 0 0 0 0
1397521800 0 0 0 0
1397521500 0 0 0 0
1397521200 0 0 0 0
1397520900 0 0 0 0
1397520600 0 0 0 0
1397520300 0 0 0 0
1397520000 0 0 0 0
1397519700 0 0 0 7
1397519400 0 0 0 7
1397519100 0 0 0 7
1397518800 0 0 0 14
1397518500 0 0 0 7
1397518200 0 0 0 7
1397517900 0 0 0 7
1397517600 0 5 0 13
1397517300 0 4 0 12
1397517000 0 5 0 14
1397516700 0 0 0 7
1397516400 0 0 0 7
1397516100 0 0 0 7
1397515800 0 0 0 7
1397515500 0 0 0 7
1397515200 0 1 0 11
1397514900 0 0 0 5
1397514600 0 0 0 7
1397514300 0 0 0 7
1397514000 0 4 0 12
1397513700 0 5 0 14
1397513400 0 4 0 14
1397513100 0 0 0 7
1397512800 0 0 0 7
1397512500 0 0 0 7
1397512200 0 0 0 5
1397511900 0 0 0 7
1397511600 0 0 0 9
1397511300 0 0 0 7
1397511000 0 0 0 7
1397510700 0 0 0 7
1397510400 0 3 0 14
1397510100 0 6 0 24
1397509800 0 14 0 30
1397509500 0 0 0 7
1397509200 0 0 0 7
1397508900 0 0 0 7
1397508600 0 0 0 5
1397508300 0 0 0 9
1397508000 0 0 0 9
1397507700 0 0 0 7
1397507400 0 0 0 7
1397507100 0 0 0 7
1397506800 0 4 0 14
1397506500 0 6 0 14
1397506200 0 5 0 14
1397505900 0 0 0 8
1397505600 0 0 0 7
1397505300 0 0 0 7
1397505000 0 0 0 7
1397504700 0 0 0 5
1397504400 0 0 0 14
1397504100 0 0 0 7
1397503800 0 0 0 7
1397503500 0 0 0 7
1397503200 0 4 0 14
1397502900 0 5 0 14
1397502600 0 5 0 14
1397502300 0 0 0 7
1397502000 0 0 0 7
1397501700 0 0 0 7
1397501400 0 0 0 7
1397501100 0 0 0 7
1397500800 0 0 0 9
1397500500 0 0 0 7
1397500200 0 0 0 7
1397499900 0 0 0 7
1397499600 0 4 0 14
1397499300 0 5 0 14
1397499000 0 15 0 40
1397498700 0 1 0 25
1397498400 0 0 0 7
1397498100 0 0 0 11
1397497800 0 0 0 7
1397497500 0 0 0 11
1397497200 0 2 0 14
1397496900 0 1 0 13
1397496600 0 0 0 7
1397496300 0 0 0 7
1397496000 0 6 0 16
1397495700 0 4 0 14
1397495400 0 5 0 14
1397495100 0 0 1 5
1397494800 0 0 0 7
1397494500 0 0 0 7
1397494200 0 0 0 11
1397493900 0 0 0 11
1397493600 0 0 0 9
1397493300 0 0 0 11
1397493000 0 0 0 7
1397492700 0 0 0 11
1397492400 0 4 0 14
1397492100 0 6 0 14
1397491800 0 5 0 14
1397491500 0 0 0 8
1397491200 0 0 0 7
1397490900 0 0 0 7
1397490600 0 0 0 7
1397490300 0 0 0 7
1397490000 0 0 0 7
1397489700 0 4 0 16
1397489400 0 0 0 7
1397489100 0 0 0 7
1397488800 0 4 0 21
1397488500 0 7 0 14
1397488200 0 6 0 25
1397487900 0 10 1 24
1397487600 0 0 1 7
1397487300 0 0 0 11
1397487000 0 0 0 11
1397486700 0 0 0 11
1397486400 0 0 0 9
1397486100 0 0 0 9
1397485800 0 0 0 11
1397485500 0 0 0 7
1397485200 0 3 0 14
1397484900 0 6 0 21
1397484600 0 6 0 14
1397484300 0 0 1 9
1397484000 0 0 0 9
1397483700 0 0 0 7
1397483400 0 0 0 11
1397483100 0 0 0 7
1397482800 0 0 0 7
1397482500 0 0 0 11
1397482200 0 0 0 7
1397481900 0 0 0 7
1397481600 0 6 0 14
1397481300 0 3 0 14
1397481000 0 4 0 16
1397480700 0 0 0 7
1397480400 0 0 0 7
1397480100 0 0 0 9
1397479800 0 0 0 7
1397479500 0 0 0 9
1397479200 0 0 0 7
1397478900 0 0 0 14
1397478600 0 0 0 7
1397478300 0 0 0 7
1397478000 0 5 0 14
1397477700 0 5 0 14
1397477400 0 5 0 14
1397477100 22 6 66 21
1397476800 2 3 66 21
1397476500 0 0 0 7
1397476200 0 0 0 11
1397475900 0 0 0 7
1397475600 0 0 0 16
1397475300 0 1 0 14
1397475000 0 0 0 10
1397474700 0 0 0 0
1397474400 0 0 0 0
1397474100 0 0 0 0
1397473800 0 0 0 0
1397473500 0 0 0 0
1397473200 0 0 0 0
1397472900 0 0 0 0
1397472600 0 0 0 0
1397472300 0 0 0 0
1397472000 0 0 0 0
1397471700 0 0 0 0
1397471400 0 0 0 0
1397471100 0 0 0 0
1397470800 0 0 0 0
1397470500 0 0 0 0
1397470200 0 0 0 0
1397469900 0 0 0 0
1397469600 0 0 0 0
1397469300 0 0 0 0
1397469000 0 0 0 0
1397468700 0 0 0 0
1397468400 0 0 0 0
1397468100 0 0 0 0
1397467800 0 0 0 0
1397467500 0 0 0 0
1397467200 0 0 0 0
1397466900 0 0 0 0
1397466600 0 0 0 0
1397466300 0 0 0 0
1397466000 0 0 0 0
1397465700 0 0 0 0
1397465400 0 0 0 0
1397465100 0 0 0 0
1397464800 0 0 0 0
1397464500 0 0 0 0
1397464200 0 0 0 0
1397463900 0 0 0 0
1397463600 0 0 0 0
1397463300 0 0 0 0
1397463000 0 0 0 0
1397462700 0 0 0 0
1397462400 0 0 0 0
1397462100 0 0 0 0
1397461800 0 0 0 0
1397461500 0 0 0 0
1397461200 0 0 0 0
1397460900 0 0 0 0
1397460600 0 0 0 0
1397460300 0 0 0 0
1397460000 0 0 0 0
1397459700 0 0 0 0
1397459400 0 0 0 0
1397459100 0 0 0 0
1397458800 0 0 0 0
1397458500 0 0 0 0
1397458200 0 0 0 0
1397457900 0 0 0 0
1397457600 0 0 0 0
1397457300 0 0 0 0
1397457000 0 0 0 0
1397456700 0 0 0 0
1397456400 0 0 0 0
1397456100 0 0 0 0
1397455800 0 0 0 0
1397455500 0 0 0 0
1397455200 0 0 0 0
1397454900 0 0 0 0
1397454600 0 0 0 0
1397454300 0 0 0 0
1397454000 0 0 0 0
1397453700 0 0 0 0
1397453400 0 0 0 0
1397453100 0 0 0 0
1397452800 0 0 0 0
1397452500 0 0 0 0
1397452200 0 0 0 0
1397451900 0 0 0 0
1397451600 0 0 0 0
1397451300 0 0 0 0
1397451000 0 0 0 0
1397450700 0 0 0 0
1397450400 0 0 0 0
1397450100 0 0 0 0
1397449800 0 0 0 0
1397449500 0 0 0 0
1397449200 0 0 0 0
1397448900 0 0 0 0
1397448600 0 0 0 0
1397448300 0 0 0 0
1397448000 0 0 0 0
1397447700 0 0 0 0
1397447400 0 0 0 0
1397447100 0 0 0 0
1397446800 0 0 0 0
1397446500 0 0 0 0
1397446200 0 0 0 0
1397445900 0 0 0 0
1397445600 0 0 0 0
1397445300 0 0 0 0
1397445000 0 0 0 0
1397444700 0 0 0 0
1397444400 0 0 0 0
1397444100 0 0 0 0
1397443800 0 0 0 0
1397443500 0 0 0 0
1397443200 0 0 0 0
1397442900 0 0 0 0
1397442600 0 0 0 0
1397442300 0 0 0 0
1397442000 0 0 0 0
1397441700 0 0 0 0
1397441400 0 0 0 0
1397441100 0 0 0 0
1397440800 0 0 0 0
1397440500 0 0 0 0
1397440200 0 0 0 0
1397439900 0 0 0 0
1397439600 0 0 0 0
1397439300 0 0 0 0
1397439000 0 0 0 0
1397438700 0 0 0 0
1397438400 0 0 0 0
1397438100 0 0 0 0
1397437800 0 0 0 0
1397437500 0 0 0 0
1397437200 0 0 0 0
1397436900 0 0 0 0
1397436600 0 0 0 0
1397436300 0 0 0 0
1397436000 0 0 0 0
1397435700 0 0 0 0
1397435400 0 0 0 0
1397435100 0 0 0 0
1397434800 0 0 0 0
1397434500 0 0 0 0
1397434200 0 0 0 0
1397433900 0 0 0 0
1397433600 0 0 0 0
1397433300 0 0 0 0
1397433000 0 0 0 0
1397432700 0 0 0 0
1397432400 0 0 0 0
1397432100 0 0 0 0
1397431800 0 0 0 0
1397431500 0 0 0 0
1397431200 0 0 0 0
1397430900 0 0 0 0
1397430600 0 0 0 0
1397430300 0 0 0 0
1397430000 0 0 0 0
1397429700 0 0 0 0
1397429400 0 0 0 0
1397429100 0 0 0 0
1397428800 0 0 0 0
1397428500 0 0 0 0
1397428200 0 0 0 0
1397427900 0 0 0 0
1397427600 0 0 0 0
1397427300 0 0 0 0
1397427000 0 0 0 0
1397426700 0 0 0 0
1397426400 0 0 0 0
1397426100 0 0 0 0
1397425800 0 0 0 0
1397425500 0 0 0 0
1397425200 0 0 0 0
1397424900 0 0 0 0
1397424600 0 0 0 0
1397424300 0 0 0 0
1397424000 0 0 0 0
1397423700 0 0 0 0
1397423400 0 0 0 0
1397423100 0 0 0 0
1397422800 0 0 0 0
1397422500 0 0 0 0
1397422200 0 0 0 0
1397421900 0 0 0 0
1397421600 0 0 0 0
1397421300 0 0 0 0
1397421000 0 0 0 0
1397420700 0 0 0 0
1397420400 0 0 0 0
1397420100 0 0 0 0
1397419800 0 0 0 0
1397419500 0 0 0 0
1397419200 0 0 0 0
1397418900 0 0 0 0
1397418600 0 0 0 0
1397418300 0 0 0 0
1397418000 0 0 0 0
1397417700 0 0 0 0
1397417400 0 0 0 0
1397417100 0 0 0 0
1397416800 0 0 0 0
1397416500 0 0 0 0
1397416200 0 0 0 0
1397415900 0 0 0 0
1397415600 0 0 0 0
1397415300 0 0 0 0
1397415000 0 0 0 0
1397414700 0 0 0 0
1397414400 0 0 0 0
1397414100 0 0 0 0
1397413800 0 0 0 0
1397413500 0 0 0 0
1397413200 0 0 0 0
1397412900 0 0 0 0
1397412600 0 0 0 0
1397412300 0 0 0 0
1397412000 0 0 0 0
1397411700 0 0 0 0
1397411400 0 0 0 0
1397411100 0 0 0 0
1397410800 0 0 0 0
1397410500 0 0 0 0
1397410200 0 0 0 0
1397409900 0 0 0 0
1397409600 0 0 0 0
1397409300 0 0 0 0
1397409000 0 0 0 0
1397408700 0 0 0 0
1397408400 0 0 0 0
1397408100 0 0 0 0
1397407800 0 0 0 0
1397407500 0 0 0 0
1397406600 0 0 0 0
1397404800 0 0 0 0
1397403000 0 0 0 0
1397401200 0 0 0 0
1397399400 0 0 0 0
1397397600 0 0 0 0
1397395800 0 0 0 0
1397394000 0 0 0 0
1397392200 0 0 0 0
1397390400 0 0 0 0
1397388600 0 0 0 0
1397386800 0 0 0 0
1397385000 0 0 0 0
1397383200 0 0 0 0
1397381400 0 0 0 0
1397379600 0 0 0 0
1397377800 0 0 0 0
1397376000 0 0 0 0
1397374200 0 0 0 0
1397372400 0 0 0 0
1397370600 0 0 0 0
1397368800 0 0 0 0
1397367000 0 0 0 0
1397365200 0 0 0 0
1397363400 0 0 0 0
1397361600 0 0 0 0
1397359800 0 0 0 0
1397358000 0 0 0 0
1397356200 0 0 0 0
1397354400 0 0 0 0
1397352600 0 0 0 0
1397350800 0 0 0 0
1397349000 0 0 0 0
1397347200 0 0 0 0
1397345400 0 0 0 0
1397343600 0 0 0 0
1397341800 0 0 0 0
1397340000 0 0 0 0
1397338200 0 0 0 0
1397336400 0 0 0 0
1397334600 0 0 0 0
1397332800 0 0 0 0
1397331000 0 0 0 0
1397329200 0 0 0 0
1397327400 0 0 0 0
1397325600 0 0 0 0
1397323800 0 0 0 0
1397322000 0 0 0 0
1397320200 0 0 0 0
1397318400 0 0 0 0
1397316600 0 0 0 0
1397314800 0 0 0 0
1397313000 0 0 0 0
1397311200 0 0 0 0
1397309400 0 0 0 0
1397307600 0 0 0 0
1397305800 0 0 0 0
1397304000 0 0 0 0
1397302200 0 0 0 0
1397300400 0 0 0 0
1397298600 0 0 0 0
1397296800 0 0 0 0
1397295000 0 0 0 0
1397293200 0 0 0 0
1397291400 0 0 0 0
1397289600 0 0 0 0
1397287800 0 0 0 0
1397286000 0 0 0 0
1397284200 0 0 0 0
1397282400 0 0 0 0
1397280600 0 0 0 0
1397278800 0 0 0 0
1397277000 0 0 0 0
1397275200 0 0 0 0
1397273400 0 0 0 0
1397271600 0 0 0 0
1397269800 0 0 0 0
1397268000 0 0 0 0
1397266200 0 0 0 0
1397264400 0 0 0 0
1397262600 0 0 0 0
1397260800 0 0 0 7
1397259000 0 1 0 14
1397257200 0 0 0 11
1397255400 0 0 0 14
1397253600 0 0 0 14
1397251800 0 3 0 34
1397250000 0 0 0 14
1397248200 0 1 0 14
1397246400 0 0 0 9
1397244600 0 1 0 14
1397242800 0 0 0 9
1397241000 0 3 0 29
1397239200 0 0 0 14
1397237400 0 2 0 18
1397235600 0 0 0 11
1397233800 0 1 0 18
1397232000 0 2 0 26
1397230200 0 2 0 16
1397228400 0 0 0 9
1397226600 0 1 0 21
1397224800 0 0 0 7
1397223000 0 1 0 22
1397221200 0 0 0 32
1397219400 0 3 0 27
1397217600 0 0 0 9
1397215800 0 1 0 16
1397214000 0 0 0 7
1397212200 0 1 0 18
1397210400 0 0 0 25
1397208600 0 2 0 17
1397206800 0 0 0 7
1397205000 0 1 0 17
1397203200 0 0 0 7
1397201400 0 1 0 14
1397199600 0 0 0 34
1397197800 0 1 0 21
1397196000 0 0 0 9
1397194200 0 2 0 17
1397192400 0 0 0 9
1397190600 0 1 0 16
1397188800 0 0 0 34
1397187000 0 1 0 16
1397185200 0 0 0 10
1397183400 0 2 0 18
1397181600 0 0 0 8
1397179800 0 0 0 16
1397178000 0 0 0 27
1397176200 0 1 0 18
1397174400 0 0 0 8
1397172600 0 1 0 17
1397170800 0 0 0 7
1397169000 0 1 0 16
1397167200 0 6 0 335
1397165400 0 1 0 16
1397163600 0 0 0 7
1397161800 0 1 0 18
1397160000 0 0 0 8
1397158200 0 1 0 14
1397156400 0 0 0 36
1397154600 0 2 0 18
1397152800 0 0 0 14
1397151000 0 1 0 14
1397149200 0 0 0 14
1397147400 0 2 0 14
1397145600 0 0 0 11
1397143800 0 3 0 31
1397142000 0 0 0 13
1397140200 0 0 0 14
1397138400 0 0 0 9
1397136600 0 1 0 14
1397134800 0 0 0 9
1397133000 0 4 0 37
1397131200 0 0 0 16
1397129400 0 0 0 0
1397127600 0 0 0 0
1397125800 0 0 0 0
1397124000 0 0 0 0
1397122200 0 0 0 0
1397120400 0 0 0 0
1397118600 0 0 0 0
1397116800 0 0 0 0
1397115000 0 0 0 0
1397113200 0 0 0 0
1397111400 0 0 0 0
1397109600 0 0 0 0
1397107800 0 0 0 0
1397106000 0 0 0 0
1397104200 0 0 0 0
1397102400 0 0 0 0
1397100600 0 0 0 0
1397098800 0 0 0 0
1397097000 0 0 0 0
1397095200 0 0 0 0
1397093400 0 0 0 0
1397091600 0 0 0 0
1397089800 0 0 0 0
1397088000 0 0 0 9
1397086200 0 1 0 14
1397084400 0 0 0 14
1397082600 0 1 0 14
1397080800 0 0 0 9
1397079000 0 3 0 26
1397077200 0 0 0 10
1397075400 0 1 0 14
1397073600 0 0 0 12
1397071800 0 1 0 14
1397070000 0 0 0 14
1397068200 0 1 32 30
1397066400 0 1 32 25
1397064600 0 0 0 14
1397062800 0 0 0 9
1397061000 0 0 0 12
1397059200 0 0 0 11
1397057400 0 1 0 29
1397055600 0 0 0 7
1397053800 0 0 0 7
1397052000 0 0 0 14
1397050200 0 0 0 14
1397048400 0 0 0 14
1397046600 0 3 0 33
1397044800 0 0 0 14
1397043000 0 0 0 0
1397041200 0 0 0 0
1397039400 0 0 0 0
1397037600 0 0 0 0
1397035800 0 0 0 0
1397034000 0 0 0 0
1397032200 0 0 0 0
1397030400 0 0 0 0
1397028600 0 0 0 0
1397026800 0 0 0 0
1397025000 0 0 0 0
1397023200 0 0 0 0
1397021400 0 0 0 0
1397019600 0 0 0 0
1397017800 0 0 0 0
1397016000 0 0 0 0
1397014200 0 0 0 0
1397012400 0 0 0 0
1397010600 0 0 0 0
1397008800 0 0 0 0
1397007000 0 0 0 0
1397005200 0 0 0 0
1397003400 0 0 0 0
1397001600 0 0 0 7
1396999800 0 0 0 14
1396998000 0 0 0 0
1396996200 0 0 0 0
1396994400 0 0 0 30
1396992600 0 0 0 14
1396990800 0 0 0 7
1396989000 0 3 0 162
1396987200 0 0 0 7
1396985400 0 0 0 14
1396983600 0 0 0 38
1396981800 0 1 0 14
1396980000 0 0 0 14
1396978200 0 0 0 14
1396976400 0 0 0 12
1396974600 0 0 0 12
1396972800 0 0 0 14
1396971000 0 0 0 32
1396969200 0 0 0 14
1396967400 0 0 0 14
1396965600 0 0 0 14
1396963800 0 0 0 14
1396962000 0 0 0 14
1396960200 0 2 0 26
1396958400 0 0 0 19
1396956600 0 0 0 14
1396954800 0 0 0 15
1396953000 0 0 0 12
1396951200 0 0 0 19
1396949400 0 0 0 12
1396947600 0 2 0 35
1396945800 0 0 0 14
1396944000 0 0 0 14
1396942200 0 0 0 10
1396940400 0 0 0 14
1396938600 0 0 0 12
1396936800 0 1 0 35
1396935000 0 0 0 15
1396933200 0 0 0 12
1396931400 0 0 0 9
1396929600 0 0 0 14
1396927800 0 0 0 14
1396926000 0 1 0 34
1396924200 0 0 0 14
1396922400 0 0 0 14
1396920600 0 0 0 14
1396918800 0 1 0 14
1396917000 0 0 0 13
1396915200 0 1 0 43
1396913400 0 0 0 14
1396911600 0 1 0 14
1396909800 0 0 0 12
1396908000 0 0 0 14
1396906200 0 0 0 9
1396904400 0 1 0 34
1396902600 0 0 0 14
1396900800 0 0 0 14
1396899000 0 0 0 12
1396897200 0 0 0 14
1396895400 0 0 0 12
1396893600 0 9 0 87
1396891800 0 0 0 14
1396890000 0 0 0 18
1396888200 0 0 0 12
1396886400 0 0 0 29
1396884600 0 1 0 29
1396882800 0 1 0 38
1396881000 392 18 6225 267
1396879200 17 1 6225 267
1396877400 0 0 0 7
1396875600 0 0 0 14
1396873800 0 2 0 115
1396872000 0 1 0 14
1396870200 0 1 0 33
1396868400 0 0 0 12
1396866600 0 0 0 12
1396864800 0 0 0 14
1396863000 0 0 0 12
1396861200 0 0 0 13
1396859400 0 1 0 28
1396857600 0 0 0 14
1396855800 0 0 0 13
1396854000 0 0 0 14
1396852200 0 0 0 14
1396850400 0 0 0 14
1396848600 0 0 0 26
1396846800 0 0 0 14
1396845000 0 0 0 15
1396843200 0 0 0 17
1396841400 0 0 0 14
1396839600 0 0 0 19
1396837800 0 1 0 34
1396836000 0 0 0 14
1396834200 0 0 0 12
1396832400 0 0 0 17
1396830600 0 0 0 14
1396828800 0 0 0 14
1396827000 0 0 0 33
1396825200 0 0 0 12
1396823400 0 0 0 14
1396821600 0 0 0 14
1396819800 0 0 0 13
1396818000 0 0 0 14
1396816200 0 1 0 32
1396814400 0 0 0 15
1396812600 0 0 0 12
1396810800 0 0 0 15
1396809000 0 0 0 12
1396807200 0 0 0 21
1396805400 0 0 0 29
1396803600 0 0 0 15
1396801800 0 0 0 8
1396800000 0 0 0 14
1396798200 0 0 0 14
1396796400 0 0 0 15
1396794600 0 0 0 32
1396792800 0 0 0 14
1396791000 0 0 0 14
1396789200 0 0 0 14
1396787400 0 0 0 14
1396785600 0 0 0 14
1396783800 0 0 0 29
1396782000 0 0 0 14
1396780200 0 0 0 10
1396778400 0 0 0 14
1396776600 0 0 0 14
1396774800 0 0 0 14
1396773000 0 0 0 16
1396771200 0 2 0 35
1396769400 0 0 0 12
1396767600 0 0 0 17
1396765800 0 0 0 15
1396764000 0 0 0 14
1396762200 0 0 0 14
1396760400 0 2 0 55
1396758600 0 0 0 12
1396756800 0 0 0 12
1396755000 0 0 0 10
1396753200 0 0 0 17
1396751400 0 0 0 12
1396749600 0 2 0 33
1396747800 0 0 0 10
1396746000 0 0 0 14
1396744200 0 0 0 12
1396742400 0 0 0 14
1396740600 0 0 0 14
1396738800 0 2 0 27
1396737000 0 0 0 8
1396735200 0 0 0 14
1396733400 0 0 0 14
1396731600 0 0 0 17
1396729800 0 0 0 10
1396728000 0 1 0 29
1396726200 0 0 0 12
1396724400 0 0 0 16
1396722600 0 0 0 14
1396720800 0 0 0 13
1396719000 0 0 0 13
1396717200 0 1 0 29
1396715400 0 0 0 10
1396713600 0 0 0 14
1396711800 0 0 0 14
1396710000 0 0 0 14
1396708200 0 0 0 11
1396706400 0 1 0 31
1396704600 0 0 0 12
1396702800 0 1 0 14
1396701000 0 0 0 12
1396699200 0 0 0 14
1396697400 0 0 0 12
1396695600 0 1 0 29
1396693800 0 0 0 12
1396692000 0 0 0 14
1396690200 0 0 0 14
1396688400 0 0 0 15
1396686600 0 0 0 12
1396684800 0 2 0 40
1396683000 0 0 0 14
1396681200 0 0 0 13
1396679400 0 0 0 12
1396677600 0 0 0 14
1396675800 0 0 0 8
1396674000 0 0 0 29
1396672200 0 0 0 30
1396670400 0 0 0 14
1396668600 0 0 0 12
1396666800 0 0 0 14
1396665000 0 0 0 14
1396663200 0 0 0 14
1396661400 0 1 0 25
1396659600 0 0 0 22
1396657800 0 0 0 14
1396656000 0 0 0 14
1396654200 0 0 0 14
1396652400 0 0 0 14
1396650600 0 0 0 27
1396648800 0 0 0 13
1396647000 0 0 0 14
1396645200 0 0 0 15
1396643400 0 0 0 14
1396641600 0 0 0 22
1396639800 0 0 0 38
1396638000 0 2 0 19
1396636200 0 0 0 28
1396634400 0 0 0 14
1396632600 0 0 1 14
1396630800 0 0 1 30
1396629000 0 0 0 14
1396627200 0 0 0 14
1396625400 0 0 2 31
1396623600 0 0 0 14
1396621800 0 0 0 14
1396620000 0 0 0 14
1396618200 0 0 0 12
1396616400 0 0 0 24
1396614600 3 0 69 21
1396612800 0 2 69 27
1396611000 0 0 0 8
1396609200 0 0 0 0
1396607400 0 0 0 0
1396605600 0 0 0 0
1396603800 0 0 0 0
1396602000 0 0 0 0
1396600200 0 0 0 0
1396598400 0 0 0 0
1396596600 0 0 0 0
1396594800 0 0 0 0
1396593000 0 0 0 0
1396591200 0 0 0 0
1396589400 0 0 0 0
1396587600 0 0 0 0
1396585800 0 0 0 0
1396584000 0 0 0 0
1396582200 0 0 0 0
1396580400 0 0 0 0
1396578600 0 0 0 0
1396576800 0 0 0 0
1396575000 0 0 0 0
1396573200 0 0 0 0
1396571400 0 0 0 0
1396569600 0 0 0 17
1396567800 0 1 0 36
1396566000 0 0 0 14
1396564200 0 0 0 14
1396562400 0 0 0 27
1396560600 0 0 0 30
1396558800 0 0 0 10
1396557000 0 0 0 0
1396555200 0 0 0 0
1396553400 0 0 0 0
1396551600 0 0 0 0
1396549800 0 0 0 0
1396548000 0 0 0 0
1396546200 0 0 0 0
1396544400 0 0 0 0
1396542600 0 0 0 0
1396540800 0 0 0 0
1396539000 0 0 0 0
1396537200 0 0 0 0
1396535400 0 0 0 0
1396533600 0 0 0 0
1396531800 0 0 0 0
1396530000 0 0 0 0
1396528200 0 0 0 0
1396526400 0 0 0 0
1396524600 0 0 0 0
1396522800 0 0 0 0
1396521000 0 0 0 0
1396519200 0 0 0 0
1396517400 0 0 0 0
1396515600 0 0 0 0
1396513800 0 0 0 0
1396512000 0 0 0 0
1396510200 0 0 0 0
1396508400 0 0 0 0
1396506600 0 0 0 0
1396504800 0 0 0 0
1396503000 0 0 0 0
1396501200 0 0 0 0
1396499400 0 0 0 0
1396497600 0 0 0 0
1396495800 0 0 0 0
1396494000 0 0 0 0
1396492200 0 0 0 0
1396490400 0 0 0 0
1396488600 0 0 0 0
1396486800 0 0 0 0
1396485000 0 0 0 0
1396483200 0 0 0 0
1396481400 0 0 0 0
1396479600 0 0 0 0
1396477800 0 0 0 0
1396476000 0 0 0 0
1396474200 0 0 0 0
1396472400 0 0 0 0
1396470600 0 0 0 0
1396468800 0 0 0 0
1396467000 0 0 0 0
1396465200 0 0 0 0
1396463400 0 0 0 0
1396461600 0 0 0 0
1396459800 0 0 0 0
1396458000 0 0 0 0
1396456200 0 0 0 0
1396454400 0 0 0 0
1396452600 0 0 0 0
1396450800 0 0 0 0
1396449000 0 0 0 0
1396447200 0 0 0 0
1396445400 0 0 0 0
1396443600 0 0 0 0
1396441800 0 0 0 0
1396440000 0 0 0 0
1396438200 0 0 0 0
1396436400 0 0 0 0
1396434600 0 0 0 0
1396432800 0 0 0 0
1396431000 0 0 0 0
1396429200 0 0 0 0
1396427400 0 0 0 0
1396425600 0 0 0 0
1396423800 0 0 0 0
1396422000 0 0 0 0
1396420200 0 0 0 0
1396418400 0 0 0 0
1396416600 0 0 0 0
1396414800 0 0 0 0
1396413000 0 0 0 0
1396411200 0 0 0 0
1396409400 0 0 0 0
1396407600 0 0 0 0
1396405800 0 0 0 0
1396404000 0 0 0 0
1396402200 0 0 0 0
1396400400 0 0 0 0
1396398600 0 0 0 0
1396396800 0 0 0 0
1396395000 0 0 0 0
1396393200 0 0 0 0
1396391400 0 0 0 0
1396389600 0 0 0 0
1396387800 0 0 0 0
1396386000 0 0 0 0
1396384200 0 0 0 0
1396382400 0 0 0 0
1396380600 0 0 0 0
1396378800 0 0 0 0
1396377000 0 0 0 0
1396375200 0 0 0 0
1396373400 0 0 0 0
1396371600 0 0 0 0
1396369800 0 0 0 0
1396368000 0 0 0 0
1396366200 0 0 0 0
1396364400 0 0 0 0
1396362600 0 0 0 0
1396360800 0 0 0 0
1396359000 0 0 0 0
1396357200 0 0 0 0
1396355400 0 0 0 0
1396353600 0 0 0 0
1396351800 0 0 0 0
1396350000 0 0 0 0
1396348200 0 0 0 0
1396346400 0 0 0 0
1396344600 0 0 0 0
1396342800 0 0 0 0
1396341000 0 0 0 0
1396339200 0 0 0 0
1396337400 0 0 0 0
1396335600 0 0 0 0
1396333800 0 0 0 0
1396332000 0 0 0 0
1396330200 0 0 0 0
1396328400 0 0 0 0
1396326600 0 0 0 0
1396324800 0 0 0 0
1396317600 0 0 0 0
1396310400 0 0 0 0
1396303200 0 0 0 0
1396296000 0 0 0 0
1396288800 0 0 0 0
1396281600 0 0 0 0
1396274400 0 0 0 0
1396267200 0 0 0 0
1396260000 0 0 0 0
1396252800 0 0 0 0
1396245600 0 0 0 0
1396238400 0 0 0 0
1396231200 0 0 0 0
1396224000 0 0 0 0
1396216800 0 0 0 0
1396209600 0 0 0 0
1396202400 0 0 0 0
1396195200 0 0 0 0
1396188000 0 0 0 0
1396180800 0 0 0 0
1396173600 0 0 0 0
1396166400 0 0 0 0
1396159200 0 0 0 0
1396152000 0 0 0 0
1396144800 0 0 0 0
1396137600 0 0 0 0
1396130400 0 0 0 0
1396123200 0 0 0 0
1396116000 0 0 0 0
1396108800 0 0 0 0
1396101600 0 0 0 0
1396094400 0 0 0 0
1396087200 0 0 0 0
1396080000 0 0 0 0
1396072800 0 0 0 0
1396065600 0 0 0 0
1396058400 0 0 0 0
1396051200 0 0 0 0
1396044000 0 0 0 0
1396036800 0 0 0 0
1396029600 0 0 0 0
1396022400 0 0 0 0
1396015200 0 0 0 0
1396008000 0 0 0 0
1396000800 0 0 0 0
1395993600 0 0 0 0
1395986400 0 0 0 0
1395979200 0 0 0 0
1395972000 0 0 0 0
1395964800 0 0 0 0
1395957600 0 0 0 0
1395950400 0 0 0 0
1395943200 0 0 0 0
1395936000 0 0 0 0
1395928800 0 0 0 0
1395921600 0 0 0 0
1395914400 0 0 0 0
1395907200 0 0 0 0
1395900000 0 0 0 0
1395892800 0 0 0 0
1395885600 0 0 0 0
1395878400 0 0 0 0
1395871200 0 0 0 0
1395864000 0 0 0 0
1395856800 0 0 0 0
1395849600 0 0 0 0
1395842400 0 0 0 0
1395835200 0 0 0 0
1395828000 0 0 0 0
1395820800 0 0 0 0
1395813600 0 0 0 0
1395806400 0 0 0 0
1395799200 0 0 0 0
1395792000 0 0 0 0
1395784800 0 0 0 0
1395777600 0 0 0 0
1395770400 0 0 0 0
1395763200 0 0 0 0
1395756000 0 0 0 0
1395748800 0 0 0 0
1395741600 0 0 0 0
1395734400 0 0 0 0
1395727200 0 0 0 0
1395720000 0 0 0 0
1395712800 0 0 0 0
1395705600 0 0 0 0
1395698400 0 0 0 0
1395691200 0 0 0 0
1395684000 0 0 0 0
1395676800 0 0 0 0
1395669600 0 0 0 0
1395662400 0 0 0 0
1395655200 0 0 0 0
1395648000 0 0 0 0
1395640800 0 0 0 0
1395633600 0 0 0 0
1395626400 0 0 0 0
1395619200 0 0 0 0
1395612000 0 0 0 0
1395604800 0 0 0 0
1395597600 0 0 0 0
1395590400 0 0 0 0
1395583200 0 0 0 0
1395576000 0 0 0 0
1395568800 0 0 0 0
1395561600 0 0 0 0
1395554400 0 0 0 0
1395547200 0 0 0 0
1395540000 0 0 0 0
1395532800 0 0 0 0
1395525600 0 0 0 0
1395518400 0 0 0 0
1395511200 0 0 0 0
1395504000 0 0 0 0
1395496800 0 0 0 0
1395489600 0 0 0 0
1395482400 0 0 0 0
1395475200 0 0 0 0
1395468000 0 0 0 0
1395460800 0 0 0 0
1395453600 0 0 0 0
1395446400 0 0 0 0
1395439200 0 0 0 0
1395432000 0 0 0 0
1395424800 0 0 0 0
1395417600 0 0 0 0
1395410400 0 0 0 0
1395403200 0 0 0 0
1395396000 0 0 0 0
1395388800 0 0 0 0
1395381600 0 0 0 0
1395374400 0 0 0 0
1395367200 0 0 0 0
1395360000 0 0 0 0
1395352800 0 0 0 0
1395345600 0 0 0 0
1395338400 0 0 0 0
1395331200 0 0 0 0
1395324000 0 0 0 0
1395316800 0 0 0 0
1395309600 0 0 0 0
1395302400 0 0 0 0
1395295200 0 0 0 0
1395288000 0 0 0 0
1395280800 0 0 0 0
1395273600 0 0 0 0
1395266400 0 0 0 0
1395259200 0 0 0 0
1395252000 0 0 0 0
1395244800 0 0 0 0
1395237600 0 0 0 0
1395230400 0 0 0 0
1395223200 0 0 0 0
1395216000 0 0 0 0
1395208800 0 0 0 0
1395201600 0 0 0 0
1395194400 0 0 0 0
1395187200 0 0 0 0
1395180000 0 0 0 0
1395172800 0 0 0 0
1395165600 0 0 0 0
1395158400 0 0 0 0
1395151200 0 0 0 0
1395144000 0 0 0 0
1395136800 0 0 0 0
1395129600 0 0 0 0
1395122400 0 0 0 0
1395115200 0 0 0 0
1395108000 0 0 0 0
1395100800 0 0 0 0
1395093600 0 0 0 0
1395086400 0 0 0 0
1395079200 0 0 0 0
1395072000 0 0 0 0
1395064800 0 0 0 0
1395057600 0 0 0 0
1395050400 0 0 0 0
1395043200 0 0 0 0
1395036000 0 0 0 0
1395028800 0 0 0 0
1395021600 0 0 0 0
1395014400 0 0 0 0
1395007200 0 0 0 0
1395000000 0 0 0 0
1394992800 0 0 0 0
1394985600 0 0 0 0
1394978400 0 0 0 0
1394971200 0 0 0 0
1394964000 0 0 0 0
1394956800 0 0 0 0
1394949600 0 0 0 0
1394942400 0 0 0 0
1394935200 0 0 0 0
1394928000 0 0 0 0
1394920800 0 0 0 0
1394913600 0 0 0 0
1394906400 0 0 0 0
1394899200 0 0 0 0
1394892000 0 0 0 0
1394884800 0 0 0 0
1394877600 0 0 0 0
1394870400 0 0 0 0
1394863200 0 0 0 0
1394856000 0 0 0 0
1394848800 0 0 0 0
1394841600 0 0 0 0
1394834400 0 0 0 0
1394827200 0 0 0 0
1394820000 0 0 0 0
1394812800 0 0 0 0
1394805600 0 0 0 0
1394798400 0 0 0 0
1394791200 0 0 0 0
1394784000 0 0 0 0
1394776800 0 0 0 0
1394769600 0 0 0 0
1394762400 0 0 0 0
1394755200 0 0 0 0
1394748000 0 0 0 0
1394740800 0 0 0 0
1394733600 0 0 0 0
1394726400 0 0 0 0
1394719200 0 0 0 0
1394712000 0 0 0 0
1394704800 0 0 0 0
1394697600 0 0 0 0
1394690400 0 0 0 0
1394683200 0 0 0 0
1394676000 0 0 0 0
1394668800 0 0 0 0
1394661600 0 0 0 0
1394654400 0 0 0 0
1394647200 0 0 0 0
1394640000 0 0 0 0
1394632800 0 0 0 0
1394625600 0 0 0 0
1394618400 0 0 0 0
1394611200 0 0 0 0
1394604000 0 0 0 0
1394596800 0 0 0 0
1394589600 0 0 0 0
1394582400 0 0 0 0
1394575200 0 0 0 0
1394568000 0 0 0 0
1394560800 0 0 0 0
1394553600 0 0 0 0
1394546400 0 0 0 0
1394539200 0 0 0 0
1394532000 0 0 0 0
1394524800 0 0 0 0
1394517600 0 0 0 0
1394510400 0 0 0 0
1394503200 0 0 0 0
1394496000 0 0 0 0
1394488800 0 0 0 0
1394481600 0 0 0 0
1394474400 0 0 0 0
1394467200 0 0 0 0
1394460000 0 0 0 0
1394452800 0 0 0 0
1394445600 0 0 0 0
1394438400 0 0 0 0
1394431200 0 0 0 0
1394424000 0 0 0 0
1394416800 0 0 0 0
1394409600 0 0 0 0
1394402400 0 0 0 0
1394395200 0 0 0 0
1394388000 0 0 0 0
1394380800 0 0 0 0
1394373600 0 0 0 0
1394366400 0 0 0 0
1394359200 0 0 0 0
1394352000 0 0 0 0
1394344800 0 0 0 0
1394337600 0 0 0 0
1394330400 0 0 0 0
1394323200 0 0 0 0
1394316000 0 0 0 0
1394308800 0 0 0 0
1394301600 0 0 0 0
1394294400 0 0 0 0
1394287200 0 0 0 0
1394280000 0 0 0 0
1394272800 0 0 0 0
1394265600 0 0 0 0
1394258400 0 0 0 0
1394251200 0 0 0 0
1394244000 0 0 0 0
1394236800 0 0 0 0
1394229600 0 0 0 0
1394222400 0 0 0 0
1394215200 0 0 0 0
1394208000 0 0 0 0
1394200800 0 0 0 0
1394193600 0 0 0 0
1394186400 0 0 0 0
1394179200 0 0 0 0
1394172000 0 0 0 0
1394164800 0 0 0 0
1394157600 0 0 0 0
1394150400 0 0 0 0
1394143200 0 0 0 0
1394136000 0 0 0 0
1394128800 0 0 0 0
1394121600 0 0 0 0
1394114400 0 0 0 0
1394107200 0 0 0 0
1394100000 0 0 0 0
1394092800 0 0 0 0
1394085600 0 0 0 0
1394078400 0 0 0 0
1394071200 0 0 0 0
1394064000 0 0 0 0
1394056800 0 0 0 0
1394049600 0 0 0 0
1394042400 0 0 0 0
1394035200 0 0 0 0
1394028000 0 0 0 0
1394020800 0 0 0 0
1394013600 0 0 0 0
1394006400 0 0 0 0
1393999200 0 0 0 0
1393992000 0 0 0 0
1393984800 0 0 0 0
1393977600 0 0 0 0
1393970400 0 0 0 0
1393963200 0 0 0 0
1393956000 0 0 0 0
1393948800 0 0 0 0
1393941600 0 0 0 0
1393934400 0 0 0 0
1393927200 0 0 0 0
1393920000 0 0 0 0
1393912800 0 0 0 0
1393905600 0 0 0 0
1393898400 0 0 0 0
1393891200 0 0 0 0
1393884000 0 0 0 0
1393876800 0 0 0 0
1393869600 0 0 0 0
1393862400 0 0 0 0
1393855200 0 0 0 0
1393848000 0 0 0 0
1393840800 0 0 0 0
1393833600 0 0 0 0
1393826400 0 0 0 0
1393819200 0 0 0 0
1393812000 0 0 0 0
1393804800 0 0 0 0
1393797600 0 0 0 0
1393790400 0 0 0 0
1393783200 0 0 0 0
1393776000 0 0 0 0
1393768800 0 0 0 0
1393761600 0 0 0 0
1393754400 0 0 0 0
1393747200 0 0 0 0
1393740000 0 0 0 0
1393732800 0 0 0 0
1393725600 0 0 0 0
1393718400 0 0 0 0
1393711200 0 0 0 0
1393704000 0 0 0 0
1393696800 0 0 0 0
1393689600 0 0 0 0
1393682400 0 0 0 0
1393675200 0 0 0 0
1393668000 0 0 0 0
1393660800 0 0 0 0
1393653600 0 0 0 0
1393646400 0 0 0 0
1393639200 0 0 0 0
1393632000 0 0 0 0
1393624800 0 0 0 0
1393617600 0 0 0 0
1393610400 0 0 0 0
1393603200 0 0 0 0
1393596000 0 0 0 0
1393588800 0 0 0 0
1393581600 0 0 0 0
1393574400 0 0 0 0
1393567200 0 0 0 0
1393560000 0 0 0 0
1393552800 0 0 0 0
1393545600 0 0 0 0
1393538400 0 0 0 0
1393531200 0 0 0 0
1393524000 0 0 0 0
1393516800 0 0 0 0
1393509600 0 0 0 0
1393502400 0 0 0 0
1393495200 0 0 0 0
1393488000 0 0 0 0
1393480800 0 0 0 0
1393473600 0 0 0 0
1393466400 0 0 0 0
1393459200 0 0 0 0
1393452000 0 0 0 0
1393444800 0 0 0 0
1393437600 0 0 0 0
1393430400 0 0 0 0
1393423200 0 0 0 0
1393416000 0 0 0 0
1393408800 0 0 0 0
1393401600 0 0 0 0
1393394400 0 0 0 0
1393387200 0 0 0 0
1393380000 0 0 0 0
1393372800 0 0 0 0
1393365600 0 0 0 0
1393358400 0 0 0 0
1393351200 0 0 0 0
1393344000 0 0 0 0
1393336800 0 0 0 0
1393329600 0 0 0 0
1393322400 0 0 0 0
1393315200 0 0 0 0
1393308000 0 0 0 0
1393300800 0 0 0 0
1393293600 0 0 0 0
1393286400 0 0 0 0
1393279200 0 0 0 0
1393272000 0 0 0 0
1393264800 0 0 0 0
1393257600 0 0 0 0
1393250400 0 0 0 0
1393243200 0 0 0 0
1393236000 0 0 0 0
1393228800 0 0 0 0
1393221600 0 0 0 0
1393214400 0 0 0 0
1393207200 0 0 0 0
1393200000 0 0 0 0
1393192800 0 0 0 0
1393185600 0 0 0 0
1393178400 0 0 0 0
1393171200 0 0 0 0
1393164000 0 0 0 0
1393156800 0 0 0 0
1393149600 0 0 0 0
1393142400 0 0 0 0
1393135200 0 0 0 0
1393128000 0 0 0 0
1393120800 0 0 0 0
1393113600 0 0 0 0
1393106400 0 0 0 0
1393099200 0 0 0 0
1393092000 0 0 0 0
1393084800 0 0 0 0
1393077600 0 0 0 0
1393070400 0 0 0 0
1393063200 0 0 0 0
1393056000 0 0 0 0
1393048800 0 0 0 0
1393041600 0 0 0 0
1393034400 0 0 0 0
1393027200 0 0 0 0
1393020000 0 0 0 0
1393012800 0 0 0 0
1393005600 0 0 0 0
1392998400 0 0 0 0
1392991200 0 0 0 0
1392984000 0 0 0 0
1392976800 0 0 0 0
1392969600 0 0 0 0
1392962400 0 0 0 0
1392955200 0 0 0 0
1392948000 0 0 0 0
1392940800 0 0 0 0
1392933600 0 0 0 0
1392926400 0 0 0 0
1392919200 0 0 0 0
1392912000 0 0 0 0
1392904800 0 0 0 0
1392897600 0 0 0 0
1392890400 0 0 0 0
1392883200 0 0 0 0
1392876000 0 0 0 0
1392868800 0 0 0 0
1392861600 0 0 0 0
1392854400 0 0 0 0
1392847200 0 0 0 0
1392840000 0 0 0 0
1392832800 0 0 0 0
1392825600 0 0 0 0
1392818400 0 0 0 0
1392811200 0 0 0 0
1392804000 0 0 0 0
1392796800 0 0 0 0
1392789600 0 0 0 0
1392782400 0 0 0 0
1392775200 0 0 0 0
1392768000 0 0 0 0
1392760800 0 0 0 0
1392753600 0 0 0 0
1392746400 0 0 0 0
1392739200 0 0 0 0
1392732000 0 0 0 0
1392724800 0 0 0 0
1392717600 0 0 0 0
1392710400 0 0 0 0
1392703200 0 0 0 0
1392696000 0 0 0 0
1392688800 0 0 0 0
1392681600 0 0 0 0
1392674400 0 0 0 0
1392667200 0 0 0 0
1392660000 0 0 0 0
1392652800 0 0 0 0
1392645600 0 0 0 0
1392638400 0 0 0 0
1392631200 0 0 0 0
1392624000 0 0 0 0
1392616800 0 0 0 0
1392609600 0 0 0 0
1392602400 0 0 0 0
1392595200 0 0 0 0
1392588000 0 0 0 0
1392580800 0 0 0 0
1392573600 0 0 0 0
1392566400 0 0 0 0
1392559200 0 0 0 0
1392552000 0 0 0 0
1392544800 0 0 0 0
1392537600 0 0 0 0
1392530400 0 0 0 0
1392523200 0 0 0 0
1392516000 0 0 0 0
1392508800 0 0 0 0
1392501600 0 0 0 0
1392494400 0 0 0 0
1392487200 0 0 0 0
1392480000 0 0 0 0
1392472800 0 0 0 0
1392465600 0 0 0 0
1392458400 0 0 0 0
1392451200 0 0 0 0
1392444000 0 0 0 0
1392436800 0 0 0 0
1392429600 0 0 0 0
1392422400 0 0 0 0
1392415200 0 0 0 0
1392408000 0 0 0 0
1392400800 0 0 0 0
1392393600 0 0 0 0
1392386400 0 0 0 0
1392379200 0 0 0 0
1392372000 0 0 0 0
1392364800 0 0 0 0
1392357600 0 0 0 0
1392350400 0 0 0 0
1392343200 0 0 0 0
1392336000 0 0 0 0
1392328800 0 0 0 0
1392321600 0 0 0 0
1392314400 0 0 0 0
1392307200 0 0 0 0
1392300000 0 0 0 0
1392292800 0 0 0 0
1392285600 0 0 0 0
1392278400 0 0 0 0
1392271200 0 0 0 0
1392264000 0 0 0 0
1392256800 0 0 0 0
1392249600 0 0 0 0
1392242400 0 0 0 0
1392235200 0 0 0 0
1392228000 0 0 0 0
1392220800 0 0 0 0
1392213600 0 0 0 0
1392206400 0 0 0 0
1392199200 0 0 0 0
1392192000 0 0 0 0
1392184800 0 0 0 0
1392177600 0 0 0 0
1392170400 0 0 0 0
1392163200 0 0 0 0
1392156000 0 0 0 0
1392148800 0 0 0 0
1392141600 0 0 0 0
1392134400 0 0 0 0
1392127200 0 0 0 0
1392120000 0 0 0 0
1392112800 0 0 0 0
1392105600 0 0 0 0
1392098400 0 0 0 0
1392091200 0 0 0 0
1392084000 0 0 0 0
1392076800 0 0 0 0
1392069600 0 0 0 0
1392062400 0 0 0 0
1392055200 0 0 0 0
1392048000 0 0 0 0
1392040800 0 0 0 0
1392033600 0 0 0 0
1392026400 0 0 0 0
1392019200 0 0 0 0
1392012000 0 0 0 0
1392004800 0 0 0 0
1391990400 0 0 0 0
1391904000 0 0 0 0
1391817600 0 0 0 0
1391731200 0 0 0 0
1391644800 0 0 0 0
1391558400 0 0 0 0
1391472000 0 0 0 0
1391385600 0 0 0 0
1391299200 0 0 0 0
1391212800 0 0 0 0
1391126400 0 0 0 0
1391040000 0 0 0 0
1390953600 0 0 0 0
1390867200 0 0 0 0
1390780800 0 0 0 0
1390694400 0 0 0 0
1390608000 0 0 0 35
1390521600 0 0 50 72
1390435200 8 0 11485 89
1390348800 0 0 0 33
1390262400 0 0 0 30
1390176000 0 0 0 0
1390089600 0 0 0 0
1390003200 0 0 0 36
1389916800 0 0 1 29
1389830400 0 0 0 33
1389744000 0 0 0 32
1389657600 0 0 38 314
1389571200 0 0 0 0
1389484800 0 0 0 12
1389398400 0 0 4 12
1389312000 0 1 0 24
1389225600 0 0 0 10
1389139200 0 0 0 7
1389052800 0 1 0 11
1388966400 0 6 0 6
1388880000 0 6 0 6
1388793600 0 0 0 22
1388707200 0 0 0 13
1388620800 0 0 0 0
1388534400 0 0 0 24
1388448000 0 0 0 31
1388361600 0 4 0 4
1388275200 0 0 0 36
1388188800 0 0 0 37
1388102400 0 0 1 110
1388016000 0 0 1 33
1387929600 0 0 61 30
1387843200 0 0 120 93
1387756800 0 0 0 35
1387670400 0 0 0 91
1387584000 9 0 9386 115
1387497600 0 0 0 31
1387411200 0 0 57 33
1387324800 0 0 0 128
1387238400 0 0 31 29
1387152000 0 0 0 0
1387065600 0 0 0 29
1386979200 0 0 1 29
1386892800 0 0 32 36
1386806400 0 0 339 45
1386720000 9 0 10325 58
1386633600 0 0 0 81
1386547200 0 0 0 35
1386460800 0 0 0 34
1386374400 0 0 0 32
1386288000 0 0 0 96
1386201600 0 0 0 33
1386115200 0 0 0 44
1386028800 0 0 0 32
1385942400 0 0 0 36
1385856000 0 0 0 34
1385769600 0 0 0 30
1385683200 0 0 0 29
1385596800 0 0 63 29
1385510400 0 0 0 26
1385424000 0 0 1 40
1385337600 0 0 0 38
1385251200 0 0 0 22
1385164800 0 0 110 21
1385078400 0 0 32 45
1384992000 0 0 0 30
1384905600 24 0 34570 642
1384819200 0 0 0 24
1384732800 0 0 0 43
1384646400 0 0 0 141
1384560000 0 0 0 115
1384473600 9 0 9363 748
1384387200 0 0 0 148
1384300800 0 0 0 30
1384214400 0 0 0 27
1384128000 0 0 0 0
1384041600 0 0 0 7
1383955200 0 0 0 31
1383868800 0 0 0 32
1383782400 79 0 39353 592
1383696000 16 0 16661 241
1383609600 14 0 7642 52
1383523200 0 0 0 38
1383436800 0 0 0 24
1383350400 44 0 46777 185
1383264000 289 4 118736 1718
1383177600 0 0 206 79
1383091200 0 0 0 49
1383004800 0 0 92 135
1382918400 0 0 0 0
1382832000 0 0 0 14
1382745600 0 0 0 40
1382659200 0 0 0 38
1382572800 0 0 0 53
1382486400 0 0 0 123
1382400000 0 0 110 89
1382313600 0 0 0 18
1382227200 0 0 0 20
1382140800 0 0 326 121
1382054400 0 0 0 405
1381968000 0 0 0 99
1381881600 0 0 0 23
1381795200 0 0 0 0
1381708800 0 0 0 0
1381622400 0 0 0 0
1381536000 0 0 0 23
1381449600 0 0 0 29
1381363200 0 0 70 30
1381276800 0 0 0 21
1381190400 0 0 0 28
1381104000 0 0 0 8
1381017600 0 0 0 28
1380931200 0 0 119 23
1380844800 0 0 0 30
1380758400 0 0 0 36
1380672000 0 0 0 29
1380585600 0 0 217 44
1380499200 0 0 0 8
1380412800 0 0 0 25
1380326400 0 0 0 24
1380240000 0 0 0 24
1380153600 0 0 0 20
1380067200 0 0 0 23
1379980800 0 0 268 94
1379894400 0 0 0 8
1379808000 0 0 0 8
1379721600 0 0 114 24
1379635200 0 0 0 26
1379548800 0 0 0 23
1379462400 0 0 2 26
1379376000 0 0 0 38
1379289600 0 0 0 0
1379203200 0 0 0 8
1379116800 0 0 0 29
1379030400 0 0 0 31
1378944000 0 0 0 29
1378857600 0 0 0 29
1378771200 0 0 0 28
1378684800 0 0 0 30
1378598400 0 0 0 38
1378512000 0 0 0 29
1378425600 0 0 278 95
1378339200 0 0 0 28
1378252800 0 0 0 33
1378166400 0 0 0 23
1378080000 0 0 0 8
1377993600 0 0 0 30
1377907200 0 0 116 82
1377820800 0 0 204 40
1377734400 0 0 294 70
1377648000 0 0 0 77
1377561600 0 0 0 29
1377475200 0 0 0 0
1377388800 0 0 0 0
1377302400 0 0 0 68
1377216000 0 0 0 22
1377129600 0 0 0 24
1377043200 0 0 0 29
1376956800 0 0 0 0
1376870400 0 0 0 0
1376784000 0 0 0 14
1376697600 0 0 0 22
1376611200 0 0 0 24
1376524800 0 0 0 28
1376438400 0 0 72 22
1376352000 0 0 74 29
1376265600 0 0 0 0
1376179200 0 0 0 8
1376092800 0 0 0 25
1376006400 0 0 0 29
1375920000 0 0 119 27
1375833600 0 0 81 73
1375747200 0 0 0 25
1375660800 0 0 0 0
1375574400 0 0 0 18
1375488000 0 0 0 18
1375401600 0 0 0 25
1375315200 0 0 0 20
1375228800 5 0 9267 117
1375142400 0 0 0 23
1375056000 0 0 0 33
1374969600 0 0 0 20
1374883200 0 0 0 26
1374796800 0 0 0 20
1374710400 0 0 0 18
1374624000 0 0 0 21
1374537600 0 0 327 82
1374451200 0 0 0 31
1374364800 0 0 0 21
1374278400 0 0 0 21
1374192000 0 0 127 70
1374105600 0 0 0 26
1374019200 0 0 0 23
1373932800 0 0 0 18
1373846400 0 0 0 10
1373760000 0 0 0 10
1373673600 0 0 0 33
1373587200 0 0 44 28
1373500800 0 0 0 12
1373414400 0 0 0 0
1373328000 0 0 0 11
1373241600 0 0 0 0
1373155200 0 0 0 0
1373068800 0 0 0 11
1372982400 0 0 0 8
1372896000 0 0 0 12
1372809600 0 0 0 17
1372723200 0 0 0 16
1372636800 0 0 0 0
1372550400 0 0 0 0
1372464000 0 0 0 22
1372377600 0 0 120 66
1372291200 0 0 0 80
1372204800 0 0 0 29
1372118400 0 0 0 24
1372032000 0 0 0 0
1371945600 0 0 0 0
1371859200 0 0 0 0
1371772800 0 0 0 26
1371686400 0 0 0 25
1371600000 0 0 0 33
1371513600 0 0 0 18
1371427200 0 0 0 8
1371340800 0 0 0 24
1371254400 0 0 0 136
1371168000 0 0 0 21
1371081600 0 0 0 22
1370995200 0 0 0 18
1370908800 0 0 109 29
1370822400 0 0 0 28
1370736000 0 0 0 18
1370649600 0 0 0 21
1370563200 0 0 119 23
1370476800 0 0 2404 121
1370390400 1 0 2327 121
1370304000 0 0 2323 134
1370217600 0 0 2404 134
1370131200 0 0 2404 124
1370044800 0 0 2401 116
1369958400 0 0 2400 89
1369872000 66 0 162369 1748
1369785600 1 0 2404 125
1369699200 0 0 2400 127
1369612800 0 0 336 99
1369526400 0 0 288 121
1369440000 136 1 417939 3567
1369353600 45 2 90028 5710
1369267200 0 0 2465 128
1369180800 0 0 3947 323
1369094400 0 0 2548 127
1369008000 0 0 298 93
1368921600 0 0 298 91
1368835200 0 0 2465 119
1368748800 0 0 2460 129
1368662400 0 0 2464 136
1368576000 1 0 2541 99
1368489600 4 0 15991 865
1368403200 0 0 298 92
1368316800 0 0 298 96
1368230400 7 0 23359 1898
1368144000 0 0 2450 157
1368057600 0 0 2524 121
1367971200 6 0 15381 698
1367884800 1 0 2414 109
1367798400 1 0 309 95
1367712000 1 0 298 96
1367625600 10 0 25438 423
1367539200 0 0 2593 109
1367452800 0 0 293 93
1367366400 0 0 2495 147
1367280000 31 0 57701 811
1367193600 1 0 208 96
1367107200 1 0 309 103
1367020800 1 0 2499 103
1366934400 1 0 2587 134
1366848000 1 0 2485 128
1366761600 1 0 2490 118
1366675200 1 0 2570 135
1366588800 1 0 2575 138
1366502400 24 0 69852 856
1366416000 1 0 1985 123
1366329600 0 0 2672 129
1366243200 1 0 1944 128
1366156800 1 0 3876 183
1366070400 1 0 2588 123
1365984000 1 0 216 95
1365897600 1 0 216 96
1365811200 1 0 2585 134
1365724800 3 0 8924 217
1365638400 157 0 185858 1624
1365552000 3 0 12042 514
1365465600 1 0 2346 181
1365379200 1 0 298 88
1365292800 1 0 298 88
1365206400 1 0 3218 202
1365120000 1 0 2266 125
1365033600 138 0 405449 3351
1364947200 0 0 0 0
1364860800 0 0 0 0
1364774400 0 0 0 0
1364688000 0 0 284 78
1364601600 0 0 265 78
1364515200 2 0 2270 140
1364428800 2 0 2266 117
1364342400 2 0 2209 140
1364256000 2 0 2203 117
1364169600 1 0 396 79
1364083200 2 0 265 78
1363996800 2 0 2244 116
1363910400 2 0 2248 140
1363824000 2 0 2156 139
1363737600 56 0 227795 2434
1363651200 2 0 2212 156
1363564800 2 0 2210 150
1363478400 2 0 2135 140
1363392000 2 0 2207 140
1363305600 2 0 2131 240
1363219200 20 0 39332 394
1363132800 2 0 2133 140
1363046400 3 0 7847 1047
1362960000 2 0 271 118
1362873600 2 0 396 117
1362787200 2 0 2131 127
1362700800 2 0 2212 128
1362614400 11 0 40874 368
1362528000 2 0 2126 143
1362441600 2 0 2124 159
1362355200 2 0 265 130
1362268800 2 0 382 104
1362182400 3 0 7461 609
1362096000 2 0 2175 152
1362009600 2 0 1822 116
1361923200 2 0 2107 152
1361836800 2 0 1864 148
1361750400 2 0 396 83
1361664000 97 0 273216 2419
1361577600 2 0 1807 1235
1361491200 1 0 1967 145
1361404800 0 0 396 82
1361318400 2 0 2032 155
1361232000 4 0 9668 461
1361145600 2 0 396 85
1361059200 2 0 396 85
1360972800 1 0 2290 193
1360886400 0 0 2008 160
1360800000 0 0 1897 159
1360713600 2 0 396 85
1360627200 11 0 28191 404
1360540800 2 0 400 128
1360454400 2 0 396 96
1360368000 2 0 2894 155
1360281600 4 0 6142 263
1360195200 10 0 10480 491
1360108800 5 0 2361 205
1360022400 14 0 22255 456
1359936000 0 0 0 0
1359849600 0 0 265 56
1359763200 68 0 122460 1162
1359676800 10 0 30158 361
1359590400 3 0 3939 261
1359504000 1 0 3938 254
1359417600 1 0 4085 259
1359331200 0 0 299 116
1359244800 0 0 299 122
1359158400 0 0 3949 261
1359072000 1 0 4087 260
1358985600 16 0 25322 913
1358899200 0 0 1912 131
1358812800 0 0 4088 261
1358726400 0 0 1911 136
1358640000 0 0 1911 129
1358553600 0 0 3944 250
1358467200 9 0 20360 1415
1358380800 0 0 4083 262
1358294400 1 0 3687 235
1358208000 1 0 4080 258
1358121600 66 0 208645 1586
1358035200 1 0 299 83
1357948800 2 0 4076 265
1357862400 1 0 3932 253
1357776000 2 0 3211 200
1357689600 3 0 3193 200
1357603200 1 0 3980 235
1357516800 1 0 1793 145
1357430400 1 0 2166 124
1357344000 11 0 17719 381
1357257600 1 0 1860 84
1357171200 17 0 28234 443
1357084800 0 0 0 0
1356998400 0 0 0 0
1356912000 0 0 0 0
1356825600 0 0 0 6
1356739200 6 0 10355 484
1356652800 1 0 1860 156
1356566400 19 0 36663 465
1356480000 0 0 1796 162
1356393600 0 0 1856 167
1356307200 0 0 1857 162
1356220800 0 0 1963 162
1356134400 5 0 28221 1117
1356048000 10 0 19194 448
1355961600 1 0 2857 181
1355875200 16 0 25447 1549
1355788800 6 0 1867 161
1355702400 6 0 1699 165
1355616000 7 0 1873 194
1355529600 12 0 20445 304
1355443200 8 0 21623 1355
1355356800 17 0 15743 426
1355270400 0 0 6809 653
1355184000 196 0 116314 1649
1355097600 0 0 0 0
1355011200 0 0 127 94
1354924800 4 0 11354 466
1354838400 4 0 16313 1752
1354752000 10 0 22866 925
1354665600 0 0 1848 166
1354579200 11 0 32149 2917
1354492800 0 0 127 94
1354406400 0 0 127 89
1354320000 0 0 543 141
1354233600 7 0 24526 321
1354147200 0 0 127 89
1354060800 6 0 27323 369
1353974400 0 0 127 89
1353888000 0 0 127 89
1353801600 0 0 127 89
1353715200 0 0 359 123
1353628800 1 0 4002 258
1353542400 0 0 4057 274
1353456000 0 0 2955 185
1353369600 0 0 2153 175
1353283200 0 0 162 107
1353196800 0 0 198 136
1353110400 0 0 187 124
1353024000 0 0 127 88
1352937600 0 0 1641 284
1352851200 0 0 155 84
1352764800 0 0 4037 268
1352678400 0 0 127 86
1352592000 0 0 132 89
1352505600 0 0 4027 263
1352419200 66 0 146235 5056
1352332800 0 0 4160 274
1352246400 0 0 4328 281
1352160000 0 0 4396 300
1352073600 0 0 132 87
1351987200 0 0 132 93
1351900800 0 0 4392 293
1351814400 0 0 1527 168
1351728000 0 0 1528 172
1351641600 1 0 5552 1062
1351555200 0 0 1317 174
1351468800 0 0 179 173
1351382400 0 0 147 137
1351296000 0 0 4310 282
1351209600 0 0 1312 163
1351123200 0 0 4448 292
1351036800 0 0 1365 167
1350950400 0 0 4287 284
1350864000 0 0 180 172
1350777600 0 0 179 168
1350691200 0 0 1311 141
1350604800 0 0 4796 312
1350518400 0 0 3634 246
1350432000 0 0 4295 281
1350345600 5 0 11151 542
1350259200 0 0 1360 169
1350172800 0 0 1364 174
1350086400 0 0 4435 268
1350000000 0 0 4442 252
1349913600 8 0 26511 344
1349827200 17 0 45965 860
1349740800 0 0 1356 243
1349654400 0 0 1177 249
1349568000 0 0 1352 181
1349481600 1 0 3788 418
1349395200 10 0 7055 599
1349308800 8 0 10753 1444
1349222400 9 1 4109 547
1349136000 10 0 13405 388
1349049600 0 0 180 167
1348963200 0 0 173 165
1348876800 273 3 17966 777
1348790400 310 5 46046 1449
1348704000 229 3 60796 1234
1348617600 0 0 246 110
1348531200 0 0 0 9
1348444800 0 0 0 14
1348358400 0 0 0 14
1348272000 0 0 202 157
1348185600 408 3 410552 3662
1348099200 0 0 0 77
1348012800 0 0 140 75
1347926400 0 0 0 52
1347840000 0 0 0 16
1347753600 0 0 0 14
1347667200 0 0 0 19
1347580800 0 1 0 27
1347494400 0 1 0 14
1347408000 0 1 0 21
1347321600 0 1 0 17
1347235200 0 0 0 14
1347148800 0 0 0 15
1347062400 0 0 0 33
1346976000 0 0 0 43
1346889600 0 0 0 39
1346803200 0 0 0 64
1346716800 0 0 0 52
1346630400 0 0 0 20
1346544000 0 0 0 24
1346457600 0 0 0 50
1346371200 0 0 157 34
1346284800 0 0 0 44
1346198400 0 0 115 114
1346112000 0 0 0 45
1346025600 0 0 0 20
1345939200 0 0 0 21
1345852800 0 0 0 50
1345766400 0 0 0 24
1345680000 0 0 0 27
1345593600 0 1 17 195
1345507200 0 0 0 34
1345420800 0 0 0 23
1345334400 0 0 0 27
1345248000 0 0 0 40
1345161600 0 0 0 36
1345075200 0 0 0 59
1344988800 0 0 0 56
1344902400 0 0 0 43
1344816000 0 0 0 21
1344729600 0 0 0 25
1344643200 0 0 0 57
1344556800 0 0 0 48
1344470400 0 0 0 48
1344384000 0 0 6 39
1344297600 0 0 1929 88
1344211200 0 0 0 19
1344124800 0 0 0 23
1344038400 0 0 0 80
1343952000 0 0 0 28
1343865600 0 0 0 37
1343779200 0 0 0 28
1343692800 0 0 0 41
1343606400 0 0 0 9
1343520000 0 0 0 9
1343433600 0 0 0 107
1343347200 0 0 0 370
1343260800 0 0 0 100
1343174400 0 0 2 105
1343088000 0 0 11 123
1343001600 0 0 0 9
1342915200 0 0 0 9
1342828800 0 0 0 114
1342742400 0 0 172 130
1342656000 0 0 0 36
1342569600 0 0 0 25
1342483200 0 0 0 37
1342396800 0 0 0 16
1342310400 0 0 0 16
1342224000 0 0 0 32
1342137600 0 0 144 32
1342051200 0 0 0 32
1341964800 0 0 60 21
1341878400 0 0 0 21
1341792000 0 0 48 36
1341705600 0 0 81 61
1341619200 0 0 24 25
1341532800 0 0 31 25
1341446400 0 0 16 26
1341360000 0 0 19 33
1341273600 0 0 2 36
1341187200 0 0 0 0
1341100800 0 0 0 0
1341014400 0 0 0 32
1340928000 0 0 1 24
1340841600 0 0 174 31
1340755200 0 0 0 39
1340668800 0 0 0 41
1340582400 0 0 0 0
1340496000 0 0 0 0
1340409600 0 0 1 29
1340323200 0 0 0 30
1340236800 0 0 0 20
1340150400 0 0 0 31
1340064000 0 0 0 46
1339977600 0 0 0 0
1339891200 0 0 0 0
1339804800 0 0 0 0
1339718400 0 0 0 0
1339632000 0 0 0 0
1339545600 0 0 0 0
1339459200 0 0 0 4
1339372800 0 0 0 0
1339286400 0 0 0 0
1339200000 0 0 0 0
1339113600 0 0 0 0
1339027200 0 0 0 0
1338940800 0 0 0 0
1338854400 0 0 0 0
1338768000 0 0 0 0
1338681600 0 0 0 0
1338595200 0 0 0 0
1338508800 0 0 0 0
1338422400 0 0 0 0
1338336000 0 0 0 0
1338249600 0 0 0 0
1338163200 0 0 0 0
1338076800 0 0 0 0
1337990400 0 0 0 0
1337904000 0 0 0 0
1337817600 0 0 0 0
1337731200 0 0 0 0
1337644800 0 0 0 0
1337558400 0 0 0 0
1337472000 0 0 0 0
1337385600 0 0 0 0
1337299200 0 0 0 0
1337212800 0 0 0 0
1337126400 0 0 0 0
1337040000 0 0 0 0
1336953600 0 0 0 0
1336867200 0 0 0 0
1336780800 0 0 0 0
1336694400 0 0 0 0
1336608000 0 0 0 0
1336521600 0 0 0 0
1336435200 0 0 0 0
1336348800 0 0 0 0
1336262400 0 0 0 0
1336176000 0 0 0 0
1336089600 0 0 0 0
1336003200 0 0 0 0
1335916800 0 0 0 0
1335830400 0 0 0 0
1335744000 0 0 0 0
1335657600 0 0 0 0
1335571200 0 0 0 0
1335484800 0 0 0 0
1335398400 0 0 0 0
1335312000 0 0 0 0
1335225600 0 0 0 0
1335139200 0 0 0 0
1335052800 0 0 0 0
1334966400 0 0 0 0
1334880000 0 0 0 0
1334793600 0 0 0 0
1334707200 0 0 0 0
1334620800 0 0 0 0
1334534400 0 0 0 0
1334448000 0 0 0 0
1334361600 0 0 0 0
1334275200 0 0 0 0
1334188800 0 0 0 0
1334102400 0 0 0 0
1334016000 0 0 0 0
1333929600 0 0 0 0
1333843200 0 0 0 0
1333756800 0 0 0 0
1333670400 0 0 0 0
1333584000 0 0 0 0
1333497600 0 0 0 0
1333411200 0 0 0 0
1333324800 0 0 0 0
1333238400 0 0 0 0
1333152000 0 0 0 0
1333065600 0 0 0 0
1332979200 0 0 0 0
1332892800 0 0 0 0
1332806400 0 0 0 0
1332720000 0 0 0 0
1332633600 0 0 0 0
1332547200 0 0 0 0
1332460800 0 0 0 0
1332374400 0 0 0 0
1332288000 0 0 0 0
1332201600 0 0 0 0
1332115200 0 0 0 0
1332028800 0 0 0 0
1331942400 0 0 0 0
1331856000 0 0 0 0
1331769600 0 0 0 0
1331683200 0 0 0 0
1331596800 0 0 0 0
1331510400 0 0 0 0
1331424000 0 0 0 0
1331337600 0 0 0 0
1331251200 0 0 0 0
1331164800 0 0 0 0
1331078400 0 0 0 0
1330992000 0 0 0 0
1330905600 0 0 0 0
1330819200 0 0 0 0
1330732800 0 0 0 0
1330646400 0 0 0 0
1330560000 0 0 0 0
1330473600 0 0 0 0
1330387200 0 0 0 0
1330300800 0 0 0 0
1330214400 0 0 0 0
1330128000 0 0 0 0
1330041600 0 0 0 0
1329955200 0 0 0 0
1329868800 0 0 0 0
1329782400 0 0 0 0
1329696000 0 0 0 0
1329609600 0 0 0 0
1329523200 0 0 0 0
1329436800 0 0 0 0
1329350400 0 0 0 0
1329264000 0 0 0 0
1329177600 0 0 0 0
1329091200 0 0 0 0
1329004800 0 0 0 0
1328918400 0 0 0 0
1328832000 0 0 0 0
