1397587483 0 0
1397587483 0 0 0 0
1397587461 0 0 0 0
1397587200 0 0 0 0
1397586900 0 0 0 0
1397586600 0 0 0 0
1397586300 0 0 0 0
1397586000 0 0 0 0
1397585700 0 0 0 0
1397585400 0 0 0 0
1397585100 0 0 0 0
1397584800 0 0 0 0
1397584500 0 0 0 0
1397584200 0 0 0 0
1397583900 0 0 0 0
1397583600 0 0 0 0
1397583300 0 0 0 0
1397583000 0 0 0 0
1397582700 0 0 0 0
1397582400 0 0 0 0
1397582100 0 0 0 0
1397581800 0 0 0 0
1397581500 0 0 0 0
1397581200 0 0 0 0
1397580900 0 0 0 0
1397580600 0 0 0 0
1397580300 0 0 0 0
1397580000 0 0 0 0
1397579700 0 0 0 0
1397579400 0 0 0 0
1397579100 0 0 0 0
1397578800 0 0 0 0
1397578500 0 0 0 0
1397578200 0 0 0 0
1397577900 0 0 0 0
1397577600 0 0 0 0
1397577300 0 0 0 0
1397577000 0 0 0 0
1397576700 0 0 0 0
1397576400 0 0 0 0
1397576100 0 0 0 0
1397575800 0 0 0 0
1397575500 0 0 0 0
1397575200 0 0 0 0
1397574900 0 0 0 0
1397574600 0 0 0 0
1397574300 0 0 0 0
1397574000 0 0 0 0
1397573700 0 0 0 0
1397573400 0 0 0 0
1397573100 0 0 0 0
1397572800 0 0 0 0
1397572500 0 0 0 0
1397572200 0 0 0 0
1397571900 0 0 0 0
1397571600 0 0 0 0
1397571300 0 0 0 0
1397571000 0 0 0 0
1397570700 0 0 0 0
1397570400 0 0 0 0
1397570100 0 0 0 0
1397569800 0 0 0 0
1397569500 0 0 0 0
1397569200 0 0 0 0
1397568900 0 0 0 0
1397568600 0 0 0 0
1397568300 0 0 0 0
1397568000 0 0 0 0
1397567700 0 0 0 0
1397567400 0 0 0 0
1397567100 0 0 0 0
1397566800 0 0 0 0
1397566500 0 0 0 0
1397566200 0 0 0 0
1397565900 0 0 0 0
1397565600 0 0 0 0
1397565300 0 0 0 0
1397565000 0 0 0 0
1397564700 0 0 0 0
1397564400 0 0 0 0
1397564100 0 0 0 0
1397563800 0 0 0 0
1397563500 0 0 0 0
1397563200 0 0 0 0
1397562900 0 0 0 0
1397562600 0 0 0 0
1397562300 0 0 0 0
1397562000 0 0 0 0
1397561700 0 0 0 0
1397561400 0 0 0 0
1397561100 0 0 0 0
1397560800 0 0 0 0
1397560500 0 0 0 0
1397560200 0 0 0 0
1397559900 0 0 0 0
1397559600 0 0 0 0
1397559300 0 0 0 0
1397559000 0 0 0 0
1397558700 0 0 0 0
1397558400 0 0 0 0
1397558100 0 0 0 0
1397557800 0 0 0 0
1397557500 0 0 0 0
1397557200 0 0 0 0
1397556900 0 0 0 0
1397556600 0 0 0 0
1397556300 0 0 0 0
1397556000 0 0 0 0
1397555700 0 0 0 0
1397555400 0 0 0 0
1397555100 0 0 0 0
1397554800 0 0 0 0
1397554500 0 0 0 0
1397554200 0 0 0 0
1397553900 0 0 0 0
1397553600 0 0 0 0
1397553300 0 0 0 0
1397553000 0 0 0 0
1397552700 0 0 0 0
1397552400 0 0 0 0
1397552100 0 0 0 0
1397551800 0 0 0 0
1397551500 0 0 0 0
1397551200 0 0 0 0
1397550900 0 0 0 0
1397550600 0 0 0 0
1397550300 0 0 0 0
1397550000 0 0 0 0
1397549700 0 0 0 0
1397549400 0 0 0 0
1397549100 0 0 0 0
1397548800 0 0 0 0
1397548500 0 0 0 0
1397548200 0 0 0 0
1397547900 0 0 0 0
1397547600 0 0 0 0
1397547300 0 0 0 0
1397547000 0 0 0 0
1397546700 0 0 0 0
1397546400 0 0 0 0
1397546100 0 0 0 0
1397545800 0 0 0 0
1397545500 0 0 0 0
1397545200 0 0 0 0
1397544900 0 0 0 0
1397544600 0 0 0 0
1397544300 0 0 0 0
1397544000 0 0 0 0
1397543700 0 0 0 0
1397543400 0 0 0 0
1397543100 0 0 0 0
1397542800 0 0 0 0
1397542500 0 0 0 0
1397542200 0 0 0 0
1397541900 0 0 0 0
1397541600 0 0 0 0
1397541300 0 0 0 0
1397541000 0 0 0 0
1397540700 0 0 0 0
1397540400 0 0 0 0
1397540100 0 0 0 0
1397539800 0 0 0 0
1397539500 0 0 0 0
1397539200 0 0 0 0
1397538900 0 0 0 0
1397538600 0 0 0 0
1397538300 0 0 0 0
1397538000 0 0 0 0
1397537700 0 0 0 0
1397537400 0 0 0 0
1397537100 0 0 0 0
1397536800 0 0 0 0
1397536500 0 0 0 0
1397536200 0 0 0 0
1397535900 0 0 0 0
1397535600 0 0 0 0
1397535300 0 0 0 0
1397535000 0 0 0 0
1397534700 0 0 0 0
1397534400 0 0 0 0
1397534100 0 0 0 0
1397533800 0 0 0 0
1397533500 0 0 0 0
1397533200 0 0 0 0
1397532900 0 0 0 0
1397532600 0 0 0 0
1397532300 0 0 0 0
1397532000 0 0 0 0
1397531700 0 0 0 0
1397531400 0 0 0 0
1397531100 0 0 0 0
1397530800 0 0 0 0
1397530500 0 0 0 0
1397530200 0 0 0 0
1397529900 0 0 0 0
1397529600 0 0 0 0
1397529300 0 0 0 0
1397529000 0 0 0 0
1397528700 0 0 0 0
1397528400 0 0 0 0
1397528100 0 0 0 0
1397527800 0 0 0 0
1397527500 0 0 0 0
1397527200 0 0 0 0
1397526900 0 0 0 0
1397526600 0 0 0 0
1397526300 0 0 0 0
1397526000 0 0 0 0
1397525700 0 0 0 0
1397525400 0 0 0 0
1397525100 0 0 0 0
1397524800 0 0 0 0
1397524500 0 0 0 0
1397524200 0 0 0 0
1397523900 0 0 0 0
1397523600 0 0 0 0
1397523300 0 0 0 0
1397523000 0 0 0 0
1397522700 0 0 0 0
1397522400 0 0 0 0
1397522100 0 0 0 0
1397521800 0 0 0 0
1397521500 0 0 0 0
1397521200 0 0 0 0
1397520900 0 0 0 0
1397520600 0 0 0 0
1397520300 0 0 0 0
1397520000 0 0 0 0
1397519700 0 0 0 0
1397519400 0 0 0 0
1397519100 0 0 0 0
1397518800 0 0 0 0
1397518500 0 0 0 0
1397518200 0 0 0 0
1397517900 0 0 0 0
1397517600 0 0 0 0
1397517300 0 0 0 0
1397517000 0 0 0 0
1397516700 0 0 0 0
1397516400 0 0 0 0
1397516100 0 0 0 0
1397515800 0 0 0 0
1397515500 0 0 0 0
1397515200 0 0 0 0
1397514900 0 0 0 0
1397514600 0 0 0 0
1397514300 0 0 0 0
1397514000 0 0 0 0
1397513700 0 0 0 0
1397513400 0 0 0 0
1397513100 0 0 0 0
1397512800 0 0 0 0
1397512500 0 0 0 0
1397512200 0 0 0 0
1397511900 0 0 0 0
1397511600 0 0 0 0
1397511300 0 0 0 0
1397511000 0 0 0 0
1397510700 0 0 0 0
1397510400 0 0 0 0
1397510100 0 0 0 0
1397509800 0 0 0 0
1397509500 0 0 0 0
1397509200 0 0 0 0
1397508900 0 0 0 0
1397508600 0 0 0 0
1397508300 0 0 0 0
1397508000 0 0 0 0
1397507700 0 0 0 0
1397507400 0 0 0 0
1397507100 0 0 0 0
1397506800 0 0 0 0
1397506500 0 0 0 0
1397506200 0 0 0 0
1397505900 0 0 0 0
1397505600 0 0 0 0
1397505300 0 0 0 0
1397505000 0 0 0 0
1397504700 0 0 0 0
1397504400 0 0 0 0
1397504100 0 0 0 0
1397503800 0 0 0 0
1397503500 0 0 0 0
1397503200 0 0 0 0
1397502900 0 0 0 0
1397502600 0 0 0 0
1397502300 0 0 0 0
1397502000 0 0 0 0
1397501700 0 0 0 0
1397501400 0 0 0 0
1397501100 0 0 0 0
1397500800 0 0 0 0
1397500500 0 0 0 0
1397500200 0 0 0 0
1397499900 0 0 0 0
1397499600 0 0 0 0
1397499300 0 0 0 0
1397499000 0 0 0 0
1397498700 0 0 0 0
1397498400 0 0 0 0
1397498100 0 0 0 0
1397497800 0 0 0 0
1397497500 0 0 0 0
1397497200 0 0 0 0
1397496900 0 0 0 0
1397496600 0 0 0 0
1397496300 0 0 0 0
1397496000 0 0 0 0
1397495700 0 0 0 0
1397495400 0 0 0 0
1397495100 0 0 0 0
1397494800 0 0 0 0
1397494500 0 0 0 0
1397494200 0 0 0 0
1397493900 0 0 0 0
1397493600 0 0 0 0
1397493300 0 0 0 0
1397493000 0 0 0 0
1397492700 0 0 0 0
1397492400 0 0 0 0
1397492100 0 0 0 0
1397491800 0 0 0 0
1397491500 0 0 0 0
1397491200 0 0 0 0
1397490900 0 0 0 0
1397490600 0 0 0 0
1397490300 0 0 0 0
1397490000 0 0 0 0
1397489700 0 0 0 0
1397489400 0 0 0 0
1397489100 0 0 0 0
1397488800 0 0 0 0
1397488500 0 0 0 0
1397488200 0 0 0 0
1397487900 0 0 0 0
1397487600 0 0 0 0
1397487300 0 0 0 0
1397487000 0 0 0 0
1397486700 0 0 0 0
1397486400 0 0 0 0
1397486100 0 0 0 0
1397485800 0 0 0 0
1397485500 0 0 0 0
1397485200 0 0 0 0
1397484900 0 0 0 0
1397484600 0 0 0 0
1397484300 0 0 0 0
1397484000 0 0 0 0
1397483700 0 0 0 0
1397483400 0 0 0 0
1397483100 0 0 0 0
1397482800 0 0 0 0
1397482500 0 0 0 0
1397482200 0 0 0 0
1397481900 0 0 0 0
1397481600 0 0 0 0
1397481300 0 0 0 0
1397481000 0 0 0 0
1397480700 0 0 0 0
1397480400 0 0 0 0
1397480100 0 0 0 0
1397479800 0 0 0 0
1397479500 0 0 0 0
1397479200 0 0 0 0
1397478900 0 0 0 0
1397478600 0 0 0 0
1397478300 0 0 0 0
1397478000 0 0 0 0
1397477700 0 0 0 0
1397477400 0 0 0 0
1397477100 0 0 0 0
1397476800 0 0 0 0
1397476500 0 0 0 0
1397476200 0 0 0 0
1397475900 0 0 0 0
1397475600 0 0 0 0
1397475300 0 0 0 0
1397475000 0 0 0 0
1397474700 0 0 0 0
1397474400 0 0 0 0
1397474100 0 0 0 0
1397473800 0 0 0 0
1397473500 0 0 0 0
1397473200 0 0 0 0
1397472900 0 0 0 0
1397472600 0 0 0 0
1397472300 0 0 0 0
1397472000 0 0 0 0
1397471700 0 0 0 0
1397471400 0 0 0 0
1397471100 0 0 0 0
1397470800 0 0 0 0
1397470500 0 0 0 0
1397470200 0 0 0 0
1397469900 0 0 0 0
1397469600 0 0 0 0
1397469300 0 0 0 0
1397469000 0 0 0 0
1397468700 0 0 0 0
1397468400 0 0 0 0
1397468100 0 0 0 0
1397467800 0 0 0 0
1397467500 0 0 0 0
1397467200 0 0 0 0
1397466900 0 0 0 0
1397466600 0 0 0 0
1397466300 0 0 0 0
1397466000 0 0 0 0
1397465700 0 0 0 0
1397465400 0 0 0 0
1397465100 0 0 0 0
1397464800 0 0 0 0
1397464500 0 0 0 0
1397464200 0 0 0 0
1397463900 0 0 0 0
1397463600 0 0 0 0
1397463300 0 0 0 0
1397463000 0 0 0 0
1397462700 0 0 0 0
1397462400 0 0 0 0
1397462100 0 0 0 0
1397461800 0 0 0 0
1397461500 0 0 0 0
1397461200 0 0 0 0
1397460900 0 0 0 0
1397460600 0 0 0 0
1397460300 0 0 0 0
1397460000 0 0 0 0
1397459700 0 0 0 0
1397459400 0 0 0 0
1397459100 0 0 0 0
1397458800 0 0 0 0
1397458500 0 0 0 0
1397458200 0 0 0 0
1397457900 0 0 0 0
1397457600 0 0 0 0
1397457300 0 0 0 0
1397457000 0 0 0 0
1397456700 0 0 0 0
1397456400 0 0 0 0
1397456100 0 0 0 0
1397455800 0 0 0 0
1397455500 0 0 0 0
1397455200 0 0 0 0
1397454900 0 0 0 0
1397454600 0 0 0 0
1397454300 0 0 0 0
1397454000 0 0 0 0
1397453700 0 0 0 0
1397453400 0 0 0 0
1397453100 0 0 0 0
1397452800 0 0 0 0
1397452500 0 0 0 0
1397452200 0 0 0 0
1397451900 0 0 0 0
1397451600 0 0 0 0
1397451300 0 0 0 0
1397451000 0 0 0 0
1397450700 0 0 0 0
1397450400 0 0 0 0
1397450100 0 0 0 0
1397449800 0 0 0 0
1397449500 0 0 0 0
1397449200 0 0 0 0
1397448900 0 0 0 0
1397448600 0 0 0 0
1397448300 0 0 0 0
1397448000 0 0 0 0
1397447700 0 0 0 0
1397447400 0 0 0 0
1397447100 0 0 0 0
1397446800 0 0 0 0
1397446500 0 0 0 0
1397446200 0 0 0 0
1397445900 0 0 0 0
1397445600 0 0 0 0
1397445300 0 0 0 0
1397445000 0 0 0 0
1397444700 0 0 0 0
1397444400 0 0 0 0
1397444100 0 0 0 0
1397443800 0 0 0 0
1397443500 0 0 0 0
1397443200 0 0 0 0
1397442900 0 0 0 0
1397442600 0 0 0 0
1397442300 0 0 0 0
1397442000 0 0 0 0
1397441700 0 0 0 0
1397441400 0 0 0 0
1397441100 0 0 0 0
1397440800 0 0 0 0
1397440500 0 0 0 0
1397440200 0 0 0 0
1397439900 0 0 0 0
1397439600 0 0 0 0
1397439300 0 0 0 0
1397439000 0 0 0 0
1397438700 0 0 0 0
1397438400 0 0 0 0
1397438100 0 0 0 0
1397437800 0 0 0 0
1397437500 0 0 0 0
1397437200 0 0 0 0
1397436900 0 0 0 0
1397436600 0 0 0 0
1397436300 0 0 0 0
1397436000 0 0 0 0
1397435700 0 0 0 0
1397435400 0 0 0 0
1397435100 0 0 0 0
1397434800 0 0 0 0
1397434500 0 0 0 0
1397434200 0 0 0 0
1397433900 0 0 0 0
1397433600 0 0 0 0
1397433300 0 0 0 0
1397433000 0 0 0 0
1397432700 0 0 0 0
1397432400 0 0 0 0
1397432100 0 0 0 0
1397431800 0 0 0 0
1397431500 0 0 0 0
1397431200 0 0 0 0
1397430900 0 0 0 0
1397430600 0 0 0 0
1397430300 0 0 0 0
1397430000 0 0 0 0
1397429700 0 0 0 0
1397429400 0 0 0 0
1397429100 0 0 0 0
1397428800 0 0 0 0
1397428500 0 0 0 0
1397428200 0 0 0 0
1397427900 0 0 0 0
1397427600 0 0 0 0
1397427300 0 0 0 0
1397427000 0 0 0 0
1397426700 0 0 0 0
1397426400 0 0 0 0
1397426100 0 0 0 0
1397425800 0 0 0 0
1397425500 0 0 0 0
1397425200 0 0 0 0
1397424900 0 0 0 0
1397424600 0 0 0 0
1397424300 0 0 0 0
1397424000 0 0 0 0
1397423700 0 0 0 0
1397423400 0 0 0 0
1397423100 0 0 0 0
1397422800 0 0 0 0
1397422500 0 0 0 0
1397422200 0 0 0 0
1397421900 0 0 0 0
1397421600 0 0 0 0
1397421300 0 0 0 0
1397421000 0 0 0 0
1397420700 0 0 0 0
1397420400 0 0 0 0
1397420100 0 0 0 0
1397419800 0 0 0 0
1397419500 0 0 0 0
1397419200 0 0 0 0
1397418900 0 0 0 0
1397418600 0 0 0 0
1397418300 0 0 0 0
1397418000 0 0 0 0
1397417700 0 0 0 0
1397417400 0 0 0 0
1397417100 0 0 0 0
1397416800 0 0 0 0
1397416500 0 0 0 0
1397416200 0 0 0 0
1397415900 0 0 0 0
1397415600 0 0 0 0
1397415300 0 0 0 0
1397415000 0 0 0 0
1397414700 0 0 0 0
1397414400 0 0 0 0
1397414100 0 0 0 0
1397413800 0 0 0 0
1397413500 0 0 0 0
1397413200 0 0 0 0
1397412900 0 0 0 0
1397412600 0 0 0 0
1397412300 0 0 0 0
1397412000 0 0 0 0
1397411700 0 0 0 0
1397411400 0 0 0 0
1397411100 0 0 0 0
1397410800 0 0 0 0
1397410500 0 0 0 0
1397410200 0 0 0 0
1397409900 0 0 0 0
1397409600 0 0 0 0
1397409300 0 0 0 0
1397409000 0 0 0 0
1397408700 0 0 0 0
1397408400 0 0 0 0
1397408100 0 0 0 0
1397407800 0 0 0 0
1397407500 0 0 0 0
1397406600 0 0 0 0
1397404800 0 0 0 0
1397403000 0 0 0 0
1397401200 0 0 0 0
1397399400 0 0 0 0
1397397600 0 0 0 0
1397395800 0 0 0 0
1397394000 0 0 0 0
1397392200 0 0 0 0
1397390400 0 0 0 0
1397388600 0 0 0 0
1397386800 0 0 0 0
1397385000 0 0 0 0
1397383200 0 0 0 0
1397381400 0 0 0 0
1397379600 0 0 0 0
1397377800 0 0 0 0
1397376000 0 0 0 0
1397374200 0 0 0 0
1397372400 0 0 0 0
1397370600 0 0 0 0
1397368800 0 0 0 0
1397367000 0 0 0 0
1397365200 0 0 0 0
1397363400 0 0 0 0
1397361600 0 0 0 0
1397359800 0 0 0 0
1397358000 0 0 0 0
1397356200 0 0 0 0
1397354400 0 0 0 0
1397352600 0 0 0 0
1397350800 0 0 0 0
1397349000 0 0 0 0
1397347200 0 0 0 0
1397345400 0 0 0 0
1397343600 0 0 0 0
1397341800 0 0 0 0
1397340000 0 0 0 0
1397338200 0 0 0 0
1397336400 0 0 0 0
1397334600 0 0 0 0
1397332800 0 0 0 0
1397331000 0 0 0 0
1397329200 0 0 0 0
1397327400 0 0 0 0
1397325600 0 0 0 0
1397323800 0 0 0 0
1397322000 0 0 0 0
1397320200 0 0 0 0
1397318400 0 0 0 0
1397316600 0 0 0 0
1397314800 0 0 0 0
1397313000 0 0 0 0
1397311200 0 0 0 0
1397309400 0 0 0 0
1397307600 0 0 0 0
1397305800 0 0 0 0
1397304000 0 0 0 0
1397302200 0 0 0 0
1397300400 0 0 0 0
1397298600 0 0 0 0
1397296800 0 0 0 0
1397295000 0 0 0 0
1397293200 0 0 0 0
1397291400 0 0 0 0
1397289600 0 0 0 0
1397287800 0 0 0 0
1397286000 0 0 0 0
1397284200 0 0 0 0
1397282400 0 0 0 0
1397280600 0 0 0 0
1397278800 0 0 0 0
1397277000 0 0 0 0
1397275200 0 0 0 0
1397273400 0 0 0 0
1397271600 0 0 0 0
1397269800 0 0 0 0
1397268000 0 0 0 0
1397266200 0 0 0 0
1397264400 0 0 0 0
1397262600 0 0 0 0
1397260800 0 0 0 0
1397259000 0 0 0 0
1397257200 0 0 0 0
1397255400 0 0 0 0
1397253600 0 0 0 0
1397251800 0 0 0 0
1397250000 0 0 0 0
1397248200 0 0 0 0
1397246400 0 0 0 0
1397244600 0 0 0 0
1397242800 0 0 0 0
1397241000 0 0 0 0
1397239200 0 0 0 0
1397237400 0 0 0 0
1397235600 0 0 0 0
1397233800 0 0 0 0
1397232000 0 0 0 0
1397230200 0 0 0 0
1397228400 0 0 0 0
1397226600 0 0 0 0
1397224800 0 0 0 0
1397223000 0 0 0 0
1397221200 0 0 0 0
1397219400 0 0 0 0
1397217600 0 0 0 0
1397215800 0 0 0 0
1397214000 0 0 0 0
1397212200 0 0 0 0
1397210400 0 0 0 0
1397208600 0 0 0 0
1397206800 0 0 0 0
1397205000 0 0 0 0
1397203200 0 0 0 0
1397201400 0 0 0 0
1397199600 0 0 0 0
1397197800 0 0 0 0
1397196000 0 0 0 0
1397194200 0 0 0 0
1397192400 0 0 0 0
1397190600 0 0 0 0
1397188800 0 0 0 0
1397187000 0 0 0 0
1397185200 0 0 0 0
1397183400 0 0 0 0
1397181600 0 0 0 0
1397179800 0 0 0 0
1397178000 0 0 0 0
1397176200 0 0 0 0
1397174400 0 0 0 0
1397172600 0 0 0 0
1397170800 0 0 0 0
1397169000 0 0 0 0
1397167200 0 0 0 0
1397165400 0 0 0 0
1397163600 0 0 0 0
1397161800 0 0 0 0
1397160000 0 0 0 0
1397158200 0 0 0 0
1397156400 0 0 0 0
1397154600 0 0 0 0
1397152800 0 0 0 0
1397151000 0 0 0 0
1397149200 0 0 0 0
1397147400 0 0 0 0
1397145600 0 0 0 0
1397143800 0 0 0 0
1397142000 0 0 0 0
1397140200 0 0 0 0
1397138400 0 0 0 0
1397136600 0 0 0 0
1397134800 0 0 0 0
1397133000 0 0 0 0
1397131200 0 0 0 0
1397129400 0 0 0 0
1397127600 0 0 0 0
1397125800 0 0 0 0
1397124000 0 0 0 0
1397122200 0 0 0 0
1397120400 0 0 0 0
1397118600 0 0 0 0
1397116800 0 0 0 0
1397115000 0 0 0 0
1397113200 0 0 0 0
1397111400 0 0 0 0
1397109600 0 0 0 0
1397107800 0 0 0 0
1397106000 0 0 0 0
1397104200 0 0 0 0
1397102400 0 0 0 0
1397100600 0 0 0 0
1397098800 0 0 0 0
1397097000 0 0 0 0
1397095200 0 0 0 0
1397093400 0 0 0 0
1397091600 0 0 0 0
1397089800 0 0 0 0
1397088000 0 0 0 0
1397086200 0 0 0 0
1397084400 0 0 0 0
1397082600 0 0 0 0
1397080800 0 0 0 0
1397079000 0 0 0 0
1397077200 0 0 0 0
1397075400 0 0 0 0
1397073600 0 0 0 0
1397071800 0 0 0 0
1397070000 0 0 0 0
1397068200 0 0 0 0
1397066400 0 0 0 0
1397064600 0 0 0 0
1397062800 0 0 0 0
1397061000 0 0 0 0
1397059200 0 0 0 0
1397057400 0 0 0 0
1397055600 0 0 0 0
1397053800 0 0 0 0
1397052000 0 0 0 0
1397050200 0 0 0 0
1397048400 0 0 0 0
1397046600 0 0 0 0
1397044800 0 0 0 0
1397043000 0 0 0 0
1397041200 0 0 0 0
1397039400 0 0 0 0
1397037600 0 0 0 0
1397035800 0 0 0 0
1397034000 0 0 0 0
1397032200 0 0 0 0
1397030400 0 0 0 0
1397028600 0 0 0 0
1397026800 0 0 0 0
1397025000 0 0 0 0
1397023200 0 0 0 0
1397021400 0 0 0 0
1397019600 0 0 0 0
1397017800 0 0 0 0
1397016000 0 0 0 0
1397014200 0 0 0 0
1397012400 0 0 0 0
1397010600 0 0 0 0
1397008800 0 0 0 0
1397007000 0 0 0 0
1397005200 0 0 0 0
1397003400 0 0 0 0
1397001600 0 0 0 0
1396999800 0 0 0 0
1396998000 0 0 0 0
1396996200 0 0 0 0
1396994400 0 0 0 0
1396992600 0 0 0 0
1396990800 0 0 0 0
1396989000 0 0 0 0
1396987200 0 0 0 0
1396985400 0 0 0 0
1396983600 0 0 0 0
1396981800 0 0 0 0
1396980000 0 0 0 0
1396978200 0 0 0 0
1396976400 0 0 0 0
1396974600 0 0 0 0
1396972800 0 0 0 0
1396971000 0 0 0 0
1396969200 0 0 0 0
1396967400 0 0 0 0
1396965600 0 0 0 0
1396963800 0 0 0 0
1396962000 0 0 0 0
1396960200 0 0 0 0
1396958400 0 0 0 0
1396956600 0 0 0 0
1396954800 0 0 0 0
1396953000 0 0 0 0
1396951200 0 0 0 0
1396949400 0 0 0 0
1396947600 0 0 0 0
1396945800 0 0 0 0
1396944000 0 0 0 0
1396942200 0 0 0 0
1396940400 0 0 0 0
1396938600 0 0 0 0
1396936800 0 0 0 0
1396935000 0 0 0 13
1396933200 0 0 0 0
1396931400 0 0 0 0
1396929600 0 0 0 0
1396927800 0 0 0 0
1396926000 0 0 0 0
1396924200 0 0 0 4
1396922400 0 0 0 14
1396920600 0 0 0 0
1396918800 0 0 0 0
1396917000 0 0 0 0
1396915200 0 0 0 0
1396913400 0 0 0 0
1396911600 0 0 0 14
1396909800 106 6 6105 285
1396908000 0 0 0 8
1396906200 0 0 0 3
1396904400 0 0 0 3
1396902600 0 0 0 0
1396900800 0 0 3 30
1396899000 0 0 0 0
1396897200 0 0 0 0
1396895400 0 0 0 3
1396893600 0 0 0 0
1396891800 0 0 0 0
1396890000 0 0 3 46
1396888200 0 0 0 0
1396886400 0 0 0 0
1396884600 0 0 0 0
1396882800 0 0 0 0
1396881000 0 0 0 3
1396879200 0 0 0 28
1396877400 0 0 0 7
1396875600 0 0 0 7
1396873800 0 0 0 0
1396872000 0 0 0 0
1396870200 0 0 0 0
1396868400 0 0 0 20
1396866600 0 0 0 0
1396864800 0 0 0 0
1396863000 0 0 0 0
1396861200 0 0 0 0
1396859400 0 0 0 0
1396857600 0 0 0 12
1396855800 0 0 0 0
1396854000 0 0 0 0
1396852200 0 0 0 0
1396850400 0 0 0 0
1396848600 0 0 0 0
1396846800 0 0 0 18
1396845000 0 0 0 0
1396843200 0 0 0 0
1396841400 0 0 0 0
1396839600 0 0 0 0
1396837800 0 0 0 0
1396836000 0 0 0 14
1396834200 0 0 3 12
1396832400 0 0 0 0
1396830600 0 0 0 0
1396828800 0 0 0 0
1396827000 0 0 0 0
1396825200 0 0 0 0
1396823400 103 7 7382 363
1396821600 0 0 0 0
1396819800 0 0 0 0
1396818000 0 0 0 0
1396816200 0 0 0 0
1396814400 0 0 0 0
1396812600 0 0 0 12
1396810800 0 0 0 0
1396809000 0 0 0 0
1396807200 0 0 0 0
1396805400 0 0 0 0
1396803600 0 0 0 0
1396801800 0 0 0 16
1396800000 0 0 0 0
1396798200 0 0 0 0
1396796400 0 0 0 0
1396794600 0 0 0 0
1396792800 0 0 0 0
1396791000 0 0 0 15
1396789200 0 0 0 0
1396787400 0 0 0 0
1396785600 0 0 0 0
1396783800 0 0 0 0
1396782000 0 0 0 0
1396780200 0 0 0 14
1396778400 0 0 0 0
1396776600 0 0 0 0
1396774800 0 0 0 0
1396773000 0 0 0 0
1396771200 0 0 0 0
1396769400 0 0 0 16
1396767600 0 0 0 0
1396765800 0 0 0 0
1396764000 0 0 0 0
1396762200 0 0 0 0
1396760400 0 0 0 0
1396758600 0 0 0 24
1396756800 0 0 0 0
1396755000 0 0 0 0
1396753200 0 0 0 0
1396751400 0 0 0 0
1396749600 0 0 0 0
1396747800 0 0 0 10
1396746000 0 0 0 14
1396744200 0 0 0 0
1396742400 0 0 0 0
1396740600 0 0 0 0
1396738800 0 0 0 0
1396737000 103 7 5604 291
1396735200 0 0 0 12
1396733400 0 0 0 0
1396731600 0 0 0 0
1396729800 0 0 0 0
1396728000 0 0 0 0
1396726200 0 0 0 0
1396724400 0 0 0 19
1396722600 0 0 0 0
1396720800 0 0 0 0
1396719000 0 0 0 0
1396717200 0 0 0 0
1396715400 0 0 0 0
1396713600 0 0 0 13
1396711800 0 0 0 0
1396710000 0 0 0 0
1396708200 0 0 0 0
1396706400 0 0 0 0
1396704600 0 0 0 0
1396702800 0 0 0 10
1396701000 0 0 0 0
1396699200 0 0 0 0
1396697400 0 0 0 0
1396695600 0 0 0 0
1396693800 0 0 0 0
1396692000 0 0 0 8
1396690200 0 0 0 0
1396688400 0 0 0 0
1396686600 0 0 0 0
1396684800 0 0 0 0
1396683000 0 0 0 0
1396681200 0 0 0 18
1396679400 0 0 0 0
1396677600 0 0 0 0
1396675800 0 0 0 0
1396674000 0 0 0 0
1396672200 0 0 0 0
1396670400 0 0 0 17
1396668600 0 0 0 0
1396666800 0 0 0 0
1396665000 0 0 0 0
1396663200 0 0 0 0
1396661400 0 0 0 0
1396659600 0 0 0 18
1396657800 0 0 0 0
1396656000 0 0 0 0
1396654200 0 0 0 0
1396652400 0 0 0 0
1396650600 106 7 7317 315
1396648800 0 0 3 17
1396647000 0 0 0 7
1396645200 0 0 0 0
1396643400 0 0 0 0
1396641600 0 0 0 0
1396639800 0 0 0 0
1396638000 0 0 0 10
1396636200 0 0 0 19
1396634400 0 0 0 0
1396632600 0 0 0 0
1396630800 0 0 0 0
1396629000 0 0 0 0
1396627200 0 0 0 0
1396625400 0 0 0 12
1396623600 0 0 0 0
1396621800 0 0 0 0
1396620000 0 0 0 0
1396618200 0 0 0 0
1396616400 0 0 0 0
1396614600 0 0 0 18
1396612800 0 0 0 0
1396611000 2 0 278 136
1396609200 0 0 0 0
1396607400 0 0 0 0
1396605600 0 0 0 0
1396603800 0 0 0 12
1396602000 0 0 0 0
1396600200 0 0 0 0
1396598400 0 0 0 0
1396596600 0 0 0 0
1396594800 0 0 0 0
1396593000 2 0 279 135
1396591200 0 0 0 0
1396589400 0 0 0 0
1396587600 0 0 0 0
1396585800 0 0 0 0
1396584000 0 0 0 0
1396582200 0 0 0 12
1396580400 0 0 0 0
1396578600 0 0 0 0
1396576800 0 0 0 0
1396575000 5 1 278 133
1396573200 0 0 0 0
1396571400 0 0 0 14
1396569600 0 0 0 0
1396567800 0 0 0 5
1396566000 0 0 0 0
1396564200 83 6 6610 304
1396562400 0 0 0 5
1396560600 0 0 0 16
1396558800 0 0 0 8
1396557000 0 0 0 0
1396555200 0 0 0 0
1396553400 0 0 0 0
1396551600 0 0 0 0
1396549800 0 0 0 0
1396548000 0 0 0 0
1396546200 0 0 0 0
1396544400 0 0 0 0
1396542600 0 0 0 0
1396540800 0 0 0 0
1396539000 0 0 0 0
1396537200 0 0 0 0
1396535400 0 0 0 0
1396533600 0 0 0 0
1396531800 0 0 0 0
1396530000 0 0 0 0
1396528200 0 0 0 0
1396526400 0 0 0 0
1396524600 0 0 0 0
1396522800 0 0 0 0
1396521000 0 0 0 0
1396519200 0 0 0 0
1396517400 0 0 0 0
1396515600 0 0 0 0
1396513800 0 0 0 0
1396512000 0 0 0 0
1396510200 0 0 0 0
1396508400 0 0 0 0
1396506600 0 0 0 0
1396504800 0 0 0 0
1396503000 0 0 0 0
1396501200 0 0 0 0
1396499400 0 0 0 0
1396497600 0 0 0 0
1396495800 0 0 0 0
1396494000 0 0 0 0
1396492200 0 0 0 0
1396490400 0 0 0 0
1396488600 0 0 0 0
1396486800 0 0 0 0
1396485000 0 0 0 0
1396483200 0 0 0 0
1396481400 0 0 0 0
1396479600 0 0 0 0
1396477800 0 0 0 0
1396476000 0 0 0 0
1396474200 0 0 0 0
1396472400 0 0 0 0
1396470600 0 0 0 0
1396468800 0 0 0 0
1396467000 0 0 0 0
1396465200 0 0 0 0
1396463400 0 0 0 0
1396461600 0 0 0 0
1396459800 0 0 0 0
1396458000 0 0 0 0
1396456200 0 0 0 0
1396454400 0 0 0 0
1396452600 0 0 0 0
1396450800 0 0 0 0
1396449000 0 0 0 0
1396447200 0 0 0 0
1396445400 0 0 0 0
1396443600 0 0 0 0
1396441800 0 0 0 0
1396440000 0 0 0 0
1396438200 0 0 0 0
1396436400 0 0 0 0
1396434600 0 0 0 0
1396432800 0 0 0 0
1396431000 0 0 0 0
1396429200 0 0 0 0
1396427400 0 0 0 0
1396425600 0 0 0 0
1396423800 0 0 0 0
1396422000 0 0 0 0
1396420200 0 0 0 0
1396418400 0 0 0 0
1396416600 0 0 0 0
1396414800 0 0 0 0
1396413000 0 0 0 0
1396411200 0 0 0 0
1396409400 0 0 0 0
1396407600 0 0 0 0
1396405800 0 0 0 0
1396404000 0 0 0 0
1396402200 0 0 0 0
1396400400 0 0 0 0
1396398600 0 0 0 0
1396396800 0 0 0 0
1396395000 0 0 0 0
1396393200 0 0 0 0
1396391400 0 0 0 0
1396389600 0 0 0 0
1396387800 0 0 0 0
1396386000 0 0 0 0
1396384200 0 0 0 0
1396382400 0 0 0 0
1396380600 0 0 0 0
1396378800 0 0 0 0
1396377000 0 0 0 0
1396375200 0 0 0 0
1396373400 0 0 0 0
1396371600 0 0 0 0
1396369800 0 0 0 0
1396368000 0 0 0 0
1396366200 0 0 0 0
1396364400 0 0 0 0
1396362600 0 0 0 0
1396360800 0 0 0 0
1396359000 0 0 0 0
1396357200 0 0 0 0
1396355400 0 0 0 0
1396353600 0 0 0 0
1396351800 0 0 0 0
1396350000 0 0 0 0
1396348200 0 0 0 0
1396346400 0 0 0 0
1396344600 0 0 0 0
1396342800 0 0 0 0
1396341000 0 0 0 0
1396339200 0 0 0 0
1396337400 0 0 0 0
1396335600 0 0 0 0
1396333800 0 0 0 0
1396332000 0 0 0 0
1396330200 0 0 0 0
1396328400 0 0 0 0
1396326600 0 0 0 0
1396324800 0 0 0 0
1396317600 0 0 0 0
1396310400 0 0 0 0
1396303200 0 0 0 0
1396296000 0 0 0 0
1396288800 0 0 0 0
1396281600 0 0 0 0
1396274400 0 0 0 0
1396267200 0 0 0 0
1396260000 0 0 0 0
1396252800 0 0 0 0
1396245600 0 0 0 0
1396238400 0 0 0 0
1396231200 0 0 0 0
1396224000 0 0 0 0
1396216800 0 0 0 0
1396209600 0 0 0 0
1396202400 0 0 0 0
1396195200 0 0 0 0
1396188000 0 0 0 0
1396180800 0 0 0 0
1396173600 0 0 0 0
1396166400 0 0 0 0
1396159200 0 0 0 0
1396152000 0 0 0 0
1396144800 0 0 0 0
1396137600 0 0 0 0
1396130400 0 0 0 0
1396123200 0 0 0 0
1396116000 0 0 0 0
1396108800 0 0 0 0
1396101600 0 0 0 0
1396094400 0 0 0 0
1396087200 0 0 0 0
1396080000 0 0 0 0
1396072800 0 0 0 0
1396065600 0 0 0 0
1396058400 0 0 0 0
1396051200 0 0 0 0
1396044000 0 0 0 0
1396036800 0 0 0 0
1396029600 0 0 0 0
1396022400 0 0 0 0
1396015200 0 0 0 0
1396008000 0 0 0 0
1396000800 0 0 0 0
1395993600 0 0 0 0
1395986400 0 0 0 0
1395979200 0 0 0 0
1395972000 0 0 0 0
1395964800 0 0 0 0
1395957600 0 0 0 0
1395950400 0 0 0 0
1395943200 0 0 0 0
1395936000 0 0 0 0
1395928800 0 0 0 0
1395921600 0 0 0 0
1395914400 0 0 0 0
1395907200 0 0 0 0
1395900000 0 0 0 0
1395892800 0 0 0 0
1395885600 0 0 0 0
1395878400 0 0 0 0
1395871200 0 0 0 0
1395864000 0 0 0 0
1395856800 0 0 0 0
1395849600 0 0 0 0
1395842400 0 0 0 0
1395835200 0 0 0 0
1395828000 0 0 0 0
1395820800 0 0 0 0
1395813600 0 0 0 0
1395806400 0 0 0 0
1395799200 0 0 0 0
1395792000 0 0 0 0
1395784800 0 0 0 0
1395777600 0 0 0 0
1395770400 0 0 0 0
1395763200 0 0 0 0
1395756000 0 0 0 0
1395748800 0 0 0 0
1395741600 0 0 0 0
1395734400 0 0 0 0
1395727200 0 0 0 0
1395720000 0 0 0 0
1395712800 0 0 0 0
1395705600 0 0 0 0
1395698400 0 0 0 0
1395691200 0 0 0 0
1395684000 0 0 0 0
1395676800 0 0 0 0
1395669600 0 0 0 0
1395662400 0 0 0 0
1395655200 0 0 0 0
1395648000 0 0 0 0
1395640800 0 0 0 0
1395633600 0 0 0 0
1395626400 0 0 0 0
1395619200 0 0 0 0
1395612000 0 0 0 0
1395604800 0 0 0 0
1395597600 0 0 0 0
1395590400 0 0 0 0
1395583200 0 0 0 0
1395576000 0 0 0 0
1395568800 0 0 0 0
1395561600 0 0 0 0
1395554400 0 0 0 0
1395547200 0 0 0 0
1395540000 0 0 0 0
1395532800 0 0 0 0
1395525600 0 0 0 0
1395518400 0 0 0 0
1395511200 0 0 0 0
1395504000 0 0 0 0
1395496800 0 0 0 0
1395489600 0 0 0 0
1395482400 0 0 0 0
1395475200 0 0 0 0
1395468000 0 0 0 0
1395460800 0 0 0 0
1395453600 0 0 0 0
1395446400 0 0 0 0
1395439200 0 0 0 0
1395432000 0 0 0 0
1395424800 0 0 0 0
1395417600 0 0 0 0
1395410400 0 0 0 0
1395403200 0 0 0 0
1395396000 0 0 0 0
1395388800 0 0 0 0
1395381600 0 0 0 0
1395374400 0 0 0 0
1395367200 0 0 0 0
1395360000 0 0 0 0
1395352800 0 0 0 0
1395345600 0 0 0 0
1395338400 0 0 0 0
1395331200 0 0 0 0
1395324000 0 0 0 0
1395316800 0 0 0 0
1395309600 0 0 0 0
1395302400 0 0 0 0
1395295200 0 0 0 0
1395288000 0 0 0 0
1395280800 0 0 0 0
1395273600 0 0 0 0
1395266400 0 0 0 0
1395259200 0 0 0 0
1395252000 0 0 0 0
1395244800 0 0 0 0
1395237600 0 0 0 0
1395230400 0 0 0 0
1395223200 0 0 0 0
1395216000 0 0 0 0
1395208800 0 0 0 0
1395201600 0 0 0 0
1395194400 0 0 0 0
1395187200 0 0 0 0
1395180000 0 0 0 0
1395172800 0 0 0 0
1395165600 0 0 0 0
1395158400 0 0 0 0
1395151200 0 0 0 0
1395144000 0 0 0 0
1395136800 0 0 0 0
1395129600 0 0 0 0
1395122400 0 0 0 0
1395115200 0 0 0 0
1395108000 0 0 0 0
1395100800 0 0 0 0
1395093600 0 0 0 0
1395086400 0 0 0 0
1395079200 0 0 0 0
1395072000 0 0 0 0
1395064800 0 0 0 0
1395057600 0 0 0 0
1395050400 0 0 0 0
1395043200 0 0 0 0
1395036000 0 0 0 0
1395028800 0 0 0 0
1395021600 0 0 0 0
1395014400 0 0 0 0
1395007200 0 0 0 0
1395000000 0 0 0 0
1394992800 0 0 0 0
1394985600 0 0 0 0
1394978400 0 0 0 0
1394971200 0 0 0 0
1394964000 0 0 0 0
1394956800 0 0 0 0
1394949600 0 0 0 0
1394942400 0 0 0 0
1394935200 0 0 0 0
1394928000 0 0 0 0
1394920800 0 0 0 0
1394913600 0 0 0 0
1394906400 0 0 0 0
1394899200 0 0 0 0
1394892000 0 0 0 0
1394884800 0 0 0 0
1394877600 0 0 0 0
1394870400 0 0 0 0
1394863200 0 0 0 0
1394856000 0 0 0 0
1394848800 0 0 0 0
1394841600 0 0 0 0
1394834400 0 0 0 0
1394827200 0 0 0 0
1394820000 0 0 0 0
1394812800 0 0 0 0
1394805600 0 0 0 0
1394798400 0 0 0 0
1394791200 0 0 0 0
1394784000 0 0 0 0
1394776800 0 0 0 0
1394769600 0 0 0 0
1394762400 0 0 0 0
1394755200 0 0 0 0
1394748000 0 0 0 0
1394740800 0 0 0 0
1394733600 0 0 0 0
1394726400 0 0 0 0
1394719200 0 0 0 0
1394712000 0 0 0 0
1394704800 0 0 0 0
1394697600 0 0 0 0
1394690400 0 0 0 0
1394683200 0 0 0 0
1394676000 0 0 0 0
1394668800 0 0 0 0
1394661600 0 0 0 0
1394654400 0 0 0 0
1394647200 0 0 0 0
1394640000 0 0 0 0
1394632800 0 0 0 0
1394625600 0 0 0 0
1394618400 0 0 0 0
1394611200 0 0 0 0
1394604000 0 0 0 0
1394596800 0 0 0 0
1394589600 0 0 0 0
1394582400 0 0 0 0
1394575200 0 0 0 0
1394568000 0 0 0 0
1394560800 0 0 0 0
1394553600 0 0 0 0
1394546400 0 0 0 0
1394539200 0 0 0 0
1394532000 0 0 0 0
1394524800 0 0 0 0
1394517600 0 0 0 0
1394510400 0 0 0 0
1394503200 0 0 0 0
1394496000 0 0 0 0
1394488800 0 0 0 0
1394481600 0 0 0 0
1394474400 0 0 0 0
1394467200 0 0 0 0
1394460000 0 0 0 0
1394452800 0 0 0 0
1394445600 0 0 0 0
1394438400 0 0 0 0
1394431200 0 0 0 0
1394424000 0 0 0 0
1394416800 0 0 0 0
1394409600 0 0 0 0
1394402400 0 0 0 0
1394395200 0 0 0 0
1394388000 0 0 0 0
1394380800 0 0 0 0
1394373600 0 0 0 0
1394366400 0 0 0 0
1394359200 0 0 0 0
1394352000 0 0 0 0
1394344800 0 0 0 0
1394337600 0 0 0 0
1394330400 0 0 0 0
1394323200 0 0 0 0
1394316000 0 0 0 0
1394308800 0 0 0 0
1394301600 0 0 0 0
1394294400 0 0 0 0
1394287200 0 0 0 0
1394280000 0 0 0 0
1394272800 0 0 0 0
1394265600 0 0 0 0
1394258400 0 0 0 0
1394251200 0 0 0 0
1394244000 0 0 0 0
1394236800 0 0 0 0
1394229600 0 0 0 0
1394222400 0 0 0 0
1394215200 0 0 0 0
1394208000 0 0 0 0
1394200800 0 0 0 0
1394193600 0 0 0 0
1394186400 0 0 0 0
1394179200 0 0 0 0
1394172000 0 0 0 0
1394164800 0 0 0 0
1394157600 0 0 0 0
1394150400 0 0 0 0
1394143200 0 0 0 0
1394136000 0 0 0 0
1394128800 0 0 0 0
1394121600 0 0 0 0
1394114400 0 0 0 0
1394107200 0 0 0 0
1394100000 0 0 0 0
1394092800 0 0 0 0
1394085600 0 0 0 0
1394078400 0 0 0 0
1394071200 0 0 0 0
1394064000 0 0 0 0
1394056800 0 0 0 0
1394049600 0 0 0 0
1394042400 0 0 0 0
1394035200 0 0 0 0
1394028000 0 0 0 0
1394020800 0 0 0 0
1394013600 0 0 0 0
1394006400 0 0 0 0
1393999200 0 0 0 0
1393992000 0 0 0 0
1393984800 0 0 0 0
1393977600 0 0 0 0
1393970400 0 0 0 0
1393963200 0 0 0 0
1393956000 0 0 0 0
1393948800 0 0 0 0
1393941600 0 0 0 0
1393934400 0 0 0 0
1393927200 0 0 0 0
1393920000 0 0 0 0
1393912800 0 0 0 0
1393905600 0 0 0 0
1393898400 0 0 0 0
1393891200 0 0 0 0
1393884000 0 0 0 0
1393876800 0 0 0 0
1393869600 0 0 0 0
1393862400 0 0 0 0
1393855200 0 0 0 0
1393848000 0 0 0 0
1393840800 0 0 0 0
1393833600 0 0 0 0
1393826400 0 0 0 0
1393819200 0 0 0 0
1393812000 0 0 0 0
1393804800 0 0 0 0
1393797600 0 0 0 0
1393790400 0 0 0 0
1393783200 0 0 0 0
1393776000 0 0 0 0
1393768800 0 0 0 0
1393761600 0 0 0 0
1393754400 0 0 0 0
1393747200 0 0 0 0
1393740000 0 0 0 0
1393732800 0 0 0 0
1393725600 0 0 0 0
1393718400 0 0 0 0
1393711200 0 0 0 0
1393704000 0 0 0 0
1393696800 0 0 0 0
1393689600 0 0 0 0
1393682400 0 0 0 0
1393675200 0 0 0 0
1393668000 0 0 0 0
1393660800 0 0 0 0
1393653600 0 0 0 0
1393646400 0 0 0 0
1393639200 0 0 0 0
1393632000 0 0 0 0
1393624800 0 0 0 0
1393617600 0 0 0 0
1393610400 0 0 0 0
1393603200 0 0 0 0
1393596000 0 0 0 0
1393588800 0 0 0 0
1393581600 0 0 0 0
1393574400 0 0 0 0
1393567200 0 0 0 0
1393560000 0 0 0 0
1393552800 0 0 0 0
1393545600 0 0 0 0
1393538400 0 0 0 0
1393531200 0 0 0 0
1393524000 0 0 0 0
1393516800 0 0 0 0
1393509600 0 0 0 0
1393502400 0 0 0 0
1393495200 0 0 0 0
1393488000 0 0 0 0
1393480800 0 0 0 0
1393473600 0 0 0 0
1393466400 0 0 0 0
1393459200 0 0 0 0
1393452000 0 0 0 0
1393444800 0 0 0 0
1393437600 0 0 0 0
1393430400 0 0 0 0
1393423200 0 0 0 0
1393416000 0 0 0 0
1393408800 0 0 0 0
1393401600 0 0 0 0
1393394400 0 0 0 0
1393387200 0 0 0 0
1393380000 0 0 0 0
1393372800 0 0 0 0
1393365600 0 0 0 0
1393358400 0 0 0 0
1393351200 0 0 0 0
1393344000 0 0 0 0
1393336800 0 0 0 0
1393329600 0 0 0 0
1393322400 0 0 0 0
1393315200 0 0 0 0
1393308000 0 0 0 0
1393300800 0 0 0 0
1393293600 0 0 0 0
1393286400 0 0 0 0
1393279200 0 0 0 0
1393272000 0 0 0 0
1393264800 0 0 0 0
1393257600 0 0 0 0
1393250400 0 0 0 0
1393243200 0 0 0 0
1393236000 0 0 0 0
1393228800 0 0 0 0
1393221600 0 0 0 0
1393214400 0 0 0 0
1393207200 0 0 0 0
1393200000 0 0 0 0
1393192800 0 0 0 0
1393185600 0 0 0 0
1393178400 0 0 0 0
1393171200 0 0 0 0
1393164000 0 0 0 0
1393156800 0 0 0 0
1393149600 0 0 0 0
1393142400 0 0 0 0
1393135200 0 0 0 0
1393128000 0 0 0 0
1393120800 0 0 0 0
1393113600 0 0 0 0
1393106400 0 0 0 0
1393099200 0 0 0 0
1393092000 0 0 0 0
1393084800 0 0 0 0
1393077600 0 0 0 0
1393070400 0 0 0 0
1393063200 0 0 0 0
1393056000 0 0 0 0
1393048800 0 0 0 0
1393041600 0 0 0 0
1393034400 0 0 0 0
1393027200 0 0 0 0
1393020000 0 0 0 0
1393012800 0 0 0 0
1393005600 0 0 0 0
1392998400 0 0 0 0
1392991200 0 0 0 0
1392984000 0 0 0 0
1392976800 0 0 0 0
1392969600 0 0 0 0
1392962400 0 0 0 0
1392955200 0 0 0 0
1392948000 0 0 0 0
1392940800 0 0 0 0
1392933600 0 0 0 0
1392926400 0 0 0 0
1392919200 0 0 0 0
1392912000 0 0 0 0
1392904800 0 0 0 0
1392897600 0 0 0 0
1392890400 0 0 0 0
1392883200 0 0 0 0
1392876000 0 0 0 0
1392868800 0 0 0 0
1392861600 0 0 0 0
1392854400 0 0 0 0
1392847200 0 0 0 0
1392840000 0 0 0 0
1392832800 0 0 0 0
1392825600 0 0 0 0
1392818400 0 0 0 0
1392811200 0 0 0 0
1392804000 0 0 0 0
1392796800 0 0 0 0
1392789600 0 0 0 0
1392782400 0 0 0 0
1392775200 0 0 0 0
1392768000 0 0 0 0
1392760800 0 0 0 0
1392753600 0 0 0 0
1392746400 0 0 0 0
1392739200 0 0 0 0
1392732000 0 0 0 0
1392724800 0 0 0 0
1392717600 0 0 0 0
1392710400 0 0 0 0
1392703200 0 0 0 0
1392696000 0 0 0 0
1392688800 0 0 0 0
1392681600 0 0 0 0
1392674400 0 0 0 0
1392667200 0 0 0 0
1392660000 0 0 0 0
1392652800 0 0 0 0
1392645600 0 0 0 0
1392638400 0 0 0 0
1392631200 0 0 0 0
1392624000 0 0 0 0
1392616800 0 0 0 0
1392609600 0 0 0 0
1392602400 0 0 0 0
1392595200 0 0 0 0
1392588000 0 0 0 0
1392580800 0 0 0 0
1392573600 0 0 0 0
1392566400 0 0 0 0
1392559200 0 0 0 0
1392552000 0 0 0 0
1392544800 0 0 0 0
1392537600 0 0 0 0
1392530400 0 0 0 0
1392523200 0 0 0 0
1392516000 0 0 0 0
1392508800 0 0 0 0
1392501600 0 0 0 0
1392494400 0 0 0 0
1392487200 0 0 0 0
1392480000 0 0 0 0
1392472800 0 0 0 0
1392465600 0 0 0 0
1392458400 0 0 0 0
1392451200 0 0 0 0
1392444000 0 0 0 0
1392436800 0 0 0 0
1392429600 0 0 0 0
1392422400 0 0 0 0
1392415200 0 0 0 0
1392408000 0 0 0 0
1392400800 0 0 0 0
1392393600 0 0 0 0
1392386400 0 0 0 0
1392379200 0 0 0 0
1392372000 0 0 0 0
1392364800 0 0 0 0
1392357600 0 0 0 0
1392350400 0 0 0 0
1392343200 0 0 0 0
1392336000 0 0 0 0
1392328800 0 0 0 0
1392321600 0 0 0 0
1392314400 0 0 0 0
1392307200 0 0 0 0
1392300000 0 0 0 0
1392292800 0 0 0 0
1392285600 0 0 0 0
1392278400 0 0 0 0
1392271200 0 0 0 0
1392264000 0 0 0 0
1392256800 0 0 0 0
1392249600 0 0 0 0
1392242400 0 0 0 0
1392235200 0 0 0 0
1392228000 0 0 0 0
1392220800 0 0 0 0
1392213600 0 0 0 0
1392206400 0 0 0 0
1392199200 0 0 0 0
1392192000 0 0 0 0
1392184800 0 0 0 0
1392177600 0 0 0 0
1392170400 0 0 0 0
1392163200 0 0 0 0
1392156000 0 0 0 0
1392148800 0 0 0 0
1392141600 0 0 0 0
1392134400 0 0 0 0
1392127200 0 0 0 0
1392120000 0 0 0 0
1392112800 0 0 0 0
1392105600 0 0 0 0
1392098400 0 0 0 0
1392091200 0 0 0 0
1392084000 0 0 0 0
1392076800 0 0 0 0
1392069600 0 0 0 0
1392062400 0 0 0 0
1392055200 0 0 0 0
1392048000 0 0 0 0
1392040800 0 0 0 0
1392033600 0 0 0 0
1392026400 0 0 0 0
1392019200 0 0 0 0
1392012000 0 0 0 0
1392004800 0 0 0 0
1391990400 0 0 0 0
1391904000 0 0 0 0
1391817600 0 0 0 0
1391731200 0 0 0 0
1391644800 0 0 0 0
1391558400 0 0 0 0
1391472000 0 0 0 0
1391385600 0 0 0 0
1391299200 0 0 0 0
1391212800 0 0 0 0
1391126400 0 0 0 0
1391040000 0 0 0 0
1390953600 0 0 0 0
1390867200 0 0 0 0
1390780800 0 0 0 0
1390694400 0 0 0 0
1390608000 0 0 0 12
1390521600 0 0 4312 228
1390435200 43 5 33937 1329
1390348800 0 0 4473 212
1390262400 0 0 4477 200
1390176000 0 0 4662 222
1390089600 0 0 4658 222
1390003200 0 0 4477 220
1389916800 42 0 43536 1192
1389830400 6 0 15503 1016
1389744000 17 0 32471 1374
1389657600 0 0 4308 496
1389571200 0 0 0 6
1389484800 0 0 1368 145
1389398400 16 1 18186 501
1389312000 1 0 167 76
1389225600 0 0 4 3
1389139200 59 11 1549 311
1389052800 0 0 1093 149
1388966400 0 0 0 0
1388880000 0 0 0 0
1388793600 0 0 0 2
1388707200 17 0 723 298
1388620800 0 0 0 0
1388534400 0 0 1980 269
1388448000 27 2 46176 1138
1388361600 0 0 0 0
1388275200 0 0 0 13
1388188800 18 5 11187 1090
1388102400 29 4 30264 1296
1388016000 0 0 0 13
1387929600 0 0 0 13
1387843200 27 1 31482 2132
1387756800 0 0 0 13
1387670400 0 0 228 122
1387584000 11 0 10741 2086
1387497600 31 6 15529 1791
1387411200 18 3 18880 1237
1387324800 28 0 31520 1794
1387238400 0 0 3778 221
1387152000 0 0 0 13
1387065600 0 0 0 18
1386979200 130 3 62178 1353
1386892800 0 0 0 0
1386806400 0 0 1887 222
1386720000 6 0 11783 533
1386633600 0 0 0 13
1386547200 0 0 0 17
1386460800 0 0 0 12
1386374400 15 0 41110 3453
1386288000 0 0 0 0
1386201600 0 0 0 0
1386115200 0 0 0 0
1386028800 0 0 0 0
1385942400 0 0 0 0
1385856000 0 0 0 0
1385769600 0 0 0 0
1385683200 0 0 0 0
1385596800 0 0 0 0
1385510400 0 0 0 0
1385424000 0 0 0 0
1385337600 0 0 0 0
1385251200 0 0 0 0
1385164800 0 0 0 0
1385078400 0 0 0 0
1384992000 0 0 0 0
1384905600 0 0 0 0
1384819200 0 0 0 0
1384732800 0 0 0 0
1384646400 0 0 0 0
1384560000 0 0 0 0
1384473600 0 0 0 0
1384387200 0 0 0 0
1384300800 0 0 0 0
1384214400 0 0 0 0
1384128000 0 0 0 0
1384041600 0 0 0 0
1383955200 0 0 0 0
1383868800 0 0 0 0
1383782400 284 11 214485 3677
1383696000 176 6 57010 4185
1383609600 0 0 0 0
1383523200 0 0 0 0
1383436800 0 0 0 0
1383350400 0 0 0 0
1383264000 0 0 0 0
1383177600 87 1 61871 2579
1383091200 0 0 0 0
1383004800 0 0 0 0
1382918400 0 0 0 0
1382832000 0 0 0 0
1382745600 0 0 0 0
1382659200 0 0 0 0
1382572800 0 0 0 0
1382486400 0 0 0 0
1382400000 0 0 0 0
1382313600 0 0 0 0
1382227200 0 0 0 0
1382140800 0 0 0 0
1382054400 0 0 0 0
1381968000 0 0 0 0
1381881600 0 0 0 0
1381795200 0 0 0 0
1381708800 0 0 0 0
1381622400 0 0 0 0
1381536000 0 0 0 0
1381449600 0 0 0 0
1381363200 0 0 0 0
1381276800 0 0 0 0
1381190400 0 0 0 0
1381104000 0 0 0 0
1381017600 0 0 0 0
1380931200 0 0 0 0
1380844800 0 0 0 0
1380758400 0 0 0 0
1380672000 0 0 0 0
1380585600 0 0 0 0
1380499200 0 0 0 0
1380412800 0 0 0 0
1380326400 0 0 0 0
1380240000 0 0 0 0
1380153600 0 0 0 0
1380067200 0 0 0 0
1379980800 0 0 0 0
1379894400 0 0 0 0
1379808000 0 0 0 0
1379721600 0 0 0 0
1379635200 0 0 0 0
1379548800 0 0 0 0
1379462400 0 0 0 0
1379376000 0 0 0 0
1379289600 0 0 0 0
1379203200 0 0 0 0
1379116800 0 0 0 0
1379030400 0 0 0 0
1378944000 0 0 0 0
1378857600 0 0 0 0
1378771200 0 0 0 0
1378684800 0 0 0 0
1378598400 0 0 0 0
1378512000 0 0 0 0
1378425600 0 0 0 0
1378339200 51 4 110031 18142
1378252800 0 0 2343 301
1378166400 84 0 60174 1433
1378080000 0 0 0 0
1377993600 0 0 0 0
1377907200 0 0 0 0
1377820800 0 0 0 0
1377734400 0 0 0 0
1377648000 0 0 0 0
1377561600 0 0 0 0
1377475200 0 0 0 0
1377388800 0 0 0 0
1377302400 0 0 0 0
1377216000 0 0 0 0
1377129600 0 0 0 0
1377043200 0 0 0 0
1376956800 0 0 0 0
1376870400 0 0 0 0
1376784000 0 0 0 0
1376697600 0 0 0 0
1376611200 7 0 4892 315
1376524800 22 0 34162 1363
1376438400 11 0 6967 398
1376352000 11 0 2486 265
1376265600 10 0 2065 224
1376179200 11 1 2225 264
1376092800 11 0 1792 278
1376006400 10 0 2031 287
1375920000 7 0 1787 231
1375833600 11 0 4079 300
1375747200 8 0 3017 185
1375660800 7 0 1196 156
1375574400 7 0 1218 163
1375488000 8 0 1661 201
1375401600 71 1 155135 8307
1375315200 0 0 64 41
1375228800 0 0 470 39
1375142400 0 0 69 45
1375056000 0 0 65 41
1374969600 0 0 70 40
1374883200 0 0 66 43
1374796800 0 0 61 39
1374710400 0 0 462 40
1374624000 6 0 3636 230
1374537600 6 0 8135 288
1374451200 0 0 1679 159
1374364800 4 0 1244 156
1374278400 6 0 1457 161
1374192000 7 1 1474 171
1374105600 5 0 1271 201
1374019200 6 0 1288 185
1373932800 7 0 1428 197
1373846400 6 0 3153 191
1373760000 5 0 1393 171
1373673600 8 0 1108 181
1373587200 10 0 1265 173
1373500800 9 0 114 20
1373414400 10 0 130 19
1373328000 11 3 128 27
1373241600 10 3 111 27
1373155200 10 3 335 22
1373068800 10 3 107 21
1372982400 11 3 123 23
1372896000 10 3 136 22
1372809600 9 3 122 23
1372723200 10 3 108 21
1372636800 7 0 152 22
1372550400 6 0 92 18
1372464000 6 0 3773 227
1372377600 7 0 1042 157
1372291200 5 0 960 152
1372204800 6 0 1199 152
1372118400 5 0 3043 185
1372032000 5 0 1362 147
1371945600 5 0 1401 140
1371859200 6 0 927 147
1371772800 6 0 1159 129
1371686400 8 0 2915 127
1371600000 7 0 1520 158
1371513600 7 0 3043 184
1371427200 6 0 1454 132
1371340800 6 0 914 134
1371254400 6 0 952 151
1371168000 6 0 1804 144
1371081600 6 0 1098 158
1370995200 6 0 1398 173
1370908800 9 0 3016 171
1370822400 5 0 1016 168
1370736000 7 0 1381 190
1370649600 6 0 1189 172
1370563200 9 0 2005 171
1370476800 6 0 2720 181
1370390400 10 0 3458 225
1370304000 7 0 4493 300
1370217600 6 0 1042 141
1370131200 5 0 1656 153
1370044800 5 0 1235 161
1369958400 9 0 4316 414
1369872000 5 0 1028 186
1369785600 6 0 1208 160
1369699200 5 0 1013 170
1369612800 5 0 1112 179
1369526400 4 0 1205 182
1369440000 8 0 2977 288
1369353600 6 0 1505 174
1369267200 6 0 912 175
1369180800 6 0 1295 200
1369094400 7 0 1280 167
1369008000 6 0 1501 180
1368921600 6 0 1212 199
1368835200 84 4 267039 21803
1368748800 5 0 1461 159
1368662400 7 0 1345 211
1368576000 8 0 2513 177
1368489600 7 0 1025 172
1368403200 7 0 1160 243
1368316800 7 0 2859 173
1368230400 7 0 1350 188
1368144000 7 0 1259 167
1368057600 6 0 1320 166
1367971200 8 0 1293 181
1367884800 7 0 1146 149
1367798400 7 0 1487 169
1367712000 6 0 1756 197
1367625600 7 0 4953 465
1367539200 7 0 969 176
1367452800 6 0 1200 179
1367366400 5 0 1185 164
1367280000 4 0 6008 207
1367193600 3 0 1229 168
1367107200 8 0 6213 252
1367020800 7 0 1214 203
1366934400 5 0 1029 154
1366848000 5 0 991 163
1366761600 5 0 2186 145
1366675200 5 0 1235 183
1366588800 4 0 987 144
1366502400 5 0 1136 165
1366416000 5 0 3243 164
1366329600 4 0 1091 187
1366243200 5 0 1510 159
1366156800 6 0 1391 190
1366070400 6 0 1395 184
1365984000 6 0 1355 171
1365897600 6 0 1991 190
1365811200 5 0 2916 258
1365724800 8 0 2704 178
1365638400 4 0 1371 167
1365552000 5 0 1596 163
1365465600 6 0 1449 158
1365379200 5 0 1228 159
1365292800 6 0 1661 157
1365206400 5 0 1773 138
1365120000 3 0 1100 182
1365033600 8 0 2626 171
1364947200 6 0 1735 168
1364860800 6 0 1198 211
1364774400 6 0 1087 187
1364688000 6 0 2519 234
1364601600 8 0 1990 165
1364515200 7 0 1251 217
1364428800 7 0 1615 218
1364342400 6 0 1042 164
1364256000 5 0 1086 212
1364169600 7 0 2498 236
1364083200 7 0 1403 167
1363996800 8 0 2434 193
1363910400 7 0 2152 201
1363824000 7 0 1687 200
1363737600 6 0 1101 181
1363651200 7 0 1488 265
1363564800 6 0 1088 187
1363478400 8 0 1001 191
1363392000 7 0 1039 227
1363305600 7 0 2519 211
1363219200 5 0 1694 174
1363132800 5 0 1434 267
1363046400 5 0 946 210
1362960000 6 0 883 224
1362873600 5 0 1107 221
1362787200 7 0 2905 195
1362700800 9 0 2238 164
1362614400 7 0 2608 206
1362528000 71 3 177192 15184
1362441600 13 0 21332 958
1362355200 7 0 2518 208
1362268800 6 0 1190 186
1362182400 6 0 932 199
1362096000 8 0 2215 167
1362009600 6 0 2123 245
1361923200 7 0 1235 162
1361836800 7 0 1448 165
1361750400 6 0 2772 231
1361664000 6 0 2516 217
1361577600 7 0 1755 188
1361491200 3 0 6781 271
1361404800 3 0 1009 182
1361318400 7 0 1435 169
1361232000 6 0 1175 237
1361145600 6 0 1006 210
1361059200 6 0 1667 186
1360972800 7 0 19418 315
1360886400 4 0 982 160
1360800000 6 0 1709 242
1360713600 6 0 2517 157
1360627200 7 0 1025 237
1360540800 7 0 1083 208
1360454400 6 0 1169 223
1360368000 7 0 2522 206
1360281600 6 0 1006 165
1360195200 9 0 1357 198
1360108800 7 0 1455 225
1360022400 8 0 18671 251
1359936000 0 0 0 0
1359849600 0 0 658 133
1359763200 8 0 1968 163
1359676800 5 0 995 205
1359590400 6 0 1369 152
1359504000 7 0 1225 163
1359417600 6 0 1235 207
1359331200 5 0 2606 132
1359244800 6 0 2064 148
1359158400 5 0 822 127
1359072000 6 0 1531 148
1358985600 5 0 1020 147
1358899200 4 0 943 164
1358812800 5 0 1315 133
1358726400 5 0 913 140
1358640000 6 0 2605 143
1358553600 5 0 1045 158
1358467200 6 0 1714 167
1358380800 4 0 702 121
1358294400 6 0 2003 152
1358208000 5 0 1222 139
1358121600 5 0 919 133
1358035200 6 0 1173 160
1357948800 7 0 3358 182
1357862400 6 0 2177 140
1357776000 6 0 1801 166
1357689600 5 0 1541 171
1357603200 6 0 1152 131
1357516800 5 0 1058 145
1357430400 5 0 1063 148
1357344000 6 0 1156 138
1357257600 6 0 2606 157
1357171200 6 0 1064 156
1357084800 6 0 1017 148
1356998400 6 0 1048 147
1356912000 5 0 1684 130
1356825600 6 0 1381 154
1356739200 6 0 1232 156
1356652800 6 0 1719 153
1356566400 6 0 2674 170
1356480000 5 0 1095 143
1356393600 6 0 1121 175
1356307200 5 0 982 150
1356220800 6 0 1482 147
1356134400 8 0 1055 165
1356048000 5 0 1355 183
1355961600 6 0 1324 163
1355875200 7 0 2085 181
1355788800 7 0 1087 141
1355702400 5 0 1226 165
1355616000 7 0 899 171
1355529600 5 0 1139 141
1355443200 7 0 2165 148
1355356800 7 0 1660 192
1355270400 7 0 1724 158
1355184000 7 0 15339 297
1355097600 0 0 0 0
1355011200 0 0 752 136
1354924800 7 0 2479 174
1354838400 9 0 6622 160
1354752000 6 0 1600 146
1354665600 6 0 1988 133
1354579200 9 0 11196 233
1354492800 6 0 1769 158
1354406400 5 0 2235 167
1354320000 17 0 21621 1242
1354233600 6 0 3081 141
1354147200 7 0 1095 151
1354060800 6 0 2849 177
1353974400 6 0 1028 163
1353888000 5 0 742 160
1353801600 9 0 4290 248
1353715200 23 0 33126 3009
1353628800 7 0 1798 157
1353542400 7 0 1291 151
1353456000 7 0 2740 132
1353369600 8 0 2983 188
1353283200 5 0 951 156
1353196800 5 0 923 136
1353110400 7 0 2877 180
1353024000 73 3 206237 16443
1352937600 6 0 2542 139
1352851200 4 0 1296 183
1352764800 6 0 1103 164
1352678400 7 0 2115 137
1352592000 6 0 1255 180
1352505600 7 0 3092 233
1352419200 3 0 3808 341
1352332800 7 0 3517 247
1352246400 57 3 165794 13636
1352160000 6 1 1312 254
1352073600 5 0 1286 245
1351987200 6 0 1029 245
1351900800 5 0 1091 236
1351814400 7 0 2348 227
1351728000 8 0 8512 260
1351641600 8 0 3091 258
1351555200 6 0 1149 272
1351468800 6 0 899 254
1351382400 6 0 938 279
1351296000 5 0 880 224
1351209600 14 0 3097 257
1351123200 15 0 3085 216
1351036800 55 5 109077 15738
1350950400 14 0 3334 215
1350864000 14 0 3088 248
1350777600 15 0 3087 231
1350691200 11 0 3088 218
1350604800 14 0 3474 244
1350518400 23 0 16766 1180
1350432000 18 0 10796 405
1350345600 14 0 3088 217
1350259200 13 0 3088 226
1350172800 13 0 3206 225
1350086400 16 0 3205 240
1350000000 15 0 3204 226
1349913600 17 0 21394 2377
1349827200 8 0 2603 335
1349740800 5 0 937 153
1349654400 5 0 950 136
1349568000 5 0 1101 157
1349481600 7 0 1387 164
1349395200 6 0 1167 152
1349308800 4 0 2731 146
1349222400 60 5 160705 12808
1349136000 0 0 0 0
1349049600 0 0 0 0
1348963200 0 0 0 0
1348876800 0 0 0 0
1348790400 0 0 0 0
1348704000 0 0 0 0
1348617600 0 0 0 0
1348531200 0 0 0 0
1348444800 0 0 0 0
1348358400 0 0 0 0
1348272000 0 0 0 0
1348185600 0 0 0 0
1348099200 0 0 0 0
1348012800 0 0 0 0
1347926400 0 0 0 0
1347840000 0 0 0 0
1347753600 0 0 0 0
1347667200 0 0 0 0
1347580800 0 0 0 0
1347494400 0 0 0 0
1347408000 0 0 0 0
1347321600 0 0 0 0
1347235200 0 0 0 0
1347148800 0 0 0 0
1347062400 0 0 0 0
1346976000 0 0 0 0
1346889600 0 0 0 0
1346803200 0 0 0 0
1346716800 0 0 0 0
1346630400 0 0 0 0
1346544000 0 0 0 0
1346457600 0 0 0 0
1346371200 0 0 0 0
1346284800 0 0 0 0
1346198400 0 0 0 0
1346112000 0 0 0 0
1346025600 0 0 0 0
1345939200 0 0 0 0
1345852800 0 0 0 0
1345766400 0 0 0 0
1345680000 0 0 0 0
1345593600 0 0 0 0
1345507200 0 0 0 0
1345420800 0 0 0 0
1345334400 0 0 0 0
1345248000 0 0 0 0
1345161600 0 0 0 0
1345075200 0 0 0 0
1344988800 0 0 0 0
1344902400 0 0 0 0
1344816000 0 0 0 0
1344729600 0 0 0 0
1344643200 0 0 0 0
1344556800 0 0 0 0
1344470400 0 0 0 0
1344384000 0 0 0 0
1344297600 0 0 0 0
1344211200 0 0 0 0
1344124800 0 0 0 0
1344038400 0 0 0 0
1343952000 0 0 0 0
1343865600 0 0 0 0
1343779200 0 0 0 0
1343692800 0 0 0 0
1343606400 0 0 0 0
1343520000 0 0 0 0
1343433600 0 0 0 0
1343347200 0 0 0 0
1343260800 0 0 0 0
1343174400 0 0 0 0
1343088000 0 0 0 0
1343001600 0 0 0 0
1342915200 0 0 0 0
1342828800 0 0 0 0
1342742400 0 0 0 0
1342656000 0 0 0 0
1342569600 0 0 0 0
1342483200 0 0 0 0
1342396800 0 0 0 0
1342310400 0 0 0 0
1342224000 0 0 0 0
1342137600 0 0 0 0
1342051200 0 0 0 0
1341964800 0 0 0 0
1341878400 0 0 0 0
1341792000 0 0 0 0
1341705600 0 0 0 0
1341619200 0 0 0 0
1341532800 0 0 0 0
1341446400 0 0 0 0
1341360000 0 0 0 0
1341273600 0 0 0 0
1341187200 0 0 0 0
1341100800 0 0 0 0
1341014400 0 0 0 0
1340928000 0 0 0 0
1340841600 0 0 0 0
1340755200 0 0 0 0
1340668800 0 0 0 0
1340582400 0 0 0 0
1340496000 0 0 0 0
1340409600 0 0 0 0
1340323200 0 0 0 0
1340236800 0 0 0 0
1340150400 0 0 0 0
1340064000 2560 210 334676 9300
1339977600 0 0 0 0
1339891200 0 0 0 0
1339804800 0 0 0 0
1339718400 0 0 0 0
1339632000 0 0 0 0
1339545600 0 0 0 0
1339459200 0 0 2546 870
1339372800 0 0 0 0
1339286400 0 0 0 0
1339200000 0 0 0 0
1339113600 0 0 0 0
1339027200 0 0 0 0
1338940800 0 0 0 0
1338854400 0 0 0 0
1338768000 0 0 0 0
1338681600 0 0 0 0
1338595200 0 0 0 0
1338508800 0 0 0 0
1338422400 0 0 0 0
1338336000 0 0 0 0
1338249600 0 0 0 0
1338163200 0 0 0 0
1338076800 0 0 0 0
1337990400 0 0 0 0
1337904000 0 0 0 0
1337817600 0 0 0 0
1337731200 0 0 0 0
1337644800 0 0 0 0
1337558400 0 0 0 0
1337472000 0 0 0 0
1337385600 0 0 0 0
1337299200 0 0 0 0
1337212800 0 0 0 0
1337126400 0 0 0 0
1337040000 0 0 0 0
1336953600 0 0 0 0
1336867200 0 0 0 0
1336780800 0 0 0 0
1336694400 0 0 0 0
1336608000 0 0 0 0
1336521600 0 0 0 0
1336435200 0 0 0 0
1336348800 0 0 0 0
1336262400 0 0 0 0
1336176000 0 0 0 0
1336089600 0 0 0 0
1336003200 0 0 0 0
1335916800 0 0 0 0
1335830400 0 0 0 0
1335744000 0 0 0 0
1335657600 0 0 0 0
1335571200 0 0 0 0
1335484800 0 0 0 0
1335398400 0 0 0 0
1335312000 0 0 0 0
1335225600 0 0 0 0
1335139200 0 0 0 0
1335052800 0 0 0 0
1334966400 0 0 0 0
1334880000 0 0 0 0
1334793600 0 0 0 0
1334707200 0 0 0 0
1334620800 0 0 0 0
1334534400 0 0 0 0
1334448000 0 0 0 0
1334361600 0 0 0 0
1334275200 0 0 0 0
1334188800 0 0 0 0
1334102400 0 0 0 0
1334016000 0 0 0 0
1333929600 0 0 0 0
1333843200 0 0 0 0
1333756800 0 0 0 0
1333670400 0 0 0 0
1333584000 0 0 0 0
1333497600 0 0 0 0
1333411200 0 0 0 0
1333324800 0 0 0 0
1333238400 0 0 0 0
1333152000 0 0 0 0
1333065600 0 0 0 0
1332979200 0 0 0 0
1332892800 0 0 0 0
1332806400 0 0 0 0
1332720000 0 0 0 0
1332633600 0 0 0 0
1332547200 0 0 0 0
1332460800 0 0 0 0
1332374400 0 0 0 0
1332288000 0 0 0 0
1332201600 0 0 0 0
1332115200 0 0 0 0
1332028800 0 0 0 0
1331942400 0 0 0 0
1331856000 0 0 0 0
1331769600 0 0 0 0
1331683200 0 0 0 0
1331596800 0 0 0 0
1331510400 0 0 0 0
1331424000 0 0 0 0
1331337600 0 0 0 0
1331251200 0 0 0 0
1331164800 0 0 0 0
1331078400 0 0 0 0
1330992000 0 0 0 0
1330905600 0 0 0 0
1330819200 0 0 0 0
1330732800 0 0 0 0
1330646400 0 0 0 0
1330560000 0 0 0 0
1330473600 0 0 0 0
1330387200 0 0 0 0
1330300800 0 0 0 0
1330214400 0 0 0 0
1330128000 0 0 0 0
1330041600 0 0 0 0
1329955200 0 0 0 0
1329868800 0 0 0 0
1329782400 0 0 0 0
1329696000 0 0 0 0
1329609600 0 0 0 0
1329523200 0 0 0 0
1329436800 0 0 0 0
1329350400 0 0 0 0
1329264000 0 0 0 0
1329177600 0 0 0 0
1329091200 0 0 0 0
1329004800 0 0 0 0
1328918400 0 0 0 0
1328832000 0 0 0 0
