1375967038 0 0
1375967038 0 0 0 0
1375967017 0 0 0 0
1375966800 0 0 0 0
1375966500 0 0 0 0
1375966200 0 0 0 0
1375965900 0 0 0 0
1375965600 0 0 0 0
1375965300 0 0 0 0
1375965000 0 0 0 0
1375964700 0 0 0 0
1375964400 0 0 0 0
1375964100 0 0 0 0
1375963800 0 0 0 0
1375963500 0 0 0 0
1375963200 0 0 0 0
1375962900 0 0 0 0
1375962600 0 0 0 0
1375962300 0 0 0 0
1375962000 0 0 0 0
1375961700 0 0 0 0
1375961400 0 0 0 0
1375961100 0 0 0 0
1375960800 0 0 0 0
1375960500 0 0 0 0
1375960200 0 0 0 0
1375959900 0 0 0 0
1375959600 0 0 0 0
1375959300 0 0 0 0
1375959000 0 0 0 0
1375958700 0 0 0 0
1375958400 0 0 0 0
1375958100 0 0 0 0
1375957800 0 0 0 0
1375957500 0 0 0 0
1375957200 0 0 0 0
1375956900 0 0 0 0
1375956600 0 0 0 0
1375956300 0 0 0 0
1375956000 0 0 0 0
1375955700 0 0 0 0
1375955400 0 0 0 0
1375955100 0 0 0 0
1375954800 0 0 0 0
1375954500 0 0 0 0
1375954200 0 0 0 0
1375953900 0 0 0 0
1375953600 0 0 0 0
1375953300 0 0 0 0
1375953000 0 0 0 0
1375952700 0 0 0 0
1375952400 0 0 0 0
1375952100 0 0 0 0
1375951800 0 0 0 0
1375951500 0 0 0 0
1375951200 0 0 0 0
1375950900 0 0 0 0
1375950600 0 0 0 0
1375950300 0 0 0 0
1375950000 0 0 0 0
1375949700 0 0 0 0
1375949400 0 0 0 0
1375949100 0 0 0 0
1375948800 0 0 0 0
1375948500 0 0 0 0
1375948200 0 0 0 0
1375947900 0 0 0 0
1375947600 0 0 0 0
1375947300 0 0 0 0
1375947000 0 0 0 0
1375946700 0 0 0 0
1375946400 0 0 0 0
1375946100 0 0 0 0
1375945800 0 0 0 0
1375945500 0 0 0 0
1375945200 0 0 0 0
1375944900 0 0 0 0
1375944600 0 0 0 0
1375944300 0 0 0 0
1375944000 0 0 0 0
1375943700 0 0 0 0
1375943400 0 0 0 0
1375943100 0 0 0 0
1375942800 0 0 0 0
1375942500 0 0 0 0
1375942200 0 0 0 0
1375941900 0 0 0 0
1375941600 0 0 0 0
1375941300 0 0 0 0
1375941000 0 0 0 0
1375940700 0 0 0 0
1375940400 0 0 0 0
1375940100 0 0 0 0
1375939800 0 0 0 0
1375939500 0 0 0 0
1375939200 0 0 0 0
1375938900 0 0 0 0
1375938600 0 0 0 0
1375938300 0 0 0 0
1375938000 0 0 0 0
1375937700 0 0 0 0
1375937400 0 0 0 0
1375937100 0 0 0 0
1375936800 0 0 0 0
1375936500 0 0 0 0
1375936200 0 0 0 0
1375935900 0 0 0 0
1375935600 0 0 0 0
1375935300 0 0 0 0
1375935000 0 0 0 0
1375934700 0 0 0 0
1375934400 0 0 0 0
1375934100 0 0 0 0
1375933800 0 0 0 0
1375933500 0 0 0 0
1375933200 0 0 0 0
1375932900 0 0 0 0
1375932600 0 0 0 0
1375932300 0 0 0 0
1375932000 0 0 0 0
1375931700 0 0 0 0
1375931400 0 0 0 0
1375931100 0 0 0 0
1375930800 0 0 0 0
1375930500 0 0 0 0
1375930200 0 0 0 0
1375929900 0 0 0 0
1375929600 0 0 0 0
1375929300 0 0 0 0
1375929000 0 0 0 0
1375928700 0 0 0 0
1375928400 0 0 0 0
1375928100 0 0 0 0
1375927800 0 0 0 0
1375927500 0 0 0 0
1375927200 0 0 0 0
1375926900 0 0 0 0
1375926600 0 0 0 0
1375926300 0 0 0 0
1375926000 0 0 0 0
1375925700 0 0 0 0
1375925400 0 0 0 0
1375925100 0 0 0 0
1375924800 0 0 0 0
1375924500 0 0 0 0
1375924200 0 0 0 0
1375923900 0 0 0 0
1375923600 0 0 0 0
1375923300 0 0 0 0
1375923000 0 0 0 0
1375922700 0 0 0 0
1375922400 0 0 0 0
1375922100 0 0 0 0
1375921800 0 0 0 0
1375921500 0 0 0 0
1375921200 0 0 0 0
1375920900 0 0 0 0
1375920600 0 0 0 0
1375920300 0 0 0 0
1375920000 0 0 0 0
1375919700 0 0 0 0
1375919400 0 0 0 0
1375919100 0 0 0 0
1375918800 0 0 0 0
1375918500 0 0 0 0
1375918200 0 0 0 0
1375917900 0 0 0 0
1375917600 0 0 0 0
1375917300 0 0 0 0
1375917000 0 0 0 0
1375916700 0 0 0 0
1375916400 0 0 0 0
1375916100 0 0 0 0
1375915800 0 0 0 0
1375915500 0 0 0 0
1375915200 0 0 0 0
1375914900 0 0 0 0
1375914600 0 0 0 0
1375914300 0 0 0 0
1375914000 0 0 0 0
1375913700 0 0 0 0
1375913400 0 0 0 0
1375913100 0 0 0 0
1375912800 0 0 0 0
1375912500 0 0 0 0
1375912200 0 0 0 0
1375911900 0 0 0 0
1375911600 0 0 0 0
1375911300 0 0 0 0
1375911000 0 0 0 0
1375910700 0 0 0 0
1375910400 0 0 0 0
1375910100 0 0 0 0
1375909800 0 0 0 0
1375909500 0 0 0 0
1375909200 0 0 0 0
1375908900 0 0 0 0
1375908600 0 0 0 0
1375908300 0 0 0 0
1375908000 0 0 0 0
1375907700 0 0 0 0
1375907400 0 0 0 0
1375907100 0 0 0 0
1375906800 0 0 0 0
1375906500 0 0 0 0
1375906200 0 0 0 0
1375905900 0 0 0 0
1375905600 0 0 0 0
1375905300 0 0 0 0
1375905000 0 0 0 0
1375904700 0 0 0 0
1375904400 0 0 0 0
1375904100 0 0 0 0
1375903800 0 0 0 0
1375903500 0 0 0 0
1375903200 0 0 0 0
1375902900 0 0 0 0
1375902600 0 0 0 0
1375902300 0 0 0 0
1375902000 0 0 0 0
1375901700 0 0 0 0
1375901400 0 0 0 0
1375901100 0 0 0 0
1375900800 0 0 0 0
1375900500 0 0 0 0
1375900200 0 0 0 0
1375899900 0 0 0 0
1375899600 0 0 0 0
1375899300 0 0 0 0
1375899000 0 0 0 0
1375898700 0 0 0 0
1375898400 0 0 0 0
1375898100 0 0 0 0
1375897800 0 0 0 0
1375897500 0 0 0 0
1375897200 0 0 0 0
1375896900 0 0 0 0
1375896600 0 0 0 0
1375896300 0 0 0 0
1375896000 0 0 0 0
1375895700 0 0 0 0
1375895400 0 0 0 0
1375895100 0 0 0 0
1375894800 0 0 0 0
1375894500 0 0 0 0
1375894200 0 0 0 0
1375893900 0 0 0 0
1375893600 0 0 0 0
1375893300 0 0 0 0
1375893000 0 0 0 0
1375892700 0 0 0 0
1375892400 0 0 0 0
1375892100 0 0 0 0
1375891800 0 0 0 0
1375891500 0 0 0 0
1375891200 0 0 0 0
1375890900 0 0 0 0
1375890600 0 0 0 0
1375890300 0 0 0 0
1375890000 0 0 0 0
1375889700 0 0 0 0
1375889400 0 0 0 0
1375889100 0 0 0 0
1375888800 0 0 0 0
1375888500 0 0 0 0
1375888200 0 0 0 0
1375887900 0 0 0 0
1375887600 0 0 0 0
1375887300 0 0 0 0
1375887000 0 0 0 0
1375886700 0 0 0 0
1375886400 0 0 0 0
1375886100 0 0 0 0
1375885800 0 0 0 0
1375885500 0 0 0 0
1375885200 0 0 0 0
1375884900 0 0 0 0
1375884600 0 0 0 0
1375884300 0 0 0 0
1375884000 0 0 0 0
1375883700 0 0 0 0
1375883400 0 0 0 0
1375883100 0 0 0 0
1375882800 0 0 0 0
1375882500 0 0 0 0
1375882200 0 0 0 0
1375881900 0 0 0 0
1375881600 0 0 0 0
1375881300 0 0 0 0
1375881000 0 0 0 0
1375880700 0 0 0 0
1375880400 0 0 0 0
1375880100 0 0 0 0
1375879800 0 0 0 0
1375879500 0 0 0 0
1375879200 0 0 0 0
1375878900 0 0 0 0
1375878600 0 0 0 0
1375878300 0 0 0 0
1375878000 0 0 0 0
1375877700 0 0 0 0
1375877400 0 0 0 0
1375877100 0 0 0 0
1375876800 0 0 0 0
1375876500 0 0 0 0
1375876200 0 0 0 0
1375875900 0 0 0 0
1375875600 0 0 0 0
1375875300 0 0 0 0
1375875000 0 0 0 0
1375874700 0 0 0 0
1375874400 0 0 0 0
1375874100 0 0 0 0
1375873800 0 0 0 0
1375873500 0 0 0 0
1375873200 0 0 0 0
1375872900 0 0 0 0
1375872600 0 0 0 0
1375872300 0 0 0 0
1375872000 0 0 0 0
1375871700 0 0 0 0
1375871400 0 0 0 0
1375871100 0 0 0 0
1375870800 0 0 0 0
1375870500 0 0 0 0
1375870200 0 0 0 0
1375869900 0 0 0 0
1375869600 0 0 0 0
1375869300 0 0 0 0
1375869000 0 0 0 0
1375868700 0 0 0 0
1375868400 0 0 0 0
1375868100 0 0 0 0
1375867800 0 0 0 0
1375867500 0 0 0 0
1375867200 0 0 0 0
1375866900 0 0 0 0
1375866600 0 0 0 0
1375866300 0 0 0 0
1375866000 0 0 0 0
1375865700 0 0 0 0
1375865400 0 0 0 0
1375865100 0 0 0 0
1375864800 0 0 0 0
1375864500 0 0 0 0
1375864200 0 0 0 0
1375863900 0 0 0 0
1375863600 0 0 0 0
1375863300 0 0 0 0
1375863000 0 0 0 0
1375862700 0 0 0 0
1375862400 0 0 0 0
1375862100 0 0 0 0
1375861800 0 0 0 0
1375861500 0 0 0 0
1375861200 0 0 0 0
1375860900 0 0 0 0
1375860600 0 0 0 0
1375860300 0 0 0 0
1375860000 0 0 0 0
1375859700 0 0 0 0
1375859400 0 0 0 0
1375859100 0 0 0 0
1375858800 0 0 0 0
1375858500 0 0 0 0
1375858200 0 0 0 0
1375857900 0 0 0 0
1375857600 0 0 0 0
1375857300 0 0 0 0
1375857000 0 0 0 0
1375856700 0 0 0 0
1375856400 0 0 0 0
1375856100 0 0 0 0
1375855800 0 0 0 0
1375855500 0 0 0 0
1375855200 0 0 0 0
1375854900 0 0 0 0
1375854600 0 0 0 0
1375854300 0 0 0 0
1375854000 0 0 0 0
1375853700 0 0 0 0
1375853400 0 0 0 0
1375853100 0 0 0 0
1375852800 0 0 0 0
1375852500 0 0 0 0
1375852200 0 0 0 0
1375851900 0 0 0 0
1375851600 0 0 0 0
1375851300 0 0 0 0
1375851000 0 0 0 0
1375850700 0 0 0 0
1375850400 0 0 0 0
1375850100 0 0 0 0
1375849800 0 0 0 0
1375849500 0 0 0 0
1375849200 0 0 0 0
1375848900 0 0 0 0
1375848600 0 0 0 0
1375848300 0 0 0 0
1375848000 0 0 0 0
1375847700 0 0 0 0
1375847400 0 0 0 0
1375847100 0 0 0 0
1375846800 0 0 0 0
1375846500 0 0 0 0
1375846200 0 0 0 0
1375845900 0 0 0 0
1375845600 0 0 0 0
1375845300 0 0 0 0
1375845000 0 0 0 0
1375844700 0 0 0 0
1375844400 0 0 0 0
1375844100 0 0 0 0
1375843800 0 0 0 0
1375843500 0 0 0 0
1375843200 0 0 0 0
1375842900 0 0 0 0
1375842600 0 0 0 0
1375842300 0 0 0 0
1375842000 0 0 0 0
1375841700 0 0 0 0
1375841400 0 0 0 0
1375841100 0 0 0 0
1375840800 0 0 0 0
1375840500 0 0 0 0
1375840200 0 0 0 0
1375839900 0 0 0 0
1375839600 0 0 0 0
1375839300 0 0 0 0
1375839000 0 0 0 0
1375838700 0 0 0 0
1375838400 0 0 0 0
1375838100 0 0 0 0
1375837800 0 0 0 0
1375837500 0 0 0 0
1375837200 0 0 0 0
1375836900 0 0 0 0
1375836600 0 0 0 0
1375836300 0 0 0 0
1375836000 0 0 0 0
1375835700 0 0 0 0
1375835400 0 0 0 0
1375835100 0 0 0 0
1375834800 0 0 0 0
1375834500 0 0 0 0
1375834200 0 0 0 0
1375833900 0 0 0 0
1375833600 0 0 0 0
1375833300 0 0 0 0
1375833000 0 0 0 0
1375832700 0 0 0 0
1375832400 0 0 0 0
1375832100 0 0 0 0
1375831800 0 0 0 0
1375831500 0 0 0 0
1375831200 0 0 0 0
1375830900 0 0 0 0
1375830600 0 0 0 0
1375830300 0 0 0 0
1375830000 0 0 0 0
1375829700 0 0 0 0
1375829400 0 0 0 0
1375829100 0 0 0 0
1375828800 0 0 0 0
1375828500 0 0 0 0
1375828200 0 0 0 0
1375827900 0 0 0 0
1375827600 0 0 0 0
1375827300 0 0 0 0
1375827000 0 0 0 0
1375826700 0 0 0 0
1375826400 0 0 0 0
1375826100 0 0 0 0
1375825800 0 0 0 0
1375825500 0 0 0 0
1375825200 0 0 0 0
1375824900 0 0 0 0
1375824600 0 0 0 0
1375824300 0 0 0 0
1375824000 0 0 0 0
1375823700 0 0 0 0
1375823400 0 0 0 0
1375823100 0 0 0 0
1375822800 0 0 0 0
1375822500 0 0 0 0
1375822200 0 0 0 0
1375821900 0 0 0 0
1375821600 0 0 0 0
1375821300 0 0 0 0
1375821000 0 0 0 0
1375820700 0 0 0 0
1375820400 0 0 0 0
1375820100 0 0 0 0
1375819800 0 0 0 0
1375819500 0 0 0 0
1375819200 0 0 0 0
1375818900 0 0 0 0
1375818600 0 0 0 0
1375818300 0 0 0 0
1375818000 0 0 0 0
1375817700 0 0 0 0
1375817400 0 0 0 0
1375817100 0 0 0 0
1375816800 0 0 0 0
1375816500 0 0 0 0
1375816200 0 0 0 0
1375815900 0 0 0 0
1375815600 0 0 0 0
1375815300 0 0 0 0
1375815000 0 0 0 0
1375814700 0 0 0 0
1375814400 0 0 0 0
1375814100 0 0 0 0
1375813800 0 0 0 0
1375813500 0 0 0 0
1375813200 0 0 0 0
1375812900 0 0 0 0
1375812600 0 0 0 0
1375812300 0 0 0 0
1375812000 0 0 0 0
1375811700 0 0 0 0
1375811400 0 0 0 0
1375811100 0 0 0 0
1375810800 0 0 0 0
1375810500 0 0 0 0
1375810200 0 0 0 0
1375809900 0 0 0 0
1375809600 0 0 0 0
1375809300 0 0 0 0
1375809000 0 0 0 0
1375808700 0 0 0 0
1375808400 0 0 0 0
1375808100 0 0 0 0
1375807800 0 0 0 0
1375807500 0 0 0 0
1375807200 0 0 0 0
1375806900 0 0 0 0
1375806600 0 0 0 0
1375806300 0 0 0 0
1375806000 0 0 0 0
1375805700 0 0 0 0
1375805400 0 0 0 0
1375805100 0 0 0 0
1375804800 0 0 0 0
1375804500 0 0 0 0
1375804200 0 0 0 0
1375803900 0 0 0 0
1375803600 0 0 0 0
1375803300 0 0 0 0
1375803000 0 0 0 0
1375802700 0 0 0 0
1375802400 0 0 0 0
1375802100 0 0 0 0
1375801800 0 0 0 0
1375801500 0 0 0 0
1375801200 0 0 0 0
1375800900 0 0 0 0
1375800600 0 0 0 0
1375800300 0 0 0 0
1375800000 0 0 0 0
1375799700 0 0 0 0
1375799400 0 0 0 0
1375799100 0 0 0 0
1375798800 0 0 0 0
1375798500 0 0 0 0
1375798200 0 0 0 0
1375797900 0 0 0 0
1375797600 0 0 0 0
1375797300 0 0 0 0
1375797000 0 0 0 0
1375796700 0 0 0 0
1375796400 0 0 0 0
1375796100 0 0 0 0
1375795800 0 0 0 0
1375795500 0 0 0 0
1375795200 0 0 0 0
1375794900 0 0 0 0
1375794600 0 0 0 0
1375794300 0 0 0 0
1375794000 0 0 0 0
1375793700 0 0 0 0
1375793400 0 0 0 0
1375793100 0 0 0 0
1375792800 0 0 0 0
1375792500 0 0 0 0
1375792200 0 0 0 0
1375791900 0 0 0 0
1375791600 0 0 0 0
1375791300 0 0 0 0
1375791000 0 0 0 0
1375790700 0 0 0 0
1375790400 0 0 0 0
1375790100 0 0 0 0
1375789800 0 0 0 0
1375789500 0 0 0 0
1375789200 0 0 0 0
1375788900 0 0 0 0
1375788600 0 0 0 0
1375788300 0 0 0 0
1375788000 0 0 0 0
1375787700 0 0 0 0
1375787400 0 0 0 0
1375787100 0 0 0 0
1375786800 0 0 0 0
1375785000 0 0 0 0
1375783200 0 0 0 0
1375781400 0 0 0 0
1375779600 0 0 0 0
1375777800 0 0 0 0
1375776000 0 0 0 0
1375774200 0 0 0 0
1375772400 0 0 0 0
1375770600 0 0 0 0
1375768800 0 0 0 0
1375767000 0 0 0 0
1375765200 0 0 0 0
1375763400 0 0 0 0
1375761600 0 0 0 0
1375759800 0 0 0 0
1375758000 0 0 0 0
1375756200 0 0 0 0
1375754400 0 0 0 0
1375752600 0 0 0 0
1375750800 0 0 0 0
1375749000 0 0 0 0
1375747200 0 0 0 0
1375745400 0 0 0 0
1375743600 0 0 0 0
1375741800 0 0 0 0
1375740000 0 0 0 0
1375738200 0 0 0 0
1375736400 0 0 0 0
1375734600 0 0 0 0
1375732800 0 0 0 0
1375731000 0 0 0 0
1375729200 0 0 0 0
1375727400 0 0 0 0
1375725600 0 0 0 0
1375723800 0 0 0 0
1375722000 0 0 0 0
1375720200 0 0 0 0
1375718400 0 0 0 0
1375716600 0 0 0 0
1375714800 0 0 0 0
1375713000 0 0 0 0
1375711200 0 0 0 0
1375709400 0 0 0 0
1375707600 0 0 0 0
1375705800 0 0 0 0
1375704000 0 0 0 0
1375702200 0 0 0 0
1375700400 0 0 0 0
1375698600 0 0 0 0
1375696800 0 0 0 0
1375695000 0 0 0 0
1375693200 0 0 0 0
1375691400 0 0 0 0
1375689600 0 0 0 0
1375687800 0 0 0 0
1375686000 0 0 0 0
1375684200 0 0 0 0
1375682400 0 0 0 0
1375680600 0 0 0 0
1375678800 0 0 0 0
1375677000 0 0 0 0
1375675200 0 0 0 0
1375673400 0 0 0 0
1375671600 0 0 0 0
1375669800 0 0 0 0
1375668000 0 0 0 0
1375666200 0 0 0 0
1375664400 0 0 0 0
1375662600 0 0 0 0
1375660800 0 0 0 0
1375659000 0 0 0 0
1375657200 0 0 0 0
1375655400 0 0 0 0
1375653600 0 0 0 0
1375651800 0 0 0 0
1375650000 0 0 0 0
1375648200 0 0 0 0
1375646400 0 0 0 0
1375644600 0 0 0 0
1375642800 0 0 0 0
1375641000 0 0 0 0
1375639200 0 0 0 0
1375637400 0 0 0 0
1375635600 0 0 0 0
1375633800 0 0 0 0
1375632000 0 0 0 0
1375630200 0 0 0 0
1375628400 0 0 0 0
1375626600 0 0 0 0
1375624800 0 0 0 0
1375623000 0 0 0 0
1375621200 0 0 0 0
1375619400 0 0 0 0
1375617600 0 0 0 0
1375615800 0 0 0 0
1375614000 0 0 0 0
1375612200 0 0 0 0
1375610400 0 0 0 0
1375608600 0 0 0 0
1375606800 0 0 0 0
1375605000 0 0 0 0
1375603200 0 0 0 0
1375601400 0 0 0 0
1375599600 0 0 0 0
1375597800 0 0 0 0
1375596000 0 0 0 0
1375594200 0 0 0 0
1375592400 0 0 0 0
1375590600 0 0 0 0
1375588800 0 0 0 0
1375587000 0 0 0 0
1375585200 0 0 0 0
1375583400 0 0 0 0
1375581600 0 0 0 0
1375579800 0 0 0 0
1375578000 0 0 0 0
1375576200 0 0 0 0
1375574400 0 0 0 0
1375572600 0 0 0 0
1375570800 0 0 0 0
1375569000 0 0 0 0
1375567200 0 0 0 0
1375565400 0 0 0 0
1375563600 0 0 0 0
1375561800 0 0 0 0
1375560000 0 0 0 0
1375558200 0 0 0 0
1375556400 0 0 0 0
1375554600 0 0 0 0
1375552800 0 0 0 0
1375551000 0 0 0 0
1375549200 0 0 0 0
1375547400 0 0 0 0
1375545600 0 0 0 0
1375543800 0 0 0 0
1375542000 0 0 0 0
1375540200 0 0 0 0
1375538400 0 0 0 0
1375536600 0 0 0 0
1375534800 0 0 0 0
1375533000 0 0 0 0
1375531200 0 0 0 0
1375529400 0 0 0 0
1375527600 0 0 0 0
1375525800 0 0 0 0
1375524000 0 0 0 0
1375522200 0 0 0 0
1375520400 0 0 0 0
1375518600 0 0 0 0
1375516800 0 0 0 0
1375515000 0 0 0 0
1375513200 0 0 0 0
1375511400 0 0 0 0
1375509600 0 0 0 0
1375507800 0 0 0 0
1375506000 0 0 0 0
1375504200 0 0 0 0
1375502400 0 0 0 0
1375500600 0 0 0 0
1375498800 0 0 0 0
1375497000 0 0 0 0
1375495200 0 0 0 0
1375493400 0 0 0 0
1375491600 0 0 0 0
1375489800 0 0 0 0
1375488000 0 0 0 0
1375486200 0 0 0 0
1375484400 0 0 0 0
1375482600 0 0 0 0
1375480800 0 0 0 0
1375479000 0 0 0 0
1375477200 0 0 0 0
1375475400 0 0 0 0
1375473600 0 0 0 0
1375471800 0 0 0 0
1375470000 0 0 0 0
1375468200 0 0 0 0
1375466400 0 0 0 0
1375464600 0 0 0 0
1375462800 0 0 0 0
1375461000 0 0 0 0
1375459200 0 0 0 0
1375457400 0 0 0 0
1375455600 0 0 0 0
1375453800 0 0 0 0
1375452000 0 0 0 0
1375450200 0 0 0 0
1375448400 0 0 0 0
1375446600 0 0 0 0
1375444800 0 0 0 0
1375443000 0 0 0 0
1375441200 0 0 0 0
1375439400 0 0 0 0
1375437600 0 0 0 0
1375435800 0 0 0 0
1375434000 0 0 0 0
1375432200 0 0 0 0
1375430400 0 0 0 0
1375428600 0 0 0 0
1375426800 0 0 0 0
1375425000 0 0 0 0
1375423200 0 0 0 0
1375421400 0 0 0 0
1375419600 0 0 0 0
1375417800 0 0 0 0
1375416000 0 0 0 0
1375414200 0 0 0 0
1375412400 0 0 0 0
1375410600 0 0 0 0
1375408800 0 0 0 0
1375407000 0 0 0 0
1375405200 0 0 0 0
1375403400 0 0 0 0
1375401600 0 0 0 0
1375399800 0 0 0 0
1375398000 0 0 0 0
1375396200 0 0 0 0
1375394400 0 0 0 0
1375392600 0 0 0 0
1375390800 0 0 0 0
1375389000 0 0 0 0
1375387200 0 0 0 0
1375385400 0 0 0 0
1375383600 0 0 0 0
1375381800 0 0 0 0
1375380000 0 0 0 0
1375378200 0 0 0 0
1375376400 0 0 0 0
1375374600 0 0 0 0
1375372800 0 0 0 0
1375371000 0 0 0 0
1375369200 0 0 0 0
1375367400 0 0 0 0
1375365600 0 0 0 0
1375363800 0 0 0 0
1375362000 0 0 0 0
1375360200 0 0 0 0
1375358400 0 0 0 0
1375356600 0 0 0 0
1375354800 0 0 0 0
1375353000 0 0 0 0
1375351200 0 0 0 0
1375349400 0 0 0 0
1375347600 0 0 0 0
1375345800 0 0 0 0
1375344000 0 0 0 0
1375342200 0 0 0 0
1375340400 0 0 0 0
1375338600 0 0 0 0
1375336800 0 0 0 0
1375335000 0 0 0 0
1375333200 0 0 0 0
1375331400 0 0 0 0
1375329600 0 0 0 0
1375327800 0 0 0 0
1375326000 0 0 0 0
1375324200 0 0 0 0
1375322400 0 0 0 0
1375320600 0 0 0 0
1375318800 0 0 0 0
1375317000 0 0 0 0
1375315200 0 0 0 0
1375313400 0 0 0 0
1375311600 0 0 0 0
1375309800 0 0 0 0
1375308000 0 0 0 0
1375306200 0 0 0 0
1375304400 0 0 0 0
1375302600 27 6 1902 511
1375300800 0 0 14 12
1375299000 0 0 0 0
1375297200 0 0 0 0
1375295400 0 0 0 0
1375293600 0 0 0 0
1375291800 0 0 0 0
1375290000 0 0 0 0
1375288200 0 0 0 0
1375286400 0 0 0 0
1375284600 0 0 0 0
1375282800 0 0 0 0
1375281000 0 0 0 0
1375279200 0 0 0 0
1375277400 0 0 0 0
1375275600 0 0 0 0
1375273800 0 0 0 0
1375272000 0 0 0 0
1375270200 0 0 0 0
1375268400 0 0 0 0
1375266600 0 0 0 0
1375264800 0 0 0 0
1375263000 0 0 0 0
1375261200 0 0 0 0
1375259400 0 0 0 0
1375257600 0 0 0 0
1375255800 0 0 0 0
1375254000 0 0 0 0
1375252200 0 0 0 0
1375250400 0 0 0 0
1375248600 0 0 0 0
1375246800 0 0 0 0
1375245000 0 0 0 0
1375243200 0 0 0 0
1375241400 0 0 0 0
1375239600 0 0 0 0
1375237800 0 0 0 0
1375236000 0 0 0 0
1375234200 0 0 0 0
1375232400 0 0 0 0
1375230600 0 0 0 0
1375228800 0 0 0 0
1375227000 0 0 0 0
1375225200 0 0 0 0
1375223400 0 0 0 0
1375221600 0 0 0 0
1375219800 0 0 0 0
1375218000 0 0 0 0
1375216200 0 0 0 0
1375214400 0 0 0 0
1375212600 0 0 0 0
1375210800 0 0 0 0
1375209000 0 0 0 0
1375207200 0 0 0 0
1375205400 0 0 0 0
1375203600 0 0 0 0
1375201800 0 0 0 0
1375200000 0 0 0 0
1375198200 0 0 0 0
1375196400 0 0 0 0
1375194600 0 0 0 0
1375192800 0 0 0 0
1375191000 0 0 0 0
1375189200 0 0 0 0
1375187400 0 0 0 0
1375185600 0 0 0 0
1375183800 0 0 0 0
1375182000 0 0 0 0
1375180200 0 0 0 0
1375178400 0 0 0 0
1375176600 0 0 0 0
1375174800 0 0 0 0
1375173000 0 0 0 0
1375171200 0 0 0 0
1375169400 0 0 0 0
1375167600 0 0 0 0
1375165800 0 0 0 0
1375164000 0 0 0 0
1375162200 0 0 0 0
1375160400 0 0 0 0
1375158600 0 0 0 0
1375156800 0 0 0 0
1375155000 0 0 0 0
1375153200 0 0 0 0
1375151400 0 0 0 0
1375149600 0 0 0 0
1375147800 0 0 0 0
1375146000 0 0 0 0
1375144200 0 0 0 0
1375142400 0 0 0 0
1375140600 0 0 0 0
1375138800 0 0 0 0
1375137000 0 0 0 0
1375135200 0 0 0 0
1375133400 0 0 0 0
1375131600 0 0 0 0
1375129800 0 0 0 0
1375128000 0 0 0 0
1375126200 0 0 0 0
1375124400 0 0 0 0
1375122600 0 0 0 0
1375120800 0 0 0 0
1375119000 0 0 0 0
1375117200 0 0 0 0
1375115400 0 0 0 0
1375113600 0 0 0 0
1375111800 0 0 0 0
1375110000 0 0 0 0
1375108200 0 0 0 0
1375106400 0 0 0 0
1375104600 0 0 0 0
1375102800 0 0 0 0
1375101000 0 0 0 0
1375099200 0 0 0 0
1375097400 0 0 0 0
1375095600 0 0 0 0
1375093800 0 0 0 0
1375092000 0 0 0 0
1375090200 0 0 0 0
1375088400 0 0 0 0
1375086600 0 0 0 0
1375084800 0 0 0 0
1375083000 0 0 0 0
1375081200 0 0 0 0
1375079400 0 0 0 0
1375077600 0 0 0 0
1375075800 0 0 0 0
1375074000 0 0 0 0
1375072200 0 0 0 0
1375070400 0 0 0 0
1375068600 0 0 0 0
1375066800 0 0 0 0
1375065000 0 0 0 0
1375063200 0 0 0 0
1375061400 0 0 0 0
1375059600 0 0 0 0
1375057800 0 0 0 0
1375056000 0 0 0 0
1375054200 0 0 0 0
1375052400 0 0 0 0
1375050600 0 0 0 0
1375048800 0 0 0 0
1375047000 0 0 0 0
1375045200 0 0 0 0
1375043400 0 0 0 0
1375041600 0 0 0 0
1375039800 0 0 0 0
1375038000 0 0 0 0
1375036200 0 0 0 0
1375034400 0 0 0 0
1375032600 0 0 0 0
1375030800 0 0 0 0
1375029000 0 0 0 0
1375027200 0 0 0 0
1375025400 0 0 0 0
1375023600 0 0 0 0
1375021800 0 0 0 0
1375020000 0 0 0 0
1375018200 0 0 0 0
1375016400 0 0 0 0
1375014600 0 0 0 0
1375012800 0 0 0 0
1375011000 0 0 0 0
1375009200 0 0 0 0
1375007400 0 0 0 0
1375005600 0 0 0 0
1375003800 0 0 0 0
1375002000 0 0 0 0
1375000200 0 0 0 0
1374998400 0 0 0 0
1374996600 0 0 0 0
1374994800 0 0 0 0
1374993000 0 0 0 0
1374991200 0 0 0 0
1374989400 0 0 0 0
1374987600 0 0 0 0
1374985800 0 0 0 0
1374984000 0 0 0 0
1374982200 0 0 0 0
1374980400 0 0 0 0
1374978600 0 0 0 0
1374976800 0 0 0 0
1374975000 0 0 0 0
1374973200 0 0 0 0
1374971400 0 0 0 0
1374969600 0 0 0 0
1374967800 0 0 0 0
1374966000 0 0 0 0
1374964200 0 0 0 0
1374962400 0 0 0 0
1374960600 0 0 0 0
1374958800 0 0 0 0
1374957000 0 0 0 0
1374955200 0 0 0 0
1374953400 0 0 0 0
1374951600 0 0 0 0
1374949800 0 0 0 0
1374948000 0 0 0 0
1374946200 0 0 0 0
1374944400 0 0 0 0
1374942600 0 0 0 0
1374940800 0 0 0 0
1374939000 0 0 0 0
1374937200 0 0 0 0
1374935400 0 0 0 0
1374933600 0 0 0 0
1374931800 0 0 0 0
1374930000 0 0 0 0
1374928200 0 0 0 0
1374926400 0 0 0 0
1374924600 0 0 0 0
1374922800 0 0 0 0
1374921000 0 0 0 0
1374919200 0 0 0 0
1374917400 0 0 0 0
1374915600 0 0 0 0
1374913800 0 0 0 0
1374912000 0 0 0 0
1374910200 0 0 0 0
1374908400 0 0 0 0
1374906600 0 0 0 0
1374904800 0 0 0 0
1374903000 0 0 0 0
1374901200 0 0 0 0
1374899400 0 0 0 0
1374897600 0 0 0 0
1374895800 0 0 0 0
1374894000 0 0 0 0
1374892200 0 0 0 0
1374890400 0 0 0 0
1374888600 0 0 0 0
1374886800 0 0 0 0
1374885000 0 0 0 0
1374883200 0 0 0 0
1374881400 0 0 0 0
1374879600 0 0 0 0
1374877800 0 0 0 0
1374876000 0 0 0 0
1374874200 0 0 0 0
1374872400 0 0 0 0
1374870600 0 0 0 0
1374868800 0 0 0 0
1374867000 0 0 0 0
1374865200 0 0 0 0
1374863400 0 0 0 0
1374861600 0 0 0 0
1374859800 0 0 0 0
1374858000 0 0 0 0
1374856200 0 0 0 0
1374854400 0 0 0 0
1374852600 0 0 0 0
1374850800 0 0 0 0
1374849000 0 0 0 0
1374847200 0 0 0 0
1374845400 0 0 0 0
1374843600 0 0 0 0
1374841800 0 0 0 0
1374840000 0 0 0 0
1374838200 0 0 0 0
1374836400 0 0 0 0
1374834600 0 0 0 0
1374832800 0 0 0 0
1374831000 0 0 0 0
1374829200 0 0 0 0
1374827400 0 0 0 0
1374825600 0 0 0 0
1374823800 0 0 0 0
1374822000 0 0 0 0
1374820200 0 0 0 0
1374818400 0 0 0 0
1374816600 0 0 0 0
1374814800 0 0 0 0
1374813000 0 0 0 0
1374811200 0 0 0 0
1374809400 0 0 0 0
1374807600 0 0 0 0
1374805800 0 0 0 0
1374804000 0 0 0 0
1374802200 0 0 0 0
1374800400 0 0 0 0
1374798600 0 0 0 0
1374796800 0 0 0 0
1374795000 0 0 0 0
1374793200 0 0 0 0
1374791400 0 0 0 0
1374789600 0 0 0 0
1374787800 0 0 0 0
1374786000 0 0 0 0
1374784200 0 0 0 0
1374782400 0 0 0 0
1374780600 0 0 0 0
1374778800 0 0 0 0
1374777000 0 0 0 0
1374775200 0 0 0 0
1374773400 0 0 0 0
1374771600 0 0 0 0
1374769800 0 0 0 0
1374768000 0 0 0 0
1374766200 0 0 0 0
1374764400 0 0 0 0
1374762600 0 0 0 0
1374760800 0 0 0 0
1374759000 0 0 0 0
1374757200 0 0 0 0
1374755400 0 0 0 0
1374753600 0 0 0 0
1374751800 0 0 0 0
1374750000 0 0 0 0
1374748200 0 0 0 0
1374746400 0 0 0 0
1374744600 0 0 0 0
1374742800 0 0 0 0
1374741000 0 0 0 0
1374739200 0 0 0 0
1374737400 0 0 0 0
1374735600 0 0 0 0
1374733800 0 0 0 0
1374732000 0 0 0 0
1374730200 0 0 0 0
1374728400 0 0 0 0
1374726600 0 0 0 0
1374724800 0 0 0 0
1374723000 0 0 0 0
1374721200 0 0 0 0
1374719400 0 0 0 0
1374717600 0 0 0 0
1374715800 0 0 0 0
1374714000 0 0 0 0
1374712200 0 0 0 0
1374710400 0 0 0 0
1374708600 0 0 0 0
1374706800 0 0 0 0
1374703200 0 0 0 0
1374696000 0 0 0 0
1374688800 0 0 0 0
1374681600 0 0 0 0
1374674400 0 0 0 0
1374667200 0 0 0 0
1374660000 0 0 0 0
1374652800 0 0 0 0
1374645600 0 0 0 0
1374638400 0 0 0 0
1374631200 0 0 0 0
1374624000 0 0 0 0
1374616800 0 0 0 0
1374609600 0 0 0 0
1374602400 0 0 0 0
1374595200 0 0 0 0
1374588000 0 0 0 0
1374580800 0 0 0 0
1374573600 0 0 0 0
1374566400 0 0 0 0
1374559200 0 0 0 0
1374552000 0 0 0 0
1374544800 0 0 0 0
1374537600 0 0 0 0
1374530400 0 0 0 0
1374523200 0 0 0 0
1374516000 0 0 0 0
1374508800 0 0 0 0
1374501600 0 0 0 0
1374494400 0 0 0 0
1374487200 0 0 0 0
1374480000 0 0 0 0
1374472800 0 0 0 0
1374465600 0 0 0 0
1374458400 0 0 0 0
1374451200 0 0 0 0
1374444000 0 0 0 0
1374436800 0 0 0 0
1374429600 0 0 0 0
1374422400 0 0 0 0
1374415200 0 0 0 0
1374408000 0 0 0 0
1374400800 0 0 0 0
1374393600 0 0 0 0
1374386400 0 0 0 0
1374379200 0 0 0 0
1374372000 0 0 0 0
1374364800 0 0 0 0
1374357600 0 0 0 0
1374350400 0 0 0 0
1374343200 0 0 0 0
1374336000 0 0 0 0
1374328800 0 0 0 0
1374321600 0 0 0 0
1374314400 0 0 0 0
1374307200 0 0 0 0
1374300000 0 0 0 0
1374292800 0 0 0 0
1374285600 0 0 0 0
1374278400 0 0 0 0
1374271200 0 0 0 0
1374264000 0 0 0 0
1374256800 0 0 0 0
1374249600 0 0 0 0
1374242400 0 0 0 0
1374235200 0 0 0 0
1374228000 0 0 0 0
1374220800 0 0 0 0
1374213600 0 0 0 0
1374206400 0 0 0 0
1374199200 0 0 0 0
1374192000 0 0 0 0
1374184800 0 0 0 0
1374177600 0 0 0 0
1374170400 0 0 0 0
1374163200 0 0 0 0
1374156000 0 0 0 0
1374148800 0 0 0 0
1374141600 0 0 0 0
1374134400 0 0 0 0
1374127200 0 0 0 0
1374120000 0 0 0 0
1374112800 0 0 0 0
1374105600 0 0 0 0
1374098400 0 0 0 0
1374091200 0 0 0 0
1374084000 0 0 0 0
1374076800 0 0 0 0
1374069600 0 0 0 0
1374062400 0 0 0 0
1374055200 0 0 0 0
1374048000 0 0 0 0
1374040800 0 0 0 0
1374033600 0 0 0 0
1374026400 0 0 0 0
1374019200 0 0 0 0
1374012000 0 0 0 0
1374004800 0 0 0 0
1373997600 0 0 0 0
1373990400 0 0 0 0
1373983200 0 0 0 0
1373976000 0 0 0 0
1373968800 0 0 0 0
1373961600 0 0 0 0
1373954400 0 0 0 0
1373947200 0 0 0 0
1373940000 0 0 0 0
1373932800 0 0 0 0
1373925600 0 0 0 0
1373918400 0 0 0 0
1373911200 0 0 0 0
1373904000 0 0 0 0
1373896800 0 0 0 0
1373889600 0 0 0 0
1373882400 0 0 0 0
1373875200 0 0 0 0
1373868000 0 0 0 0
1373860800 0 0 0 0
1373853600 0 0 0 0
1373846400 0 0 0 0
1373839200 0 0 0 0
1373832000 0 0 0 0
1373824800 0 0 0 0
1373817600 0 0 0 0
1373810400 0 0 0 0
1373803200 0 0 0 0
1373796000 0 0 0 0
1373788800 0 0 0 0
1373781600 0 0 0 0
1373774400 0 0 0 0
1373767200 0 0 0 0
1373760000 0 0 0 0
1373752800 0 0 0 0
1373745600 0 0 0 0
1373738400 0 0 0 0
1373731200 0 0 0 0
1373724000 0 0 0 0
1373716800 0 0 0 0
1373709600 0 0 0 0
1373702400 0 0 0 0
1373695200 0 0 0 0
1373688000 0 0 0 0
1373680800 0 0 0 0
1373673600 0 0 0 0
1373666400 0 0 0 0
1373659200 0 0 0 0
1373652000 0 0 0 0
1373644800 0 0 0 0
1373637600 0 0 0 0
1373630400 0 0 0 0
1373623200 0 0 0 0
1373616000 0 0 0 0
1373608800 0 0 0 0
1373601600 0 0 0 0
1373594400 0 0 0 0
1373587200 0 0 0 0
1373580000 0 0 0 0
1373572800 0 0 0 0
1373565600 0 0 0 0
1373558400 0 0 0 0
1373551200 0 0 0 0
1373544000 0 0 0 0
1373536800 0 0 0 0
1373529600 0 0 0 0
1373522400 0 0 0 0
1373515200 0 0 0 0
1373508000 0 0 0 0
1373500800 0 0 0 0
1373493600 0 0 0 0
1373486400 0 0 0 0
1373479200 0 0 0 0
1373472000 0 0 0 0
1373464800 0 0 0 0
1373457600 0 0 0 0
1373450400 0 0 0 0
1373443200 0 0 0 0
1373436000 0 0 0 0
1373428800 0 0 0 0
1373421600 0 0 0 0
1373414400 0 0 0 0
1373407200 0 0 0 0
1373400000 0 0 0 0
1373392800 0 0 0 0
1373385600 0 0 0 0
1373378400 0 0 0 0
1373371200 0 0 0 0
1373364000 0 0 0 0
1373356800 0 0 0 0
1373349600 0 0 0 0
1373342400 0 0 0 0
1373335200 0 0 0 0
1373328000 0 0 0 0
1373320800 0 0 0 0
1373313600 0 0 0 0
1373306400 0 0 0 0
1373299200 0 0 0 0
1373292000 0 0 0 0
1373284800 0 0 0 0
1373277600 0 0 0 0
1373270400 0 0 0 0
1373263200 0 0 0 0
1373256000 0 0 0 0
1373248800 0 0 0 0
1373241600 0 0 0 0
1373234400 0 0 0 0
1373227200 0 0 0 0
1373220000 0 0 0 0
1373212800 0 0 0 0
1373205600 0 0 0 0
1373198400 0 0 0 0
1373191200 0 0 0 0
1373184000 0 0 0 0
1373176800 0 0 0 0
1373169600 0 0 0 0
1373162400 0 0 0 0
1373155200 0 0 0 0
1373148000 0 0 0 0
1373140800 0 0 0 0
1373133600 0 0 0 0
1373126400 0 0 0 0
1373119200 0 0 0 0
1373112000 0 0 0 0
1373104800 0 0 0 0
1373097600 0 0 0 0
1373090400 0 0 0 0
1373083200 0 0 0 0
1373076000 0 0 0 0
1373068800 0 0 0 0
1373061600 0 0 0 0
1373054400 0 0 0 0
1373047200 0 0 0 0
1373040000 0 0 0 0
1373032800 0 0 0 0
1373025600 0 0 0 0
1373018400 0 0 0 0
1373011200 0 0 0 0
1373004000 0 0 0 0
1372996800 0 0 0 0
1372989600 0 0 0 0
1372982400 0 0 0 0
1372975200 0 0 0 0
1372968000 0 0 0 0
1372960800 0 0 0 0
1372953600 0 0 0 0
1372946400 0 0 0 0
1372939200 0 0 0 0
1372932000 0 0 0 0
1372924800 0 0 0 0
1372917600 0 0 0 0
1372910400 0 0 0 0
1372903200 0 0 0 0
1372896000 0 0 0 0
1372888800 0 0 0 0
1372881600 0 0 0 0
1372874400 0 0 0 0
1372867200 0 0 0 0
1372860000 0 0 0 0
1372852800 0 0 0 0
1372845600 0 0 0 0
1372838400 0 0 0 0
1372831200 0 0 0 0
1372824000 0 0 0 0
1372816800 0 0 0 0
1372809600 0 0 0 0
1372802400 0 0 0 0
1372795200 0 0 0 0
1372788000 0 0 0 0
1372780800 0 0 0 0
1372773600 0 0 0 0
1372766400 0 0 0 0
1372759200 0 0 0 0
1372752000 0 0 0 0
1372744800 0 0 0 0
1372737600 0 0 0 0
1372730400 0 0 0 0
1372723200 0 0 0 0
1372716000 0 0 0 0
1372708800 0 0 0 0
1372701600 0 0 0 0
1372694400 0 0 0 0
1372687200 0 0 0 0
1372680000 0 0 0 0
1372672800 0 0 0 0
1372665600 0 0 0 0
1372658400 0 0 0 0
1372651200 0 0 0 0
1372644000 0 0 0 0
1372636800 0 0 0 0
1372629600 0 0 0 0
1372622400 0 0 0 0
1372615200 0 0 0 0
1372608000 0 0 0 0
1372600800 0 0 0 0
1372593600 0 0 0 0
1372586400 0 0 0 0
1372579200 0 0 0 0
1372572000 0 0 0 0
1372564800 0 0 0 0
1372557600 0 0 0 0
1372550400 0 0 0 0
1372543200 0 0 0 0
1372536000 0 0 0 0
1372528800 0 0 0 0
1372521600 0 0 0 0
1372514400 0 0 0 0
1372507200 0 0 0 0
1372500000 0 0 0 0
1372492800 0 0 0 0
1372485600 0 0 0 0
1372478400 0 0 0 0
1372471200 0 0 0 0
1372464000 0 0 0 0
1372456800 0 0 0 0
1372449600 0 0 0 0
1372442400 0 0 0 0
1372435200 0 0 0 0
1372428000 0 0 0 0
1372420800 0 0 0 0
1372413600 0 0 0 0
1372406400 0 0 0 0
1372399200 0 0 0 0
1372392000 0 0 0 0
1372384800 0 0 0 0
1372377600 0 0 0 0
1372370400 0 0 0 0
1372363200 0 0 0 0
1372356000 0 0 0 0
1372348800 0 0 0 0
1372341600 0 0 0 0
1372334400 0 0 0 0
1372327200 0 0 0 0
1372320000 0 0 0 0
1372312800 0 0 0 0
1372305600 0 0 0 0
1372298400 0 0 0 0
1372291200 0 0 0 0
1372284000 0 0 0 0
1372276800 0 0 0 0
1372269600 0 0 0 0
1372262400 0 0 0 0
1372255200 0 0 0 0
1372248000 0 0 0 0
1372240800 0 0 0 0
1372233600 0 0 0 0
1372226400 0 0 0 0
1372219200 0 0 0 0
1372212000 0 0 0 0
1372204800 0 0 0 0
1372197600 0 0 0 0
1372190400 0 0 0 0
1372183200 0 0 0 0
1372176000 0 0 0 0
1372168800 0 0 0 0
1372161600 0 0 0 0
1372154400 0 0 0 0
1372147200 0 0 0 0
1372140000 0 0 0 0
1372132800 0 0 0 0
1372125600 0 0 0 0
1372118400 0 0 0 0
1372111200 0 0 0 0
1372104000 0 0 0 0
1372096800 0 0 0 0
1372089600 0 0 0 0
1372082400 0 0 0 0
1372075200 0 0 0 0
1372068000 0 0 0 0
1372060800 0 0 0 0
1372053600 0 0 0 0
1372046400 0 0 0 0
1372039200 0 0 0 0
1372032000 0 0 0 0
1372024800 0 0 0 0
1372017600 0 0 0 0
1372010400 0 0 0 0
1372003200 0 0 0 0
1371996000 0 0 0 0
1371988800 0 0 0 0
1371981600 0 0 0 0
1371974400 0 0 0 0
1371967200 0 0 0 0
1371960000 0 0 0 0
1371952800 0 0 0 0
1371945600 0 0 0 0
1371938400 0 0 0 0
1371931200 0 0 0 0
1371924000 0 0 0 0
1371916800 0 0 0 0
1371909600 0 0 0 0
1371902400 0 0 0 0
1371895200 0 0 0 0
1371888000 0 0 0 0
1371880800 0 0 0 0
1371873600 0 0 0 0
1371866400 0 0 0 0
1371859200 0 0 0 0
1371852000 0 0 0 0
1371844800 0 0 0 0
1371837600 0 0 0 0
1371830400 0 0 0 0
1371823200 0 0 0 0
1371816000 0 0 0 0
1371808800 0 0 0 0
1371801600 0 0 0 0
1371794400 0 0 0 0
1371787200 0 0 0 0
1371780000 0 0 0 0
1371772800 0 0 0 0
1371765600 0 0 0 0
1371758400 0 0 0 0
1371751200 0 0 0 0
1371744000 0 0 0 0
1371736800 0 0 0 0
1371729600 0 0 0 0
1371722400 0 0 0 0
1371715200 0 0 0 0
1371708000 0 0 0 0
1371700800 0 0 0 0
1371693600 0 0 0 0
1371686400 0 0 0 0
1371679200 0 0 0 0
1371672000 0 0 0 0
1371664800 0 0 0 0
1371657600 0 0 0 0
1371650400 0 0 0 0
1371643200 0 0 0 0
1371636000 0 0 0 0
1371628800 0 0 0 0
1371621600 0 0 0 0
1371614400 0 0 0 0
1371607200 0 0 0 0
1371600000 0 0 0 0
1371592800 0 0 0 0
1371585600 0 0 0 0
1371578400 0 0 0 0
1371571200 0 0 0 0
1371564000 0 0 0 0
1371556800 0 0 0 0
1371549600 0 0 0 0
1371542400 0 0 0 0
1371535200 0 0 0 0
1371528000 0 0 0 0
1371520800 0 0 0 0
1371513600 0 0 0 0
1371506400 0 0 0 0
1371499200 0 0 0 0
1371492000 0 0 0 0
1371484800 0 0 0 0
1371477600 0 0 0 0
1371470400 0 0 0 0
1371463200 0 0 0 0
1371456000 0 0 0 0
1371448800 0 0 0 0
1371441600 0 0 0 0
1371434400 0 0 0 0
1371427200 0 0 0 0
1371420000 0 0 0 0
1371412800 0 0 0 0
1371405600 0 0 0 0
1371398400 0 0 0 0
1371391200 0 0 0 0
1371384000 0 0 0 0
1371376800 0 0 0 0
1371369600 0 0 0 0
1371362400 0 0 0 0
1371355200 0 0 0 0
1371348000 0 0 0 0
1371340800 0 0 0 0
1371333600 0 0 0 0
1371326400 0 0 0 0
1371319200 0 0 0 0
1371312000 0 0 0 0
1371304800 0 0 0 0
1371297600 0 0 0 0
1371290400 0 0 0 0
1371283200 0 0 0 0
1371276000 0 0 0 0
1371268800 0 0 0 0
1371261600 0 0 0 0
1371254400 0 0 0 0
1371247200 0 0 0 0
1371240000 0 0 0 0
1371232800 0 0 0 0
1371225600 0 0 0 0
1371218400 0 0 0 0
1371211200 0 0 0 0
1371204000 0 0 0 0
1371196800 0 0 0 0
1371189600 0 0 0 0
1371182400 0 0 0 0
1371175200 0 0 0 0
1371168000 0 0 0 0
1371160800 0 0 0 0
1371153600 0 0 0 0
1371146400 0 0 0 0
1371139200 0 0 0 0
1371132000 0 0 0 0
1371124800 0 0 0 0
1371117600 0 0 0 0
1371110400 0 0 0 0
1371103200 0 0 0 0
1371096000 0 0 0 0
1371088800 0 0 0 0
1371081600 0 0 0 0
1371074400 0 0 0 0
1371067200 0 0 0 0
1371060000 0 0 0 0
1371052800 0 0 0 0
1371045600 0 0 0 0
1371038400 0 0 0 0
1371031200 0 0 0 0
1371024000 0 0 0 0
1371016800 0 0 0 0
1371009600 0 0 0 0
1371002400 0 0 0 0
1370995200 0 0 0 0
1370988000 0 0 0 0
1370980800 0 0 0 0
1370973600 0 0 0 0
1370966400 0 0 0 0
1370959200 0 0 0 0
1370952000 0 0 0 0
1370944800 0 0 0 0
1370937600 0 0 0 0
1370930400 0 0 0 0
1370923200 0 0 0 0
1370916000 0 0 0 0
1370908800 0 0 0 0
1370901600 0 0 0 0
1370894400 0 0 0 0
1370887200 0 0 0 0
1370880000 0 0 0 0
1370872800 0 0 0 0
1370865600 0 0 0 0
1370858400 0 0 0 0
1370851200 0 0 0 0
1370844000 0 0 0 0
1370836800 0 0 0 0
1370829600 0 0 0 0
1370822400 0 0 0 0
1370815200 0 0 0 0
1370808000 0 0 0 0
1370800800 0 0 0 0
1370793600 0 0 0 0
1370786400 0 0 0 0
1370779200 0 0 0 0
1370772000 0 0 0 0
1370764800 0 0 0 0
1370757600 0 0 0 0
1370750400 0 0 0 0
1370743200 0 0 0 0
1370736000 0 0 0 0
1370728800 0 0 0 0
1370721600 0 0 0 0
1370714400 0 0 0 0
1370707200 0 0 0 0
1370700000 0 0 0 0
1370692800 0 0 0 0
1370685600 0 0 0 0
1370678400 0 0 0 0
1370671200 0 0 0 0
1370664000 0 0 0 0
1370656800 0 0 0 0
1370649600 0 0 0 0
1370642400 0 0 0 0
1370635200 0 0 0 0
1370628000 0 0 0 0
1370620800 0 0 0 0
1370613600 0 0 0 0
1370606400 0 0 0 0
1370599200 0 0 0 0
1370592000 0 0 0 0
1370584800 0 0 0 0
1370577600 0 0 0 0
1370570400 0 0 0 0
1370563200 0 0 0 0
1370556000 0 0 0 0
1370548800 0 0 0 0
1370541600 0 0 0 0
1370534400 0 0 0 0
1370527200 0 0 0 0
1370520000 0 0 0 0
1370512800 0 0 0 0
1370505600 0 0 0 0
1370498400 0 0 0 0
1370491200 0 0 0 0
1370484000 0 0 0 0
1370476800 0 0 0 0
1370469600 0 0 0 0
1370462400 0 0 0 0
1370455200 0 0 0 0
1370448000 0 0 0 0
1370440800 0 0 0 0
1370433600 0 0 0 0
1370426400 0 0 0 0
1370419200 0 0 0 0
1370412000 0 0 0 0
1370404800 0 0 0 0
1370397600 0 0 0 0
1370390400 0 0 0 0
1370383200 0 0 0 0
1370304000 0 0 0 0
1370217600 0 0 0 0
1370131200 0 0 0 0
1370044800 0 0 0 0
1369958400 0 0 0 0
1369872000 0 0 0 0
1369785600 0 0 0 0
1369699200 0 0 0 0
1369612800 0 0 0 0
1369526400 0 0 0 0
1369440000 0 0 0 0
1369353600 0 0 0 0
1369267200 0 0 0 0
1369180800 0 0 0 0
1369094400 0 0 0 0
1369008000 0 0 0 0
1368921600 0 0 0 0
1368835200 0 0 0 0
1368748800 0 0 0 0
1368662400 0 0 0 0
1368576000 0 0 0 0
1368489600 0 0 0 0
1368403200 0 0 0 0
1368316800 0 0 0 0
1368230400 0 0 0 0
1368144000 0 0 0 0
1368057600 0 0 0 0
1367971200 0 0 0 0
1367884800 0 0 0 0
1367798400 0 0 0 0
1367712000 0 0 0 0
1367625600 0 0 0 0
1367539200 0 0 0 0
1367452800 0 0 0 0
1367366400 0 0 0 0
1367280000 0 0 0 0
1367193600 0 0 0 0
1367107200 0 0 0 0
1367020800 0 0 0 0
1366934400 0 0 0 0
1366848000 0 0 0 0
1366761600 0 0 0 0
1366675200 0 0 0 0
1366588800 0 0 0 0
1366502400 0 0 0 0
1366416000 0 0 0 0
1366329600 0 0 0 0
1366243200 0 0 0 0
1366156800 0 0 0 0
1366070400 0 0 0 0
1365984000 0 0 0 0
1365897600 0 0 0 0
1365811200 0 0 0 0
1365724800 0 0 0 0
1365638400 0 0 0 0
1365552000 0 0 0 0
1365465600 0 0 0 0
1365379200 0 0 0 0
1365292800 0 0 0 0
1365206400 0 0 0 0
1365120000 0 0 0 0
1365033600 0 0 0 0
1364947200 0 0 0 0
1364860800 0 0 0 0
1364774400 0 0 0 0
1364688000 0 0 0 0
1364601600 0 0 0 0
1364515200 0 0 0 0
1364428800 0 0 0 0
1364342400 0 0 0 0
1364256000 0 0 0 0
1364169600 0 0 0 0
1364083200 0 0 0 0
1363996800 0 0 0 0
1363910400 0 0 0 0
1363824000 0 0 0 0
1363737600 0 0 0 0
1363651200 0 0 0 0
1363564800 0 0 0 0
1363478400 0 0 0 0
1363392000 0 0 0 0
1363305600 0 0 0 0
1363219200 0 0 0 0
1363132800 0 0 0 0
1363046400 0 0 0 0
1362960000 0 0 0 0
1362873600 0 0 0 0
1362787200 0 0 0 0
1362700800 0 0 0 0
1362614400 0 0 0 0
1362528000 0 0 0 0
1362441600 0 0 0 0
1362355200 0 0 0 0
1362268800 0 0 0 0
1362182400 0 0 0 0
1362096000 0 0 0 0
1362009600 0 0 0 0
1361923200 0 0 0 0
1361836800 0 0 0 0
1361750400 0 0 0 0
1361664000 0 0 0 0
1361577600 0 0 0 0
1361491200 0 0 0 0
1361404800 0 0 0 0
1361318400 0 0 0 0
1361232000 0 0 0 0
1361145600 0 0 0 0
1361059200 0 0 0 0
1360972800 0 0 0 0
1360886400 0 0 0 0
1360800000 0 0 0 0
1360713600 0 0 0 0
1360627200 0 0 0 0
1360540800 0 0 0 0
1360454400 0 0 0 0
1360368000 0 0 0 0
1360281600 0 0 0 0
1360195200 0 0 0 0
1360108800 0 0 0 0
1360022400 0 0 0 0
1359936000 0 0 0 0
1359849600 0 0 0 0
1359763200 0 0 0 0
1359676800 0 0 0 0
1359590400 0 0 0 0
1359504000 0 0 0 0
1359417600 0 0 0 0
1359331200 0 0 0 0
1359244800 0 0 0 0
1359158400 0 0 0 0
1359072000 0 0 0 0
1358985600 0 0 0 0
1358899200 0 0 0 0
1358812800 0 0 0 0
1358726400 0 0 0 0
1358640000 0 0 0 0
1358553600 0 0 0 0
1358467200 0 0 0 0
1358380800 0 0 0 0
1358294400 0 0 0 0
1358208000 0 0 0 0
1358121600 0 0 0 0
1358035200 0 0 0 0
1357948800 0 0 0 0
1357862400 0 0 0 0
1357776000 0 0 0 0
1357689600 0 0 0 0
1357603200 0 0 0 0
1357516800 0 0 0 0
1357430400 0 0 0 0
1357344000 0 0 0 0
1357257600 0 0 0 0
1357171200 0 0 0 0
1357084800 0 0 0 0
1356998400 0 0 0 0
1356912000 0 0 0 0
1356825600 0 0 0 0
1356739200 0 0 0 0
1356652800 0 0 0 0
1356566400 0 0 0 0
1356480000 0 0 0 0
1356393600 0 0 0 0
1356307200 0 0 0 0
1356220800 0 0 0 0
1356134400 0 0 0 0
1356048000 0 0 0 0
1355961600 0 0 0 0
1355875200 0 0 0 0
1355788800 0 0 0 0
1355702400 0 0 0 0
1355616000 0 0 0 0
1355529600 0 0 0 0
1355443200 0 0 0 0
1355356800 0 0 0 0
1355270400 0 0 0 0
1355184000 0 0 0 0
1355097600 0 0 0 0
1355011200 0 0 0 0
1354924800 0 0 0 0
1354838400 0 0 0 0
1354752000 0 0 0 0
1354665600 0 0 0 0
1354579200 0 0 0 0
1354492800 0 0 0 0
1354406400 0 0 0 0
1354320000 0 0 0 0
1354233600 0 0 0 0
1354147200 0 0 0 0
1354060800 0 0 0 0
1353974400 0 0 0 0
1353888000 0 0 0 0
1353801600 0 0 0 0
1353715200 0 0 0 0
1353628800 0 0 0 0
1353542400 0 0 0 0
1353456000 0 0 0 0
1353369600 0 0 0 0
1353283200 0 0 0 0
1353196800 0 0 0 0
1353110400 0 0 0 0
1353024000 0 0 0 0
1352937600 0 0 0 0
1352851200 0 0 0 0
1352764800 0 0 0 0
1352678400 0 0 0 0
1352592000 0 0 0 0
1352505600 0 0 0 0
1352419200 0 0 0 0
1352332800 0 0 0 0
1352246400 0 0 0 0
1352160000 0 0 0 0
1352073600 0 0 0 0
1351987200 0 0 0 0
1351900800 0 0 0 0
1351814400 0 0 0 0
1351728000 0 0 0 0
1351641600 0 0 0 0
1351555200 0 0 0 0
1351468800 0 0 0 0
1351382400 0 0 0 0
1351296000 0 0 0 0
1351209600 0 0 0 0
1351123200 0 0 0 0
1351036800 0 0 0 0
1350950400 0 0 0 0
1350864000 0 0 0 0
1350777600 0 0 0 0
1350691200 0 0 0 0
1350604800 0 0 0 0
1350518400 0 0 0 0
1350432000 0 0 0 0
1350345600 0 0 0 0
1350259200 0 0 0 0
1350172800 0 0 0 0
1350086400 0 0 0 0
1350000000 0 0 0 0
1349913600 0 0 0 0
1349827200 0 0 0 0
1349740800 0 0 0 0
1349654400 0 0 0 0
1349568000 0 0 0 0
1349481600 0 0 0 0
1349395200 0 0 0 0
1349308800 0 0 0 0
1349222400 0 0 0 0
1349136000 0 0 0 0
1349049600 0 0 0 0
1348963200 0 0 0 0
1348876800 0 0 0 0
1348790400 0 0 0 0
1348704000 0 0 0 0
1348617600 0 0 0 0
1348531200 0 0 0 0
1348444800 0 0 0 0
1348358400 0 0 0 0
1348272000 0 0 0 0
1348185600 0 0 0 0
1348099200 0 0 0 0
1348012800 0 0 0 0
1347926400 0 0 0 0
1347840000 0 0 0 0
1347753600 0 0 0 0
1347667200 0 0 0 0
1347580800 0 0 0 0
1347494400 0 0 0 0
1347408000 0 0 0 0
1347321600 0 0 0 0
1347235200 0 0 0 0
1347148800 0 0 0 0
1347062400 0 0 0 0
1346976000 0 0 0 0
1346889600 0 0 0 0
1346803200 0 0 0 0
1346716800 0 0 0 0
1346630400 0 0 0 0
1346544000 0 0 0 0
1346457600 0 0 0 0
1346371200 0 0 0 0
1346284800 0 0 0 0
1346198400 0 0 0 0
1346112000 0 0 0 0
1346025600 0 0 0 0
1345939200 0 0 0 0
1345852800 0 0 0 0
1345766400 0 0 0 0
1345680000 0 0 0 0
1345593600 0 0 0 0
1345507200 0 0 0 0
1345420800 0 0 0 0
1345334400 0 0 0 0
1345248000 0 0 0 0
1345161600 0 0 0 0
1345075200 0 0 0 0
1344988800 0 0 0 0
1344902400 0 0 0 0
1344816000 0 0 0 0
1344729600 0 0 0 0
1344643200 0 0 0 0
1344556800 0 0 0 0
1344470400 0 0 0 0
1344384000 0 0 0 0
1344297600 0 0 0 0
1344211200 0 0 0 0
1344124800 0 0 0 0
1344038400 0 0 0 0
1343952000 0 0 0 0
1343865600 0 0 0 0
1343779200 0 0 0 0
1343692800 0 0 0 0
1343606400 0 0 0 0
1343520000 0 0 0 0
1343433600 0 0 0 0
1343347200 0 0 0 0
1343260800 0 0 0 0
1343174400 0 0 0 0
1343088000 0 0 0 0
1343001600 0 0 0 0
1342915200 0 0 0 0
1342828800 0 0 0 0
1342742400 0 0 0 0
1342656000 0 0 0 0
1342569600 0 0 0 0
1342483200 0 0 0 0
1342396800 0 0 0 0
1342310400 0 0 0 0
1342224000 0 0 0 0
1342137600 0 0 0 0
1342051200 0 0 0 0
1341964800 0 0 0 0
1341878400 0 0 0 0
1341792000 0 0 0 0
1341705600 0 0 0 0
1341619200 0 0 0 0
1341532800 0 0 0 0
1341446400 0 0 0 0
1341360000 0 0 0 0
1341273600 0 0 0 0
1341187200 0 0 0 0
1341100800 0 0 0 0
1341014400 0 0 0 0
1340928000 0 0 0 0
1340841600 0 0 0 0
1340755200 0 0 0 0
1340668800 0 0 0 0
1340582400 0 0 0 0
1340496000 0 0 0 0
1340409600 0 0 0 0
1340323200 0 0 0 0
1340236800 0 0 0 0
1340150400 0 0 0 0
1340064000 0 0 0 0
1339977600 0 0 0 0
1339891200 0 0 0 0
1339804800 0 0 0 0
1339718400 0 0 0 0
1339632000 0 0 0 0
1339545600 0 0 0 0
1339459200 0 0 0 0
1339372800 0 0 0 0
1339286400 0 0 0 0
1339200000 0 0 0 0
1339113600 0 0 0 0
1339027200 0 0 0 0
1338940800 0 0 0 0
1338854400 0 0 0 0
1338768000 0 0 0 0
1338681600 0 0 0 0
1338595200 0 0 0 0
1338508800 0 0 0 0
1338422400 0 0 0 0
1338336000 0 0 0 0
1338249600 0 0 0 0
1338163200 0 0 0 0
1338076800 0 0 0 0
1337990400 0 0 0 0
1337904000 0 0 0 0
1337817600 0 0 0 0
1337731200 0 0 0 0
1337644800 0 0 0 0
1337558400 0 0 0 0
1337472000 0 0 0 0
1337385600 0 0 0 0
1337299200 0 0 0 0
1337212800 0 0 0 0
1337126400 0 0 0 0
1337040000 0 0 0 0
1336953600 0 0 0 0
1336867200 0 0 0 0
1336780800 0 0 0 0
1336694400 0 0 0 0
1336608000 0 0 0 0
1336521600 0 0 0 0
1336435200 0 0 0 0
1336348800 0 0 0 0
1336262400 0 0 0 0
1336176000 0 0 0 0
1336089600 0 0 0 0
1336003200 0 0 0 0
1335916800 0 0 0 0
1335830400 0 0 0 0
1335744000 0 0 0 0
1335657600 0 0 0 0
1335571200 0 0 0 0
1335484800 0 0 0 0
1335398400 0 0 0 0
1335312000 0 0 0 0
1335225600 0 0 0 0
1335139200 0 0 0 0
1335052800 0 0 0 0
1334966400 0 0 0 0
1334880000 0 0 0 0
1334793600 0 0 0 0
1334707200 0 0 0 0
1334620800 0 0 0 0
1334534400 0 0 0 0
1334448000 0 0 0 0
1334361600 0 0 0 0
1334275200 0 0 0 0
1334188800 0 0 0 0
1334102400 0 0 0 0
1334016000 0 0 0 0
1333929600 0 0 0 0
1333843200 0 0 0 0
1333756800 0 0 0 0
1333670400 0 0 0 0
1333584000 0 0 0 0
1333497600 0 0 0 0
1333411200 0 0 0 0
1333324800 0 0 0 0
1333238400 0 0 0 0
1333152000 0 0 0 0
1333065600 0 0 0 0
1332979200 0 0 0 0
1332892800 0 0 0 0
1332806400 0 0 0 0
1332720000 0 0 0 0
1332633600 0 0 0 0
1332547200 0 0 0 0
1332460800 0 0 0 0
1332374400 0 0 0 0
1332288000 0 0 0 0
1332201600 0 0 0 0
1332115200 0 0 0 0
1332028800 0 0 0 0
1331942400 0 0 0 0
1331856000 0 0 0 0
1331769600 0 0 0 0
1331683200 0 0 0 0
1331596800 0 0 0 0
1331510400 0 0 0 0
1331424000 0 0 0 0
1331337600 0 0 0 0
1331251200 0 0 0 0
1331164800 0 0 0 0
1331078400 0 0 0 0
1330992000 0 0 0 0
1330905600 0 0 0 0
1330819200 0 0 0 0
1330732800 0 0 0 0
1330646400 0 0 0 0
1330560000 0 0 0 0
1330473600 0 0 0 0
1330387200 0 0 0 0
1330300800 0 0 0 0
1330214400 0 0 0 0
1330128000 0 0 0 0
1330041600 0 0 0 0
1329955200 0 0 0 0
1329868800 0 0 0 0
1329782400 0 0 0 0
1329696000 0 0 0 0
1329609600 0 0 0 0
1329523200 0 0 0 0
1329436800 0 0 0 0
1329350400 0 0 0 0
1329264000 0 0 0 0
1329177600 0 0 0 0
1329091200 0 0 0 0
1329004800 0 0 0 0
1328918400 0 0 0 0
1328832000 0 0 0 0
1328745600 0 0 0 0
1328659200 0 0 0 0
1328572800 0 0 0 0
1328486400 0 0 0 0
1328400000 0 0 0 0
1328313600 0 0 0 0
1328227200 0 0 0 0
1328140800 0 0 0 0
1328054400 0 0 0 0
1327968000 0 0 0 0
1327881600 0 0 0 0
1327795200 0 0 0 0
1327708800 0 0 0 0
1327622400 0 0 0 0
1327536000 0 0 0 0
1327449600 0 0 0 0
1327363200 0 0 0 0
1327276800 0 0 0 0
1327190400 0 0 0 0
1327104000 0 0 0 0
1327017600 0 0 0 0
1326931200 0 0 0 0
1326844800 0 0 0 0
1326758400 0 0 0 0
1326672000 0 0 0 0
1326585600 0 0 0 0
1326499200 0 0 0 0
1326412800 0 0 0 0
1326326400 0 0 0 0
1326240000 0 0 0 0
1326153600 0 0 0 0
1326067200 0 0 0 0
1325980800 0 0 0 0
1325894400 0 0 0 0
1325808000 0 0 0 0
1325721600 0 0 0 0
1325635200 0 0 0 0
1325548800 0 0 0 0
1325462400 0 0 0 0
1325376000 0 0 0 0
1325289600 0 0 0 0
1325203200 0 0 0 0
1325116800 0 0 0 0
1325030400 0 0 0 0
1324944000 0 0 0 0
1324857600 0 0 0 0
1324771200 0 0 0 0
1324684800 0 0 0 0
1324598400 0 0 0 0
1324512000 0 0 0 0
1324425600 0 0 0 0
1324339200 0 0 0 0
1324252800 0 0 0 0
1324166400 0 0 0 0
1324080000 0 0 0 0
1323993600 0 0 0 0
1323907200 0 0 0 0
1323820800 0 0 0 0
1323734400 0 0 0 0
1323648000 0 0 0 0
1323561600 0 0 0 0
1323475200 0 0 0 0
1323388800 0 0 0 0
1323302400 0 0 0 0
1323216000 0 0 0 0
1323129600 0 0 0 0
1323043200 0 0 0 0
1322956800 0 0 0 0
1322870400 0 0 0 0
1322784000 0 0 0 0
1322697600 0 0 0 0
1322611200 0 0 0 0
1322524800 0 0 0 0
1322438400 0 0 0 0
1322352000 0 0 0 0
1322265600 0 0 0 0
1322179200 0 0 0 0
1322092800 0 0 0 0
1322006400 0 0 0 0
1321920000 0 0 0 0
1321833600 0 0 0 0
1321747200 0 0 0 0
1321660800 0 0 0 0
1321574400 0 0 0 0
1321488000 0 0 0 0
1321401600 0 0 0 0
1321315200 0 0 0 0
1321228800 0 0 0 0
1321142400 0 0 0 0
1321056000 0 0 0 0
1320969600 0 0 0 0
1320883200 0 0 0 0
1320796800 0 0 0 0
1320710400 0 0 0 0
1320624000 0 0 0 0
1320537600 0 0 0 0
1320451200 0 0 0 0
1320364800 0 0 0 0
1320278400 0 0 0 0
1320192000 0 0 0 0
1320105600 0 0 0 0
1320019200 0 0 0 0
1319932800 0 0 0 0
1319846400 0 0 0 0
1319760000 0 0 0 0
1319673600 0 0 0 0
1319587200 0 0 0 0
1319500800 0 0 0 0
1319414400 0 0 0 0
1319328000 0 0 0 0
1319241600 0 0 0 0
1319155200 0 0 0 0
1319068800 0 0 0 0
1318982400 0 0 0 0
1318896000 0 0 0 0
1318809600 0 0 0 0
1318723200 0 0 0 0
1318636800 0 0 0 0
1318550400 0 0 0 0
1318464000 0 0 0 0
1318377600 0 0 0 0
1318291200 0 0 0 0
1318204800 0 0 0 0
1318118400 0 0 0 0
1318032000 0 0 0 0
1317945600 0 0 0 0
1317859200 0 0 0 0
1317772800 0 0 0 0
1317686400 0 0 0 0
1317600000 0 0 0 0
1317513600 0 0 0 0
1317427200 0 0 0 0
1317340800 0 0 0 0
1317254400 0 0 0 0
1317168000 0 0 0 0
1317081600 0 0 0 0
1316995200 0 0 0 0
1316908800 0 0 0 0
1316822400 0 0 0 0
1316736000 0 0 0 0
1316649600 0 0 0 0
1316563200 0 0 0 0
1316476800 0 0 0 0
1316390400 0 0 0 0
1316304000 0 0 0 0
1316217600 0 0 0 0
1316131200 0 0 0 0
1316044800 0 0 0 0
1315958400 0 0 0 0
1315872000 0 0 0 0
1315785600 0 0 0 0
1315699200 0 0 0 0
1315612800 0 0 0 0
1315526400 0 0 0 0
1315440000 0 0 0 0
1315353600 0 0 0 0
1315267200 0 0 0 0
1315180800 0 0 0 0
1315094400 0 0 0 0
1315008000 0 0 0 0
1314921600 0 0 0 0
1314835200 0 0 0 0
1314748800 0 0 0 0
1314662400 0 0 0 0
1314576000 0 0 0 0
1314489600 0 0 0 0
1314403200 0 0 0 0
1314316800 0 0 0 0
1314230400 0 0 0 0
1314144000 0 0 0 0
1314057600 0 0 0 0
1313971200 0 0 0 0
1313884800 0 0 0 0
1313798400 0 0 0 0
1313712000 0 0 0 0
1313625600 0 0 0 0
1313539200 0 0 0 0
1313452800 0 0 0 0
1313366400 0 0 0 0
1313280000 0 0 0 0
1313193600 0 0 0 0
1313107200 0 0 0 0
1313020800 0 0 0 0
1312934400 0 0 0 0
1312848000 0 0 0 0
1312761600 0 0 0 0
1312675200 0 0 0 0
1312588800 0 0 0 0
1312502400 0 0 0 0
1312416000 0 0 0 0
1312329600 0 0 0 0
1312243200 0 0 0 0
1312156800 0 0 0 0
1312070400 0 0 0 0
1311984000 0 0 0 0
1311897600 0 0 0 0
1311811200 0 0 0 0
1311724800 0 0 0 0
1311638400 0 0 0 0
1311552000 0 0 0 0
1311465600 0 0 0 0
1311379200 0 0 0 0
1311292800 0 0 0 0
1311206400 0 0 0 0
1311120000 0 0 0 0
1311033600 0 0 0 0
1310947200 0 0 0 0
1310860800 0 0 0 0
1310774400 0 0 0 0
1310688000 0 0 0 0
1310601600 0 0 0 0
1310515200 0 0 0 0
1310428800 0 0 0 0
1310342400 0 0 0 0
1310256000 0 0 0 0
1310169600 0 0 0 0
1310083200 0 0 0 0
1309996800 0 0 0 0
1309910400 0 0 0 0
1309824000 0 0 0 0
1309737600 0 0 0 0
1309651200 0 0 0 0
1309564800 0 0 0 0
1309478400 0 0 0 0
1309392000 0 0 0 0
1309305600 0 0 0 0
1309219200 0 0 0 0
1309132800 0 0 0 0
1309046400 0 0 0 0
1308960000 0 0 0 0
1308873600 0 0 0 0
1308787200 0 0 0 0
1308700800 0 0 0 0
1308614400 0 0 0 0
1308528000 0 0 0 0
1308441600 0 0 0 0
1308355200 0 0 0 0
1308268800 0 0 0 0
1308182400 0 0 0 0
1308096000 0 0 0 0
1308009600 0 0 0 0
1307923200 0 0 0 0
1307836800 0 0 0 0
1307750400 0 0 0 0
1307664000 0 0 0 0
1307577600 0 0 0 0
1307491200 0 0 0 0
1307404800 0 0 0 0
1307318400 0 0 0 0
1307232000 0 0 0 0
1307145600 0 0 0 0
