1397587483 43984575 5307894
1397587483 74494 4401 74494 4401
1397587462 6858 1010 38872 3936
1397587200 2 3 34 32
1397586900 11044 1650 46727 3948
1397586600 18812 3053 46019 6521
1397586300 13316 3070 22202 5557
1397586000 37441 2968 59829 4195
1397585700 25858 2474 54691 4994
1397585400 14659 1819 37462 5223
1397585100 13590 1226 45553 3898
1397584800 14861 1063 82461 3446
1397584500 911 190 12267 2383
1397584200 5777 519 43811 3667
1397583900 3405 629 24385 3029
1397583600 5999 638 43613 2951
1397583300 1498 308 14466 2083
1397583000 11455 2066 36676 6134
1397582700 4286 515 21931 2463
1397582400 9212 1081 39163 3924
1397582100 0 0 0 0
1397581800 258 153 994 778
1397581500 11171 1563 23687 3089
1397581200 6588 1121 55055 5970
1397580900 5796 570 29851 3978
1397580600 0 0 0 0
1397580300 0 0 0 0
1397580000 0 0 0 0
1397579700 0 0 0 0
1397579400 0 0 0 0
1397579100 0 0 0 0
1397578800 0 0 0 0
1397578500 0 0 0 0
1397578200 0 0 0 0
1397577900 12 19 38 53
1397577600 1451 328 8798 2408
1397577300 13634 1329 66574 4903
1397577000 0 0 0 0
1397576700 0 0 0 0
1397576400 0 0 0 0
1397576100 1551 215 10799 1117
1397575800 4620 625 14260 2290
1397575500 630 97 8996 1395
1397575200 0 0 0 0
1397574900 3004 265 14719 1591
1397574600 3681 507 17767 3442
1397574300 4565 601 24758 2733
1397574000 24626 2363 70664 6409
1397573700 19796 1907 66034 4967
1397573400 5998 663 66034 4967
1397573100 14553 1834 39734 6035
1397572800 0 0 0 0
1397572500 0 0 0 0
1397572200 0 0 0 0
1397571900 0 0 0 0
1397571600 0 0 0 0
1397571300 0 0 0 0
1397571000 0 0 0 0
1397570700 0 0 0 0
1397570400 0 0 0 0
1397570100 0 0 0 0
1397569800 0 0 0 0
1397569500 0 0 67 68
1397569200 11153 1166 63092 6299
1397568900 19577 2585 63092 6813
1397568600 7449 1102 44982 5196
1397568300 0 0 0 0
1397568000 0 0 0 0
1397567700 0 0 0 0
1397567400 346 38 7768 506
1397567100 20546 2826 47117 3969
1397566800 34485 2478 111391 5257
1397566500 12342 1597 42072 5114
1397566200 2539 243 18772 1610
1397565900 23769 2892 64651 9666
1397565600 9474 1821 30885 4671
1397565300 3 0 548 52
1397565000 0 0 0 0
1397564700 0 0 0 0
1397564400 0 0 0 0
1397564100 0 0 0 0
1397563800 0 0 0 0
1397563500 0 0 0 0
1397563200 0 0 0 0
1397562900 0 0 0 0
1397562600 0 0 0 0
1397562300 0 0 0 0
1397562000 0 0 0 0
1397561700 0 0 0 0
1397561400 0 0 0 0
1397561100 0 0 0 0
1397560800 0 0 0 0
1397560500 0 0 0 0
1397560200 0 0 0 0
1397559900 0 0 0 0
1397559600 0 0 0 0
1397559300 0 0 0 0
1397559000 0 0 0 0
1397558700 0 0 0 0
1397558400 0 0 0 0
1397558100 0 0 0 0
1397557800 0 0 0 0
1397557500 0 0 0 0
1397557200 0 0 0 0
1397556900 0 0 0 0
1397556600 0 0 0 0
1397556300 0 0 0 0
1397556000 0 0 0 0
1397555700 0 0 0 0
1397555400 0 0 0 0
1397555100 0 0 0 0
1397554800 0 0 0 0
1397554500 0 0 0 0
1397554200 0 0 0 0
1397553900 0 0 0 0
1397553600 0 0 0 0
1397553300 0 0 0 0
1397553000 0 0 0 0
1397552700 0 0 0 0
1397552400 0 0 0 0
1397552100 0 0 0 0
1397551800 0 0 0 0
1397551500 0 0 0 0
1397551200 0 0 0 0
1397550900 0 0 0 0
1397550600 0 0 0 0
1397550300 0 0 0 0
1397550000 0 0 0 0
1397549700 0 0 0 0
1397549400 0 0 0 0
1397549100 0 0 0 0
1397548800 0 0 0 0
1397548500 0 0 0 0
1397548200 0 0 0 0
1397547900 0 0 0 0
1397547600 0 0 0 0
1397547300 0 0 0 0
1397547000 0 0 0 0
1397546700 0 0 0 0
1397546400 0 0 0 0
1397546100 0 0 0 0
1397545800 0 0 0 0
1397545500 0 0 0 0
1397545200 0 0 0 0
1397544900 0 0 0 0
1397544600 0 0 0 0
1397544300 0 0 0 0
1397544000 0 0 0 0
1397543700 0 0 0 0
1397543400 0 0 0 0
1397543100 0 0 0 0
1397542800 0 0 0 0
1397542500 0 0 0 0
1397542200 0 0 0 0
1397541900 0 0 0 0
1397541600 0 0 0 0
1397541300 0 0 0 0
1397541000 0 0 0 0
1397540700 0 0 0 0
1397540400 0 0 0 0
1397540100 0 0 0 0
1397539800 0 0 0 0
1397539500 0 0 0 0
1397539200 0 0 0 0
1397538900 0 0 0 0
1397538600 0 0 0 0
1397538300 0 0 0 0
1397538000 0 0 0 0
1397537700 0 0 0 0
1397537400 0 0 0 0
1397537100 0 0 0 0
1397536800 0 0 0 0
1397536500 0 0 0 0
1397536200 0 0 0 0
1397535900 0 0 0 0
1397535600 0 0 0 0
1397535300 0 0 0 0
1397535000 0 0 0 0
1397534700 0 0 0 0
1397534400 0 0 0 0
1397534100 0 0 0 0
1397533800 0 0 0 0
1397533500 0 0 0 0
1397533200 0 0 0 0
1397532900 0 0 0 0
1397532600 0 0 0 0
1397532300 0 0 0 0
1397532000 0 0 0 0
1397531700 0 0 0 0
1397531400 0 0 0 0
1397531100 0 0 0 0
1397530800 0 0 0 0
1397530500 0 0 0 0
1397530200 0 0 0 0
1397529900 0 0 0 0
1397529600 0 0 0 0
1397529300 0 0 0 0
1397529000 0 0 0 0
1397528700 0 0 0 0
1397528400 0 0 0 0
1397528100 0 0 0 0
1397527800 0 0 0 0
1397527500 0 0 0 0
1397527200 0 0 0 0
1397526900 0 0 0 0
1397526600 0 0 0 0
1397526300 0 0 0 0
1397526000 0 0 0 0
1397525700 0 0 0 0
1397525400 0 0 0 0
1397525100 0 0 0 0
1397524800 0 0 0 0
1397524500 0 0 0 0
1397524200 0 0 0 0
1397523900 0 0 0 0
1397523600 0 0 0 0
1397523300 0 0 0 0
1397523000 0 0 0 0
1397522700 0 0 0 0
1397522400 0 0 0 0
1397522100 0 0 0 0
1397521800 0 0 0 0
1397521500 0 0 0 0
1397521200 0 0 0 0
1397520900 0 0 0 0
1397520600 0 0 0 0
1397520300 0 0 0 0
1397520000 0 0 0 0
1397519700 0 0 0 0
1397519400 0 0 0 0
1397519100 0 0 0 0
1397518800 0 0 0 0
1397518500 0 0 0 0
1397518200 0 0 0 0
1397517900 0 0 0 0
1397517600 0 0 0 0
1397517300 0 0 0 0
1397517000 0 0 0 0
1397516700 0 0 0 0
1397516400 0 0 0 0
1397516100 0 0 0 0
1397515800 0 0 0 0
1397515500 0 0 0 0
1397515200 0 0 0 0
1397514900 0 0 0 0
1397514600 0 0 0 0
1397514300 0 0 0 0
1397514000 0 0 0 0
1397513700 0 0 0 0
1397513400 0 0 0 0
1397513100 0 0 0 0
1397512800 0 0 0 0
1397512500 0 0 0 0
1397512200 0 0 0 0
1397511900 0 0 0 0
1397511600 0 0 0 0
1397511300 0 0 0 0
1397511000 0 0 0 0
1397510700 0 0 0 0
1397510400 0 0 0 0
1397510100 0 0 0 0
1397509800 0 0 0 0
1397509500 0 0 0 0
1397509200 0 0 0 0
1397508900 0 0 0 0
1397508600 0 0 0 0
1397508300 0 0 0 0
1397508000 0 0 0 0
1397507700 0 0 0 0
1397507400 0 0 0 0
1397507100 0 0 0 0
1397506800 0 0 0 0
1397506500 0 0 0 0
1397506200 0 0 0 0
1397505900 0 0 0 0
1397505600 0 0 0 0
1397505300 0 0 0 0
1397505000 0 0 0 0
1397504700 0 0 0 0
1397504400 0 0 0 0
1397504100 0 0 0 0
1397503800 0 0 0 0
1397503500 0 0 0 0
1397503200 0 0 0 0
1397502900 0 0 0 0
1397502600 0 0 0 0
1397502300 0 0 0 0
1397502000 0 0 0 0
1397501700 6 8 50 51
1397501400 990 186 10696 1297
1397501100 2651 240 36623 2841
1397500800 0 51 12 216
1397500500 3 62 32 194
1397500200 3799 312 22328 1477
1397499900 221 75 1800 675
1397499600 839 164 7074 1040
1397499300 0 0 0 0
1397499000 257 69 7579 1028
1397498700 2998 447 18863 2183
1397498400 5209 1171 25432 4313
1397498100 36680 2193 89154 4532
1397497800 54285 2295 103992 4736
1397497500 34966 2359 88912 6508
1397497200 4478 588 27519 4435
1397496900 0 0 0 0
1397496600 0 0 0 0
1397496300 6671 545 63558 3832
1397496000 24542 1849 85950 4457
1397495700 26512 2604 92603 7589
1397495400 15527 1698 48492 6222
1397495100 0 0 0 0
1397494800 0 0 0 0
1397494500 0 0 0 0
1397494200 0 0 0 0
1397493900 0 0 0 0
1397493600 0 0 0 0
1397493300 0 0 0 0
1397493000 0 0 0 0
1397492700 0 0 0 0
1397492400 0 0 0 0
1397492100 0 0 0 0
1397491800 0 0 0 0
1397491500 0 0 0 0
1397491200 0 0 0 0
1397490900 0 0 0 0
1397490600 2124 201 12894 997
1397490300 3880 601 16248 2161
1397490000 1602 394 10006 1602
1397489700 8503 1023 13701 3590
1397489400 3393 412 22686 3048
1397489100 2621 404 25755 2277
1397488800 5901 570 37604 4222
1397488500 27740 2855 81402 4527
1397488200 28013 2531 66627 5163
1397487900 5987 567 41852 3049
1397487600 8207 945 37896 3433
1397487300 27730 2296 77706 6991
1397487000 13027 1285 78436 3147
1397486700 49606 2553 109574 5372
1397486400 27182 1820 75226 5263
1397486100 119 18 7147 1107
1397485800 2881 355 11410 1408
1397485500 2719 152 35646 1974
1397485200 3265 219 35646 1974
1397484900 4732 612 16673 3874
1397484600 4883 468 22349 2052
1397484300 10196 952 28109 2492
1397484000 22698 2456 67281 8301
1397483700 0 0 0 0
1397483400 3486 260 33639 2542
1397483100 1374 126 19455 1712
1397482800 2368 468 16595 3061
1397482500 0 0 0 0
1397482200 0 0 0 0
1397481900 3611 420 81716 8184
1397481600 18175 2206 81716 8184
1397481300 5385 813 35095 4125
1397481000 6617 717 42200 3982
1397480700 361 126 3706 715
1397480400 1430 352 11847 1800
1397480100 15177 1360 65305 6893
1397479800 21978 1872 57249 4655
1397479500 12149 1400 56925 7654
1397479200 0 0 0 0
1397478900 0 0 0 0
1397478600 0 0 0 0
1397478300 0 0 0 0
1397478000 0 0 0 0
1397477700 0 0 0 0
1397477400 0 0 0 0
1397477100 0 0 0 0
1397476800 0 0 0 0
1397476500 0 0 0 0
1397476200 0 0 0 0
1397475900 0 0 0 0
1397475600 0 0 0 0
1397475300 0 0 0 0
1397475000 0 0 0 0
1397474700 0 0 0 0
1397474400 0 0 0 0
1397474100 0 0 0 0
1397473800 0 0 0 0
1397473500 0 0 0 0
1397473200 0 0 0 0
1397472900 0 0 0 0
1397472600 0 0 0 0
1397472300 0 0 0 0
1397472000 0 0 0 0
1397471700 0 0 0 0
1397471400 0 0 0 0
1397471100 0 0 0 0
1397470800 0 0 0 0
1397470500 0 0 0 0
1397470200 0 0 0 0
1397469900 0 0 0 0
1397469600 0 0 0 0
1397469300 0 0 0 0
1397469000 0 0 0 0
1397468700 0 0 0 0
1397468400 0 0 0 0
1397468100 0 0 0 0
1397467800 0 0 0 0
1397467500 0 0 0 0
1397467200 0 0 0 0
1397466900 0 0 0 0
1397466600 0 0 0 0
1397466300 0 0 0 0
1397466000 0 0 0 0
1397465700 0 0 0 0
1397465400 0 0 0 0
1397465100 0 0 0 0
1397464800 0 0 0 0
1397464500 0 0 0 0
1397464200 0 0 0 0
1397463900 0 0 0 0
1397463600 0 0 0 0
1397463300 0 0 0 0
1397463000 0 0 0 0
1397462700 0 0 0 0
1397462400 0 0 0 0
1397462100 0 0 0 0
1397461800 0 0 0 0
1397461500 0 0 0 0
1397461200 0 0 0 0
1397460900 0 0 0 0
1397460600 0 0 0 0
1397460300 0 0 0 0
1397460000 0 0 0 0
1397459700 0 0 0 0
1397459400 0 0 0 0
1397459100 0 0 0 0
1397458800 0 0 0 0
1397458500 0 0 0 0
1397458200 0 0 0 0
1397457900 0 0 0 0
1397457600 0 0 0 0
1397457300 0 0 0 0
1397457000 0 0 0 0
1397456700 0 0 0 0
1397456400 0 0 0 0
1397456100 0 0 0 0
1397455800 0 0 0 0
1397455500 0 0 0 0
1397455200 0 0 0 0
1397454900 0 0 0 0
1397454600 0 0 0 0
1397454300 0 0 0 0
1397454000 0 0 0 0
1397453700 0 0 0 0
1397453400 0 0 0 0
1397453100 0 0 0 0
1397452800 0 0 0 0
1397452500 0 0 0 0
1397452200 0 0 0 0
1397451900 0 0 0 0
1397451600 0 0 0 0
1397451300 0 0 0 0
1397451000 0 0 0 0
1397450700 0 0 0 0
1397450400 0 0 0 0
1397450100 0 0 0 0
1397449800 0 0 0 0
1397449500 0 0 0 0
1397449200 0 0 0 0
1397448900 0 0 0 0
1397448600 0 0 0 0
1397448300 0 0 0 0
1397448000 0 0 0 0
1397447700 0 0 0 0
1397447400 0 0 0 0
1397447100 0 0 0 0
1397446800 0 0 0 0
1397446500 0 0 0 0
1397446200 0 0 0 0
1397445900 0 0 0 0
1397445600 0 0 0 0
1397445300 0 0 0 0
1397445000 0 0 0 0
1397444700 0 0 0 0
1397444400 0 0 0 0
1397444100 0 0 0 0
1397443800 0 0 0 0
1397443500 0 0 0 0
1397443200 0 0 0 0
1397442900 0 0 0 0
1397442600 0 0 0 0
1397442300 0 0 0 0
1397442000 0 0 0 0
1397441700 0 0 0 0
1397441400 0 0 0 0
1397441100 0 0 0 0
1397440800 0 0 0 0
1397440500 0 0 0 0
1397440200 0 0 0 0
1397439900 0 0 0 0
1397439600 0 0 0 0
1397439300 0 0 0 0
1397439000 0 0 0 0
1397438700 0 0 0 0
1397438400 0 0 0 0
1397438100 0 0 0 0
1397437800 0 0 0 0
1397437500 0 0 0 0
1397437200 0 0 0 0
1397436900 0 0 0 0
1397436600 0 0 0 0
1397436300 0 0 0 0
1397436000 0 0 0 0
1397435700 0 0 0 0
1397435400 0 0 0 0
1397435100 0 0 0 0
1397434800 0 0 0 0
1397434500 0 0 0 0
1397434200 0 0 0 0
1397433900 0 0 0 0
1397433600 0 0 0 0
1397433300 0 0 0 0
1397433000 0 0 0 0
1397432700 0 0 0 0
1397432400 0 0 0 0
1397432100 0 0 0 0
1397431800 0 0 0 0
1397431500 0 0 0 0
1397431200 0 0 0 0
1397430900 0 0 0 0
1397430600 0 0 0 0
1397430300 0 0 0 0
1397430000 0 0 0 0
1397429700 0 0 0 0
1397429400 0 0 0 0
1397429100 0 0 0 0
1397428800 0 0 0 0
1397428500 0 0 0 0
1397428200 0 0 0 0
1397427900 0 0 0 0
1397427600 0 0 0 0
1397427300 0 0 0 0
1397427000 0 0 0 0
1397426700 0 0 0 0
1397426400 0 0 0 0
1397426100 0 0 0 0
1397425800 0 0 0 0
1397425500 0 0 0 0
1397425200 0 0 0 0
1397424900 0 0 0 0
1397424600 0 0 0 0
1397424300 0 0 0 0
1397424000 0 0 0 0
1397423700 0 0 0 0
1397423400 0 0 0 0
1397423100 0 0 0 0
1397422800 0 0 0 0
1397422500 0 0 0 0
1397422200 0 0 0 0
1397421900 0 0 0 0
1397421600 0 0 0 0
1397421300 0 0 0 0
1397421000 0 0 0 0
1397420700 0 0 0 0
1397420400 0 0 0 0
1397420100 0 0 0 0
1397419800 0 0 0 0
1397419500 0 0 0 0
1397419200 0 0 0 0
1397418900 0 0 0 0
1397418600 0 0 0 0
1397418300 0 0 0 0
1397418000 0 0 0 0
1397417700 0 0 0 0
1397417400 0 0 0 0
1397417100 0 0 0 0
1397416800 0 0 0 0
1397416500 0 0 0 0
1397416200 0 0 0 0
1397415900 0 0 0 0
1397415600 0 0 0 0
1397415300 0 0 0 0
1397415000 0 0 0 0
1397414700 0 0 0 0
1397414400 0 0 0 0
1397414100 0 0 0 0
1397413800 0 0 0 0
1397413500 0 0 0 0
1397413200 0 0 0 0
1397412900 0 0 0 0
1397412600 0 0 0 0
1397412300 0 0 0 0
1397412000 0 0 0 0
1397411700 0 0 0 0
1397411400 0 0 0 0
1397411100 0 0 0 0
1397410800 0 0 0 0
1397410500 0 0 0 0
1397410200 0 0 0 0
1397409900 0 0 0 0
1397409600 0 0 0 0
1397409300 0 0 0 0
1397409000 0 0 0 0
1397408700 0 0 0 0
1397408400 0 0 0 0
1397408100 0 0 0 0
1397407800 0 0 0 0
1397407500 0 0 0 0
1397406600 0 0 0 0
1397404800 0 0 0 0
1397403000 0 0 0 0
1397401200 0 0 0 0
1397399400 0 0 0 0
1397397600 0 0 0 0
1397395800 0 0 0 0
1397394000 0 0 0 0
1397392200 0 0 0 0
1397390400 0 0 0 0
1397388600 0 0 0 0
1397386800 0 0 0 0
1397385000 0 0 0 0
1397383200 0 0 0 0
1397381400 0 0 0 0
1397379600 0 0 0 0
1397377800 0 0 0 0
1397376000 0 0 0 0
1397374200 0 0 0 0
1397372400 0 0 0 0
1397370600 0 0 0 0
1397368800 0 0 0 0
1397367000 0 0 0 0
1397365200 0 0 0 0
1397363400 0 0 0 0
1397361600 0 0 0 0
1397359800 0 0 0 0
1397358000 0 0 0 0
1397356200 0 0 0 0
1397354400 0 0 0 0
1397352600 0 0 0 0
1397350800 0 0 0 0
1397349000 0 0 0 0
1397347200 0 0 0 0
1397345400 0 0 0 0
1397343600 0 0 0 0
1397341800 0 0 0 0
1397340000 0 0 0 0
1397338200 0 0 0 0
1397336400 0 0 0 0
1397334600 0 0 0 0
1397332800 0 0 0 0
1397331000 0 0 0 0
1397329200 0 0 0 0
1397327400 0 0 0 0
1397325600 0 0 0 0
1397323800 0 0 0 0
1397322000 0 0 0 0
1397320200 0 0 0 0
1397318400 0 0 0 0
1397316600 0 0 0 0
1397314800 0 0 0 0
1397313000 0 0 0 0
1397311200 27155 1560 97283 6210
1397309400 12169 923 96242 5687
1397307600 0 0 0 0
1397305800 0 0 0 0
1397304000 0 0 0 0
1397302200 0 0 0 0
1397300400 0 0 0 0
1397298600 0 0 0 0
1397296800 0 0 0 0
1397295000 0 0 0 0
1397293200 0 0 0 0
1397291400 0 0 0 0
1397289600 0 0 0 0
1397287800 0 0 0 0
1397286000 0 0 0 0
1397284200 0 0 0 0
1397282400 0 0 0 0
1397280600 0 0 0 0
1397278800 0 0 0 0
1397277000 0 0 0 0
1397275200 0 0 0 0
1397273400 0 0 0 0
1397271600 0 0 0 0
1397269800 0 0 0 0
1397268000 0 0 0 0
1397266200 0 0 0 0
1397264400 0 0 0 0
1397262600 0 0 0 0
1397260800 0 0 0 0
1397259000 0 0 0 0
1397257200 0 0 0 0
1397255400 0 0 0 0
1397253600 0 0 0 0
1397251800 0 0 0 0
1397250000 0 0 0 0
1397248200 0 0 0 0
1397246400 0 0 0 0
1397244600 230 65 6422 1274
1397242800 2763 403 60716 3239
1397241000 2310 415 24714 2237
1397239200 2642 480 23007 3487
1397237400 1248 251 28216 3293
1397235600 982 127 34998 3998
1397233800 9940 817 59663 4039
1397232000 15298 1235 133325 8395
1397230200 1038 204 28814 3205
1397228400 2748 422 55076 5087
1397226600 3986 547 42429 3995
1397224800 6036 641 52393 4086
1397223000 3885 341 51064 4645
1397221200 13753 1286 90971 8464
1397219400 0 0 0 0
1397217600 0 0 0 0
1397215800 0 0 0 0
1397214000 0 0 0 0
1397212200 0 0 0 0
1397210400 0 0 0 0
1397208600 0 0 0 0
1397206800 0 0 0 0
1397205000 0 0 0 0
1397203200 0 0 0 0
1397201400 0 0 0 0
1397199600 0 0 0 0
1397197800 0 0 0 0
1397196000 0 0 0 0
1397194200 0 0 0 0
1397192400 0 0 0 0
1397190600 0 0 0 0
1397188800 0 0 0 0
1397187000 0 0 0 0
1397185200 0 0 0 0
1397183400 0 0 0 0
1397181600 0 0 0 0
1397179800 0 0 0 0
1397178000 0 0 0 0
1397176200 0 0 0 0
1397174400 0 0 0 0
1397172600 0 0 0 0
1397170800 0 0 0 0
1397169000 0 0 0 0
1397167200 0 0 0 0
1397165400 0 0 0 0
1397163600 0 0 0 0
1397161800 0 0 0 0
1397160000 0 0 0 0
1397158200 0 0 0 0
1397156400 0 0 0 0
1397154600 0 0 0 0
1397152800 0 0 0 0
1397151000 0 0 0 0
1397149200 0 0 0 0
1397147400 0 0 0 0
1397145600 0 0 0 0
1397143800 0 0 0 0
1397142000 0 0 0 0
1397140200 0 0 0 0
1397138400 0 0 0 0
1397136600 0 0 0 0
1397134800 0 0 0 0
1397133000 0 0 0 0
1397131200 0 0 0 0
1397129400 0 0 0 0
1397127600 0 0 0 0
1397125800 0 0 0 0
1397124000 0 0 0 0
1397122200 0 0 0 0
1397120400 0 0 0 0
1397118600 0 0 0 0
1397116800 0 0 0 0
1397115000 0 0 0 0
1397113200 0 0 0 0
1397111400 0 0 0 0
1397109600 0 0 0 0
1397107800 0 0 0 0
1397106000 0 0 0 0
1397104200 0 0 0 0
1397102400 0 0 0 0
1397100600 0 0 0 0
1397098800 0 0 0 0
1397097000 0 0 0 0
1397095200 0 0 0 0
1397093400 0 0 0 0
1397091600 0 0 0 0
1397089800 0 0 0 0
1397088000 0 0 0 0
1397086200 0 0 0 0
1397084400 0 0 0 0
1397082600 0 0 0 0
1397080800 0 0 0 0
1397079000 0 0 0 0
1397077200 0 0 0 0
1397075400 0 0 0 0
1397073600 0 0 0 0
1397071800 1675 140 52530 3187
1397070000 4230 653 37935 4751
1397068200 2735 394 60586 3601
1397066400 6963 844 51252 4846
1397064600 3683 519 60113 4970
1397062800 3281 243 81605 3477
1397061000 351 40 16384 1071
1397059200 3236 452 29820 3898
1397057400 1076 216 30121 1818
1397055600 4077 694 14244 2150
1397053800 6097 961 24996 4097
1397052000 2370 286 65555 5741
1397050200 9015 876 61608 6622
1397048400 4286 425 96655 7696
1397046600 0 0 0 0
1397044800 0 0 0 0
1397043000 0 0 0 0
1397041200 0 0 0 0
1397039400 0 0 0 0
1397037600 0 0 0 0
1397035800 0 0 0 0
1397034000 0 0 0 0
1397032200 0 0 0 0
1397030400 0 0 0 0
1397028600 0 0 0 0
1397026800 0 0 0 0
1397025000 0 0 0 0
1397023200 0 0 0 0
1397021400 0 0 0 0
1397019600 0 0 0 0
1397017800 0 0 0 0
1397016000 0 0 0 0
1397014200 0 0 0 0
1397012400 0 0 0 0
1397010600 0 0 0 0
1397008800 0 0 0 0
1397007000 0 0 0 0
1397005200 0 0 0 0
1397003400 0 0 0 0
1397001600 0 0 0 0
1396999800 0 0 0 0
1396998000 0 0 0 0
1396996200 0 0 0 0
1396994400 0 0 0 0
1396992600 0 0 0 0
1396990800 0 0 0 0
1396989000 0 0 0 0
1396987200 0 0 0 0
1396985400 2 3 164 177
1396983600 6046 673 77287 4997
1396981800 7056 1007 56415 5320
1396980000 4917 573 49801 4381
1396978200 5357 736 68194 7491
1396976400 0 0 0 0
1396974600 2411 451 29362 5458
1396972800 1378 323 28818 2688
1396971000 5170 938 81138 9661
1396969200 3585 464 29795 2708
1396967400 1520 391 19339 3450
1396965600 539 365 6136 1508
1396963800 4012 754 50833 5785
1396962000 42 0 3235 126
1396960200 0 0 0 0
1396958400 0 0 0 0
1396956600 0 0 0 0
1396954800 0 0 0 0
1396953000 0 0 0 0
1396951200 0 0 0 0
1396949400 0 0 0 0
1396947600 0 0 0 0
1396945800 0 0 0 0
1396944000 0 0 0 0
1396942200 0 0 0 0
1396940400 0 0 0 0
1396938600 0 0 0 0
1396936800 0 0 0 0
1396935000 0 0 0 0
1396933200 0 0 0 0
1396931400 0 0 0 0
1396929600 0 0 0 0
1396927800 0 0 0 0
1396926000 0 0 0 0
1396924200 0 0 0 0
1396922400 0 0 0 0
1396920600 0 0 0 0
1396918800 0 0 0 0
1396917000 0 0 0 0
1396915200 0 0 0 0
1396913400 0 0 0 0
1396911600 0 0 0 0
1396909800 0 0 0 0
1396908000 0 0 0 0
1396906200 0 0 0 0
1396904400 0 0 0 0
1396902600 0 0 0 0
1396900800 0 0 0 0
1396899000 485 116 9532 2301
1396897200 5755 835 94127 6460
1396895400 14626 1054 180147 6941
1396893600 9421 921 151882 10540
1396891800 778 154 13133 2663
1396890000 989 162 35170 4233
1396888200 43 16 3508 971
1396886400 1685 468 16052 3297
1396884600 3154 501 36773 3594
1396882800 6036 1104 32197 4347
1396881000 4206 603 46327 4127
1396879200 4656 570 77648 7962
1396877400 8366 800 67008 5662
1396875600 3329 279 81602 5662
1396873800 0 0 0 0
1396872000 0 0 0 0
1396870200 0 0 0 0
1396868400 0 0 0 0
1396866600 0 0 0 0
1396864800 0 0 0 0
1396863000 0 0 0 0
1396861200 0 0 0 0
1396859400 0 0 0 0
1396857600 0 0 0 0
1396855800 0 0 0 0
1396854000 0 0 0 0
1396852200 0 0 0 0
1396850400 0 0 0 0
1396848600 0 0 0 0
1396846800 0 0 0 0
1396845000 0 0 0 0
1396843200 0 0 0 0
1396841400 0 0 0 0
1396839600 0 0 0 0
1396837800 0 0 0 0
1396836000 0 0 0 0
1396834200 0 0 0 0
1396832400 0 0 0 0
1396830600 0 0 0 0
1396828800 0 0 0 0
1396827000 0 0 0 0
1396825200 0 0 0 0
1396823400 0 0 0 0
1396821600 0 0 0 0
1396819800 0 0 0 0
1396818000 0 0 0 0
1396816200 0 0 0 0
1396814400 0 0 0 0
1396812600 0 0 0 0
1396810800 0 0 0 0
1396809000 0 0 0 0
1396807200 0 0 0 0
1396805400 0 0 0 0
1396803600 0 0 0 0
1396801800 0 0 0 0
1396800000 0 0 0 0
1396798200 0 0 0 0
1396796400 0 0 0 0
1396794600 0 0 0 0
1396792800 0 0 0 0
1396791000 0 0 0 0
1396789200 0 0 0 0
1396787400 0 0 0 0
1396785600 0 0 0 0
1396783800 0 0 0 0
1396782000 0 0 0 0
1396780200 0 0 0 0
1396778400 0 0 0 0
1396776600 0 0 0 0
1396774800 0 0 0 0
1396773000 0 0 0 0
1396771200 0 0 0 0
1396769400 0 0 0 0
1396767600 0 0 0 0
1396765800 0 0 0 0
1396764000 0 0 0 0
1396762200 0 0 0 0
1396760400 0 0 0 0
1396758600 0 0 0 0
1396756800 0 0 0 0
1396755000 0 0 0 0
1396753200 0 0 0 0
1396751400 0 0 0 0
1396749600 0 0 0 0
1396747800 0 0 0 0
1396746000 0 0 0 0
1396744200 0 0 0 0
1396742400 0 0 0 0
1396740600 0 0 0 0
1396738800 0 0 0 0
1396737000 0 0 0 0
1396735200 0 0 0 0
1396733400 0 0 0 0
1396731600 0 0 0 0
1396729800 0 0 0 0
1396728000 0 0 0 0
1396726200 0 0 0 0
1396724400 0 0 0 0
1396722600 0 0 0 0
1396720800 0 0 0 0
1396719000 0 0 0 0
1396717200 0 0 0 0
1396715400 0 0 0 0
1396713600 0 0 0 0
1396711800 0 0 0 0
1396710000 0 0 0 0
1396708200 0 0 0 0
1396706400 0 0 0 0
1396704600 0 0 0 0
1396702800 0 0 0 0
1396701000 0 0 0 0
1396699200 0 0 0 0
1396697400 0 0 0 0
1396695600 0 0 0 0
1396693800 0 0 0 0
1396692000 0 0 0 0
1396690200 0 0 0 0
1396688400 0 0 0 0
1396686600 0 0 0 0
1396684800 0 0 0 0
1396683000 0 0 0 0
1396681200 0 0 0 0
1396679400 0 0 0 0
1396677600 0 0 0 0
1396675800 0 0 0 0
1396674000 0 0 0 0
1396672200 0 0 0 0
1396670400 0 0 0 0
1396668600 0 0 0 0
1396666800 0 0 0 0
1396665000 0 0 0 0
1396663200 0 0 0 0
1396661400 0 0 0 0
1396659600 0 0 0 0
1396657800 0 0 0 0
1396656000 0 0 0 0
1396654200 0 0 0 0
1396652400 0 0 0 0
1396650600 0 0 0 0
1396648800 0 0 0 0
1396647000 0 0 0 0
1396645200 0 0 0 0
1396643400 0 0 0 0
1396641600 0 0 0 0
1396639800 0 0 0 0
1396638000 0 0 0 0
1396636200 0 0 0 0
1396634400 4341 657 29611 9018
1396632600 2478 504 25501 4150
1396630800 0 0 0 0
1396629000 6356 735 61798 6468
1396627200 8361 879 48033 5778
1396625400 2846 654 27502 3658
1396623600 3393 589 63587 4211
1396621800 1037 451 10533 2521
1396620000 281 146 11163 2117
1396618200 7963 1159 61870 8110
1396616400 3276 484 49534 4011
1396614600 630 32 26122 1242
1396612800 0 0 0 0
1396611000 0 0 0 0
1396609200 0 0 0 0
1396607400 0 0 0 0
1396605600 0 0 0 0
1396603800 0 0 0 0
1396602000 0 0 0 0
1396600200 0 0 0 0
1396598400 0 0 0 0
1396596600 0 0 0 0
1396594800 0 0 0 0
1396593000 0 0 0 0
1396591200 0 0 0 0
1396589400 0 0 0 0
1396587600 0 0 0 0
1396585800 0 0 0 0
1396584000 0 0 0 0
1396582200 0 0 0 0
1396580400 0 0 0 0
1396578600 0 0 0 0
1396576800 0 0 0 0
1396575000 0 0 0 0
1396573200 0 0 0 0
1396571400 0 0 0 0
1396569600 0 0 0 0
1396567800 0 0 0 0
1396566000 0 0 0 0
1396564200 0 0 0 0
1396562400 0 0 0 0
1396560600 0 0 0 0
1396558800 0 0 0 0
1396557000 0 0 0 0
1396555200 0 0 0 0
1396553400 0 0 0 0
1396551600 0 0 0 0
1396549800 0 0 0 0
1396548000 0 0 0 0
1396546200 0 0 0 0
1396544400 0 0 0 0
1396542600 0 0 0 0
1396540800 0 0 0 0
1396539000 0 0 0 0
1396537200 0 0 0 0
1396535400 0 0 0 0
1396533600 0 0 0 0
1396531800 0 0 0 0
1396530000 0 0 0 0
1396528200 0 0 0 0
1396526400 0 0 0 0
1396524600 0 0 0 0
1396522800 0 0 0 0
1396521000 0 0 0 0
1396519200 0 0 0 0
1396517400 0 0 0 0
1396515600 0 0 0 0
1396513800 0 0 0 0
1396512000 0 0 0 0
1396510200 0 0 0 0
1396508400 0 0 0 0
1396506600 0 0 0 0
1396504800 0 0 0 0
1396503000 0 0 0 0
1396501200 0 0 0 0
1396499400 0 0 0 0
1396497600 0 0 0 0
1396495800 0 0 0 0
1396494000 0 0 0 0
1396492200 0 0 0 0
1396490400 0 0 0 0
1396488600 0 0 0 0
1396486800 0 0 0 0
1396485000 0 0 0 0
1396483200 0 0 0 0
1396481400 0 0 0 0
1396479600 0 0 0 0
1396477800 0 0 0 0
1396476000 0 0 0 0
1396474200 0 0 0 0
1396472400 0 0 0 0
1396470600 0 0 0 0
1396468800 0 0 0 0
1396467000 0 0 0 0
1396465200 0 0 0 0
1396463400 0 0 0 0
1396461600 0 0 0 0
1396459800 0 0 0 0
1396458000 0 0 0 0
1396456200 0 0 0 0
1396454400 0 0 0 0
1396452600 0 0 0 0
1396450800 0 0 0 0
1396449000 0 0 0 0
1396447200 0 0 0 0
1396445400 0 0 0 0
1396443600 0 0 0 0
1396441800 0 0 0 0
1396440000 0 0 0 0
1396438200 0 0 0 0
1396436400 0 0 0 0
1396434600 0 0 0 0
1396432800 0 0 0 0
1396431000 0 0 0 0
1396429200 0 0 0 0
1396427400 0 0 0 0
1396425600 0 0 0 0
1396423800 0 0 0 0
1396422000 0 0 0 0
1396420200 0 0 0 0
1396418400 0 0 0 0
1396416600 0 0 0 0
1396414800 0 0 0 0
1396413000 0 0 0 0
1396411200 0 0 0 0
1396409400 0 0 0 0
1396407600 0 0 0 0
1396405800 0 0 0 0
1396404000 0 0 0 0
1396402200 0 0 0 0
1396400400 0 0 0 0
1396398600 0 0 0 0
1396396800 0 0 0 0
1396395000 0 0 0 0
1396393200 0 0 0 0
1396391400 0 0 0 0
1396389600 0 0 0 0
1396387800 0 0 0 0
1396386000 0 0 0 0
1396384200 0 0 0 0
1396382400 0 0 0 0
1396380600 0 0 0 0
1396378800 0 0 0 0
1396377000 0 0 0 0
1396375200 0 0 0 0
1396373400 0 0 0 0
1396371600 0 0 0 0
1396369800 0 0 0 0
1396368000 0 0 0 0
1396366200 0 0 0 0
1396364400 0 0 0 0
1396362600 0 0 0 0
1396360800 0 0 0 0
1396359000 0 0 0 0
1396357200 0 0 0 0
1396355400 0 0 0 0
1396353600 0 0 0 0
1396351800 0 0 0 0
1396350000 0 0 0 0
1396348200 0 0 0 0
1396346400 0 0 0 0
1396344600 0 0 0 0
1396342800 0 0 0 0
1396341000 0 0 0 0
1396339200 0 0 0 0
1396337400 0 0 0 0
1396335600 0 0 0 0
1396333800 0 0 0 0
1396332000 0 0 0 0
1396330200 0 0 0 0
1396328400 0 0 0 0
1396326600 0 0 0 0
1396324800 0 0 0 0
1396317600 0 0 0 0
1396310400 0 0 0 0
1396303200 0 0 0 0
1396296000 0 0 0 0
1396288800 0 0 0 0
1396281600 0 0 0 0
1396274400 0 0 0 0
1396267200 0 0 0 0
1396260000 0 0 0 0
1396252800 0 0 0 0
1396245600 0 0 0 0
1396238400 0 0 0 0
1396231200 0 0 0 0
1396224000 0 0 0 0
1396216800 0 0 0 0
1396209600 0 0 0 0
1396202400 0 0 0 0
1396195200 0 0 0 0
1396188000 0 0 0 0
1396180800 0 0 0 0
1396173600 0 0 0 0
1396166400 0 0 0 0
1396159200 0 0 0 0
1396152000 0 0 0 0
1396144800 0 0 0 0
1396137600 0 0 0 0
1396130400 0 0 0 0
1396123200 0 0 0 0
1396116000 0 0 0 0
1396108800 0 0 0 0
1396101600 0 0 0 0
1396094400 0 0 0 0
1396087200 0 0 0 0
1396080000 0 0 0 0
1396072800 0 0 0 0
1396065600 0 0 0 0
1396058400 0 0 0 0
1396051200 0 0 0 0
1396044000 0 0 0 0
1396036800 0 0 0 0
1396029600 0 0 0 0
1396022400 0 0 0 0
1396015200 0 0 0 0
1396008000 0 0 0 0
1396000800 0 0 0 0
1395993600 0 0 0 0
1395986400 0 0 0 0
1395979200 0 0 0 0
1395972000 0 0 0 0
1395964800 0 0 0 0
1395957600 0 0 0 0
1395950400 0 0 0 0
1395943200 0 0 0 0
1395936000 0 0 0 0
1395928800 0 0 0 0
1395921600 0 0 0 0
1395914400 0 0 0 0
1395907200 0 0 0 0
1395900000 0 0 0 0
1395892800 0 0 0 0
1395885600 0 0 0 0
1395878400 0 0 0 0
1395871200 0 0 0 0
1395864000 0 0 0 0
1395856800 0 0 0 0
1395849600 0 0 0 0
1395842400 0 0 0 0
1395835200 0 0 0 0
1395828000 0 0 0 0
1395820800 0 0 0 0
1395813600 0 0 0 0
1395806400 0 0 0 0
1395799200 0 0 0 0
1395792000 0 0 0 0
1395784800 0 0 0 0
1395777600 0 0 0 0
1395770400 0 0 0 0
1395763200 0 0 0 0
1395756000 0 0 0 0
1395748800 0 0 0 0
1395741600 0 0 0 0
1395734400 0 0 0 0
1395727200 0 0 0 0
1395720000 0 0 0 0
1395712800 0 0 0 0
1395705600 0 0 0 0
1395698400 0 0 0 0
1395691200 0 0 0 0
1395684000 0 0 0 0
1395676800 0 0 0 0
1395669600 0 0 0 0
1395662400 0 0 0 0
1395655200 0 0 0 0
1395648000 0 0 0 0
1395640800 0 0 0 0
1395633600 0 0 0 0
1395626400 0 0 0 0
1395619200 0 0 0 0
1395612000 0 0 0 0
1395604800 0 0 0 0
1395597600 0 0 0 0
1395590400 0 0 0 0
1395583200 0 0 0 0
1395576000 0 0 0 0
1395568800 0 0 0 0
1395561600 0 0 0 0
1395554400 0 0 0 0
1395547200 0 0 0 0
1395540000 0 0 0 0
1395532800 0 0 0 0
1395525600 0 0 0 0
1395518400 0 0 0 0
1395511200 0 0 0 0
1395504000 0 0 0 0
1395496800 0 0 0 0
1395489600 0 0 0 0
1395482400 0 0 0 0
1395475200 0 0 0 0
1395468000 0 0 0 0
1395460800 0 0 0 0
1395453600 0 0 0 0
1395446400 0 0 0 0
1395439200 0 0 0 0
1395432000 0 0 0 0
1395424800 0 0 0 0
1395417600 0 0 0 0
1395410400 0 0 0 0
1395403200 0 0 0 0
1395396000 0 0 0 0
1395388800 0 0 0 0
1395381600 0 0 0 0
1395374400 0 0 0 0
1395367200 0 0 0 0
1395360000 0 0 0 0
1395352800 0 0 0 0
1395345600 0 0 0 0
1395338400 0 0 0 0
1395331200 0 0 0 0
1395324000 0 0 0 0
1395316800 0 0 0 0
1395309600 0 0 0 0
1395302400 0 0 0 0
1395295200 0 0 0 0
1395288000 0 0 0 0
1395280800 0 0 0 0
1395273600 0 0 0 0
1395266400 0 0 0 0
1395259200 0 0 0 0
1395252000 0 0 0 0
1395244800 0 0 0 0
1395237600 0 0 0 0
1395230400 0 0 0 0
1395223200 0 0 0 0
1395216000 0 0 0 0
1395208800 0 0 0 0
1395201600 0 0 0 0
1395194400 0 0 0 0
1395187200 0 0 0 0
1395180000 0 0 0 0
1395172800 0 0 0 0
1395165600 0 0 0 0
1395158400 0 0 0 0
1395151200 0 0 0 0
1395144000 0 0 0 0
1395136800 0 0 0 0
1395129600 0 0 0 0
1395122400 0 0 0 0
1395115200 0 0 0 0
1395108000 0 0 0 0
1395100800 0 0 0 0
1395093600 0 0 0 0
1395086400 0 0 0 0
1395079200 0 0 0 0
1395072000 0 0 0 0
1395064800 0 0 0 0
1395057600 0 0 0 0
1395050400 0 0 0 0
1395043200 0 0 0 0
1395036000 0 0 0 0
1395028800 0 0 0 0
1395021600 0 0 0 0
1395014400 0 0 0 0
1395007200 0 0 0 0
1395000000 0 0 0 0
1394992800 0 0 0 0
1394985600 0 0 0 0
1394978400 0 0 0 0
1394971200 0 0 0 0
1394964000 0 0 0 0
1394956800 0 0 0 0
1394949600 0 0 0 0
1394942400 0 0 0 0
1394935200 0 0 0 0
1394928000 0 0 0 0
1394920800 0 0 0 0
1394913600 0 0 0 0
1394906400 0 0 0 0
1394899200 0 0 0 0
1394892000 0 0 0 0
1394884800 0 0 0 0
1394877600 0 0 0 0
1394870400 0 0 0 0
1394863200 0 0 0 0
1394856000 0 0 0 0
1394848800 0 0 0 0
1394841600 0 0 0 0
1394834400 0 0 0 0
1394827200 0 0 0 0
1394820000 0 0 0 0
1394812800 0 0 0 0
1394805600 0 0 0 0
1394798400 0 0 0 0
1394791200 0 0 0 0
1394784000 0 0 0 0
1394776800 0 0 0 0
1394769600 0 0 0 0
1394762400 0 0 0 0
1394755200 0 0 0 0
1394748000 0 0 0 0
1394740800 0 0 0 0
1394733600 0 0 0 0
1394726400 0 0 0 0
1394719200 0 0 0 0
1394712000 0 0 0 0
1394704800 0 0 0 0
1394697600 0 0 0 0
1394690400 0 0 0 0
1394683200 0 0 0 0
1394676000 0 0 0 0
1394668800 0 0 0 0
1394661600 0 0 0 0
1394654400 0 0 0 0
1394647200 0 0 0 0
1394640000 0 0 0 0
1394632800 0 0 0 0
1394625600 0 0 0 0
1394618400 0 0 0 0
1394611200 0 0 0 0
1394604000 0 0 0 0
1394596800 0 0 0 0
1394589600 0 0 0 0
1394582400 0 0 0 0
1394575200 0 0 0 0
1394568000 0 0 0 0
1394560800 0 0 0 0
1394553600 0 0 0 0
1394546400 0 0 0 0
1394539200 0 0 0 0
1394532000 0 0 0 0
1394524800 0 0 0 0
1394517600 0 0 0 0
1394510400 0 0 0 0
1394503200 0 0 0 0
1394496000 0 0 0 0
1394488800 0 0 0 0
1394481600 0 0 0 0
1394474400 0 0 0 0
1394467200 0 0 0 0
1394460000 0 0 0 0
1394452800 0 0 0 0
1394445600 0 0 0 0
1394438400 0 0 0 0
1394431200 0 0 0 0
1394424000 0 0 0 0
1394416800 0 0 0 0
1394409600 0 0 0 0
1394402400 0 0 0 0
1394395200 0 0 0 0
1394388000 0 0 0 0
1394380800 0 0 0 0
1394373600 0 0 0 0
1394366400 0 0 0 0
1394359200 0 0 0 0
1394352000 0 0 0 0
1394344800 0 0 0 0
1394337600 0 0 0 0
1394330400 0 0 0 0
1394323200 0 0 0 0
1394316000 0 0 0 0
1394308800 0 0 0 0
1394301600 0 0 0 0
1394294400 0 0 0 0
1394287200 0 0 0 0
1394280000 0 0 0 0
1394272800 0 0 0 0
1394265600 0 0 0 0
1394258400 0 0 0 0
1394251200 0 0 0 0
1394244000 0 0 0 0
1394236800 0 0 0 0
1394229600 0 0 0 0
1394222400 0 0 0 0
1394215200 0 0 0 0
1394208000 0 0 0 0
1394200800 0 0 0 0
1394193600 0 0 0 0
1394186400 0 0 0 0
1394179200 0 0 0 0
1394172000 0 0 0 0
1394164800 0 0 0 0
1394157600 0 0 0 0
1394150400 0 0 0 0
1394143200 0 0 0 0
1394136000 0 0 0 0
1394128800 0 0 0 0
1394121600 0 0 0 0
1394114400 0 0 0 0
1394107200 0 0 0 0
1394100000 0 0 0 0
1394092800 0 0 0 0
1394085600 0 0 0 0
1394078400 0 0 0 0
1394071200 0 0 0 0
1394064000 0 0 0 0
1394056800 0 0 0 0
1394049600 0 0 0 0
1394042400 0 0 0 0
1394035200 0 0 0 0
1394028000 0 0 0 0
1394020800 0 0 0 0
1394013600 0 0 0 0
1394006400 0 0 0 0
1393999200 0 0 0 0
1393992000 0 0 0 0
1393984800 0 0 0 0
1393977600 0 0 0 0
1393970400 0 0 0 0
1393963200 0 0 0 0
1393956000 0 0 0 0
1393948800 0 0 0 0
1393941600 0 0 0 0
1393934400 0 0 0 0
1393927200 0 0 0 0
1393920000 0 0 0 0
1393912800 0 0 0 0
1393905600 0 0 0 0
1393898400 0 0 0 0
1393891200 0 0 0 0
1393884000 0 0 0 0
1393876800 0 0 0 0
1393869600 0 0 0 0
1393862400 0 0 0 0
1393855200 0 0 0 0
1393848000 0 0 0 0
1393840800 0 0 0 0
1393833600 0 0 0 0
1393826400 0 0 0 0
1393819200 0 0 0 0
1393812000 0 0 0 0
1393804800 0 0 0 0
1393797600 0 0 0 0
1393790400 0 0 0 0
1393783200 0 0 0 0
1393776000 0 0 0 0
1393768800 0 0 0 0
1393761600 0 0 0 0
1393754400 0 0 0 0
1393747200 0 0 0 0
1393740000 0 0 0 0
1393732800 0 0 0 0
1393725600 0 0 0 0
1393718400 0 0 0 0
1393711200 0 0 0 0
1393704000 0 0 0 0
1393696800 0 0 0 0
1393689600 0 0 0 0
1393682400 0 0 0 0
1393675200 0 0 0 0
1393668000 0 0 0 0
1393660800 0 0 0 0
1393653600 0 0 0 0
1393646400 0 0 0 0
1393639200 0 0 0 0
1393632000 0 0 0 0
1393624800 0 0 0 0
1393617600 0 0 0 0
1393610400 0 0 0 0
1393603200 0 0 0 0
1393596000 0 0 0 0
1393588800 0 0 0 0
1393581600 0 0 0 0
1393574400 0 0 0 0
1393567200 0 0 0 0
1393560000 0 0 0 0
1393552800 0 0 0 0
1393545600 0 0 0 0
1393538400 0 0 0 0
1393531200 0 0 0 0
1393524000 0 0 0 0
1393516800 0 0 0 0
1393509600 0 0 0 0
1393502400 0 0 0 0
1393495200 0 0 0 0
1393488000 0 0 0 0
1393480800 0 0 0 0
1393473600 0 0 0 0
1393466400 0 0 0 0
1393459200 0 0 0 0
1393452000 0 0 0 0
1393444800 0 0 0 0
1393437600 0 0 0 0
1393430400 0 0 0 0
1393423200 0 0 0 0
1393416000 0 0 0 0
1393408800 0 0 0 0
1393401600 0 0 0 0
1393394400 0 0 0 0
1393387200 0 0 0 0
1393380000 0 0 0 0
1393372800 0 0 0 0
1393365600 0 0 0 0
1393358400 0 0 0 0
1393351200 0 0 0 0
1393344000 0 0 0 0
1393336800 0 0 0 0
1393329600 0 0 0 0
1393322400 0 0 0 0
1393315200 0 0 0 0
1393308000 0 0 0 0
1393300800 0 0 0 0
1393293600 0 0 0 0
1393286400 0 0 0 0
1393279200 0 0 0 0
1393272000 0 0 0 0
1393264800 0 0 0 0
1393257600 0 0 0 0
1393250400 0 0 0 0
1393243200 0 0 0 0
1393236000 0 0 0 0
1393228800 0 0 0 0
1393221600 0 0 0 0
1393214400 0 0 0 0
1393207200 0 0 0 0
1393200000 0 0 0 0
1393192800 0 0 0 0
1393185600 0 0 0 0
1393178400 0 0 0 0
1393171200 0 0 0 0
1393164000 0 0 0 0
1393156800 0 0 0 0
1393149600 0 0 0 0
1393142400 0 0 0 0
1393135200 0 0 0 0
1393128000 0 0 0 0
1393120800 0 0 0 0
1393113600 0 0 0 0
1393106400 0 0 0 0
1393099200 0 0 0 0
1393092000 0 0 0 0
1393084800 0 0 0 0
1393077600 0 0 0 0
1393070400 0 0 0 0
1393063200 0 0 0 0
1393056000 0 0 0 0
1393048800 0 0 0 0
1393041600 0 0 0 0
1393034400 0 0 0 0
1393027200 0 0 0 0
1393020000 0 0 0 0
1393012800 0 0 0 0
1393005600 0 0 0 0
1392998400 0 0 0 0
1392991200 0 0 0 0
1392984000 0 0 0 0
1392976800 0 0 0 0
1392969600 0 0 0 0
1392962400 0 0 0 0
1392955200 0 0 0 0
1392948000 0 0 0 0
1392940800 0 0 0 0
1392933600 0 0 0 0
1392926400 0 0 0 0
1392919200 0 0 0 0
1392912000 0 0 0 0
1392904800 0 0 0 0
1392897600 0 0 0 0
1392890400 0 0 0 0
1392883200 0 0 0 0
1392876000 0 0 0 0
1392868800 0 0 0 0
1392861600 0 0 0 0
1392854400 0 0 0 0
1392847200 0 0 0 0
1392840000 0 0 0 0
1392832800 0 0 0 0
1392825600 0 0 0 0
1392818400 0 0 0 0
1392811200 0 0 0 0
1392804000 0 0 0 0
1392796800 0 0 0 0
1392789600 0 0 0 0
1392782400 0 0 0 0
1392775200 0 0 0 0
1392768000 0 0 0 0
1392760800 0 0 0 0
1392753600 0 0 0 0
1392746400 0 0 0 0
1392739200 0 0 0 0
1392732000 0 0 0 0
1392724800 0 0 0 0
1392717600 0 0 0 0
1392710400 0 0 0 0
1392703200 0 0 0 0
1392696000 0 0 0 0
1392688800 0 0 0 0
1392681600 0 0 0 0
1392674400 0 0 0 0
1392667200 0 0 0 0
1392660000 0 0 0 0
1392652800 0 0 0 0
1392645600 0 0 0 0
1392638400 0 0 0 0
1392631200 0 0 0 0
1392624000 0 0 0 0
1392616800 0 0 0 0
1392609600 0 0 0 0
1392602400 0 0 0 0
1392595200 0 0 0 0
1392588000 0 0 0 0
1392580800 0 0 0 0
1392573600 0 0 0 0
1392566400 0 0 0 0
1392559200 0 0 0 0
1392552000 0 0 0 0
1392544800 0 0 0 0
1392537600 0 0 0 0
1392530400 0 0 0 0
1392523200 0 0 0 0
1392516000 0 0 0 0
1392508800 0 0 0 0
1392501600 0 0 0 0
1392494400 0 0 0 0
1392487200 0 0 0 0
1392480000 0 0 0 0
1392472800 0 0 0 0
1392465600 0 0 0 0
1392458400 0 0 0 0
1392451200 0 0 0 0
1392444000 0 0 0 0
1392436800 0 0 0 0
1392429600 0 0 0 0
1392422400 0 0 0 0
1392415200 0 0 0 0
1392408000 0 0 0 0
1392400800 0 0 0 0
1392393600 0 0 0 0
1392386400 0 0 0 0
1392379200 0 0 0 0
1392372000 0 0 0 0
1392364800 0 0 0 0
1392357600 0 0 0 0
1392350400 0 0 0 0
1392343200 0 0 0 0
1392336000 0 0 0 0
1392328800 0 0 0 0
1392321600 0 0 0 0
1392314400 0 0 0 0
1392307200 0 0 0 0
1392300000 0 0 0 0
1392292800 0 0 0 0
1392285600 0 0 0 0
1392278400 0 0 0 0
1392271200 0 0 0 0
1392264000 0 0 0 0
1392256800 0 0 0 0
1392249600 0 0 0 0
1392242400 0 0 0 0
1392235200 0 0 0 0
1392228000 0 0 0 0
1392220800 0 0 0 0
1392213600 0 0 0 0
1392206400 0 0 0 0
1392199200 0 0 0 0
1392192000 0 0 0 0
1392184800 0 0 0 0
1392177600 0 0 0 0
1392170400 0 0 0 0
1392163200 0 0 0 0
1392156000 0 0 0 0
1392148800 0 0 0 0
1392141600 0 0 0 0
1392134400 0 0 0 0
1392127200 0 0 0 0
1392120000 0 0 0 0
1392112800 0 0 0 0
1392105600 0 0 0 0
1392098400 0 0 0 0
1392091200 0 0 0 0
1392084000 0 0 0 0
1392076800 0 0 0 0
1392069600 0 0 0 0
1392062400 0 0 0 0
1392055200 0 0 0 0
1392048000 0 0 0 0
1392040800 0 0 0 0
1392033600 0 0 0 0
1392026400 0 0 0 0
1392019200 0 0 0 0
1392012000 0 0 0 0
1392004800 0 0 0 0
1391990400 0 0 0 0
1391904000 0 0 0 0
1391817600 0 0 0 0
1391731200 0 0 0 0
1391644800 0 0 0 0
1391558400 0 0 0 0
1391472000 0 0 0 0
1391385600 0 0 0 0
1391299200 0 0 0 0
1391212800 0 0 0 0
1391126400 0 0 0 0
1391040000 0 0 0 0
1390953600 0 0 0 0
1390867200 0 0 0 0
1390780800 0 0 0 0
1390694400 0 0 0 0
1390608000 397 41 119488 10219
1390521600 0 0 2625 175
1390435200 0 0 1339 174
1390348800 0 0 2287 185
1390262400 0 0 2625 134
1390176000 0 0 0 0
1390089600 111 10 64542 6246
1390003200 25 1 41464 5024
1389916800 0 0 1111 186
1389830400 1 0 4487 418
1389744000 0 0 0 0
1389657600 0 0 0 0
1389571200 0 0 0 0
1389484800 0 0 0 0
1389398400 1012 176 20078 2548
1389312000 317 64 74702 9356
1389225600 1295 226 9821 1706
1389139200 11 17 85 127
1389052800 223 35 1545 282
1388966400 0 0 0 0
1388880000 0 0 0 0
1388793600 918 65 28246 3684
1388707200 1425 162 30834 4926
1388620800 0 0 0 0
1388534400 0 0 0 0
1388448000 1277 169 22446 1806
1388361600 0 0 0 0
1388275200 0 0 0 0
1388188800 556 83 76093 9020
1388102400 668 95 75056 9046
1388016000 0 0 0 0
1387929600 352 29 69455 6002
1387843200 952 127 79185 9891
1387756800 0 0 0 0
1387670400 0 0 0 0
1387584000 649 125 77989 11979
1387497600 797 136 79602 8939
1387411200 732 112 82039 7874
1387324800 808 126 88049 10576
1387238400 998 132 125423 7623
1387152000 0 0 0 0
1387065600 162 20 55212 6636
1386979200 660 103 73817 7867
1386892800 956 151 137129 19810
1386806400 792 132 115342 10169
1386720000 905 137 93105 20282
1386633600 533 86 68634 7012
1386547200 0 0 0 0
1386460800 0 0 0 0
1386374400 794 132 92342 10730
1386288000 737 127 122628 8764
1386201600 832 125 115102 22047
1386115200 710 107 91977 12064
1386028800 1635 200 307530 16825
1385942400 0 0 0 0
1385856000 111 4 90370 6243
1385769600 584 98 137301 16047
1385683200 676 119 117175 12828
1385596800 437 146 76518 18004
1385510400 925 138 92522 9390
1385424000 0 0 0 0
1385337600 0 0 0 0
1385251200 279 22 93639 6729
1385164800 742 121 103413 13037
1385078400 979 168 96181 33148
1384992000 0 0 4074 543
1384905600 693 87 62471 10595
1384819200 519 71 57682 7994
1384732800 0 0 318 42
1384646400 390 58 67611 6597
1384560000 683 92 102942 12564
1384473600 665 111 91279 10177
1384387200 708 108 98855 13950
1384300800 760 110 102816 8991
1384214400 817 110 96100 10742
1384128000 0 0 0 0
1384041600 0 0 0 0
1383955200 627 101 88307 12604
1383868800 835 148 112189 14284
1383782400 873 126 106840 13107
1383696000 1032 143 123741 10866
1383609600 828 104 533682 27311
1383523200 0 0 0 0
1383436800 0 0 0 0
1383350400 376 56 96191 10178
1383264000 681 100 169219 10742
1383177600 999 143 102560 8306
1383091200 785 110 59519 10473
1383004800 960 159 60531 10047
1382918400 0 0 0 0
1382832000 0 0 0 0
1382745600 555 84 100495 12032
1382659200 548 95 89522 9736
1382572800 660 106 210062 35542
1382486400 330 46 92969 10190
1382400000 782 90 444026 14013
1382313600 0 0 0 0
1382227200 142 14 86257 7842
1382140800 605 89 135285 9617
1382054400 740 100 164343 12081
1381968000 660 110 103002 13619
1381881600 371 67 37843 6234
1381795200 0 0 0 0
1381708800 0 0 0 0
1381622400 0 0 0 0
1381536000 531 88 108341 14722
1381449600 506 92 72368 8678
1381363200 706 110 301584 15559
1381276800 672 94 45681 6062
1381190400 540 79 76178 11817
1381104000 0 0 0 0
1381017600 275 24 66704 6937
1380931200 632 101 76393 10329
1380844800 621 88 109146 12611
1380758400 510 81 58860 8602
1380672000 529 75 128366 13859
1380585600 528 89 69295 10501
1380499200 0 0 0 0
1380412800 371 66 81751 8753
1380326400 958 141 233471 9804
1380240000 398 47 97169 13048
1380153600 621 102 172312 13532
1380067200 788 115 108732 12860
1379980800 1699 207 149550 10742
1379894400 0 0 0 0
1379808000 0 0 0 0
1379721600 434 73 112113 12951
1379635200 620 94 73420 10021
1379548800 636 94 131471 11256
1379462400 1005 133 124424 15964
1379376000 1702 206 161012 13831
1379289600 0 0 0 0
1379203200 631 74 81676 8583
1379116800 1167 150 265511 14427
1379030400 1026 144 194028 12933
1378944000 784 148 54318 6873
1378857600 1155 176 109950 8856
1378771200 755 130 64667 10282
1378684800 0 0 0 0
1378598400 145 14 58638 5477
1378512000 1012 158 134398 7853
1378425600 940 150 65632 10588
1378339200 539 90 62122 8144
1378252800 546 99 54201 10180
1378166400 843 136 59701 8588
1378080000 0 0 0 0
1377993600 0 0 0 0
1377907200 763 137 63776 10515
1377820800 1006 148 75148 10401
1377734400 1794 236 100754 9824
1377648000 1453 190 78178 10493
1377561600 1100 171 55961 8642
1377475200 0 0 0 0
1377388800 675 76 72411 8812
1377302400 835 136 87864 9773
1377216000 708 95 80095 8310
1377129600 940 127 71790 8951
1377043200 1284 160 69689 11430
1376956800 0 0 0 0
1376870400 0 0 0 0
1376784000 0 0 0 0
1376697600 835 134 55020 7747
1376611200 1347 198 79578 10903
1376524800 1026 139 83471 11027
1376438400 955 165 60773 13305
1376352000 916 143 77469 9038
1376265600 0 0 0 0
1376179200 625 57 99700 7341
1376092800 798 133 66123 9045
1376006400 643 114 57045 6440
1375920000 1273 190 87916 11925
1375833600 1132 185 120378 8695
1375747200 1110 162 82951 12279
1375660800 0 0 0 0
1375574400 383 24 204194 5629
1375488000 512 104 53598 6390
1375401600 786 118 81596 7584
1375315200 1031 162 71794 8649
1375228800 1565 214 115119 9517
1375142400 1826 1000 140004 76230
1375056000 0 0 0 0
1374969600 0 0 0 0
1374883200 1059 454 91677 74336
1374796800 933 192 65060 10102
1374710400 1222 199 106376 10281
1374624000 1249 223 75457 8109
1374537600 1015 173 65112 10294
1374451200 0 0 0 0
1374364800 0 0 0 0
1374278400 0 0 0 0
1374192000 389 45 115003 4196
1374105600 493 48 151373 4946
1374019200 183 25 54532 5556
1373932800 916 151 71715 8620
1373846400 0 0 0 0
1373760000 0 0 0 0
1373673600 109 11 68374 4737
1373587200 0 0 0 0
1373500800 1135 175 22739 2334
1373414400 0 0 0 0
1373328000 581 97 23599 3487
1373241600 0 0 0 0
1373155200 161 16 14513 1431
1373068800 668 105 31053 4079
1372982400 649 110 21072 2233
1372896000 627 99 19380 2570
1372809600 724 116 18647 2527
1372723200 669 127 19962 2777
1372636800 0 0 0 0
1372550400 22 6 2256 544
1372464000 279 55 37276 8699
1372377600 744 111 81568 5637
1372291200 773 118 125509 8020
1372204800 772 135 83777 8854
1372118400 836 128 115962 8289
1372032000 0 0 0 0
1371945600 21 0 23317 1864
1371859200 0 0 0 0
1371772800 0 0 0 0
1371686400 4 1 10983 1327
1371600000 709 123 78371 10829
1371513600 166 22 39680 9148
1371427200 0 0 0 0
1371340800 1 0 7394 1438
1371254400 642 95 129129 6768
1371168000 524 87 52439 4295
1371081600 627 93 59781 8068
1370995200 773 111 68201 4782
1370908800 558 89 47566 8597
1370822400 0 0 0 0
1370736000 0 0 0 0
1370649600 504 93 56415 5185
1370563200 438 76 71376 6530
1370476800 456 85 77256 7169
1370390400 645 105 76801 7934
1370304000 860 132 181071 7781
1370217600 0 0 0 0
1370131200 22 0 14528 1236
1370044800 549 101 102742 12555
1369958400 623 110 81530 7694
1369872000 0 0 841 323
1369785600 0 0 0 0
1369699200 0 0 0 0
1369612800 0 0 0 0
1369526400 0 0 0 0
1369440000 0 0 0 0
1369353600 0 0 0 0
1369267200 0 0 0 0
1369180800 0 0 0 0
1369094400 0 0 0 0
1369008000 0 0 0 0
1368921600 0 0 0 0
1368835200 0 0 0 0
1368748800 0 0 0 0
1368662400 0 0 0 0
1368576000 0 0 0 0
1368489600 0 0 0 0
1368403200 0 0 0 0
1368316800 0 0 0 0
1368230400 0 0 0 0
1368144000 0 0 0 0
1368057600 0 0 0 0
1367971200 0 0 0 0
1367884800 0 0 0 0
1367798400 0 0 0 0
1367712000 0 0 0 0
1367625600 576 99 96007 13607
1367539200 1137 142 180007 10919
1367452800 0 0 0 0
1367366400 413 82 49505 7799
1367280000 583 97 68283 10055
1367193600 0 0 0 0
1367107200 0 0 0 0
1367020800 522 94 62101 9682
1366934400 729 87 93484 6322
1366848000 67 9 25121 2296
1366761600 46 7 21227 2277
1366675200 85 13 20086 1882
1366588800 0 0 0 0
1366502400 2 0 4755 760
1366416000 68 10 22147 2453
1366329600 80 11 18332 1907
1366243200 77 11 23327 3069
1366156800 77 11 20523 2272
1366070400 86 15 18994 4807
1365984000 0 0 0 0
1365897600 0 0 0 0
1365811200 79 14 21753 2580
1365724800 83 12 28794 3045
1365638400 87 12 22624 3236
1365552000 102 15 23178 2524
1365465600 120 22 20792 2901
1365379200 0 0 0 0
1365292800 0 0 4540 432
1365206400 79 13 19017 2053
1365120000 141 23 42987 6709
1365033600 165 20 67481 4238
1364947200 0 0 0 0
1364860800 0 0 0 0
1364774400 0 0 0 0
1364688000 7 0 9918 746
1364601600 0 0 0 0
1364515200 8 0 9919 847
1364428800 76 10 20791 2622
1364342400 62 9 18773 2078
1364256000 70 11 18631 2826
1364169600 0 0 0 0
1364083200 18 2 11131 1205
1363996800 113 21 20041 2459
1363910400 55 10 19851 1989
1363824000 105 12 21608 3514
1363737600 137 25 34267 3426
1363651200 88 13 25411 3965
1363564800 0 0 0 0
1363478400 5 0 9659 780
1363392000 86 18 18422 6011
1363305600 91 22 27400 7124
1363219200 86 10 31722 2751
1363132800 136 18 32251 2250
1363046400 143 19 39065 3093
1362960000 0 0 0 0
1362873600 35 0 51936 4274
1362787200 106 15 32541 2463
1362700800 96 10 31136 2734
1362614400 88 14 30344 3100
1362528000 88 11 25378 2631
1362441600 109 21 27430 2356
1362355200 0 0 0 0
1362268800 0 0 0 0
1362182400 83 20 24203 4213
1362096000 78 11 22321 3490
1362009600 110 12 27779 2775
1361923200 110 22 38056 5813
1361836800 110 19 22671 3048
1361750400 0 0 0 0
1361664000 0 0 0 0
1361577600 98 18 18160 2040
1361491200 110 19 29686 3595
1361404800 0 0 0 0
1361318400 81 9 33336 2293
1361232000 144 20 38271 3072
1361145600 0 0 0 0
1361059200 9 0 27143 1353
1360972800 7 0 14246 797
1360886400 123 16 43691 2986
1360800000 152 22 31599 2672
1360713600 0 0 0 4
1360627200 0 0 0 0
1360540800 0 0 0 0
1360454400 0 0 4659 420
1360368000 48 9 24959 2868
1360281600 69 4 113622 3803
1360195200 42 4 25070 2025
1360108800 55 7 35096 2250
1360022400 59 11 37966 2984
1359936000 0 0 0 0
1359849600 10 0 12883 773
1359763200 18 1 21145 1444
1359676800 0 0 0 0
1359590400 30 1 28721 2478
1359504000 5 0 5263 1610
1359417600 3 0 11621 795
1359331200 0 0 0 0
1359244800 1 0 11200 803
1359158400 11 0 15496 824
1359072000 9 0 10797 1131
1358985600 1 0 4103 623
1358899200 90 11 32453 2716
1358812800 0 0 1846 250
1358726400 0 0 0 0
1358640000 5 0 10509 718
1358553600 137 18 48275 2649
1358467200 140 19 42117 5676
1358380800 201 25 57576 2364
1358294400 196 34 47543 3152
1358208000 98 14 39109 2833
1358121600 0 0 0 0
1358035200 68 3 48377 3831
1357948800 153 22 40488 2899
1357862400 85 12 21958 2257
1357776000 77 11 20643 2501
1357689600 114 24 28180 2438
1357603200 92 16 40709 2519
1357516800 0 0 0 0
1357430400 78 6 63582 6347
1357344000 132 28 29129 3447
1357257600 163 28 73530 6064
1357171200 86 12 18794 3371
1357084800 0 0 0 0
1356998400 5 0 5927 615
1356912000 0 0 0 0
1356825600 74 5 42016 3320
1356739200 94 14 20156 2279
1356652800 88 15 27215 2876
1356566400 83 14 18344 1934
1356480000 0 0 0 0
1356393600 0 0 0 0
1356307200 0 0 0 0
1356220800 5 0 5515 676
1356134400 143 32 25472 2635
1356048000 132 27 21999 3301
1355961600 72 9 37235 2982
1355875200 121 19 41179 5362
1355788800 98 18 19811 1633
1355702400 0 0 0 0
1355616000 12 0 7514 773
1355529600 9 0 16576 1221
1355443200 73 12 30125 3009
1355356800 82 11 24465 2241
1355270400 83 12 21737 1989
1355184000 164 27 24206 3195
1355097600 0 0 0 0
1355011200 5 0 5375 602
1354924800 2 0 9933 621
1354838400 141 22 22946 2715
1354752000 100 14 30029 2606
1354665600 81 11 25092 2499
1354579200 126 15 36718 2181
1354492800 0 0 0 0
1354406400 111 9 44500 4506
1354320000 90 16 21898 2511
1354233600 89 10 21899 2449
1354147200 100 18 24683 11775
1354060800 106 11 47046 4222
1353974400 0 0 0 0
1353888000 0 0 0 0
1353801600 22 1 13912 2553
1353715200 105 14 38025 3293
1353628800 66 9 27302 3602
1353542400 71 9 31580 2873
1353456000 104 12 36505 2520
1353369600 73 11 29876 3608
1353283200 0 0 0 0
1353196800 0 0 0 0
1353110400 85 16 21108 2937
1353024000 64 8 21932 2804
1352937600 135 20 39791 9062
1352851200 107 15 22034 3132
1352764800 57 8 24334 3127
1352678400 0 0 0 0
1352592000 0 0 0 0
1352505600 88 13 28041 2923
1352419200 72 12 22812 4637
1352332800 97 12 26647 2960
1352246400 82 11 28541 2937
1352160000 128 18 37241 4382
1352073600 0 0 0 0
1351987200 0 0 0 0
1351900800 71 12 20431 2182
1351814400 54 8 21656 2507
1351728000 88 18 31411 4635
1351641600 139 54 49265 29568
1351555200 52 7 23851 2755
1351468800 0 0 0 0
1351382400 0 0 0 0
1351296000 109 22 42161 8135
1351209600 67 9 22775 2525
1351123200 88 14 23891 3102
1351036800 64 9 21395 2501
1350950400 0 0 1444 275
1350864000 0 0 0 0
1350777600 0 0 0 0
1350691200 83 13 23733 3546
1350604800 65 10 21766 2279
1350518400 146 18 52290 6959
1350432000 107 26 38040 5086
1350345600 0 0 7788 1300
1350259200 0 0 0 0
1350172800 0 0 0 0
1350086400 0 0 0 0
1350000000 0 0 0 0
1349913600 0 0 0 0
1349827200 0 0 0 0
1349740800 0 0 0 0
1349654400 0 0 0 0
1349568000 0 0 0 0
1349481600 0 0 0 0
1349395200 0 0 0 0
1349308800 0 0 0 0
1349222400 36 3 4552 438
1349136000 453 45 29376 2162
1349049600 0 0 0 0
1348963200 0 0 0 0
1348876800 543 37 86029 6103
1348790400 204 22 59523 6123
1348704000 429 40 120355 6398
1348617600 171 12 121144 7125
1348531200 0 0 0 0
1348444800 0 0 0 0
1348358400 0 0 0 0
1348272000 392 2 335922 4685
1348185600 147 12 107799 4561
1348099200 108 9 64363 6486
1348012800 104 10 64163 4749
1347926400 300 19 61966 8482
1347840000 0 0 0 0
1347753600 0 0 0 0
1347667200 30 1 6987 455
1347580800 175 15 22938 1652
1347494400 82 6 5891 468
1347408000 132 13 13811 1082
1347321600 289 24 13722 1220
1347235200 0 0 0 0
1347148800 0 0 0 0
1347062400 86 12 35482 4722
1346976000 147 25 59652 6191
1346889600 159 17 58122 6561
1346803200 38 2 24483 4735
1346716800 360 28 135302 5694
1346630400 0 0 0 0
1346544000 0 0 0 0
1346457600 172 17 90874 8471
1346371200 254 24 83776 5468
1346284800 481 59 142787 15337
1346198400 115 12 65271 7126
1346112000 389 24 80201 7075
1346025600 0 0 0 0
1345939200 0 0 0 0
1345852800 142 13 79468 6904
1345766400 451 20 46248 4611
1345680000 172 14 68531 6862
1345593600 269 16 367505 18093
1345507200 0 0 0 0
1345420800 0 0 0 0
1345334400 0 0 0 0
1345248000 659 38 166906 10984
1345161600 467 33 138366 8377
1345075200 1840 67 360889 15990
1344988800 187 13 64877 7054
1344902400 155 16 115513 4580
1344816000 0 0 0 0
1344729600 0 0 0 0
1344643200 321 28 87555 7414
1344556800 649 42 70342 7927
1344470400 229 25 64697 5012
1344384000 344 26 67084 5581
1344297600 128 12 70108 7350
1344211200 0 0 0 0
1344124800 0 0 0 0
1344038400 323 10 374219 4772
1343952000 34 3 31502 2532
1343865600 1 1 2090 4954
1343779200 85 6 66352 4154
1343692800 317 9 359339 5101
1343606400 0 0 0 0
1343520000 0 0 0 0
1343433600 440 20 338764 7628
1343347200 150 20 54157 11439
1343260800 200 20 65736 5577
1343174400 75 14 23823 4572
1343088000 283 25 65789 5213
1343001600 0 0 0 0
1342915200 0 0 0 0
1342828800 339 33 389559 7214
1342742400 254 28 54991 5330
1342656000 512 43 207523 8255
1342569600 670 82 85668 6337
1342483200 581 55 80249 6657
1342396800 0 0 0 0
1342310400 0 0 0 0
1342224000 200 19 69386 5547
1342137600 264 5 351608 4903
1342051200 144 19 40836 14481
1341964800 40 2 21149 4688
1341878400 0 0 0 0
1341792000 0 0 0 0
1341705600 0 0 0 0
1341619200 193 18 57391 4480
1341532800 1486 64 172018 12126
1341446400 1901 57 33623 4482
1341360000 1201 44 50910 4648
1341273600 936 84 125049 9996
1341187200 0 0 0 0
1341100800 0 0 0 0
1341014400 468 25 289276 7638
1340928000 399 34 467103 6899
1340841600 305 42 80849 5880
1340755200 24 4 27268 9506
1340668800 298 23 373794 6560
1340582400 0 0 0 0
1340496000 0 0 0 0
1340409600 116 13 113881 4661
1340323200 187 44 46681 8164
1340236800 0 0 0 0
1340150400 109 18 45137 4813
1340064000 159 50 50744 6810
1339977600 0 0 0 0
1339891200 0 0 0 0
1339804800 0 0 0 0
1339718400 0 0 0 0
1339632000 0 0 0 0
1339545600 0 0 0 0
1339459200 0 0 800 232
1339372800 0 0 0 0
1339286400 0 0 0 0
1339200000 0 0 0 0
1339113600 0 0 0 0
1339027200 0 0 0 0
1338940800 0 0 0 0
1338854400 0 0 0 0
1338768000 0 0 0 0
1338681600 0 0 0 0
1338595200 0 0 0 0
1338508800 0 0 0 0
1338422400 0 0 0 0
1338336000 0 0 0 0
1338249600 0 0 0 0
1338163200 0 0 0 0
1338076800 0 0 0 0
1337990400 0 0 0 0
1337904000 0 0 0 0
1337817600 0 0 0 0
1337731200 0 0 0 0
1337644800 0 0 0 0
1337558400 0 0 0 0
1337472000 0 0 0 0
1337385600 0 0 0 0
1337299200 0 0 0 0
1337212800 0 0 0 0
1337126400 0 0 0 0
1337040000 0 0 0 0
1336953600 0 0 0 0
1336867200 0 0 0 0
1336780800 0 0 0 0
1336694400 0 0 0 0
1336608000 0 0 0 0
1336521600 0 0 0 0
1336435200 0 0 0 0
1336348800 0 0 0 0
1336262400 0 0 0 0
1336176000 0 0 0 0
1336089600 0 0 0 0
1336003200 0 0 0 0
1335916800 0 0 0 0
1335830400 0 0 0 0
1335744000 0 0 0 0
1335657600 0 0 0 0
1335571200 0 0 0 0
1335484800 0 0 0 0
1335398400 0 0 0 0
1335312000 0 0 0 0
1335225600 0 0 0 0
1335139200 0 0 0 0
1335052800 0 0 0 0
1334966400 0 0 0 0
1334880000 0 0 0 0
1334793600 0 0 0 0
1334707200 0 0 0 0
1334620800 0 0 0 0
1334534400 0 0 0 0
1334448000 0 0 0 0
1334361600 0 0 0 0
1334275200 0 0 0 0
1334188800 0 0 0 0
1334102400 0 0 0 0
1334016000 0 0 0 0
1333929600 0 0 0 0
1333843200 0 0 0 0
1333756800 0 0 0 0
1333670400 0 0 0 0
1333584000 0 0 0 0
1333497600 0 0 0 0
1333411200 0 0 0 0
1333324800 0 0 0 0
1333238400 0 0 0 0
1333152000 0 0 0 0
1333065600 0 0 0 0
1332979200 0 0 0 0
1332892800 0 0 0 0
1332806400 0 0 0 0
1332720000 0 0 0 0
1332633600 0 0 0 0
1332547200 0 0 0 0
1332460800 0 0 0 0
1332374400 0 0 0 0
1332288000 0 0 0 0
1332201600 0 0 0 0
1332115200 0 0 0 0
1332028800 0 0 0 0
1331942400 0 0 0 0
1331856000 0 0 0 0
1331769600 0 0 0 0
1331683200 0 0 0 0
1331596800 0 0 0 0
1331510400 0 0 0 0
1331424000 0 0 0 0
1331337600 0 0 0 0
1331251200 0 0 0 0
1331164800 0 0 0 0
1331078400 0 0 0 0
1330992000 0 0 0 0
1330905600 0 0 0 0
1330819200 0 0 0 0
1330732800 0 0 0 0
1330646400 0 0 0 0
1330560000 0 0 0 0
1330473600 0 0 0 0
1330387200 0 0 0 0
1330300800 0 0 0 0
1330214400 0 0 0 0
1330128000 0 0 0 0
1330041600 0 0 0 0
1329955200 0 0 0 0
1329868800 0 0 0 0
1329782400 0 0 0 0
1329696000 0 0 0 0
1329609600 0 0 0 0
1329523200 0 0 0 0
1329436800 0 0 0 0
1329350400 0 0 0 0
1329264000 0 0 0 0
1329177600 0 0 0 0
1329091200 0 0 0 0
1329004800 0 0 0 0
1328918400 0 0 0 0
1328832000 0 0 0 0
