1370456811 0 0
1370456811 0 0 0 0
1370456781 0 0 0 0
1370456700 0 0 0 0
1370456400 0 0 0 0
1370456100 0 0 0 0
1370455800 0 0 0 0
1370455500 0 0 0 0
1370455200 0 0 0 0
1370454900 0 0 0 0
1370454600 0 0 0 0
1370454300 0 0 0 0
1370454000 0 0 0 0
1370453700 0 0 0 0
1370453400 0 0 0 0
1370453100 0 0 0 0
1370452800 0 0 0 0
1370452500 0 0 0 0
1370452200 0 0 0 0
1370451900 0 0 0 0
1370451600 0 0 0 0
1370451300 0 0 0 0
1370451000 0 0 0 0
1370450700 0 0 0 0
1370450400 0 0 0 0
1370450100 0 0 0 0
1370449800 0 0 0 0
1370449500 0 0 0 0
1370449200 0 0 0 0
1370448900 0 0 0 0
1370448600 0 0 0 0
1370448300 0 0 0 0
1370448000 0 0 0 0
1370447700 0 0 0 0
1370447400 0 0 0 0
1370447100 0 0 0 0
1370446800 0 0 0 0
1370446500 0 0 0 0
1370446200 0 0 0 0
1370445900 0 0 0 0
1370445600 0 0 0 0
1370445300 0 0 0 0
1370445000 0 0 0 0
1370444700 0 0 0 0
1370444400 0 0 0 0
1370444100 0 0 0 0
1370443800 0 0 0 0
1370443500 0 0 0 0
1370443200 0 0 0 0
1370442900 0 0 0 0
1370442600 0 0 0 0
1370442300 0 0 0 0
1370442000 0 0 0 0
1370441700 0 0 0 0
1370441400 0 0 0 0
1370441100 0 0 0 0
1370440800 0 0 0 0
1370440500 0 0 0 0
1370440200 0 0 0 0
1370439900 0 0 0 0
1370439600 0 0 0 0
1370439300 0 0 0 0
1370439000 0 0 0 0
1370438700 0 0 0 0
1370438400 0 0 0 0
1370438100 0 0 0 0
1370437800 0 0 0 0
1370437500 0 0 0 0
1370437200 0 0 0 0
1370436900 0 0 0 0
1370436600 0 0 0 0
1370436300 0 0 0 0
1370436000 0 0 0 0
1370435700 0 0 0 0
1370435400 0 0 0 0
1370435100 0 0 0 0
1370434800 0 0 0 0
1370434500 0 0 0 0
1370434200 0 0 0 0
1370433900 0 0 0 0
1370433600 0 0 0 0
1370433300 0 0 0 0
1370433000 0 0 0 0
1370432700 0 0 0 0
1370432400 0 0 0 0
1370432100 0 0 0 0
1370431800 0 0 0 0
1370431500 0 0 0 0
1370431200 0 0 0 0
1370430900 0 0 0 0
1370430600 0 0 0 0
1370430300 0 0 0 0
1370430000 0 0 0 0
1370429700 0 0 0 0
1370429400 0 0 0 0
1370429100 0 0 0 0
1370428800 0 0 0 0
1370428500 0 0 0 0
1370428200 0 0 0 0
1370427900 0 0 0 0
1370427600 0 0 0 0
1370427300 0 0 0 0
1370427000 0 0 0 0
1370426700 0 0 0 0
1370426400 0 0 0 0
1370426100 0 0 0 0
1370425800 0 0 0 0
1370425500 0 0 0 0
1370425200 0 0 0 0
1370424900 0 0 0 0
1370424600 0 0 0 0
1370424300 0 0 0 0
1370424000 0 0 0 0
1370423700 0 0 0 0
1370423400 0 0 0 0
1370423100 0 0 0 0
1370422800 0 0 0 0
1370422500 0 0 0 0
1370422200 0 0 0 0
1370421900 0 0 0 0
1370421600 0 0 0 0
1370421300 0 0 0 0
1370421000 0 0 0 0
1370420700 0 0 0 0
1370420400 0 0 0 0
1370420100 0 0 0 0
1370419800 0 0 0 0
1370419500 0 0 0 0
1370419200 0 0 0 0
1370418900 0 0 0 0
1370418600 0 0 0 0
1370418300 0 0 0 0
1370418000 0 0 0 0
1370417700 0 0 0 0
1370417400 0 0 0 0
1370417100 0 0 0 0
1370416800 0 0 0 0
1370416500 0 0 0 0
1370416200 0 0 0 0
1370415900 0 0 0 0
1370415600 0 0 0 0
1370415300 0 0 0 0
1370415000 0 0 0 0
1370414700 0 0 0 0
1370414400 0 0 0 0
1370414100 0 0 0 0
1370413800 0 0 0 0
1370413500 0 0 0 0
1370413200 0 0 0 0
1370412900 0 0 0 0
1370412600 0 0 0 0
1370412300 0 0 0 0
1370412000 0 0 0 0
1370411700 0 0 0 0
1370411400 0 0 0 0
1370411100 0 0 0 0
1370410800 0 0 0 0
1370410500 0 0 0 0
1370410200 0 0 0 0
1370409900 0 0 0 0
1370409600 0 0 0 0
1370409300 0 0 0 0
1370409000 0 0 0 0
1370408700 0 0 0 0
1370408400 0 0 0 0
1370408100 0 0 0 0
1370407800 0 0 0 0
1370407500 0 0 0 0
1370407200 0 0 0 0
1370406900 0 0 0 0
1370406600 0 0 0 0
1370406300 0 0 0 0
1370406000 0 0 0 0
1370405700 0 0 0 0
1370405400 0 0 0 0
1370405100 0 0 0 0
1370404800 0 0 0 0
1370404500 0 0 0 0
1370404200 0 0 0 0
1370403900 0 0 0 0
1370403600 0 0 0 0
1370403300 0 0 0 0
1370403000 0 0 0 0
1370402700 0 0 0 0
1370402400 0 0 0 0
1370402100 0 0 0 0
1370401800 0 0 0 0
1370401500 0 0 0 0
1370401200 0 0 0 0
1370400900 0 0 0 0
1370400600 0 0 0 0
1370400300 0 0 0 0
1370400000 0 0 0 0
1370399700 0 0 0 0
1370399400 0 0 0 0
1370399100 0 0 0 0
1370398800 0 0 0 0
1370398500 0 0 0 0
1370398200 0 0 0 0
1370397900 0 0 0 0
1370397600 0 0 0 0
1370397300 0 0 0 0
1370397000 0 0 0 0
1370396700 0 0 0 0
1370396400 0 0 0 0
1370396100 0 0 0 0
1370395800 0 0 0 0
1370395500 0 0 0 0
1370395200 0 0 0 0
1370394900 0 0 0 0
1370394600 0 0 0 0
1370394300 0 0 0 0
1370394000 0 0 0 0
1370393700 0 0 0 0
1370393400 0 0 0 0
1370393100 0 0 0 0
1370392800 0 0 0 0
1370392500 0 0 0 0
1370392200 0 0 0 0
1370391900 0 0 0 0
1370391600 0 0 0 0
1370391300 0 0 0 0
1370391000 0 0 0 0
1370390700 0 0 0 0
1370390400 0 0 0 0
1370390100 0 0 0 0
1370389800 0 0 0 0
1370389500 0 0 0 0
1370389200 0 0 0 0
1370388900 0 0 0 0
1370388600 0 0 0 0
1370388300 0 0 0 0
1370388000 0 0 0 0
1370387700 0 0 0 0
1370387400 0 0 0 0
1370387100 0 0 0 0
1370386800 0 0 0 0
1370386500 0 0 0 0
1370386200 0 0 0 0
1370385900 0 0 0 0
1370385600 0 0 0 0
1370385300 0 0 0 0
1370385000 0 0 0 0
1370384700 0 0 0 0
1370384400 0 0 0 0
1370384100 0 0 0 0
1370383800 0 0 0 0
1370383500 0 0 0 0
1370383200 0 0 0 0
1370382900 0 0 0 0
1370382600 0 0 0 0
1370382300 0 0 0 0
1370382000 0 0 0 0
1370381700 0 0 0 0
1370381400 0 0 0 0
1370381100 0 0 0 0
1370380800 0 0 0 0
1370380500 0 0 0 0
1370380200 0 0 0 0
1370379900 0 0 0 0
1370379600 0 0 0 0
1370379300 0 0 0 0
1370379000 0 0 0 0
1370378700 0 0 0 0
1370378400 0 0 0 0
1370378100 0 0 0 0
1370377800 0 0 0 0
1370377500 0 0 0 0
1370377200 0 0 0 0
1370376900 0 0 0 0
1370376600 0 0 0 0
1370376300 0 0 0 0
1370376000 0 0 0 0
1370375700 0 0 0 0
1370375400 0 0 0 0
1370375100 0 0 0 0
1370374800 0 0 0 0
1370374500 0 0 0 0
1370374200 0 0 0 0
1370373900 0 0 0 0
1370373600 0 0 0 0
1370373300 0 0 0 0
1370373000 0 0 0 0
1370372700 0 0 0 0
1370372400 0 0 0 0
1370372100 0 0 0 0
1370371800 0 0 0 0
1370371500 0 0 0 0
1370371200 0 0 0 0
1370370900 0 0 0 0
1370370600 0 0 0 0
1370370300 0 0 0 0
1370370000 0 0 0 0
1370369700 0 0 0 0
1370369400 0 0 0 0
1370369100 0 0 0 0
1370368800 0 0 0 0
1370368500 0 0 0 0
1370368200 0 0 0 0
1370367900 0 0 0 0
1370367600 0 0 0 0
1370367300 0 0 0 0
1370367000 0 0 0 0
1370366700 0 0 0 0
1370366400 0 0 0 0
1370366100 0 0 0 0
1370365800 0 0 0 0
1370365500 0 0 0 0
1370365200 0 0 0 0
1370364900 0 0 0 0
1370364600 0 0 0 0
1370364300 0 0 0 0
1370364000 0 0 0 0
1370363700 0 0 0 0
1370363400 0 0 0 0
1370363100 0 0 0 0
1370362800 0 0 0 0
1370362500 0 0 0 0
1370362200 0 0 0 0
1370361900 0 0 0 0
1370361600 0 0 0 0
1370361300 0 0 0 0
1370361000 0 0 0 0
1370360700 0 0 0 0
1370360400 0 0 0 0
1370360100 0 0 0 0
1370359800 0 0 0 0
1370359500 0 0 0 0
1370359200 0 0 21 0
1370358900 3 6 41 63
1370358600 0 0 0 0
1370358300 0 0 0 0
1370358000 0 0 0 0
1370357700 0 0 0 0
1370357400 0 0 0 0
1370357100 0 0 0 0
1370356800 0 0 0 0
1370356500 0 0 0 0
1370356200 0 0 0 0
1370355900 0 0 0 0
1370355600 0 0 0 0
1370355300 0 0 0 0
1370355000 0 0 0 0
1370354700 0 0 0 0
1370354400 0 0 0 0
1370354100 0 0 0 0
1370353800 0 0 0 0
1370353500 0 0 0 0
1370353200 0 0 0 0
1370352900 0 0 0 0
1370352600 0 0 0 0
1370352300 0 0 0 0
1370352000 0 0 0 0
1370351700 0 0 0 0
1370351400 0 0 0 0
1370351100 0 0 0 0
1370350800 0 0 0 0
1370350500 0 0 0 0
1370350200 0 0 0 0
1370349900 0 0 0 0
1370349600 0 0 0 0
1370349300 0 0 0 0
1370349000 0 0 0 0
1370348700 0 0 0 0
1370348400 0 0 0 0
1370348100 0 0 0 0
1370347800 0 0 0 0
1370347500 0 0 0 0
1370347200 0 0 0 0
1370346900 0 0 0 0
1370346600 0 0 0 0
1370346300 0 0 0 0
1370346000 0 0 0 0
1370345700 0 0 0 0
1370345400 0 0 0 0
1370345100 0 0 0 0
1370344800 0 0 0 0
1370344500 0 0 0 0
1370344200 0 0 0 0
1370343900 0 0 0 0
1370343600 0 0 0 0
1370343300 0 0 0 0
1370343000 0 0 0 0
1370342700 0 0 0 0
1370342400 0 0 0 0
1370342100 0 0 0 0
1370341800 0 0 0 0
1370341500 0 0 0 0
1370341200 0 0 0 0
1370340900 0 0 0 0
1370340600 0 0 0 0
1370340300 0 0 0 0
1370340000 0 0 0 0
1370339700 0 0 0 0
1370339400 0 0 0 0
1370339100 0 0 0 0
1370338800 0 0 0 0
1370338500 0 0 0 0
1370338200 0 0 0 0
1370337900 0 0 0 0
1370337600 0 0 0 0
1370337300 0 0 0 0
1370337000 0 0 0 0
1370336700 0 0 0 0
1370336400 0 0 0 0
1370336100 0 0 0 0
1370335800 0 0 0 0
1370335500 0 0 0 0
1370335200 0 0 0 0
1370334900 0 0 0 0
1370334600 0 0 0 0
1370334300 0 0 0 0
1370334000 0 0 0 0
1370333700 0 0 0 0
1370333400 0 0 0 0
1370333100 0 0 0 0
1370332800 0 0 0 0
1370332500 0 0 0 0
1370332200 0 0 0 0
1370331900 0 0 0 0
1370331600 0 0 0 0
1370331300 0 0 0 0
1370331000 0 0 0 0
1370330700 0 0 0 0
1370330400 0 0 0 0
1370330100 0 0 0 0
1370329800 0 0 0 0
1370329500 0 0 0 0
1370329200 0 0 0 0
1370328900 0 0 0 0
1370328600 0 0 0 0
1370328300 0 0 0 0
1370328000 0 0 0 0
1370327700 0 0 0 0
1370327400 0 0 0 0
1370327100 0 0 0 0
1370326800 0 0 0 0
1370326500 0 0 0 0
1370326200 0 0 0 0
1370325900 0 0 0 0
1370325600 0 0 0 0
1370325300 0 0 0 0
1370325000 0 0 0 0
1370324700 0 0 0 0
1370324400 0 0 0 0
1370324100 0 0 0 0
1370323800 0 0 0 0
1370323500 0 0 0 0
1370323200 0 0 0 0
1370322900 0 0 0 0
1370322600 0 0 0 0
1370322300 0 0 0 0
1370322000 0 0 0 0
1370321700 0 0 0 0
1370321400 0 0 0 0
1370321100 0 0 0 0
1370320800 0 0 0 0
1370320500 0 0 0 0
1370320200 0 0 0 0
1370319900 0 0 0 0
1370319600 0 0 0 0
1370319300 0 0 0 0
1370319000 0 0 0 0
1370318700 0 0 0 0
1370318400 0 0 0 0
1370318100 0 0 0 0
1370317800 0 0 0 0
1370317500 0 0 0 0
1370317200 0 0 0 0
1370316900 0 0 0 0
1370316600 0 0 0 0
1370316300 0 0 0 0
1370316000 0 0 0 0
1370315700 0 0 0 0
1370315400 0 0 0 0
1370315100 0 0 0 0
1370314800 0 0 0 0
1370314500 0 0 0 0
1370314200 0 0 0 0
1370313900 0 0 0 0
1370313600 0 0 0 0
1370313300 0 0 0 0
1370313000 0 0 0 0
1370312700 0 0 0 0
1370312400 0 0 0 0
1370312100 0 0 0 0
1370311800 0 0 0 0
1370311500 0 0 0 0
1370311200 0 0 0 0
1370310900 0 0 0 0
1370310600 0 0 0 0
1370310300 0 0 0 0
1370310000 0 0 0 0
1370309700 0 0 0 0
1370309400 0 0 0 0
1370309100 0 0 0 0
1370308800 0 0 0 0
1370308500 0 0 0 0
1370308200 0 0 0 0
1370307900 0 0 0 0
1370307600 0 0 0 0
1370307300 0 0 0 0
1370307000 0 0 0 0
1370306700 0 0 0 0
1370306400 0 0 0 0
1370306100 0 0 0 0
1370305800 0 0 0 0
1370305500 0 0 0 0
1370305200 0 0 0 0
1370304900 0 0 0 0
1370304600 0 0 0 0
1370304300 0 0 0 0
1370304000 0 0 0 0
1370303700 0 0 0 0
1370303400 0 0 0 0
1370303100 0 0 0 0
1370302800 0 0 0 0
1370302500 0 0 0 0
1370302200 0 0 0 0
1370301900 0 0 0 0
1370301600 0 0 0 0
1370301300 0 0 0 0
1370301000 0 0 0 0
1370300700 0 0 0 0
1370300400 0 0 0 0
1370300100 0 0 0 0
1370299800 0 0 0 0
1370299500 0 0 0 0
1370299200 0 0 0 0
1370298900 0 0 0 0
1370298600 0 0 0 0
1370298300 0 0 0 0
1370298000 0 0 0 0
1370297700 0 0 0 0
1370297400 0 0 0 0
1370297100 0 0 0 0
1370296800 0 0 0 0
1370296500 0 0 0 0
1370296200 0 0 0 0
1370295900 0 0 0 0
1370295600 0 0 0 0
1370295300 0 0 0 0
1370295000 0 0 0 0
1370294700 0 0 0 0
1370294400 0 0 0 0
1370294100 0 0 0 0
1370293800 0 0 0 0
1370293500 0 0 0 0
1370293200 0 0 0 0
1370292900 0 0 0 0
1370292600 0 0 0 0
1370292300 0 0 0 0
1370292000 0 0 0 0
1370291700 0 0 0 0
1370291400 0 0 0 0
1370291100 0 0 0 0
1370290800 0 0 0 0
1370290500 0 0 0 0
1370290200 0 0 0 0
1370289900 0 0 0 0
1370289600 0 0 0 0
1370289300 0 0 0 0
1370289000 0 0 0 0
1370288700 0 0 0 0
1370288400 0 0 0 0
1370288100 0 0 0 0
1370287800 0 0 0 0
1370287500 0 0 0 0
1370287200 0 0 0 0
1370286900 0 0 0 0
1370286600 0 0 0 0
1370286300 0 0 0 0
1370286000 0 0 0 0
1370285700 0 0 0 0
1370285400 0 0 0 0
1370285100 0 0 0 0
1370284800 0 0 0 0
1370284500 0 0 0 0
1370284200 0 0 0 0
1370283900 0 0 0 0
1370283600 0 0 0 0
1370283300 0 0 0 0
1370283000 0 0 0 0
1370282700 0 0 0 0
1370282400 0 0 0 0
1370282100 0 0 0 0
1370281800 0 0 0 0
1370281500 0 0 0 0
1370281200 0 0 0 0
1370280900 0 0 0 0
1370280600 0 0 0 0
1370280300 0 0 0 0
1370280000 0 0 0 0
1370279700 0 0 0 0
1370279400 0 0 0 0
1370279100 0 0 0 0
1370278800 0 0 0 0
1370278500 0 0 0 0
1370278200 0 0 0 0
1370277900 0 0 0 0
1370277600 0 0 0 0
1370277300 0 0 0 0
1370277000 0 0 0 0
1370275200 0 0 0 0
1370273400 0 0 0 0
1370271600 0 0 0 0
1370269800 0 0 0 0
1370268000 0 0 0 0
1370266200 0 0 0 0
1370264400 0 0 0 0
1370262600 0 0 0 0
1370260800 0 0 0 0
1370259000 0 0 0 0
1370257200 0 0 0 0
1370255400 0 0 0 0
1370253600 0 0 0 0
1370251800 0 0 0 0
1370250000 0 0 0 0
1370248200 0 0 0 0
1370246400 0 0 0 0
1370244600 0 0 0 0
1370242800 0 0 0 0
1370241000 0 0 0 0
1370239200 0 0 0 0
1370237400 0 0 0 0
1370235600 0 0 0 0
1370233800 0 0 0 0
1370232000 0 0 0 0
1370230200 0 0 0 0
1370228400 0 0 0 0
1370226600 0 0 0 0
1370224800 0 0 0 0
1370223000 0 0 0 0
1370221200 0 0 0 0
1370219400 0 0 0 0
1370217600 0 0 0 0
1370215800 0 0 0 0
1370214000 0 0 0 0
1370212200 0 0 0 0
1370210400 0 0 0 0
1370208600 0 0 0 0
1370206800 0 0 0 0
1370205000 0 0 0 0
1370203200 0 0 0 0
1370201400 0 0 0 0
1370199600 0 0 0 0
1370197800 0 0 0 0
1370196000 0 0 0 0
1370194200 0 0 0 0
1370192400 0 0 0 0
1370190600 0 0 0 0
1370188800 0 0 0 0
1370187000 0 0 0 0
1370185200 0 0 0 0
1370183400 0 0 0 0
1370181600 0 0 0 0
1370179800 0 0 0 0
1370178000 0 0 0 0
1370176200 0 0 0 0
1370174400 0 0 0 0
1370172600 0 0 0 0
1370170800 0 0 0 0
1370169000 0 0 0 0
1370167200 0 0 0 0
1370165400 0 0 0 0
1370163600 0 0 0 0
1370161800 0 0 0 0
1370160000 0 0 0 0
1370158200 0 0 0 0
1370156400 0 0 0 0
1370154600 0 0 0 0
1370152800 0 0 0 0
1370151000 0 0 0 0
1370149200 0 0 0 0
1370147400 0 0 0 0
1370145600 0 0 0 0
1370143800 0 0 0 0
1370142000 0 0 0 0
1370140200 0 0 0 0
1370138400 0 0 0 0
1370136600 0 0 0 0
1370134800 0 0 0 0
1370133000 0 0 0 0
1370131200 0 0 0 0
1370129400 0 0 0 0
1370127600 0 0 0 0
1370125800 0 0 0 0
1370124000 0 0 0 0
1370122200 0 0 0 0
1370120400 0 0 0 0
1370118600 0 0 0 0
1370116800 0 0 0 0
1370115000 0 0 0 0
1370113200 0 0 0 0
1370111400 0 0 0 0
1370109600 0 0 0 0
1370107800 0 0 0 0
1370106000 0 0 0 0
1370104200 0 0 0 0
1370102400 0 0 0 0
1370100600 0 0 0 0
1370098800 0 0 0 0
1370097000 0 0 0 0
1370095200 0 0 0 0
1370093400 0 0 0 0
1370091600 0 0 0 0
1370089800 0 0 0 0
1370088000 0 0 0 0
1370086200 0 0 0 0
1370084400 0 0 0 0
1370082600 0 0 0 0
1370080800 0 0 0 0
1370079000 0 0 0 0
1370077200 0 0 0 0
1370075400 0 0 0 0
1370073600 0 0 0 0
1370071800 0 0 0 0
1370070000 0 0 0 0
1370068200 0 0 0 0
1370066400 0 0 0 0
1370064600 0 0 0 0
1370062800 0 0 0 0
1370061000 0 0 0 0
1370059200 0 0 0 0
1370057400 0 0 0 0
1370055600 0 0 0 0
1370053800 0 0 0 0
1370052000 0 0 0 0
1370050200 0 0 0 0
1370048400 0 0 0 0
1370046600 0 0 0 0
1370044800 0 0 0 0
1370043000 0 0 0 0
1370041200 0 0 0 0
1370039400 0 0 0 0
1370037600 0 0 0 0
1370035800 0 0 0 0
1370034000 0 0 0 0
1370032200 0 0 0 0
1370030400 0 0 0 0
1370028600 0 0 0 0
1370026800 0 0 0 0
1370025000 0 0 0 0
1370023200 0 0 0 0
1370021400 0 0 0 0
1370019600 0 0 0 0
1370017800 0 0 0 0
1370016000 0 0 0 0
1370014200 0 0 0 0
1370012400 0 0 0 0
1370010600 0 0 0 0
1370008800 0 0 0 0
1370007000 0 0 0 0
1370005200 0 0 0 0
1370003400 0 0 0 0
1370001600 0 0 0 0
1369999800 0 0 0 0
1369998000 0 0 0 0
1369996200 0 0 0 0
1369994400 0 0 0 0
1369992600 0 0 0 0
1369990800 0 0 0 0
1369989000 0 0 0 0
1369987200 0 0 0 0
1369985400 0 0 0 0
1369983600 0 0 0 0
1369981800 0 0 0 0
1369980000 0 0 0 0
1369978200 0 0 0 0
1369976400 0 0 0 0
1369974600 0 0 0 0
1369972800 0 0 0 0
1369971000 0 0 0 0
1369969200 0 0 0 0
1369967400 0 0 0 0
1369965600 0 0 0 0
1369963800 0 0 0 0
1369962000 0 0 0 0
1369960200 0 0 0 0
1369958400 0 0 0 0
1369956600 0 0 0 0
1369954800 0 0 0 0
1369953000 0 0 0 0
1369951200 0 0 0 0
1369949400 0 0 0 0
1369947600 0 0 0 0
1369945800 0 0 0 0
1369944000 0 0 0 0
1369942200 0 0 0 0
1369940400 0 0 0 0
1369938600 0 0 0 0
1369936800 0 0 0 0
1369935000 0 0 0 0
1369933200 0 0 0 0
1369931400 0 0 0 0
1369929600 0 0 0 0
1369927800 0 0 0 0
1369926000 0 0 0 0
1369924200 0 0 0 0
1369922400 0 0 0 0
1369920600 0 0 0 0
1369918800 0 0 0 0
1369917000 0 0 0 0
1369915200 0 0 0 0
1369913400 0 0 0 0
1369911600 0 0 0 0
1369909800 0 0 0 0
1369908000 0 0 0 0
1369906200 0 0 0 0
1369904400 0 0 0 0
1369902600 0 0 0 0
1369900800 0 0 0 0
1369899000 0 0 0 0
1369897200 0 0 0 0
1369895400 0 0 0 0
1369893600 0 0 0 0
1369891800 0 0 0 0
1369890000 0 0 0 0
1369888200 0 0 0 0
1369886400 0 0 0 0
1369884600 0 0 0 0
1369882800 0 0 0 0
1369881000 0 0 0 0
1369879200 0 0 0 0
1369877400 0 0 0 0
1369875600 0 0 0 0
1369873800 0 0 0 0
1369872000 0 0 0 0
1369870200 0 0 0 0
1369868400 0 0 0 0
1369866600 0 0 0 0
1369864800 0 0 0 0
1369863000 0 0 0 0
1369861200 0 0 0 0
1369859400 0 0 0 0
1369857600 0 0 0 0
1369855800 0 0 0 0
1369854000 0 0 0 0
1369852200 0 0 0 0
1369850400 0 0 0 0
1369848600 0 0 0 0
1369846800 0 0 0 0
1369845000 0 0 0 0
1369843200 0 0 0 0
1369841400 0 0 0 0
1369839600 0 0 0 0
1369837800 0 0 0 0
1369836000 0 0 0 0
1369834200 0 0 0 0
1369832400 0 0 0 0
1369830600 0 0 0 0
1369828800 0 0 0 0
1369827000 0 0 0 0
1369825200 0 0 0 0
1369823400 0 0 0 0
1369821600 0 0 0 0
1369819800 0 0 0 0
1369818000 0 0 0 0
1369816200 0 0 0 0
1369814400 0 0 0 0
1369812600 0 0 0 0
1369810800 0 0 0 0
1369809000 0 0 0 0
1369807200 0 0 0 0
1369805400 0 0 0 0
1369803600 0 0 0 0
1369801800 0 0 0 0
1369800000 0 0 0 0
1369798200 0 0 0 0
1369796400 0 0 0 0
1369794600 0 0 0 0
1369792800 0 0 0 0
1369791000 0 0 0 0
1369789200 0 0 0 0
1369787400 0 0 0 0
1369785600 0 0 0 0
1369783800 0 0 0 0
1369782000 0 0 0 0
1369780200 0 0 0 0
1369778400 0 0 0 0
1369776600 0 0 0 0
1369774800 0 0 0 0
1369773000 0 0 0 0
1369771200 0 0 0 0
1369769400 0 0 0 0
1369767600 0 0 0 0
1369765800 0 0 0 0
1369764000 0 0 0 0
1369762200 0 0 0 0
1369760400 0 0 0 0
1369758600 0 0 0 0
1369756800 0 0 0 0
1369755000 0 0 0 0
1369753200 0 0 0 0
1369751400 0 0 0 0
1369749600 0 0 0 0
1369747800 0 0 0 0
1369746000 0 0 0 0
1369744200 0 0 0 0
1369742400 0 0 0 0
1369740600 0 0 0 0
1369738800 0 0 0 0
1369737000 0 0 0 0
1369735200 0 0 0 0
1369733400 0 0 0 0
1369731600 0 0 0 0
1369729800 0 0 0 0
1369728000 0 0 0 0
1369726200 0 0 0 0
1369724400 0 0 0 0
1369722600 0 0 0 0
1369720800 0 0 0 0
1369719000 0 0 0 0
1369717200 0 0 0 0
1369715400 0 0 0 0
1369713600 0 0 0 0
1369711800 0 0 0 0
1369710000 0 0 0 0
1369708200 0 0 0 0
1369706400 0 0 0 0
1369704600 0 0 0 0
1369702800 0 0 0 0
1369701000 0 0 0 0
1369699200 0 0 0 0
1369697400 0 0 0 0
1369695600 0 0 0 0
1369693800 0 0 0 0
1369692000 0 0 0 0
1369690200 0 0 0 0
1369688400 0 0 0 0
1369686600 0 0 0 0
1369684800 0 0 0 0
1369683000 0 0 0 0
1369681200 0 0 0 0
1369679400 0 0 0 0
1369677600 0 0 0 0
1369675800 0 0 0 0
1369674000 0 0 0 0
1369672200 0 0 0 0
1369670400 0 0 0 0
1369668600 0 0 0 0
1369666800 0 0 0 0
1369665000 0 0 0 0
1369663200 0 0 0 0
1369661400 0 0 0 0
1369659600 0 0 0 0
1369657800 0 0 0 0
1369656000 0 0 0 0
1369654200 0 0 0 0
1369652400 0 0 0 0
1369650600 0 0 0 0
1369648800 0 0 0 0
1369647000 0 0 0 0
1369645200 0 0 0 0
1369643400 0 0 0 0
1369641600 0 0 0 0
1369639800 0 0 0 0
1369638000 0 0 0 0
1369636200 0 0 0 0
1369634400 0 0 0 0
1369632600 0 0 0 0
1369630800 0 0 0 0
1369629000 0 0 0 0
1369627200 0 0 0 0
1369625400 0 0 0 0
1369623600 0 0 0 0
1369621800 0 0 0 0
1369620000 0 0 0 0
1369618200 0 0 0 0
1369616400 0 0 0 0
1369614600 0 0 0 0
1369612800 0 0 0 0
1369611000 0 0 0 0
1369609200 0 0 0 0
1369607400 0 0 0 0
1369605600 0 0 0 0
1369603800 0 0 0 0
1369602000 0 0 0 0
1369600200 0 0 0 0
1369598400 0 0 0 0
1369596600 0 0 0 0
1369594800 0 0 0 0
1369593000 0 0 0 0
1369591200 0 0 0 0
1369589400 0 0 0 0
1369587600 0 0 0 0
1369585800 0 0 0 0
1369584000 0 0 0 0
1369582200 0 0 0 0
1369580400 0 0 0 0
1369578600 0 0 0 0
1369576800 0 0 0 0
1369575000 0 0 0 0
1369573200 0 0 0 0
1369571400 0 0 0 0
1369569600 0 0 0 0
1369567800 0 0 0 0
1369566000 0 0 0 0
1369564200 0 0 0 0
1369562400 0 0 0 0
1369560600 0 0 0 0
1369558800 0 0 0 0
1369557000 0 0 0 0
1369555200 0 0 0 0
1369553400 0 0 0 0
1369551600 0 0 0 0
1369549800 0 0 0 0
1369548000 0 0 0 0
1369546200 0 0 0 0
1369544400 0 0 0 0
1369542600 0 0 0 0
1369540800 0 0 0 0
1369539000 0 0 0 0
1369537200 0 0 0 0
1369535400 0 0 0 0
1369533600 0 0 0 0
1369531800 0 0 0 0
1369530000 0 0 0 0
1369528200 0 0 0 0
1369526400 0 0 0 0
1369524600 0 0 0 0
1369522800 0 0 0 0
1369521000 0 0 0 0
1369519200 0 0 0 0
1369517400 0 0 0 0
1369515600 0 0 0 0
1369513800 0 0 0 0
1369512000 0 0 0 0
1369510200 0 0 0 0
1369508400 0 0 0 0
1369506600 0 0 0 0
1369504800 0 0 0 0
1369503000 0 0 0 0
1369501200 0 0 0 0
1369499400 0 0 0 0
1369497600 0 0 0 0
1369495800 0 0 0 0
1369494000 0 0 0 0
1369492200 0 0 0 0
1369490400 0 0 0 0
1369488600 0 0 0 0
1369486800 0 0 0 0
1369485000 0 0 0 0
1369483200 0 0 0 0
1369481400 0 0 0 0
1369479600 0 0 0 0
1369477800 0 0 0 0
1369476000 0 0 0 0
1369474200 0 0 0 0
1369472400 0 0 0 0
1369470600 0 0 0 0
1369468800 0 0 0 0
1369467000 0 0 0 0
1369465200 0 0 0 0
1369463400 0 0 0 0
1369461600 0 0 0 0
1369459800 0 0 0 0
1369458000 0 0 0 0
1369456200 0 0 0 0
1369454400 0 0 0 0
1369452600 0 0 0 0
1369450800 0 0 0 0
1369449000 0 0 0 0
1369447200 0 0 0 0
1369445400 0 0 0 0
1369443600 0 0 0 0
1369441800 0 0 0 0
1369440000 0 0 0 0
1369438200 0 0 0 0
1369436400 0 0 0 0
1369434600 0 0 0 0
1369432800 0 0 0 0
1369431000 0 0 0 0
1369429200 0 0 0 0
1369427400 0 0 0 0
1369425600 0 0 0 0
1369423800 0 0 0 0
1369422000 0 0 103 52
1369420200 0 0 0 0
1369418400 0 0 0 0
1369416600 0 0 0 0
1369414800 0 0 0 0
1369413000 0 0 0 0
1369411200 0 0 0 0
1369409400 0 0 0 0
1369407600 0 0 0 0
1369405800 0 0 0 0
1369404000 0 0 0 0
1369402200 0 0 0 0
1369400400 0 0 0 0
1369398600 0 0 0 0
1369396800 0 0 0 0
1369395000 0 0 0 0
1369393200 0 0 0 0
1369391400 0 0 0 0
1369389600 0 0 0 0
1369387800 0 0 0 0
1369386000 0 0 0 0
1369384200 0 0 0 0
1369382400 0 0 0 0
1369380600 0 0 0 0
1369378800 0 0 0 0
1369377000 0 0 0 0
1369375200 0 0 0 0
1369373400 0 0 0 0
1369371600 0 0 0 0
1369369800 0 0 0 0
1369368000 0 0 0 0
1369366200 0 0 0 0
1369364400 0 0 0 0
1369362600 0 0 0 0
1369360800 0 0 0 0
1369359000 0 0 0 0
1369357200 0 0 0 0
1369355400 0 0 0 0
1369353600 0 0 0 0
1369351800 0 0 0 0
1369350000 0 0 0 0
1369348200 0 0 0 0
1369346400 0 0 0 0
1369344600 0 0 0 0
1369342800 0 0 0 0
1369341000 0 0 0 0
1369339200 0 0 0 0
1369337400 0 0 0 0
1369335600 0 0 0 0
1369333800 0 0 0 0
1369332000 0 0 0 0
1369330200 0 0 0 0
1369328400 0 0 0 0
1369326600 0 0 0 0
1369324800 0 0 0 0
1369323000 0 0 0 0
1369321200 0 0 0 0
1369319400 0 0 0 0
1369317600 0 0 0 0
1369315800 0 0 0 0
1369314000 0 0 0 0
1369312200 0 0 0 0
1369310400 0 0 0 0
1369308600 0 0 0 0
1369306800 0 0 0 0
1369305000 0 0 0 0
1369303200 0 0 0 0
1369301400 0 0 0 0
1369299600 0 0 0 0
1369297800 0 0 0 0
1369296000 0 0 0 0
1369294200 0 0 0 0
1369292400 0 0 0 0
1369290600 0 0 0 0
1369288800 0 0 0 0
1369287000 0 0 0 0
1369285200 0 0 0 0
1369283400 0 0 0 0
1369281600 0 0 0 0
1369279800 0 0 0 0
1369278000 0 0 0 0
1369276200 0 0 0 0
1369274400 0 0 0 0
1369272600 0 0 0 0
1369270800 0 0 0 0
1369269000 0 0 0 0
1369267200 0 0 0 0
1369265400 0 0 0 0
1369263600 0 0 0 0
1369261800 0 0 0 0
1369260000 0 0 0 0
1369258200 0 0 0 0
1369256400 0 0 0 0
1369254600 0 0 0 0
1369252800 0 0 0 0
1369251000 0 0 0 0
1369249200 0 0 0 0
1369247400 0 0 0 0
1369245600 0 0 0 0
1369243800 0 0 0 0
1369242000 0 0 0 0
1369240200 0 0 0 0
1369238400 0 0 0 0
1369236600 0 0 0 0
1369234800 0 0 0 0
1369233000 0 0 0 0
1369231200 0 0 0 0
1369229400 0 0 0 0
1369227600 0 0 0 0
1369225800 0 0 0 0
1369224000 0 0 0 0
1369222200 0 0 0 0
1369220400 0 0 0 0
1369218600 0 0 0 0
1369216800 0 0 0 0
1369215000 0 0 0 0
1369213200 0 0 0 0
1369211400 0 0 0 0
1369209600 0 0 0 0
1369207800 0 0 0 0
1369206000 0 0 0 0
1369204200 0 0 0 0
1369202400 0 0 0 0
1369200600 0 0 0 0
1369198800 0 0 0 0
1369197000 0 0 0 0
1369195200 0 0 0 0
1369188000 0 0 0 0
1369180800 0 0 0 0
1369173600 0 0 0 0
1369166400 0 0 0 0
1369159200 0 0 0 0
1369152000 0 0 0 0
1369144800 72 6 13051 899
1369137600 0 0 0 0
1369130400 0 0 0 0
1369123200 0 0 0 0
1369116000 0 0 0 0
1369108800 0 0 0 0
1369101600 0 0 0 0
1369094400 0 0 0 0
1369087200 0 0 0 0
1369080000 0 0 0 0
1369072800 0 0 0 0
1369065600 0 0 0 0
1369058400 0 0 0 0
1369051200 0 0 0 0
1369044000 0 0 0 0
1369036800 0 0 0 0
1369029600 0 0 0 0
1369022400 0 0 0 0
1369015200 0 0 0 0
1369008000 0 0 0 0
1369000800 0 0 0 0
1368993600 0 0 0 0
1368986400 0 0 0 0
1368979200 0 0 0 0
1368972000 0 0 0 0
1368964800 0 0 0 0
1368957600 0 0 0 0
1368950400 0 0 0 0
1368943200 0 0 0 0
1368936000 0 0 0 0
1368928800 0 0 0 0
1368921600 0 0 0 0
1368914400 0 0 0 0
1368907200 0 0 0 0
1368900000 0 0 0 0
1368892800 0 0 0 0
1368885600 0 0 0 0
1368878400 0 0 0 0
1368871200 0 0 0 0
1368864000 0 0 0 0
1368856800 0 0 0 0
1368849600 0 0 0 0
1368842400 0 0 0 0
1368835200 0 0 0 0
1368828000 0 0 0 0
1368820800 0 0 0 0
1368813600 0 0 0 0
1368806400 0 0 0 0
1368799200 0 0 0 0
1368792000 0 0 0 0
1368784800 0 0 0 0
1368777600 0 0 0 0
1368770400 0 0 0 0
1368763200 0 0 0 0
1368756000 0 0 0 0
1368748800 0 0 0 0
1368741600 0 0 0 0
1368734400 0 0 0 0
1368727200 0 0 0 0
1368720000 0 0 0 0
1368712800 0 0 0 0
1368705600 0 0 0 0
1368698400 0 0 0 0
1368691200 0 0 0 0
1368684000 0 0 0 0
1368676800 0 0 0 0
1368669600 0 0 0 0
1368662400 0 0 0 0
1368655200 0 0 0 0
1368648000 0 0 0 0
1368640800 0 0 0 0
1368633600 0 0 0 0
1368626400 0 0 0 0
1368619200 0 0 0 0
1368612000 0 0 0 0
1368604800 0 0 0 0
1368597600 0 0 0 0
1368590400 0 0 0 0
1368583200 0 0 0 0
1368576000 0 0 0 0
1368568800 0 0 0 0
1368561600 0 0 0 0
1368554400 0 0 0 0
1368547200 0 0 0 0
1368540000 0 0 0 0
1368532800 0 0 0 0
1368525600 0 0 0 0
1368518400 0 0 0 0
1368511200 0 0 0 0
1368504000 0 0 0 0
1368496800 0 0 0 0
1368489600 0 0 0 0
1368482400 0 0 0 0
1368475200 0 0 0 0
1368468000 0 0 0 0
1368460800 0 0 0 0
1368453600 0 0 0 0
1368446400 0 0 0 0
1368439200 0 0 0 0
1368432000 0 0 0 0
1368424800 0 0 0 0
1368417600 0 0 0 0
1368410400 0 0 0 0
1368403200 0 0 0 0
1368396000 0 0 0 0
1368388800 0 0 0 0
1368381600 0 0 0 0
1368374400 0 0 0 0
1368367200 0 0 0 0
1368360000 0 0 0 0
1368352800 0 0 0 0
1368345600 0 0 0 0
1368338400 0 0 0 0
1368331200 0 0 0 0
1368324000 0 0 0 0
1368316800 0 0 0 0
1368309600 0 0 0 0
1368302400 0 0 0 0
1368295200 0 0 0 0
1368288000 0 0 0 0
1368280800 0 0 0 0
1368273600 0 0 0 0
1368266400 0 0 0 0
1368259200 0 0 0 0
1368252000 0 0 0 0
1368244800 0 0 0 0
1368237600 0 0 0 0
1368230400 0 0 0 0
1368223200 0 0 0 0
1368216000 0 0 0 0
1368208800 0 0 0 0
1368201600 0 0 0 0
1368194400 0 0 0 0
1368187200 0 0 0 0
1368180000 0 0 0 0
1368172800 0 0 0 0
1368165600 0 0 0 0
1368158400 0 0 0 0
1368151200 0 0 0 0
1368144000 0 0 0 0
1368136800 0 0 0 0
1368129600 0 0 0 0
1368122400 0 0 0 0
1368115200 0 0 0 0
1368108000 0 0 0 0
1368100800 0 0 0 0
1368093600 0 0 0 0
1368086400 0 0 0 0
1368079200 0 0 0 0
1368072000 0 0 0 0
1368064800 0 0 0 0
1368057600 0 0 0 0
1368050400 0 0 0 0
1368043200 0 0 0 0
1368036000 0 0 0 0
1368028800 0 0 0 0
1368021600 0 0 0 0
1368014400 0 0 0 0
1368007200 0 0 0 0
1368000000 0 0 0 0
1367992800 0 0 0 0
1367985600 0 0 0 0
1367978400 0 0 0 0
1367971200 0 0 0 0
1367964000 0 0 0 0
1367956800 0 0 0 0
1367949600 0 0 0 0
1367942400 0 0 0 0
1367935200 0 0 0 0
1367928000 0 0 0 0
1367920800 0 0 0 0
1367913600 0 0 0 0
1367906400 0 0 0 0
1367899200 0 0 0 0
1367892000 0 0 0 0
1367884800 0 0 0 0
1367877600 0 0 0 0
1367870400 0 0 0 0
1367863200 0 0 0 0
1367856000 0 0 0 0
1367848800 0 0 0 0
1367841600 0 0 0 0
1367834400 0 0 0 0
1367827200 0 0 0 0
1367820000 0 0 0 0
1367812800 0 0 0 0
1367805600 0 0 0 0
1367798400 0 0 0 0
1367791200 0 0 0 0
1367784000 0 0 0 0
1367776800 0 0 0 0
1367769600 0 0 0 0
1367762400 0 0 0 0
1367755200 0 0 0 0
1367748000 0 0 0 0
1367740800 0 0 0 0
1367733600 0 0 0 0
1367726400 0 0 0 0
1367719200 0 0 0 0
1367712000 0 0 0 0
1367704800 0 0 0 0
1367697600 0 0 0 0
1367690400 0 0 0 0
1367683200 0 0 0 0
1367676000 0 0 0 0
1367668800 0 0 0 0
1367661600 0 0 0 0
1367654400 0 0 0 0
1367647200 0 0 0 0
1367640000 0 0 0 0
1367632800 0 0 0 0
1367625600 0 0 0 0
1367618400 0 0 0 0
1367611200 0 0 0 0
1367604000 0 0 0 0
1367596800 0 0 0 0
1367589600 0 0 0 0
1367582400 0 0 0 0
1367575200 0 0 0 0
1367568000 0 0 0 0
1367560800 0 0 0 0
1367553600 0 0 0 0
1367546400 0 0 0 0
1367539200 0 0 0 0
1367532000 0 0 0 0
1367524800 0 0 0 0
1367517600 0 0 0 0
1367510400 0 0 0 0
1367503200 0 0 0 0
1367496000 0 0 0 0
1367488800 0 0 0 0
1367481600 0 0 0 0
1367474400 0 0 0 0
1367467200 0 0 0 0
1367460000 0 0 0 0
1367452800 0 0 0 0
1367445600 0 0 0 0
1367438400 0 0 0 0
1367431200 0 0 0 0
1367424000 0 0 0 0
1367416800 0 0 0 0
1367409600 0 0 0 0
1367402400 0 0 0 0
1367395200 0 0 0 0
1367388000 0 0 0 0
1367380800 0 0 0 0
1367373600 0 0 0 0
1367366400 0 0 0 0
1367359200 0 0 0 0
1367352000 0 0 0 0
1367344800 0 0 0 0
1367337600 0 0 0 0
1367330400 0 0 0 0
1367323200 0 0 0 0
1367316000 0 0 0 0
1367308800 0 0 0 0
1367301600 0 0 0 0
1367294400 0 0 0 0
1367287200 0 0 0 0
1367280000 0 0 0 0
1367272800 0 0 0 0
1367265600 0 0 0 0
1367258400 0 0 0 0
1367251200 0 0 0 0
1367244000 0 0 0 0
1367236800 1 0 174 63
1367229600 0 0 0 0
1367222400 0 0 0 0
1367215200 0 0 0 0
1367208000 0 0 0 0
1367200800 0 0 0 0
1367193600 0 0 0 0
1367186400 0 0 0 0
1367179200 0 0 0 0
1367172000 0 0 0 0
1367164800 0 0 0 0
1367157600 0 0 0 0
1367150400 0 0 0 0
1367143200 0 0 0 0
1367136000 0 0 0 0
1367128800 0 0 0 0
1367121600 0 0 0 0
1367114400 0 0 0 0
1367107200 0 0 0 0
1367100000 0 0 0 0
1367092800 0 0 0 0
1367085600 0 0 0 0
1367078400 0 0 0 0
1367071200 0 0 0 0
1367064000 0 0 0 0
1367056800 0 0 0 0
1367049600 0 0 0 0
1367042400 0 0 0 0
1367035200 0 0 0 0
1367028000 0 0 0 0
1367020800 0 0 0 0
1367013600 0 0 0 0
1367006400 0 0 0 0
1366999200 6 1 917 199
1366992000 27 15 2978 264
1366984800 590 129 27687 3242
1366977600 1076 86 67524 3369
1366970400 0 0 0 0
1366963200 0 0 0 0
1366956000 0 0 0 0
1366948800 0 0 0 0
1366941600 0 0 0 0
1366934400 0 0 0 0
1366927200 52 12 3630 496
1366920000 108 53 6737 3454
1366912800 631 179 33671 3519
1366905600 1144 161 102241 8331
1366898400 804 58 45323 2598
1366891200 243 27 55380 4247
1366884000 0 0 0 0
1366876800 0 0 0 0
1366869600 0 0 0 0
1366862400 0 0 0 0
1366855200 0 0 0 0
1366848000 0 0 0 0
1366840800 3 1 496 145
1366833600 386 85 28635 2066
1366826400 210 189 6823 2077
1366819200 328 279 16958 2268
1366812000 461 111 34223 3652
1366804800 64 25 4618 2615
1366797600 0 0 0 0
1366790400 0 0 0 0
1366783200 0 0 0 0
1366776000 0 0 0 0
1366768800 0 0 0 0
1366761600 0 0 0 0
1366754400 150 66 13348 4569
1366747200 21 2 3172 277
1366740000 621 66 47308 4172
1366732800 9 1 659 120
1366725600 160 16 19861 1283
1366718400 97 27 7772 3898
1366711200 0 0 0 0
1366704000 0 0 0 0
1366696800 0 0 0 0
1366689600 0 0 0 0
1366682400 0 0 0 0
1366675200 0 0 0 0
1366668000 0 0 0 0
1366660800 142 10 19045 1359
1366653600 24 2 3013 226
1366646400 40 3 5148 357
1366639200 256 18 30835 1004
1366632000 3 15 480 3936
1366624800 0 0 0 0
1366617600 0 0 0 0
1366610400 0 0 0 0
1366603200 0 0 0 0
1366596000 0 0 0 0
1366588800 0 0 0 0
1366581600 0 0 0 0
1366574400 0 0 0 0
1366567200 0 0 0 0
1366560000 0 0 0 0
1366552800 0 0 0 0
1366545600 0 0 0 0
1366538400 0 0 0 0
1366531200 0 0 0 0
1366524000 0 0 0 0
1366516800 0 0 0 0
1366509600 0 0 0 0
1366502400 0 0 0 0
1366495200 0 0 0 0
1366488000 0 0 0 0
1366480800 0 0 0 0
1366473600 0 0 0 0
1366466400 0 0 0 0
1366459200 0 0 0 0
1366452000 0 0 0 0
1366444800 0 0 0 0
1366437600 0 0 0 0
1366430400 0 0 0 0
1366423200 0 0 0 0
1366416000 0 0 0 0
1366408800 0 0 0 0
1366401600 0 0 0 0
1366394400 0 0 0 0
1366387200 0 0 0 0
1366380000 0 0 0 0
1366372800 0 0 0 0
1366365600 0 0 0 0
1366358400 0 0 0 0
1366351200 0 0 0 0
1366344000 0 0 0 0
1366336800 0 0 0 0
1366329600 0 0 0 0
1366322400 30 3 3076 246
1366315200 241 74 21522 3863
1366308000 22 2 2862 311
1366300800 384 168 52334 4667
1366293600 132 36 6402 4120
1366286400 0 0 0 0
1366279200 0 0 0 0
1366272000 0 0 0 0
1366264800 0 0 0 0
1366257600 0 0 0 0
1366250400 0 0 0 0
1366243200 0 0 0 0
1366236000 66 15 4713 716
1366228800 182 37 16107 1523
1366221600 0 0 0 0
1366214400 66 20 3501 1257
1366207200 645 75 103855 7080
1366200000 0 0 2 6
1366192800 0 0 0 0
1366185600 0 0 0 0
1366178400 0 0 0 0
1366171200 0 0 0 0
1366164000 0 0 0 0
1366156800 0 0 0 0
1366149600 33 7 3583 943
1366142400 123 18 7172 1582
1366135200 17 7 924 579
1366128000 3473 124 18558 2384
1366120800 839 203 33693 3644
1366113600 0 0 0 0
1366106400 0 0 0 0
1366099200 0 0 0 0
1366092000 0 0 0 0
1366084800 0 0 0 0
1366077600 0 0 0 0
1366070400 0 0 0 0
1366063200 127 26 10012 1285
1366056000 12 1 3240 250
1366048800 0 0 0 0
1366041600 0 0 0 0
1366034400 81 19 9316 2441
1366027200 0 0 0 0
1366020000 0 0 0 0
1366012800 0 0 0 0
1366005600 0 0 0 0
1365998400 0 0 0 0
1365991200 0 0 0 0
1365984000 0 0 0 0
1365976800 0 0 0 0
1365969600 0 0 0 0
1365962400 0 0 0 0
1365955200 0 0 0 0
1365948000 0 0 0 0
1365940800 0 0 0 0
1365933600 0 0 0 0
1365926400 0 0 0 0
1365919200 0 0 0 0
1365912000 0 0 0 0
1365904800 0 0 0 0
1365897600 0 0 0 0
1365890400 0 0 0 0
1365883200 0 0 0 0
1365876000 0 0 0 0
1365868800 0 0 0 0
1365861600 0 0 0 0
1365854400 0 0 0 0
1365847200 0 0 0 0
1365840000 0 0 0 0
1365832800 0 0 0 0
1365825600 0 0 0 0
1365818400 0 0 0 0
1365811200 0 0 0 0
1365804000 0 0 0 0
1365796800 0 0 0 0
1365789600 0 0 0 0
1365782400 0 0 0 0
1365775200 123 18 8929 943
1365768000 42 17 7231 4079
1365760800 0 0 0 0
1365753600 0 0 0 0
1365746400 0 0 0 0
1365739200 0 0 0 0
1365732000 0 0 0 0
1365724800 0 0 0 0
1365717600 41 2 6879 290
1365710400 0 0 0 0
1365703200 4 0 1116 231
1365696000 74 14 6071 1726
1365688800 68 25 4207 3516
1365681600 0 0 0 0
1365674400 0 0 0 0
1365667200 0 0 0 0
1365660000 0 0 0 0
1365652800 0 0 0 0
1365645600 0 0 0 0
1365638400 0 0 0 0
1365631200 109 24 6777 1131
1365624000 96 17 6103 1269
1365616800 0 0 0 4
1365609600 159 105 28336 1613
1365602400 860 160 25816 4850
1365595200 12 1 2887 233
1365588000 0 0 0 0
1365580800 0 0 0 0
1365573600 0 0 0 0
1365566400 0 0 0 0
1365559200 0 0 0 0
1365552000 0 0 0 0
1365544800 348 44 50690 2779
1365537600 49 12 6124 2033
1365530400 424 89 19218 3852
1365523200 1569 124 22097 3347
1365516000 756 123 41660 5761
1365508800 1 15 363 3775
1365501600 0 0 0 0
1365494400 0 0 0 0
1365487200 0 0 0 0
1365480000 0 0 0 0
1365472800 0 0 0 0
1365465600 0 0 0 0
1365458400 29 3 3209 437
1365451200 7 0 745 153
1365444000 3 0 820 118
1365436800 9 0 994 162
1365429600 131 23 18821 3773
1365422400 0 0 0 0
1365415200 0 0 0 0
1365408000 0 0 0 0
1365400800 0 0 0 0
1365393600 0 0 0 0
1365386400 0 0 0 0
1365379200 0 0 0 0
1365372000 0 0 0 0
1365364800 0 0 0 0
1365357600 0 0 0 0
1365350400 0 0 0 0
1365343200 0 0 0 0
1365336000 0 0 0 0
1365328800 0 0 0 0
1365321600 0 0 0 0
1365314400 0 0 0 0
1365307200 0 0 0 0
1365300000 0 0 0 0
1365292800 0 0 0 0
1365285600 0 0 0 0
1365278400 0 0 0 0
1365271200 0 0 0 0
1365264000 0 0 0 0
1365256800 0 0 0 0
1365249600 0 0 0 0
1365242400 0 0 0 0
1365235200 0 0 0 0
1365228000 0 0 0 0
1365220800 0 0 0 0
1365213600 0 0 0 0
1365206400 0 0 0 0
1365199200 222 62 10147 2972
1365192000 248 139 9270 8258
1365184800 444 217 14096 2670
1365177600 1026 334 44741 3929
1365170400 836 303 20099 4432
1365163200 20 17 3283 4432
1365156000 0 0 0 0
1365148800 0 0 0 0
1365141600 0 0 0 0
1365134400 0 0 0 0
1365127200 0 0 0 0
1365120000 0 0 0 0
1365112800 159 257 8910 1925
1365105600 582 504 21840 4110
1365098400 462 113 70903 9423
1365091200 729 220 51948 3926
1365084000 0 0 0 0
1365076800 0 0 0 0
1365069600 0 0 0 0
1365062400 0 0 0 0
1365055200 0 0 0 0
1365048000 0 0 0 0
1365040800 0 0 0 0
1365033600 0 0 0 0
1365026400 123 10 14015 1349
1365019200 576 58 58433 3268
1365012000 11 0 2875 225
1365004800 0 0 0 0
1364997600 0 0 0 0
1364990400 0 0 0 0
1364983200 0 0 0 0
1364976000 0 0 0 0
1364968800 0 0 0 0
1364961600 0 0 0 0
1364954400 0 0 0 0
1364947200 0 0 0 0
1364940000 0 0 0 0
1364932800 0 0 0 0
1364925600 0 0 0 0
1364918400 0 0 0 0
1364911200 0 0 0 0
1364904000 0 0 0 0
1364896800 0 0 0 0
1364889600 0 0 0 0
1364882400 0 0 0 0
1364875200 0 0 0 0
1364860800 0 0 0 0
1364774400 0 0 0 0
1364688000 0 0 0 0
1364601600 0 0 0 0
1364515200 114 12 168849 8187
1364428800 32 10 14004 3953
1364342400 0 0 0 0
1364256000 10 0 26023 3797
1364169600 0 0 0 0
1364083200 0 0 0 0
1363996800 24 2 10573 3726
1363910400 164 72 91330 68529
1363824000 47 9 32443 4130
1363737600 64 9 72664 4287
1363651200 121 23 64491 4470
1363564800 0 0 0 0
1363478400 0 0 0 0
1363392000 122 11 155002 4111
1363305600 187 18 64921 4790
1363219200 33 5 15231 3828
1363132800 268 23 386521 6002
1363046400 199 25 72277 4721
1362960000 0 0 0 0
1362873600 0 0 0 0
1362787200 997 40 15467 3687
1362700800 24 3 13611 3736
1362614400 59 14 17224 4489
1362528000 97 27 31535 3785
1362441600 175 39 67152 4787
1362355200 0 0 0 0
1362268800 0 0 0 0
1362182400 47 11 17209 3604
1362096000 82 11 53092 3749
1362009600 112 30 47691 4536
1361923200 136 32 56883 4584
1361836800 206 37 61197 3836
1361750400 0 0 0 0
1361664000 0 0 0 0
1361577600 1420 54 431127 13383
1361491200 115 16 69485 4851
1361404800 0 0 0 0
1361318400 159 25 106218 4046
1361232000 39 5 24870 3961
1361145600 0 0 0 0
1361059200 0 0 0 0
1360972800 187 25 103657 5068
1360886400 52 11 22667 3820
1360800000 70 13 43543 4096
1360713600 0 0 0 0
1360627200 0 0 0 0
1360540800 0 0 0 0
1360454400 0 0 0 0
1360368000 77 11 74963 5150
1360281600 68 18 11293 4071
1360195200 77 15 26309 3719
1360108800 110 16 47577 3848
1360022400 132 25 65098 5231
1359936000 0 0 0 0
1359849600 0 0 0 0
1359763200 201 27 111541 4283
1359676800 0 0 0 0
1359590400 27 5 16034 3868
1359504000 66 12 27732 3134
1359417600 68 19 29737 4194
1359331200 0 0 0 0
1359244800 0 0 0 0
1359158400 0 0 0 0
1359072000 0 0 0 0
1358985600 0 0 0 0
1358899200 0 0 0 0
1358812800 0 0 0 0
1358726400 0 0 0 0
1358640000 0 0 0 0
1358553600 0 0 0 0
1358467200 0 0 0 0
1358380800 0 0 0 0
1358294400 0 0 0 0
1358208000 0 0 0 0
1358121600 0 0 0 0
1358035200 0 0 0 0
1357948800 0 0 0 0
1357862400 0 0 0 0
1357776000 0 0 0 0
1357689600 0 0 0 0
1357603200 0 0 0 0
1357516800 0 0 0 0
1357430400 0 0 0 0
1357344000 0 0 0 0
1357257600 0 0 0 0
1357171200 0 0 0 0
1357084800 0 0 0 0
1356998400 0 0 0 0
1356912000 0 0 0 0
1356825600 0 0 0 0
1356739200 0 0 0 0
1356652800 35 10 13618 3783
1356566400 160 33 90035 4075
1356480000 0 0 0 0
1356393600 0 0 0 0
1356307200 0 0 0 0
1356220800 0 0 0 0
1356134400 121 36 47268 3726
1356048000 421 55 77741 3911
1355961600 289 56 186520 3670
1355875200 256 69 45502 3666
1355788800 248 46 206700 3789
1355702400 0 0 0 0
1355616000 0 0 0 0
1355529600 136 35 72500 4768
1355443200 328 76 177959 8505
1355356800 129 36 15196 3668
1355270400 77 17 23818 3683
1355184000 10 0 12007 3761
1355097600 0 0 0 0
1355011200 0 0 0 0
1354924800 125 33 62536 4043
1354838400 160 52 40268 3611
1354752000 422 66 56734 4424
1354665600 79 16 58819 4041
1354579200 257 63 103552 7200
1354492800 0 0 0 0
1354406400 0 0 0 0
1354320000 168 43 56300 3481
1354233600 74 22 11958 3885
1354147200 267 73 64234 4680
1354060800 84 17 25627 3553
1353974400 0 0 0 0
1353888000 0 0 0 0
1353801600 0 0 0 0
1353715200 76 23 8298 3608
1353628800 859 60 741473 11497
1353542400 94 26 10272 3804
1353456000 129 26 37334 3572
1353369600 300 54 179875 4285
1353283200 0 0 0 0
1353196800 0 0 0 0
1353110400 143 33 12222 3719
1353024000 85 20 16623 3695
1352937600 175 26 208252 3652
1352851200 158 47 46070 4479
1352764800 232 70 26336 3695
1352678400 0 0 0 0
1352592000 0 0 0 0
1352505600 193 57 51928 5060
1352419200 230 65 71911 7905
1352332800 7 0 7016 3647
1352246400 134 44 17263 8080
1352160000 173 51 55556 4645
1352073600 0 0 0 0
1351987200 0 0 0 0
1351900800 24 3 8381 3697
1351814400 56 12 18515 3671
1351728000 55 10 85708 6665
1351641600 99 65 28085 10347
1351555200 291 94 63878 6349
1351468800 0 0 0 0
1351382400 0 0 0 0
1351296000 235 88 46300 4617
1351209600 72 69 72052 7379
1351123200 56 23 23126 3649
1351036800 32 6 10708 3539
1350950400 279 73 145349 5700
1350864000 0 0 0 0
1350777600 0 0 0 0
1350691200 126 34 103336 9754
1350604800 165 76 33192 4710
1350518400 196 74 234093 5796
1350432000 229 53 82570 8757
1350345600 121 44 70710 6656
1350259200 0 0 0 0
1350172800 0 0 0 0
1350086400 442 92 355609 6862
1350000000 182 113 64539 6446
1349913600 222 57 68901 7508
1349827200 0 0 1400 69
1349740800 0 0 0 0
1349654400 0 0 0 0
1349568000 0 0 0 0
1349481600 165 11 70398 6717
1349395200 0 0 0 0
1349308800 0 0 0 0
1349222400 19 0 31775 1473
1349136000 0 0 0 0
1349049600 0 0 0 0
1348963200 0 0 0 0
1348876800 0 0 0 0
1348790400 0 0 0 0
1348704000 0 0 0 0
1348617600 0 0 0 0
1348531200 0 0 0 0
1348444800 0 0 0 0
1348358400 0 0 0 0
1348272000 0 0 0 0
1348185600 0 0 0 0
1348099200 0 0 0 0
1348012800 0 0 0 0
1347926400 0 0 0 0
1347840000 0 0 0 0
1347753600 0 0 0 0
1347667200 0 0 0 0
1347580800 0 0 0 0
1347494400 0 0 0 0
1347408000 0 0 0 0
1347321600 0 0 0 0
1347235200 0 0 0 0
1347148800 0 0 0 0
1347062400 0 0 0 0
1346976000 0 0 0 0
1346889600 0 0 0 0
1346803200 0 0 0 0
1346716800 0 0 0 0
1346630400 0 0 0 0
1346544000 0 0 0 0
1346457600 0 0 0 0
1346371200 0 0 0 0
1346284800 0 0 0 0
1346198400 0 0 0 0
1346112000 0 0 0 0
1346025600 0 0 0 0
1345939200 0 0 0 0
1345852800 0 0 0 0
1345766400 0 0 0 0
1345680000 0 0 0 0
1345593600 0 0 0 0
1345507200 0 0 0 0
1345420800 0 0 0 0
1345334400 0 0 0 0
1345248000 0 0 0 0
1345161600 0 0 0 0
1345075200 0 0 0 0
1344988800 0 0 0 0
1344902400 0 0 0 0
1344816000 0 0 0 0
1344729600 0 0 0 0
1344643200 0 0 0 0
1344556800 0 0 0 0
1344470400 0 0 0 0
1344384000 0 0 0 0
1344297600 0 0 0 0
1344211200 0 0 0 0
1344124800 0 0 0 0
1344038400 0 0 0 0
1343952000 0 0 0 0
1343865600 0 0 0 0
1343779200 0 0 0 0
1343692800 0 0 0 0
1343606400 0 0 0 0
1343520000 0 0 0 0
1343433600 0 0 0 0
1343347200 0 0 0 0
1343260800 0 0 0 0
1343174400 0 0 0 0
1343088000 0 0 0 0
1343001600 0 0 0 0
1342915200 0 0 0 0
1342828800 0 0 0 0
1342742400 0 0 0 0
1342656000 0 0 0 0
1342569600 0 0 0 0
1342483200 0 0 0 0
1342396800 0 0 0 0
1342310400 0 0 0 0
1342224000 0 0 0 0
1342137600 0 0 0 0
1342051200 0 0 0 0
1341964800 0 0 0 0
1341878400 0 0 0 0
1341792000 0 0 0 0
1341705600 0 0 0 0
1341619200 0 0 0 0
1341532800 0 0 0 0
1341446400 0 0 0 0
1341360000 0 0 0 0
1341273600 0 0 0 0
1341187200 0 0 0 0
1341100800 0 0 0 0
1341014400 0 0 0 0
1340928000 0 0 0 0
1340841600 0 0 0 0
1340755200 0 0 0 0
1340668800 0 0 0 0
1340582400 0 0 0 0
1340496000 0 0 0 0
1340409600 0 0 0 0
1340323200 0 0 0 0
1340236800 0 0 0 0
1340150400 0 0 0 0
1340064000 0 0 0 0
1339977600 0 0 0 0
1339891200 0 0 0 0
1339804800 0 0 0 0
1339718400 0 0 0 0
1339632000 0 0 0 0
1339545600 0 0 0 0
1339459200 0 0 0 0
1339372800 0 0 0 0
1339286400 0 0 0 0
1339200000 0 0 0 0
1339113600 0 0 0 0
1339027200 0 0 0 0
1338940800 0 0 0 0
1338854400 0 0 0 0
1338768000 0 0 0 0
1338681600 0 0 0 0
1338595200 0 0 0 0
1338508800 0 0 0 0
1338422400 0 0 0 0
1338336000 0 0 0 0
1338249600 0 0 0 0
1338163200 0 0 0 0
1338076800 0 0 0 0
1337990400 0 0 0 0
1337904000 0 0 0 0
1337817600 0 0 0 0
1337731200 0 0 0 0
1337644800 0 0 0 0
1337558400 0 0 0 0
1337472000 0 0 0 0
1337385600 0 0 0 0
1337299200 0 0 0 0
1337212800 0 0 0 0
1337126400 0 0 0 0
1337040000 0 0 0 0
1336953600 0 0 0 0
1336867200 0 0 0 0
1336780800 0 0 0 0
1336694400 0 0 0 0
1336608000 0 0 0 0
1336521600 0 0 0 0
1336435200 0 0 0 0
1336348800 0 0 0 0
1336262400 0 0 0 0
1336176000 0 0 0 0
1336089600 0 0 0 0
1336003200 0 0 0 0
1335916800 0 0 0 0
1335830400 0 0 0 0
1335744000 0 0 0 0
1335657600 0 0 0 0
1335571200 0 0 0 0
1335484800 0 0 0 0
1335398400 0 0 0 0
1335312000 0 0 0 0
1335225600 0 0 0 0
1335139200 0 0 0 0
1335052800 0 0 0 0
1334966400 0 0 0 0
1334880000 0 0 0 0
1334793600 0 0 0 0
1334707200 0 0 0 0
1334620800 0 0 0 0
1334534400 0 0 0 0
1334448000 0 0 0 0
1334361600 0 0 0 0
1334275200 0 0 0 0
1334188800 0 0 0 0
1334102400 0 0 0 0
1334016000 0 0 0 0
1333929600 0 0 0 0
1333843200 0 0 0 0
1333756800 0 0 0 0
1333670400 0 0 0 0
1333584000 0 0 0 0
1333497600 0 0 0 0
1333411200 0 0 0 0
1333324800 0 0 0 0
1333238400 0 0 0 0
1333152000 0 0 0 0
1333065600 0 0 0 0
1332979200 0 0 0 0
1332892800 0 0 0 0
1332806400 0 0 0 0
1332720000 0 0 0 0
1332633600 0 0 0 0
1332547200 0 0 0 0
1332460800 0 0 0 0
1332374400 0 0 0 0
1332288000 0 0 0 0
1332201600 0 0 0 0
1332115200 0 0 0 0
1332028800 0 0 0 0
1331942400 0 0 0 0
1331856000 0 0 0 0
1331769600 0 0 0 0
1331683200 0 0 0 0
1331596800 0 0 0 0
1331510400 0 0 0 0
1331424000 0 0 0 0
1331337600 0 0 0 0
1331251200 0 0 0 0
1331164800 0 0 0 0
1331078400 0 0 0 0
1330992000 0 0 0 0
1330905600 0 0 0 0
1330819200 0 0 0 0
1330732800 0 0 0 0
1330646400 0 0 0 0
1330560000 0 0 0 0
1330473600 0 0 0 0
1330387200 0 0 0 0
1330300800 0 0 0 0
1330214400 0 0 0 0
1330128000 0 0 0 0
1330041600 0 0 0 0
1329955200 0 0 0 0
1329868800 0 0 0 0
1329782400 0 0 0 0
1329696000 0 0 0 0
1329609600 0 0 0 0
1329523200 0 0 0 0
1329436800 0 0 0 0
1329350400 0 0 0 0
1329264000 0 0 0 0
1329177600 0 0 0 0
1329091200 0 0 0 0
1329004800 0 0 0 0
1328918400 0 0 0 0
1328832000 0 0 0 0
1328745600 0 0 0 0
1328659200 0 0 0 0
1328572800 0 0 0 0
1328486400 0 0 0 0
1328400000 0 0 0 0
1328313600 0 0 0 0
1328227200 0 0 0 0
1328140800 0 0 0 0
1328054400 0 0 0 0
1327968000 0 0 0 0
1327881600 0 0 0 0
1327795200 0 0 0 0
1327708800 0 0 0 0
1327622400 0 0 0 0
1327536000 0 0 0 0
1327449600 0 0 0 0
1327363200 0 0 0 0
1327276800 0 0 0 0
1327190400 0 0 0 0
1327104000 0 0 0 0
1327017600 0 0 0 0
1326931200 0 0 0 0
1326844800 0 0 0 0
1326758400 0 0 0 0
1326672000 0 0 0 0
1326585600 0 0 0 0
1326499200 0 0 0 0
1326412800 0 0 0 0
1326326400 0 0 0 0
1326240000 0 0 0 0
1326153600 0 0 0 0
1326067200 0 0 0 0
1325980800 0 0 0 0
1325894400 0 0 0 0
1325808000 0 0 0 0
1325721600 0 0 0 0
1325635200 0 0 0 0
1325548800 0 0 0 0
1325462400 0 0 0 0
1325376000 0 0 0 0
1325289600 0 0 0 0
1325203200 0 0 0 0
1325116800 0 0 0 0
1325030400 0 0 0 0
1324944000 0 0 0 0
1324857600 0 0 0 0
1324771200 0 0 0 0
1324684800 0 0 0 0
1324598400 0 0 0 0
1324512000 0 0 0 0
1324425600 0 0 0 0
1324339200 0 0 0 0
1324252800 0 0 0 0
1324166400 0 0 0 0
1324080000 0 0 0 0
1323993600 0 0 0 0
1323907200 0 0 0 0
1323820800 0 0 0 0
1323734400 0 0 0 0
1323648000 0 0 0 0
1323561600 0 0 0 0
1323475200 0 0 0 0
1323388800 0 0 0 0
1323302400 0 0 0 0
1323216000 0 0 0 0
1323129600 0 0 0 0
1323043200 0 0 0 0
1322956800 0 0 0 0
1322870400 0 0 0 0
1322784000 0 0 0 0
1322697600 0 0 0 0
1322611200 0 0 0 0
1322524800 0 0 0 0
1322438400 0 0 0 0
1322352000 0 0 0 0
1322265600 0 0 0 0
1322179200 0 0 0 0
1322092800 0 0 0 0
1322006400 0 0 0 0
1321920000 0 0 0 0
1321833600 0 0 0 0
1321747200 0 0 0 0
1321660800 0 0 0 0
1321574400 0 0 0 0
1321488000 0 0 0 0
1321401600 0 0 0 0
1321315200 0 0 0 0
1321228800 0 0 0 0
1321142400 0 0 0 0
1321056000 0 0 0 0
1320969600 0 0 0 0
1320883200 0 0 0 0
1320796800 0 0 0 0
1320710400 0 0 0 0
1320624000 0 0 0 0
1320537600 0 0 0 0
1320451200 0 0 0 0
1320364800 0 0 0 0
1320278400 0 0 0 0
1320192000 0 0 0 0
1320105600 0 0 0 0
1320019200 0 0 0 0
1319932800 0 0 0 0
1319846400 0 0 0 0
1319760000 0 0 0 0
1319673600 0 0 0 0
1319587200 0 0 0 0
1319500800 0 0 0 0
1319414400 0 0 0 0
1319328000 0 0 0 0
1319241600 0 0 0 0
1319155200 0 0 0 0
1319068800 0 0 0 0
1318982400 0 0 0 0
1318896000 0 0 0 0
1318809600 0 0 0 0
1318723200 0 0 0 0
1318636800 0 0 0 0
1318550400 0 0 0 0
1318464000 0 0 0 0
1318377600 0 0 0 0
1318291200 0 0 0 0
1318204800 0 0 0 0
1318118400 0 0 0 0
1318032000 0 0 0 0
1317945600 0 0 0 0
1317859200 0 0 0 0
1317772800 0 0 0 0
1317686400 0 0 0 0
1317600000 0 0 0 0
1317513600 0 0 0 0
1317427200 0 0 0 0
1317340800 0 0 0 0
1317254400 0 0 0 0
1317168000 0 0 0 0
1317081600 0 0 0 0
1316995200 0 0 0 0
1316908800 0 0 0 0
1316822400 0 0 0 0
1316736000 0 0 0 0
1316649600 0 0 0 0
1316563200 0 0 0 0
1316476800 0 0 0 0
1316390400 0 0 0 0
1316304000 0 0 0 0
1316217600 0 0 0 0
1316131200 0 0 0 0
1316044800 0 0 0 0
1315958400 0 0 0 0
1315872000 0 0 0 0
1315785600 0 0 0 0
1315699200 0 0 0 0
1315612800 0 0 0 0
1315526400 0 0 0 0
1315440000 0 0 0 0
1315353600 0 0 0 0
1315267200 0 0 0 0
1315180800 0 0 0 0
1315094400 0 0 0 0
1315008000 0 0 0 0
1314921600 0 0 0 0
1314835200 0 0 0 0
1314748800 0 0 0 0
1314662400 0 0 0 0
1314576000 0 0 0 0
1314489600 0 0 0 0
1314403200 0 0 0 0
1314316800 0 0 0 0
1314230400 0 0 0 0
1314144000 0 0 0 0
1314057600 0 0 0 0
1313971200 0 0 0 0
1313884800 0 0 0 0
1313798400 0 0 0 0
1313712000 0 0 0 0
1313625600 0 0 0 0
1313539200 0 0 0 0
1313452800 0 0 0 0
1313366400 0 0 0 0
1313280000 0 0 0 0
1313193600 0 0 0 0
1313107200 0 0 0 0
1313020800 0 0 0 0
1312934400 0 0 0 0
1312848000 0 0 0 0
1312761600 0 0 0 0
1312675200 0 0 0 0
1312588800 0 0 0 0
1312502400 0 0 0 0
1312416000 0 0 0 0
1312329600 0 0 0 0
1312243200 0 0 0 0
1312156800 0 0 0 0
1312070400 0 0 0 0
1311984000 0 0 0 0
1311897600 0 0 0 0
1311811200 0 0 0 0
1311724800 0 0 0 0
1311638400 0 0 0 0
1311552000 0 0 0 0
1311465600 0 0 0 0
1311379200 0 0 0 0
1311292800 0 0 0 0
1311206400 0 0 0 0
1311120000 0 0 0 0
1311033600 0 0 0 0
1310947200 0 0 0 0
1310860800 0 0 0 0
1310774400 0 0 0 0
1310688000 0 0 0 0
1310601600 0 0 0 0
1310515200 0 0 0 0
1310428800 0 0 0 0
1310342400 0 0 0 0
1310256000 0 0 0 0
1310169600 0 0 0 0
1310083200 0 0 0 0
1309996800 0 0 0 0
1309910400 0 0 0 0
1309824000 0 0 0 0
1309737600 0 0 0 0
1309651200 0 0 0 0
1309564800 0 0 0 0
1309478400 0 0 0 0
1309392000 0 0 0 0
1309305600 0 0 0 0
1309219200 0 0 0 0
1309132800 0 0 0 0
1309046400 0 0 0 0
1308960000 0 0 0 0
1308873600 0 0 0 0
1308787200 0 0 0 0
1308700800 0 0 0 0
1308614400 0 0 0 0
1308528000 0 0 0 0
1308441600 0 0 0 0
1308355200 0 0 0 0
1308268800 0 0 0 0
1308182400 0 0 0 0
1308096000 0 0 0 0
1308009600 0 0 0 0
1307923200 0 0 0 0
1307836800 0 0 0 0
1307750400 0 0 0 0
1307664000 0 0 0 0
1307577600 0 0 0 0
1307491200 0 0 0 0
1307404800 0 0 0 0
1307318400 0 0 0 0
1307232000 0 0 0 0
1307145600 0 0 0 0
1307059200 0 0 0 0
1306972800 0 0 0 0
1306886400 0 0 0 0
1306800000 0 0 0 0
1306713600 0 0 0 0
1306627200 0 0 0 0
1306540800 0 0 0 0
1306454400 0 0 0 0
1306368000 0 0 0 0
1306281600 0 0 0 0
1306195200 0 0 0 0
1306108800 0 0 0 0
1306022400 0 0 0 0
1305936000 0 0 0 0
1305849600 0 0 0 0
1305763200 0 0 0 0
1305676800 0 0 0 0
1305590400 0 0 0 0
1305504000 0 0 0 0
1305417600 0 0 0 0
1305331200 0 0 0 0
1305244800 0 0 0 0
1305158400 0 0 0 0
1305072000 0 0 0 0
1304985600 0 0 0 0
1304899200 0 0 0 0
1304812800 0 0 0 0
1304726400 0 0 0 0
1304640000 0 0 0 0
1304553600 0 0 0 0
1304467200 0 0 0 0
1304380800 0 0 0 0
1304294400 0 0 0 0
1304208000 0 0 0 0
1304121600 0 0 0 0
1304035200 0 0 0 0
1303948800 0 0 0 0
1303862400 0 0 0 0
1303776000 0 0 0 0
1303689600 0 0 0 0
1303603200 0 0 0 0
1303516800 0 0 0 0
1303430400 0 0 0 0
1303344000 0 0 0 0
1303257600 0 0 0 0
1303171200 0 0 0 0
1303084800 0 0 0 0
1302998400 0 0 0 0
1302912000 0 0 0 0
1302825600 0 0 0 0
1302739200 0 0 0 0
1302652800 0 0 0 0
1302566400 0 0 0 0
1302480000 0 0 0 0
1302393600 0 0 0 0
1302307200 0 0 0 0
1302220800 0 0 0 0
1302134400 0 0 0 0
1302048000 0 0 0 0
1301961600 0 0 0 0
1301875200 0 0 0 0
1301788800 0 0 0 0
1301702400 0 0 0 0
