1354022308 0 0
1354022308 0 0 0 0
1354022280 0 0 0 0
1354022100 0 0 0 0
1354021800 0 0 0 0
1354021500 0 0 0 0
1354021200 0 0 0 0
1354020900 0 0 0 0
1354020600 0 0 0 0
1354020300 0 0 0 0
1354020000 0 0 0 0
1354019700 0 0 0 0
1354019400 0 0 0 0
1354019100 0 0 0 0
1354018800 0 0 0 0
1354018500 0 0 0 0
1354018200 0 0 0 0
1354017900 0 0 0 0
1354017600 0 0 0 0
1354017300 0 0 0 0
1354017000 0 0 0 0
1354016700 0 0 0 0
1354016400 0 0 0 0
1354016100 0 0 0 0
1354015800 0 0 0 0
1354015500 0 0 0 0
1354015200 0 0 0 0
1354014900 0 0 0 0
1354014600 0 0 0 0
1354014300 0 0 0 0
1354014000 0 0 0 0
1354013700 0 0 0 0
1354013400 0 0 0 0
1354013100 0 0 0 0
1354012800 0 0 0 0
1354012500 0 0 0 0
1354012200 0 0 0 0
1354011900 0 0 0 0
1354011600 0 0 0 0
1354011300 0 0 0 0
1354011000 0 0 0 0
1354010700 0 0 0 0
1354010400 0 0 0 0
1354010100 0 0 0 0
1354009800 0 0 0 0
1354009500 0 0 0 0
1354009200 0 0 0 0
1354008900 0 0 0 0
1354008600 0 0 0 0
1354008300 0 0 0 0
1354008000 0 0 0 0
1354007700 0 0 0 0
1354007400 0 0 0 0
1354007100 0 0 0 0
1354006800 0 0 0 0
1354006500 0 0 0 0
1354006200 0 0 0 0
1354005900 0 0 0 0
1354005600 0 0 0 0
1354005300 0 0 0 0
1354005000 0 0 0 0
1354004700 0 0 0 0
1354004400 0 0 0 0
1354004100 0 0 0 0
1354003800 0 0 0 0
1354003500 0 0 0 0
1354003200 0 0 0 0
1354002900 0 0 0 0
1354002600 0 0 0 0
1354002300 0 0 0 0
1354002000 0 0 0 0
1354001700 0 0 0 0
1354001400 0 0 0 0
1354001100 0 0 0 0
1354000800 0 0 0 0
1354000500 0 0 0 0
1354000200 0 0 0 0
1353999900 0 0 0 0
1353999600 0 0 0 0
1353999300 0 0 0 0
1353999000 0 0 0 0
1353998700 0 0 0 0
1353998400 0 0 0 0
1353998100 0 0 0 0
1353997800 0 0 0 0
1353997500 0 0 0 0
1353997200 0 0 0 0
1353996900 0 0 0 0
1353996600 0 0 0 0
1353996300 0 0 0 0
1353996000 0 0 0 0
1353995700 0 0 0 0
1353995400 0 0 0 0
1353995100 0 0 0 0
1353994800 0 0 0 0
1353994500 0 0 0 0
1353994200 0 0 0 0
1353993900 0 0 0 0
1353993600 0 0 0 0
1353993300 0 0 0 0
1353993000 0 0 0 0
1353992700 0 0 0 0
1353992400 0 0 0 0
1353992100 0 0 0 0
1353991800 0 0 0 0
1353991500 0 0 0 0
1353991200 0 0 0 0
1353990900 0 0 0 0
1353990600 0 0 0 0
1353990300 0 0 0 0
1353990000 0 0 0 0
1353989700 0 0 0 0
1353989400 0 0 0 0
1353989100 0 0 0 0
1353988800 0 0 0 0
1353988500 0 0 0 0
1353988200 0 0 0 0
1353987900 0 0 0 0
1353987600 0 0 0 0
1353987300 0 0 0 0
1353987000 0 0 0 0
1353986700 0 0 0 0
1353986400 0 0 0 0
1353986100 0 0 0 0
1353985800 0 0 0 0
1353985500 0 0 0 0
1353985200 0 0 0 0
1353984900 0 0 0 0
1353984600 0 0 0 0
1353984300 0 0 0 0
1353984000 0 0 0 0
1353983700 0 0 0 0
1353983400 0 0 0 0
1353983100 0 0 0 0
1353982800 0 0 0 0
1353982500 0 0 0 0
1353982200 0 0 0 0
1353981900 0 0 0 0
1353981600 0 0 0 0
1353981300 0 0 0 0
1353981000 0 0 0 0
1353980700 0 0 0 0
1353980400 0 0 0 0
1353980100 0 0 0 0
1353979800 0 0 0 0
1353979500 0 0 0 0
1353979200 0 0 0 0
1353978900 0 0 0 0
1353978600 0 0 0 0
1353978300 0 0 0 0
1353978000 0 0 0 0
1353977700 0 0 0 0
1353977400 0 0 0 0
1353977100 0 0 0 0
1353976800 0 0 0 0
1353976500 0 0 0 0
1353976200 0 0 0 0
1353975900 0 0 0 0
1353975600 0 0 0 0
1353975300 0 0 0 0
1353975000 0 0 0 0
1353974700 0 0 0 0
1353974400 0 0 0 0
1353974100 0 0 0 0
1353973800 0 0 0 0
1353973500 0 0 0 0
1353973200 0 0 0 0
1353972900 0 0 0 0
1353972600 0 0 0 0
1353972300 0 0 0 0
1353972000 0 0 0 0
1353971700 0 0 0 0
1353971400 0 0 0 0
1353971100 0 0 0 0
1353970800 0 0 0 0
1353970500 0 0 0 0
1353970200 0 0 0 0
1353969900 0 0 0 0
1353969600 0 0 0 0
1353969300 0 0 0 0
1353969000 0 0 0 0
1353968700 0 0 0 0
1353968400 0 0 0 0
1353968100 0 0 0 0
1353967800 0 0 0 0
1353967500 0 0 0 0
1353967200 0 0 0 0
1353966900 0 0 0 0
1353966600 0 0 0 0
1353966300 0 0 0 0
1353966000 0 0 0 0
1353965700 0 0 0 0
1353965400 0 0 0 0
1353965100 0 0 0 0
1353964800 0 0 0 0
1353964500 0 0 0 0
1353964200 0 0 0 0
1353963900 0 0 0 0
1353963600 0 0 0 0
1353963300 0 0 0 0
1353963000 0 0 0 0
1353962700 0 0 0 0
1353962400 0 0 0 0
1353962100 0 0 0 0
1353961800 0 0 0 0
1353961500 0 0 0 0
1353961200 0 0 0 0
1353960900 0 0 0 0
1353960600 0 0 0 0
1353960300 0 0 0 0
1353960000 0 0 0 0
1353959700 0 0 0 0
1353959400 0 0 0 0
1353959100 0 0 0 0
1353958800 0 0 0 0
1353958500 0 0 0 0
1353958200 0 0 0 0
1353957900 0 0 0 0
1353957600 0 0 0 0
1353957300 0 0 0 0
1353957000 0 0 0 0
1353956700 0 0 0 0
1353956400 0 0 0 0
1353956100 0 0 0 0
1353955800 0 0 0 0
1353955500 0 0 0 0
1353955200 0 0 0 0
1353954900 0 0 0 0
1353954600 0 0 0 0
1353954300 0 0 0 0
1353954000 0 0 0 0
1353953700 0 0 0 0
1353953400 0 0 0 0
1353953100 0 0 0 0
1353952800 0 0 0 0
1353952500 0 0 0 0
1353952200 0 0 0 0
1353951900 0 0 0 0
1353951600 0 0 0 0
1353951300 0 0 0 0
1353951000 0 0 0 0
1353950700 0 0 0 0
1353950400 0 0 0 0
1353950100 0 0 0 0
1353949800 0 0 0 0
1353949500 0 0 0 0
1353949200 0 0 0 0
1353948900 0 0 0 0
1353948600 0 0 0 0
1353948300 0 0 0 0
1353948000 0 0 0 0
1353947700 0 0 0 0
1353947400 0 0 0 0
1353947100 0 0 0 0
1353946800 0 0 0 0
1353946500 0 0 0 0
1353946200 0 0 0 0
1353945900 0 0 0 0
1353945600 0 0 0 0
1353945300 0 0 0 0
1353945000 0 0 0 0
1353944700 0 0 0 0
1353944400 0 0 0 0
1353944100 0 0 0 0
1353943800 0 0 0 0
1353943500 0 0 0 0
1353943200 0 0 0 0
1353942900 0 0 0 0
1353942600 0 0 0 0
1353942300 0 0 0 0
1353942000 0 0 0 0
1353941700 0 0 0 0
1353941400 0 0 0 0
1353941100 0 0 0 0
1353940800 0 0 0 0
1353940500 0 0 0 0
1353940200 0 0 0 0
1353939900 0 0 0 0
1353939600 0 0 0 0
1353939300 0 0 0 0
1353939000 0 0 0 0
1353938700 0 0 0 0
1353938400 0 0 0 0
1353938100 0 0 0 0
1353937800 0 0 0 0
1353937500 0 0 0 0
1353937200 0 0 0 0
1353936900 0 0 0 0
1353936600 0 0 0 0
1353936300 0 0 0 0
1353936000 0 0 0 0
1353935700 0 0 0 0
1353935400 0 0 0 0
1353935100 0 0 0 0
1353934800 0 0 0 0
1353934500 0 0 0 0
1353934200 0 0 0 0
1353933900 0 0 0 0
1353933600 0 0 0 0
1353933300 0 0 0 0
1353933000 0 0 0 0
1353932700 0 0 0 0
1353932400 0 0 0 0
1353932100 0 0 0 0
1353931800 0 0 0 0
1353931500 0 0 0 0
1353931200 0 0 0 0
1353930900 0 0 0 0
1353930600 0 0 0 0
1353930300 0 0 0 0
1353930000 0 0 0 0
1353929700 0 0 0 0
1353929400 0 0 0 0
1353929100 0 0 0 0
1353928800 0 0 0 0
1353928500 0 0 0 0
1353928200 0 0 0 0
1353927900 0 0 0 0
1353927600 0 0 0 0
1353927300 0 0 0 0
1353927000 0 0 0 0
1353926700 0 0 0 0
1353926400 0 0 0 0
1353926100 0 0 0 0
1353925800 0 0 0 0
1353925500 0 0 0 0
1353925200 0 0 0 0
1353924900 0 0 0 0
1353924600 0 0 0 0
1353924300 0 0 0 0
1353924000 0 0 0 0
1353923700 0 0 0 0
1353923400 0 0 0 0
1353923100 0 0 0 0
1353922800 0 0 0 0
1353922500 0 0 0 0
1353922200 0 0 0 0
1353921900 0 0 0 0
1353921600 0 0 0 0
1353921300 0 0 0 0
1353921000 0 0 0 0
1353920700 0 0 0 0
1353920400 0 0 0 0
1353920100 0 0 0 0
1353919800 0 0 0 0
1353919500 0 0 0 0
1353919200 0 0 0 0
1353918900 0 0 0 0
1353918600 0 0 0 0
1353918300 0 0 0 0
1353918000 0 0 0 0
1353917700 0 0 0 0
1353917400 0 0 0 0
1353917100 0 0 0 0
1353916800 0 0 0 0
1353916500 0 0 0 0
1353916200 0 0 0 0
1353915900 0 0 0 0
1353915600 0 0 0 0
1353915300 0 0 0 0
1353915000 0 0 0 0
1353914700 0 0 0 0
1353914400 0 0 0 0
1353914100 0 0 0 0
1353913800 0 0 0 0
1353913500 0 0 0 0
1353913200 0 0 0 0
1353912900 0 0 0 0
1353912600 0 0 0 0
1353912300 0 0 0 0
1353912000 0 0 0 0
1353911700 0 0 0 0
1353911400 0 0 0 0
1353911100 0 0 0 0
1353910800 0 0 0 0
1353910500 0 0 0 0
1353910200 0 0 0 0
1353909900 0 0 0 0
1353909600 0 0 0 0
1353909300 0 0 0 0
1353909000 0 0 0 0
1353908700 0 0 0 0
1353908400 0 0 0 0
1353908100 0 0 0 0
1353907800 0 0 0 0
1353907500 0 0 0 0
1353907200 0 0 0 0
1353906900 0 0 0 0
1353906600 0 0 0 0
1353906300 0 0 0 0
1353906000 0 0 0 0
1353905700 0 0 0 0
1353905400 0 0 0 0
1353905100 0 0 0 0
1353904800 0 0 0 0
1353904500 0 0 0 0
1353904200 0 0 0 0
1353903900 0 0 0 0
1353903600 0 0 0 0
1353903300 0 0 0 0
1353903000 0 0 0 0
1353902700 0 0 0 0
1353902400 0 0 0 0
1353902100 0 0 0 0
1353901800 0 0 0 0
1353901500 0 0 0 0
1353901200 0 0 0 0
1353900900 0 0 0 0
1353900600 0 0 0 0
1353900300 0 0 0 0
1353900000 0 0 0 0
1353899700 0 0 0 0
1353899400 0 0 0 0
1353899100 0 0 0 0
1353898800 0 0 0 0
1353898500 0 0 0 0
1353898200 0 0 0 0
1353897900 0 0 0 0
1353897600 0 0 0 0
1353897300 0 0 0 0
1353897000 0 0 0 0
1353896700 0 0 0 0
1353896400 0 0 0 0
1353896100 0 0 0 0
1353895800 0 0 0 0
1353895500 0 0 0 0
1353895200 0 0 0 0
1353894900 0 0 0 0
1353894600 0 0 0 0
1353894300 0 0 0 0
1353894000 0 0 0 0
1353893700 0 0 0 0
1353893400 0 0 0 0
1353893100 0 0 0 0
1353892800 0 0 0 0
1353892500 0 0 0 0
1353892200 0 0 0 0
1353891900 0 0 0 0
1353891600 0 0 0 0
1353891300 0 0 0 0
1353891000 0 0 0 0
1353890700 0 0 0 0
1353890400 0 0 0 0
1353890100 0 0 0 0
1353889800 0 0 0 0
1353889500 0 0 0 0
1353889200 0 0 0 0
1353888900 0 0 0 0
1353888600 0 0 0 0
1353888300 0 0 0 0
1353888000 0 0 0 0
1353887700 0 0 0 0
1353887400 0 0 0 0
1353887100 0 0 0 0
1353886800 0 0 0 0
1353886500 0 0 0 0
1353886200 0 0 0 0
1353885900 0 0 0 0
1353885600 0 0 0 0
1353885300 0 0 0 0
1353885000 0 0 0 0
1353884700 0 0 0 0
1353884400 0 0 0 0
1353884100 0 0 0 0
1353883800 0 0 0 0
1353883500 0 0 0 0
1353883200 0 0 0 0
1353882900 0 0 0 0
1353882600 0 0 0 0
1353882300 0 0 0 0
1353882000 0 0 0 0
1353881700 0 0 0 0
1353881400 0 0 0 0
1353881100 0 0 0 0
1353880800 0 0 0 0
1353880500 0 0 0 0
1353880200 0 0 0 0
1353879900 0 0 0 0
1353879600 0 0 0 0
1353879300 0 0 0 0
1353879000 0 0 0 0
1353878700 0 0 0 0
1353878400 0 0 0 0
1353878100 0 0 0 0
1353877800 0 0 0 0
1353877500 0 0 0 0
1353877200 0 0 0 0
1353876900 0 0 0 0
1353876600 0 0 0 0
1353876300 0 0 0 0
1353876000 0 0 0 0
1353875700 0 0 0 0
1353875400 0 0 0 0
1353875100 0 0 0 0
1353874800 0 0 0 0
1353874500 0 0 0 0
1353874200 0 0 0 0
1353873900 0 0 0 0
1353873600 0 0 0 0
1353873300 0 0 0 0
1353873000 0 0 0 0
1353872700 0 0 0 0
1353872400 0 0 0 0
1353872100 0 0 0 0
1353871800 0 0 0 0
1353871500 0 0 0 0
1353871200 0 0 0 0
1353870900 0 0 0 0
1353870600 0 0 0 0
1353870300 0 0 0 0
1353870000 0 0 0 0
1353869700 0 0 0 0
1353869400 0 0 0 0
1353869100 0 0 0 0
1353868800 0 0 0 0
1353868500 0 0 0 0
1353868200 0 0 0 0
1353867900 0 0 0 0
1353867600 0 0 0 0
1353867300 0 0 0 0
1353867000 0 0 0 0
1353866700 0 0 0 0
1353866400 0 0 0 0
1353866100 0 0 0 0
1353865800 0 0 0 0
1353865500 0 0 0 0
1353865200 0 0 0 0
1353864900 0 0 0 0
1353864600 0 0 0 0
1353864300 0 0 0 0
1353864000 0 0 0 0
1353863700 0 0 0 0
1353863400 0 0 0 0
1353863100 0 0 0 0
1353862800 0 0 0 0
1353862500 0 0 0 0
1353862200 0 0 0 0
1353861900 0 0 0 0
1353861600 0 0 0 0
1353861300 0 0 0 0
1353861000 0 0 0 0
1353860700 0 0 0 0
1353860400 0 0 0 0
1353860100 0 0 0 0
1353859800 0 0 0 0
1353859500 0 0 0 0
1353859200 0 0 0 0
1353858900 0 0 0 0
1353858600 0 0 0 0
1353858300 0 0 0 0
1353858000 0 0 0 0
1353857700 0 0 0 0
1353857400 0 0 0 0
1353857100 0 0 0 0
1353856800 0 0 0 0
1353856500 0 0 0 0
1353856200 0 0 0 0
1353855900 0 0 0 0
1353855600 0 0 0 0
1353855300 0 0 0 0
1353855000 0 0 0 0
1353854700 0 0 0 0
1353854400 0 0 0 0
1353854100 0 0 0 0
1353853800 0 0 0 0
1353853500 0 0 0 0
1353853200 0 0 0 0
1353852900 0 0 0 0
1353852600 0 0 0 0
1353852300 0 0 0 0
1353852000 0 0 0 0
1353851700 0 0 0 0
1353851400 0 0 0 0
1353851100 0 0 0 0
1353850800 0 0 0 0
1353850500 0 0 0 0
1353850200 0 0 0 0
1353849900 0 0 0 0
1353849600 0 0 0 0
1353849300 0 0 0 0
1353849000 0 0 0 0
1353848700 0 0 0 0
1353848400 0 0 0 0
1353848100 0 0 0 0
1353847800 0 0 0 0
1353847500 0 0 0 0
1353847200 0 0 0 0
1353846900 0 0 0 0
1353846600 0 0 0 0
1353846300 0 0 0 0
1353846000 0 0 0 0
1353845700 0 0 0 0
1353845400 0 0 0 0
1353845100 0 0 0 0
1353844800 0 0 0 0
1353844500 0 0 0 0
1353844200 0 0 0 0
1353843900 0 0 0 0
1353843600 0 0 0 0
1353843300 0 0 0 0
1353843000 0 0 0 0
1353842700 0 0 0 0
1353842400 0 0 0 0
1353841200 0 0 0 0
1353839400 0 0 0 0
1353837600 0 0 0 0
1353835800 0 0 0 0
1353834000 0 0 0 0
1353832200 0 0 0 0
1353830400 0 0 0 0
1353828600 0 0 0 0
1353826800 0 0 0 0
1353825000 0 0 0 0
1353823200 0 0 0 0
1353821400 0 0 0 0
1353819600 0 0 0 0
1353817800 0 0 0 0
1353816000 0 0 0 0
1353814200 0 0 0 0
1353812400 0 0 0 0
1353810600 0 0 0 0
1353808800 0 0 0 0
1353807000 0 0 0 0
1353805200 0 0 0 0
1353803400 0 0 0 0
1353801600 0 0 0 0
1353799800 0 0 0 0
1353798000 0 0 0 0
1353796200 0 0 0 0
1353794400 0 0 0 0
1353792600 0 0 0 0
1353790800 0 0 0 0
1353789000 0 0 0 0
1353787200 0 0 0 0
1353785400 0 0 0 0
1353783600 0 0 0 0
1353781800 0 0 0 0
1353780000 0 0 0 0
1353778200 0 0 0 0
1353776400 0 0 0 0
1353774600 0 0 0 0
1353772800 0 0 0 0
1353771000 0 0 0 0
1353769200 0 0 0 0
1353767400 0 0 0 0
1353765600 0 0 0 0
1353763800 0 0 0 0
1353762000 0 0 0 0
1353760200 0 0 0 0
1353758400 0 0 0 0
1353756600 0 0 0 0
1353754800 0 0 0 0
1353753000 0 0 0 0
1353751200 0 0 0 0
1353749400 0 0 0 0
1353747600 0 0 0 0
1353745800 0 0 0 0
1353744000 0 0 0 0
1353742200 0 0 0 0
1353740400 0 0 0 0
1353738600 0 0 0 0
1353736800 0 0 0 0
1353735000 0 0 0 0
1353733200 0 0 0 0
1353731400 0 0 0 0
1353729600 0 0 0 0
1353727800 0 0 0 0
1353726000 0 0 0 0
1353724200 0 0 0 0
1353722400 0 0 0 0
1353720600 0 0 0 0
1353718800 0 0 0 0
1353717000 0 0 0 0
1353715200 0 0 0 0
1353713400 0 0 0 0
1353711600 0 0 0 0
1353709800 0 0 0 0
1353708000 0 0 0 0
1353706200 0 0 0 0
1353704400 0 0 0 0
1353702600 0 0 0 0
1353700800 0 0 0 0
1353699000 0 0 0 0
1353697200 0 0 0 0
1353695400 0 0 0 0
1353693600 0 0 0 0
1353691800 0 0 0 0
1353690000 0 0 0 0
1353688200 0 0 0 0
1353686400 0 0 0 0
1353684600 0 0 0 0
1353682800 0 0 0 0
1353681000 0 0 0 0
1353679200 0 0 0 0
1353677400 0 0 0 0
1353675600 0 0 0 0
1353673800 0 0 0 0
1353672000 0 0 0 0
1353670200 0 0 0 0
1353668400 0 0 0 0
1353666600 0 0 0 0
1353664800 0 0 0 0
1353663000 0 0 0 0
1353661200 0 0 0 0
1353659400 0 0 0 0
1353657600 0 0 0 0
1353655800 0 0 0 0
1353654000 0 0 0 0
1353652200 0 0 0 0
1353650400 0 0 0 0
1353648600 0 0 0 0
1353646800 0 0 0 0
1353645000 0 0 0 0
1353643200 0 0 0 0
1353641400 0 0 0 0
1353639600 0 0 0 0
1353637800 0 0 0 0
1353636000 0 0 0 0
1353634200 0 0 0 0
1353632400 0 0 0 0
1353630600 0 0 0 0
1353628800 0 0 0 0
1353627000 0 0 0 0
1353625200 0 0 0 0
1353623400 0 0 0 0
1353621600 0 0 0 0
1353619800 0 0 0 0
1353618000 0 0 0 0
1353616200 0 0 0 0
1353614400 0 0 0 0
1353612600 0 0 0 0
1353610800 0 0 0 0
1353609000 0 0 0 0
1353607200 0 0 0 0
1353605400 0 0 0 0
1353603600 0 0 0 0
1353601800 0 0 0 0
1353600000 0 0 0 0
1353598200 0 0 0 0
1353596400 0 0 0 0
1353594600 0 0 0 0
1353592800 0 0 0 0
1353591000 0 0 0 0
1353589200 0 0 0 0
1353587400 0 0 0 0
1353585600 0 0 0 0
1353583800 0 0 0 0
1353582000 0 0 0 0
1353580200 0 0 0 0
1353578400 0 0 0 0
1353576600 0 0 0 0
1353574800 0 0 0 0
1353573000 0 0 0 0
1353571200 0 0 0 0
1353569400 0 0 0 0
1353567600 0 0 0 0
1353565800 0 0 0 0
1353564000 0 0 0 0
1353562200 0 0 0 0
1353560400 0 0 0 0
1353558600 0 0 0 0
1353556800 0 0 0 0
1353555000 0 0 0 0
1353553200 0 0 0 0
1353551400 0 0 0 0
1353549600 0 0 0 0
1353547800 0 0 0 0
1353546000 0 0 0 0
1353544200 0 0 0 0
1353542400 0 0 0 0
1353540600 0 0 0 0
1353538800 0 0 0 0
1353537000 0 0 0 0
1353535200 0 0 0 0
1353533400 0 0 0 0
1353531600 0 0 0 0
1353529800 0 0 0 0
1353528000 0 0 0 0
1353526200 0 0 0 0
1353524400 0 0 0 0
1353522600 0 0 0 0
1353520800 0 0 0 0
1353519000 0 0 0 0
1353517200 0 0 0 0
1353515400 0 0 0 0
1353513600 0 0 0 0
1353511800 0 0 0 0
1353510000 0 0 0 0
1353508200 0 0 0 0
1353506400 0 0 0 0
1353504600 0 0 0 0
1353502800 0 0 0 0
1353501000 0 0 0 0
1353499200 0 0 0 0
1353497400 0 0 0 0
1353495600 0 0 0 0
1353493800 0 0 0 0
1353492000 0 0 0 0
1353490200 0 0 0 0
1353488400 0 0 0 0
1353486600 0 0 0 0
1353484800 0 0 0 0
1353483000 0 0 0 0
1353481200 0 0 0 0
1353479400 0 0 0 0
1353477600 0 0 0 0
1353475800 0 0 0 0
1353474000 0 0 0 0
1353472200 0 0 0 0
1353470400 0 0 0 0
1353468600 0 0 0 0
1353466800 0 0 0 0
1353465000 0 0 0 0
1353463200 0 0 0 0
1353461400 0 0 0 0
1353459600 0 0 0 0
1353457800 0 0 0 0
1353456000 0 0 0 0
1353454200 0 0 0 0
1353452400 0 0 0 0
1353450600 0 0 0 0
1353448800 0 0 0 0
1353447000 0 0 0 0
1353445200 0 0 0 0
1353443400 0 0 0 0
1353441600 0 0 0 0
1353439800 0 0 0 0
1353438000 0 0 0 0
1353436200 0 0 0 0
1353434400 0 0 0 0
1353432600 0 0 0 0
1353430800 0 0 0 0
1353429000 0 0 0 0
1353427200 0 0 0 0
1353425400 0 0 0 0
1353423600 0 0 0 0
1353421800 0 0 0 0
1353420000 0 0 0 0
1353418200 0 0 0 0
1353416400 0 0 0 0
1353414600 0 0 0 0
1353412800 0 0 0 0
1353411000 0 0 0 0
1353409200 0 0 0 0
1353407400 0 0 0 0
1353405600 0 0 0 0
1353403800 0 0 0 0
1353402000 0 0 0 0
1353400200 0 0 0 0
1353398400 0 0 0 0
1353396600 0 0 0 0
1353394800 0 0 0 0
1353393000 0 0 0 0
1353391200 0 0 0 0
1353389400 0 0 0 0
1353387600 0 0 0 0
1353385800 0 0 0 0
1353384000 0 0 0 0
1353382200 0 0 0 0
1353380400 0 0 0 0
1353378600 0 0 0 0
1353376800 0 0 0 0
1353375000 0 0 0 0
1353373200 0 0 0 0
1353371400 0 0 0 0
1353369600 0 0 0 0
1353367800 0 0 0 0
1353366000 0 0 0 0
1353364200 0 0 0 0
1353362400 0 0 0 0
1353360600 0 0 0 0
1353358800 0 0 0 0
1353357000 0 0 0 0
1353355200 0 0 0 0
1353353400 0 0 0 0
1353351600 0 0 0 0
1353349800 0 0 0 0
1353348000 0 0 0 0
1353346200 0 0 0 0
1353344400 0 0 0 0
1353342600 0 0 0 0
1353340800 0 0 0 0
1353339000 0 0 0 0
1353337200 0 0 0 0
1353335400 0 0 0 0
1353333600 0 0 0 0
1353331800 0 0 0 0
1353330000 0 0 0 0
1353328200 0 0 0 0
1353326400 0 0 0 0
1353324600 0 0 0 0
1353322800 0 0 0 0
1353321000 0 0 0 0
1353319200 0 0 0 0
1353317400 0 0 0 0
1353315600 0 0 0 0
1353313800 0 0 0 0
1353312000 0 0 0 0
1353310200 0 0 0 0
1353308400 0 0 0 0
1353306600 0 0 0 0
1353304800 0 0 0 0
1353303000 0 0 0 0
1353301200 0 0 0 0
1353299400 0 0 0 0
1353297600 0 0 0 0
1353295800 0 0 0 0
1353294000 0 0 0 0
1353292200 0 0 0 0
1353290400 0 0 0 0
1353288600 0 0 0 0
1353286800 0 0 0 0
1353285000 0 0 0 0
1353283200 0 0 0 0
1353281400 0 0 0 0
1353279600 0 0 0 0
1353277800 0 0 0 0
1353276000 0 0 0 0
1353274200 0 0 0 0
1353272400 0 0 0 0
1353270600 0 0 0 0
1353268800 0 0 0 0
1353267000 0 0 0 0
1353265200 0 0 0 0
1353263400 0 0 0 0
1353261600 0 0 0 0
1353259800 0 0 0 0
1353258000 0 0 0 0
1353256200 0 0 0 0
1353254400 0 0 0 0
1353252600 0 0 0 0
1353250800 0 0 0 0
1353249000 0 0 0 0
1353247200 0 0 0 0
1353245400 0 0 0 0
1353243600 0 0 0 0
1353241800 0 0 0 0
1353240000 0 0 0 0
1353238200 0 0 0 0
1353236400 0 0 0 0
1353234600 0 0 0 0
1353232800 0 0 0 0
1353231000 0 0 0 0
1353229200 0 0 0 0
1353227400 0 0 0 0
1353225600 0 0 0 0
1353223800 0 0 0 0
1353222000 0 0 0 0
1353220200 0 0 0 0
1353218400 0 0 0 0
1353216600 0 0 0 0
1353214800 0 0 0 0
1353213000 0 0 0 0
1353211200 0 0 0 0
1353209400 0 0 0 0
1353207600 0 0 0 0
1353205800 0 0 0 0
1353204000 0 0 0 0
1353202200 0 0 0 0
1353200400 0 0 0 0
1353198600 0 0 0 0
1353196800 0 0 0 0
1353195000 0 0 0 0
1353193200 0 0 0 0
1353191400 0 0 0 0
1353189600 0 0 0 0
1353187800 0 0 0 0
1353186000 0 0 0 0
1353184200 0 0 0 0
1353182400 0 0 0 0
1353180600 0 0 0 0
1353178800 0 0 0 0
1353177000 0 0 0 0
1353175200 0 0 0 0
1353173400 0 0 0 0
1353171600 0 0 0 0
1353169800 0 0 0 0
1353168000 0 0 0 0
1353166200 0 0 0 0
1353164400 0 0 0 0
1353162600 0 0 0 0
1353160800 0 0 0 0
1353159000 0 0 0 0
1353157200 0 0 0 0
1353155400 0 0 0 0
1353153600 0 0 0 0
1353151800 0 0 0 0
1353150000 0 0 0 0
1353148200 0 0 0 0
1353146400 0 0 0 0
1353144600 0 0 0 0
1353142800 0 0 0 0
1353141000 0 0 0 0
1353139200 0 0 0 0
1353137400 0 0 0 0
1353135600 0 0 0 0
1353133800 0 0 0 0
1353132000 0 0 0 0
1353130200 0 0 0 0
1353128400 0 0 0 0
1353126600 0 0 0 0
1353124800 0 0 0 0
1353123000 0 0 0 0
1353121200 0 0 0 0
1353119400 0 0 0 0
1353117600 0 0 0 0
1353115800 0 0 0 0
1353114000 0 0 0 0
1353112200 0 0 0 0
1353110400 0 0 0 0
1353108600 0 0 0 0
1353106800 0 0 0 0
1353105000 0 0 0 0
1353103200 0 0 0 0
1353101400 0 0 0 0
1353099600 0 0 0 0
1353097800 0 0 0 0
1353096000 0 0 0 0
1353094200 0 0 0 0
1353092400 0 0 0 0
1353090600 0 0 0 0
1353088800 0 0 0 0
1353087000 0 0 0 0
1353085200 0 0 0 0
1353083400 0 0 0 0
1353081600 0 0 0 0
1353079800 0 0 0 0
1353078000 0 0 0 0
1353076200 0 0 0 0
1353074400 0 0 0 0
1353072600 0 0 0 0
1353070800 0 0 0 0
1353069000 0 0 0 0
1353067200 0 0 0 0
1353065400 0 0 0 0
1353063600 0 0 0 0
1353061800 0 0 0 0
1353060000 0 0 0 0
1353058200 0 0 0 0
1353056400 0 0 0 0
1353054600 0 0 0 0
1353052800 0 0 0 0
1353051000 0 0 0 0
1353049200 0 0 0 0
1353047400 0 0 0 0
1353045600 0 0 0 0
1353043800 0 0 0 0
1353042000 0 0 0 0
1353040200 0 0 0 0
1353038400 0 0 0 0
1353036600 0 0 0 0
1353034800 0 0 0 0
1353033000 0 0 0 0
1353031200 0 0 0 0
1353029400 0 0 0 0
1353027600 0 0 0 0
1353025800 0 0 0 0
1353024000 0 0 0 0
1353022200 0 0 0 0
1353020400 0 0 0 0
1353018600 0 0 0 0
1353016800 0 0 0 0
1353015000 0 0 0 0
1353013200 0 0 0 0
1353011400 0 0 0 0
1353009600 0 0 0 0
1353007800 0 0 0 0
1353006000 0 0 0 0
1353004200 0 0 0 0
1353002400 0 0 0 0
1353000600 0 0 0 0
1352998800 0 0 0 0
1352997000 0 0 0 0
1352995200 0 0 0 0
1352993400 0 0 0 0
1352991600 0 0 0 0
1352989800 0 0 0 0
1352988000 0 0 0 0
1352986200 0 0 0 0
1352984400 0 0 0 0
1352982600 0 0 0 0
1352980800 0 0 0 0
1352979000 0 0 0 0
1352977200 0 0 0 0
1352975400 0 0 0 0
1352973600 0 0 0 0
1352971800 0 0 0 0
1352970000 0 0 0 0
1352968200 0 0 0 0
1352966400 0 0 0 0
1352964600 0 0 0 0
1352962800 0 0 0 0
1352961000 0 0 0 0
1352959200 0 0 0 0
1352957400 0 0 0 0
1352955600 0 0 0 0
1352953800 0 0 0 0
1352952000 0 0 0 0
1352950200 0 0 0 0
1352948400 0 0 0 0
1352946600 0 0 0 0
1352944800 0 0 0 0
1352943000 0 0 0 0
1352941200 0 0 0 0
1352939400 0 0 0 0
1352937600 0 0 0 0
1352935800 0 0 0 0
1352934000 0 0 0 0
1352932200 0 0 0 0
1352930400 0 0 0 0
1352928600 0 0 0 0
1352926800 0 0 0 0
1352925000 0 0 0 0
1352923200 0 0 0 0
1352921400 0 0 0 0
1352919600 0 0 0 0
1352917800 0 0 0 0
1352916000 0 0 0 0
1352914200 0 0 0 0
1352912400 0 0 0 0
1352910600 0 0 0 0
1352908800 0 0 0 0
1352907000 0 0 0 0
1352905200 0 0 0 0
1352903400 0 0 0 0
1352901600 0 0 0 0
1352899800 0 0 0 0
1352898000 0 0 0 0
1352896200 0 0 0 0
1352894400 0 0 0 0
1352892600 0 0 0 0
1352890800 0 0 0 0
1352889000 0 0 0 0
1352887200 0 0 0 0
1352885400 0 0 0 0
1352883600 0 0 0 0
1352881800 0 0 0 0
1352880000 0 0 0 0
1352878200 0 0 0 0
1352876400 0 0 0 0
1352874600 0 0 0 0
1352872800 0 0 0 0
1352871000 0 0 0 0
1352869200 0 0 0 0
1352867400 0 0 0 0
1352865600 0 0 0 0
1352863800 0 0 0 0
1352862000 0 0 0 0
1352860200 0 0 0 0
1352858400 0 0 0 0
1352856600 0 0 0 0
1352854800 0 0 0 0
1352853000 0 0 0 0
1352851200 0 0 0 0
1352849400 0 0 0 0
1352847600 0 0 0 0
1352845800 0 0 0 0
1352844000 0 0 0 0
1352842200 0 0 0 0
1352840400 0 0 0 0
1352838600 0 0 0 0
1352836800 0 0 0 0
1352835000 0 0 0 0
1352833200 0 0 0 0
1352831400 0 0 0 0
1352829600 0 0 0 0
1352827800 0 0 0 0
1352826000 0 0 0 0
1352824200 0 0 0 0
1352822400 0 0 0 0
1352820600 0 0 0 0
1352818800 0 0 0 0
1352817000 0 0 0 0
1352815200 0 0 0 0
1352813400 0 0 0 0
1352811600 0 0 0 0
1352809800 0 0 0 0
1352808000 0 0 0 0
1352806200 0 0 0 0
1352804400 0 0 0 0
1352802600 0 0 0 0
1352800800 0 0 0 0
1352799000 0 0 0 0
1352797200 0 0 0 0
1352795400 0 0 0 0
1352793600 0 0 0 0
1352791800 0 0 0 0
1352790000 0 0 0 0
1352788200 0 0 0 0
1352786400 0 0 0 0
1352784600 0 0 0 0
1352782800 0 0 0 0
1352781000 0 0 0 0
1352779200 0 0 0 0
1352777400 0 0 0 0
1352775600 0 0 0 0
1352773800 0 0 0 0
1352772000 0 0 0 0
1352770200 0 0 0 0
1352768400 0 0 0 0
1352766600 0 0 0 0
1352764800 0 0 0 0
1352763000 0 0 0 0
1352761200 0 0 0 0
1352757600 0 0 0 0
1352750400 0 0 0 0
1352743200 0 0 0 0
1352736000 0 0 0 0
1352728800 0 0 0 0
1352721600 0 0 0 0
1352714400 0 0 0 0
1352707200 0 0 0 0
1352700000 0 0 0 0
1352692800 0 0 0 0
1352685600 0 0 0 0
1352678400 0 0 0 0
1352671200 0 0 0 0
1352664000 0 0 0 0
1352656800 0 0 0 0
1352649600 0 0 0 0
1352642400 0 0 0 0
1352635200 0 0 0 0
1352628000 0 0 0 0
1352620800 0 0 0 0
1352613600 0 0 0 0
1352606400 0 0 0 0
1352599200 0 0 0 0
1352592000 0 0 0 0
1352584800 0 0 0 0
1352577600 0 0 0 0
1352570400 0 0 0 0
1352563200 0 0 0 0
1352556000 0 0 0 0
1352548800 0 0 0 0
1352541600 0 0 0 0
1352534400 0 0 0 0
1352527200 0 0 0 0
1352520000 0 0 0 0
1352512800 0 0 0 0
1352505600 0 0 0 0
1352498400 0 0 0 0
1352491200 0 0 0 0
1352484000 0 0 0 0
1352476800 0 0 0 0
1352469600 0 0 0 0
1352462400 0 0 0 0
1352455200 0 0 0 0
1352448000 0 0 0 0
1352440800 0 0 0 0
1352433600 0 0 0 0
1352426400 0 0 0 0
1352419200 0 0 0 0
1352412000 0 0 0 0
1352404800 0 0 0 0
1352397600 0 0 0 0
1352390400 0 0 0 0
1352383200 0 0 0 0
1352376000 0 0 0 0
1352368800 0 0 0 0
1352361600 0 0 0 0
1352354400 0 0 0 0
1352347200 0 0 0 0
1352340000 0 0 0 0
1352332800 0 0 0 0
1352325600 0 0 0 0
1352318400 0 0 0 0
1352311200 0 0 0 0
1352304000 0 0 0 0
1352296800 0 0 0 0
1352289600 0 0 0 0
1352282400 0 0 0 0
1352275200 0 0 0 0
1352268000 0 0 0 0
1352260800 0 0 0 0
1352253600 0 0 0 0
1352246400 0 0 0 0
1352239200 0 0 0 0
1352232000 0 0 0 0
1352224800 0 0 0 0
1352217600 0 0 0 0
1352210400 0 0 0 0
1352203200 0 0 0 0
1352196000 0 0 0 0
1352188800 0 0 0 0
1352181600 0 0 0 0
1352174400 0 0 0 0
1352167200 0 0 0 0
1352160000 0 0 0 0
1352152800 0 0 0 0
1352145600 0 0 0 0
1352138400 0 0 0 0
1352131200 0 0 0 0
1352124000 0 0 0 0
1352116800 0 0 0 0
1352109600 0 0 0 0
1352102400 0 0 0 0
1352095200 0 0 0 0
1352088000 0 0 0 0
1352080800 0 0 0 0
1352073600 0 0 0 0
1352066400 0 0 0 0
1352059200 0 0 0 0
1352052000 0 0 0 0
1352044800 0 0 0 0
1352037600 0 0 0 0
1352030400 0 0 0 0
1352023200 0 0 0 0
1352016000 0 0 0 0
1352008800 0 0 0 0
1352001600 0 0 0 0
1351994400 0 0 0 0
1351987200 0 0 0 0
1351980000 0 0 0 0
1351972800 0 0 0 0
1351965600 0 0 0 0
1351958400 0 0 0 0
1351951200 0 0 0 0
1351944000 0 0 0 0
1351936800 0 0 0 0
1351929600 0 0 0 0
1351922400 0 0 0 0
1351915200 0 0 0 0
1351908000 0 0 0 0
1351900800 0 0 0 0
1351893600 0 0 0 0
1351886400 0 0 0 0
1351879200 0 0 0 0
1351872000 0 0 0 0
1351864800 0 0 0 0
1351857600 0 0 0 0
1351850400 0 0 0 0
1351843200 0 0 0 0
1351836000 0 0 0 0
1351828800 0 0 0 0
1351821600 0 0 0 0
1351814400 0 0 0 0
1351807200 0 0 0 0
1351800000 0 0 0 0
1351792800 0 0 0 0
1351785600 0 0 0 0
1351778400 0 0 0 0
1351771200 0 0 0 0
1351764000 0 0 0 0
1351756800 0 0 0 0
1351749600 0 0 0 0
1351742400 0 0 0 0
1351735200 0 0 0 0
1351728000 0 0 0 0
1351720800 0 0 0 0
1351713600 0 0 0 0
1351706400 0 0 0 0
1351699200 0 0 0 0
1351692000 0 0 0 0
1351684800 0 0 0 0
1351677600 0 0 0 0
1351670400 0 0 0 0
1351663200 0 0 0 0
1351656000 0 0 0 0
1351648800 0 0 0 0
1351641600 0 0 0 0
1351634400 0 0 0 0
1351627200 0 0 0 0
1351620000 0 0 0 0
1351612800 0 0 0 0
1351605600 0 0 0 0
1351598400 0 0 0 0
1351591200 0 0 0 0
1351584000 0 0 0 0
1351576800 0 0 0 0
1351569600 0 0 0 0
1351562400 0 0 0 0
1351555200 0 0 0 0
1351548000 0 0 0 0
1351540800 0 0 0 0
1351533600 0 0 0 0
1351526400 0 0 0 0
1351519200 0 0 0 0
1351512000 0 0 0 0
1351504800 0 0 0 0
1351497600 0 0 0 0
1351490400 0 0 0 0
1351483200 0 0 0 0
1351476000 0 0 0 0
1351468800 0 0 0 0
1351461600 0 0 0 0
1351454400 0 0 0 0
1351447200 0 0 0 0
1351440000 0 0 0 0
1351432800 0 0 0 0
1351425600 0 0 0 0
1351418400 0 0 0 0
1351411200 0 0 0 0
1351404000 0 0 0 0
1351396800 0 0 0 0
1351389600 0 0 0 0
1351382400 0 0 0 0
1351375200 0 0 0 0
1351368000 0 0 0 0
1351360800 0 0 0 0
1351353600 0 0 0 0
1351346400 0 0 0 0
1351339200 0 0 0 0
1351332000 0 0 0 0
1351324800 0 0 0 0
1351317600 0 0 0 0
1351310400 0 0 0 0
1351303200 0 0 0 0
1351296000 0 0 0 0
1351288800 0 0 0 0
1351281600 0 0 0 0
1351274400 0 0 0 0
1351267200 0 0 0 0
1351260000 0 0 0 0
1351252800 0 0 0 0
1351245600 0 0 0 0
1351238400 0 0 0 0
1351231200 0 0 0 0
1351224000 0 0 0 0
1351216800 0 0 0 0
1351209600 0 0 0 0
1351202400 0 0 0 0
1351195200 0 0 0 0
1351188000 0 0 0 0
1351180800 0 0 0 0
1351173600 0 0 0 0
1351166400 0 0 0 0
1351159200 0 0 0 0
1351152000 0 0 0 0
1351144800 0 0 0 0
1351137600 0 0 0 0
1351130400 0 0 0 0
1351123200 0 0 0 0
1351116000 0 0 0 0
1351108800 0 0 0 0
1351101600 0 0 0 0
1351094400 0 0 0 0
1351087200 0 0 0 0
1351080000 0 0 0 0
1351072800 0 0 0 0
1351065600 0 0 0 0
1351058400 0 0 0 0
1351051200 0 0 0 0
1351044000 0 0 0 0
1351036800 0 0 0 0
1351029600 0 0 0 0
1351022400 0 0 0 0
1351015200 0 0 0 0
1351008000 0 0 0 0
1351000800 0 0 0 0
1350993600 0 0 0 0
1350986400 0 0 0 0
1350979200 0 0 0 0
1350972000 0 0 0 0
1350964800 0 0 0 0
1350957600 0 0 0 0
1350950400 0 0 0 0
1350943200 0 0 0 0
1350936000 0 0 0 0
1350928800 0 0 0 0
1350921600 0 0 0 0
1350914400 0 0 0 0
1350907200 0 0 0 0
1350900000 0 0 0 0
1350892800 0 0 0 0
1350885600 0 0 0 0
1350878400 0 0 0 0
1350871200 0 0 0 0
1350864000 0 0 0 0
1350856800 0 0 0 0
1350849600 0 0 0 0
1350842400 0 0 0 0
1350835200 0 0 0 0
1350828000 0 0 0 0
1350820800 0 0 0 0
1350813600 0 0 0 0
1350806400 0 0 0 0
1350799200 0 0 0 0
1350792000 0 0 0 0
1350784800 0 0 0 0
1350777600 0 0 0 0
1350770400 0 0 0 0
1350763200 0 0 0 0
1350756000 0 0 0 0
1350748800 0 0 0 0
1350741600 0 0 0 0
1350734400 0 0 0 0
1350727200 0 0 0 0
1350720000 0 0 0 0
1350712800 0 0 0 0
1350705600 0 0 0 0
1350698400 0 0 0 0
1350691200 0 0 0 0
1350684000 0 0 0 0
1350676800 0 0 0 0
1350669600 0 0 0 0
1350662400 0 0 0 0
1350655200 0 0 0 0
1350648000 0 0 0 0
1350640800 0 0 0 0
1350633600 0 0 0 0
1350626400 0 0 0 0
1350619200 0 0 0 0
1350612000 0 0 0 0
1350604800 0 0 0 0
1350597600 0 0 0 0
1350590400 0 0 0 0
1350583200 0 0 0 0
1350576000 0 0 0 0
1350568800 0 0 0 0
1350561600 0 0 0 0
1350554400 0 0 0 0
1350547200 0 0 0 0
1350540000 0 0 0 0
1350532800 0 0 0 0
1350525600 0 0 0 0
1350518400 0 0 0 0
1350511200 0 0 0 0
1350504000 0 0 0 0
1350496800 0 0 0 0
1350489600 0 0 0 0
1350482400 0 0 0 0
1350475200 0 0 0 0
1350468000 0 0 0 0
1350460800 0 0 0 0
1350453600 0 0 0 0
1350446400 0 0 0 0
1350439200 0 0 0 0
1350432000 0 0 0 0
1350424800 0 0 0 0
1350417600 0 0 0 0
1350410400 0 0 0 0
1350403200 0 0 0 0
1350396000 0 0 0 0
1350388800 0 0 0 0
1350381600 0 0 0 0
1350374400 0 0 0 0
1350367200 0 0 0 0
1350360000 0 0 0 0
1350352800 0 0 0 0
1350345600 0 0 0 0
1350338400 0 0 0 0
1350331200 22 6 1974 658
1350324000 146 19 14356 1806
1350316800 904 125 21780 2387
1350309600 105 24 5468 1174
1350302400 0 0 0 0
1350295200 0 0 0 0
1350288000 0 0 0 0
1350280800 0 0 0 0
1350273600 0 0 0 0
1350266400 0 0 0 0
1350259200 0 0 0 0
1350252000 0 0 0 0
1350244800 0 0 0 0
1350237600 0 0 0 0
1350230400 0 0 0 0
1350223200 0 0 0 0
1350216000 0 0 0 0
1350208800 0 0 0 0
1350201600 0 0 0 0
1350194400 0 0 0 0
1350187200 0 0 0 0
1350180000 0 0 0 0
1350172800 0 0 0 0
1350165600 0 0 0 0
1350158400 0 0 0 0
1350151200 0 0 0 0
1350144000 0 0 0 0
1350136800 0 0 0 0
1350129600 0 0 0 0
1350122400 0 0 0 0
1350115200 0 0 0 0
1350108000 0 0 0 0
1350100800 0 0 0 0
1350093600 0 0 0 0
1350086400 0 0 0 0
1350079200 0 0 0 0
1350072000 242 72 3426 1463
1350064800 0 0 93 70
1350057600 146 34 7520 1582
1350050400 786 103 23361 2786
1350043200 0 0 0 0
1350036000 0 0 0 0
1350028800 0 0 0 0
1350021600 0 0 0 0
1350014400 0 0 0 0
1350007200 0 0 0 0
1350000000 0 0 0 0
1349992800 0 0 0 0
1349985600 279 69 41803 8188
1349978400 203 59 16041 5433
1349971200 142 21 21441 2303
1349964000 926 111 36273 3317
1349956800 0 0 0 0
1349949600 0 0 0 0
1349942400 0 0 0 0
1349935200 0 0 0 0
1349928000 0 0 0 0
1349920800 0 0 0 0
1349913600 0 0 0 0
1349906400 0 0 0 0
1349899200 70 30 6644 3615
1349892000 96 28 2579 878
1349884800 274 139 12471 4455
1349877600 744 113 21604 2301
1349870400 0 0 0 0
1349863200 0 0 0 0
1349856000 0 0 0 0
1349848800 0 0 0 0
1349841600 0 0 0 0
1349834400 0 0 0 0
1349827200 0 0 0 0
1349820000 0 0 0 0
1349812800 112 27 4607 1307
1349805600 647 181 42078 7065
1349798400 403 58 19523 2074
1349791200 454 75 19364 1923
1349784000 0 0 0 0
1349776800 0 0 0 0
1349769600 0 0 0 0
1349762400 0 0 0 0
1349755200 0 0 0 0
1349748000 0 0 0 0
1349740800 0 0 0 0
1349733600 0 0 0 0
1349726400 0 0 0 0
1349719200 0 0 0 0
1349712000 0 0 0 0
1349704800 0 0 0 0
1349697600 0 0 0 0
1349690400 0 0 0 0
1349683200 0 0 0 0
1349676000 0 0 0 0
1349668800 0 0 0 0
1349661600 0 0 0 0
1349654400 0 0 0 0
1349647200 0 0 0 0
1349640000 0 0 0 0
1349632800 0 0 0 0
1349625600 0 0 0 0
1349618400 0 0 0 0
1349611200 0 0 0 0
1349604000 0 0 0 0
1349596800 0 0 0 0
1349589600 0 0 0 0
1349582400 0 0 0 0
1349575200 0 0 0 0
1349568000 0 0 0 0
1349560800 0 0 0 0
1349553600 0 0 0 0
1349546400 0 0 0 0
1349539200 0 0 0 0
1349532000 0 0 0 0
1349524800 0 0 0 0
1349517600 0 0 0 0
1349510400 0 0 0 0
1349503200 0 0 0 0
1349496000 0 0 0 0
1349488800 0 0 0 0
1349481600 0 0 0 0
1349474400 0 0 0 0
1349467200 224 71 5135 1754
1349460000 0 0 0 0
1349452800 29 4 7214 1345
1349445600 591 92 21713 2531
1349438400 0 0 0 0
1349431200 0 0 0 0
1349424000 0 0 0 0
1349416800 0 0 0 0
1349409600 0 0 0 0
1349402400 0 0 0 0
1349395200 0 0 0 0
1349388000 0 0 0 0
1349380800 57 18 2277 916
1349373600 150 49 2451 1075
1349366400 94 20 8202 1184
1349359200 539 77 21530 2591
1349352000 0 0 0 0
1349344800 0 0 0 0
1349337600 0 0 0 0
1349330400 0 0 0 0
1349323200 0 0 0 0
1349316000 0 0 0 0
1349308800 0 0 0 0
1349301600 0 0 0 0
1349294400 23 9 2189 1061
1349287200 0 0 97 108
1349280000 85 10 8452 1168
1349272800 1133 133 38002 4531
1349265600 5 0 1642 94
1349258400 0 0 0 0
1349251200 0 0 0 0
1349244000 0 0 0 0
1349236800 0 0 0 0
1349229600 0 0 0 0
1349222400 0 0 0 0
1349215200 648 71 71464 2344
1349208000 5871 548 48189 7681
1349200800 4210 367 31756 2614
1349193600 0 0 0 0
1349186400 0 0 0 0
1349179200 0 0 0 0
1349172000 0 0 0 0
1349164800 0 0 0 0
1349157600 0 0 0 0
1349150400 0 0 0 0
1349143200 0 0 0 0
1349136000 0 0 0 0
1349128800 0 0 0 0
1349121600 0 0 0 0
1349114400 0 0 0 0
1349107200 0 0 0 0
1349100000 0 0 0 0
1349092800 0 0 0 0
1349085600 0 0 0 0
1349078400 0 0 0 0
1349071200 0 0 0 0
1349064000 0 0 0 0
1349056800 0 0 0 0
1349049600 0 0 0 0
1349042400 0 0 0 0
1349035200 0 0 0 0
1349028000 0 0 0 0
1349020800 0 0 0 0
1349013600 0 0 0 0
1349006400 0 0 0 0
1348999200 0 0 0 0
1348992000 0 0 0 0
1348984800 0 0 0 0
1348977600 0 0 0 0
1348970400 0 0 0 0
1348963200 0 0 0 0
1348956000 0 0 0 0
1348948800 0 0 0 0
1348941600 0 0 0 0
1348934400 0 0 0 0
1348927200 0 0 0 0
1348920000 0 0 0 0
1348912800 0 0 0 0
1348905600 0 0 0 0
1348898400 0 0 0 0
1348891200 0 0 0 0
1348884000 0 0 0 0
1348876800 0 0 0 0
1348869600 0 0 0 0
1348862400 0 0 0 0
1348855200 0 0 0 0
1348848000 0 0 0 0
1348840800 0 0 0 0
1348833600 0 0 0 0
1348826400 0 0 0 0
1348819200 0 0 0 0
1348812000 0 0 0 0
1348804800 0 0 0 0
1348797600 0 0 0 0
1348790400 0 0 0 0
1348783200 0 0 0 0
1348776000 0 0 0 0
1348768800 0 0 0 0
1348761600 0 0 0 0
1348754400 0 0 0 0
1348747200 0 0 0 0
1348740000 0 0 0 0
1348732800 0 0 0 0
1348725600 0 0 0 0
1348718400 0 0 0 0
1348711200 0 0 0 0
1348704000 0 0 0 0
1348696800 0 0 0 0
1348689600 0 0 0 0
1348682400 0 0 0 0
1348675200 0 0 0 0
1348668000 0 0 0 0
1348660800 0 0 0 0
1348653600 0 0 0 0
1348646400 0 0 0 0
1348639200 0 0 0 0
1348632000 0 0 0 0
1348624800 0 0 0 0
1348617600 0 0 0 0
1348610400 0 0 0 0
1348603200 0 0 0 0
1348596000 0 0 0 0
1348588800 0 0 0 0
1348581600 0 0 0 0
1348574400 0 0 0 0
1348567200 0 0 0 0
1348560000 0 0 0 0
1348552800 0 0 0 0
1348545600 0 0 0 0
1348538400 0 0 0 0
1348531200 0 0 0 0
1348524000 0 0 0 0
1348516800 0 0 0 0
1348509600 0 0 0 0
1348502400 0 0 0 0
1348495200 0 0 0 0
1348488000 0 0 0 0
1348480800 0 0 0 0
1348473600 0 0 0 0
1348466400 0 0 0 0
1348459200 0 0 0 0
1348452000 0 0 0 0
1348444800 0 0 0 0
1348437600 0 0 0 0
1348358400 0 0 0 0
1348272000 0 0 0 0
1348185600 0 0 0 0
1348099200 0 0 0 0
1348012800 0 0 0 0
1347926400 0 0 0 0
1347840000 0 0 0 0
1347753600 0 0 0 0
1347667200 0 0 0 0
1347580800 0 0 0 0
1347494400 0 0 0 0
1347408000 0 0 0 0
1347321600 0 0 0 0
1347235200 0 0 0 0
1347148800 0 0 0 0
1347062400 0 0 0 0
1346976000 0 0 0 0
1346889600 0 0 0 0
1346803200 0 0 0 0
1346716800 0 0 0 0
1346630400 0 0 0 0
1346544000 0 0 0 0
1346457600 0 0 0 0
1346371200 0 0 0 0
1346284800 0 0 0 0
1346198400 0 0 0 0
1346112000 0 0 0 0
1346025600 0 0 0 0
1345939200 0 0 0 0
1345852800 0 0 0 0
1345766400 0 0 0 0
1345680000 0 0 0 0
1345593600 0 0 0 0
1345507200 0 0 0 0
1345420800 0 0 0 0
1345334400 0 0 0 0
1345248000 0 0 0 0
1345161600 0 0 0 0
1345075200 0 0 0 0
1344988800 0 0 0 0
1344902400 0 0 0 0
1344816000 0 0 0 0
1344729600 0 0 0 0
1344643200 0 0 0 0
1344556800 0 0 0 0
1344470400 0 0 0 0
1344384000 0 0 0 0
1344297600 0 0 0 0
1344211200 0 0 0 0
1344124800 0 0 0 0
1344038400 0 0 0 0
1343952000 0 0 0 0
1343865600 0 0 0 0
1343779200 0 0 0 0
1343692800 0 0 0 0
1343606400 0 0 0 0
1343520000 0 0 0 0
1343433600 0 0 0 0
1343347200 0 0 0 0
1343260800 0 0 0 0
1343174400 0 0 0 0
1343088000 0 0 0 0
1343001600 0 0 0 0
1342915200 0 0 0 0
1342828800 0 0 0 0
1342742400 0 0 0 0
1342656000 0 0 0 0
1342569600 0 0 0 0
1342483200 0 0 0 0
1342396800 0 0 0 0
1342310400 0 0 0 0
1342224000 0 0 0 0
1342137600 0 0 0 0
1342051200 0 0 0 0
1341964800 0 0 0 0
1341878400 0 0 0 0
1341792000 0 0 0 0
1341705600 0 0 0 0
1341619200 0 0 0 0
1341532800 0 0 0 0
1341446400 0 0 0 0
1341360000 0 0 0 0
1341273600 0 0 0 0
1341187200 0 0 0 0
1341100800 0 0 0 0
1341014400 0 0 0 0
1340928000 0 0 0 0
1340841600 0 0 0 0
1340755200 0 0 0 0
1340668800 0 0 0 0
1340582400 0 0 0 0
1340496000 0 0 0 0
1340409600 0 0 0 0
1340323200 0 0 0 0
1340236800 0 0 0 0
1340150400 0 0 0 0
1340064000 0 0 0 0
1339977600 0 0 0 0
1339891200 0 0 0 0
1339804800 0 0 0 0
1339718400 0 0 0 0
1339632000 0 0 0 0
1339545600 0 0 0 0
1339459200 0 0 0 0
1339372800 0 0 0 0
1339286400 0 0 0 0
1339200000 0 0 0 0
1339113600 0 0 0 0
1339027200 0 0 0 0
1338940800 0 0 0 0
1338854400 0 0 0 0
1338768000 0 0 0 0
1338681600 0 0 0 0
1338595200 0 0 0 0
1338508800 0 0 0 0
1338422400 0 0 0 0
1338336000 0 0 0 0
1338249600 0 0 0 0
1338163200 0 0 0 0
1338076800 0 0 0 0
1337990400 0 0 0 0
1337904000 0 0 0 0
1337817600 0 0 0 0
1337731200 0 0 0 0
1337644800 0 0 0 0
1337558400 0 0 0 0
1337472000 0 0 0 0
1337385600 0 0 0 0
1337299200 0 0 0 0
1337212800 0 0 0 0
1337126400 0 0 0 0
1337040000 0 0 0 0
1336953600 0 0 0 0
1336867200 0 0 0 0
1336780800 0 0 0 0
1336694400 0 0 0 0
1336608000 0 0 0 0
1336521600 0 0 0 0
1336435200 0 0 0 0
1336348800 0 0 0 0
1336262400 0 0 0 0
1336176000 0 0 0 0
1336089600 0 0 0 0
1336003200 0 0 0 0
1335916800 0 0 0 0
1335830400 0 0 0 0
1335744000 0 0 0 0
1335657600 0 0 0 0
1335571200 0 0 0 0
1335484800 0 0 0 0
1335398400 0 0 0 0
1335312000 0 0 0 0
1335225600 0 0 0 0
1335139200 0 0 0 0
1335052800 0 0 0 0
1334966400 0 0 0 0
1334880000 0 0 0 0
1334793600 0 0 0 0
1334707200 0 0 0 0
1334620800 0 0 0 0
1334534400 0 0 0 0
1334448000 0 0 0 0
1334361600 0 0 0 0
1334275200 0 0 0 0
1334188800 0 0 0 0
1334102400 0 0 0 0
1334016000 0 0 0 0
1333929600 0 0 0 0
1333843200 0 0 0 0
1333756800 0 0 0 0
1333670400 0 0 0 0
1333584000 0 0 0 0
1333497600 0 0 0 0
1333411200 0 0 0 0
1333324800 0 0 0 0
1333238400 0 0 0 0
1333152000 0 0 0 0
1333065600 0 0 0 0
1332979200 0 0 0 0
1332892800 0 0 0 0
1332806400 0 0 0 0
1332720000 0 0 0 0
1332633600 0 0 0 0
1332547200 0 0 0 0
1332460800 0 0 0 0
1332374400 0 0 0 0
1332288000 0 0 0 0
1332201600 0 0 0 0
1332115200 0 0 0 0
1332028800 0 0 0 0
1331942400 0 0 0 0
1331856000 0 0 0 0
1331769600 0 0 0 0
1331683200 0 0 0 0
1331596800 0 0 0 0
1331510400 0 0 0 0
1331424000 0 0 0 0
1331337600 0 0 0 0
1331251200 0 0 0 0
1331164800 0 0 0 0
1331078400 0 0 0 0
1330992000 0 0 0 0
1330905600 0 0 0 0
1330819200 0 0 0 0
1330732800 0 0 0 0
1330646400 0 0 0 0
1330560000 0 0 0 0
1330473600 0 0 0 0
1330387200 0 0 0 0
1330300800 0 0 0 0
1330214400 0 0 0 0
1330128000 0 0 0 0
1330041600 0 0 0 0
1329955200 0 0 0 0
1329868800 0 0 0 0
1329782400 0 0 0 0
1329696000 0 0 0 0
1329609600 0 0 0 0
1329523200 0 0 0 0
1329436800 0 0 0 0
1329350400 0 0 0 0
1329264000 0 0 0 0
1329177600 0 0 0 0
1329091200 0 0 0 0
1329004800 0 0 0 0
1328918400 0 0 0 0
1328832000 0 0 0 0
1328745600 0 0 0 0
1328659200 0 0 0 0
1328572800 0 0 0 0
1328486400 0 0 0 0
1328400000 0 0 0 0
1328313600 0 0 0 0
1328227200 0 0 0 0
1328140800 0 0 0 0
1328054400 0 0 0 0
1327968000 0 0 0 0
1327881600 0 0 0 0
1327795200 0 0 0 0
1327708800 0 0 0 0
1327622400 0 0 0 0
1327536000 0 0 0 0
1327449600 0 0 0 0
1327363200 0 0 0 0
1327276800 0 0 0 0
1327190400 0 0 0 0
1327104000 0 0 0 0
1327017600 0 0 0 0
1326931200 0 0 0 0
1326844800 0 0 0 0
1326758400 0 0 0 0
1326672000 0 0 0 0
1326585600 0 0 0 0
1326499200 0 0 0 0
1326412800 0 0 0 0
1326326400 0 0 0 0
1326240000 0 0 0 0
1326153600 0 0 0 0
1326067200 0 0 0 0
1325980800 0 0 0 0
1325894400 0 0 0 0
1325808000 0 0 0 0
1325721600 0 0 0 0
1325635200 0 0 0 0
1325548800 0 0 0 0
1325462400 0 0 0 0
1325376000 0 0 0 0
1325289600 0 0 0 0
1325203200 0 0 0 0
1325116800 0 0 0 0
1325030400 0 0 0 0
1324944000 0 0 0 0
1324857600 0 0 0 0
1324771200 0 0 0 0
1324684800 0 0 0 0
1324598400 0 0 0 0
1324512000 0 0 0 0
1324425600 0 0 0 0
1324339200 0 0 0 0
1324252800 0 0 0 0
1324166400 0 0 0 0
1324080000 0 0 0 0
1323993600 0 0 0 0
1323907200 0 0 0 0
1323820800 0 0 0 0
1323734400 0 0 0 0
1323648000 0 0 0 0
1323561600 0 0 0 0
1323475200 0 0 0 0
1323388800 0 0 0 0
1323302400 0 0 0 0
1323216000 0 0 0 0
1323129600 0 0 0 0
1323043200 0 0 0 0
1322956800 0 0 0 0
1322870400 0 0 0 0
1322784000 0 0 0 0
1322697600 0 0 0 0
1322611200 0 0 0 0
1322524800 0 0 0 0
1322438400 0 0 0 0
1322352000 0 0 0 0
1322265600 0 0 0 0
1322179200 0 0 0 0
1322092800 0 0 0 0
1322006400 0 0 0 0
1321920000 0 0 0 0
1321833600 0 0 0 0
1321747200 0 0 0 0
1321660800 0 0 0 0
1321574400 0 0 0 0
1321488000 0 0 0 0
1321401600 0 0 0 0
1321315200 0 0 0 0
1321228800 0 0 0 0
1321142400 0 0 0 0
1321056000 0 0 0 0
1320969600 0 0 0 0
1320883200 0 0 0 0
1320796800 0 0 0 0
1320710400 0 0 0 0
1320624000 0 0 0 0
1320537600 0 0 0 0
1320451200 0 0 0 0
1320364800 0 0 0 0
1320278400 0 0 0 0
1320192000 0 0 0 0
1320105600 0 0 0 0
1320019200 0 0 0 0
1319932800 0 0 0 0
1319846400 0 0 0 0
1319760000 0 0 0 0
1319673600 0 0 0 0
1319587200 0 0 0 0
1319500800 0 0 0 0
1319414400 0 0 0 0
1319328000 0 0 0 0
1319241600 0 0 0 0
1319155200 0 0 0 0
1319068800 0 0 0 0
1318982400 0 0 0 0
1318896000 0 0 0 0
1318809600 0 0 0 0
1318723200 0 0 0 0
1318636800 0 0 0 0
1318550400 0 0 0 0
1318464000 0 0 0 0
1318377600 0 0 0 0
1318291200 0 0 0 0
1318204800 0 0 0 0
1318118400 0 0 0 0
1318032000 0 0 0 0
1317945600 0 0 0 0
1317859200 0 0 0 0
1317772800 0 0 0 0
1317686400 0 0 0 0
1317600000 0 0 0 0
1317513600 0 0 0 0
1317427200 0 0 0 0
1317340800 0 0 0 0
1317254400 0 0 0 0
1317168000 0 0 0 0
1317081600 0 0 0 0
1316995200 0 0 0 0
1316908800 0 0 0 0
1316822400 0 0 0 0
1316736000 0 0 0 0
1316649600 0 0 0 0
1316563200 0 0 0 0
1316476800 0 0 0 0
1316390400 0 0 0 0
1316304000 0 0 0 0
1316217600 0 0 0 0
1316131200 0 0 0 0
1316044800 0 0 0 0
1315958400 0 0 0 0
1315872000 0 0 0 0
1315785600 0 0 0 0
1315699200 0 0 0 0
1315612800 0 0 0 0
1315526400 0 0 0 0
1315440000 0 0 0 0
1315353600 0 0 0 0
1315267200 0 0 0 0
1315180800 0 0 0 0
1315094400 0 0 0 0
1315008000 0 0 0 0
1314921600 0 0 0 0
1314835200 0 0 0 0
1314748800 0 0 0 0
1314662400 0 0 0 0
1314576000 0 0 0 0
1314489600 0 0 0 0
1314403200 0 0 0 0
1314316800 0 0 0 0
1314230400 0 0 0 0
1314144000 0 0 0 0
1314057600 0 0 0 0
1313971200 0 0 0 0
1313884800 0 0 0 0
1313798400 0 0 0 0
1313712000 0 0 0 0
1313625600 0 0 0 0
1313539200 0 0 0 0
1313452800 0 0 0 0
1313366400 0 0 0 0
1313280000 0 0 0 0
1313193600 0 0 0 0
1313107200 0 0 0 0
1313020800 0 0 0 0
1312934400 0 0 0 0
1312848000 0 0 0 0
1312761600 0 0 0 0
1312675200 0 0 0 0
1312588800 0 0 0 0
1312502400 0 0 0 0
1312416000 0 0 0 0
1312329600 0 0 0 0
1312243200 0 0 0 0
1312156800 0 0 0 0
1312070400 0 0 0 0
1311984000 0 0 0 0
1311897600 0 0 0 0
1311811200 0 0 0 0
1311724800 0 0 0 0
1311638400 0 0 0 0
1311552000 0 0 0 0
1311465600 0 0 0 0
1311379200 0 0 0 0
1311292800 0 0 0 0
1311206400 0 0 0 0
1311120000 0 0 0 0
1311033600 0 0 0 0
1310947200 0 0 0 0
1310860800 0 0 0 0
1310774400 0 0 0 0
1310688000 0 0 0 0
1310601600 0 0 0 0
1310515200 0 0 0 0
1310428800 0 0 0 0
1310342400 0 0 0 0
1310256000 0 0 0 0
1310169600 0 0 0 0
1310083200 0 0 0 0
1309996800 0 0 0 0
1309910400 0 0 0 0
1309824000 0 0 0 0
1309737600 0 0 0 0
1309651200 0 0 0 0
1309564800 0 0 0 0
1309478400 0 0 0 0
1309392000 0 0 0 0
1309305600 0 0 0 0
1309219200 0 0 0 0
1309132800 0 0 0 0
1309046400 0 0 0 0
1308960000 0 0 0 0
1308873600 0 0 0 0
1308787200 0 0 0 0
1308700800 0 0 0 0
1308614400 0 0 0 0
1308528000 0 0 0 0
1308441600 0 0 0 0
1308355200 0 0 0 0
1308268800 0 0 0 0
1308182400 0 0 0 0
1308096000 0 0 0 0
1308009600 0 0 0 0
1307923200 0 0 0 0
1307836800 0 0 0 0
1307750400 0 0 0 0
1307664000 0 0 0 0
1307577600 0 0 0 0
1307491200 0 0 0 0
1307404800 0 0 0 0
1307318400 0 0 0 0
1307232000 0 0 0 0
1307145600 0 0 0 0
1307059200 0 0 0 0
1306972800 0 0 0 0
1306886400 0 0 0 0
1306800000 0 0 0 0
1306713600 0 0 0 0
1306627200 0 0 0 0
1306540800 0 0 0 0
1306454400 0 0 0 0
1306368000 0 0 0 0
1306281600 0 0 0 0
1306195200 0 0 0 0
1306108800 0 0 0 0
1306022400 0 0 0 0
1305936000 0 0 0 0
1305849600 0 0 0 0
1305763200 0 0 0 0
1305676800 0 0 0 0
1305590400 0 0 0 0
1305504000 0 0 0 0
1305417600 0 0 0 0
1305331200 0 0 0 0
1305244800 0 0 0 0
1305158400 0 0 0 0
1305072000 0 0 0 0
1304985600 0 0 0 0
1304899200 0 0 0 0
1304812800 0 0 0 0
1304726400 0 0 0 0
1304640000 0 0 0 0
1304553600 0 0 0 0
1304467200 0 0 0 0
1304380800 0 0 0 0
1304294400 0 0 0 0
1304208000 0 0 0 0
1304121600 0 0 0 0
1304035200 0 0 0 0
1303948800 0 0 0 0
1303862400 0 0 0 0
1303776000 0 0 0 0
1303689600 0 0 0 0
1303603200 0 0 0 0
1303516800 0 0 0 0
1303430400 0 0 0 0
1303344000 0 0 0 0
1303257600 0 0 0 0
1303171200 0 0 0 0
1303084800 0 0 0 0
1302998400 0 0 0 0
1302912000 0 0 0 0
1302825600 0 0 0 0
1302739200 0 0 0 0
1302652800 0 0 0 0
1302566400 0 0 0 0
1302480000 0 0 0 0
1302393600 0 0 0 0
1302307200 0 0 0 0
1302220800 0 0 0 0
1302134400 0 0 0 0
1302048000 0 0 0 0
1301961600 0 0 0 0
1301875200 0 0 0 0
1301788800 0 0 0 0
1301702400 0 0 0 0
1301616000 0 0 0 0
1301529600 0 0 0 0
1301443200 0 0 0 0
1301356800 0 0 0 0
1301270400 0 0 0 0
1301184000 0 0 0 0
1301097600 0 0 0 0
1301011200 0 0 0 0
1300924800 0 0 0 0
1300838400 0 0 0 0
1300752000 0 0 0 0
1300665600 0 0 0 0
1300579200 0 0 0 0
1300492800 0 0 0 0
1300406400 0 0 0 0
1300320000 0 0 0 0
1300233600 0 0 0 0
1300147200 0 0 0 0
1300060800 0 0 0 0
1299974400 0 0 0 0
1299888000 0 0 0 0
1299801600 0 0 0 0
1299715200 0 0 0 0
1299628800 0 0 0 0
1299542400 0 0 0 0
1299456000 0 0 0 0
1299369600 0 0 0 0
1299283200 0 0 0 0
1299196800 0 0 0 0
1299110400 0 0 0 0
1299024000 0 0 0 0
1298937600 0 0 0 0
1298851200 0 0 0 0
1298764800 0 0 0 0
1298678400 0 0 0 0
1298592000 0 0 0 0
1298505600 0 0 0 0
1298419200 0 0 0 0
1298332800 0 0 0 0
1298246400 0 0 0 0
1298160000 0 0 0 0
1298073600 0 0 0 0
1297987200 0 0 0 0
1297900800 0 0 0 0
1297814400 0 0 0 0
1297728000 0 0 0 0
1297641600 0 0 0 0
1297555200 0 0 0 0
1297468800 0 0 0 0
1297382400 0 0 0 0
1297296000 0 0 0 0
1297209600 0 0 0 0
1297123200 0 0 0 0
1297036800 0 0 0 0
1296950400 0 0 0 0
1296864000 0 0 0 0
1296777600 0 0 0 0
1296691200 0 0 0 0
1296604800 0 0 0 0
1296518400 0 0 0 0
1296432000 0 0 0 0
1296345600 0 0 0 0
1296259200 0 0 0 0
1296172800 0 0 0 0
1296086400 0 0 0 0
1296000000 0 0 0 0
1295913600 0 0 0 0
1295827200 0 0 0 0
1295740800 0 0 0 0
1295654400 0 0 0 0
1295568000 0 0 0 0
1295481600 0 0 0 0
1295395200 0 0 0 0
1295308800 0 0 0 0
1295222400 0 0 0 0
1295136000 0 0 0 0
1295049600 0 0 0 0
1294963200 0 0 0 0
1294876800 0 0 0 0
1294790400 0 0 0 0
1294704000 0 0 0 0
1294617600 0 0 0 0
1294531200 0 0 0 0
1294444800 0 0 0 0
1294358400 0 0 0 0
1294272000 0 0 0 0
1294185600 0 0 0 0
1294099200 0 0 0 0
1294012800 0 0 0 0
1293926400 0 0 0 0
1293840000 0 0 0 0
1293753600 0 0 0 0
1293667200 0 0 0 0
1293580800 0 0 0 0
1293494400 0 0 0 0
1293408000 0 0 0 0
1293321600 0 0 0 0
1293235200 0 0 0 0
1293148800 0 0 0 0
1293062400 0 0 0 0
1292976000 0 0 0 0
1292889600 0 0 0 0
1292803200 0 0 0 0
1292716800 0 0 0 0
1292630400 0 0 0 0
1292544000 0 0 0 0
1292457600 0 0 0 0
1292371200 0 0 0 0
1292284800 0 0 0 0
1292198400 0 0 0 0
1292112000 0 0 0 0
1292025600 0 0 0 0
1291939200 0 0 0 0
1291852800 0 0 0 0
1291766400 0 0 0 0
1291680000 0 0 0 0
1291593600 0 0 0 0
1291507200 0 0 0 0
1291420800 0 0 0 0
1291334400 0 0 0 0
1291248000 0 0 0 0
1291161600 0 0 0 0
1291075200 0 0 0 0
1290988800 0 0 0 0
1290902400 0 0 0 0
1290816000 0 0 0 0
1290729600 0 0 0 0
1290643200 0 0 0 0
1290556800 0 0 0 0
1290470400 0 0 0 0
1290384000 0 0 0 0
1290297600 0 0 0 0
1290211200 0 0 0 0
1290124800 0 0 0 0
1290038400 0 0 0 0
1289952000 0 0 0 0
1289865600 0 0 0 0
1289779200 0 0 0 0
1289692800 0 0 0 0
1289606400 0 0 0 0
1289520000 0 0 0 0
1289433600 0 0 0 0
1289347200 0 0 0 0
1289260800 0 0 0 0
1289174400 0 0 0 0
1289088000 0 0 0 0
1289001600 0 0 0 0
1288915200 0 0 0 0
1288828800 0 0 0 0
1288742400 0 0 0 0
1288656000 0 0 0 0
1288569600 0 0 0 0
1288483200 0 0 0 0
1288396800 0 0 0 0
1288310400 0 0 0 0
1288224000 0 0 0 0
1288137600 0 0 0 0
1288051200 0 0 0 0
1287964800 0 0 0 0
1287878400 0 0 0 0
1287792000 0 0 0 0
1287705600 0 0 0 0
1287619200 0 0 0 0
1287532800 0 0 0 0
1287446400 0 0 0 0
1287360000 0 0 0 0
1287273600 0 0 0 0
1287187200 0 0 0 0
1287100800 0 0 0 0
1287014400 0 0 0 0
1286928000 0 0 0 0
1286841600 0 0 0 0
1286755200 0 0 0 0
1286668800 0 0 0 0
1286582400 0 0 0 0
1286496000 0 0 0 0
1286409600 0 0 0 0
1286323200 0 0 0 0
1286236800 0 0 0 0
1286150400 0 0 0 0
1286064000 0 0 0 0
1285977600 0 0 0 0
1285891200 0 0 0 0
1285804800 0 0 0 0
1285718400 0 0 0 0
1285632000 0 0 0 0
1285545600 0 0 0 0
1285459200 0 0 0 0
1285372800 0 0 0 0
1285286400 0 0 0 0
1285200000 0 0 0 0
