1397587483 1235 1297
1397587483 0 0 0 0
1397587461 0 0 7 7
1397587200 0 0 0 0
1397586900 0 0 0 0
1397586600 0 0 4 4
1397586300 0 0 0 0
1397586000 0 0 0 0
1397585700 0 0 3 3
1397585400 0 0 7 7
1397585100 0 0 29 31
1397584800 0 0 0 0
1397584500 0 0 7 7
1397584200 0 0 0 0
1397583900 0 0 0 0
1397583600 0 0 3 3
1397583300 0 0 7 7
1397583000 0 0 0 0
1397582700 0 0 4 4
1397582400 0 0 4 4
1397582100 0 0 0 0
1397581800 0 0 0 0
1397581500 0 0 5 4
1397581200 0 0 5 4
1397580900 0 0 0 0
1397580600 0 0 4 4
1397580300 0 0 1 1
1397580000 0 0 0 0
1397579700 0 0 0 0
1397579400 0 0 7 7
1397579100 0 0 0 0
1397578800 0 0 0 0
1397578500 0 0 4 4
1397578200 0 0 7 7
1397577900 0 0 0 0
1397577600 0 0 0 0
1397577300 0 0 7 7
1397577000 0 0 0 0
1397576700 0 0 0 0
1397576400 0 0 7 7
1397576100 0 0 7 7
1397575800 0 0 0 0
1397575500 0 0 4 4
1397575200 0 0 7 7
1397574900 0 0 0 0
1397574600 0 0 0 0
1397574300 0 0 32 27
1397574000 0 0 0 0
1397573700 0 0 0 0
1397573400 0 0 4 4
1397573100 0 0 7 7
1397572800 0 0 0 0
1397572500 0 0 0 0
1397572200 0 0 7 7
1397571900 0 0 0 0
1397571600 0 0 0 0
1397571300 0 0 8 8
1397571000 0 0 8 8
1397570700 0 0 32 30
1397570400 0 0 4 4
1397570100 0 0 7 7
1397569800 0 0 0 0
1397569500 0 0 0 0
1397569200 0 0 7 7
1397568900 0 0 0 0
1397568600 0 0 0 0
1397568300 0 0 4 4
1397568000 0 0 7 7
1397567700 0 0 0 0
1397567400 0 0 0 0
1397567100 0 0 4 4
1397566800 0 0 0 0
1397566500 0 16 0 197
1397566200 0 0 4 4
1397565900 0 0 7 7
1397565600 0 0 0 0
1397565300 0 0 0 0
1397565000 0 0 7 7
1397564700 0 0 0 0
1397564400 0 0 0 0
1397564100 0 0 9 9
1397563800 0 0 0 0
1397563500 0 0 0 0
1397563200 409 11 5880 211
1397562900 0 0 7 7
1397562600 0 0 0 0
1397562300 0 0 0 0
1397562000 0 0 7 7
1397561700 0 0 0 0
1397561400 0 0 0 0
1397561100 0 0 4 4
1397560800 0 0 7 7
1397560500 0 0 0 0
1397560200 0 0 0 0
1397559900 0 0 4 4
1397559600 0 0 0 0
1397559300 0 0 0 0
1397559000 0 0 10 10
1397558700 0 0 10 10
1397558400 0 0 0 0
1397558100 0 0 4 4
1397557800 0 0 7 7
1397557500 0 0 0 0
1397557200 0 0 0 0
1397556900 0 0 8 8
1397556600 0 0 0 0
1397556300 0 0 0 0
1397556000 0 0 4 4
1397555700 0 0 8 8
1397555400 0 0 0 0
1397555100 0 0 0 0
1397554800 0 0 4 4
1397554500 0 0 0 0
1397554200 0 0 0 0
1397553900 0 0 4 4
1397553600 0 0 7 7
1397553300 0 0 0 0
1397553000 0 0 0 0
1397552700 0 0 7 7
1397552400 0 0 0 0
1397552100 0 0 0 0
1397551800 0 0 8 8
1397551500 0 0 0 0
1397551200 0 0 0 0
1397550900 0 0 4 4
1397550600 0 0 7 7
1397550300 0 0 0 0
1397550000 0 0 0 0
1397549700 0 0 7 7
1397549400 0 0 0 0
1397549100 0 0 32 27
1397548800 0 0 4 4
1397548500 0 0 7 7
1397548200 0 0 0 0
1397547900 0 0 0 0
1397547600 0 0 7 7
1397547300 0 0 0 0
1397547000 0 0 0 0
1397546700 0 0 8 8
1397546400 0 0 8 8
1397546100 0 0 0 0
1397545800 0 0 4 4
1397545500 0 0 34 29
1397545200 0 0 0 0
1397544900 0 0 0 0
1397544600 0 0 8 8
1397544300 0 0 0 0
1397544000 0 0 0 0
1397543700 0 0 4 4
1397543400 0 0 4 4
1397543100 0 0 0 0
1397542800 0 0 0 0
1397542500 0 0 7 7
1397542200 0 0 0 0
1397541900 0 0 0 0
1397541600 0 0 4 4
1397541300 0 0 4 4
1397541000 0 0 0 0
1397540700 0 0 0 0
1397540400 0 0 4 4
1397540100 0 0 0 0
1397539800 0 0 0 0
1397539500 0 0 8 8
1397539200 0 0 0 0
1397538900 0 0 0 0
1397538600 0 0 4 4
1397538300 0 0 4 4
1397538000 0 0 0 0
1397537700 0 0 0 0
1397537400 0 0 4 4
1397537100 0 0 0 0
1397536800 0 0 0 0
1397536500 0 0 4 4
1397536200 0 0 4 4
1397535900 0 0 0 0
1397535600 0 0 0 0
1397535300 0 0 7 7
1397535000 0 0 0 0
1397534700 0 0 0 0
1397534400 0 0 8 8
1397534100 0 0 8 8
1397533800 0 0 0 0
1397533500 0 0 5 5
1397533200 0 0 7 7
1397532900 0 0 0 0
1397532600 0 0 0 0
1397532300 0 0 8 8
1397532000 0 0 0 0
1397531700 0 0 0 0
1397531400 0 0 4 4
1397531100 0 0 7 7
1397530800 0 0 0 0
1397530500 0 0 0 0
1397530200 0 0 7 7
1397529900 0 0 0 0
1397529600 0 0 0 0
1397529300 0 0 4 4
1397529000 0 0 4 4
1397528700 0 0 0 0
1397528400 0 0 4 4
1397528100 0 0 4 4
1397527800 0 0 0 0
1397527500 0 0 32 27
1397527200 0 0 4 4
1397526900 0 0 0 0
1397526600 0 0 0 0
1397526300 0 0 4 4
1397526000 0 0 7 7
1397525700 0 0 0 0
1397525400 0 0 0 0
1397525100 0 0 4 4
1397524800 0 0 0 0
1397524500 0 0 0 0
1397524200 0 0 4 4
1397523900 0 0 4 4
1397523600 0 0 0 0
1397523300 0 0 0 0
1397523000 0 0 4 4
1397522700 0 0 0 0
1397522400 0 0 0 0
1397522100 0 0 4 4
1397521800 0 0 4 4
1397521500 0 0 0 0
1397521200 0 0 4 4
1397520900 0 0 8 8
1397520600 0 0 0 0
1397520300 0 0 0 0
1397520000 0 0 4 4
1397519700 0 0 0 0
1397519400 0 0 0 0
1397519100 0 0 4 4
1397518800 0 0 4 4
1397518500 0 0 0 0
1397518200 0 0 0 0
1397517900 0 0 4 4
1397517600 0 0 0 0
1397517300 0 0 0 0
1397517000 0 0 4 4
1397516700 0 0 32 27
1397516400 0 0 0 0
1397516100 0 0 0 0
1397515800 0 0 7 7
1397515500 0 0 0 0
1397515200 0 0 0 0
1397514900 0 0 4 4
1397514600 0 0 0 0
1397514300 0 0 0 0
1397514000 0 0 4 4
1397513700 0 0 4 4
1397513400 0 0 0 0
1397513100 0 0 0 0
1397512800 0 0 4 4
1397512500 0 0 0 0
1397512200 0 0 0 0
1397511900 0 0 4 4
1397511600 0 0 4 4
1397511300 0 0 0 0
1397511000 0 0 0 0
1397510700 0 0 4 4
1397510400 0 0 0 0
1397510100 0 0 0 0
1397509800 0 0 4 4
1397509500 0 0 4 4
1397509200 0 0 0 0
1397508900 0 0 4 4
1397508600 0 0 4 4
1397508300 0 0 0 0
1397508000 0 0 0 0
1397507700 0 0 4 4
1397507400 0 0 0 0
1397507100 0 0 0 0
1397506800 0 0 4 4
1397506500 0 0 4 4
1397506200 0 0 0 0
1397505900 0 0 32 27
1397505600 0 0 4 4
1397505300 0 0 0 0
1397505000 0 0 0 0
1397504700 0 0 4 4
1397504400 0 0 4 4
1397504100 0 0 0 0
1397503800 0 0 4 4
1397503500 0 0 8 8
1397503200 0 0 0 0
1397502900 0 0 0 0
1397502600 0 0 7 7
1397502300 0 0 32 27
1397502000 0 0 0 0
1397501700 0 0 3 3
1397501400 0 0 0 0
1397501100 0 0 0 0
1397500800 0 0 0 0
1397500500 0 0 4 4
1397500200 0 0 0 0
1397499900 0 0 0 0
1397499600 0 12 4 196
1397499300 0 4 4 196
1397499000 0 0 4 4
1397498700 0 0 0 0
1397498400 0 0 4 4
1397498100 0 0 4 4
1397497800 0 0 4 4
1397497500 0 0 5 5
1397497200 0 0 0 0
1397496900 0 0 4 4
1397496600 0 0 4 4
1397496300 0 0 4 4
1397496000 0 0 0 4
1397495700 0 0 7 7
1397495400 0 0 4 4
1397495100 0 0 32 30
1397494800 0 0 4 4
1397494500 0 0 4 4
1397494200 0 0 4 4
1397493900 0 0 4 4
1397493600 0 0 0 0
1397493300 0 0 4 4
1397493000 0 0 4 4
1397492700 0 0 4 4
1397492400 0 0 4 4
1397492100 0 0 4 4
1397491800 0 0 4 4
1397491500 0 0 32 27
1397491200 0 0 4 4
1397490900 0 0 4 4
1397490600 0 0 4 4
1397490300 0 0 4 4
1397490000 0 0 0 0
1397489700 0 0 4 4
1397489400 0 0 0 0
1397489100 0 0 4 4
1397488800 0 0 4 4
1397488500 0 0 4 4
1397488200 0 0 4 4
1397487900 0 0 27 23
1397487600 0 0 4 4
1397487300 0 0 0 0
1397487000 0 0 4 4
1397486700 0 0 4 4
1397486400 0 0 0 0
1397486100 0 0 0 4
1397485800 0 0 4 4
1397485500 0 0 4 4
1397485200 0 0 0 4
1397484900 0 0 0 0
1397484600 0 0 4 4
1397484300 0 0 32 27
1397484000 0 0 0 4
1397483700 0 0 4 4
1397483400 0 0 4 4
1397483100 0 0 0 4
1397482800 0 0 0 0
1397482500 0 0 4 4
1397482200 0 0 0 0
1397481900 0 0 0 4
1397481600 0 0 4 4
1397481300 0 0 0 0
1397481000 0 0 0 4
1397480700 0 0 27 5
1397480400 0 0 4 4
1397480100 0 0 0 4
1397479800 0 0 0 4
1397479500 0 0 4 4
1397479200 0 0 0 0
1397478900 0 0 0 4
1397478600 0 0 4 4
1397478300 0 0 4 4
1397478000 0 0 0 4
1397477700 0 0 0 0
1397477400 0 20 4 184
1397477100 0 0 0 0
1397476800 413 12 5952 228
1397476500 0 0 4 4
1397476200 0 0 0 0
1397475900 0 0 0 4
1397475600 0 0 4 4
1397475300 0 0 4 4
1397475000 0 0 0 0
1397474700 0 0 0 4
1397474400 0 0 4 4
1397474100 0 0 0 0
1397473800 0 0 0 4
1397473500 0 0 32 27
1397473200 0 0 4 4
1397472900 0 0 0 4
1397472600 0 0 0 0
1397472300 0 0 4 4
1397472000 0 0 0 0
1397471700 0 0 0 4
1397471400 0 0 4 4
1397471100 0 0 4 4
1397470800 0 0 0 4
1397470500 0 0 0 0
1397470200 0 0 4 4
1397469900 0 0 32 27
1397469600 0 0 0 4
1397469300 0 0 4 4
1397469000 0 0 0 0
1397468700 0 0 0 4
1397468400 0 0 4 4
1397468100 0 0 4 4
1397467800 0 0 0 4
1397467500 0 0 0 4
1397467200 0 0 4 4
1397466900 0 0 0 0
1397466600 0 0 0 4
1397466300 0 0 0 0
1397466000 0 0 4 4
1397465700 0 0 0 4
1397465400 0 0 0 0
1397465100 0 0 4 4
1397464800 0 0 0 0
1397464500 0 0 0 4
1397464200 0 0 4 4
1397463900 0 0 4 4
1397463600 0 0 0 4
1397463300 0 0 4 4
1397463000 0 0 4 4
1397462700 0 0 0 4
1397462400 0 0 0 4
1397462100 0 0 4 4
1397461800 0 0 0 0
1397461500 0 0 0 4
1397461200 0 0 4 4
1397460900 0 0 4 4
1397460600 0 0 0 4
1397460300 0 0 0 0
1397460000 0 0 4 4
1397459700 0 0 0 0
1397459400 0 0 0 4
1397459100 0 0 4 4
1397458800 0 0 4 4
1397458500 0 0 0 4
1397458200 0 0 5 5
1397457900 0 0 5 5
1397457600 0 0 0 0
1397457300 0 0 0 4
1397457000 0 0 4 4
1397456700 0 0 0 0
1397456400 0 0 0 4
1397456100 0 0 4 4
1397455800 0 0 4 4
1397455500 0 0 0 0
1397455200 0 0 0 0
1397454900 0 0 4 4
1397454600 0 0 0 0
1397454300 0 0 0 4
1397454000 0 0 4 4
1397453700 0 0 4 4
1397453400 0 0 0 4
1397453100 0 0 0 0
1397452800 0 0 4 4
1397452500 0 0 0 0
1397452200 0 0 0 4
1397451900 0 0 27 5
1397451600 0 0 0 0
1397451300 0 0 0 4
1397451000 0 0 4 4
1397450700 0 0 4 4
1397450400 0 0 0 0
1397450100 0 0 0 4
1397449800 0 0 4 4
1397449500 0 0 0 0
1397449200 0 0 0 4
1397448900 0 0 4 4
1397448600 0 0 4 4
1397448300 0 0 28 5
1397448000 0 0 0 0
1397447700 0 0 4 4
1397447400 0 0 0 0
1397447100 0 0 0 4
1397446800 0 0 4 4
1397446500 0 0 4 4
1397446200 0 0 0 4
1397445900 0 0 4 4
1397445600 0 0 4 4
1397445300 0 0 0 0
1397445000 0 0 0 4
1397444700 0 0 4 4
1397444400 0 0 0 0
1397444100 0 0 0 4
1397443800 0 0 4 4
1397443500 0 0 4 4
1397443200 0 0 0 4
1397442900 0 0 0 4
1397442600 0 0 4 4
1397442300 0 0 0 0
1397442000 0 0 0 4
1397441700 0 0 4 4
1397441400 0 0 4 4
1397441100 0 0 32 27
1397440800 0 0 0 0
1397440500 0 0 4 4
1397440200 0 0 0 0
1397439900 0 0 0 4
1397439600 0 0 4 4
1397439300 0 0 0 0
1397439000 0 0 0 4
1397438700 0 0 4 4
1397438400 0 0 4 4
1397438100 0 0 0 4
1397437800 0 0 0 4
1397437500 0 0 4 4
1397437200 0 0 0 0
1397436900 0 0 0 4
1397436600 0 0 4 4
1397436300 0 0 4 4
1397436000 0 0 0 4
1397435700 0 0 0 0
1397435400 0 0 4 4
1397435100 0 0 0 0
1397434800 0 0 0 4
1397434500 0 0 4 4
1397434200 0 0 0 0
1397433900 0 0 34 29
1397433600 0 0 4 4
1397433300 0 0 4 4
1397433000 0 0 0 0
1397432700 0 0 0 4
1397432400 0 0 4 4
1397432100 0 0 0 0
1397431800 0 0 0 4
1397431500 0 0 4 4
1397431200 0 0 4 4
1397430900 0 0 0 4
1397430600 0 0 0 0
1397430300 0 0 4 4
1397430000 0 0 0 0
1397429700 0 0 0 4
1397429400 0 0 4 4
1397429100 0 0 4 4
1397428800 0 0 0 4
1397428500 0 0 4 4
1397428200 0 0 4 4
1397427900 0 0 0 0
1397427600 0 0 0 4
1397427300 0 0 4 4
1397427000 0 0 0 0
1397426700 0 0 34 29
1397426400 0 0 4 4
1397426100 0 0 4 4
1397425800 0 0 0 4
1397425500 0 0 0 4
1397425200 0 0 4 4
1397424900 0 0 0 0
1397424600 0 0 0 4
1397424300 0 0 4 4
1397424000 0 0 4 4
1397423700 0 0 0 4
1397423400 0 0 0 0
1397423100 0 0 34 29
1397422800 0 0 0 0
1397422500 0 0 0 4
1397422200 0 0 4 4
1397421900 0 0 0 0
1397421600 0 0 0 4
1397421300 0 0 4 4
1397421000 0 0 4 4
1397420700 0 0 0 0
1397420400 0 0 0 4
1397420100 0 0 4 4
1397419800 0 0 0 0
1397419500 0 0 0 4
1397419200 0 0 4 4
1397418900 0 0 4 4
1397418600 0 0 0 4
1397418300 0 0 0 0
1397418000 0 0 4 4
1397417700 0 0 0 0
1397417400 0 0 0 4
1397417100 0 0 4 4
1397416800 0 0 4 4
1397416500 0 0 0 4
1397416200 0 0 4 4
1397415900 0 0 34 29
1397415600 0 0 0 0
1397415300 0 0 0 4
1397415000 0 0 4 4
1397414700 0 0 0 0
1397414400 0 0 0 4
1397414100 0 0 4 4
1397413800 0 0 4 4
1397413500 0 0 0 4
1397413200 0 0 0 0
1397412900 0 0 4 4
1397412600 0 0 0 0
1397412300 0 0 0 4
1397412000 0 0 4 4
1397411700 0 0 4 4
1397411400 0 0 0 4
1397411100 0 0 0 0
1397410800 0 0 4 4
1397410500 0 0 0 0
1397410200 0 0 0 4
1397409900 0 0 4 4
1397409600 0 0 0 0
1397409300 0 0 0 4
1397409000 0 0 4 4
1397408700 0 0 32 27
1397408400 0 0 4 4
1397408100 0 0 4 8
1397407800 0 0 4 4
1397407500 0 0 4 7
1397406600 0 0 4 8
1397404800 0 0 4 8
1397403000 0 0 27 5
1397401200 0 0 4 4
1397399400 0 0 4 8
1397397600 0 0 4 4
1397395800 0 0 34 29
1397394000 0 0 4 7
1397392200 0 0 34 29
1397390400 70 2 6092 224
1397388600 0 0 34 29
1397386800 0 0 4 8
1397385000 0 0 32 27
1397383200 0 0 4 8
1397381400 0 0 4 7
1397379600 0 0 4 7
1397377800 0 0 32 27
1397376000 0 0 4 8
1397374200 0 0 4 8
1397372400 0 0 4 4
1397370600 0 0 4 7
1397368800 0 0 4 8
1397367000 0 0 4 8
1397365200 0 0 4 4
1397363400 0 0 34 29
1397361600 0 0 4 8
1397359800 0 0 4 4
1397358000 0 0 4 8
1397356200 0 0 34 29
1397354400 0 0 4 4
1397352600 0 0 4 7
1397350800 0 0 4 7
1397349000 0 0 32 27
1397347200 0 0 4 8
1397345400 0 0 4 4
1397343600 0 0 4 8
1397341800 0 0 5 5
1397340000 0 0 4 8
1397338200 0 0 32 27
1397336400 0 0 4 7
1397334600 0 0 4 8
1397332800 0 0 4 8
1397331000 0 0 4 7
1397329200 0 0 4 8
1397327400 0 0 4 8
1397325600 0 0 4 8
1397323800 0 0 31 9
1397322000 0 0 4 8
1397320200 0 0 4 8
1397318400 0 0 4 8
1397316600 0 0 4 7
1397314800 0 0 4 7
1397313000 0 0 4 7
1397311200 0 0 4 7
1397309400 0 0 4 4
1397307600 0 0 4 8
1397305800 0 0 4 7
1397304000 72 2 6549 252
1397302200 0 0 4 8
1397300400 0 0 4 7
1397298600 0 0 34 29
1397296800 0 0 4 7
1397295000 0 0 4 7
1397293200 0 0 4 4
1397291400 0 0 4 7
1397289600 0 0 4 8
1397287800 0 0 32 27
1397286000 0 0 4 4
1397284200 0 0 32 27
1397282400 0 0 4 8
1397280600 0 0 32 27
1397278800 0 0 4 8
1397277000 0 0 4 7
1397275200 0 0 4 8
1397273400 0 0 28 8
1397271600 0 0 4 7
1397269800 0 0 4 8
1397268000 0 0 4 7
1397266200 0 0 4 8
1397264400 0 0 4 8
1397262600 0 0 4 8
1397260800 0 0 4 4
1397259000 0 0 4 7
1397257200 0 0 4 7
1397255400 0 0 32 27
1397253600 0 0 4 7
1397251800 0 0 32 27
1397250000 0 0 4 4
1397248200 0 0 4 4
1397246400 0 0 4 4
1397244600 0 0 4 4
1397242800 0 0 4 4
1397241000 0 0 32 27
1397239200 0 0 4 4
1397237400 0 0 4 4
1397235600 0 0 4 4
1397233800 0 0 32 27
1397232000 0 0 9 7
1397230200 0 0 4 4
1397228400 0 0 4 4
1397226600 0 0 34 29
1397224800 0 0 4 4
1397223000 0 0 32 27
1397221200 0 0 4 4
1397219400 0 0 4 4
1397217600 68 1 3365 145
1397215800 0 0 4 4
1397214000 0 0 4 4
1397212200 0 0 4 4
1397210400 0 0 4 4
1397208600 0 0 4 4
1397206800 0 0 4 4
1397205000 0 0 4 4
1397203200 0 0 4 4
1397201400 0 0 4 4
1397199600 0 0 4 4
1397197800 0 0 32 27
1397196000 0 0 4 4
1397194200 0 0 4 4
1397192400 0 0 4 8
1397190600 0 0 4 4
1397188800 0 0 4 4
1397187000 0 0 4 4
1397185200 0 0 5 5
1397183400 0 0 4 4
1397181600 0 0 4 8
1397179800 0 0 4 4
1397178000 0 0 5 5
1397176200 0 0 4 4
1397174400 0 0 4 4
1397172600 0 0 34 29
1397170800 0 0 4 4
1397169000 0 0 36 31
1397167200 0 0 4 4
1397165400 0 0 4 4
1397163600 0 0 4 4
1397161800 0 0 4 4
1397160000 0 0 4 4
1397158200 0 0 4 4
1397156400 0 0 4 4
1397154600 0 2 4 164
1397152800 0 0 4 4
1397151000 0 0 4 4
1397149200 0 0 4 5
1397147400 0 0 32 27
1397145600 0 0 4 4
1397143800 0 0 32 30
1397142000 0 0 4 4
1397140200 0 0 32 27
1397138400 0 0 4 4
1397136600 0 0 4 4
1397134800 0 0 4 4
1397133000 0 0 32 27
1397131200 68 1 4513 131
1397129400 0 0 5 5
1397127600 0 0 4 4
1397125800 0 0 4 4
1397124000 0 0 4 4
1397122200 0 0 4 4
1397120400 0 0 4 4
1397118600 0 0 32 27
1397116800 0 0 4 4
1397115000 0 0 4 4
1397113200 0 0 4 5
1397111400 0 0 5 5
1397109600 0 0 4 4
1397107800 0 0 32 27
1397106000 0 0 4 4
1397104200 0 0 34 29
1397102400 0 0 4 4
1397100600 0 0 5 5
1397098800 0 0 4 4
1397097000 0 0 32 27
1397095200 0 0 4 4
1397093400 0 0 4 4
1397091600 0 0 4 4
1397089800 0 0 32 27
1397088000 0 0 4 7
1397086200 0 0 32 27
1397084400 0 0 4 7
1397082600 0 0 4 7
1397080800 0 0 4 4
1397079000 0 0 32 27
1397077200 0 0 4 7
1397075400 0 0 32 27
1397073600 0 0 4 8
1397071800 0 0 4 7
1397070000 0 0 4 7
1397068200 0 0 4 7
1397066400 0 0 4 7
1397064600 0 0 4 4
1397062800 0 0 4 4
1397061000 0 0 32 27
1397059200 0 0 4 7
1397057400 0 0 5 5
1397055600 0 0 5 5
1397053800 0 0 0 0
1397052000 0 0 4 4
1397050200 0 0 34 29
1397048400 0 7 4 197
1397046600 0 0 32 27
1397044800 68 2 5952 243
1397043000 0 0 4 4
1397041200 0 0 4 7
1397039400 0 0 4 7
1397037600 0 0 4 7
1397035800 0 0 36 31
1397034000 0 0 4 4
1397032200 0 0 4 8
1397030400 0 0 4 4
1397028600 0 0 34 29
1397026800 0 0 4 4
1397025000 0 0 8 8
1397023200 0 0 4 4
1397021400 0 0 34 29
1397019600 0 0 4 4
1397017800 0 0 32 27
1397016000 0 0 4 4
1397014200 0 0 4 4
1397012400 0 0 4 4
1397010600 0 0 4 4
1397008800 0 0 4 4
1397007000 0 0 4 4
1397005200 0 0 4 4
1397003400 0 0 4 4
1397001600 0 0 4 4
1396999800 0 0 4 4
1396998000 0 0 0 0
1396996200 0 0 0 0
1396994400 0 0 4 4
1396992600 0 0 4 4
1396990800 0 0 4 4
1396989000 0 0 4 4
1396987200 0 0 4 4
1396985400 0 0 34 32
1396983600 0 0 4 4
1396981800 0 0 34 31
1396980000 0 0 5 5
1396978200 0 0 32 27
1396976400 0 0 4 4
1396974600 0 0 7 7
1396972800 0 0 8 8
1396971000 0 0 34 29
1396969200 0 2 7 207
1396967400 0 0 27 24
1396965600 0 0 4 4
1396963800 0 0 34 29
1396962000 0 0 4 4
1396960200 0 0 4 4
1396958400 69 2 6324 242
1396956600 0 0 4 4
1396954800 0 0 4 4
1396953000 0 0 34 29
1396951200 0 0 4 4
1396949400 0 0 34 29
1396947600 0 0 4 4
1396945800 0 0 4 4
1396944000 0 0 4 4
1396942200 0 0 4 4
1396940400 0 0 4 4
1396938600 0 0 34 29
1396936800 0 0 4 4
1396935000 0 0 32 27
1396933200 0 0 4 4
1396931400 0 0 4 4
1396929600 0 0 4 4
1396927800 0 0 4 4
1396926000 0 0 4 4
1396924200 0 0 4 4
1396922400 0 0 4 4
1396920600 0 0 4 4
1396918800 0 0 4 4
1396917000 0 0 34 29
1396915200 0 0 4 4
1396913400 0 0 32 27
1396911600 0 0 4 4
1396909800 0 0 36 31
1396908000 0 0 4 4
1396906200 0 0 34 29
1396904400 0 5 4 258
1396902600 0 0 38 33
1396900800 0 0 4 4
1396899000 0 0 32 27
1396897200 0 0 4 4
1396895400 0 0 32 27
1396893600 0 0 4 4
1396891800 0 0 34 29
1396890000 0 0 4 4
1396888200 0 0 34 29
1396886400 0 0 4 4
1396884600 0 0 34 29
1396882800 0 0 5 5
1396881000 0 0 28 10
1396879200 0 0 4 4
1396877400 0 0 28 40
1396875600 0 0 4 4
1396873800 0 0 36 30
1396872000 69 2 5952 228
1396870200 0 0 34 29
1396868400 0 0 8 8
1396866600 0 0 4 4
1396864800 0 0 8 8
1396863000 0 0 36 30
1396861200 0 0 7 7
1396859400 0 0 34 29
1396857600 0 0 8 8
1396855800 0 0 8 8
1396854000 0 0 8 8
1396852200 0 0 34 29
1396850400 0 0 8 8
1396848600 0 0 28 8
1396846800 0 0 8 8
1396845000 0 0 8 8
1396843200 0 0 8 8
1396841400 0 0 8 8
1396839600 0 0 4 4
1396837800 0 0 8 8
1396836000 0 0 8 8
1396834200 0 0 8 8
1396832400 0 0 8 8
1396830600 0 0 8 8
1396828800 0 0 8 8
1396827000 0 0 8 8
1396825200 0 0 8 8
1396823400 0 0 34 29
1396821600 0 0 8 8
1396819800 0 0 8 8
1396818000 0 0 8 8
1396816200 0 0 34 29
1396814400 0 0 8 8
1396812600 0 0 38 33
1396810800 0 0 10 10
1396809000 0 0 28 7
1396807200 0 0 8 8
1396805400 0 0 34 29
1396803600 0 0 8 8
1396801800 0 0 34 29
1396800000 0 0 8 8
1396798200 0 0 34 29
1396796400 0 0 4 4
1396794600 0 0 36 30
1396792800 0 0 8 8
1396791000 0 0 4 4
1396789200 0 0 8 8
1396787400 0 0 8 8
1396785600 69 1 6023 221
1396783800 0 0 34 29
1396782000 0 0 4 4
1396780200 0 0 34 29
1396778400 0 0 8 8
1396776600 0 0 44 38
1396774800 0 0 4 4
1396773000 0 0 8 8
1396771200 0 0 8 8
1396769400 0 0 8 8
1396767600 0 0 4 4
1396765800 0 0 28 8
1396764000 0 0 8 8
1396762200 0 0 8 8
1396760400 0 0 8 8
1396758600 0 0 34 29
1396756800 0 0 8 8
1396755000 0 0 8 8
1396753200 0 0 4 4
1396751400 0 0 34 29
1396749600 0 0 8 8
1396747800 0 0 34 29
1396746000 0 0 7 7
1396744200 0 0 36 30
1396742400 0 0 4 4
1396740600 0 0 28 24
1396738800 0 0 8 8
1396737000 0 0 28 8
1396735200 0 0 8 8
1396733400 0 0 8 8
1396731600 0 0 8 8
1396729800 0 0 8 8
1396728000 0 0 8 8
1396726200 0 0 28 24
1396724400 0 0 8 8
1396722600 0 0 34 29
1396720800 0 0 8 8
1396719000 0 0 8 8
1396717200 0 0 8 8
1396715400 0 0 8 8
1396713600 0 0 8 8
1396711800 0 0 34 29
1396710000 0 0 8 8
1396708200 0 0 34 29
1396706400 0 0 8 8
1396704600 0 0 34 29
1396702800 0 0 8 8
1396701000 0 0 34 29
1396699200 72 2 6547 244
1396697400 0 0 28 8
1396695600 0 0 8 8
1396693800 0 0 34 29
1396692000 0 0 8 8
1396690200 0 0 28 25
1396688400 0 0 8 8
1396686600 0 0 36 30
1396684800 0 0 8 8
1396683000 0 0 34 29
1396681200 0 0 8 8
1396679400 0 0 34 29
1396677600 0 0 8 8
1396675800 0 0 34 29
1396674000 0 0 8 8
1396672200 0 0 8 8
1396670400 0 0 8 8
1396668600 0 0 34 29
1396666800 0 0 8 8
1396665000 0 0 28 5
1396663200 0 0 8 8
1396661400 0 0 34 29
1396659600 0 0 8 8
1396657800 0 0 32 27
1396656000 0 0 8 8
1396654200 0 0 5 5
1396652400 0 0 7 7
1396650600 0 0 42 36
1396648800 0 0 8 8
1396647000 0 0 34 29
1396645200 0 0 7 7
1396643400 0 0 8 8
1396641600 0 0 5 5
1396639800 0 0 34 29
1396638000 0 0 4 4
1396636200 0 0 34 29
1396634400 0 0 7 7
1396632600 0 160 4 11809
1396630800 0 0 8 8
1396629000 0 0 32 27
1396627200 0 0 4 4
1396625400 0 0 34 29
1396623600 0 0 5 5
1396621800 0 0 28 24
1396620000 0 0 4 4
1396618200 0 0 34 29
1396616400 0 0 7 7
1396614600 0 0 32 30
1396612800 68 1 6252 223
1396611000 0 0 4 4
1396609200 0 0 8 8
1396607400 0 0 34 29
1396605600 0 0 8 8
1396603800 0 0 8 8
1396602000 0 0 8 8
1396600200 0 0 32 27
1396598400 0 0 8 8
1396596600 0 0 34 29
1396594800 0 0 8 8
1396593000 0 0 34 29
1396591200 0 0 8 8
1396589400 0 0 34 29
1396587600 0 0 8 8
1396585800 0 0 34 29
1396584000 0 0 8 8
1396582200 0 0 34 29
1396580400 0 0 8 8
1396578600 0 0 36 30
1396576800 0 0 8 8
1396575000 0 0 34 29
1396573200 0 0 8 8
1396571400 1 0 245 54
1396569600 0 0 8 8
1396567800 0 57 8 310
1396566000 1 217 246 326
1396564200 0 188 8 313
1396562400 0 184 0 314
1396560600 0 179 2 326
1396558800 0 101 2 338
1396557000 0 0 0 0
1396555200 0 0 0 0
1396553400 0 0 0 0
1396551600 0 0 0 0
1396549800 0 0 0 0
1396548000 0 0 0 0
1396546200 0 0 0 0
1396544400 0 0 0 0
1396542600 0 0 0 0
1396540800 0 0 0 0
1396539000 0 0 0 0
1396537200 0 0 0 0
1396535400 0 0 0 0
1396533600 0 0 0 0
1396531800 0 0 0 0
1396530000 0 0 0 0
1396528200 0 0 0 0
1396526400 0 0 0 0
1396524600 0 0 0 0
1396522800 0 0 0 0
1396521000 0 0 0 0
1396519200 0 0 0 0
1396517400 0 0 0 0
1396515600 0 0 0 0
1396513800 0 0 0 0
1396512000 0 0 0 0
1396510200 0 0 0 0
1396508400 0 0 0 0
1396506600 0 0 0 0
1396504800 0 0 0 0
1396503000 0 0 0 0
1396501200 0 0 0 0
1396499400 0 0 0 0
1396497600 0 0 0 0
1396495800 0 0 0 0
1396494000 0 0 0 0
1396492200 0 0 0 0
1396490400 0 0 0 0
1396488600 0 0 0 0
1396486800 0 0 0 0
1396485000 0 0 0 0
1396483200 0 0 0 0
1396481400 0 0 0 0
1396479600 0 0 0 0
1396477800 0 0 0 0
1396476000 0 0 0 0
1396474200 0 0 0 0
1396472400 0 0 0 0
1396470600 0 0 0 0
1396468800 0 0 0 0
1396467000 0 0 0 0
1396465200 0 0 0 0
1396463400 0 0 0 0
1396461600 0 0 0 0
1396459800 0 0 0 0
1396458000 0 0 0 0
1396456200 0 0 0 0
1396454400 0 0 0 0
1396452600 0 0 0 0
1396450800 0 0 0 0
1396449000 0 0 0 0
1396447200 0 0 0 0
1396445400 0 0 0 0
1396443600 0 0 0 0
1396441800 0 0 0 0
1396440000 0 0 0 0
1396438200 0 0 0 0
1396436400 0 0 0 0
1396434600 0 0 0 0
1396432800 0 0 0 0
1396431000 0 0 0 0
1396429200 0 0 0 0
1396427400 0 0 0 0
1396425600 0 0 0 0
1396423800 0 0 0 0
1396422000 0 0 0 0
1396420200 0 0 0 0
1396418400 0 0 0 0
1396416600 0 0 0 0
1396414800 0 0 0 0
1396413000 0 0 0 0
1396411200 0 0 0 0
1396409400 0 0 0 0
1396407600 0 0 0 0
1396405800 0 0 0 0
1396404000 0 0 0 0
1396402200 0 0 0 0
1396400400 0 0 0 0
1396398600 0 0 0 0
1396396800 0 0 0 0
1396395000 0 0 0 0
1396393200 0 0 0 0
1396391400 0 0 0 0
1396389600 0 0 0 0
1396387800 0 0 0 0
1396386000 0 0 0 0
1396384200 0 0 0 0
1396382400 0 0 0 0
1396380600 0 0 0 0
1396378800 0 0 0 0
1396377000 0 0 0 0
1396375200 0 0 0 0
1396373400 0 0 0 0
1396371600 0 0 0 0
1396369800 0 0 0 0
1396368000 0 0 0 0
1396366200 0 0 0 0
1396364400 0 0 0 0
1396362600 0 0 0 0
1396360800 0 0 0 0
1396359000 0 0 0 0
1396357200 0 0 0 0
1396355400 0 0 0 0
1396353600 0 0 0 0
1396351800 0 0 0 0
1396350000 0 0 0 0
1396348200 0 0 0 0
1396346400 0 0 0 0
1396344600 0 0 0 0
1396342800 0 0 0 0
1396341000 0 0 0 0
1396339200 0 0 0 0
1396337400 0 0 0 0
1396335600 0 0 0 0
1396333800 0 0 0 0
1396332000 0 0 0 0
1396330200 0 0 0 0
1396328400 0 0 0 0
1396326600 0 0 0 0
1396324800 0 0 0 0
1396317600 0 0 0 0
1396310400 0 0 0 0
1396303200 0 0 0 0
1396296000 0 0 0 0
1396288800 0 0 0 0
1396281600 0 0 0 0
1396274400 0 0 0 0
1396267200 0 0 0 0
1396260000 0 0 0 0
1396252800 0 0 0 0
1396245600 0 0 0 0
1396238400 0 0 0 0
1396231200 0 0 0 0
1396224000 0 0 0 0
1396216800 0 0 0 0
1396209600 0 0 0 0
1396202400 0 0 0 0
1396195200 0 0 0 0
1396188000 0 0 0 0
1396180800 0 0 0 0
1396173600 0 0 0 0
1396166400 0 0 0 0
1396159200 0 0 0 0
1396152000 0 0 0 0
1396144800 0 0 0 0
1396137600 0 0 0 0
1396130400 0 0 0 0
1396123200 0 0 0 0
1396116000 0 0 0 0
1396108800 0 0 0 0
1396101600 0 0 0 0
1396094400 0 0 0 0
1396087200 0 0 0 0
1396080000 0 0 0 0
1396072800 0 0 0 0
1396065600 0 0 0 0
1396058400 0 0 0 0
1396051200 0 0 0 0
1396044000 0 0 0 0
1396036800 0 0 0 0
1396029600 0 0 0 0
1396022400 0 0 0 0
1396015200 0 0 0 0
1396008000 0 0 0 0
1396000800 0 0 0 0
1395993600 0 0 0 0
1395986400 0 0 0 0
1395979200 0 0 0 0
1395972000 0 0 0 0
1395964800 0 0 0 0
1395957600 0 0 0 0
1395950400 0 0 0 0
1395943200 0 0 0 0
1395936000 0 0 0 0
1395928800 0 0 0 0
1395921600 0 0 0 0
1395914400 0 0 0 0
1395907200 0 0 0 0
1395900000 0 0 0 0
1395892800 0 0 0 0
1395885600 0 0 0 0
1395878400 0 0 0 0
1395871200 0 0 0 0
1395864000 0 0 0 0
1395856800 0 0 0 0
1395849600 0 0 0 0
1395842400 0 0 0 0
1395835200 0 0 0 0
1395828000 0 0 0 0
1395820800 0 0 0 0
1395813600 0 0 0 0
1395806400 0 0 0 0
1395799200 0 0 0 0
1395792000 0 0 0 0
1395784800 0 0 0 0
1395777600 0 0 0 0
1395770400 0 0 0 0
1395763200 0 0 0 0
1395756000 0 0 0 0
1395748800 0 0 0 0
1395741600 0 0 0 0
1395734400 0 0 0 0
1395727200 0 0 0 0
1395720000 0 0 0 0
1395712800 0 0 0 0
1395705600 0 0 0 0
1395698400 0 0 0 0
1395691200 0 0 0 0
1395684000 0 0 0 0
1395676800 0 0 0 0
1395669600 0 0 0 0
1395662400 0 0 0 0
1395655200 0 0 0 0
1395648000 0 0 0 0
1395640800 0 0 0 0
1395633600 0 0 0 0
1395626400 0 0 0 0
1395619200 0 0 0 0
1395612000 0 0 0 0
1395604800 0 0 0 0
1395597600 0 0 0 0
1395590400 0 0 0 0
1395583200 0 0 0 0
1395576000 0 0 0 0
1395568800 0 0 0 0
1395561600 0 0 0 0
1395554400 0 0 0 0
1395547200 0 0 0 0
1395540000 0 0 0 0
1395532800 0 0 0 0
1395525600 0 0 0 0
1395518400 0 0 0 0
1395511200 0 0 0 0
1395504000 0 0 0 0
1395496800 0 0 0 0
1395489600 0 0 0 0
1395482400 0 0 0 0
1395475200 0 0 0 0
1395468000 0 0 0 0
1395460800 0 0 0 0
1395453600 0 0 0 0
1395446400 0 0 0 0
1395439200 0 0 0 0
1395432000 0 0 0 0
1395424800 0 0 0 0
1395417600 0 0 0 0
1395410400 0 0 0 0
1395403200 0 0 0 0
1395396000 0 0 0 0
1395388800 0 0 0 0
1395381600 0 0 0 0
1395374400 0 0 0 0
1395367200 0 0 0 0
1395360000 0 0 0 0
1395352800 0 0 0 0
1395345600 0 0 0 0
1395338400 0 0 0 0
1395331200 0 0 0 0
1395324000 0 0 0 0
1395316800 0 0 0 0
1395309600 0 0 0 0
1395302400 0 0 0 0
1395295200 0 0 0 0
1395288000 0 0 0 0
1395280800 0 0 0 0
1395273600 0 0 0 0
1395266400 0 0 0 0
1395259200 0 0 0 0
1395252000 0 0 0 0
1395244800 0 0 0 0
1395237600 0 0 0 0
1395230400 0 0 0 0
1395223200 0 0 0 0
1395216000 0 0 0 0
1395208800 0 0 0 0
1395201600 0 0 0 0
1395194400 0 0 0 0
1395187200 0 0 0 0
1395180000 0 0 0 0
1395172800 0 0 0 0
1395165600 0 0 0 0
1395158400 0 0 0 0
1395151200 0 0 0 0
1395144000 0 0 0 0
1395136800 0 0 0 0
1395129600 0 0 0 0
1395122400 0 0 0 0
1395115200 0 0 0 0
1395108000 0 0 0 0
1395100800 0 0 0 0
1395093600 0 0 0 0
1395086400 0 0 0 0
1395079200 0 0 0 0
1395072000 0 0 0 0
1395064800 0 0 0 0
1395057600 0 0 0 0
1395050400 0 0 0 0
1395043200 0 0 0 0
1395036000 0 0 0 0
1395028800 0 0 0 0
1395021600 0 0 0 0
1395014400 0 0 0 0
1395007200 0 0 0 0
1395000000 0 0 0 0
1394992800 0 0 0 0
1394985600 0 0 0 0
1394978400 0 0 0 0
1394971200 0 0 0 0
1394964000 0 0 0 0
1394956800 0 0 0 0
1394949600 0 0 0 0
1394942400 0 0 0 0
1394935200 0 0 0 0
1394928000 0 0 0 0
1394920800 0 0 0 0
1394913600 0 0 0 0
1394906400 0 0 0 0
1394899200 0 0 0 0
1394892000 0 0 0 0
1394884800 0 0 0 0
1394877600 0 0 0 0
1394870400 0 0 0 0
1394863200 0 0 0 0
1394856000 0 0 0 0
1394848800 0 0 0 0
1394841600 0 0 0 0
1394834400 0 0 0 0
1394827200 0 0 0 0
1394820000 0 0 0 0
1394812800 0 0 0 0
1394805600 0 0 0 0
1394798400 0 0 0 0
1394791200 0 0 0 0
1394784000 0 0 0 0
1394776800 0 0 0 0
1394769600 0 0 0 0
1394762400 0 0 0 0
1394755200 0 0 0 0
1394748000 0 0 0 0
1394740800 0 0 0 0
1394733600 0 0 0 0
1394726400 0 0 0 0
1394719200 0 0 0 0
1394712000 0 0 0 0
1394704800 0 0 0 0
1394697600 0 0 0 0
1394690400 0 0 0 0
1394683200 0 0 0 0
1394676000 0 0 0 0
1394668800 0 0 0 0
1394661600 0 0 0 0
1394654400 0 0 0 0
1394647200 0 0 0 0
1394640000 0 0 0 0
1394632800 0 0 0 0
1394625600 0 0 0 0
1394618400 0 0 0 0
1394611200 0 0 0 0
1394604000 0 0 0 0
1394596800 0 0 0 0
1394589600 0 0 0 0
1394582400 0 0 0 0
1394575200 0 0 0 0
1394568000 0 0 0 0
1394560800 0 0 0 0
1394553600 0 0 0 0
1394546400 0 0 0 0
1394539200 0 0 0 0
1394532000 0 0 0 0
1394524800 0 0 0 0
1394517600 0 0 0 0
1394510400 0 0 0 0
1394503200 0 0 0 0
1394496000 0 0 0 0
1394488800 0 0 0 0
1394481600 0 0 0 0
1394474400 0 0 0 0
1394467200 0 0 0 0
1394460000 0 0 0 0
1394452800 0 0 0 0
1394445600 0 0 0 0
1394438400 0 0 0 0
1394431200 0 0 0 0
1394424000 0 0 0 0
1394416800 0 0 0 0
1394409600 0 0 0 0
1394402400 0 0 0 0
1394395200 0 0 0 0
1394388000 0 0 0 0
1394380800 0 0 0 0
1394373600 0 0 0 0
1394366400 0 0 0 0
1394359200 0 0 0 0
1394352000 0 0 0 0
1394344800 0 0 0 0
1394337600 0 0 0 0
1394330400 0 0 0 0
1394323200 0 0 0 0
1394316000 0 0 0 0
1394308800 0 0 0 0
1394301600 0 0 0 0
1394294400 0 0 0 0
1394287200 0 0 0 0
1394280000 0 0 0 0
1394272800 0 0 0 0
1394265600 0 0 0 0
1394258400 0 0 0 0
1394251200 0 0 0 0
1394244000 0 0 0 0
1394236800 0 0 0 0
1394229600 0 0 0 0
1394222400 0 0 0 0
1394215200 0 0 0 0
1394208000 0 0 0 0
1394200800 0 0 0 0
1394193600 0 0 0 0
1394186400 0 0 0 0
1394179200 0 0 0 0
1394172000 0 0 0 0
1394164800 0 0 0 0
1394157600 0 0 0 0
1394150400 0 0 30 15
1394143200 0 0 21 11
1394136000 0 0 20 10
1394128800 0 0 22 11
1394121600 0 0 25 13
1394114400 0 0 20 10
1394107200 0 0 21 11
1394100000 0 0 21 10
1394092800 0 0 21 10
1394085600 17 1 6801 542
1394078400 0 0 20 10
1394071200 0 0 30 15
1394064000 0 0 20 10
1394056800 0 0 20 10
1394049600 0 0 20 10
1394042400 0 0 21 10
1394035200 0 0 20 10
1394028000 0 0 20 10
1394020800 0 0 20 10
1394013600 0 0 18 9
1394006400 0 0 20 10
1393999200 17 1 6589 534
1393992000 0 0 20 10
1393984800 0 0 20 10
1393977600 0 0 20 10
1393970400 0 0 20 10
1393963200 0 0 22 11
1393956000 0 0 17 9
1393948800 0 0 21 10
1393941600 0 0 28 12
1393934400 0 0 18 9
1393927200 0 0 18 9
1393920000 0 0 20 9
1393912800 18 1 3990 248
1393905600 0 0 20 10
1393898400 0 0 20 10
1393891200 0 0 21 10
1393884000 0 0 21 10
1393876800 0 0 20 10
1393869600 0 0 20 10
1393862400 0 0 18 9
1393855200 0 0 26 11
1393848000 0 0 23 11
1393840800 0 0 20 10
1393833600 0 0 22 11
1393826400 18 1 4809 417
1393819200 0 0 21 10
1393812000 0 0 21 10
1393804800 0 0 20 10
1393797600 0 0 18 9
1393790400 0 0 21 10
1393783200 0 0 20 10
1393776000 0 0 22 11
1393768800 0 0 18 9
1393761600 0 0 29 11
1393754400 0 0 25 10
1393747200 0 0 21 10
1393740000 17 0 6527 465
1393732800 0 0 21 10
1393725600 0 0 21 10
1393718400 0 0 21 10
1393711200 0 0 21 10
1393704000 0 0 20 10
1393696800 0 0 21 10
1393689600 0 0 20 10
1393682400 0 0 21 10
1393675200 0 0 21 10
1393668000 0 0 24 12
1393660800 0 0 18 9
1393653600 18 0 4793 438
1393646400 0 0 27 13
1393639200 0 0 20 10
1393632000 0 0 24 10
1393624800 0 0 20 10
1393617600 0 0 20 10
1393610400 0 0 28 14
1393603200 0 0 20 10
1393596000 0 0 23 11
1393588800 0 0 27 13
1393581600 0 0 21 10
1393574400 0 0 24 12
1393567200 18 0 6653 595
1393560000 0 0 20 10
1393552800 0 0 21 10
1393545600 0 0 18 9
1393538400 0 0 20 10
1393531200 0 0 21 10
1393524000 0 0 20 10
1393516800 0 0 20 10
1393509600 0 0 20 10
1393502400 0 0 23 10
1393495200 0 0 28 12
1393488000 0 0 21 10
1393480800 18 0 3670 296
1393473600 0 0 20 10
1393466400 0 0 18 9
1393459200 0 0 20 10
1393452000 0 0 18 9
1393444800 0 0 20 10
1393437600 0 0 20 10
1393430400 0 0 20 10
1393423200 0 0 18 9
1393416000 0 0 21 10
1393408800 0 0 29 14
1393401600 0 0 20 10
1393394400 16 0 6598 528
1393387200 0 0 18 9
1393380000 0 0 18 9
1393372800 0 0 29 13
1393365600 0 0 25 12
1393358400 0 0 18 9
1393351200 0 0 25 11
1393344000 0 0 21 10
1393336800 8 255 2418 80274
1393329600 0 0 86 62
1393322400 0 0 20 10
1393315200 0 0 28 14
1393308000 17 0 6529 489
1393300800 0 0 20 10
1393293600 0 0 18 9
1393286400 0 0 17 9
1393279200 0 0 20 10
1393272000 0 0 21 10
1393264800 0 0 20 10
1393257600 0 0 20 10
1393250400 0 0 20 10
1393243200 0 0 21 10
1393236000 0 0 23 11
1393228800 0 0 21 9
1393221600 18 0 6755 589
1393214400 0 0 21 10
1393207200 0 0 26 11
1393200000 0 0 20 10
1393192800 0 0 20 10
1393185600 0 0 21 10
1393178400 0 0 16 8
1393171200 0 0 21 10
1393164000 0 0 26 13
1393156800 0 0 20 10
1393149600 0 0 30 11
1393142400 0 0 20 10
1393135200 18 0 6672 592
1393128000 0 0 20 10
1393120800 0 0 21 10
1393113600 0 0 20 10
1393106400 0 0 21 10
1393099200 0 0 18 9
1393092000 0 0 17 9
1393084800 0 0 21 10
1393077600 0 0 18 9
1393070400 0 0 21 10
1393063200 0 0 20 10
1393056000 0 0 29 12
1393048800 18 0 6640 593
1393041600 0 0 20 10
1393034400 0 0 20 10
1393027200 0 0 21 10
1393020000 0 0 20 10
1393012800 0 0 20 10
1393005600 0 0 20 10
1392998400 0 0 21 10
1392991200 0 0 17 9
1392984000 0 0 24 12
1392976800 0 0 20 10
1392969600 0 0 24 12
1392962400 17 0 6035 548
1392955200 0 0 20 10
1392948000 0 0 21 10
1392940800 0 0 20 10
1392933600 54 408 7434 87806
1392926400 2333 2615 50396 154533
1392919200 46 1115 6872 158365
1392912000 32555 5264 615102 177476
1392904800 0 0 0 0
1392897600 0 0 0 0
1392890400 0 0 0 0
1392883200 0 0 0 0
1392876000 0 0 0 0
1392868800 0 0 0 0
1392861600 0 0 0 0
1392854400 0 0 0 0
1392847200 0 0 0 0
1392840000 0 0 0 0
1392832800 0 0 0 0
1392825600 0 0 0 0
1392818400 0 0 0 0
1392811200 0 0 0 0
1392804000 0 0 0 0
1392796800 0 0 0 0
1392789600 0 0 0 0
1392782400 0 0 0 0
1392775200 0 0 0 0
1392768000 0 0 0 0
1392760800 0 0 0 0
1392753600 0 0 0 0
1392746400 0 0 0 0
1392739200 0 0 0 0
1392732000 0 0 0 0
1392724800 0 0 0 0
1392717600 0 0 0 0
1392710400 0 0 0 0
1392703200 0 0 0 0
1392696000 0 0 0 0
1392688800 0 0 0 0
1392681600 0 0 0 0
1392674400 0 0 0 0
1392667200 0 0 0 0
1392660000 0 0 0 0
1392652800 0 0 0 0
1392645600 0 0 0 0
1392638400 0 0 0 0
1392631200 0 0 0 0
1392624000 0 0 0 0
1392616800 0 0 0 0
1392609600 0 0 0 0
1392602400 0 0 0 0
1392595200 0 0 0 0
1392588000 0 0 0 0
1392580800 0 0 0 0
1392573600 0 0 0 0
1392566400 0 0 0 0
1392559200 0 0 0 0
1392552000 0 0 0 0
1392544800 0 0 0 0
1392537600 0 0 0 0
1392530400 0 0 0 0
1392523200 0 0 0 0
1392516000 0 0 0 0
1392508800 0 0 0 0
1392501600 0 0 0 0
1392494400 0 0 0 0
1392487200 0 0 0 0
1392480000 0 0 0 0
1392472800 0 0 0 0
1392465600 0 0 0 0
1392458400 0 0 0 0
1392451200 0 0 0 0
1392444000 0 0 0 0
1392436800 0 0 0 0
1392429600 0 0 0 0
1392422400 0 0 0 0
1392415200 0 0 0 0
1392408000 0 0 0 0
1392400800 0 0 0 0
1392393600 0 0 0 0
1392386400 0 0 0 0
1392379200 0 0 0 0
1392372000 0 0 0 0
1392364800 0 0 0 0
1392357600 0 0 0 0
1392350400 0 0 0 0
1392343200 0 0 0 0
1392336000 0 0 0 0
1392328800 0 0 0 0
1392321600 0 0 0 0
1392314400 0 0 0 0
1392307200 0 0 0 0
1392300000 0 0 0 0
1392292800 0 0 0 0
1392285600 0 0 0 0
1392278400 0 0 0 0
1392271200 0 0 0 0
1392264000 0 0 0 0
1392256800 0 0 0 0
1392249600 0 0 0 0
1392242400 0 0 0 0
1392235200 0 0 0 0
1392228000 0 0 0 0
1392220800 0 0 0 0
1392213600 0 0 0 0
1392206400 0 0 0 0
1392199200 0 0 0 0
1392192000 0 0 0 0
1392184800 0 0 0 0
1392177600 0 0 0 0
1392170400 0 0 0 0
1392163200 0 0 0 0
1392156000 0 0 0 0
1392148800 0 0 0 0
1392141600 0 0 0 0
1392134400 0 0 0 0
1392127200 0 0 0 0
1392120000 0 0 0 0
1392112800 0 0 0 0
1392105600 0 0 0 0
1392098400 0 0 0 0
1392091200 0 0 0 0
1392084000 0 0 0 0
1392076800 0 0 0 0
1392069600 0 0 0 0
1392062400 0 0 0 0
1392055200 0 0 0 0
1392048000 0 0 0 0
1392040800 0 0 0 0
1392033600 0 0 0 0
1392026400 0 0 0 0
1392019200 0 0 0 0
1392012000 0 0 0 0
1392004800 0 0 0 0
1391990400 0 0 0 0
1391904000 0 0 0 0
1391817600 0 0 0 0
1391731200 0 0 0 0
1391644800 0 0 0 0
1391558400 0 0 0 0
1391472000 0 0 0 0
1391385600 0 0 0 0
1391299200 0 0 0 0
1391212800 0 0 0 0
1391126400 0 0 0 0
1391040000 0 0 0 0
1390953600 0 0 0 0
1390867200 0 0 0 0
1390780800 0 0 0 0
1390694400 0 0 0 0
1390608000 0 1 4460 145
1390521600 0 0 4460 145
1390435200 0 0 4288 140
1390348800 0 0 4284 125
1390262400 0 0 4460 147
1390176000 0 0 4288 142
1390089600 0 0 4460 145
1390003200 0 0 4460 237
1389916800 0 0 4170 177
1389830400 0 0 4463 237
1389744000 0 0 4288 140
1389657600 0 0 29 25
1389571200 0 0 2 2
1389484800 0 0 3 3
1389398400 0 0 6 15
1389312000 0 0 26 22
1389225600 0 0 0 1
1389139200 0 0 3 3
1389052800 0 0 25 21
1388966400 0 0 0 0
1388880000 0 0 0 0
1388793600 0 0 16 13
1388707200 0 0 26 22
1388620800 0 0 0 0
1388534400 0 0 29 27
1388448000 0 0 26 22
1388361600 0 0 0 0
1388275200 0 0 4288 140
1388188800 0 0 4172 154
1388102400 0 0 4457 145
1388016000 0 0 4643 149
1387929600 0 0 4462 212
1387843200 0 0 4648 147
1387756800 0 0 4462 141
1387670400 0 0 2773 76
1387584000 0 0 4290 136
1387497600 0 0 4462 143
1387411200 0 0 4462 143
1387324800 0 0 4293 185
1387238400 0 0 5070 163
1387152000 0 0 4648 149
1387065600 0 0 4342 122
1386979200 0 0 4290 136
1386892800 0 0 4462 143
1386806400 0 0 4290 297
1386720000 0 0 4648 149
1386633600 0 0 4462 143
1386547200 0 0 4648 149
1386460800 0 0 4462 143
1386374400 0 0 4462 141
1386288000 0 0 4651 152
1386201600 0 0 4648 178
1386115200 0 12 4645 3441
1386028800 0 0 4708 224
1385942400 0 0 4648 145
1385856000 0 0 4522 129
1385769600 0 0 4648 160
1385683200 0 0 4648 308
1385596800 1963 2004 50821 54924
1385510400 0 0 4850 155
1385424000 0 0 4648 149
1385337600 1 0 4648 147
1385251200 0 0 4462 143
1385164800 0 0 4341 119
1385078400 0 0 4462 143
1384992000 0 0 5311 170
1384905600 146 0 71991 209
1384819200 0 0 5311 245
1384732800 0 0 5309 216
1384646400 0 0 5308 239
1384560000 0 0 5166 177
1384473600 0 0 2184 132
1384387200 0 0 5554 296
1384300800 0 0 5567 287
1384214400 0 0 5577 176
1384128000 0 0 5116 122
1384041600 0 0 5577 179
1383955200 0 0 5311 170
1383868800 1 0 5577 179
1383782400 0 0 5577 174
1383696000 0 0 5311 165
1383609600 0 0 5311 173
1383523200 0 0 5581 183
1383436800 0 0 5309 165
1383350400 76 0 29524 30
1383264000 429 3 62992 9158
1383177600 0 0 5577 181
1383091200 0 0 5424 149
1383004800 0 0 5314 170
1382918400 0 0 5309 165
1382832000 0 0 5585 176
1382745600 0 0 5577 183
1382659200 0 0 5200 220
1382572800 0 0 5577 176
1382486400 0 0 5577 174
1382400000 0 0 5577 231
1382313600 0 0 5582 176
1382227200 0 0 5577 171
1382140800 0 0 5577 220
1382054400 0 0 5873 308
1381968000 0 0 5574 176
1381881600 0 0 191 220
1381795200 0 0 0 0
1381708800 0 0 0 0
1381622400 0 0 0 0
1381536000 0 0 5574 177
1381449600 0 0 5416 125
1381363200 0 0 3185 4710
1381276800 0 8 3185 2990
1381190400 0 2 5574 1814
1381104000 0 0 5868 180
1381017600 0 0 5868 180
1380931200 0 2 5574 3114
1380844800 0 0 5574 2299
1380758400 0 3 5868 3030
1380672000 0 1 5868 3075
1380585600 0 6 5868 2983
1380499200 0 0 5574 187
1380412800 0 0 5868 180
1380326400 0 3 5574 3073
1380240000 0 5 5574 3045
1380153600 0 3 4288 2632
1380067200 0 4 5868 3117
1379980800 0 4 5574 3132
1379894400 0 0 5574 174
1379808000 0 0 5574 2925
1379721600 0 1 5574 2145
1379635200 0 0 5577 3006
1379548800 0 5 5574 3042
1379462400 0 8 5574 3045
1379376000 0 6 5574 3131
1379289600 0 0 5574 176
1379203200 0 3 5572 2928
1379116800 0 14 3091 3219
1379030400 0 7 5574 3120
1378944000 0 20 5868 16833
1378857600 0 0 5868 2209
1378771200 0 7 5868 3006
1378684800 0 0 6194 193
1378598400 0 1 5868 3044
1378512000 0 29 6024 5430
1378425600 0 15 5868 5040
1378339200 0 7 5868 2889
1378252800 0 8 5574 3057
1378166400 0 3 5868 3030
1378080000 0 0 5868 183
1377993600 0 0 3012 1395
1377907200 0 3 5868 3048
1377820800 0 5 5868 3628
1377734400 0 0 5868 624
1377648000 0 0 5574 2640
1377561600 0 2 5574 3021
1377475200 0 0 5868 188
1377388800 0 0 5868 1362
1377302400 0 0 5421 204
1377216000 0 3 5868 5295
1377129600 0 4 5309 2964
1377043200 0 0 5574 2983
1376956800 0 0 5868 183
1376870400 0 0 5574 179
1376784000 0 2 5574 3123
1376697600 0 1 5574 2274
1376611200 0 5 5574 3111
1376524800 0 5 5574 3060
1376438400 0 3 5574 4824
1376352000 0 2 5868 3069
1376265600 1 0 5868 183
1376179200 1 0 5574 1281
1376092800 1 4 5574 2929
1376006400 1 7 5868 3309
1375920000 0 20 5709 30160
1375833600 0 23 4129 16889
1375747200 0 45 3982 9541
1375660800 0 1 4129 3341
1375574400 0 0 4288 134
1375488000 0 46 4129 10170
1375401600 0 70 4129 16689
1375315200 0 36 4129 14392
1375228800 0 11 4127 9622
1375142400 0 0 4288 142
1375056000 0 0 4288 132
1374969600 0 3 4129 7089
1374883200 0 38 4129 10108
1374796800 0 74 4129 10331
1374710400 0 74 4129 10348
1374624000 0 9 4129 8585
1374537600 0 43 26 18262
1374451200 0 0 4288 128
1374364800 0 0 4288 134
1374278400 0 20 4289 17785
1374192000 0 36 4288 10085
1374105600 0 17 4288 10731
1374019200 0 33 4288 16889
1373932800 0 23 4456 19996
1373846400 0 0 4285 129
1373760000 0 0 4288 130
1373673600 0 11 4456 21304
1373587200 0 33 377 8638
1373500800 0 25 370 2414
1373414400 0 0 373 12
1373328000 0 27 371 2053
1373241600 0 0 372 12
1373155200 0 0 372 12
1373068800 0 12 371 915
1372982400 0 6 370 1654
1372896000 0 38 373 2862
1372809600 0 24 370 2128
1372723200 0 36 372 4573
1372636800 0 0 372 12
1372550400 0 0 371 12
1372464000 0 0 3594 400
1372377600 0 10 3614 10313
1372291200 0 18 3594 13168
1372204800 0 40 3713 14748
1372118400 0 48 3713 12287
1372032000 0 0 3594 108
1371945600 0 5 3716 6973
1371859200 0 0 3616 94
1371772800 0 0 3716 116
1371686400 0 3 3526 4929
1371600000 0 59 3716 22732
1371513600 0 12 3716 6920
1371427200 0 0 3716 114
1371340800 0 0 3614 145
1371254400 0 23 3716 8293
1371168000 0 4 3716 6269
1371081600 0 20 3716 9913
1370995200 0 39 3716 10045
1370908800 0 29 3716 9947
1370822400 0 0 3844 238
1370736000 0 24 3844 8053
1370649600 0 66 3716 20428
1370563200 0 8 3716 3720
1370476800 0 52 3614 10251
1370390400 0 24 3716 10080
1370304000 0 107 3716 13980
1370217600 0 0 3596 112
1370131200 0 0 3596 114
1370044800 0 13 3716 10087
1369958400 0 13 3596 9820
1369872000 0 14 3716 8747
1369785600 0 12 3844 9903
1369699200 0 26 3844 9763
1369612800 0 0 3716 116
1369526400 0 9 3716 7176
1369440000 189 91 144850 43085
1369353600 0 14 3844 8186
1369267200 0 0 2285 2907
1369180800 0 4 3844 4310
1369094400 0 10 3844 9738
1369008000 0 0 3978 108
1368921600 0 32 3844 9972
1368835200 0 15 3844 8710
1368748800 0 24 3844 9900
1368662400 0 25 4 7429
1368576000 1 32 3982 10614
1368489600 1 10 3982 8041
1368403200 1 0 3982 2297
1368316800 1 34 3982 10150
1368230400 1 22 3844 6807
1368144000 1 12 3982 6931
1368057600 1 14 3982 7970
1367971200 1 51 3846 10152
1367884800 1 58 1991 10356
1367798400 1 0 3982 124
1367712000 1 8 3982 10050
1367625600 1 23 3982 8479
1367539200 1 20 3844 10289
1367452800 1 0 4645 5926
1367366400 1 60 4518 10171
1367280000 1 27 4288 10117
1367193600 1 0 4645 145
1367107200 1 34 3982 9850
1367020800 1 9 3844 8564
1366934400 1 46 3982 9779
1366848000 1 22 3982 10298
1366761600 1 9 2593 5785
1366675200 1 37 3982 9943
1366588800 1 0 4129 127
1366502400 1 0 4129 1481
1366416000 1 28 3982 6941
1366329600 1 25 4129 9831
1366243200 1 17 4129 9193
1366156800 1 14 4014 9757
1366070400 1 33 4129 9985
1365984000 1 3 4127 5353
1365897600 1 14 4129 9822
1365811200 1 20 4129 9684
1365724800 1 31 4129 9926
1365638400 1 28 3982 10110
1365552000 1 19 3844 9841
1365465600 1 10 3844 9314
1365379200 0 0 3844 122
1365292800 0 2 3847 7764
1365206400 0 19 3844 10090
1365120000 0 26 3739 9966
1365033600 0 34 3844 10105
1364947200 0 0 3844 122
1364860800 0 0 3844 2843
1364774400 0 0 3982 124
1364688000 0 27 3982 11744
1364601600 0 8 3982 10229
1364515200 0 3 3844 6476
1364428800 0 38 3844 10110
1364342400 0 26 3818 10076
1364256000 0 28 4258 9984
1364169600 0 0 3819 129
1364083200 0 15 3818 10014
1363996800 0 27 3954 7924
1363910400 0 10 4714 9600
1363824000 0 13 3956 8297
1363737600 0 12 4260 9952
1363651200 0 0 3818 2857
1363564800 0 0 3956 133
1363478400 0 3 6151 10157
1363392000 0 10 3814 8876
1363305600 0 1 3818 4717
1363219200 0 0 3819 3238
1363132800 0 14 3692 4579
1363046400 0 440 3648 32678
1362960000 0 0 3774 151
1362873600 0 0 3774 1064
1362787200 0 8 3648 7257
1362700800 0 0 3774 134
1362614400 0 0 3910 143
1362528000 0 0 3774 140
1362441600 0 0 3908 1379
1362355200 0 0 3908 141
1362268800 0 0 3775 138
1362182400 0 0 3774 163
1362096000 0 0 3774 2729
1362009600 0 6 3775 285
1361923200 0 18 3774 10214
1361836800 0 0 3774 1179
1361750400 0 0 3908 147
1361664000 0 0 3774 140
1361577600 0 0 3910 189
1361491200 0 0 3774 140
1361404800 0 0 57 51
1361318400 0 0 3908 145
1361232000 0 0 3774 194
1361145600 0 0 3908 145
1361059200 0 0 3908 145
1360972800 0 8 3774 706
1360886400 0 0 3964 158
1360800000 0 0 3772 149
1360713600 0 0 3956 124
1360627200 0 0 3954 124
1360540800 0 0 3819 120
1360454400 0 0 3872 104
1360368000 0 3 3956 258
1360281600 0 0 3818 124
1360195200 0 0 3956 155
1360108800 0 0 3956 128
1360022400 0 0 3954 738
1359936000 0 0 3956 122
1359849600 0 0 3957 129
1359763200 0 29 3819 252
1359676800 0 0 3874 105
1359590400 0 0 3818 122
1359504000 0 0 3818 189
1359417600 0 27 3819 311
1359331200 0 0 3954 122
1359244800 0 0 3818 123
1359158400 0 0 3818 2843
1359072000 0 0 3874 1329
1358985600 0 0 3818 120
1358899200 0 0 3528 81
1358812800 0 0 3256 101
1358726400 0 0 3954 124
1358640000 0 0 3818 129
1358553600 0 0 3255 132
1358467200 0 0 3818 125
1358380800 0 0 3355 108
1358294400 0 0 3260 107
1358208000 0 0 3818 127
1358121600 0 0 3357 107
1358035200 0 0 3823 125
1357948800 0 43 3258 260
1357862400 0 0 3262 130
1357776000 0 22 3696 1441
1357689600 0 0 4030 335
1357603200 0 0 3819 120
1357516800 0 0 3957 130
1357430400 0 0 3738 90
1357344000 0 0 3956 1230
1357257600 0 0 3990 152
1357171200 0 0 3760 123
1357084800 0 0 5479 158
1356998400 0 0 3960 126
1356912000 0 0 3954 122
1356825600 0 0 3954 131
1356739200 0 34 3820 307
1356652800 0 0 3956 126
1356566400 0 0 3818 1379
1356480000 0 0 3957 129
1356393600 0 0 3954 4372
1356307200 0 24 3948 7331
1356220800 0 0 3353 93
1356134400 0 4 3819 9307
1356048000 0 0 3009 86
1355961600 0 3 3819 3888
1355875200 0 0 3818 3076
1355788800 27 1384 7040 306150
1355702400 0 0 3954 130
1355616000 0 0 3818 123
1355529600 0 2 3954 6763
1355443200 0 0 3692 117
1355356800 0 0 3692 1386
1355270400 0 0 3258 5626
1355184000 0 0 3735 95
1355097600 0 0 0 0
1355011200 0 0 5035 160
1354924800 0 0 4814 151
1354838400 375 9 441952 11675
1354752000 86 0 140651 3154
1354665600 63 0 199915 4281
1354579200 0 0 3819 3193
1354492800 0 0 3818 114
1354406400 0 0 3355 105
1354320000 0 0 3819 120
1354233600 0 0 4102 2976
1354147200 0 0 3954 128
1354060800 0 7 3819 4434
1353974400 5324 122 533381 11092
1353888000 100 3 217373 4650
1353801600 9714 226 631881 14262
1353715200 0 0 3830 83
1353628800 0 0 3258 2016
1353542400 0 0 4339 117
1353456000 290 4 350801 7146
1353369600 0 0 3954 128
1353283200 0 0 3954 126
1353196800 0 0 3818 123
1353110400 0 0 3818 123
1353024000 0 0 3954 2977
1352937600 0 0 3355 112
1352851200 0 0 3874 112
1352764800 0 0 3818 873
1352678400 0 0 4100 131
1352592000 0 0 3818 130
1352505600 0 0 3954 128
1352419200 0 0 3061 183
1352332800 12 0 27630 914
1352246400 274 7 270983 5472
1352160000 0 0 3355 105
1352073600 0 0 4100 152
1351987200 0 0 4100 129
1351900800 0 0 3959 132
1351814400 0 0 3468 141
1351728000 0 0 3956 126
1351641600 0 0 3954 2497
1351555200 0 0 3819 118
1351468800 0 0 4102 913
1351382400 0 0 5275 173
1351296000 0 0 3954 398
1351209600 0 0 5272 178
1351123200 0 0 4618 152
1351036800 0 0 4170 117
1350950400 0 0 3956 124
1350864000 0 0 3464 111
1350777600 0 0 4100 132
1350691200 0 0 4100 134
1350604800 0 0 3791 1292
1350518400 0 0 4016 114
1350432000 0 0 3954 126
1350345600 0 0 4100 1018
1350259200 0 0 4100 132
1350172800 0 0 4100 134
1350086400 0 0 3388 92
1350000000 0 0 4106 1044
1349913600 0 0 3390 291
1349827200 0 0 3954 147
1349740800 0 0 3959 129
1349654400 0 0 1676 70
1349568000 0 0 4013 100
1349481600 0 0 4016 1607
1349395200 0 2 3460 2737
1349308800 0 0 4100 952
1349222400 0 0 4260 342
1349136000 0 0 371 93
1349049600 0 0 4100 134
1348963200 0 0 4100 134
1348876800 0 0 4429 610
1348790400 0 0 3690 593
1348704000 0 0 4100 134
1348617600 0 0 3461 107
1348531200 0 0 4099 162
1348444800 0 0 4104 125
1348358400 0 0 4053 152
1348272000 0 0 3891 123
1348185600 0 14 4035 3099
1348099200 0 32 3910 2071
1348012800 0 0 3910 185
1347926400 0 0 3908 788
1347840000 0 0 3755 116
1347753600 0 0 4053 146
1347667200 0 0 365 41
1347580800 0 0 360 18
1347494400 0 0 366 44
1347408000 0 2 366 729
1347321600 0 0 359 13
1347235200 0 0 4055 146
1347148800 0 0 4051 134
1347062400 0 0 3774 141
1346976000 0 0 3910 139
1346889600 0 0 4053 142
1346803200 0 0 3316 116
1346716800 0 0 4053 1949
1346630400 0 0 4053 152
1346544000 0 0 4053 724
1346457600 0 0 3872 108
1346371200 0 0 4053 1059
1346284800 0 0 4033 128
1346198400 0 0 3420 1123
1346112000 0 0 3908 147
1346025600 0 0 4053 152
1345939200 0 0 4056 159
1345852800 0 0 4053 150
1345766400 70 1 157306 3503
1345680000 0 0 3910 765
1345593600 0 0 3316 732
1345507200 0 0 3874 103
1345420800 0 0 3908 143
1345334400 0 0 3889 762
1345248000 0 0 3910 147
1345161600 0 0 4053 401
1345075200 0 0 4055 146
1344988800 0 0 4033 2944
1344902400 0 2 3460 3087
1344816000 0 0 4104 136
1344729600 0 0 3874 101
1344643200 0 0 4102 947
1344556800 0 0 3956 124
1344470400 0 0 3954 221
1344384000 0 0 4016 3047
1344297600 0 0 3460 1067
1344211200 0 0 4212 152
1344124800 0 0 4100 136
1344038400 0 0 3460 113
1343952000 0 0 2992 95
1343865600 0 0 4258 138
1343779200 0 0 4100 134
1343692800 0 0 4100 134
1343606400 0 0 4100 129
1343520000 0 2 3960 3072
1343433600 0 0 4102 131
1343347200 0 0 3460 458
1343260800 0 0 4016 110
1343174400 0 0 3460 824
1343088000 0 0 4258 132
1343001600 0 0 4100 132
1342915200 0 0 4260 132
1342828800 0 0 4100 129
1342742400 0 0 3954 124
1342656000 0 0 3462 114
1342569600 0 1 4016 2069
1342483200 0 0 4100 129
1342396800 0 0 3464 111
1342310400 0 0 4102 131
1342224000 0 0 2843 2906
1342137600 0 0 3954 913
1342051200 0 0 3954 1158
1341964800 0 0 3956 692
1341878400 0 0 4102 131
1341792000 0 0 3739 101
1341705600 0 5 3954 3038
1341619200 0 4 3954 2858
1341532800 0 0 4258 1962
1341446400 0 1 4721 2549
1341360000 0 0 4102 1164
1341273600 0 0 4 38
1341187200 0 0 6 9
1341100800 0 0 4 3973
1341014400 0 10 4100 8967
1340928000 0 0 5827 191
1340841600 0 0 4258 1204
1340755200 0 0 3954 197
1340668800 0 0 4258 1032
1340582400 0 0 4100 129
1340496000 0 0 4016 1024
1340409600 0 0 4104 1442
1340323200 0 3 4100 2985
1340236800 0 0 4264 144
1340150400 0 9 4258 3092
1340064000 0 0 131 179
1339977600 0 0 0 0
1339891200 0 0 3 3
1339804800 0 0 0 0
1339718400 0 0 0 0
1339632000 0 0 0 0
1339545600 0 0 0 0
1339459200 0 0 0 0
1339372800 0 0 0 0
1339286400 0 0 0 0
1339200000 0 0 0 0
1339113600 0 0 0 0
1339027200 0 0 0 0
1338940800 0 0 0 0
1338854400 0 0 0 0
1338768000 0 0 0 0
1338681600 0 0 0 0
1338595200 0 0 0 0
1338508800 0 0 0 0
1338422400 0 0 0 0
1338336000 0 0 0 0
1338249600 0 0 0 0
1338163200 0 0 0 0
1338076800 0 0 0 0
1337990400 0 0 0 0
1337904000 0 0 0 0
1337817600 0 0 0 0
1337731200 0 0 0 0
1337644800 0 0 0 0
1337558400 0 0 0 0
1337472000 0 0 0 0
1337385600 0 0 0 0
1337299200 0 0 0 0
1337212800 0 0 0 0
1337126400 0 0 0 0
1337040000 0 0 0 0
1336953600 0 0 0 0
1336867200 0 0 0 0
1336780800 0 0 0 0
1336694400 0 0 0 0
1336608000 0 0 0 0
1336521600 0 0 0 0
1336435200 0 0 0 0
1336348800 0 0 0 0
1336262400 0 0 0 0
1336176000 0 0 0 0
1336089600 0 0 0 0
1336003200 0 0 0 0
1335916800 0 0 0 0
1335830400 0 0 0 0
1335744000 0 0 0 0
1335657600 0 0 0 0
1335571200 0 0 0 0
1335484800 0 0 0 0
1335398400 0 0 0 0
1335312000 0 0 0 0
1335225600 0 0 0 0
1335139200 0 0 0 0
1335052800 0 0 0 0
1334966400 0 0 0 0
1334880000 0 0 0 0
1334793600 0 0 0 0
1334707200 0 0 0 0
1334620800 0 0 0 0
1334534400 0 0 0 0
1334448000 0 0 0 0
1334361600 0 0 0 0
1334275200 0 0 0 0
1334188800 0 0 0 0
1334102400 0 0 0 0
1334016000 0 0 0 0
1333929600 0 0 0 0
1333843200 0 0 0 0
1333756800 0 0 0 0
1333670400 0 0 0 0
1333584000 0 0 0 0
1333497600 0 0 0 0
1333411200 0 0 0 0
1333324800 0 0 0 0
1333238400 0 0 0 0
1333152000 0 0 0 0
1333065600 0 0 0 0
1332979200 0 0 0 0
1332892800 0 0 0 0
1332806400 0 0 0 0
1332720000 0 0 0 0
1332633600 0 0 0 0
1332547200 0 0 0 0
1332460800 0 0 0 0
1332374400 0 0 0 0
1332288000 0 0 0 0
1332201600 0 0 0 0
1332115200 0 0 0 0
1332028800 0 0 0 0
1331942400 0 0 0 0
1331856000 0 0 0 0
1331769600 0 0 0 0
1331683200 0 0 0 0
1331596800 0 0 0 0
1331510400 0 0 0 0
1331424000 0 0 0 0
1331337600 0 0 0 0
1331251200 0 0 0 0
1331164800 0 0 0 0
1331078400 0 0 0 0
1330992000 0 0 0 0
1330905600 0 0 0 0
1330819200 0 0 0 0
1330732800 0 0 0 0
1330646400 0 0 0 0
1330560000 0 0 0 0
1330473600 0 0 0 0
1330387200 0 0 0 0
1330300800 0 0 0 0
1330214400 0 0 0 0
1330128000 0 0 0 0
1330041600 0 0 0 0
1329955200 0 0 0 0
1329868800 0 0 0 0
1329782400 0 0 0 0
1329696000 0 0 0 0
1329609600 0 0 0 0
1329523200 0 0 0 0
1329436800 0 0 0 0
1329350400 0 0 0 0
1329264000 0 0 0 0
1329177600 0 0 0 0
1329091200 0 0 0 0
1329004800 0 0 0 0
1328918400 0 0 0 0
1328832000 0 0 0 0
