1397587482 9022745925 7559293744
1397587482 77972 19473 77972 19473
1397587461 40503 18684 84464 39969
1397587200 40191 39577 59312 94732
1397586900 18488 15260 34090 31745
1397586600 21188 13196 42323 72190
1397586300 51501 15113 78998 89358
1397586000 51933 24572 62650 38584
1397585700 61889 35931 75533 46458
1397585400 53582 30226 67521 79116
1397585100 51383 22537 70813 79116
1397584800 53513 30542 70813 79988
1397584500 36861 34206 50207 78770
1397584200 33235 32105 42399 44203
1397583900 17793 10730 27801 18509
1397583600 40914 35566 52146 52181
1397583300 49124 42676 61298 63162
1397583000 45654 42178 61558 92289
1397582700 40425 29654 63423 91208
1397582400 31794 23014 47714 39210
1397582100 22220 22252 32199 81839
1397581800 15973 15486 22913 75872
1397581500 14567 14432 27524 69191
1397581200 10899 5680 26006 13367
1397580900 16271 8786 31959 26031
1397580600 20291 13108 47272 51612
1397580300 25451 21488 35806 31881
1397580000 34758 31167 55854 58096
1397579700 51954 43308 63846 61446
1397579400 42526 28483 59209 65172
1397579100 31633 29430 36899 85258
1397578800 27400 30622 41101 85258
1397578500 22733 20663 28752 71842
1397578200 13707 17069 24090 75885
1397577900 33307 30371 62796 71496
1397577600 25452 25802 35425 75327
1397577300 26643 26133 34830 55296
1397577000 36270 28745 54394 83776
1397576700 55013 27892 62844 35478
1397576400 40677 20377 54773 65043
1397576100 42102 15555 61724 65043
1397575800 42193 16282 57729 33620
1397575500 18500 4616 33191 12969
1397575200 14827 7958 26579 38525
1397574900 19013 18931 35116 67737
1397574600 33622 26616 47073 34328
1397574300 34233 17782 47073 22753
1397574000 52658 44974 69939 62926
1397573700 30971 26903 50755 51611
1397573400 19645 13600 27229 21583
1397573100 30910 27084 40444 34914
1397572800 39074 43524 44484 57167
1397572500 44582 33281 56711 36352
1397572200 37882 19195 56711 32751
1397571900 25430 25345 53319 86159
1397571600 42628 27060 62741 50840
1397571300 23970 20145 44123 43437
1397571000 35568 33844 53092 51924
1397570700 54201 60386 91578 124116
1397570400 36740 35722 49797 50625
1397570100 48082 56967 71278 134610
1397569800 51042 50485 75882 87456
1397569500 36966 30932 67786 95845
1397569200 46274 35031 98489 50180
1397568900 27536 19011 51194 23524
1397568600 25381 21944 38984 33452
1397568300 25464 20031 38984 95416
1397568000 22517 25969 30824 95416
1397567700 17122 27683 21929 82428
1397567400 13791 9195 18954 14136
1397567100 24557 19826 30435 24673
1397566800 36753 32949 46776 42595
1397566500 23102 16691 32239 72850
1397566200 17255 15769 31132 88047
1397565900 17864 6843 39777 14571
1397565600 16048 11142 38964 34213
1397565300 12145 7667 37307 34167
1397565000 14397 9607 34312 24408
1397564700 12555 8582 18219 13043
1397564400 15003 10566 23021 18765
1397564100 31950 28431 47628 43781
1397563800 36248 32913 55362 44463
1397563500 26316 23094 34842 31333
1397563200 17450 11789 25433 21649
1397562900 8442 3582 18208 12268
1397562600 20247 16388 31368 29071
1397562300 14294 9606 19379 13517
1397562000 6089 3596 13142 11272
1397561700 6452 3362 15451 11727
1397561400 6375 4935 14422 12295
1397561100 1353 924 2811 2262
1397560800 6945 869 27171 1561
1397560500 18336 1155 46384 1858
1397560200 6466 6155 10735 10655
1397559900 1477 753 2667 907
1397559600 677 651 2667 907
1397559300 647 641 774 743
1397559000 631 625 751 719
1397558700 631 625 725 705
1397558400 652 642 825 750
1397558100 647 641 776 752
1397557800 661 649 762 713
1397557500 641 637 795 769
1397557200 1211 659 1815 755
1397556900 1711 638 1895 757
1397556600 1731 647 1874 727
1397556300 1438 674 1820 768
1397556000 669 656 1032 757
1397555700 667 649 848 742
1397555400 665 655 878 815
1397555100 653 647 792 739
1397554800 662 651 771 729
1397554500 657 650 792 780
1397554200 646 637 823 757
1397553900 657 648 968 860
1397553600 667 656 846 786
1397553300 650 643 797 740
1397553000 657 649 762 760
1397552700 732 682 909 760
1397552400 669 654 873 789
1397552100 663 652 885 793
1397551800 682 667 842 757
1397551500 661 654 778 754
1397551200 654 645 800 739
1397550900 663 654 830 760
1397550600 666 657 802 783
1397550300 657 651 802 783
1397550000 666 655 828 805
1397549700 664 655 828 805
1397549400 668 658 831 804
1397549100 717 681 840 780
1397548800 674 660 801 759
1397548500 658 651 787 745
1397548200 657 648 839 802
1397547900 669 659 839 802
1397547600 660 651 830 804
1397547300 653 644 797 725
1397547000 684 668 872 781
1397546700 661 653 776 755
1397546400 667 656 757 721
1397546100 677 658 953 770
1397545800 661 653 917 849
1397545500 721 686 837 789
1397545200 670 659 800 798
1397544900 673 664 1033 972
1397544600 669 657 1033 972
1397544300 660 652 876 820
1397544000 674 662 908 820
1397543700 648 644 832 749
1397543400 663 652 775 727
1397543100 666 657 746 743
1397542800 665 655 807 783
1397542500 658 649 993 830
1397542200 662 651 873 752
1397541900 713 677 805 754
1397541600 661 649 805 752
1397541300 657 649 785 730
1397541000 673 663 935 853
1397540700 663 654 784 780
1397540400 660 651 792 753
1397540100 653 642 778 757
1397539800 667 659 793 766
1397539500 661 653 886 767
1397539200 659 650 890 803
1397538900 657 649 805 797
1397538600 643 635 784 783
1397538300 718 681 789 730
1397538000 666 656 887 836
1397537700 651 645 776 752
1397537400 665 653 798 768
1397537100 663 655 784 768
1397536800 658 649 778 768
1397536500 665 650 927 823
1397536200 637 631 787 727
1397535900 650 641 778 708
1397535600 656 641 761 745
1397535300 651 641 781 743
1397535000 659 649 766 716
1397534700 696 664 807 719
1397534400 665 654 836 754
1397534100 655 647 792 769
1397533800 663 648 773 768
1397533500 656 645 871 799
1397533200 645 639 835 778
1397532900 645 638 814 755
1397532600 657 646 782 760
1397532300 664 651 787 760
1397532000 660 649 787 772
1397531700 643 637 800 763
1397531400 650 641 871 839
1397531100 705 671 800 733
1397530800 652 655 800 770
1397530500 649 653 855 857
1397530200 654 657 858 857
1397529900 632 639 789 757
1397529600 664 666 829 774
1397529300 663 663 895 807
1397529000 651 655 775 765
1397528700 642 647 889 781
1397528400 664 662 791 769
1397528100 656 663 810 766
1397527800 662 664 793 754
1397527500 713 692 813 800
1397527200 659 661 881 800
1397526900 627 635 762 739
1397526600 665 667 778 714
1397526300 628 631 755 784
1397526000 653 657 882 838
1397525700 657 662 805 809
1397525400 653 655 798 803
1397525100 666 666 754 747
1397524800 652 655 764 701
1397524500 668 664 803 782
1397524200 671 668 791 756
1397523900 731 702 824 770
1397523600 684 676 824 793
1397523300 652 658 767 743
1397523000 663 662 873 795
1397522700 643 651 738 729
1397522400 665 669 805 774
1397522100 647 650 774 732
1397521800 656 656 790 732
1397521500 657 662 728 733
1397521200 757 708 1500 1105
1397520900 1858 1686 10705 10237
1397520600 4273 3647 11435 10712
1397520300 1849 1104 2944 1458
1397520000 2107 1160 3872 1853
1397519700 2521 1279 4621 2233
1397519400 2236 1491 4621 5546
1397519100 3268 1378 4710 1914
1397518800 3115 1578 4457 2495
1397518500 10513 8480 15470 12419
1397518200 5482 2666 10681 8280
1397517900 3796 1791 5061 3535
1397517600 3728 1530 5545 2044
1397517300 3228 1609 4993 3357
1397517000 7691 5172 23064 13304
1397516700 8775 4823 23064 12729
1397516400 13674 9779 20585 15460
1397516100 22281 20527 33296 32111
1397515800 11874 9508 17205 12716
1397515500 21793 20351 26625 26540
1397515200 19606 17889 30000 31144
1397514900 17037 15905 27633 26717
1397514600 25083 24133 34907 32489
1397514300 20425 19344 32378 33526
1397514000 27202 27821 48139 50066
1397513700 21506 21191 48139 50066
1397513400 24388 20939 32832 28434
1397513100 32462 32864 39121 40330
1397512800 42072 44389 57118 60781
1397512500 24805 23775 38872 39424
1397512200 7041 4432 15215 12261
1397511900 11342 8942 15430 12629
1397511600 7836 4487 22307 21428
1397511300 27544 24973 39848 37369
1397511000 26807 26805 32576 32143
1397510700 37664 37307 50935 51769
1397510400 31176 29929 49013 51094
1397510100 32339 31424 41458 42541
1397509800 46515 48768 66417 70876
1397509500 37666 37214 53280 53152
1397509200 39943 39007 48501 47921
1397508900 29902 28033 35813 33515
1397508600 24451 20586 33308 31519
1397508300 34496 33045 52267 54547
1397508000 40269 41745 53311 54731
1397507700 36535 37595 46694 50493
1397507400 27980 27040 37014 37604
1397507100 30815 29292 41633 41596
1397506800 37323 35565 43240 41425
1397506500 37939 35707 43855 42273
1397506200 34443 32950 50662 51617
1397505900 33560 31091 47623 47066
1397505600 38561 32774 52100 43711
1397505300 27586 20950 44522 37994
1397505000 16910 13577 39915 30695
1397504700 19167 16942 35465 34131
1397504400 28244 27032 39203 39134
1397504100 32953 33128 46371 50179
1397503800 45871 48046 51233 54302
1397503500 47987 50834 70929 79232
1397503200 15889 13498 32954 31654
1397502900 16436 14729 26685 40328
1397502600 42688 10188 101764 40328
1397502300 81642 29761 122415 43584
1397502000 89290 22134 117967 34105
1397501700 27475 9587 104624 20274
1397501400 37730 14375 70620 33267
1397501100 65231 22214 79175 42322
1397500800 112742 13508 245280 20345
1397500500 23789 9345 170225 23056
1397500200 12772 8350 24099 22400
1397499900 45042 39702 76141 90396
1397499600 42547 27890 91964 87281
1397499300 16494 12451 23649 21109
1397499000 34789 29739 72114 45220
1397498700 34211 23099 45643 29650
1397498400 33232 43347 45643 98950
1397498100 28066 20005 36016 85776
1397497800 28360 18880 34632 30867
1397497500 35840 26570 45782 37371
1397497200 55104 45901 82918 78461
1397496900 30476 22338 41696 50701
1397496600 24066 8723 63555 21600
1397496300 29705 33011 43736 143744
1397496000 48001 44624 64808 102028
1397495700 39361 32166 47451 52151
1397495400 43099 27796 85153 43678
1397495100 39259 30961 79321 64104
1397494800 54501 48817 88821 68158
1397494500 45249 43812 100486 88536
1397494200 17223 11026 29532 24801
1397493900 25319 24702 37618 79279
1397493600 19506 12843 26342 14294
1397493300 19837 16196 30608 78254
1397493000 25556 21022 42728 61914
1397492700 14501 10013 30717 23995
1397492400 26744 14640 53227 45428
1397492100 15229 11638 29627 20780
1397491800 37027 26060 126805 38860
1397491500 16770 12289 42960 36087
1397491200 35568 31860 53549 53263
1397490900 30564 26666 54917 53557
1397490600 33955 34013 44640 71680
1397490300 35673 42489 42503 98233
1397490000 39833 34747 47910 42352
1397489700 42112 38758 51804 47040
1397489400 26391 28485 36374 63638
1397489100 35763 39185 52203 94416
1397488800 28543 29442 38752 95088
1397488500 22966 20299 34706 33212
1397488200 30704 33726 37243 94806
1397487900 30833 26207 40057 37430
1397487600 159973 48337 262620 105339
1397487300 271103 44645 306975 105339
1397487000 246380 45145 300089 127643
1397486700 244749 33711 288981 127643
1397486400 108021 40992 287542 95838
1397486100 49689 52230 61428 63672
1397485800 31337 30041 36836 35177
1397485500 44845 47483 61018 97083
1397485200 23146 27399 44328 72040
1397484900 9949 11972 25199 41050
1397484600 22816 19961 42392 33223
1397484300 20637 17155 26050 22595
1397484000 20034 17682 29644 25617
1397483700 32407 32485 47080 49218
1397483400 46198 57446 59431 118556
1397483100 36535 35945 45660 45460
1397482800 26678 24541 38726 34666
1397482500 36256 43177 46794 108504
1397482200 37948 36699 45423 46672
1397481900 33795 32758 41224 39763
1397481600 18172 14306 23826 21589
1397481300 29154 26921 45663 44686
1397481000 35994 35245 58724 62111
1397480700 29674 27347 49514 54441
1397480400 21891 16699 30355 25147
1397480100 10928 8016 25761 21999
1397479800 20923 15607 40151 23433
1397479500 37420 15440 59304 25992
1397479200 33990 19226 51352 71941
1397478900 13216 8608 34613 22814
1397478600 23145 17328 34422 23148
1397478300 15601 10694 28267 23856
1397478000 9969 5635 18180 12684
1397477700 21591 16959 34296 31347
1397477400 26963 23268 42648 40988
1397477100 24844 19101 33998 29516
1397476800 17012 11230 33998 29516
1397476500 16235 7540 46465 14231
1397476200 26188 14002 46465 24160
1397475900 17709 14915 36990 32876
1397475600 8217 5321 32242 30414
1397475300 10334 9673 21491 20932
1397475000 4959 4191 13630 11548
1397474700 8754 7434 19729 18831
1397474400 2242 858 7983 1230
1397474100 1291 648 6103 941
1397473800 395 398 1038 894
1397473500 396 392 518 459
1397473200 345 361 515 420
1397472900 331 356 418 392
1397472600 350 363 537 440
1397472300 340 359 448 406
1397472000 346 362 541 407
1397471700 334 357 433 406
1397471400 355 362 448 421
1397471100 336 358 433 406
1397470800 358 371 522 440
1397470500 333 358 402 380
1397470200 346 362 515 420
1397469900 396 390 516 458
1397469600 349 362 537 440
1397469300 341 357 433 408
1397469000 348 362 521 426
1397468700 332 356 412 386
1397468400 356 364 532 438
1397468100 335 358 422 394
1397467800 347 361 520 425
1397467500 333 356 455 427
1397467200 346 361 532 435
1397466900 342 359 475 392
1397466600 347 362 558 460
1397466300 409 395 508 441
1397466000 345 359 532 438
1397465700 346 357 449 395
1397465400 348 362 546 444
1397465100 335 357 433 406
1397464800 349 362 522 426
1397464500 340 356 452 394
1397464200 347 363 558 460
1397463900 333 358 422 394
1397463600 348 363 563 462
1397463300 333 357 433 406
1397463000 348 363 548 448
1397462700 389 385 477 436
1397462400 355 366 522 436
1397462100 334 357 428 401
1397461800 348 363 558 460
1397461500 336 358 422 394
1397461200 349 363 531 429
1397460900 333 356 439 412
1397460600 347 362 532 435
1397460300 335 357 422 394
1397460000 347 361 436 406
1397459700 332 357 417 389
1397459400 347 364 532 438
1397459100 388 386 478 436
1397458800 356 369 541 441
1397458500 332 357 402 383
1397458200 347 361 515 420
1397457900 333 357 422 394
1397457600 347 363 532 438
1397457300 358 377 734 701
1397457000 348 363 531 429
1397456700 332 356 428 401
1397456400 347 361 532 438
1397456100 334 356 422 394
1397455800 351 365 541 444
1397455500 394 389 481 439
1397455200 348 363 541 441
1397454900 342 359 562 418
1397454600 355 363 546 444
1397454300 334 357 428 404
1397454000 348 361 515 420
1397453700 332 357 433 406
1397453400 348 363 532 435
1397453100 332 357 422 396
1397452800 350 363 544 447
1397452500 334 356 450 424
1397452200 352 364 572 468
1397451900 395 391 513 456
1397451600 345 360 535 443
1397451300 332 357 439 412
1397451000 349 363 544 447
1397450700 333 356 422 394
1397450400 348 362 520 420
1397450100 332 355 450 424
1397449800 349 364 541 441
1397449500 334 358 402 383
1397449200 346 361 541 441
1397448900 333 358 418 392
1397448600 353 362 515 420
1397448300 398 392 518 460
1397448000 344 361 516 420
1397447700 331 356 402 380
1397447400 347 363 541 441
1397447100 335 356 402 380
1397446800 350 364 552 449
1397446500 333 357 433 406
1397446200 347 362 535 443
1397445900 332 357 418 392
1397445600 347 363 544 447
1397445300 334 356 412 386
1397445000 346 362 537 440
1397444700 393 390 478 437
1397444400 492 367 2381 440
1397444100 332 357 428 401
1397443800 348 362 556 448
1397443500 333 357 428 404
1397443200 361 362 545 441
1397442900 333 358 422 394
1397442600 346 361 541 441
1397442300 333 357 433 404
1397442000 347 362 516 420
1397441700 333 355 402 383
1397441400 347 363 550 444
1397441100 401 391 520 460
1397440800 345 359 559 457
1397440500 336 355 439 412
1397440200 348 362 544 447
1397439900 337 357 417 389
1397439600 357 361 542 446
1397439300 335 356 428 381
1397439000 345 361 558 460
1397438700 330 353 439 412
1397438400 348 361 516 420
1397438100 333 355 438 408
1397437800 348 363 541 441
1397437500 398 389 493 439
1397437200 348 363 548 448
1397436900 334 357 433 406
1397436600 347 361 541 441
1397436300 335 356 433 406
1397436000 351 362 558 460
1397435700 331 355 422 394
1397435400 347 362 537 440
1397435100 333 356 412 386
1397434800 347 361 532 438
1397434500 333 356 418 392
1397434200 347 362 558 460
1397433900 397 391 533 469
1397433600 343 358 532 438
1397433300 332 355 439 412
1397433000 347 362 558 460
1397432700 338 357 450 422
1397432400 346 361 516 420
1397432100 332 356 418 392
1397431800 349 362 516 420
1397431500 331 355 412 419
1397431200 355 362 558 460
1397430900 333 356 422 394
1397430600 344 361 532 438
1397430300 394 390 478 437
1397430000 368 364 532 438
1397429700 338 357 430 395
1397429400 345 360 532 438
1397429100 331 354 402 380
1397428800 349 363 558 460
1397428500 332 354 438 408
1397428200 350 362 441 401
1397427900 334 357 402 383
1397427600 2398 2391 9996 9935
1397427300 333 356 402 383
1397427000 348 362 541 441
1397426700 396 390 519 460
1397426400 347 361 558 460
1397426100 332 356 422 394
1397425800 352 873 515 4028
1397425500 332 356 433 406
1397425200 354 361 521 425
1397424900 339 359 429 380
1397424600 347 362 558 457
1397424300 334 356 439 412
1397424000 347 361 532 438
1397423700 333 356 417 389
1397423400 346 362 458 419
1397423100 396 390 521 460
1397422800 349 362 532 438
1397422500 333 357 417 389
1397422200 346 362 458 419
1397421900 342 356 481 383
1397421600 348 362 541 441
1397421300 338 359 532 438
1397421000 345 361 434 406
1397420700 334 358 439 412
1397420400 346 361 516 420
1397420100 332 356 439 412
1397419800 348 362 451 425
1397419500 405 390 508 436
1397419200 350 363 516 436
1397418900 333 357 439 412
1397418600 348 362 510 406
1397418300 342 374 457 568
1397418000 346 362 434 403
1397417700 337 357 402 383
1397417400 347 363 541 441
1397417100 333 357 422 394
1397416800 348 362 558 460
1397416500 332 355 455 427
1397416200 346 362 448 407
1397415900 395 391 520 460
1397415600 349 360 445 411
1397415300 333 358 470 436
1397415000 347 361 558 460
1397414700 334 356 402 383
1397414400 349 362 445 411
1397414100 332 355 428 404
1397413800 348 362 456 423
1397413500 334 357 422 394
1397413200 347 363 450 403
1397412900 333 359 433 406
1397412600 346 362 456 423
1397412300 395 391 483 440
1397412000 347 362 541 441
1397411700 331 355 417 391
1397411400 348 363 456 423
1397411100 333 358 422 394
1397410800 348 363 453 417
1397410500 333 356 412 386
1397410200 352 362 439 405
1397409900 334 359 422 394
1397409600 348 361 453 417
1397409300 333 358 412 387
1397409000 353 363 426 388
1397408700 396 392 519 460
1397408400 346 360 448 407
1397408100 332 355 455 427
1397407800 349 364 451 425
1397407500 361 538 1203 7789
1397406600 350 364 482 440
1397404800 341 359 516 440
1397403000 353 367 572 585
1397401200 340 358 558 460
1397399400 349 363 541 441
1397397600 340 359 558 460
1397395800 350 364 541 461
1397394000 340 361 541 580
1397392200 350 364 520 461
1397390400 339 358 532 438
1397388600 350 364 532 456
1397386800 340 358 532 438
1397385000 350 364 536 462
1397383200 339 359 561 446
1397381400 351 364 549 450
1397379600 340 359 567 463
1397377800 352 364 520 461
1397376000 339 358 451 413
1397374200 350 364 493 443
1397372400 340 360 766 723
1397370600 353 366 766 723
1397368800 340 359 495 445
1397367000 350 365 497 446
1397365200 339 359 497 446
1397363400 350 364 534 459
1397361600 344 356 865 427
1397359800 349 364 495 444
1397358000 339 357 495 444
1397356200 351 364 541 469
1397354400 341 358 497 424
1397352600 352 363 544 444
1397350800 339 359 495 444
1397349000 354 364 550 467
1397347200 340 358 456 420
1397345400 348 364 495 445
1397343600 650 652 10834 10381
1397341800 2313 1795 11843 10391
1397340000 344 359 633 443
1397338200 2995 2890 11426 10577
1397336400 3479 3304 15141 13354
1397334600 4471 4359 12315 11155
1397332800 4751 4291 22301 22053
1397331000 6056 5452 13794 11572
1397329200 1615 1384 11486 10590
1397327400 3995 3152 12672 11166
1397325600 12871 12931 28037 30204
1397323800 6604 6365 20532 21197
1397322000 7439 7507 19211 20434
1397320200 4726 4337 21867 32687
1397318400 11769 10262 36325 35868
1397316600 16466 16410 40735 40928
1397314800 13369 11444 30225 31179
1397313000 6646 6549 20331 35390
1397311200 7897 6948 21616 20656
1397309400 15901 15592 32230 32485
1397307600 5926 5654 19628 20706
1397305800 6629 6434 21397 21447
1397304000 2150 2101 10952 10718
1397302200 666 656 924 838
1397300400 654 648 906 827
1397298600 665 654 824 800
1397296800 656 651 841 819
1397295000 675 655 1235 788
1397293200 657 651 902 824
1397291400 667 656 855 806
1397289600 660 654 891 821
1397287800 666 656 845 809
1397286000 657 649 858 798
1397284200 668 656 829 768
1397282400 658 651 939 874
1397280600 665 655 907 844
1397278800 650 647 861 801
1397277000 660 647 841 819
1397275200 653 647 909 823
1397273400 662 651 814 797
1397271600 663 667 885 799
1397269800 658 663 842 828
1397268000 661 668 890 826
1397266200 659 662 922 839
1397264400 2131 2093 11019 10644
1397262600 749 691 2040 1368
1397260800 2527 1741 14958 11852
1397259000 8910 7373 23539 21786
1397257200 20771 19453 37912 31648
1397255400 30480 30651 64025 69984
1397253600 22171 21499 50931 55134
1397251800 19462 17953 52785 44334
1397250000 14888 12162 36631 38676
1397248200 36247 26258 189961 280542
1397246400 31070 30016 52263 53317
1397244600 36347 35882 65478 65554
1397242800 26830 23661 55486 52488
1397241000 19768 15646 41130 41928
1397239200 20370 19166 39737 109946
1397237400 43457 36960 166539 118267
1397235600 36904 19551 115333 91790
1397233800 27631 24294 54611 87670
1397232000 21789 15981 67011 65971
1397230200 59142 32889 205818 91740
1397228400 38556 43450 173630 114751
1397226600 44393 43247 119407 124256
1397224800 31302 32010 62959 117113
1397223000 35004 31020 68740 97318
1397221200 31417 20863 240016 120157
1397219400 21487 15179 47031 57214
1397217600 17810 12705 48992 22802
1397215800 5226 4277 16277 12465
1397214000 686 675 4537 4347
1397212200 652 647 812 767
1397210400 662 658 840 812
1397208600 684 665 1494 798
1397206800 664 658 911 821
1397205000 673 664 847 798
1397203200 668 663 968 840
1397201400 675 666 893 868
1397199600 665 657 898 839
1397197800 671 662 880 835
1397196000 666 660 830 816
1397194200 683 672 1133 1015
1397192400 667 659 911 816
1397190600 669 662 911 830
1397188800 663 657 919 830
1397187000 665 658 867 806
1397185200 678 683 896 852
1397183400 683 687 895 811
1397181600 678 686 890 1011
1397179800 687 691 960 886
1397178000 665 673 946 875
1397176200 714 688 2942 875
1397174400 2383 1508 13904 10960
1397172600 5548 3562 17217 13641
1397170800 7938 5632 17670 13743
1397169000 11995 9496 27808 23380
1397167200 15390 12735 34483 32228
1397165400 14699 13894 37916 36215
1397163600 12567 10190 24466 23619
1397161800 18283 10969 104870 32853
1397160000 12853 14376 42113 272968
1397158200 24107 23066 48497 50735
1397156400 13118 10113 32237 31672
1397154600 16975 13021 48509 25499
1397152800 15756 12955 31229 30447
1397151000 20825 18144 48989 51045
1397149200 18814 15819 36503 34540
1397147400 41937 44636 68946 89467
1397145600 18542 17712 37704 41157
1397143800 9466 7651 25879 22706
1397142000 18209 15137 41565 41339
1397140200 30417 29972 63346 70076
1397138400 20704 15518 52769 41053
1397136600 12675 10361 40464 36495
1397134800 17743 13958 41467 80748
1397133000 14925 11678 44907 89548
1397131200 3988 1752 12613 9561
1397129400 5450 5279 11244 10729
1397127600 661 642 877 800
1397125800 677 653 898 798
1397124000 669 652 1080 910
1397122200 686 656 1381 802
1397120400 675 654 946 833
1397118600 680 656 995 838
1397116800 670 649 960 867
1397115000 678 657 896 821
1397113200 669 650 906 824
1397111400 692 674 917 840
1397109600 683 671 913 841
1397107800 694 677 910 837
1397106000 680 667 949 820
1397104200 685 670 982 870
1397102400 682 668 1111 930
1397100600 686 670 955 787
1397098800 693 699 969 888
1397097000 702 704 1423 1172
1397095200 698 701 943 850
1397093400 704 705 1287 1127
1397091600 1324 1304 11082 10697
1397089800 1513 1280 9092 8264
1397088000 8130 6440 33115 20282
1397086200 11699 9596 25001 24851
1397084400 12512 10106 47662 30720
1397082600 6689 5338 25121 22552
1397080800 14571 12008 29596 29293
1397079000 29327 29582 62830 69194
1397077200 27907 26536 48438 48596
1397075400 20457 17755 55507 61568
1397073600 19928 16462 54660 59013
1397071800 26907 24542 177778 177107
1397070000 28498 28944 61407 142211
1397068200 33750 27891 59720 79019
1397066400 33767 25518 94437 106950
1397064600 32486 23305 86795 82694
1397062800 34352 33066 65475 85266
1397061000 33688 30073 70502 108201
1397059200 31343 27512 59258 97391
1397057400 35536 36874 65284 102027
1397055600 34190 23065 134832 110840
1397053800 35285 32565 83715 109219
1397052000 21026 19329 47727 102027
1397050200 30413 25283 72259 109939
1397048400 26027 22351 49561 83084
1397046600 19730 15830 35308 32946
1397044800 21672 17377 44549 31994
1397043000 9638 9575 20184 21395
1397041200 768 676 5095 1126
1397039400 651 652 893 797
1397037600 660 662 842 828
1397035800 687 675 1621 1242
1397034000 663 665 888 926
1397032200 669 669 825 806
1397030400 663 665 909 830
1397028600 674 671 887 848
1397026800 662 665 878 861
1397025000 671 672 845 826
1397023200 662 658 922 797
1397021400 672 666 1473 1174
1397019600 561 565 866 820
1397017800 592 588 1136 821
1397016000 616 621 814 823
1397014200 669 667 852 811
1397012400 669 687 835 848
1397010600 682 693 816 845
1397008800 670 686 900 878
1397007000 681 696 1077 1058
1397005200 672 689 1123 1279
1397003400 3593 3385 12654 12479
1397001600 4437 3166 25208 22601
1396999800 11141 10809 21892 58456
1396998000 6153 4630 21830 20409
1396996200 33987 31311 62767 63371
1396994400 41440 41075 69418 74112
1396992600 38371 36558 67114 70688
1396990800 40572 39560 86457 93069
1396989000 30925 27667 54903 54489
1396987200 30389 30196 57506 62556
1396985400 51742 52788 77674 76493
1396983600 48263 48012 81014 88281
1396981800 60002 42431 203958 93736
1396980000 57985 36250 127396 162182
1396978200 47600 40407 106322 117287
1396976400 29588 25265 56099 96264
1396974600 42672 44186 73094 115711
1396972800 49470 54975 78634 129852
1396971000 39984 45124 67635 153039
1396969200 29631 29310 45685 85979
1396967400 38202 41777 101666 106778
1396965600 46387 39625 89720 105089
1396963800 30511 25516 56143 52857
1396962000 26849 19983 81432 98611
1396960200 30181 25921 87839 98611
1396958400 16158 11987 39236 68395
1396956600 6011 5392 20901 21284
1396954800 651 665 867 845
1396953000 678 681 1636 1348
1396951200 662 673 1022 860
1396949400 677 684 1527 1275
1396947600 658 675 888 867
1396945800 671 681 830 814
1396944000 664 673 850 840
1396942200 672 685 833 828
1396940400 659 675 882 862
1396938600 673 684 1660 1355
1396936800 655 669 819 820
1396935000 717 682 1643 1332
1396933200 704 671 1305 870
1396931400 727 684 1356 857
1396929600 730 679 1524 861
1396927800 711 676 1311 839
1396926000 734 703 1457 853
1396924200 731 705 1328 882
1396922400 698 699 1097 875
1396920600 773 712 1533 956
1396918800 1125 772 11624 1851
1396917000 2751 1282 9922 4058
1396915200 3544 1879 17336 11974
1396913400 9558 7039 24494 20986
1396911600 24487 21330 44097 39293
1396909800 29251 26163 50441 51179
1396908000 27670 25172 67041 69605
1396906200 31124 30480 54182 58009
1396904400 28051 26101 65955 76202
1396902600 33389 33173 81582 127034
1396900800 45050 46018 87706 98059
1396899000 47996 46062 84251 91968
1396897200 35028 33666 72436 154178
1396895400 36108 36774 68615 106536
1396893600 45521 44130 101137 179421
1396891800 51468 35146 181066 80531
1396890000 58776 42153 124041 146399
1396888200 56138 43050 84395 83349
1396886400 40333 35611 78411 95571
1396884600 53524 35825 76419 124329
1396882800 60844 46460 105037 142999
1396881000 38489 36774 67262 114161
1396879200 35795 28705 85858 62603
1396877400 32401 21462 102897 83381
1396875600 26598 16730 63105 58156
1396873800 17532 12610 54022 33941
1396872000 20565 13227 51557 45694
1396870200 2574 2238 11594 11105
1396868400 684 871 977 1131
1396866600 678 865 1048 1130
1396864800 684 872 933 1110
1396863000 695 878 982 1071
1396861200 683 871 933 1079
1396859400 684 869 1528 1511
1396857600 689 875 922 1072
1396855800 699 883 1054 1048
1396854000 688 875 924 1129
1396852200 690 875 1525 1350
1396850400 685 872 918 1075
1396848600 681 869 958 1130
1396846800 676 863 953 1099
1396845000 690 876 934 1128
1396843200 681 869 939 1077
1396841400 691 876 1015 1068
1396839600 678 866 947 1075
1396837800 690 874 967 1033
1396836000 674 861 887 1048
1396834200 682 869 1036 1122
1396832400 681 870 953 1139
1396830600 670 858 886 1106
1396828800 678 863 889 1087
1396827000 685 871 980 1082
1396825200 679 867 1016 1072
1396823400 689 874 894 1077
1396821600 679 865 897 1079
1396819800 683 868 960 1006
1396818000 673 861 1023 1110
1396816200 686 871 1465 1312
1396814400 680 869 977 1047
1396812600 690 873 1577 1433
1396810800 2005 2149 10954 10700
1396809000 831 1013 10172 10171
1396807200 684 871 1023 1110
1396805400 688 872 884 1056
1396803600 670 859 961 1086
1396801800 679 865 917 1031
1396800000 5783 5803 11041 10848
1396798200 1218 1382 10834 10695
1396796400 672 863 915 1084
1396794600 677 1023 975 1398
1396792800 672 1060 907 1401
1396791000 685 1071 973 1285
1396789200 680 1069 948 1334
1396787400 694 1080 959 1300
1396785600 686 1070 947 1409
1396783800 682 1070 855 1300
1396782000 674 1063 910 1344
1396780200 726 1097 1891 2545
1396778400 692 880 1162 1299
1396776600 712 885 1800 1079
1396774800 680 869 949 1075
1396773000 681 868 921 1088
1396771200 687 874 872 1044
1396769400 694 881 981 1027
1396767600 682 870 919 1038
1396765800 692 878 892 1063
1396764000 687 875 940 1100
1396762200 682 867 921 1127
1396760400 683 871 955 1040
1396758600 690 876 844 1062
1396756800 677 865 883 1033
1396755000 684 871 869 1081
1396753200 686 882 915 1132
1396751400 696 891 884 1123
1396749600 683 880 874 1058
1396747800 695 890 997 1089
1396746000 690 887 1159 1380
1396744200 1789 1965 10757 10652
1396742400 684 879 964 1063
1396740600 4952 5009 10876 10730
1396738800 6400 6493 18197 19458
1396737000 894 1078 10759 10580
1396735200 4929 4966 14492 14493
1396733400 4754 4752 30435 31067
1396731600 6674 6635 21870 23383
1396729800 11667 11839 27892 30634
1396728000 5088 4844 13677 11984
1396726200 7245 7047 22006 22053
1396724400 10301 10107 19943 20491
1396722600 11501 11347 28203 30614
1396720800 5197 5387 19847 20962
1396719000 11796 11943 20880 21327
1396717200 9763 10060 27778 30543
1396715400 6156 3200 16276 11390
1396713600 16223 16189 47493 51658
1396711800 11734 11574 39319 41060
1396710000 15878 15464 35007 38272
1396708200 13535 13272 36648 39483
1396706400 19269 19020 38488 41542
1396704600 16956 16456 44553 41404
1396702800 14332 14764 30977 34602
1396701000 11465 12079 36473 40371
1396699200 2326 2493 19564 20795
1396697400 4153 4314 19564 20795
1396695600 683 869 973 1051
1396693800 692 876 915 1067
1396692000 691 877 1025 1173
1396690200 709 881 1512 1382
1396688400 691 876 873 1161
1396686600 691 874 944 1043
1396684800 674 858 946 1060
1396683000 697 878 963 1155
1396681200 691 874 934 1082
1396679400 698 881 937 1054
1396677600 689 874 926 1092
1396675800 689 873 911 1097
1396674000 672 860 951 1078
1396672200 696 879 904 1100
1396670400 687 874 864 1085
1396668600 695 881 946 1060
1396666800 700 903 920 1158
1396665000 708 905 927 1096
1396663200 708 910 1023 1286
1396661400 710 906 1540 1418
1396659600 702 902 1163 1152
1396657800 3324 3244 14014 11864
1396656000 7287 6111 21775 21103
1396654200 8391 5990 24576 20518
1396652400 9978 7327 31405 23363
1396650600 20309 18143 52995 53620
1396648800 30667 30089 47357 51916
1396647000 22848 22608 51761 174722
1396645200 20846 17708 154506 54217
1396643400 36419 34624 166599 88740
1396641600 31551 29170 53982 54021
1396639800 38788 34499 72911 53343
1396638000 36807 34426 87653 163462
1396636200 35863 32732 50453 86213
1396634400 41708 41958 71597 123499
1396632600 55039 53094 116332 102511
1396630800 35492 30689 65126 75363
1396629000 49206 42231 76512 130701
1396627200 42819 41470 77514 116021
1396625400 38649 35769 72642 96320
1396623600 36861 37175 61392 120731
1396621800 35155 32413 71099 95226
1396620000 22268 19549 65680 122440
1396618200 28145 23425 51556 53013
1396616400 33924 24832 65802 89871
1396614600 29248 22321 47128 67874
1396612800 17499 13639 53781 36693
1396611000 4041 3422 16974 11907
1396609200 851 849 1089 1069
1396607400 867 858 1268 1102
1396605600 867 862 1187 1091
1396603800 873 865 1044 1051
1396602000 869 863 1102 1119
1396600200 865 858 1069 1051
1396598400 870 863 1216 1076
1396596600 876 868 1113 1072
1396594800 866 860 1064 1042
1396593000 874 865 1066 1066
1396591200 874 868 1105 1079
1396589400 883 874 1079 1044
1396587600 868 863 1122 1051
1396585800 869 862 1051 1039
1396584000 846 841 1044 1048
1396582200 874 866 1810 1512
1396580400 895 906 2019 2196
1396578600 963 2681 3619 70391
1396576800 867 876 1073 1048
1396575000 938 1926 5473 93987
1396573200 1022 3856 3886 73105
1396571400 2581 6286 23623 171364
1396569600 4803 3634 17829 15534
1396567800 5194 3552 21011 19889
1396566000 10025 1688 259154 14333
1396564200 2313 1007 8615 3993
1396562400 536 240 3554 1583
1396560600 2829 1328 13095 5477
1396558800 1887 973 9295 4793
1396557000 0 0 0 0
1396555200 0 0 0 0
1396553400 0 0 0 0
1396551600 0 0 0 0
1396549800 0 0 0 0
1396548000 0 0 0 0
1396546200 0 0 0 0
1396544400 0 0 0 0
1396542600 0 0 0 0
1396540800 0 0 0 0
1396539000 0 0 0 0
1396537200 0 0 0 0
1396535400 0 0 0 0
1396533600 0 0 0 0
1396531800 0 0 0 0
1396530000 0 0 0 0
1396528200 0 0 0 0
1396526400 0 0 0 0
1396524600 0 0 0 0
1396522800 0 0 0 0
1396521000 0 0 0 0
1396519200 0 0 0 0
1396517400 0 0 0 0
1396515600 0 0 0 0
1396513800 0 0 0 0
1396512000 0 0 0 0
1396510200 0 0 0 0
1396508400 0 0 0 0
1396506600 0 0 0 0
1396504800 0 0 0 0
1396503000 0 0 0 0
1396501200 0 0 0 0
1396499400 0 0 0 0
1396497600 0 0 0 0
1396495800 0 0 0 0
1396494000 0 0 0 0
1396492200 0 0 0 0
1396490400 0 0 0 0
1396488600 0 0 0 0
1396486800 0 0 0 0
1396485000 0 0 0 0
1396483200 0 0 0 0
1396481400 0 0 0 0
1396479600 0 0 0 0
1396477800 0 0 0 0
1396476000 0 0 0 0
1396474200 0 0 0 0
1396472400 0 0 0 0
1396470600 0 0 0 0
1396468800 0 0 0 0
1396467000 0 0 0 0
1396465200 0 0 0 0
1396463400 0 0 0 0
1396461600 0 0 0 0
1396459800 0 0 0 0
1396458000 0 0 0 0
1396456200 0 0 0 0
1396454400 0 0 0 0
1396452600 0 0 0 0
1396450800 0 0 0 0
1396449000 0 0 0 0
1396447200 0 0 0 0
1396445400 0 0 0 0
1396443600 0 0 0 0
1396441800 0 0 0 0
1396440000 0 0 0 0
1396438200 0 0 0 0
1396436400 0 0 0 0
1396434600 0 0 0 0
1396432800 0 0 0 0
1396431000 0 0 0 0
1396429200 0 0 0 0
1396427400 0 0 0 0
1396425600 0 0 0 0
1396423800 0 0 0 0
1396422000 0 0 0 0
1396420200 0 0 0 0
1396418400 0 0 0 0
1396416600 0 0 0 0
1396414800 0 0 0 0
1396413000 0 0 0 0
1396411200 0 0 0 0
1396409400 0 0 0 0
1396407600 0 0 0 0
1396405800 0 0 0 0
1396404000 0 0 0 0
1396402200 0 0 0 0
1396400400 0 0 0 0
1396398600 0 0 0 0
1396396800 0 0 0 0
1396395000 0 0 0 0
1396393200 0 0 0 0
1396391400 0 0 0 0
1396389600 0 0 0 0
1396387800 0 0 0 0
1396386000 0 0 0 0
1396384200 0 0 0 0
1396382400 0 0 0 0
1396380600 0 0 0 0
1396378800 0 0 0 0
1396377000 0 0 0 0
1396375200 0 0 0 0
1396373400 0 0 0 0
1396371600 0 0 0 0
1396369800 0 0 0 0
1396368000 0 0 0 0
1396366200 0 0 0 0
1396364400 0 0 0 0
1396362600 0 0 0 0
1396360800 0 0 0 0
1396359000 0 0 0 0
1396357200 0 0 0 0
1396355400 0 0 0 0
1396353600 0 0 0 0
1396351800 6 0 422 32
1396350000 0 0 0 0
1396348200 0 0 0 0
1396346400 0 0 0 0
1396344600 0 0 0 0
1396342800 0 0 0 0
1396341000 0 0 0 0
1396339200 0 0 0 0
1396337400 0 0 0 0
1396335600 0 0 0 0
1396333800 0 0 0 0
1396332000 0 0 0 0
1396330200 0 0 0 0
1396328400 0 0 0 0
1396326600 0 0 0 0
1396324800 0 0 0 0
1396317600 0 0 0 0
1396310400 0 0 0 0
1396303200 0 0 0 0
1396296000 0 0 0 0
1396288800 0 0 0 0
1396281600 0 0 0 0
1396274400 0 0 0 0
1396267200 0 0 0 0
1396260000 0 0 0 0
1396252800 0 0 0 0
1396245600 0 0 0 0
1396238400 0 0 0 0
1396231200 0 0 0 0
1396224000 0 0 0 0
1396216800 0 0 0 0
1396209600 0 0 0 0
1396202400 0 0 0 0
1396195200 0 0 0 0
1396188000 0 0 0 0
1396180800 0 0 0 0
1396173600 0 0 0 0
1396166400 0 0 0 0
1396159200 0 0 0 0
1396152000 0 0 0 0
1396144800 0 0 0 0
1396137600 0 0 0 0
1396130400 0 0 0 0
1396123200 0 0 0 0
1396116000 0 0 0 0
1396108800 0 0 0 0
1396101600 0 0 0 0
1396094400 0 0 0 0
1396087200 0 0 0 0
1396080000 0 0 0 0
1396072800 0 0 0 0
1396065600 0 0 0 0
1396058400 0 0 0 0
1396051200 0 0 0 0
1396044000 0 0 0 0
1396036800 0 0 0 0
1396029600 0 0 0 0
1396022400 0 0 0 0
1396015200 0 0 0 0
1396008000 0 0 0 0
1396000800 0 0 0 0
1395993600 0 0 0 0
1395986400 0 0 0 0
1395979200 0 0 0 0
1395972000 0 0 0 0
1395964800 0 0 0 0
1395957600 0 0 0 0
1395950400 0 0 0 0
1395943200 0 0 0 0
1395936000 144 8 49422 1891
1395928800 0 0 0 0
1395921600 0 0 0 0
1395914400 0 0 0 0
1395907200 0 0 0 0
1395900000 0 0 0 0
1395892800 0 0 0 0
1395885600 0 0 0 0
1395878400 0 0 0 0
1395871200 0 0 0 0
1395864000 0 0 0 0
1395856800 0 0 0 0
1395849600 0 0 0 0
1395842400 0 0 341 52
1395835200 0 0 0 0
1395828000 0 0 0 0
1395820800 0 0 0 0
1395813600 0 0 0 0
1395806400 0 0 0 0
1395799200 0 0 0 0
1395792000 0 0 0 0
1395784800 0 0 0 0
1395777600 0 0 0 0
1395770400 0 0 0 0
1395763200 0 0 0 0
1395756000 0 0 0 0
1395748800 0 0 0 0
1395741600 0 0 0 0
1395734400 0 0 0 0
1395727200 0 0 0 0
1395720000 0 0 0 0
1395712800 0 0 0 0
1395705600 0 0 0 0
1395698400 0 0 0 0
1395691200 0 0 0 0
1395684000 0 0 0 0
1395676800 0 0 0 0
1395669600 0 0 0 0
1395662400 0 0 0 0
1395655200 0 0 0 0
1395648000 0 0 0 0
1395640800 0 0 0 0
1395633600 0 0 0 0
1395626400 0 0 0 0
1395619200 0 0 0 0
1395612000 0 0 0 0
1395604800 0 0 0 0
1395597600 0 0 0 0
1395590400 0 0 0 0
1395583200 0 0 0 0
1395576000 0 0 0 0
1395568800 0 0 0 0
1395561600 0 0 0 0
1395554400 0 0 0 0
1395547200 0 0 0 0
1395540000 0 0 0 0
1395532800 0 0 0 0
1395525600 0 0 0 0
1395518400 0 0 0 0
1395511200 0 0 0 0
1395504000 0 0 0 0
1395496800 0 0 0 0
1395489600 0 0 0 0
1395482400 0 0 0 0
1395475200 0 0 0 0
1395468000 0 0 0 0
1395460800 0 0 0 0
1395453600 0 0 0 0
1395446400 0 0 0 0
1395439200 0 0 0 0
1395432000 0 0 0 0
1395424800 0 0 0 0
1395417600 0 0 0 0
1395410400 0 0 0 0
1395403200 0 0 0 0
1395396000 0 0 0 0
1395388800 0 0 0 0
1395381600 0 0 0 0
1395374400 0 0 0 0
1395367200 0 0 0 0
1395360000 0 0 0 0
1395352800 0 0 0 0
1395345600 0 0 0 0
1395338400 0 0 0 0
1395331200 0 0 0 0
1395324000 0 0 0 0
1395316800 0 0 0 0
1395309600 0 0 0 0
1395302400 0 0 0 0
1395295200 0 0 0 0
1395288000 0 0 0 0
1395280800 0 0 0 0
1395273600 0 0 0 0
1395266400 0 0 0 0
1395259200 0 0 0 0
1395252000 0 0 0 0
1395244800 0 0 0 0
1395237600 0 0 0 0
1395230400 0 0 0 0
1395223200 0 0 0 0
1395216000 0 0 0 0
1395208800 0 0 0 0
1395201600 0 0 0 0
1395194400 0 0 0 0
1395187200 0 0 0 0
1395180000 0 0 0 0
1395172800 0 0 0 0
1395165600 0 0 0 0
1395158400 0 0 0 0
1395151200 0 0 0 0
1395144000 0 0 0 0
1395136800 0 0 0 0
1395129600 0 0 0 0
1395122400 0 0 0 0
1395115200 0 0 0 0
1395108000 0 0 0 0
1395100800 0 0 0 0
1395093600 0 0 0 0
1395086400 0 0 0 0
1395079200 0 0 0 0
1395072000 0 0 0 0
1395064800 0 0 0 0
1395057600 0 0 0 0
1395050400 0 0 0 0
1395043200 0 0 0 0
1395036000 0 0 0 0
1395028800 0 0 0 0
1395021600 0 0 0 0
1395014400 0 0 0 0
1395007200 0 0 0 0
1395000000 0 0 0 0
1394992800 0 0 0 0
1394985600 0 0 0 0
1394978400 0 0 0 0
1394971200 0 0 0 0
1394964000 0 0 0 0
1394956800 0 0 0 0
1394949600 0 0 0 0
1394942400 0 0 0 0
1394935200 0 0 0 0
1394928000 0 0 0 0
1394920800 0 0 0 0
1394913600 0 0 0 0
1394906400 0 0 0 0
1394899200 0 0 0 0
1394892000 0 0 0 0
1394884800 0 0 0 0
1394877600 0 0 0 0
1394870400 0 0 0 0
1394863200 0 0 0 0
1394856000 0 0 0 0
1394848800 0 0 0 0
1394841600 0 0 0 0
1394834400 0 0 0 0
1394827200 0 0 0 0
1394820000 0 0 0 0
1394812800 0 0 0 0
1394805600 0 0 0 0
1394798400 0 0 0 0
1394791200 0 0 0 0
1394784000 0 0 0 0
1394776800 0 0 0 0
1394769600 0 0 0 0
1394762400 0 0 0 0
1394755200 0 0 0 0
1394748000 0 0 0 0
1394740800 0 0 0 0
1394733600 0 0 0 0
1394726400 0 0 0 0
1394719200 0 0 0 0
1394712000 17 4 1025 570
1394704800 0 0 0 0
1394697600 0 0 0 0
1394690400 0 0 0 0
1394683200 0 0 0 0
1394676000 0 0 0 0
1394668800 0 0 0 0
1394661600 0 0 0 0
1394654400 0 0 0 0
1394647200 0 0 0 0
1394640000 0 0 0 0
1394632800 0 0 0 0
1394625600 0 0 0 0
1394618400 0 0 0 0
1394611200 0 0 0 0
1394604000 0 0 0 0
1394596800 0 0 0 0
1394589600 0 0 0 0
1394582400 0 0 0 0
1394575200 0 0 0 0
1394568000 0 0 0 0
1394560800 0 0 0 0
1394553600 0 0 0 0
1394546400 0 0 0 0
1394539200 0 0 0 0
1394532000 0 0 0 0
1394524800 0 0 0 0
1394517600 0 0 0 0
1394510400 0 0 0 0
1394503200 0 0 0 0
1394496000 0 0 0 0
1394488800 0 0 0 0
1394481600 0 0 0 0
1394474400 0 0 0 0
1394467200 0 0 0 0
1394460000 0 0 0 0
1394452800 0 0 0 0
1394445600 0 0 0 0
1394438400 0 0 0 0
1394431200 0 0 0 0
1394424000 0 0 0 0
1394416800 0 0 0 0
1394409600 0 0 0 0
1394402400 0 0 0 0
1394395200 0 0 0 0
1394388000 0 0 0 0
1394380800 0 0 0 0
1394373600 0 0 0 0
1394366400 0 0 0 0
1394359200 0 0 0 0
1394352000 0 0 0 0
1394344800 0 0 0 0
1394337600 0 0 0 0
1394330400 0 0 0 0
1394323200 0 0 0 0
1394316000 0 0 0 0
1394308800 0 0 0 0
1394301600 0 0 0 0
1394294400 0 0 0 0
1394287200 0 0 0 0
1394280000 0 0 0 0
1394272800 0 0 0 0
1394265600 0 0 0 0
1394258400 0 0 0 0
1394251200 0 0 0 0
1394244000 0 0 0 0
1394236800 0 0 0 0
1394229600 0 0 0 0
1394222400 0 0 0 0
1394215200 0 0 0 0
1394208000 0 0 0 0
1394200800 0 0 0 0
1394193600 0 0 0 0
1394186400 0 0 0 0
1394179200 0 0 0 0
1394172000 0 0 0 0
1394164800 0 0 0 0
1394157600 0 0 0 0
1394150400 0 0 0 0
1394143200 0 0 0 0
1394136000 0 0 0 0
1394128800 0 0 0 0
1394121600 0 0 0 0
1394114400 0 0 0 0
1394107200 0 0 0 0
1394100000 0 0 0 0
1394092800 0 0 0 0
1394085600 0 0 0 0
1394078400 0 0 0 0
1394071200 0 0 0 0
1394064000 0 0 0 0
1394056800 0 0 0 0
1394049600 0 0 0 0
1394042400 0 0 0 0
1394035200 0 0 0 0
1394028000 0 0 0 0
1394020800 1 0 814 110
1394013600 0 0 0 0
1394006400 0 0 0 0
1393999200 0 0 0 0
1393992000 0 0 0 0
1393984800 0 0 0 0
1393977600 0 0 0 0
1393970400 0 0 0 0
1393963200 0 0 0 0
1393956000 0 0 0 0
1393948800 0 0 0 0
1393941600 0 0 0 0
1393934400 0 0 0 0
1393927200 0 0 0 0
1393920000 0 0 0 0
1393912800 0 0 0 0
1393905600 0 0 0 0
1393898400 0 0 0 0
1393891200 0 0 0 0
1393884000 0 0 0 0
1393876800 0 0 0 0
1393869600 0 0 0 0
1393862400 0 0 0 0
1393855200 0 0 0 0
1393848000 0 0 0 0
1393840800 0 0 0 0
1393833600 0 0 0 0
1393826400 0 0 0 0
1393819200 0 0 0 0
1393812000 0 0 0 0
1393804800 0 0 0 0
1393797600 0 0 0 0
1393790400 0 0 0 0
1393783200 0 0 0 0
1393776000 0 0 0 0
1393768800 0 0 0 0
1393761600 0 0 0 0
1393754400 0 0 0 0
1393747200 0 0 0 0
1393740000 0 0 0 0
1393732800 0 0 0 0
1393725600 0 0 0 0
1393718400 0 0 0 0
1393711200 0 0 0 0
1393704000 0 0 0 0
1393696800 0 0 0 0
1393689600 0 0 0 0
1393682400 0 0 0 0
1393675200 0 0 0 0
1393668000 0 0 0 0
1393660800 0 0 0 0
1393653600 0 0 0 0
1393646400 0 0 0 0
1393639200 0 0 0 0
1393632000 0 0 0 0
1393624800 0 0 0 0
1393617600 0 0 0 0
1393610400 0 0 0 0
1393603200 0 0 0 0
1393596000 0 0 0 0
1393588800 17 1 3615 434
1393581600 0 0 0 0
1393574400 0 0 0 0
1393567200 0 0 0 0
1393560000 0 0 0 0
1393552800 0 0 0 0
1393545600 0 0 0 0
1393538400 0 0 0 0
1393531200 0 0 0 0
1393524000 0 0 0 0
1393516800 0 0 0 0
1393509600 4 5 484 195
1393502400 0 0 0 0
1393495200 0 0 0 0
1393488000 0 0 0 0
1393480800 0 0 0 0
1393473600 0 0 0 0
1393466400 0 0 0 0
1393459200 0 0 0 0
1393452000 0 0 0 0
1393444800 0 0 0 0
1393437600 0 0 0 0
1393430400 6 4 817 421
1393423200 0 0 0 0
1393416000 0 0 0 0
1393408800 0 0 0 0
1393401600 0 0 0 0
1393394400 0 0 0 0
1393387200 0 0 0 0
1393380000 0 0 0 0
1393372800 0 0 0 0
1393365600 0 0 0 0
1393358400 0 0 0 0
1393351200 0 0 0 0
1393344000 0 0 0 0
1393336800 5 0 2160 550
1393329600 0 0 0 0
1393322400 0 0 0 0
1393315200 0 0 0 0
1393308000 0 0 0 0
1393300800 0 0 0 0
1393293600 0 0 0 0
1393286400 0 0 0 0
1393279200 0 0 0 0
1393272000 0 0 0 0
1393264800 0 0 0 0
1393257600 0 0 0 0
1393250400 0 0 0 0
1393243200 0 0 0 0
1393236000 0 0 0 0
1393228800 0 0 0 0
1393221600 0 0 0 0
1393214400 0 0 0 0
1393207200 0 0 0 0
1393200000 0 0 0 0
1393192800 0 0 0 0
1393185600 0 0 0 0
1393178400 0 0 0 0
1393171200 0 0 0 0
1393164000 0 0 0 0
1393156800 0 0 0 0
1393149600 0 0 0 0
1393142400 0 0 0 0
1393135200 0 0 0 0
1393128000 0 0 0 0
1393120800 0 0 0 0
1393113600 0 0 0 0
1393106400 0 0 0 0
1393099200 0 0 0 0
1393092000 0 0 0 0
1393084800 0 0 0 0
1393077600 0 0 0 0
1393070400 0 0 0 0
1393063200 0 0 0 0
1393056000 0 0 0 0
1393048800 0 0 0 0
1393041600 0 0 0 0
1393034400 0 0 0 0
1393027200 0 0 0 0
1393020000 0 0 0 0
1393012800 0 0 0 0
1393005600 0 0 0 0
1392998400 0 0 0 0
1392991200 0 0 0 0
1392984000 0 0 0 0
1392976800 0 0 0 0
1392969600 0 0 0 0
1392962400 0 0 0 0
1392955200 0 0 0 0
1392948000 0 0 0 0
1392940800 0 0 0 0
1392933600 0 0 3 3
1392926400 210 111 24564 18609
1392919200 5 2 1171 500
1392912000 0 0 0 0
1392904800 0 0 0 0
1392897600 0 0 0 0
1392890400 0 0 0 0
1392883200 0 0 0 0
1392876000 0 0 0 0
1392868800 0 0 0 0
1392861600 0 0 0 0
1392854400 0 0 0 0
1392847200 0 0 0 0
1392840000 0 0 0 0
1392832800 0 0 0 0
1392825600 0 0 0 0
1392818400 0 0 0 0
1392811200 0 0 0 0
1392804000 0 0 0 0
1392796800 0 0 0 0
1392789600 0 0 0 0
1392782400 0 0 0 0
1392775200 0 0 0 0
1392768000 0 0 0 0
1392760800 0 0 0 0
1392753600 0 0 0 0
1392746400 0 0 0 0
1392739200 0 0 0 0
1392732000 0 0 138 83
1392724800 0 0 0 0
1392717600 0 0 0 0
1392710400 0 0 0 0
1392703200 0 0 0 0
1392696000 0 0 0 0
1392688800 0 0 0 0
1392681600 0 0 0 0
1392674400 0 0 0 0
1392667200 0 0 0 0
1392660000 0 0 0 0
1392652800 0 0 0 0
1392645600 0 0 0 0
1392638400 0 0 0 0
1392631200 0 0 0 0
1392624000 0 0 0 0
1392616800 0 0 0 0
1392609600 0 0 0 0
1392602400 0 0 0 0
1392595200 0 0 0 0
1392588000 0 0 0 0
1392580800 0 0 0 0
1392573600 0 0 0 0
1392566400 0 0 0 0
1392559200 0 0 0 0
1392552000 0 0 0 0
1392544800 0 0 0 0
1392537600 0 0 0 0
1392530400 0 0 0 0
1392523200 0 0 0 0
1392516000 0 0 0 0
1392508800 0 0 0 0
1392501600 0 0 0 0
1392494400 0 0 0 0
1392487200 0 0 0 0
1392480000 0 0 0 0
1392472800 0 0 0 0
1392465600 0 0 0 0
1392458400 0 0 0 0
1392451200 0 0 0 0
1392444000 0 0 0 0
1392436800 0 0 0 0
1392429600 0 0 0 0
1392422400 0 0 0 0
1392415200 0 0 0 0
1392408000 0 0 0 0
1392400800 0 0 0 0
1392393600 0 0 0 0
1392386400 0 0 0 0
1392379200 0 0 0 0
1392372000 0 0 0 0
1392364800 0 0 0 0
1392357600 0 0 0 0
1392350400 0 0 0 0
1392343200 0 0 0 0
1392336000 0 0 0 0
1392328800 0 0 67 4
1392321600 0 0 393 114
1392314400 0 0 0 0
1392307200 0 0 0 0
1392300000 0 0 0 0
1392292800 0 0 0 0
1392285600 0 0 0 0
1392278400 0 0 0 0
1392271200 0 0 0 0
1392264000 0 0 0 0
1392256800 0 0 0 0
1392249600 0 0 0 0
1392242400 0 0 0 0
1392235200 0 0 0 0
1392228000 0 0 0 0
1392220800 0 0 0 0
1392213600 0 0 0 0
1392206400 0 0 0 0
1392199200 0 0 0 0
1392192000 0 0 0 0
1392184800 0 0 0 0
1392177600 0 0 0 0
1392170400 0 0 0 0
1392163200 0 0 0 0
1392156000 0 0 0 0
1392148800 0 0 0 0
1392141600 0 0 0 0
1392134400 0 0 0 0
1392127200 0 0 0 0
1392120000 0 0 0 0
1392112800 0 0 0 0
1392105600 0 0 0 0
1392098400 0 0 0 0
1392091200 0 0 0 0
1392084000 0 0 0 0
1392076800 0 0 0 0
1392069600 0 0 0 0
1392062400 0 0 0 0
1392055200 0 0 0 0
1392048000 0 0 0 0
1392040800 0 0 0 0
1392033600 0 0 0 0
1392026400 0 0 0 0
1392019200 0 0 0 0
1392012000 0 0 0 0
1392004800 0 0 0 0
1391990400 0 0 0 0
1391904000 0 0 0 0
1391817600 0 0 3 2
1391731200 0 0 0 0
1391644800 0 0 0 0
1391558400 0 0 0 0
1391472000 0 0 0 0
1391385600 0 0 0 0
1391299200 0 0 0 0
1391212800 5 0 12846 1997
1391126400 0 0 0 0
1391040000 0 0 1329 11851
1390953600 0 0 0 0
1390867200 0 0 0 0
1390780800 0 0 0 0
1390694400 0 0 0 0
1390608000 11099 14960 193908 597753
1390521600 19267 14183 165611 265214
1390435200 23629 16274 198019 243305
1390348800 20803 13806 191733 160888
1390262400 22509 17647 170370 150040
1390176000 770 746 11094 10658
1390089600 3936 3629 37582 42569
1390003200 16399 10028 114619 135776
1389916800 22095 14258 123872 115329
1389830400 19878 15010 124509 136437
1389744000 27054 18061 160276 166845
1389657600 15981 25493 106626 475032
1389571200 1108 708 1181 710
1389484800 6916 4221 27423 29814
1389398400 21745 18574 126558 147275
1389312000 12376 8462 146830 67923
1389225600 32612 31457 71906 49833
1389139200 25878 20117 107383 79128
1389052800 28570 21132 116483 89070
1388966400 12413 10832 12413 10832
1388880000 12413 10832 12413 10832
1388793600 17283 13724 146962 80761
1388707200 23440 16021 93331 172287
1388620800 786 751 786 751
1388534400 2374 1776 24997 21867
1388448000 18346 13619 118073 128113
1388361600 1208 478 1208 478
1388275200 4727 4314 47684 49385
1388188800 24285 16190 214205 207104
1388102400 25127 16763 195583 183570
1388016000 743 939 10999 10762
1387929600 3606 2934 89181 90975
1387843200 18591 10884 160944 158113
1387756800 313 332 1354 1526
1387670400 3351 3003 37359 36183
1387584000 19824 13746 173967 228248
1387497600 21226 13129 182544 221700
1387411200 22924 15386 179379 199609
1387324800 31775 15323 310731 161500
1387238400 47079 21775 269255 354451
1387152000 335 359 1210 3414
1387065600 4431 4028 39921 40871
1386979200 21329 15202 214937 220732
1386892800 14971 13151 167102 152989
1386806400 14911 13168 162895 111111
1386720000 20093 17003 170932 174201
1386633600 21938 18543 177616 149843
1386547200 769 751 11184 10617
1386460800 5093 4784 55328 67554
1386374400 18540 15421 275432 187925
1386288000 24101 16263 181186 227595
1386201600 20693 16312 182428 207421
1386115200 19675 15322 177167 197568
1386028800 20989 18376 640649 167307
1385942400 457 471 10566 10193
1385856000 4468 3998 43447 60863
1385769600 28764 12783 450298 231564
1385683200 30503 16372 517574 204830
1385596800 16994 14379 559315 176181
1385510400 20333 16384 184412 187905
1385424000 703 722 10801 51622
1385337600 473 487 11296 10610
1385251200 4191 3736 46637 41796
1385164800 18256 13320 414938 377124
1385078400 19552 13605 151116 187753
1384992000 17867 14020 119834 209639
1384905600 18889 16804 206614 255197
1384819200 22569 21201 203065 179376
1384732800 424 543 11104 10842
1384646400 6015 6064 61730 69660
1384560000 26196 16070 362660 335093
1384473600 20043 17261 156194 183304
1384387200 20509 19264 177806 311460
1384300800 27021 18847 227493 189811
1384214400 23155 19189 217723 194172
1384128000 550 475 10910 10347
1384041600 4738 4429 48796 59970
1383955200 22087 14789 168589 196025
1383868800 21442 17834 184261 183637
1383782400 24991 18276 353882 214443
1383696000 24062 18537 349994 244448
1383609600 21190 18045 308944 243256
1383523200 418 347 10762 10287
1383436800 4921 4426 45739 49719
1383350400 19912 16101 421014 211568
1383264000 23542 11771 537074 159810
1383177600 35345 18452 646717 239197
1383091200 29129 18563 632609 269440
1383004800 20749 19268 133827 146741
1382918400 389 528 10759 10546
1382832000 5048 4567 52321 52446
1382745600 19578 15066 598043 286515
1382659200 26823 16649 623265 275195
1382572800 23131 17321 513217 246584
1382486400 20013 18405 495543 164964
1382400000 30904 24797 595086 242879
1382313600 449 372 18691 19741
1382227200 5013 4364 331939 56241
1382140800 29003 17390 741374 300692
1382054400 34601 23607 682422 251612
1381968000 35702 18826 706611 278790
1381881600 26126 20638 720772 169596
1381795200 8512 8401 8512 8401
1381708800 8512 8401 8512 8401
1381622400 8512 8401 8512 8401
1381536000 18798 12033 649119 278548
1381449600 26146 19372 539975 371309
1381363200 23497 21117 631950 285141
1381276800 25412 25020 425761 227619
1381190400 11350 11010 115942 127171
1381104000 592 505 18644 23263
1381017600 4208 3687 41278 77381
1380931200 26855 14180 683863 251849
1380844800 17907 14473 588410 343284
1380758400 23919 15423 514420 139770
1380672000 33819 19308 678858 381819
1380585600 42305 20610 693145 268938
1380499200 1138 1169 11836 11473
1380412800 5003 4657 71273 169439
1380326400 34491 17189 593789 273412
1380240000 27398 17224 664090 298556
1380153600 16372 13979 399618 253929
1380067200 20079 16482 559106 271183
1379980800 35885 19726 600346 323036
1379894400 505 438 11204 10579
1379808000 4877 4669 45180 276602
1379721600 20182 17629 612774 312252
1379635200 20245 18957 396950 307950
1379548800 26766 15174 677923 257899
1379462400 30097 17076 576379 283615
1379376000 21293 16223 655114 305967
1379289600 523 642 10751 10567
1379203200 3968 3698 39461 62026
1379116800 20903 14363 721323 313308
1379030400 29032 14225 475164 251400
1378944000 32403 36598 628656 520430
1378857600 22107 16252 601647 379080
1378771200 20460 18355 631829 264185
1378684800 630 541 11328 10584
1378598400 3869 3573 43619 78937
1378512000 33712 15750 607448 267659
1378425600 42574 14928 755231 329235
1378339200 22077 17643 599868 349243
1378252800 28899 16892 625955 310442
1378166400 40248 18860 545015 300266
1378080000 1182 1029 11756 11152
1377993600 4385 3926 84398 53017
1377907200 31631 16342 646525 327642
1377820800 23599 16377 607546 329780
1377734400 19471 18117 373530 351305
1377648000 22482 17540 663450 297019
1377561600 42150 23105 665435 273837
1377475200 446 395 10779 10340
1377388800 4503 4084 56249 57261
1377302400 62827 16312 655383 330260
1377216000 21795 21738 613532 370776
1377129600 24236 23442 530586 368795
1377043200 39435 24492 630481 326139
1376956800 734 665 18866 19835
1376870400 451 385 10838 10381
1376784000 4321 4135 43305 63142
1376697600 27179 16167 662430 355150
1376611200 33141 19034 675343 293962
1376524800 21618 8718 714099 252158
1376438400 19743 16941 531832 289033
1376352000 25356 23539 727619 273070
1376265600 417 359 10765 10293
1376179200 2019 1932 50302 63056
1376092800 28527 17920 644614 275893
1376006400 23287 18047 573148 307141
1375920000 31176 17979 500869 298600
1375833600 27591 20362 566212 355082
1375747200 43609 25579 543619 254041
1375660800 473 451 10435 10650
1375574400 4217 3503 132592 58819
1375488000 29473 17016 582249 256601
1375401600 33674 15539 521719 262464
1375315200 84073 19326 568927 394366
1375228800 27028 15688 456702 230537
1375142400 54141 11946 579643 239328
1375056000 447 551 18811 18723
1374969600 3236 2712 129697 43338
1374883200 54169 13796 602423 239594
1374796800 23800 16246 575684 274053
1374710400 46970 17360 557581 231079
1374624000 63927 17239 615165 228580
1374537600 47436 17364 624084 218634
1374451200 275 231 2567 3075
1374364800 2343 2128 24527 31254
1374278400 58956 13894 556330 208687
1374192000 34828 15024 606967 151739
1374105600 61869 18747 630324 293663
1374019200 43272 20780 535970 239445
1373932800 128394 21075 600419 257573
1373846400 119834 3235 146480 13161
1373760000 97509 4822 141306 44588
1373673600 145074 16680 596249 186821
1373587200 66417 17003 427052 80366
1373500800 44336 20186 334642 86840
1373414400 735 694 9309 9486
1373328000 42722 17835 339509 101355
1373241600 449 587 10395 10172
1373155200 2694 2405 28147 24430
1373068800 31419 14199 332613 77024
1372982400 51258 17354 350307 96073
1372896000 45323 15827 354472 95048
1372809600 59896 17848 350192 79413
1372723200 29945 17342 337728 78470
1372636800 629 734 10346 10053
1372550400 3896 3910 33008 41776
1372464000 8035 7154 226093 223101
1372377600 46774 15237 545625 216400
1372291200 36732 17043 532052 240136
1372204800 46342 17818 565182 215415
1372118400 43217 17499 520977 172743
1372032000 300 452 10622 10380
1371945600 2861 2688 30455 33120
1371859200 975 907 18912 19872
1371772800 3082 2502 96428 25813
1371686400 28466 14935 505179 350647
1371600000 47634 13578 505385 207735
1371513600 32280 15998 456724 208412
1371427200 577 683 19980 19661
1371340800 3237 2962 32217 34270
1371254400 37600 14716 558022 206533
1371168000 40778 13549 559751 186212
1371081600 34246 14661 540296 304737
1370995200 19763 15386 549414 181064
1370908800 36871 15634 558638 192330
1370822400 450 564 10472 10526
1370736000 3691 3678 45264 45838
1370649600 48779 16163 553993 245544
1370563200 47538 15407 549557 279343
1370476800 45682 20654 533725 241523
1370390400 41792 20429 558711 243391
1370304000 39554 17900 524607 179625
1370217600 468 404 10572 10118
1370131200 3002 2793 36377 40258
1370044800 33028 14535 565354 190502
1369958400 41711 15043 565550 183439
1369872000 48109 12299 607720 156410
1369785600 59935 16184 587435 209547
1369699200 42347 16089 582575 189168
1369612800 775 849 250833 239328
1369526400 2234 2976 31202 136826
1369440000 43697 14450 582333 288331
1369353600 23889 15225 555419 241872
1369267200 30520 15765 566751 231773
1369180800 21828 15643 592560 198227
1369094400 37725 18215 586276 225567
1369008000 647 589 10802 10344
1368921600 4379 4321 47674 50492
1368835200 61974 18564 598772 257249
1368748800 53081 17172 587742 185540
1368662400 42052 15922 611325 200934
1368576000 42827 17501 549740 214274
1368489600 38398 15002 559832 184059
1368403200 482 473 10683 10783
1368316800 3706 3677 55420 52205
1368230400 28790 16874 567702 427093
1368144000 45454 13550 557328 198006
1368057600 23097 12944 590498 216434
1367971200 19752 13188 585593 87306
1367884800 32613 15798 412138 100903
1367798400 659 634 10765 10620
1367712000 3132 3006 42873 48704
1367625600 21635 14193 164254 87622
1367539200 24065 12088 166927 82834
1367452800 1254 514 150628 13873
1367366400 24349 11352 174301 96654
1367280000 17781 13349 499823 180785
1367193600 551 523 10906 10321
1367107200 4065 3910 37968 40761
1367020800 14326 10800 154032 71261
1366934400 36237 11999 214748 77981
1366848000 32727 13305 440736 257547
1366761600 14711 12692 268669 252628
1366675200 52848 17580 486387 349882
1366588800 486 439 10668 10244
1366502400 2253 2065 41753 42896
1366416000 44410 12262 456201 231866
1366329600 27366 9716 367830 71589
1366243200 44925 13047 303740 194839
1366156800 12640 10819 115915 84482
1366070400 22890 12635 160919 92187
1365984000 874 870 20961 20692
1365897600 2639 2540 37804 41112
1365811200 23259 8906 384672 86607
1365724800 10170 4172 147254 91393
1365638400 28184 11309 225460 183104
1365552000 28639 11774 553129 134645
1365465600 21119 12075 563575 112721
1365379200 493 470 2943 5354
1365292800 2328 2177 47818 49237
1365206400 31624 11638 290792 338293
1365120000 15291 12976 99285 84632
1365033600 35488 15834 460140 127456
1364947200 902 1019 18510 20196
1364860800 1452 1568 26671 30163
1364774400 393 555 1264 2281
1364688000 1926 2008 31960 33054
1364601600 1104 1240 28896 40269
1364515200 19006 8459 175047 105144
1364428800 19648 13038 158223 159558
1364342400 14829 12777 326630 149365
1364256000 36440 13181 212268 76945
1364169600 483 595 2429 3664
1364083200 4808 3103 149797 50635
1363996800 48416 11650 183808 68513
1363910400 25207 11000 164592 99522
1363824000 32845 16807 530813 374984
1363737600 13471 7225 149600 48512
1363651200 25584 8219 365715 103202
1363564800 496 462 2945 4184
1363478400 1089 1019 24017 71740
1363392000 17412 6830 292580 127678
1363305600 14342 7321 525771 55636
1363219200 29551 7725 302662 117422
1363132800 31027 8299 587445 312780
1363046400 11949 7884 304369 544482
1362960000 466 573 2547 3088
1362873600 1681 1618 25060 29907
1362787200 15242 6611 593709 175814
1362700800 8477 6728 106896 89209
1362614400 8381 6689 77464 83025
1362528000 6361 5272 150393 225292
1362441600 11599 4730 613975 135852
1362355200 659 738 3865 2747
1362268800 1135 1044 19585 69596
1362182400 8558 4022 473933 80117
1362096000 12204 5018 601193 49074
1362009600 4825 3583 98170 31768
1361923200 5695 5200 138521 333784
1361836800 5728 4248 142421 67960
1361750400 809 883 11150 11485
1361664000 1092 1051 14369 14448
1361577600 6581 4646 511607 137195
1361491200 10236 4782 514138 226913
1361404800 634 1048 5449 23066
1361318400 5296 5019 238713 291394
1361232000 14605 4681 146383 76267
1361145600 576 1105 11192 109762
1361059200 1679 2406 301536 278287
1360972800 1701 1315 30650 90815
1360886400 4837 18522 559197 1003451
1360800000 10714 4108 178196 130057
1360713600 520 630 1068 1937
1360627200 484 574 926 1114
1360540800 517 649 1543 1811
1360454400 1330 841 153094 10926
1360368000 22282 4581 453867 59423
1360281600 31178 4509 609621 62775
1360195200 41415 4895 430192 53439
1360108800 12225 3773 310335 100824
1360022400 26142 4496 444966 51943
1359936000 589 812 6712 25683
1359849600 1020 1444 10822 43853
1359763200 36878 7671 208288 72996
1359676800 717 1060 10153 74010
1359590400 36821 4624 513246 75461
1359504000 28836 5114 564839 66009
1359417600 18208 4463 176755 108109
1359331200 574 690 3116 2452
1359244800 776 820 12009 33674
1359158400 14429 4033 371471 118491
1359072000 5008 3598 147493 121346
1358985600 29142 4455 278301 104404
1358899200 20538 4046 476672 63814
1358812800 5036 4007 235103 247220
1358726400 479 580 983 1578
1358640000 905 946 20110 18875
1358553600 4692 4022 311971 221000
1358467200 4832 3977 200984 192010
1358380800 5041 3983 144182 96948
1358294400 21332 4155 241666 72053
1358208000 5690 4517 129293 64766
1358121600 546 666 3647 2545
1358035200 979 985 18762 16563
1357948800 5278 4074 230513 53822
1357862400 5685 4380 381732 162288
1357776000 5983 4888 120237 92324
1357689600 10749 4822 153509 109618
1357603200 6339 5138 136238 169635
1357516800 499 603 2643 1681
1357430400 1109 1048 16740 14271
1357344000 5422 4472 111953 151430
1357257600 5927 4998 59668 103938
1357171200 6543 5167 96352 143800
1357084800 472 581 1490 1250
1356998400 797 813 13199 12494
1356912000 500 613 4032 2854
1356825600 1046 1113 17271 20409
1356739200 6011 5419 191493 196697
1356652800 6188 4771 131505 77595
1356566400 6626 4752 463041 213704
1356480000 476 574 812 1125
1356393600 550 650 10124 11133
1356307200 579 729 9858 11250
1356220800 795 801 16271 9481
1356134400 5469 4582 78608 90371
1356048000 6340 5017 170937 75623
1355961600 6543 5376 45039 121594
1355875200 6712 5250 75403 65422
1355788800 27484 5962 316210 282603
1355702400 0 0 0 0
1355616000 0 0 0 0
1355529600 0 0 0 0
1355443200 0 0 0 0
1355356800 0 0 0 0
1355270400 0 0 0 0
1355184000 0 0 0 0
1355097600 0 0 0 0
1355011200 0 0 0 0
1354924800 0 0 0 0
1354838400 0 0 0 0
1354752000 0 0 0 0
1354665600 0 0 0 0
1354579200 0 0 0 0
1354492800 0 0 0 0
1354406400 0 0 0 0
1354320000 0 0 0 0
1354233600 0 0 0 0
1354147200 0 0 0 0
1354060800 0 0 0 0
1353974400 0 0 0 0
1353888000 0 0 0 0
1353801600 0 0 0 0
1353715200 0 0 0 0
1353628800 0 0 0 0
1353542400 0 0 0 0
1353456000 0 0 0 0
1353369600 0 0 0 0
1353283200 0 0 0 0
1353196800 0 0 0 0
1353110400 0 0 0 0
1353024000 0 0 0 0
1352937600 0 0 0 0
1352851200 0 0 0 0
1352764800 0 0 0 0
1352678400 0 0 0 0
1352592000 0 0 0 0
1352505600 0 0 0 0
1352419200 0 0 0 0
1352332800 0 0 0 0
1352246400 0 0 0 0
1352160000 0 0 0 0
1352073600 0 0 0 0
1351987200 0 0 0 0
1351900800 0 0 0 0
1351814400 0 0 0 0
1351728000 0 0 0 0
1351641600 0 0 0 0
1351555200 0 0 0 0
1351468800 0 0 0 0
1351382400 0 0 0 0
1351296000 0 0 0 0
1351209600 0 0 0 0
1351123200 0 0 0 0
1351036800 0 0 0 0
1350950400 0 0 0 0
1350864000 0 0 0 0
1350777600 0 0 0 0
1350691200 0 0 0 0
1350604800 0 0 0 0
1350518400 0 0 0 0
1350432000 0 0 0 0
1350345600 0 0 0 0
1350259200 0 0 0 0
1350172800 0 0 0 0
1350086400 0 0 0 0
1350000000 0 0 0 0
1349913600 0 0 0 0
1349827200 0 0 0 0
1349740800 0 0 0 0
1349654400 0 0 0 0
1349568000 0 0 0 0
1349481600 0 0 0 0
1349395200 0 0 0 0
1349308800 0 0 0 0
1349222400 0 0 0 0
1349136000 0 0 0 0
1349049600 0 0 0 0
1348963200 0 0 0 0
1348876800 0 0 0 0
1348790400 0 0 0 0
1348704000 0 0 0 0
1348617600 0 0 0 0
1348531200 0 0 0 0
1348444800 0 0 0 0
1348358400 0 0 0 0
1348272000 0 0 0 0
1348185600 0 0 0 0
1348099200 0 0 0 0
1348012800 0 0 0 0
1347926400 0 0 0 0
1347840000 0 0 0 0
1347753600 0 0 0 0
1347667200 0 0 0 0
1347580800 0 0 0 0
1347494400 0 0 0 0
1347408000 0 0 0 0
1347321600 0 0 0 0
1347235200 0 0 0 0
1347148800 0 0 0 0
1347062400 0 0 0 0
1346976000 0 0 0 0
1346889600 0 0 0 0
1346803200 0 0 0 0
1346716800 0 0 0 0
1346630400 0 0 0 0
1346544000 0 0 0 0
1346457600 0 0 0 0
1346371200 0 0 0 0
1346284800 0 0 0 0
1346198400 0 0 0 0
1346112000 0 0 0 0
1346025600 0 0 0 0
1345939200 0 0 0 0
1345852800 0 0 0 0
1345766400 0 0 0 0
1345680000 0 0 0 0
1345593600 0 0 0 0
1345507200 0 0 0 0
1345420800 0 0 0 0
1345334400 0 0 0 0
1345248000 0 0 0 0
1345161600 0 0 0 0
1345075200 0 0 0 0
1344988800 0 0 0 0
1344902400 0 0 0 0
1344816000 0 0 0 0
1344729600 0 0 0 0
1344643200 0 0 0 0
1344556800 0 0 0 0
1344470400 0 0 0 0
1344384000 0 0 0 0
1344297600 0 0 0 0
1344211200 0 0 0 0
1344124800 0 0 0 0
1344038400 0 0 0 0
1343952000 0 0 0 0
1343865600 0 0 0 0
1343779200 0 0 0 0
1343692800 0 0 0 0
1343606400 0 0 0 0
1343520000 0 0 0 0
1343433600 0 0 0 0
1343347200 0 0 0 0
1343260800 0 0 0 0
1343174400 0 0 0 0
1343088000 0 0 0 0
1343001600 0 0 0 0
1342915200 0 0 0 0
1342828800 0 0 0 0
1342742400 0 0 0 0
1342656000 0 0 0 0
1342569600 0 0 0 0
1342483200 0 0 0 0
1342396800 0 0 0 0
1342310400 0 0 0 0
1342224000 0 0 0 0
1342137600 0 0 0 0
1342051200 0 0 0 0
1341964800 0 0 0 0
1341878400 0 0 0 0
1341792000 0 0 0 0
1341705600 0 0 0 0
1341619200 0 0 0 0
1341532800 0 0 0 0
1341446400 0 0 0 0
1341360000 0 0 0 0
1341273600 0 0 0 0
1341187200 0 0 0 0
1341100800 0 0 0 0
1341014400 0 0 0 0
1340928000 0 0 0 0
1340841600 0 0 0 0
1340755200 0 0 0 0
1340668800 0 0 0 0
1340582400 0 0 0 0
1340496000 0 0 0 0
1340409600 0 0 0 0
1340323200 0 0 0 0
1340236800 0 0 0 0
1340150400 0 0 0 0
1340064000 0 0 0 0
1339977600 0 0 0 0
1339891200 0 0 0 0
1339804800 0 0 0 0
1339718400 0 0 0 0
1339632000 0 0 0 0
1339545600 0 0 0 0
1339459200 0 0 0 0
1339372800 0 0 0 0
1339286400 0 0 0 0
1339200000 0 0 0 0
1339113600 0 0 0 0
1339027200 0 0 0 0
1338940800 0 0 0 0
1338854400 0 0 0 0
1338768000 0 0 0 0
1338681600 0 0 0 0
1338595200 0 0 0 0
1338508800 0 0 0 0
1338422400 0 0 0 0
1338336000 0 0 0 0
1338249600 0 0 0 0
1338163200 0 0 0 0
1338076800 0 0 0 0
1337990400 0 0 0 0
1337904000 0 0 0 0
1337817600 0 0 0 0
1337731200 0 0 0 0
1337644800 0 0 0 0
1337558400 0 0 0 0
1337472000 0 0 0 0
1337385600 0 0 0 0
1337299200 0 0 0 0
1337212800 0 0 0 0
1337126400 0 0 0 0
1337040000 0 0 0 0
1336953600 0 0 0 0
1336867200 0 0 0 0
1336780800 0 0 0 0
1336694400 0 0 0 0
1336608000 0 0 0 0
1336521600 0 0 0 0
1336435200 0 0 0 0
1336348800 0 0 0 0
1336262400 0 0 0 0
1336176000 0 0 0 0
1336089600 0 0 0 0
1336003200 0 0 0 0
1335916800 0 0 0 0
1335830400 0 0 0 0
1335744000 0 0 0 0
1335657600 0 0 0 0
1335571200 0 0 0 0
1335484800 0 0 0 0
1335398400 0 0 0 0
1335312000 0 0 0 0
1335225600 0 0 0 0
1335139200 0 0 0 0
1335052800 0 0 0 0
1334966400 0 0 0 0
1334880000 0 0 0 0
1334793600 0 0 0 0
1334707200 0 0 0 0
1334620800 0 0 0 0
1334534400 0 0 0 0
1334448000 0 0 0 0
1334361600 0 0 0 0
1334275200 0 0 0 0
1334188800 0 0 0 0
1334102400 0 0 0 0
1334016000 0 0 0 0
1333929600 0 0 0 0
1333843200 0 0 0 0
1333756800 0 0 0 0
1333670400 0 0 0 0
1333584000 0 0 0 0
1333497600 0 0 0 0
1333411200 0 0 0 0
1333324800 0 0 0 0
1333238400 0 0 0 0
1333152000 0 0 0 0
1333065600 0 0 0 0
1332979200 0 0 0 0
1332892800 0 0 0 0
1332806400 0 0 0 0
1332720000 0 0 0 0
1332633600 0 0 0 0
1332547200 0 0 0 0
1332460800 0 0 0 0
1332374400 0 0 0 0
1332288000 0 0 0 0
1332201600 0 0 0 0
1332115200 0 0 0 0
1332028800 0 0 0 0
1331942400 0 0 0 0
1331856000 0 0 0 0
1331769600 0 0 0 0
1331683200 0 0 0 0
1331596800 0 0 0 0
1331510400 0 0 0 0
1331424000 0 0 0 0
1331337600 0 0 0 0
1331251200 0 0 0 0
1331164800 0 0 0 0
1331078400 0 0 0 0
1330992000 0 0 0 0
1330905600 0 0 0 0
1330819200 0 0 0 0
1330732800 0 0 0 0
1330646400 0 0 0 0
1330560000 0 0 0 0
1330473600 0 0 0 0
1330387200 0 0 0 0
1330300800 0 0 0 0
1330214400 0 0 0 0
1330128000 0 0 0 0
1330041600 0 0 0 0
1329955200 0 0 0 0
1329868800 0 0 0 0
1329782400 0 0 0 0
1329696000 0 0 0 0
1329609600 0 0 0 0
1329523200 0 0 0 0
1329436800 0 0 0 0
1329350400 0 0 0 0
1329264000 0 0 0 0
1329177600 0 0 0 0
1329091200 0 0 0 0
1329004800 0 0 0 0
1328918400 0 0 0 0
1328832000 0 0 0 0
