1339180202 -1 -1
1339180202 0 0 0 0
1339179900 0 0 0 0
1339179600 0 0 0 0
1339179300 0 0 0 0
1339179000 0 0 0 0
1339178700 0 0 0 0
1339178400 0 0 0 0
1339178100 0 0 0 0
1339177800 0 0 0 0
1339177500 0 0 0 0
1339177200 0 0 0 0
1339176900 0 0 0 0
1339176600 0 0 0 0
1339176300 0 0 0 0
1339176000 0 0 0 0
1339175700 0 0 0 0
1339175400 0 0 0 0
1339175100 0 0 0 0
1339174800 0 0 0 0
1339174500 0 0 0 0
1339174200 0 0 0 0
1339173900 0 0 0 0
1339173600 0 0 0 0
1339173300 0 0 0 0
1339173000 0 0 0 0
1339172700 0 0 0 0
1339172400 0 0 0 0
1339172100 0 0 0 0
1339171800 0 0 0 0
1339171500 0 0 0 0
1339171200 0 0 0 0
1339170900 0 0 0 0
1339170600 0 0 0 0
1339170300 0 0 0 0
1339170000 0 0 0 0
1339169700 0 0 0 0
1339169400 0 0 0 0
1339169100 0 0 0 0
1339168800 0 0 0 0
1339168500 0 0 0 0
1339168200 0 0 0 0
1339167900 0 0 0 0
1339167600 0 0 0 0
1339167300 0 0 0 0
1339167000 0 0 0 0
1339166700 0 0 0 0
1339166400 0 0 0 0
1339166100 0 0 0 0
1339165800 0 0 0 0
1339165500 0 0 0 0
1339165200 0 0 0 0
1339164900 0 0 0 0
1339164600 0 0 0 0
1339164300 0 0 0 0
1339164000 0 0 0 0
1339163700 0 0 0 0
1339163400 0 0 0 0
1339163100 0 0 0 0
1339162800 0 0 0 0
1339162500 0 0 0 0
1339162200 0 0 0 0
1339161900 0 0 0 0
1339161600 0 0 0 0
1339161300 0 0 0 0
1339161000 0 0 0 0
1339160700 0 0 0 0
1339160400 0 0 0 0
1339160100 0 0 0 0
1339159800 0 0 0 0
1339159500 0 0 0 0
1339159200 0 0 0 0
1339158900 0 0 0 0
1339158600 0 0 0 0
1339158300 0 0 0 0
1339158000 0 0 0 0
1339157700 0 0 0 0
1339157400 0 0 0 0
1339157100 0 0 0 0
1339156800 0 0 0 0
1339156500 0 0 0 0
1339156200 0 0 0 0
1339155900 0 0 0 0
1339155600 0 0 0 0
1339155300 0 0 0 0
1339155000 0 0 0 0
1339154700 0 0 0 0
1339154400 0 0 0 0
1339154100 0 0 0 0
1339153800 0 0 0 0
1339153500 0 0 0 0
1339153200 0 0 0 0
1339152900 0 0 0 0
1339152600 0 0 0 0
1339152300 0 0 0 0
1339152000 0 0 0 0
1339151700 0 0 0 0
1339151400 0 0 0 0
1339151100 0 0 0 0
1339150800 0 0 0 0
1339150500 0 0 0 0
1339150200 0 0 0 0
1339149900 0 0 0 0
1339149600 0 0 0 0
1339149300 0 0 0 0
1339149000 0 0 0 0
1339148700 0 0 0 0
1339148400 0 0 0 0
1339148100 0 0 0 0
1339147800 0 0 0 0
1339147500 0 0 0 0
1339147200 0 0 0 0
1339146900 0 0 0 0
1339146600 0 0 0 0
1339146300 0 0 0 0
1339146000 0 0 0 0
1339145700 0 0 0 0
1339145400 0 0 0 0
1339145100 0 0 0 0
1339144800 0 0 0 0
1339144500 0 0 0 0
1339144200 0 0 0 0
1339143900 0 0 0 0
1339143600 0 0 0 0
1339143300 0 0 0 0
1339143000 0 0 0 0
1339142700 0 0 0 0
1339142400 0 0 0 0
1339142100 0 0 0 0
1339141800 0 0 0 0
1339141500 0 0 0 0
1339141200 0 0 0 0
1339140900 0 0 0 0
1339140600 0 0 0 0
1339140300 0 0 0 0
1339140000 0 0 0 0
1339139700 0 0 0 0
1339139400 0 0 0 0
1339139100 0 0 0 0
1339138800 0 0 0 0
1339138500 0 0 0 0
1339138200 0 0 0 0
1339137900 0 0 0 0
1339137600 0 0 0 0
1339137300 0 0 0 0
1339137000 0 0 0 0
1339136700 0 0 0 0
1339136400 0 0 0 0
1339136100 0 0 0 0
1339135800 0 0 0 0
1339135500 0 0 0 0
1339135200 0 0 0 0
1339134900 0 0 0 0
1339134600 0 0 0 0
1339134300 0 0 0 0
1339134000 0 0 0 0
1339133700 0 0 0 0
1339133400 0 0 0 0
1339133100 0 0 0 0
1339132800 0 0 0 0
1339132500 0 0 0 0
1339132200 0 0 0 0
1339131900 0 0 0 0
1339131600 0 0 0 0
1339131300 0 0 0 0
1339131000 0 0 0 0
1339130700 0 0 0 0
1339130400 0 0 0 0
1339130100 0 0 0 0
1339129800 0 0 0 0
1339129500 0 0 0 0
1339129200 0 0 0 0
1339128900 0 0 0 0
1339128600 0 0 0 0
1339128300 0 0 0 0
1339128000 0 0 0 0
1339127700 0 0 0 0
1339127400 0 0 0 0
1339127100 0 0 0 0
1339126800 0 0 0 0
1339126500 0 0 0 0
1339126200 0 0 0 0
1339125900 0 0 0 0
1339125600 0 0 0 0
1339125300 0 0 0 0
1339125000 0 0 0 0
1339124700 0 0 0 0
1339124400 0 0 0 0
1339124100 0 0 0 0
1339123800 0 0 0 0
1339123500 0 0 0 0
1339123200 0 0 0 0
1339122900 0 0 0 0
1339122600 0 0 0 0
1339122300 0 0 0 0
1339122000 0 0 0 0
1339121700 0 0 0 0
1339121400 0 0 0 0
1339121100 0 0 0 0
1339120800 0 0 0 0
1339120500 0 0 0 0
1339120200 0 0 0 0
1339119900 0 0 0 0
1339119600 0 0 0 0
1339119300 0 0 0 0
1339119000 0 0 0 0
1339118700 0 0 0 0
1339118400 0 0 0 0
1339118100 0 0 0 0
1339117800 0 0 0 0
1339117500 0 0 0 0
1339117200 0 0 0 0
1339116900 0 0 0 0
1339116600 0 0 0 0
1339116300 0 0 0 0
1339116000 0 0 0 0
1339115700 0 0 0 0
1339115400 0 0 0 0
1339115100 0 0 0 0
1339114800 0 0 0 0
1339114500 0 0 0 0
1339114200 0 0 0 0
1339113900 0 0 0 0
1339113600 0 0 0 0
1339113300 0 0 0 0
1339113000 0 0 0 0
1339112700 0 0 0 0
1339112400 0 0 0 0
1339112100 0 0 0 0
1339111800 0 0 0 0
1339111500 0 0 0 0
1339111200 0 0 0 0
1339110900 0 0 0 0
1339110600 0 0 0 0
1339110300 0 0 0 0
1339110000 0 0 0 0
1339109700 0 0 0 0
1339109400 0 0 0 0
1339109100 0 0 0 0
1339108800 0 0 0 0
1339108500 0 0 0 0
1339108200 0 0 0 0
1339107900 0 0 0 0
1339107600 0 0 0 0
1339107300 0 0 0 0
1339107000 0 0 0 0
1339106700 0 0 0 0
1339106400 0 0 0 0
1339106100 0 0 0 0
1339105800 0 0 0 0
1339105500 0 0 0 0
1339105200 0 0 0 0
1339104900 0 0 0 0
1339104600 0 0 0 0
1339104300 0 0 0 0
1339104000 0 0 0 0
1339103700 0 0 0 0
1339103400 0 0 0 0
1339103100 0 0 0 0
1339102800 0 0 0 0
1339102500 0 0 0 0
1339102200 0 0 0 0
1339101900 0 0 0 0
1339101600 0 0 0 0
1339101300 0 0 0 0
1339101000 0 0 0 0
1339100700 0 0 0 0
1339100400 0 0 0 0
1339100100 0 0 0 0
1339099800 0 0 0 0
1339099500 0 0 0 0
1339099200 0 0 0 0
1339098900 0 0 0 0
1339098600 0 0 0 0
1339098300 0 0 0 0
1339098000 0 0 0 0
1339097700 0 0 0 0
1339097400 0 0 0 0
1339097100 0 0 0 0
1339096800 0 0 0 0
1339096500 0 0 0 0
1339096200 0 0 0 0
1339095900 0 0 0 0
1339095600 0 0 0 0
1339095300 0 0 0 0
1339095000 0 0 0 0
1339094700 0 0 0 0
1339094400 0 0 0 0
1339094100 0 0 0 0
1339093800 0 0 0 0
1339093500 0 0 0 0
1339093200 0 0 0 0
1339092900 0 0 0 0
1339092600 0 0 0 0
1339092300 0 0 0 0
1339092000 0 0 0 0
1339091700 0 0 0 0
1339091400 0 0 0 0
1339091100 0 0 0 0
1339090800 0 0 0 0
1339090500 0 0 0 0
1339090200 0 0 0 0
1339089900 0 0 0 0
1339089600 0 0 0 0
1339089300 0 0 0 0
1339089000 0 0 0 0
1339088700 0 0 0 0
1339088400 0 0 0 0
1339088100 0 0 0 0
1339087800 0 0 0 0
1339087500 0 0 0 0
1339087200 0 0 0 0
1339086900 0 0 0 0
1339086600 0 0 0 0
1339086300 0 0 0 0
1339086000 0 0 0 0
1339085700 0 0 0 0
1339085400 0 0 0 0
1339085100 0 0 0 0
1339084800 0 0 0 0
1339084500 0 0 0 0
1339084200 0 0 0 0
1339083900 0 0 0 0
1339083600 0 0 0 0
1339083300 0 0 0 0
1339083000 0 0 0 0
1339082700 0 0 0 0
1339082400 0 0 0 0
1339082100 0 0 0 0
1339081800 0 0 0 0
1339081500 0 0 0 0
1339081200 0 0 0 0
1339080900 0 0 0 0
1339080600 0 0 0 0
1339080300 0 0 0 0
1339080000 0 0 0 0
1339079700 0 0 0 0
1339079400 0 0 0 0
1339079100 0 0 0 0
1339078800 0 0 0 0
1339078500 0 0 0 0
1339078200 0 0 0 0
1339077900 0 0 0 0
1339077600 0 0 0 0
1339077300 0 0 0 0
1339077000 0 0 0 0
1339076700 0 0 0 0
1339076400 0 0 0 0
1339076100 0 0 0 0
1339075800 0 0 0 0
1339075500 0 0 0 0
1339075200 0 0 0 0
1339074900 0 0 0 0
1339074600 0 0 0 0
1339074300 0 0 0 0
1339074000 0 0 0 0
1339073700 0 0 0 0
1339073400 0 0 0 0
1339073100 0 0 0 0
1339072800 0 0 0 0
1339072500 0 0 0 0
1339072200 0 0 0 0
1339071900 0 0 0 0
1339071600 0 0 0 0
1339071300 0 0 0 0
1339071000 0 0 0 0
1339070700 0 0 0 0
1339070400 0 0 0 0
1339070100 0 0 0 0
1339069800 0 0 0 0
1339069500 0 0 0 0
1339069200 0 0 0 0
1339068900 0 0 0 0
1339068600 0 0 0 0
1339068300 0 0 0 0
1339068000 0 0 0 0
1339067700 0 0 0 0
1339067400 0 0 0 0
1339067100 0 0 0 0
1339066800 0 0 0 0
1339066500 0 0 0 0
1339066200 0 0 0 0
1339065900 0 0 0 0
1339065600 0 0 0 0
1339065300 0 0 0 0
1339065000 0 0 0 0
1339064700 0 0 0 0
1339064400 0 0 0 0
1339064100 0 0 0 0
1339063800 0 0 0 0
1339063500 0 0 0 0
1339063200 0 0 0 0
1339062900 0 0 0 0
1339062600 0 0 0 0
1339062300 0 0 0 0
1339062000 0 0 0 0
1339061700 0 0 0 0
1339061400 0 0 0 0
1339061100 0 0 0 0
1339060800 0 0 0 0
1339060500 0 0 0 0
1339060200 0 0 0 0
1339059900 0 0 0 0
1339059600 0 0 0 0
1339059300 0 0 0 0
1339059000 0 0 0 0
1339058700 0 0 0 0
1339058400 0 0 0 0
1339058100 0 0 0 0
1339057800 0 0 0 0
1339057500 0 0 0 0
1339057200 0 0 0 0
1339056900 0 0 0 0
1339056600 0 0 0 0
1339056300 0 0 0 0
1339056000 0 0 0 0
1339055700 0 0 0 0
1339055400 0 0 0 0
1339055100 0 0 0 0
1339054800 0 0 0 0
1339054500 0 0 0 0
1339054200 0 0 0 0
1339053900 0 0 0 0
1339053600 0 0 0 0
1339053300 0 0 0 0
1339053000 0 0 0 0
1339052700 0 0 0 0
1339052400 0 0 0 0
1339052100 0 0 0 0
1339051800 0 0 0 0
1339051500 0 0 0 0
1339051200 0 0 0 0
1339050900 0 0 0 0
1339050600 0 0 0 0
1339050300 0 0 0 0
1339050000 0 0 0 0
1339049700 0 0 0 0
1339049400 0 0 0 0
1339049100 0 0 0 0
1339048800 0 0 0 0
1339048500 0 0 0 0
1339048200 0 0 0 0
1339047900 0 0 0 0
1339047600 0 0 0 0
1339047300 0 0 0 0
1339047000 0 0 0 0
1339046700 0 0 0 0
1339046400 0 0 0 0
1339046100 0 0 0 0
1339045800 0 0 0 0
1339045500 0 0 0 0
1339045200 0 0 0 0
1339044900 0 0 0 0
1339044600 0 0 0 0
1339044300 0 0 0 0
1339044000 0 0 0 0
1339043700 0 0 0 0
1339043400 0 0 0 0
1339043100 0 0 0 0
1339042800 0 0 0 0
1339042500 0 0 0 0
1339042200 0 0 0 0
1339041900 0 0 0 0
1339041600 0 0 0 0
1339041300 0 0 0 0
1339041000 0 0 0 0
1339040700 0 0 0 0
1339040400 0 0 0 0
1339040100 0 0 0 0
1339039800 0 0 0 0
1339039500 0 0 0 0
1339039200 0 0 0 0
1339038900 0 0 0 0
1339038600 0 0 0 0
1339038300 0 0 0 0
1339038000 0 0 0 0
1339037700 0 0 0 0
1339037400 0 0 0 0
1339037100 0 0 0 0
1339036800 0 0 0 0
1339036500 0 0 0 0
1339036200 0 0 0 0
1339035900 0 0 0 0
1339035600 0 0 0 0
1339035300 0 0 0 0
1339035000 0 0 0 0
1339034700 0 0 0 0
1339034400 0 0 0 0
1339034100 0 0 0 0
1339033800 0 0 0 0
1339033500 0 0 0 0
1339033200 0 0 0 0
1339032900 0 0 0 0
1339032600 0 0 0 0
1339032300 0 0 0 0
1339032000 0 0 0 0
1339031700 0 0 0 0
1339031400 0 0 0 0
1339031100 0 0 0 0
1339030800 0 0 0 0
1339030500 0 0 0 0
1339030200 0 0 0 0
1339029900 0 0 0 0
1339029600 0 0 0 0
1339029300 0 0 0 0
1339029000 0 0 0 0
1339028700 0 0 0 0
1339028400 0 0 0 0
1339028100 0 0 0 0
1339027800 0 0 0 0
1339027500 0 0 0 0
1339027200 0 0 0 0
1339026900 0 0 0 0
1339026600 0 0 0 0
1339026300 0 0 0 0
1339026000 0 0 0 0
1339025700 0 0 0 0
1339025400 0 0 0 0
1339025100 0 0 0 0
1339024800 0 0 0 0
1339024500 0 0 0 0
1339024200 0 0 0 0
1339023900 0 0 0 0
1339023600 0 0 0 0
1339023300 0 0 0 0
1339023000 0 0 0 0
1339022700 0 0 0 0
1339022400 0 0 0 0
1339022100 0 0 0 0
1339021800 0 0 0 0
1339021500 0 0 0 0
1339021200 0 0 0 0
1339020900 0 0 0 0
1339020600 0 0 0 0
1339020300 0 0 0 0
1339020000 0 0 0 0
1339019700 0 0 0 0
1339019400 0 0 0 0
1339019100 0 0 0 0
1339018800 0 0 0 0
1339018500 0 0 0 0
1339018200 0 0 0 0
1339017900 0 0 0 0
1339017600 0 0 0 0
1339017300 0 0 0 0
1339017000 0 0 0 0
1339016700 0 0 0 0
1339016400 0 0 0 0
1339016100 0 0 0 0
1339015800 0 0 0 0
1339015500 0 0 0 0
1339015200 0 0 0 0
1339014900 0 0 0 0
1339014600 0 0 0 0
1339014300 0 0 0 0
1339014000 0 0 0 0
1339013700 0 0 0 0
1339013400 0 0 0 0
1339013100 0 0 0 0
1339012800 0 0 0 0
1339012500 0 0 0 0
1339012200 0 0 0 0
1339011900 0 0 0 0
1339011600 0 0 0 0
1339011300 0 0 0 0
1339011000 0 0 0 0
1339010700 0 0 0 0
1339010400 0 0 0 0
1339010100 0 0 0 0
1339009800 0 0 0 0
1339009500 0 0 0 0
1339009200 0 0 0 0
1339008900 0 0 0 0
1339008600 0 0 0 0
1339008300 0 0 0 0
1339008000 0 0 0 0
1339007700 0 0 0 0
1339007400 0 0 0 0
1339007100 0 0 0 0
1339006800 0 0 0 0
1339006500 0 0 0 0
1339006200 0 0 0 0
1339005900 0 0 0 0
1339005600 0 0 0 0
1339005300 0 0 0 0
1339005000 0 0 0 0
1339004700 0 0 0 0
1339004400 0 0 0 0
1339004100 0 0 0 0
1339003800 0 0 0 0
1339003500 0 0 0 0
1339003200 0 0 0 0
1339002900 0 0 0 0
1339002600 0 0 0 0
1339002300 0 0 0 0
1339002000 0 0 0 0
1339001700 0 0 0 0
1339001400 0 0 0 0
1339001100 0 0 0 0
1339000800 0 0 0 0
1339000500 0 0 0 0
1339000200 0 0 0 0
1338998400 0 0 0 0
1338996600 0 0 0 0
1338994800 0 0 0 0
1338993000 0 0 0 0
1338991200 0 0 0 0
1338989400 0 0 0 0
1338987600 0 0 0 0
1338985800 0 0 0 0
1338984000 0 0 0 0
1338982200 0 0 0 0
1338980400 0 0 0 0
1338978600 0 0 0 0
1338976800 0 0 0 0
1338975000 0 0 0 0
1338973200 0 0 0 0
1338971400 0 0 0 0
1338969600 0 0 0 0
1338967800 0 0 0 0
1338966000 0 0 0 0
1338964200 0 0 0 0
1338962400 0 0 0 0
1338960600 0 0 0 0
1338958800 0 0 0 0
1338957000 0 0 0 0
1338955200 0 0 0 0
1338953400 0 0 0 0
1338951600 0 0 0 0
1338949800 0 0 0 0
1338948000 0 0 0 0
1338946200 0 0 0 0
1338944400 0 0 0 0
1338942600 0 0 0 0
1338940800 0 0 0 0
1338939000 0 0 0 0
1338937200 0 0 0 0
1338935400 0 0 0 0
1338933600 0 0 0 0
1338931800 0 0 0 0
1338930000 0 0 0 0
1338928200 0 0 0 0
1338926400 0 0 0 0
1338924600 0 0 0 0
1338922800 0 0 0 0
1338921000 0 0 0 0
1338919200 0 0 0 0
1338917400 0 0 0 0
1338915600 0 0 0 0
1338913800 0 0 0 0
1338912000 0 0 0 0
1338910200 0 0 0 0
1338908400 0 0 0 0
1338906600 0 0 0 0
1338904800 0 0 0 0
1338903000 0 0 0 0
1338901200 0 0 0 0
1338899400 0 0 0 0
1338897600 0 0 0 0
1338895800 0 0 0 0
1338894000 0 0 0 0
1338892200 0 0 0 0
1338890400 0 0 0 0
1338888600 0 0 0 0
1338886800 0 0 0 0
1338885000 0 0 0 0
1338883200 0 0 0 0
1338881400 0 0 0 0
1338879600 0 0 0 0
1338877800 0 0 0 0
1338876000 0 0 0 0
1338874200 0 0 0 0
1338872400 0 0 0 0
1338870600 0 0 0 0
1338868800 0 0 0 0
1338867000 0 0 0 0
1338865200 0 0 0 0
1338863400 0 0 0 0
1338861600 0 0 0 0
1338859800 0 0 0 0
1338858000 0 0 0 0
1338856200 0 0 0 0
1338854400 0 0 0 0
1338852600 0 0 0 0
1338850800 0 0 0 0
1338849000 0 0 0 0
1338847200 0 0 0 0
1338845400 0 0 0 0
1338843600 0 0 0 0
1338841800 0 0 0 0
1338840000 0 0 0 0
1338838200 0 0 0 0
1338836400 0 0 0 0
1338834600 0 0 0 0
1338832800 0 0 0 0
1338831000 0 0 0 0
1338829200 0 0 0 0
1338827400 0 0 0 0
1338825600 0 0 0 0
1338823800 0 0 0 0
1338822000 0 0 0 0
1338820200 0 0 0 0
1338818400 0 0 0 0
1338816600 0 0 0 0
1338814800 0 0 0 0
1338813000 0 0 0 0
1338811200 0 0 0 0
1338809400 0 0 0 0
1338807600 0 0 0 0
1338805800 0 0 0 0
1338804000 0 0 0 0
1338802200 0 0 0 0
1338800400 0 0 0 0
1338798600 0 0 0 0
1338796800 0 0 0 0
1338795000 0 0 0 0
1338793200 0 0 0 0
1338791400 0 0 0 0
1338789600 0 0 0 0
1338787800 0 0 0 0
1338786000 0 0 0 0
1338784200 0 0 0 0
1338782400 0 0 0 0
1338780600 0 0 0 0
1338778800 0 0 0 0
1338777000 0 0 0 0
1338775200 0 0 0 0
1338773400 0 0 0 0
1338771600 0 0 0 0
1338769800 0 0 0 0
1338768000 0 0 0 0
1338766200 0 0 0 0
1338764400 0 0 0 0
1338762600 0 0 0 0
1338760800 0 0 0 0
1338759000 0 0 0 0
1338757200 0 0 0 0
1338755400 0 0 0 0
1338753600 0 0 0 0
1338751800 0 0 0 0
1338750000 0 0 0 0
1338748200 0 0 0 0
1338746400 0 0 0 0
1338744600 0 0 0 0
1338742800 0 0 0 0
1338741000 0 0 0 0
1338739200 0 0 0 0
1338737400 0 0 0 0
1338735600 0 0 0 0
1338733800 0 0 0 0
1338732000 0 0 0 0
1338730200 0 0 0 0
1338728400 0 0 0 0
1338726600 0 0 0 0
1338724800 0 0 0 0
1338723000 0 0 0 0
1338721200 0 0 0 0
1338719400 0 0 0 0
1338717600 0 0 0 0
1338715800 0 0 0 0
1338714000 0 0 0 0
1338712200 0 0 0 0
1338710400 0 0 0 0
1338708600 0 0 0 0
1338706800 0 0 0 0
1338705000 0 0 0 0
1338703200 0 0 0 0
1338701400 0 0 0 0
1338699600 0 0 0 0
1338697800 0 0 0 0
1338696000 0 0 0 0
1338694200 0 0 0 0
1338692400 0 0 0 0
1338690600 0 0 0 0
1338688800 0 0 0 0
1338687000 0 0 0 0
1338685200 0 0 0 0
1338683400 0 0 0 0
1338681600 0 0 0 0
1338679800 0 0 0 0
1338678000 0 0 0 0
1338676200 0 0 0 0
1338674400 0 0 0 0
1338672600 0 0 0 0
1338670800 0 0 0 0
1338669000 0 0 0 0
1338667200 0 0 0 0
1338665400 0 0 0 0
1338663600 0 0 0 0
1338661800 0 0 0 0
1338660000 0 0 0 0
1338658200 0 0 0 0
1338656400 0 0 0 0
1338654600 0 0 0 0
1338652800 0 0 0 0
1338651000 0 0 0 0
1338649200 0 0 0 0
1338647400 0 0 0 0
1338645600 0 0 0 0
1338643800 0 0 0 0
1338642000 0 0 0 0
1338640200 0 0 0 0
1338638400 0 0 0 0
1338636600 0 0 0 0
1338634800 0 0 0 0
1338633000 0 0 0 0
1338631200 0 0 0 0
1338629400 0 0 0 0
1338627600 0 0 0 0
1338625800 0 0 0 0
1338624000 0 0 0 0
1338622200 0 0 0 0
1338620400 0 0 0 0
1338618600 0 0 0 0
1338616800 0 0 0 0
1338615000 0 0 0 0
1338613200 0 0 0 0
1338611400 0 0 0 0
1338609600 0 0 0 0
1338607800 0 0 0 0
1338606000 0 0 0 0
1338604200 0 0 0 0
1338602400 0 0 0 0
1338600600 0 0 0 0
1338598800 0 0 0 0
1338597000 0 0 0 0
1338595200 0 0 0 0
1338593400 0 0 0 0
1338591600 0 0 0 0
1338589800 0 0 0 0
1338588000 0 0 0 0
1338586200 0 0 0 0
1338584400 0 0 0 0
1338582600 0 0 0 0
1338580800 0 0 0 0
1338579000 0 0 0 0
1338577200 0 0 0 0
1338575400 0 0 0 0
1338573600 0 0 0 0
1338571800 0 0 0 0
1338570000 0 0 0 0
1338568200 0 0 0 0
1338566400 0 0 0 0
1338564600 0 0 0 0
1338562800 0 0 0 0
1338561000 0 0 0 0
1338559200 0 0 0 0
1338557400 0 0 0 0
1338555600 0 0 0 0
1338553800 0 0 0 0
1338552000 0 0 0 0
1338550200 0 0 0 0
1338548400 0 0 0 0
1338546600 0 0 0 0
1338544800 0 0 0 0
1338543000 0 0 0 0
1338541200 0 0 0 0
1338539400 0 0 0 0
1338537600 0 0 0 0
1338535800 0 0 0 0
1338534000 0 0 0 0
1338532200 0 0 0 0
1338530400 0 0 0 0
1338528600 0 0 0 0
1338526800 0 0 0 0
1338525000 0 0 0 0
1338523200 0 0 0 0
1338521400 0 0 0 0
1338519600 0 0 0 0
1338517800 0 0 0 0
1338516000 0 0 0 0
1338514200 0 0 0 0
1338512400 0 0 0 0
1338510600 0 0 0 0
1338508800 0 0 0 0
1338507000 0 0 0 0
1338505200 0 0 0 0
1338503400 0 0 0 0
1338501600 0 0 0 0
1338499800 0 0 0 0
1338498000 0 0 0 0
1338496200 0 0 0 0
1338494400 0 0 0 0
1338492600 0 0 0 0
1338490800 0 0 0 0
1338489000 0 0 0 0
1338487200 0 0 0 0
1338485400 0 0 0 0
1338483600 0 0 0 0
1338481800 0 0 0 0
1338480000 0 0 0 0
1338478200 0 0 0 0
1338476400 0 0 0 0
1338474600 0 0 0 0
1338472800 0 0 0 0
1338471000 0 0 0 0
1338469200 0 0 0 0
1338467400 0 0 0 0
1338465600 0 0 0 0
1338463800 0 0 0 0
1338462000 0 0 0 0
1338460200 0 0 0 0
1338458400 0 0 0 0
1338456600 0 0 0 0
1338454800 0 0 0 0
1338453000 0 0 0 0
1338451200 0 0 0 0
1338449400 0 0 0 0
1338447600 0 0 0 0
1338445800 0 0 0 0
1338444000 0 0 0 0
1338442200 0 0 0 0
1338440400 0 0 0 0
1338438600 0 0 0 0
1338436800 0 0 0 0
1338435000 0 0 0 0
1338433200 0 0 0 0
1338431400 0 0 0 0
1338429600 0 0 0 0
1338427800 0 0 0 0
1338426000 0 0 0 0
1338424200 0 0 0 0
1338422400 0 0 0 0
1338420600 0 0 0 0
1338418800 0 0 0 0
1338417000 0 0 0 0
1338415200 0 0 0 0
1338413400 0 0 0 0
1338411600 0 0 0 0
1338409800 0 0 0 0
1338408000 0 0 0 0
1338406200 0 0 0 0
1338404400 0 0 0 0
1338402600 0 0 0 0
1338400800 0 0 0 0
1338399000 0 0 0 0
1338397200 0 0 0 0
1338395400 0 0 0 0
1338393600 0 0 0 0
1338391800 0 0 0 0
1338390000 0 0 0 0
1338388200 0 0 0 0
1338386400 0 0 0 0
1338384600 0 0 0 0
1338382800 0 0 0 0
1338381000 0 0 0 0
1338379200 0 0 0 0
1338377400 0 0 0 0
1338375600 0 0 0 0
1338373800 0 0 0 0
1338372000 0 0 0 0
1338370200 0 0 0 0
1338368400 0 0 0 0
1338366600 0 0 0 0
1338364800 0 0 0 0
1338363000 0 0 0 0
1338361200 0 0 0 0
1338359400 0 0 0 0
1338357600 0 0 0 0
1338355800 0 0 0 0
1338354000 0 0 0 0
1338352200 0 0 0 0
1338350400 0 0 0 0
1338348600 0 0 0 0
1338346800 0 0 0 0
1338345000 0 0 0 0
1338343200 0 0 0 0
1338341400 0 0 0 0
1338339600 0 0 0 0
1338337800 0 0 0 0
1338336000 0 0 0 0
1338334200 0 0 0 0
1338332400 0 0 0 0
1338330600 0 0 0 0
1338328800 0 0 0 0
1338327000 0 0 0 0
1338325200 0 0 0 0
1338323400 0 0 0 0
1338321600 0 0 0 0
1338319800 0 0 0 0
1338318000 0 0 0 0
1338316200 0 0 0 0
1338314400 0 0 0 0
1338312600 0 0 0 0
1338310800 0 0 0 0
1338309000 0 0 0 0
1338307200 0 0 0 0
1338305400 0 0 0 0
1338303600 0 0 0 0
1338301800 0 0 0 0
1338300000 0 0 0 0
1338298200 0 0 0 0
1338296400 0 0 0 0
1338294600 0 0 0 0
1338292800 0 0 0 0
1338291000 0 0 0 0
1338289200 0 0 0 0
1338287400 0 0 0 0
1338285600 0 0 0 0
1338283800 0 0 0 0
1338282000 0 0 0 0
1338280200 0 0 0 0
1338278400 0 0 0 0
1338276600 0 0 0 0
1338274800 0 0 0 0
1338273000 0 0 0 0
1338271200 0 0 0 0
1338269400 0 0 0 0
1338267600 0 0 0 0
1338265800 0 0 0 0
1338264000 0 0 0 0
1338262200 0 0 0 0
1338260400 0 0 0 0
1338258600 0 0 0 0
1338256800 0 0 0 0
1338255000 0 0 0 0
1338253200 0 0 0 0
1338251400 0 0 0 0
1338249600 0 0 0 0
1338247800 0 0 0 0
1338246000 0 0 0 0
1338244200 0 0 0 0
1338242400 0 0 0 0
1338240600 0 0 0 0
1338238800 0 0 0 0
1338237000 0 0 0 0
1338235200 0 0 0 0
1338233400 0 0 0 0
1338231600 0 0 0 0
1338229800 0 0 0 0
1338228000 0 0 0 0
1338226200 0 0 0 0
1338224400 0 0 0 0
1338222600 0 0 0 0
1338220800 0 0 0 0
1338219000 0 0 0 0
1338217200 0 0 0 0
1338215400 0 0 0 0
1338213600 0 0 0 0
1338211800 0 0 0 0
1338210000 0 0 0 0
1338208200 0 0 0 0
1338206400 0 0 0 0
1338204600 0 0 0 0
1338202800 0 0 0 0
1338201000 0 0 0 0
1338199200 0 0 0 0
1338197400 0 0 0 0
1338195600 0 0 0 0
1338193800 0 0 0 0
1338192000 0 0 0 0
1338190200 0 0 0 0
1338188400 0 0 0 0
1338186600 0 0 0 0
1338184800 0 0 0 0
1338183000 0 0 0 0
1338181200 0 0 0 0
1338179400 0 0 0 0
1338177600 0 0 0 0
1338175800 0 0 0 0
1338174000 0 0 0 0
1338172200 0 0 0 0
1338170400 0 0 0 0
1338168600 0 0 0 0
1338166800 0 0 0 0
1338165000 0 0 0 0
1338163200 0 0 0 0
1338161400 0 0 0 0
1338159600 0 0 0 0
1338157800 0 0 0 0
1338156000 0 0 0 0
1338154200 0 0 0 0
1338152400 0 0 0 0
1338150600 0 0 0 0
1338148800 0 0 0 0
1338147000 0 0 0 0
1338145200 0 0 0 0
1338143400 0 0 0 0
1338141600 0 0 0 0
1338139800 0 0 0 0
1338138000 0 0 0 0
1338136200 0 0 0 0
1338134400 0 0 0 0
1338132600 0 0 0 0
1338130800 0 0 0 0
1338129000 0 0 0 0
1338127200 0 0 0 0
1338125400 0 0 0 0
1338123600 0 0 0 0
1338121800 0 0 0 0
1338120000 0 0 0 0
1338118200 0 0 0 0
1338116400 0 0 0 0
1338114600 0 0 0 0
1338112800 0 0 0 0
1338111000 0 0 0 0
1338109200 0 0 0 0
1338107400 0 0 0 0
1338105600 0 0 0 0
1338103800 0 0 0 0
1338102000 0 0 0 0
1338100200 0 0 0 0
1338098400 0 0 0 0
1338096600 0 0 0 0
1338094800 0 0 0 0
1338093000 0 0 0 0
1338091200 0 0 0 0
1338089400 0 0 0 0
1338087600 0 0 0 0
1338085800 0 0 0 0
1338084000 0 0 0 0
1338082200 0 0 0 0
1338080400 0 0 0 0
1338078600 0 0 0 0
1338076800 0 0 0 0
1338075000 0 0 0 0
1338073200 0 0 0 0
1338071400 0 0 0 0
1338069600 0 0 0 0
1338067800 0 0 0 0
1338066000 0 0 0 0
1338064200 0 0 0 0
1338062400 0 0 0 0
1338060600 0 0 0 0
1338058800 0 0 0 0
1338057000 0 0 0 0
1338055200 0 0 0 0
1338053400 0 0 0 0
1338051600 0 0 0 0
1338049800 0 0 0 0
1338048000 0 0 0 0
1338046200 0 0 0 0
1338044400 0 0 0 0
1338042600 0 0 0 0
1338040800 0 0 0 0
1338039000 0 0 0 0
1338037200 0 0 0 0
1338035400 0 0 0 0
1338033600 0 0 0 0
1338031800 0 0 0 0
1338030000 0 0 0 0
1338028200 0 0 0 0
1338026400 0 0 0 0
1338024600 0 0 0 0
1338022800 0 0 0 0
1338021000 0 0 0 0
1338019200 0 0 0 0
1338017400 0 0 0 0
1338015600 0 0 0 0
1338013800 0 0 0 0
1338012000 0 0 0 0
1338010200 0 0 0 0
1338008400 0 0 0 0
1338006600 0 0 0 0
1338004800 0 0 0 0
1338003000 0 0 0 0
1338001200 0 0 0 0
1337999400 0 0 0 0
1337997600 0 0 0 0
1337995800 0 0 0 0
1337994000 0 0 0 0
1337992200 0 0 0 0
1337990400 0 0 0 0
1337988600 0 0 0 0
1337986800 0 0 0 0
1337985000 0 0 0 0
1337983200 0 0 0 0
1337981400 0 0 0 0
1337979600 0 0 0 0
1337977800 0 0 0 0
1337976000 0 0 0 0
1337974200 0 0 0 0
1337972400 0 0 0 0
1337970600 0 0 0 0
1337968800 0 0 0 0
1337967000 0 0 0 0
1337965200 0 0 0 0
1337963400 0 0 0 0
1337961600 0 0 0 0
1337959800 0 0 0 0
1337958000 0 0 0 0
1337956200 0 0 0 0
1337954400 0 0 0 0
1337952600 0 0 0 0
1337950800 0 0 0 0
1337949000 0 0 0 0
1337947200 0 0 0 0
1337945400 0 0 0 0
1337943600 0 0 0 0
1337941800 0 0 0 0
1337940000 0 0 0 0
1337938200 0 0 0 0
1337936400 0 0 0 0
1337934600 0 0 0 0
1337932800 0 0 0 0
1337931000 0 0 0 0
1337929200 0 0 0 0
1337927400 0 0 0 0
1337925600 0 0 0 0
1337923800 0 0 0 0
1337922000 0 0 0 0
1337920200 0 0 0 0
1337918400 0 0 0 0
1337911200 0 0 0 0
1337904000 0 0 0 0
1337896800 0 0 0 0
1337889600 0 0 0 0
1337882400 0 0 0 0
1337875200 0 0 0 0
1337868000 0 0 0 0
1337860800 0 0 0 0
1337853600 0 0 0 0
1337846400 0 0 0 0
1337839200 0 0 0 0
1337832000 0 0 0 0
1337824800 0 0 0 0
1337817600 0 0 0 0
1337810400 0 0 0 0
1337803200 0 0 0 0
1337796000 0 0 0 0
1337788800 0 0 0 0
1337781600 0 0 0 0
1337774400 0 0 0 0
1337767200 0 0 0 0
1337760000 0 0 0 0
1337752800 0 0 0 0
1337745600 0 0 0 0
1337738400 0 0 0 0
1337731200 0 0 0 0
1337724000 0 0 0 0
1337716800 0 0 0 0
1337709600 0 0 0 0
1337702400 0 0 0 0
1337695200 0 0 0 0
1337688000 0 0 0 0
1337680800 0 0 0 0
1337673600 0 0 0 0
1337666400 0 0 0 0
1337659200 0 0 0 0
1337652000 0 0 0 0
1337644800 0 0 0 0
1337637600 0 0 0 0
1337630400 0 0 0 0
1337623200 0 0 0 0
1337616000 0 0 0 0
1337608800 0 0 0 0
1337601600 0 0 0 0
1337594400 0 0 0 0
1337587200 0 0 0 0
1337580000 0 0 0 0
1337572800 0 0 0 0
1337565600 0 0 0 0
1337558400 0 0 0 0
1337551200 0 0 0 0
1337544000 0 0 0 0
1337536800 0 0 0 0
1337529600 0 0 0 0
1337522400 0 0 0 0
1337515200 0 0 0 0
1337508000 0 0 0 0
1337500800 0 0 0 0
1337493600 0 0 0 0
1337486400 0 0 0 0
1337479200 0 0 0 0
1337472000 0 0 0 0
1337464800 0 0 0 0
1337457600 0 0 0 0
1337450400 0 0 0 0
1337443200 0 0 0 0
1337436000 0 0 0 0
1337428800 0 0 0 0
1337421600 0 0 0 0
1337414400 0 0 0 0
1337407200 0 0 0 0
1337400000 0 0 0 0
1337392800 0 0 0 0
1337385600 0 0 0 0
1337378400 0 0 0 0
1337371200 0 0 0 0
1337364000 0 0 0 0
1337356800 0 0 0 0
1337349600 0 0 0 0
1337342400 0 0 0 0
1337335200 0 0 0 0
1337328000 0 0 0 0
1337320800 0 0 0 0
1337313600 0 0 0 0
1337306400 0 0 0 0
1337299200 0 0 0 0
1337292000 0 0 0 0
1337284800 0 0 0 0
1337277600 0 0 0 0
1337270400 0 0 0 0
1337263200 0 0 0 0
1337256000 0 0 0 0
1337248800 0 0 0 0
1337241600 0 0 0 0
1337234400 0 0 0 0
1337227200 0 0 0 0
1337220000 0 0 0 0
1337212800 0 0 0 0
1337205600 0 0 0 0
1337198400 0 0 0 0
1337191200 0 0 0 0
1337184000 0 0 0 0
1337176800 0 0 0 0
1337169600 0 0 0 0
1337162400 0 0 0 0
1337155200 0 0 0 0
1337148000 0 0 0 0
1337140800 0 0 0 0
1337133600 0 0 0 0
1337126400 0 0 0 0
1337119200 0 0 0 0
1337112000 0 0 0 0
1337104800 0 0 0 0
1337097600 0 0 0 0
1337090400 0 0 0 0
1337083200 0 0 0 0
1337076000 0 0 0 0
1337068800 0 0 0 0
1337061600 0 0 0 0
1337054400 0 0 0 0
1337047200 0 0 0 0
1337040000 0 0 0 0
1337032800 0 0 0 0
1337025600 0 0 0 0
1337018400 0 0 0 0
1337011200 0 0 0 0
1337004000 0 0 0 0
1336996800 0 0 0 0
1336989600 0 0 0 0
1336982400 0 0 0 0
1336975200 0 0 0 0
1336968000 0 0 0 0
1336960800 0 0 0 0
1336953600 0 0 0 0
1336946400 0 0 0 0
1336939200 0 0 0 0
1336932000 0 0 0 0
1336924800 0 0 0 0
1336917600 0 0 0 0
1336910400 0 0 0 0
1336903200 0 0 0 0
1336896000 0 0 0 0
1336888800 0 0 0 0
1336881600 0 0 0 0
1336874400 0 0 0 0
1336867200 0 0 0 0
1336860000 0 0 0 0
1336852800 0 0 0 0
1336845600 0 0 0 0
1336838400 0 0 0 0
1336831200 0 0 0 0
1336824000 0 0 0 0
1336816800 0 0 0 0
1336809600 0 0 0 0
1336802400 0 0 0 0
1336795200 0 0 0 0
1336788000 0 0 0 0
1336780800 0 0 0 0
1336773600 0 0 0 0
1336766400 0 0 0 0
1336759200 0 0 0 0
1336752000 0 0 0 0
1336744800 0 0 0 0
1336737600 0 0 0 0
1336730400 0 0 0 0
1336723200 0 0 0 0
1336716000 0 0 0 0
1336708800 0 0 0 0
1336701600 0 0 0 0
1336694400 0 0 0 0
1336687200 0 0 0 0
1336680000 0 0 0 0
1336672800 0 0 0 0
1336665600 0 0 0 0
1336658400 0 0 0 0
1336651200 0 0 0 0
1336644000 0 0 0 0
1336636800 0 0 0 0
1336629600 0 0 0 0
1336622400 0 0 0 0
1336615200 0 0 0 0
1336608000 0 0 0 0
1336600800 0 0 0 0
1336593600 0 0 0 0
1336586400 0 0 0 0
1336579200 0 0 0 0
1336572000 0 0 0 0
1336564800 0 0 0 0
1336557600 0 0 0 0
1336550400 0 0 0 0
1336543200 0 0 0 0
1336536000 0 0 0 0
1336528800 0 0 0 0
1336521600 0 0 0 0
1336514400 0 0 0 0
1336507200 0 0 0 0
1336500000 0 0 0 0
1336492800 0 0 0 0
1336485600 0 0 0 0
1336478400 0 0 0 0
1336471200 0 0 0 0
1336464000 0 0 0 0
1336456800 0 0 0 0
1336449600 0 0 0 0
1336442400 0 0 0 0
1336435200 0 0 0 0
1336428000 0 0 0 0
1336420800 0 0 0 0
1336413600 0 0 0 0
1336406400 0 0 0 0
1336399200 0 0 0 0
1336392000 0 0 0 0
1336384800 0 0 0 0
1336377600 0 0 0 0
1336370400 0 0 0 0
1336363200 0 0 0 0
1336356000 0 0 0 0
1336348800 0 0 0 0
1336341600 0 0 0 0
1336334400 0 0 0 0
1336327200 0 0 0 0
1336320000 0 0 0 0
1336312800 0 0 0 0
1336305600 0 0 0 0
1336298400 0 0 0 0
1336291200 0 0 0 0
1336284000 0 0 0 0
1336276800 0 0 0 0
1336269600 0 0 0 0
1336262400 0 0 0 0
1336255200 0 0 0 0
1336248000 0 0 0 0
1336240800 0 0 0 0
1336233600 0 0 0 0
1336226400 0 0 0 0
1336219200 0 0 0 0
1336212000 0 0 0 0
1336204800 0 0 0 0
1336197600 0 0 0 0
1336190400 0 0 0 0
1336183200 0 0 0 0
1336176000 0 0 0 0
1336168800 0 0 0 0
1336161600 0 0 0 0
1336154400 0 0 0 0
1336147200 0 0 0 0
1336140000 0 0 0 0
1336132800 0 0 0 0
1336125600 0 0 0 0
1336118400 0 0 0 0
1336111200 0 0 0 0
1336104000 0 0 0 0
1336096800 0 0 0 0
1336089600 0 0 0 0
1336082400 0 0 0 0
1336075200 0 0 0 0
1336068000 0 0 0 0
1336060800 0 0 0 0
1336053600 0 0 0 0
1336046400 0 0 0 0
1336039200 0 0 0 0
1336032000 0 0 0 0
1336024800 0 0 0 0
1336017600 0 0 0 0
1336010400 0 0 0 0
1336003200 0 0 0 0
1335996000 0 0 0 0
1335988800 0 0 0 0
1335981600 0 0 0 0
1335974400 0 0 0 0
1335967200 0 0 0 0
1335960000 0 0 0 0
1335952800 0 0 0 0
1335945600 0 0 0 0
1335938400 0 0 0 0
1335931200 0 0 0 0
1335924000 0 0 0 0
1335916800 0 0 0 0
1335909600 0 0 0 0
1335902400 0 0 0 0
1335895200 0 0 0 0
1335888000 0 0 0 0
1335880800 0 0 0 0
1335873600 0 0 0 0
1335866400 0 0 0 0
1335859200 0 0 0 0
1335852000 0 0 0 0
1335844800 0 0 0 0
1335837600 0 0 0 0
1335830400 0 0 0 0
1335823200 0 0 0 0
1335816000 0 0 0 0
1335808800 0 0 0 0
1335801600 0 0 0 0
1335794400 0 0 0 0
1335787200 0 0 0 0
1335780000 0 0 0 0
1335772800 0 0 0 0
1335765600 0 0 0 0
1335758400 0 0 0 0
1335751200 0 0 0 0
1335744000 0 0 0 0
1335736800 0 0 0 0
1335729600 0 0 0 0
1335722400 0 0 0 0
1335715200 0 0 0 0
1335708000 0 0 0 0
1335700800 0 0 0 0
1335693600 0 0 0 0
1335686400 0 0 0 0
1335679200 0 0 0 0
1335672000 0 0 0 0
1335664800 0 0 0 0
1335657600 0 0 0 0
1335650400 0 0 0 0
1335643200 0 0 0 0
1335636000 0 0 0 0
1335628800 0 0 0 0
1335621600 0 0 0 0
1335614400 0 0 0 0
1335607200 0 0 0 0
1335600000 0 0 0 0
1335592800 0 0 0 0
1335585600 0 0 0 0
1335578400 0 0 0 0
1335571200 0 0 0 0
1335564000 0 0 0 0
1335556800 0 0 0 0
1335549600 0 0 0 0
1335542400 0 0 0 0
1335535200 0 0 0 0
1335528000 0 0 0 0
1335520800 0 0 0 0
1335513600 0 0 0 0
1335506400 0 0 0 0
1335499200 0 0 0 0
1335492000 0 0 0 0
1335484800 0 0 0 0
1335477600 0 0 0 0
1335470400 0 0 0 0
1335463200 0 0 0 0
1335456000 0 0 0 0
1335448800 0 0 0 0
1335441600 0 0 0 0
1335434400 0 0 0 0
1335427200 0 0 0 0
1335420000 0 0 0 0
1335412800 0 0 0 0
1335405600 0 0 0 0
1335398400 0 0 0 0
1335391200 0 0 0 0
1335384000 0 0 0 0
1335376800 0 0 0 0
1335369600 0 0 0 0
1335362400 0 0 0 0
1335355200 0 0 0 0
1335348000 0 0 0 0
1335340800 0 0 0 0
1335333600 0 0 0 0
1335326400 0 0 0 0
1335319200 0 0 0 0
1335312000 0 0 0 0
1335304800 0 0 0 0
1335297600 0 0 0 0
1335290400 0 0 0 0
1335283200 0 0 0 0
1335276000 0 0 0 0
1335268800 0 0 0 0
1335261600 0 0 0 0
1335254400 0 0 0 0
1335247200 0 0 0 0
1335240000 0 0 0 0
1335232800 0 0 0 0
1335225600 0 0 0 0
1335218400 0 0 0 0
1335211200 0 0 0 0
1335204000 0 0 0 0
1335196800 0 0 0 0
1335189600 0 0 0 0
1335182400 0 0 0 0
1335175200 0 0 0 0
1335168000 0 0 0 0
1335160800 0 0 0 0
1335153600 0 0 0 0
1335146400 0 0 0 0
1335139200 0 0 0 0
1335132000 0 0 0 0
1335124800 0 0 0 0
1335117600 0 0 0 0
1335110400 0 0 0 0
1335103200 0 0 0 0
1335096000 0 0 0 0
1335088800 0 0 0 0
1335081600 0 0 0 0
1335074400 0 0 0 0
1335067200 0 0 0 0
1335060000 0 0 0 0
1335052800 0 0 0 0
1335045600 0 0 0 0
1335038400 0 0 0 0
1335031200 0 0 0 0
1335024000 0 0 0 0
1335016800 0 0 0 0
1335009600 0 0 0 0
1335002400 0 0 0 0
1334995200 0 0 0 0
1334988000 0 0 0 0
1334980800 0 0 0 0
1334973600 0 0 0 0
1334966400 0 0 0 0
1334959200 0 0 0 0
1334952000 0 0 0 0
1334944800 0 0 0 0
1334937600 0 0 0 0
1334930400 0 0 0 0
1334923200 0 0 0 0
1334916000 0 0 0 0
1334908800 0 0 0 0
1334901600 0 0 0 0
1334894400 0 0 0 0
1334887200 0 0 0 0
1334880000 0 0 0 0
1334872800 0 0 0 0
1334865600 0 0 0 0
1334858400 0 0 0 0
1334851200 0 0 0 0
1334844000 0 0 0 0
1334836800 0 0 0 0
1334829600 0 0 0 0
1334822400 0 0 0 0
1334815200 0 0 0 0
1334808000 0 0 0 0
1334800800 0 0 0 0
1334793600 0 0 0 0
1334786400 0 0 0 0
1334779200 0 0 0 0
1334772000 0 0 0 0
1334764800 0 0 0 0
1334757600 0 0 0 0
1334750400 0 0 0 0
1334743200 0 0 0 0
1334736000 0 0 0 0
1334728800 0 0 0 0
1334721600 0 0 0 0
1334714400 0 0 0 0
1334707200 0 0 0 0
1334700000 0 0 0 0
1334692800 0 0 0 0
1334685600 0 0 0 0
1334678400 0 0 0 0
1334671200 0 0 0 0
1334664000 0 0 0 0
1334656800 0 0 0 0
1334649600 0 0 0 0
1334642400 0 0 0 0
1334635200 0 0 0 0
1334628000 0 0 0 0
1334620800 0 0 0 0
1334613600 0 0 0 0
1334606400 0 0 0 0
1334599200 0 0 0 0
1334592000 0 0 0 0
1334584800 0 0 0 0
1334577600 0 0 0 0
1334570400 0 0 0 0
1334563200 0 0 0 0
1334556000 0 0 0 0
1334548800 0 0 0 0
1334541600 0 0 0 0
1334534400 0 0 0 0
1334527200 0 0 0 0
1334520000 0 0 0 0
1334512800 0 0 0 0
1334505600 0 0 0 0
1334498400 0 0 0 0
1334491200 0 0 0 0
1334484000 0 0 0 0
1334476800 0 0 0 0
1334469600 0 0 0 0
1334462400 0 0 0 0
1334455200 0 0 0 0
1334448000 0 0 0 0
1334440800 0 0 0 0
1334433600 0 0 0 0
1334426400 0 0 0 0
1334419200 0 0 0 0
1334412000 0 0 0 0
1334404800 0 0 0 0
1334397600 0 0 0 0
1334390400 0 0 0 0
1334383200 0 0 0 0
1334376000 0 0 0 0
1334368800 0 0 0 0
1334361600 0 0 0 0
1334354400 0 0 0 0
1334347200 0 0 0 0
1334340000 0 0 0 0
1334332800 0 0 0 0
1334325600 0 0 0 0
1334318400 0 0 0 0
1334311200 0 0 0 0
1334304000 0 0 0 0
1334296800 0 0 0 0
1334289600 0 0 0 0
1334282400 0 0 0 0
1334275200 0 0 0 0
1334268000 0 0 0 0
1334260800 0 0 0 0
1334253600 0 0 0 0
1334246400 0 0 0 0
1334239200 0 0 0 0
1334232000 0 0 0 0
1334224800 0 0 0 0
1334217600 0 0 0 0
1334210400 0 0 0 0
1334203200 0 0 0 0
1334196000 0 0 0 0
1334188800 0 0 0 0
1334181600 0 0 0 0
1334174400 0 0 0 0
1334167200 0 0 0 0
1334160000 0 0 0 0
1334152800 0 0 0 0
1334145600 0 0 0 0
1334138400 0 0 0 0
1334131200 0 0 0 0
1334124000 0 0 0 0
1334116800 0 0 0 0
1334109600 0 0 0 0
1334102400 0 0 0 0
1334095200 0 0 0 0
1334088000 0 0 0 0
1334080800 0 0 0 0
1334073600 0 0 0 0
1334066400 0 0 0 0
1334059200 0 0 0 0
1334052000 0 0 0 0
1334044800 0 0 0 0
1334037600 0 0 0 0
1334030400 0 0 0 0
1334023200 0 0 0 0
1334016000 0 0 0 0
1334008800 0 0 0 0
1334001600 0 0 0 0
1333994400 0 0 0 0
1333987200 0 0 0 0
1333980000 0 0 0 0
1333972800 0 0 0 0
1333965600 0 0 0 0
1333958400 0 0 0 0
1333951200 0 0 0 0
1333944000 0 0 0 0
1333936800 0 0 0 0
1333929600 0 0 0 0
1333922400 0 0 0 0
1333915200 0 0 0 0
1333908000 0 0 0 0
1333900800 0 0 0 0
1333893600 0 0 0 0
1333886400 0 0 0 0
1333879200 0 0 0 0
1333872000 0 0 0 0
1333864800 0 0 0 0
1333857600 0 0 0 0
1333850400 0 0 0 0
1333843200 0 0 0 0
1333836000 0 0 0 0
1333828800 0 0 0 0
1333821600 0 0 0 0
1333814400 0 0 0 0
1333807200 0 0 0 0
1333800000 0 0 0 0
1333792800 0 0 0 0
1333785600 0 0 0 0
1333778400 0 0 0 0
1333771200 0 0 0 0
1333764000 0 0 0 0
1333756800 0 0 0 0
1333749600 0 0 0 0
1333742400 0 0 0 0
1333735200 0 0 0 0
1333728000 0 0 0 0
1333720800 0 0 0 0
1333713600 0 0 0 0
1333706400 0 0 0 0
1333699200 0 0 0 0
1333692000 0 0 0 0
1333684800 0 0 0 0
1333677600 0 0 0 0
1333670400 0 0 0 0
1333663200 0 0 0 0
1333656000 0 0 0 0
1333648800 0 0 0 0
1333641600 0 0 0 0
1333634400 0 0 0 0
1333627200 0 0 0 0
1333620000 0 0 0 0
1333612800 0 0 0 0
1333605600 0 0 0 0
1333598400 0 0 0 0
1333584000 0 0 0 0
1333497600 0 0 0 0
1333411200 0 0 0 0
1333324800 0 0 0 0
1333238400 0 0 0 0
1333152000 0 0 0 0
1333065600 0 0 0 0
1332979200 0 0 0 0
1332892800 0 0 0 0
1332806400 0 0 0 0
1332720000 0 0 0 0
1332633600 0 0 0 0
1332547200 0 0 0 0
1332460800 0 0 0 0
1332374400 0 0 0 0
1332288000 0 0 0 0
1332201600 0 0 0 0
1332115200 0 0 0 0
1332028800 0 0 0 0
1331942400 0 0 0 0
1331856000 0 0 0 0
1331769600 0 0 0 0
1331683200 0 0 0 0
1331596800 0 0 0 0
1331510400 0 0 0 0
1331424000 0 0 0 0
1331337600 0 0 0 0
1331251200 0 0 0 0
1331164800 0 0 0 0
1331078400 0 0 0 0
1330992000 0 0 0 0
1330905600 0 0 0 0
1330819200 0 0 0 0
1330732800 0 0 0 0
1330646400 0 0 0 0
1330560000 0 0 0 0
1330473600 0 0 0 0
1330387200 0 0 0 0
1330300800 0 0 0 0
1330214400 0 0 0 0
1330128000 0 0 0 0
1330041600 0 0 0 0
1329955200 0 0 0 0
1329868800 0 0 0 0
1329782400 0 0 0 0
1329696000 0 0 0 0
1329609600 0 0 0 0
1329523200 0 0 0 0
1329436800 0 0 0 0
1329350400 0 0 0 0
1329264000 0 0 0 0
1329177600 0 0 0 0
1329091200 0 0 0 0
1329004800 0 0 0 0
1328918400 0 0 0 0
1328832000 0 0 0 0
1328745600 0 0 0 0
1328659200 0 0 0 0
1328572800 0 0 0 0
1328486400 0 0 0 0
1328400000 0 0 0 0
1328313600 0 0 0 0
1328227200 0 0 0 0
1328140800 0 0 0 0
1328054400 0 0 0 0
1327968000 0 0 0 0
1327881600 0 0 0 0
1327795200 0 0 0 0
1327708800 0 0 0 0
1327622400 0 0 0 0
1327536000 0 0 0 0
1327449600 0 0 0 0
1327363200 0 0 0 0
1327276800 0 0 0 0
1327190400 0 0 0 0
1327104000 0 0 0 0
1327017600 0 0 0 0
1326931200 0 0 0 0
1326844800 0 0 0 0
1326758400 0 0 0 0
1326672000 0 0 0 0
1326585600 0 0 0 0
1326499200 0 0 0 0
1326412800 0 0 0 0
1326326400 0 0 0 0
1326240000 0 0 0 0
1326153600 0 0 0 0
1326067200 0 0 0 0
1325980800 0 0 0 0
1325894400 0 0 0 0
1325808000 0 0 0 0
1325721600 0 0 0 0
1325635200 0 0 0 0
1325548800 0 0 0 0
1325462400 0 0 0 0
1325376000 0 0 0 0
1325289600 0 0 0 0
1325203200 0 0 0 0
1325116800 0 0 0 0
1325030400 0 0 0 0
1324944000 0 0 0 0
1324857600 0 0 0 0
1324771200 0 0 0 0
1324684800 0 0 0 0
1324598400 0 0 0 0
1324512000 0 0 0 0
1324425600 0 0 0 0
1324339200 0 0 0 0
1324252800 0 0 0 0
1324166400 0 0 0 0
1324080000 0 0 0 0
1323993600 0 0 0 0
1323907200 0 0 0 0
1323820800 0 0 0 0
1323734400 0 0 0 0
1323648000 0 0 0 0
1323561600 0 0 0 0
1323475200 0 0 0 0
1323388800 0 0 0 0
1323302400 0 0 0 0
1323216000 0 0 0 0
1323129600 0 0 0 0
1323043200 0 0 0 0
1322956800 0 0 0 0
1322870400 0 0 0 0
1322784000 0 0 0 0
1322697600 0 0 0 0
1322611200 0 0 0 0
1322524800 0 0 0 0
1322438400 0 0 0 0
1322352000 0 0 0 0
1322265600 0 0 0 0
1322179200 0 0 0 0
1322092800 0 0 0 0
1322006400 0 0 0 0
1321920000 0 0 0 0
1321833600 0 0 0 0
1321747200 0 0 0 0
1321660800 0 0 0 0
1321574400 0 0 0 0
1321488000 0 0 0 0
1321401600 0 0 0 0
1321315200 0 0 0 0
1321228800 0 0 0 0
1321142400 0 0 0 0
1321056000 0 0 0 0
1320969600 0 0 0 0
1320883200 0 0 0 0
1320796800 0 0 0 0
1320710400 0 0 0 0
1320624000 0 0 0 0
1320537600 0 0 0 0
1320451200 0 0 0 0
1320364800 0 0 0 0
1320278400 0 0 0 0
1320192000 0 0 0 0
1320105600 0 0 0 0
1320019200 0 0 0 0
1319932800 0 0 0 0
1319846400 0 0 0 0
1319760000 0 0 0 0
1319673600 0 0 0 0
1319587200 0 0 0 0
1319500800 0 0 0 0
1319414400 0 0 0 0
1319328000 0 0 0 0
1319241600 0 0 0 0
1319155200 0 0 0 0
1319068800 0 0 0 0
1318982400 0 0 0 0
1318896000 0 0 0 0
1318809600 0 0 0 0
1318723200 0 0 0 0
1318636800 0 0 0 0
1318550400 0 0 0 0
1318464000 0 0 0 0
1318377600 0 0 0 0
1318291200 0 0 0 0
1318204800 0 0 0 0
1318118400 0 0 0 0
1318032000 0 0 0 0
1317945600 0 0 0 0
1317859200 0 0 0 0
1317772800 0 0 0 0
1317686400 0 0 0 0
1317600000 0 0 0 0
1317513600 0 0 0 0
1317427200 0 0 0 0
1317340800 0 0 0 0
1317254400 0 0 0 0
1317168000 0 0 0 0
1317081600 0 0 0 0
1316995200 0 0 0 0
1316908800 0 0 0 0
1316822400 0 0 0 0
1316736000 0 0 0 0
1316649600 0 0 0 0
1316563200 0 0 0 0
1316476800 0 0 0 0
1316390400 0 0 0 0
1316304000 0 0 0 0
1316217600 0 0 0 0
1316131200 0 0 0 0
1316044800 0 0 0 0
1315958400 0 0 0 0
1315872000 0 0 0 0
1315785600 0 0 0 0
1315699200 0 0 0 0
1315612800 0 0 0 0
1315526400 0 0 0 0
1315440000 0 0 0 0
1315353600 0 0 0 0
1315267200 0 0 0 0
1315180800 0 0 0 0
1315094400 0 0 0 0
1315008000 0 0 0 0
1314921600 0 0 0 0
1314835200 0 0 0 0
1314748800 0 0 0 0
1314662400 0 0 0 0
1314576000 0 0 0 0
1314489600 0 0 0 0
1314403200 0 0 0 0
1314316800 0 0 0 0
1314230400 0 0 0 0
1314144000 0 0 0 0
1314057600 0 0 0 0
1313971200 0 0 0 0
1313884800 0 0 0 0
1313798400 0 0 0 0
1313712000 0 0 0 0
1313625600 0 0 0 0
1313539200 0 0 0 0
1313452800 0 0 0 0
1313366400 0 0 0 0
1313280000 0 0 0 0
1313193600 0 0 0 0
1313107200 0 0 0 0
1313020800 0 0 0 0
1312934400 0 0 0 0
1312848000 0 0 0 0
1312761600 0 0 0 0
1312675200 0 0 0 0
1312588800 0 0 0 0
1312502400 0 0 0 0
1312416000 0 0 0 0
1312329600 0 0 0 0
1312243200 0 0 0 0
1312156800 0 0 0 0
1312070400 0 0 0 0
1311984000 0 0 0 0
1311897600 0 0 0 0
1311811200 0 0 0 0
1311724800 0 0 0 0
1311638400 0 0 0 0
1311552000 0 0 0 0
1311465600 0 0 0 0
1311379200 0 0 0 0
1311292800 0 0 0 0
1311206400 0 0 0 0
1311120000 0 0 0 0
1311033600 0 0 0 0
1310947200 0 0 0 0
1310860800 0 0 0 0
1310774400 0 0 0 0
1310688000 0 0 0 0
1310601600 0 0 0 0
1310515200 0 0 0 0
1310428800 0 0 0 0
1310342400 0 0 0 0
1310256000 0 0 0 0
1310169600 0 0 0 0
1310083200 0 0 0 0
1309996800 0 0 0 0
1309910400 0 0 0 0
1309824000 0 0 0 0
1309737600 0 0 0 0
1309651200 0 0 0 0
1309564800 0 0 0 0
1309478400 0 0 0 0
1309392000 0 0 0 0
1309305600 0 0 0 0
1309219200 0 0 0 0
1309132800 0 0 0 0
1309046400 0 0 0 0
1308960000 0 0 0 0
1308873600 0 0 0 0
1308787200 0 0 0 0
1308700800 0 0 0 0
1308614400 0 0 0 0
1308528000 0 0 0 0
1308441600 0 0 0 0
1308355200 0 0 0 0
1308268800 0 0 0 0
1308182400 0 0 0 0
1308096000 0 0 0 0
1308009600 0 0 0 0
1307923200 0 0 0 0
1307836800 0 0 0 0
1307750400 0 0 0 0
1307664000 0 0 0 0
1307577600 0 0 0 0
1307491200 0 0 0 0
1307404800 0 0 0 0
1307318400 0 0 0 0
1307232000 0 0 0 0
1307145600 0 0 0 0
1307059200 0 0 0 0
1306972800 0 0 0 0
1306886400 0 0 0 0
1306800000 0 0 0 0
1306713600 0 0 0 0
1306627200 0 0 0 0
1306540800 0 0 0 0
1306454400 0 0 0 0
1306368000 0 0 0 0
1306281600 0 0 0 0
1306195200 0 0 0 0
1306108800 0 0 0 0
1306022400 0 0 0 0
1305936000 0 0 0 0
1305849600 0 0 0 0
1305763200 0 0 0 0
1305676800 0 0 0 0
1305590400 0 0 0 0
1305504000 0 0 0 0
1305417600 0 0 0 0
1305331200 0 0 0 0
1305244800 0 0 0 0
1305158400 0 0 0 0
1305072000 0 0 0 0
1304985600 0 0 0 0
1304899200 0 0 0 0
1304812800 0 0 0 0
1304726400 0 0 0 0
1304640000 0 0 0 0
1304553600 0 0 0 0
1304467200 0 0 0 0
1304380800 0 0 0 0
1304294400 0 0 0 0
1304208000 0 0 0 0
1304121600 0 0 0 0
1304035200 0 0 0 0
1303948800 0 0 0 0
1303862400 0 0 0 0
1303776000 0 0 0 0
1303689600 0 0 0 0
1303603200 0 0 0 0
1303516800 0 0 0 0
1303430400 0 0 0 0
1303344000 0 0 0 0
1303257600 0 0 0 0
1303171200 0 0 0 0
1303084800 0 0 0 0
1302998400 0 0 0 0
1302912000 0 0 0 0
1302825600 0 0 0 0
1302739200 0 0 0 0
1302652800 0 0 0 0
1302566400 0 0 0 0
1302480000 0 0 0 0
1302393600 0 0 0 0
1302307200 0 0 0 0
1302220800 0 0 0 0
1302134400 0 0 0 0
1302048000 0 0 0 0
1301961600 0 0 0 0
1301875200 0 0 0 0
1301788800 0 0 0 0
1301702400 0 0 0 0
1301616000 0 0 0 0
1301529600 0 0 0 0
1301443200 0 0 0 0
1301356800 0 0 0 0
1301270400 0 0 0 0
1301184000 0 0 0 0
1301097600 0 0 0 0
1301011200 0 0 0 0
1300924800 0 0 0 0
1300838400 0 0 0 0
1300752000 0 0 0 0
1300665600 0 0 0 0
1300579200 0 0 0 0
1300492800 0 0 0 0
1300406400 0 0 0 0
1300320000 0 0 0 0
1300233600 0 0 0 0
1300147200 0 0 0 0
1300060800 0 0 0 0
1299974400 0 0 0 0
1299888000 0 0 0 0
1299801600 0 0 0 0
1299715200 0 0 0 0
1299628800 0 0 0 0
1299542400 0 0 0 0
1299456000 0 0 0 0
1299369600 0 0 0 0
1299283200 0 0 0 0
1299196800 0 0 0 0
1299110400 0 0 0 0
1299024000 0 0 0 0
1298937600 0 0 0 0
1298851200 0 0 0 0
1298764800 0 0 0 0
1298678400 0 0 0 0
1298592000 0 0 0 0
1298505600 0 0 0 0
1298419200 0 0 0 0
1298332800 0 0 0 0
1298246400 0 0 0 0
1298160000 0 0 0 0
1298073600 0 0 0 0
1297987200 0 0 0 0
1297900800 0 0 0 0
1297814400 0 0 0 0
1297728000 0 0 0 0
1297641600 0 0 0 0
1297555200 0 0 0 0
1297468800 0 0 0 0
1297382400 0 0 0 0
1297296000 0 0 0 0
1297209600 0 0 0 0
1297123200 0 0 0 0
1297036800 0 0 0 0
1296950400 0 0 0 0
1296864000 0 0 0 0
1296777600 0 0 0 0
1296691200 0 0 0 0
1296604800 0 0 0 0
1296518400 0 0 0 0
1296432000 0 0 0 0
1296345600 0 0 0 0
1296259200 0 0 0 0
1296172800 0 0 0 0
1296086400 0 0 0 0
1296000000 0 0 0 0
1295913600 0 0 0 0
1295827200 0 0 0 0
1295740800 0 0 0 0
1295654400 0 0 0 0
1295568000 0 0 0 0
1295481600 0 0 0 0
1295395200 0 0 0 0
1295308800 0 0 0 0
1295222400 0 0 0 0
1295136000 0 0 0 0
1295049600 0 0 0 0
1294963200 0 0 0 0
1294876800 0 0 0 0
1294790400 0 0 0 0
1294704000 0 0 0 0
1294617600 0 0 0 0
1294531200 0 0 0 0
1294444800 0 0 0 0
1294358400 0 0 0 0
1294272000 0 0 0 0
1294185600 0 0 0 0
1294099200 0 0 0 0
1294012800 0 0 0 0
1293926400 0 0 0 0
1293840000 0 0 0 0
1293753600 0 0 0 0
1293667200 0 0 0 0
1293580800 0 0 0 0
1293494400 0 0 0 0
1293408000 0 0 0 0
1293321600 0 0 0 0
1293235200 0 0 0 0
1293148800 0 0 0 0
1293062400 0 0 0 0
1292976000 0 0 0 0
1292889600 0 0 0 0
1292803200 0 0 0 0
1292716800 0 0 0 0
1292630400 0 0 0 0
1292544000 0 0 0 0
1292457600 0 0 0 0
1292371200 0 0 0 0
1292284800 0 0 0 0
1292198400 0 0 0 0
1292112000 0 0 0 0
1292025600 0 0 0 0
1291939200 0 0 0 0
1291852800 0 0 0 0
1291766400 0 0 0 0
1291680000 0 0 0 0
1291593600 0 0 0 0
1291507200 0 0 0 0
1291420800 0 0 0 0
1291334400 0 0 0 0
1291248000 0 0 0 0
1291161600 0 0 0 0
1291075200 0 0 0 0
1290988800 0 0 0 0
1290902400 0 0 0 0
1290816000 0 0 0 0
1290729600 0 0 0 0
1290643200 0 0 0 0
1290556800 0 0 0 0
1290470400 0 0 0 0
1290384000 0 0 0 0
1290297600 0 0 0 0
1290211200 0 0 0 0
1290124800 0 0 0 0
1290038400 0 0 0 0
1289952000 0 0 0 0
1289865600 0 0 0 0
1289779200 0 0 0 0
1289692800 0 0 0 0
1289606400 0 0 0 0
1289520000 0 0 0 0
1289433600 0 0 0 0
1289347200 0 0 0 0
1289260800 0 0 0 0
1289174400 0 0 0 0
1289088000 0 0 0 0
1289001600 0 0 0 0
1288915200 0 0 0 0
1288828800 0 0 0 0
1288742400 0 0 0 0
1288656000 0 0 0 0
1288569600 0 0 0 0
1288483200 0 0 0 0
1288396800 0 0 0 0
1288310400 0 0 0 0
1288224000 0 0 0 0
1288137600 0 0 0 0
1288051200 0 0 0 0
1287964800 0 0 0 0
1287878400 0 0 0 0
1287792000 0 0 0 0
1287705600 0 0 0 0
1287619200 0 0 0 0
1287532800 0 0 0 0
1287446400 0 0 0 0
1287360000 0 0 0 0
1287273600 0 0 0 0
1287187200 0 0 0 0
1287100800 0 0 0 0
1287014400 0 0 0 0
1286928000 0 0 0 0
1286841600 0 0 0 0
1286755200 0 0 0 0
1286668800 0 0 0 0
1286582400 0 0 0 0
1286496000 0 0 0 0
1286409600 0 0 0 0
1286323200 0 0 0 0
1286236800 0 0 0 0
1286150400 0 0 0 0
1286064000 0 0 0 0
1285977600 0 0 0 0
1285891200 0 0 0 0
1285804800 0 0 0 0
1285718400 0 0 0 0
1285632000 0 0 0 0
1285545600 0 0 0 0
1285459200 0 0 0 0
1285372800 0 0 0 0
1285286400 0 0 0 0
1285200000 0 0 0 0
1285113600 0 0 0 0
1285027200 0 0 0 0
1284940800 0 0 0 0
1284854400 0 0 0 0
1284768000 0 0 0 0
1284681600 0 0 0 0
1284595200 0 0 0 0
1284508800 0 0 0 0
1284422400 0 0 0 0
1284336000 0 0 0 0
1284249600 0 0 0 0
1284163200 0 0 0 0
1284076800 0 0 0 0
1283990400 0 0 0 0
1283904000 0 0 0 0
1283817600 0 0 0 0
1283731200 0 0 0 0
1283644800 0 0 0 0
1283558400 0 0 0 0
1283472000 0 0 0 0
1283385600 0 0 0 0
1283299200 0 0 0 0
1283212800 0 0 0 0
1283126400 0 0 0 0
1283040000 0 0 0 0
1282953600 0 0 0 0
1282867200 0 0 0 0
1282780800 0 0 0 0
1282694400 0 0 0 0
1282608000 0 0 0 0
1282521600 0 0 0 0
1282435200 0 0 0 0
1282348800 0 0 0 0
1282262400 0 0 0 0
1282176000 0 0 0 0
1282089600 0 0 0 0
1282003200 0 0 0 0
1281916800 0 0 0 0
1281830400 0 0 0 0
1281744000 0 0 0 0
1281657600 0 0 0 0
1281571200 0 0 0 0
1281484800 0 0 0 0
1281398400 0 0 0 0
1281312000 0 0 0 0
1281225600 0 0 0 0
1281139200 0 0 0 0
1281052800 0 0 0 0
1280966400 0 0 0 0
1280880000 0 0 0 0
1280793600 0 0 0 0
1280707200 0 0 0 0
1280620800 0 0 0 0
1280534400 0 0 0 0
1280448000 0 0 0 0
1280361600 0 0 0 0
1280275200 0 0 0 0
1280188800 0 0 0 0
1280102400 0 0 0 0
1280016000 0 0 0 0
1279929600 0 0 0 0
1279843200 0 0 0 0
1279756800 0 0 0 0
1279670400 0 0 0 0
1279584000 0 0 0 0
1279497600 0 0 0 0
1279411200 0 0 0 0
1279324800 0 0 0 0
1279238400 0 0 0 0
1279152000 0 0 0 0
1279065600 0 0 0 0
1278979200 0 0 0 0
1278892800 0 0 0 0
1278806400 0 0 0 0
1278720000 0 0 0 0
1278633600 0 0 0 0
1278547200 0 0 0 0
1278460800 0 0 0 0
1278374400 0 0 0 0
1278288000 0 0 0 0
1278201600 0 0 0 0
1278115200 0 0 0 0
1278028800 0 0 0 0
1277942400 0 0 0 0
1277856000 0 0 0 0
1277769600 0 0 0 0
1277683200 0 0 0 0
1277596800 0 0 0 0
1277510400 0 0 0 0
1277424000 0 0 0 0
1277337600 0 0 0 0
1277251200 0 0 0 0
1277164800 0 0 0 0
1277078400 0 0 0 0
1276992000 0 0 0 0
1276905600 0 0 0 0
1276819200 0 0 0 0
1276732800 0 0 0 0
1276646400 0 0 0 0
1276560000 0 0 0 0
1276473600 0 0 0 0
1276387200 0 0 0 0
1276300800 0 0 0 0
1276214400 0 0 0 0
1276128000 0 0 0 0
1276041600 0 0 0 0
1275955200 0 0 0 0
1275868800 0 0 0 0
1275782400 0 0 0 0
1275696000 0 0 0 0
1275609600 0 0 0 0
1275523200 0 0 0 0
1275436800 0 0 0 0
1275350400 0 0 0 0
1275264000 0 0 0 0
1275177600 0 0 0 0
1275091200 0 0 0 0
1275004800 0 0 0 0
1274918400 0 0 0 0
1274832000 0 0 0 0
1274745600 0 0 0 0
1274659200 0 0 0 0
1274572800 0 0 0 0
1274486400 0 0 0 0
1274400000 0 0 0 0
1274313600 0 0 0 0
1274227200 0 0 0 0
1274140800 0 0 0 0
1274054400 0 0 0 0
1273968000 0 0 0 0
1273881600 0 0 0 0
1273795200 0 0 0 0
1273708800 0 0 0 0
1273622400 0 0 0 0
1273536000 0 0 0 0
1273449600 0 0 0 0
1273363200 0 0 0 0
1273276800 0 0 0 0
1273190400 0 0 0 0
1273104000 0 0 0 0
1273017600 0 0 0 0
1272931200 0 0 0 0
1272844800 0 0 0 0
1272758400 0 0 0 0
1272672000 0 0 0 0
1272585600 0 0 0 0
1272499200 0 0 0 0
1272412800 0 0 0 0
1272326400 0 0 0 0
1272240000 0 0 0 0
1272153600 0 0 0 0
1272067200 0 0 0 0
1271980800 0 0 0 0
1271894400 0 0 0 0
1271808000 0 0 0 0
1271721600 0 0 0 0
1271635200 0 0 0 0
1271548800 0 0 0 0
1271462400 0 0 0 0
1271376000 0 0 0 0
1271289600 0 0 0 0
1271203200 0 0 0 0
1271116800 0 0 0 0
1271030400 0 0 0 0
1270944000 0 0 0 0
1270857600 0 0 0 0
1270771200 0 0 0 0
1270684800 0 0 0 0
1270598400 0 0 0 0
1270512000 0 0 0 0
1270425600 0 0 0 0
