1385556909 0 0
1385556909 0 0 0 0
1385556884 0 0 0 0
1385556600 0 0 0 0
1385556300 0 0 0 0
1385556000 0 0 0 0
1385555700 0 0 0 0
1385555400 0 0 0 0
1385555100 0 0 0 0
1385554800 0 0 0 0
1385554500 0 0 0 0
1385554200 0 0 0 0
1385553900 0 0 0 0
1385553600 0 0 0 0
1385553300 0 0 0 0
1385553000 0 0 0 0
1385552700 0 0 0 0
1385552400 0 0 0 0
1385552100 0 0 0 0
1385551800 0 0 0 0
1385551500 0 0 0 0
1385551200 0 0 0 0
1385550900 0 0 0 0
1385550600 0 0 0 0
1385550300 0 0 0 0
1385550000 0 0 0 0
1385549700 0 0 0 0
1385549400 0 0 0 0
1385549100 0 0 0 0
1385548800 0 0 0 0
1385548500 0 0 0 0
1385548200 0 0 0 0
1385547900 0 0 0 0
1385547600 0 0 0 0
1385547300 0 0 0 0
1385547000 0 0 0 0
1385546700 0 0 0 0
1385546400 0 0 0 0
1385546100 0 0 0 0
1385545800 0 0 0 0
1385545500 0 0 0 0
1385545200 0 0 0 0
1385544900 0 0 0 0
1385544600 0 0 0 0
1385544300 0 0 0 0
1385544000 0 0 0 0
1385543700 0 0 0 0
1385543400 0 0 0 0
1385543100 0 0 0 0
1385542800 0 0 0 0
1385542500 0 0 0 0
1385542200 0 0 0 0
1385541900 0 0 0 0
1385541600 0 0 0 0
1385541300 0 0 0 0
1385541000 0 0 0 0
1385540700 0 0 0 0
1385540400 0 0 0 0
1385540100 0 0 0 0
1385539800 0 0 0 0
1385539500 0 0 0 0
1385539200 0 0 0 0
1385538900 0 0 0 0
1385538600 0 0 0 0
1385538300 0 0 0 0
1385538000 0 0 0 0
1385537700 0 0 0 0
1385537400 0 0 0 0
1385537100 0 0 0 0
1385536800 0 0 0 0
1385536500 0 0 0 0
1385536200 0 0 0 0
1385535900 0 0 0 0
1385535600 0 0 0 0
1385535300 0 0 0 0
1385535000 0 0 0 0
1385534700 0 0 0 0
1385534400 0 0 0 0
1385534100 0 0 0 0
1385533800 0 0 0 0
1385533500 0 0 0 0
1385533200 0 0 0 0
1385532900 0 0 0 0
1385532600 0 0 0 0
1385532300 0 0 0 0
1385532000 0 0 0 0
1385531700 0 0 0 0
1385531400 0 0 0 0
1385531100 0 0 0 0
1385530800 0 0 0 0
1385530500 0 0 0 0
1385530200 0 0 0 0
1385529900 0 0 0 0
1385529600 0 0 0 0
1385529300 0 0 0 0
1385529000 0 0 0 0
1385528700 0 0 0 0
1385528400 0 0 0 0
1385528100 0 0 0 0
1385527800 0 0 0 0
1385527500 0 0 0 0
1385527200 0 0 0 0
1385526900 0 0 0 0
1385526600 0 0 0 0
1385526300 0 0 0 0
1385526000 0 0 0 0
1385525700 0 0 0 0
1385525400 0 0 0 0
1385525100 0 0 0 0
1385524800 0 0 0 0
1385524500 0 0 0 0
1385524200 0 0 0 0
1385523900 0 0 0 0
1385523600 0 0 0 0
1385523300 0 0 0 0
1385523000 0 0 0 0
1385522700 0 0 0 0
1385522400 0 0 0 0
1385522100 0 0 0 0
1385521800 0 0 0 0
1385521500 0 0 0 0
1385521200 0 0 0 0
1385520900 0 0 0 0
1385520600 0 0 0 0
1385520300 0 0 0 0
1385520000 0 0 0 0
1385519700 0 0 0 0
1385519400 0 0 0 0
1385519100 0 0 0 0
1385518800 0 0 0 0
1385518500 0 0 0 0
1385518200 0 0 0 0
1385517900 0 0 0 0
1385517600 0 0 0 0
1385517300 0 0 0 0
1385517000 0 0 0 0
1385516700 0 0 0 0
1385516400 0 0 0 0
1385516100 0 0 0 0
1385515800 0 0 0 0
1385515500 0 0 0 0
1385515200 0 0 0 0
1385514900 0 0 0 0
1385514600 0 0 0 0
1385514300 0 0 0 0
1385514000 0 0 0 0
1385513700 0 0 0 0
1385513400 0 0 0 0
1385513100 0 0 0 0
1385512800 0 0 0 0
1385512500 0 0 0 0
1385512200 0 0 0 0
1385511900 0 0 0 0
1385511600 0 0 0 0
1385511300 0 0 0 0
1385511000 0 0 0 0
1385510700 0 0 0 0
1385510400 0 0 0 0
1385510100 0 0 0 0
1385509800 0 0 0 0
1385509500 0 0 0 0
1385509200 0 0 0 0
1385508900 0 0 0 0
1385508600 0 0 0 0
1385508300 0 0 0 0
1385508000 0 0 0 0
1385507700 0 0 0 0
1385507400 0 0 0 0
1385507100 0 0 0 0
1385506800 0 0 0 0
1385506500 0 0 0 0
1385506200 0 0 0 0
1385505900 0 0 0 0
1385505600 0 0 0 0
1385505300 0 0 0 0
1385505000 0 0 0 0
1385504700 0 0 0 0
1385504400 0 0 0 0
1385504100 0 0 0 0
1385503800 0 0 0 0
1385503500 0 0 0 0
1385503200 0 0 0 0
1385502900 0 0 0 0
1385502600 0 0 0 0
1385502300 0 0 0 0
1385502000 0 0 0 0
1385501700 0 0 0 0
1385501400 0 0 0 0
1385501100 0 0 0 0
1385500800 0 0 0 0
1385500500 0 0 0 0
1385500200 0 0 0 0
1385499900 0 0 0 0
1385499600 0 0 0 0
1385499300 0 0 0 0
1385499000 0 0 0 0
1385498700 0 0 0 0
1385498400 0 0 0 0
1385498100 0 0 0 0
1385497800 0 0 0 0
1385497500 0 0 0 0
1385497200 0 0 0 0
1385496900 0 0 0 0
1385496600 0 0 0 0
1385496300 0 0 0 0
1385496000 0 0 0 0
1385495700 0 0 0 0
1385495400 0 0 0 0
1385495100 0 0 0 0
1385494800 0 0 0 0
1385494500 0 0 0 0
1385494200 0 0 0 0
1385493900 0 0 0 0
1385493600 0 0 0 0
1385493300 0 0 0 0
1385493000 0 0 0 0
1385492700 0 0 0 0
1385492400 0 0 0 0
1385492100 0 0 0 0
1385491800 0 0 0 0
1385491500 0 0 0 0
1385491200 0 0 0 0
1385490900 0 0 0 0
1385490600 0 0 0 0
1385490300 0 0 0 0
1385490000 0 0 0 0
1385489700 0 0 0 0
1385489400 0 0 0 0
1385489100 0 0 0 0
1385488800 0 0 0 0
1385488500 0 0 0 0
1385488200 0 0 0 0
1385487900 0 0 0 0
1385487600 0 0 0 0
1385487300 0 0 0 0
1385487000 0 0 0 0
1385486700 0 0 0 0
1385486400 0 0 0 0
1385486100 0 0 0 0
1385485800 0 0 0 0
1385485500 0 0 0 0
1385485200 0 0 0 0
1385484900 0 0 0 0
1385484600 0 0 0 0
1385484300 0 0 0 0
1385484000 0 0 0 0
1385483700 0 0 0 0
1385483400 0 0 0 0
1385483100 0 0 0 0
1385482800 0 0 0 0
1385482500 0 0 0 0
1385482200 0 0 0 0
1385481900 0 0 0 0
1385481600 0 0 0 0
1385481300 0 0 0 0
1385481000 0 0 0 0
1385480700 0 0 0 0
1385480400 0 0 0 0
1385480100 0 0 0 0
1385479800 0 0 0 0
1385479500 0 0 0 0
1385479200 0 0 0 0
1385478900 0 0 0 0
1385478600 0 0 0 0
1385478300 0 0 0 0
1385478000 0 0 0 0
1385477700 0 0 0 0
1385477400 0 0 0 0
1385477100 0 0 0 0
1385476800 0 0 0 0
1385476500 0 0 0 0
1385476200 0 0 0 0
1385475900 0 0 0 0
1385475600 0 0 0 0
1385475300 0 0 0 0
1385475000 0 0 0 0
1385474700 0 0 0 0
1385474400 0 0 0 0
1385474100 0 0 0 0
1385473800 0 0 0 0
1385473500 0 0 0 0
1385473200 0 0 0 0
1385472900 0 0 0 0
1385472600 0 0 0 0
1385472300 0 0 0 0
1385472000 0 0 0 0
1385471700 0 0 0 0
1385471400 0 0 0 0
1385471100 0 0 0 0
1385470800 0 0 0 0
1385470500 0 0 0 0
1385470200 0 0 0 0
1385469900 0 0 0 0
1385469600 0 0 0 0
1385469300 0 0 0 0
1385469000 0 0 0 0
1385468700 0 0 0 0
1385468400 0 0 0 0
1385468100 0 0 0 0
1385467800 0 0 0 0
1385467500 0 0 0 0
1385467200 0 0 0 0
1385466900 0 0 0 0
1385466600 0 0 0 0
1385466300 0 0 0 0
1385466000 0 0 0 0
1385465700 0 0 0 0
1385465400 0 0 0 0
1385465100 0 0 0 0
1385464800 0 0 0 0
1385464500 0 0 0 0
1385464200 0 0 0 0
1385463900 0 0 0 0
1385463600 0 0 0 0
1385463300 0 0 0 0
1385463000 0 0 0 0
1385462700 0 0 0 0
1385462400 0 0 0 0
1385462100 0 0 0 0
1385461800 0 0 0 0
1385461500 0 0 0 0
1385461200 0 0 0 0
1385460900 0 0 0 0
1385460600 0 0 0 0
1385460300 0 0 0 0
1385460000 0 0 0 0
1385459700 0 0 0 0
1385459400 0 0 0 0
1385459100 0 0 0 0
1385458800 0 0 0 0
1385458500 0 0 0 0
1385458200 0 0 0 0
1385457900 0 0 0 0
1385457600 0 0 0 0
1385457300 0 0 0 0
1385457000 0 0 0 0
1385456700 0 0 0 0
1385456400 0 0 0 0
1385456100 0 0 0 0
1385455800 0 0 0 0
1385455500 0 0 0 0
1385455200 0 0 0 0
1385454900 0 0 0 0
1385454600 0 0 0 0
1385454300 0 0 0 0
1385454000 0 0 0 0
1385453700 0 0 0 0
1385453400 0 0 0 0
1385453100 0 0 0 0
1385452800 0 0 0 0
1385452500 0 0 0 0
1385452200 0 0 0 0
1385451900 0 0 0 0
1385451600 0 0 0 0
1385451300 0 0 0 0
1385451000 0 0 0 0
1385450700 0 0 0 0
1385450400 0 0 0 0
1385450100 0 0 0 0
1385449800 0 0 0 0
1385449500 0 0 0 0
1385449200 0 0 0 0
1385448900 0 0 0 0
1385448600 0 0 0 0
1385448300 0 0 0 0
1385448000 0 0 0 0
1385447700 0 0 0 0
1385447400 0 0 0 0
1385447100 0 0 0 0
1385446800 0 0 0 0
1385446500 0 0 0 0
1385446200 0 0 0 0
1385445900 0 0 0 0
1385445600 0 0 0 0
1385445300 0 0 0 0
1385445000 0 0 0 0
1385444700 0 0 0 0
1385444400 0 0 0 0
1385444100 0 0 0 0
1385443800 0 0 0 0
1385443500 0 0 0 0
1385443200 0 0 0 0
1385442900 0 0 0 0
1385442600 0 0 0 0
1385442300 0 0 0 0
1385442000 0 0 0 0
1385441700 0 0 0 0
1385441400 0 0 0 0
1385441100 0 0 0 0
1385440800 0 0 0 0
1385440500 0 0 0 0
1385440200 0 0 0 0
1385439900 0 0 0 0
1385439600 0 0 0 0
1385439300 0 0 0 0
1385439000 0 0 0 0
1385438700 0 0 0 0
1385438400 0 0 0 0
1385438100 0 0 0 0
1385437800 0 0 0 0
1385437500 0 0 0 0
1385437200 0 0 0 0
1385436900 0 0 0 0
1385436600 0 0 0 0
1385436300 0 0 0 0
1385436000 0 0 0 0
1385435700 0 0 0 0
1385435400 0 0 0 0
1385435100 0 0 0 0
1385434800 0 0 0 0
1385434500 0 0 0 0
1385434200 0 0 0 0
1385433900 0 0 0 0
1385433600 0 0 0 0
1385433300 0 0 0 0
1385433000 0 0 0 0
1385432700 0 0 0 0
1385432400 0 0 0 0
1385432100 0 0 0 0
1385431800 0 0 0 0
1385431500 0 0 0 0
1385431200 0 0 0 0
1385430900 0 0 0 0
1385430600 0 0 0 0
1385430300 0 0 0 0
1385430000 0 0 0 0
1385429700 0 0 0 0
1385429400 0 0 0 0
1385429100 0 0 0 0
1385428800 0 0 0 0
1385428500 0 0 0 0
1385428200 0 0 0 0
1385427900 0 0 0 0
1385427600 0 0 0 0
1385427300 0 0 0 0
1385427000 0 0 0 0
1385426700 0 0 0 0
1385426400 0 0 0 0
1385426100 0 0 0 0
1385425800 0 0 0 0
1385425500 0 0 0 0
1385425200 0 0 0 0
1385424900 0 0 0 0
1385424600 0 0 0 0
1385424300 0 0 0 0
1385424000 0 0 0 0
1385423700 0 0 0 0
1385423400 0 0 0 0
1385423100 0 0 0 0
1385422800 0 0 0 0
1385422500 0 0 0 0
1385422200 0 0 0 0
1385421900 0 0 0 0
1385421600 0 0 0 0
1385421300 0 0 0 0
1385421000 0 0 0 0
1385420700 0 0 0 0
1385420400 0 0 0 0
1385420100 0 0 0 0
1385419800 0 0 0 0
1385419500 0 0 0 0
1385419200 0 0 0 0
1385418900 0 0 0 0
1385418600 0 0 0 0
1385418300 0 0 0 0
1385418000 0 0 0 0
1385417700 0 0 0 0
1385417400 0 0 0 0
1385417100 0 0 0 0
1385416800 0 0 0 0
1385416500 0 0 0 0
1385416200 0 0 0 0
1385415900 0 0 0 0
1385415600 0 0 0 0
1385415300 0 0 0 0
1385415000 0 0 0 0
1385414700 0 0 0 0
1385414400 0 0 0 0
1385414100 0 0 0 0
1385413800 0 0 0 0
1385413500 0 0 0 0
1385413200 0 0 0 0
1385412900 0 0 0 0
1385412600 0 0 0 0
1385412300 0 0 0 0
1385412000 0 0 0 0
1385411700 0 0 0 0
1385411400 0 0 0 0
1385411100 0 0 0 0
1385410800 0 0 0 0
1385410500 0 0 0 0
1385410200 0 0 0 0
1385409900 0 0 0 0
1385409600 0 0 0 0
1385409300 0 0 0 0
1385409000 0 0 0 0
1385408700 0 0 0 0
1385408400 0 0 0 0
1385408100 0 0 0 0
1385407800 0 0 0 0
1385407500 0 0 0 0
1385407200 0 0 0 0
1385406900 0 0 0 0
1385406600 0 0 0 0
1385406300 0 0 0 0
1385406000 0 0 0 0
1385405700 0 0 0 0
1385405400 0 0 0 0
1385405100 0 0 0 0
1385404800 0 0 0 0
1385404500 0 0 0 0
1385404200 0 0 0 0
1385403900 0 0 0 0
1385403600 0 0 0 0
1385403300 0 0 0 0
1385403000 0 0 0 0
1385402700 0 0 0 0
1385402400 0 0 0 0
1385402100 0 0 0 0
1385401800 0 0 0 0
1385401500 0 0 0 0
1385401200 0 0 0 0
1385400900 0 0 0 0
1385400600 0 0 0 0
1385400300 0 0 0 0
1385400000 0 0 0 0
1385399700 0 0 0 0
1385399400 0 0 0 0
1385399100 0 0 0 0
1385398800 0 0 0 0
1385398500 0 0 0 0
1385398200 0 0 0 0
1385397900 0 0 0 0
1385397600 0 0 0 0
1385397300 0 0 0 0
1385397000 0 0 0 0
1385396700 0 0 0 0
1385396400 0 0 0 0
1385396100 0 0 0 0
1385395800 0 0 0 0
1385395500 0 0 0 0
1385395200 0 0 0 0
1385394900 0 0 0 0
1385394600 0 0 0 0
1385394300 0 0 0 0
1385394000 0 0 0 0
1385393700 0 0 0 0
1385393400 0 0 0 0
1385393100 0 0 0 0
1385392800 0 0 0 0
1385392500 0 0 0 0
1385392200 0 0 0 0
1385391900 0 0 0 0
1385391600 0 0 0 0
1385391300 0 0 0 0
1385391000 0 0 0 0
1385390700 0 0 0 0
1385390400 0 0 0 0
1385390100 0 0 0 0
1385389800 0 0 0 0
1385389500 0 0 0 0
1385389200 0 0 0 0
1385388900 0 0 0 0
1385388600 0 0 0 0
1385388300 0 0 0 0
1385388000 0 0 0 0
1385387700 0 0 0 0
1385387400 0 0 0 0
1385387100 0 0 0 0
1385386800 0 0 0 0
1385386500 0 0 0 0
1385386200 0 0 0 0
1385385900 0 0 0 0
1385385600 0 0 0 0
1385385300 0 0 0 0
1385385000 0 0 0 0
1385384700 0 0 0 0
1385384400 0 0 0 0
1385384100 0 0 0 0
1385383800 0 0 0 0
1385383500 0 0 0 0
1385383200 0 0 0 0
1385382900 0 0 0 0
1385382600 0 0 0 0
1385382300 0 0 0 0
1385382000 0 0 0 0
1385381700 0 0 0 0
1385381400 0 0 0 0
1385381100 0 0 0 0
1385380800 0 0 0 0
1385380500 0 0 0 0
1385380200 0 0 0 0
1385379900 0 0 0 0
1385379600 0 0 0 0
1385379300 0 0 0 0
1385379000 0 0 0 0
1385378700 0 0 0 0
1385378400 0 0 0 0
1385378100 0 0 0 0
1385377800 0 0 0 0
1385377500 0 0 0 0
1385377200 0 0 0 0
1385376900 0 0 0 0
1385375400 0 0 0 0
1385373600 0 0 0 0
1385371800 0 0 0 0
1385370000 0 0 0 0
1385368200 0 0 0 0
1385366400 0 0 0 0
1385364600 0 0 0 0
1385362800 0 0 0 0
1385361000 0 0 0 0
1385359200 0 0 0 0
1385357400 0 0 0 0
1385355600 0 0 0 0
1385353800 0 0 0 0
1385352000 0 0 0 0
1385350200 0 0 0 0
1385348400 0 0 0 0
1385346600 0 0 0 0
1385344800 0 0 0 0
1385343000 0 0 0 0
1385341200 0 0 0 0
1385339400 0 0 0 0
1385337600 0 0 0 0
1385335800 0 0 0 0
1385334000 0 0 0 0
1385332200 0 0 0 0
1385330400 0 0 0 0
1385328600 0 0 0 0
1385326800 0 0 0 0
1385325000 0 0 0 0
1385323200 0 0 0 0
1385321400 0 0 0 0
1385319600 0 0 0 0
1385317800 0 0 0 0
1385316000 0 0 0 0
1385314200 0 0 0 0
1385312400 0 0 0 0
1385310600 0 0 0 0
1385308800 0 0 0 0
1385307000 0 0 0 0
1385305200 0 0 0 0
1385303400 0 0 0 0
1385301600 0 0 0 0
1385299800 0 0 0 0
1385298000 0 0 0 0
1385296200 0 0 0 0
1385294400 0 0 0 0
1385292600 0 0 0 0
1385290800 0 0 0 0
1385289000 0 0 0 0
1385287200 0 0 0 0
1385285400 0 0 0 0
1385283600 0 0 0 0
1385281800 0 0 0 0
1385280000 0 0 0 0
1385278200 0 0 0 0
1385276400 0 0 0 0
1385274600 0 0 0 0
1385272800 0 0 0 0
1385271000 0 0 0 0
1385269200 0 0 0 0
1385267400 0 0 0 0
1385265600 0 0 0 0
1385263800 0 0 0 0
1385262000 0 0 0 0
1385260200 0 0 0 0
1385258400 0 0 0 0
1385256600 0 0 0 0
1385254800 0 0 0 0
1385253000 0 0 0 0
1385251200 0 0 0 0
1385249400 0 0 0 0
1385247600 0 0 0 0
1385245800 0 0 0 0
1385244000 0 0 0 0
1385242200 0 0 0 0
1385240400 0 0 0 0
1385238600 0 0 0 0
1385236800 0 0 0 0
1385235000 0 0 0 0
1385233200 0 0 0 0
1385231400 0 0 0 0
1385229600 0 0 0 0
1385227800 0 0 0 0
1385226000 0 0 0 0
1385224200 0 0 0 0
1385222400 0 0 0 0
1385220600 0 0 0 0
1385218800 0 0 0 0
1385217000 0 0 0 0
1385215200 0 0 0 0
1385213400 0 0 0 0
1385211600 0 0 0 0
1385209800 0 0 0 0
1385208000 0 0 0 0
1385206200 0 0 0 0
1385204400 0 0 0 0
1385202600 0 0 0 0
1385200800 0 0 0 0
1385199000 0 0 0 0
1385197200 0 0 0 0
1385195400 0 0 0 0
1385193600 0 0 0 0
1385191800 0 0 0 0
1385190000 0 0 0 0
1385188200 0 0 0 0
1385186400 0 0 0 0
1385184600 0 0 0 0
1385182800 0 0 0 0
1385181000 0 0 0 0
1385179200 0 0 0 0
1385177400 0 0 0 0
1385175600 0 0 0 0
1385173800 0 0 0 0
1385172000 0 0 0 0
1385170200 0 0 0 0
1385168400 0 0 0 0
1385166600 0 0 0 0
1385164800 0 0 0 0
1385163000 0 0 0 0
1385161200 0 0 0 0
1385159400 0 0 0 0
1385157600 0 0 0 0
1385155800 0 0 0 0
1385154000 0 0 0 0
1385152200 0 0 0 0
1385150400 0 0 0 0
1385148600 0 0 0 0
1385146800 0 0 0 0
1385145000 0 0 0 0
1385143200 0 0 0 0
1385141400 0 0 0 0
1385139600 0 0 0 0
1385137800 0 0 0 0
1385136000 0 0 0 0
1385134200 0 0 0 0
1385132400 0 0 0 0
1385130600 0 0 0 0
1385128800 0 0 0 0
1385127000 0 0 0 0
1385125200 0 0 0 0
1385123400 0 0 0 0
1385121600 0 0 0 0
1385119800 0 0 0 0
1385118000 0 0 0 0
1385116200 0 0 0 0
1385114400 0 0 0 0
1385112600 0 0 0 0
1385110800 0 0 0 0
1385109000 0 0 0 0
1385107200 0 0 0 0
1385105400 0 0 0 0
1385103600 0 0 0 0
1385101800 0 0 0 0
1385100000 0 0 0 0
1385098200 0 0 0 0
1385096400 0 0 0 0
1385094600 0 0 0 0
1385092800 0 0 0 0
1385091000 0 0 0 0
1385089200 0 0 0 0
1385087400 0 0 0 0
1385085600 0 0 0 0
1385083800 0 0 0 0
1385082000 0 0 0 0
1385080200 0 0 0 0
1385078400 0 0 0 0
1385076600 0 0 0 0
1385074800 0 0 0 0
1385073000 0 0 0 0
1385071200 0 0 0 0
1385069400 0 0 0 0
1385067600 0 0 0 0
1385065800 0 0 0 0
1385064000 0 0 0 0
1385062200 0 0 0 0
1385060400 0 0 0 0
1385058600 0 0 0 0
1385056800 0 0 0 0
1385055000 0 0 0 0
1385053200 0 0 0 0
1385051400 0 0 0 0
1385049600 0 0 0 0
1385047800 0 0 0 0
1385046000 0 0 0 0
1385044200 0 0 0 0
1385042400 0 0 0 0
1385040600 0 0 0 0
1385038800 0 0 0 0
1385037000 0 0 0 0
1385035200 0 0 0 0
1385033400 0 0 0 0
1385031600 0 0 0 0
1385029800 0 0 0 0
1385028000 0 0 0 0
1385026200 0 0 0 0
1385024400 0 0 0 0
1385022600 0 0 0 0
1385020800 0 0 0 0
1385019000 0 0 0 0
1385017200 0 0 0 0
1385015400 0 0 0 0
1385013600 0 0 0 0
1385011800 0 0 0 0
1385010000 0 0 0 0
1385008200 0 0 0 0
1385006400 0 0 0 0
1385004600 0 0 0 0
1385002800 0 0 0 0
1385001000 0 0 0 0
1384999200 0 0 0 0
1384997400 0 0 0 0
1384995600 0 0 0 0
1384993800 0 0 0 0
1384992000 0 0 0 0
1384990200 0 0 0 0
1384988400 0 0 0 0
1384986600 0 0 0 0
1384984800 0 0 0 0
1384983000 0 0 0 0
1384981200 0 0 0 0
1384979400 0 0 0 0
1384977600 0 0 0 0
1384975800 0 0 0 0
1384974000 0 0 0 0
1384972200 0 0 0 0
1384970400 0 0 0 0
1384968600 0 0 0 0
1384966800 0 0 0 0
1384965000 0 0 0 0
1384963200 0 0 0 0
1384961400 0 0 0 0
1384959600 0 0 0 0
1384957800 0 0 0 0
1384956000 0 0 0 0
1384954200 0 0 0 0
1384952400 0 0 0 0
1384950600 0 0 0 0
1384948800 0 0 0 0
1384947000 0 0 0 0
1384945200 0 0 0 0
1384943400 0 0 0 0
1384941600 0 0 0 0
1384939800 0 0 0 0
1384938000 0 0 0 0
1384936200 0 0 0 0
1384934400 0 0 0 0
1384932600 0 0 0 0
1384930800 0 0 0 0
1384929000 0 0 0 0
1384927200 0 0 0 0
1384925400 0 0 0 0
1384923600 0 0 0 0
1384921800 0 0 0 0
1384920000 0 0 0 0
1384918200 0 0 0 0
1384916400 0 0 0 0
1384914600 0 0 0 0
1384912800 0 0 0 0
1384911000 0 0 0 0
1384909200 0 0 0 0
1384907400 0 0 0 0
1384905600 0 0 0 0
1384903800 0 0 0 0
1384902000 0 0 0 0
1384900200 0 0 0 0
1384898400 0 0 0 0
1384896600 0 0 0 0
1384894800 0 0 0 0
1384893000 0 0 0 0
1384891200 0 0 0 0
1384889400 0 0 0 0
1384887600 0 0 0 0
1384885800 0 0 0 0
1384884000 0 0 0 0
1384882200 0 0 0 0
1384880400 0 0 0 0
1384878600 0 0 0 0
1384876800 0 0 0 0
1384875000 0 0 0 0
1384873200 0 0 0 0
1384871400 0 0 0 0
1384869600 0 0 0 0
1384867800 0 0 0 0
1384866000 0 0 0 0
1384864200 0 0 0 0
1384862400 0 0 0 0
1384860600 0 0 0 0
1384858800 0 0 0 0
1384857000 0 0 0 0
1384855200 0 0 0 0
1384853400 0 0 0 0
1384851600 0 0 0 0
1384849800 0 0 0 0
1384848000 0 0 0 0
1384846200 0 0 0 0
1384844400 0 0 0 0
1384842600 0 0 0 0
1384840800 0 0 0 0
1384839000 0 0 0 0
1384837200 0 0 0 0
1384835400 0 0 0 0
1384833600 0 0 0 0
1384831800 0 0 0 0
1384830000 0 0 0 0
1384828200 0 0 0 0
1384826400 0 0 0 0
1384824600 0 0 0 0
1384822800 0 0 0 0
1384821000 0 0 0 0
1384819200 0 0 0 0
1384817400 0 0 0 0
1384815600 0 0 0 0
1384813800 0 0 0 0
1384812000 0 0 0 0
1384810200 0 0 0 0
1384808400 0 0 0 0
1384806600 0 0 0 0
1384804800 0 0 0 0
1384803000 0 0 0 0
1384801200 0 0 0 0
1384799400 0 0 0 0
1384797600 0 0 0 0
1384795800 0 0 0 0
1384794000 0 0 0 0
1384792200 0 0 0 0
1384790400 0 0 0 0
1384788600 0 0 0 0
1384786800 0 0 0 0
1384785000 0 0 0 0
1384783200 0 0 0 0
1384781400 0 0 0 0
1384779600 0 0 0 0
1384777800 0 0 0 0
1384776000 0 0 0 0
1384774200 0 0 0 0
1384772400 0 0 0 0
1384770600 0 0 0 0
1384768800 0 0 0 0
1384767000 0 0 0 0
1384765200 0 0 0 0
1384763400 0 0 0 0
1384761600 0 0 0 0
1384759800 0 0 0 0
1384758000 0 0 0 0
1384756200 0 0 0 0
1384754400 0 0 0 0
1384752600 0 0 0 0
1384750800 0 0 0 0
1384749000 0 0 0 0
1384747200 0 0 0 0
1384745400 0 0 0 0
1384743600 0 0 0 0
1384741800 0 0 0 0
1384740000 0 0 0 0
1384738200 0 0 0 0
1384736400 0 0 0 0
1384734600 0 0 0 0
1384732800 0 0 0 0
1384731000 0 0 0 0
1384729200 0 0 0 0
1384727400 0 0 0 0
1384725600 0 0 0 0
1384723800 0 0 0 0
1384722000 0 0 0 0
1384720200 0 0 0 0
1384718400 0 0 0 0
1384716600 0 0 0 0
1384714800 0 0 0 0
1384713000 0 0 0 0
1384711200 0 0 0 0
1384709400 0 0 0 0
1384707600 0 0 0 0
1384705800 0 0 0 0
1384704000 0 0 0 0
1384702200 0 0 0 0
1384700400 0 0 0 0
1384698600 0 0 0 0
1384696800 0 0 0 0
1384695000 0 0 0 0
1384693200 0 0 0 0
1384691400 0 0 0 0
1384689600 0 0 0 0
1384687800 0 0 0 0
1384686000 0 0 0 0
1384684200 0 0 0 0
1384682400 0 0 0 0
1384680600 0 0 0 0
1384678800 0 0 0 0
1384677000 0 0 0 0
1384675200 0 0 0 0
1384673400 0 0 0 0
1384671600 0 0 0 0
1384669800 0 0 0 0
1384668000 0 0 0 0
1384666200 0 0 0 0
1384664400 0 0 0 0
1384662600 0 0 0 0
1384660800 0 0 0 0
1384659000 0 0 0 0
1384657200 0 0 0 0
1384655400 0 0 0 0
1384653600 0 0 0 0
1384651800 0 0 0 0
1384650000 0 0 0 0
1384648200 0 0 0 0
1384646400 0 0 0 0
1384644600 0 0 0 0
1384642800 0 0 0 0
1384641000 0 0 0 0
1384639200 0 0 0 0
1384637400 0 0 0 0
1384635600 0 0 0 0
1384633800 0 0 0 0
1384632000 0 0 0 0
1384630200 0 0 0 0
1384628400 0 0 0 0
1384626600 0 0 0 0
1384624800 0 0 0 0
1384623000 0 0 0 0
1384621200 0 0 0 0
1384619400 0 0 0 0
1384617600 0 0 0 0
1384615800 0 0 0 0
1384614000 0 0 0 0
1384612200 0 0 0 0
1384610400 0 0 0 0
1384608600 0 0 0 0
1384606800 0 0 0 0
1384605000 0 0 0 0
1384603200 0 0 0 0
1384601400 0 0 0 0
1384599600 0 0 0 0
1384597800 0 0 0 0
1384596000 0 0 0 0
1384594200 0 0 0 0
1384592400 0 0 0 0
1384590600 0 0 0 0
1384588800 0 0 0 0
1384587000 0 0 0 0
1384585200 0 0 0 0
1384583400 0 0 0 0
1384581600 0 0 0 0
1384579800 0 0 0 0
1384578000 0 0 0 0
1384576200 0 0 0 0
1384574400 0 0 0 0
1384572600 0 0 0 0
1384570800 0 0 0 0
1384569000 0 0 0 0
1384567200 0 0 0 0
1384565400 0 0 0 0
1384563600 0 0 0 0
1384561800 0 0 0 0
1384560000 0 0 0 0
1384558200 0 0 0 0
1384556400 0 0 0 0
1384554600 0 0 0 0
1384552800 0 0 0 0
1384551000 0 0 0 0
1384549200 0 0 0 0
1384547400 0 0 0 0
1384545600 0 0 0 0
1384543800 0 0 0 0
1384542000 0 0 0 0
1384540200 0 0 0 0
1384538400 0 0 0 0
1384536600 0 0 0 0
1384534800 0 0 0 0
1384533000 0 0 0 0
1384531200 0 0 0 0
1384529400 0 0 0 0
1384527600 0 0 0 0
1384525800 0 0 0 0
1384524000 0 0 0 0
1384522200 0 0 0 0
1384520400 0 0 0 0
1384518600 0 0 0 0
1384516800 0 0 0 0
1384515000 0 0 0 0
1384513200 0 0 0 0
1384511400 0 0 0 0
1384509600 0 0 0 0
1384507800 0 0 0 0
1384506000 0 0 0 0
1384504200 0 0 0 0
1384502400 0 0 0 0
1384500600 0 0 0 0
1384498800 0 0 0 0
1384497000 0 0 0 0
1384495200 0 0 0 0
1384493400 0 0 0 0
1384491600 0 0 0 0
1384489800 0 0 0 0
1384488000 0 0 0 0
1384486200 0 0 0 0
1384484400 0 0 0 0
1384482600 0 0 0 0
1384480800 0 0 0 0
1384479000 0 0 0 0
1384477200 0 0 0 0
1384475400 0 0 0 0
1384473600 0 0 0 0
1384471800 0 0 0 0
1384470000 0 0 0 0
1384468200 0 0 0 0
1384466400 0 0 0 0
1384464600 0 0 0 0
1384462800 0 0 0 0
1384461000 0 0 0 0
1384459200 0 0 0 0
1384457400 0 0 0 0
1384455600 0 0 0 0
1384453800 0 0 0 0
1384452000 0 0 0 0
1384450200 0 0 0 0
1384448400 0 0 0 0
1384446600 0 0 0 0
1384444800 0 0 0 0
1384443000 0 0 0 0
1384441200 0 0 0 0
1384439400 0 0 0 0
1384437600 0 0 0 0
1384435800 0 0 0 0
1384434000 0 0 0 0
1384432200 0 0 0 0
1384430400 0 0 0 0
1384428600 0 0 0 0
1384426800 0 0 0 0
1384425000 0 0 0 0
1384423200 0 0 0 0
1384421400 0 0 0 0
1384419600 0 0 0 0
1384417800 0 0 0 0
1384416000 0 0 0 0
1384414200 0 0 0 0
1384412400 0 0 0 0
1384410600 0 0 0 0
1384408800 0 0 0 0
1384407000 0 0 0 0
1384405200 0 0 0 0
1384403400 0 0 0 0
1384401600 0 0 0 0
1384399800 0 0 0 0
1384398000 0 0 0 0
1384396200 0 0 0 0
1384394400 0 0 0 0
1384392600 0 0 0 0
1384390800 0 0 0 0
1384389000 0 0 0 0
1384387200 0 0 0 0
1384385400 0 0 0 0
1384383600 0 0 0 0
1384381800 0 0 0 0
1384380000 0 0 0 0
1384378200 0 0 0 0
1384376400 0 0 0 0
1384374600 0 0 0 0
1384372800 0 0 0 0
1384371000 0 0 0 0
1384369200 0 0 0 0
1384367400 0 0 0 0
1384365600 0 0 0 0
1384363800 0 0 0 0
1384362000 0 0 0 0
1384360200 0 0 0 0
1384358400 0 0 0 0
1384356600 0 0 0 0
1384354800 0 0 0 0
1384353000 0 0 0 0
1384351200 0 0 0 0
1384349400 0 0 0 0
1384347600 0 0 0 0
1384345800 0 0 0 0
1384344000 0 0 0 0
1384342200 0 0 0 0
1384340400 0 0 0 0
1384338600 0 0 0 0
1384336800 0 0 0 0
1384335000 0 0 0 0
1384333200 0 0 0 0
1384331400 0 0 0 0
1384329600 0 0 0 0
1384327800 0 0 0 0
1384326000 0 0 0 0
1384324200 0 0 0 0
1384322400 0 0 0 0
1384320600 0 0 0 0
1384318800 0 0 0 0
1384317000 0 0 0 0
1384315200 0 0 0 0
1384313400 0 0 0 0
1384311600 0 0 0 0
1384309800 0 0 0 0
1384308000 0 0 0 0
1384306200 0 0 0 0
1384304400 0 0 0 0
1384302600 0 0 0 0
1384300800 0 0 0 0
1384299000 0 0 0 0
1384297200 0 0 0 0
1384295400 0 0 0 0
1384293600 0 0 0 0
1384286400 0 0 0 0
1384279200 0 0 0 0
1384272000 0 0 0 0
1384264800 0 0 0 0
1384257600 0 0 0 0
1384250400 0 0 0 0
1384243200 0 0 0 0
1384236000 0 0 0 0
1384228800 0 0 0 0
1384221600 0 0 0 0
1384214400 0 0 0 0
1384207200 0 0 0 0
1384200000 0 0 0 0
1384192800 0 0 0 0
1384185600 0 0 0 0
1384178400 0 0 0 0
1384171200 0 0 0 0
1384164000 0 0 0 0
1384156800 0 0 0 0
1384149600 0 0 0 0
1384142400 0 0 0 0
1384135200 0 0 0 0
1384128000 0 0 0 0
1384120800 0 0 0 0
1384113600 0 0 0 0
1384106400 0 0 0 0
1384099200 0 0 0 0
1384092000 0 0 0 0
1384084800 0 0 0 0
1384077600 0 0 0 0
1384070400 0 0 0 0
1384063200 0 0 0 0
1384056000 0 0 0 0
1384048800 0 0 0 0
1384041600 0 0 0 0
1384034400 0 0 0 0
1384027200 0 0 0 0
1384020000 0 0 0 0
1384012800 0 0 0 0
1384005600 0 0 0 0
1383998400 0 0 0 0
1383991200 0 0 0 0
1383984000 0 0 0 0
1383976800 0 0 0 0
1383969600 0 0 0 0
1383962400 0 0 0 0
1383955200 0 0 0 0
1383948000 0 0 0 0
1383940800 0 0 0 0
1383933600 0 0 0 0
1383926400 0 0 0 0
1383919200 0 0 0 0
1383912000 0 0 0 0
1383904800 0 0 0 0
1383897600 0 0 0 0
1383890400 0 0 0 0
1383883200 0 0 0 0
1383876000 0 0 0 0
1383868800 0 0 0 0
1383861600 0 0 0 0
1383854400 0 0 0 0
1383847200 0 0 0 0
1383840000 0 0 0 0
1383832800 0 0 0 0
1383825600 0 0 0 0
1383818400 0 0 0 0
1383811200 0 0 0 0
1383804000 0 0 0 0
1383796800 0 0 0 0
1383789600 0 0 0 0
1383782400 0 0 0 0
1383775200 0 0 0 0
1383768000 0 0 0 0
1383760800 0 0 0 0
1383753600 0 0 0 0
1383746400 0 0 0 0
1383739200 0 0 0 0
1383732000 0 0 0 0
1383724800 0 0 0 0
1383717600 0 0 0 0
1383710400 0 0 0 0
1383703200 0 0 0 0
1383696000 0 0 0 0
1383688800 0 0 0 0
1383681600 0 0 0 0
1383674400 0 0 0 0
1383667200 0 0 0 0
1383660000 0 0 0 0
1383652800 0 0 0 0
1383645600 0 0 0 0
1383638400 0 0 0 0
1383631200 0 0 0 0
1383624000 0 0 0 0
1383616800 0 0 0 0
1383609600 0 0 0 0
1383602400 0 0 0 0
1383595200 0 0 0 0
1383588000 0 0 0 0
1383580800 0 0 0 0
1383573600 0 0 0 0
1383566400 0 0 0 0
1383559200 0 0 0 0
1383552000 0 0 0 0
1383544800 0 0 0 0
1383537600 0 0 0 0
1383530400 0 0 0 0
1383523200 0 0 0 0
1383516000 0 0 0 0
1383508800 0 0 0 0
1383501600 0 0 0 0
1383494400 0 0 0 0
1383487200 0 0 0 0
1383480000 0 0 0 0
1383472800 0 0 0 0
1383465600 0 0 0 0
1383458400 0 0 0 0
1383451200 0 0 0 0
1383444000 0 0 0 0
1383436800 0 0 0 0
1383429600 0 0 0 0
1383422400 0 0 0 0
1383415200 0 0 0 0
1383408000 0 0 0 0
1383400800 0 0 0 0
1383393600 0 0 0 0
1383386400 0 0 0 0
1383379200 0 0 0 0
1383372000 0 0 0 0
1383364800 0 0 0 0
1383357600 0 0 0 0
1383350400 0 0 0 0
1383343200 0 0 0 0
1383336000 0 0 0 0
1383328800 0 0 0 0
1383321600 0 0 0 0
1383314400 0 0 0 0
1383307200 0 0 0 0
1383300000 0 0 0 0
1383292800 0 0 0 0
1383285600 0 0 0 0
1383278400 0 0 0 0
1383271200 0 0 0 0
1383264000 0 0 0 0
1383256800 0 0 0 0
1383249600 0 0 0 0
1383242400 0 0 0 0
1383235200 0 0 0 0
1383228000 0 0 0 0
1383220800 0 0 0 0
1383213600 0 0 0 0
1383206400 0 0 0 0
1383199200 0 0 0 0
1383192000 0 0 0 0
1383184800 0 0 0 0
1383177600 0 0 0 0
1383170400 0 0 0 0
1383163200 0 0 0 0
1383156000 0 0 0 0
1383148800 0 0 0 0
1383141600 0 0 0 0
1383134400 0 0 0 0
1383127200 0 0 0 0
1383120000 0 0 0 0
1383112800 0 0 0 0
1383105600 0 0 0 0
1383098400 0 0 0 0
1383091200 0 0 0 0
1383084000 0 0 0 0
1383076800 0 0 0 0
1383069600 0 0 0 0
1383062400 0 0 0 0
1383055200 0 0 0 0
1383048000 0 0 0 0
1383040800 0 0 0 0
1383033600 0 0 0 0
1383026400 0 0 0 0
1383019200 0 0 0 0
1383012000 0 0 0 0
1383004800 0 0 0 0
1382997600 0 0 0 0
1382990400 0 0 0 0
1382983200 0 0 0 0
1382976000 0 0 0 0
1382968800 0 0 0 0
1382961600 0 0 0 0
1382954400 0 0 0 0
1382947200 0 0 0 0
1382940000 0 0 0 0
1382932800 0 0 0 0
1382925600 0 0 0 0
1382918400 0 0 0 0
1382911200 0 0 0 0
1382904000 0 0 0 0
1382896800 0 0 0 0
1382889600 0 0 0 0
1382882400 0 0 0 0
1382875200 0 0 0 0
1382868000 0 0 0 0
1382860800 0 0 0 0
1382853600 0 0 0 0
1382846400 0 0 0 0
1382839200 0 0 0 0
1382832000 0 0 0 0
1382824800 0 0 0 0
1382817600 0 0 0 0
1382810400 0 0 0 0
1382803200 0 0 0 0
1382796000 0 0 0 0
1382788800 0 0 0 0
1382781600 0 0 0 0
1382774400 0 0 0 0
1382767200 0 0 0 0
1382760000 0 0 0 0
1382752800 0 0 0 0
1382745600 0 0 0 0
1382738400 0 0 0 0
1382731200 0 0 0 0
1382724000 0 0 0 0
1382716800 0 0 0 0
1382709600 0 0 0 0
1382702400 0 0 0 0
1382695200 0 0 0 0
1382688000 0 0 0 0
1382680800 0 0 0 0
1382673600 0 0 0 0
1382666400 0 0 0 0
1382659200 0 0 0 0
1382652000 0 0 0 0
1382644800 0 0 0 0
1382637600 0 0 0 0
1382630400 0 0 0 0
1382623200 0 0 0 0
1382616000 0 0 0 0
1382608800 0 0 0 0
1382601600 0 0 0 0
1382594400 0 0 0 0
1382587200 0 0 0 0
1382580000 0 0 0 0
1382572800 0 0 0 0
1382565600 0 0 0 0
1382558400 0 0 0 0
1382551200 0 0 0 0
1382544000 0 0 0 0
1382536800 0 0 0 0
1382529600 0 0 0 0
1382522400 0 0 0 0
1382515200 0 0 0 0
1382508000 0 0 0 0
1382500800 0 0 0 0
1382493600 0 0 0 0
1382486400 0 0 0 0
1382479200 0 0 0 0
1382472000 0 0 0 0
1382464800 0 0 0 0
1382457600 0 0 0 0
1382450400 0 0 0 0
1382443200 0 0 0 0
1382436000 0 0 0 0
1382428800 0 0 0 0
1382421600 0 0 0 0
1382414400 0 0 0 0
1382407200 0 0 0 0
1382400000 0 0 0 0
1382392800 0 0 0 0
1382385600 0 0 0 0
1382378400 0 0 0 0
1382371200 0 0 0 0
1382364000 0 0 0 0
1382356800 0 0 0 0
1382349600 0 0 0 0
1382342400 0 0 0 0
1382335200 0 0 0 0
1382328000 0 0 0 0
1382320800 0 0 0 0
1382313600 0 0 0 0
1382306400 0 0 0 0
1382299200 0 0 0 0
1382292000 0 0 0 0
1382284800 0 0 0 0
1382277600 0 0 0 0
1382270400 0 0 0 0
1382263200 0 0 0 0
1382256000 0 0 0 0
1382248800 0 0 0 0
1382241600 0 0 0 0
1382234400 0 0 0 0
1382227200 0 0 0 0
1382220000 0 0 0 0
1382212800 0 0 0 0
1382205600 0 0 0 0
1382198400 0 0 0 0
1382191200 0 0 0 0
1382184000 0 0 0 0
1382176800 0 0 0 0
1382169600 0 0 0 0
1382162400 0 0 0 0
1382155200 0 0 0 0
1382148000 0 0 0 0
1382140800 0 0 0 0
1382133600 0 0 0 0
1382126400 0 0 0 0
1382119200 0 0 0 0
1382112000 0 0 0 0
1382104800 0 0 0 0
1382097600 0 0 0 0
1382090400 0 0 0 0
1382083200 0 0 0 0
1382076000 0 0 0 0
1382068800 0 0 0 0
1382061600 0 0 0 0
1382054400 0 0 0 0
1382047200 0 0 0 0
1382040000 0 0 0 0
1382032800 0 0 0 0
1382025600 0 0 0 0
1382018400 0 0 0 0
1382011200 0 0 0 0
1382004000 0 0 0 0
1381996800 0 0 0 0
1381989600 0 0 0 0
1381982400 0 0 0 0
1381975200 0 0 0 0
1381968000 0 0 0 0
1381960800 0 0 0 0
1381953600 0 0 0 0
1381946400 0 0 0 0
1381939200 0 0 0 0
1381932000 0 0 0 0
1381924800 0 0 0 0
1381917600 0 0 0 0
1381910400 0 0 0 0
1381903200 0 0 0 0
1381896000 0 0 0 0
1381888800 0 0 0 0
1381881600 0 0 0 0
1381874400 0 0 0 0
1381867200 0 0 0 0
1381860000 0 0 0 0
1381852800 0 0 0 0
1381845600 0 0 0 0
1381838400 0 0 0 0
1381831200 0 0 0 0
1381824000 0 0 0 0
1381816800 0 0 0 0
1381809600 0 0 0 0
1381802400 0 0 0 0
1381795200 0 0 0 0
1381788000 0 0 0 0
1381780800 0 0 0 0
1381773600 0 0 0 0
1381766400 0 0 0 0
1381759200 0 0 0 0
1381752000 0 0 0 0
1381744800 0 0 0 0
1381737600 0 0 0 0
1381730400 0 0 0 0
1381723200 0 0 0 0
1381716000 0 0 0 0
1381708800 0 0 0 0
1381701600 0 0 0 0
1381694400 0 0 0 0
1381687200 0 0 0 0
1381680000 0 0 0 0
1381672800 0 0 0 0
1381665600 0 0 0 0
1381658400 0 0 0 0
1381651200 0 0 0 0
1381644000 0 0 0 0
1381636800 0 0 0 0
1381629600 0 0 0 0
1381622400 0 0 0 0
1381615200 0 0 0 0
1381608000 0 0 0 0
1381600800 0 0 0 0
1381593600 0 0 0 0
1381586400 0 0 0 0
1381579200 0 0 0 0
1381572000 0 0 0 0
1381564800 0 0 0 0
1381557600 0 0 0 0
1381550400 0 0 0 0
1381543200 0 0 0 0
1381536000 0 0 0 0
1381528800 0 0 0 0
1381521600 0 0 0 0
1381514400 0 0 0 0
1381507200 0 0 0 0
1381500000 0 0 0 0
1381492800 0 0 0 0
1381485600 0 0 0 0
1381478400 0 0 0 0
1381471200 0 0 0 0
1381464000 0 0 0 0
1381456800 0 0 0 0
1381449600 0 0 0 0
1381442400 0 0 0 0
1381435200 0 0 0 0
1381428000 0 0 0 0
1381420800 0 0 0 0
1381413600 0 0 0 0
1381406400 0 0 0 0
1381399200 0 0 0 0
1381392000 0 0 0 0
1381384800 0 0 0 0
1381377600 0 0 0 0
1381370400 0 0 0 0
1381363200 0 0 0 0
1381356000 0 0 0 0
1381348800 0 0 0 0
1381341600 0 0 0 0
1381334400 0 0 0 0
1381327200 0 0 0 0
1381320000 0 0 0 0
1381312800 0 0 0 0
1381305600 0 0 0 0
1381298400 0 0 0 0
1381291200 0 0 0 0
1381284000 0 0 0 0
1381276800 0 0 0 0
1381269600 0 0 0 0
1381262400 0 0 0 0
1381255200 0 0 0 0
1381248000 0 0 0 0
1381240800 0 0 0 0
1381233600 0 0 0 0
1381226400 0 0 0 0
1381219200 0 0 0 0
1381212000 0 0 0 0
1381204800 0 0 0 0
1381197600 0 0 0 0
1381190400 0 0 0 0
1381183200 0 0 0 0
1381176000 0 0 0 0
1381168800 0 0 0 0
1381161600 0 0 0 0
1381154400 0 0 0 0
1381147200 0 0 0 0
1381140000 0 0 0 0
1381132800 0 0 0 0
1381125600 0 0 0 0
1381118400 0 0 0 0
1381111200 0 0 0 0
1381104000 0 0 0 0
1381096800 0 0 0 0
1381089600 0 0 0 0
1381082400 0 0 0 0
1381075200 0 0 0 0
1381068000 0 0 0 0
1381060800 0 0 0 0
1381053600 0 0 0 0
1381046400 0 0 0 0
1381039200 0 0 0 0
1381032000 0 0 0 0
1381024800 0 0 0 0
1381017600 0 0 0 0
1381010400 0 0 0 0
1381003200 0 0 0 0
1380996000 0 0 0 0
1380988800 0 0 0 0
1380981600 0 0 0 0
1380974400 0 0 0 0
1380967200 0 0 0 0
1380960000 0 0 0 0
1380952800 0 0 0 0
1380945600 0 0 0 0
1380938400 0 0 0 0
1380931200 0 0 0 0
1380924000 0 0 0 0
1380916800 0 0 0 0
1380909600 0 0 0 0
1380902400 0 0 0 0
1380895200 0 0 0 0
1380888000 0 0 0 0
1380880800 0 0 0 0
1380873600 0 0 0 0
1380866400 0 0 0 0
1380859200 0 0 0 0
1380852000 0 0 0 0
1380844800 0 0 0 0
1380837600 0 0 0 0
1380830400 0 0 0 0
1380823200 0 0 0 0
1380816000 0 0 0 0
1380808800 0 0 0 0
1380801600 0 0 0 0
1380794400 0 0 0 0
1380787200 0 0 0 0
1380780000 0 0 0 0
1380772800 0 0 0 0
1380765600 0 0 0 0
1380758400 0 0 0 0
1380751200 0 0 0 0
1380744000 0 0 0 0
1380736800 0 0 0 0
1380729600 0 0 0 0
1380722400 0 0 0 0
1380715200 0 0 0 0
1380708000 0 0 0 0
1380700800 0 0 0 0
1380693600 0 0 0 0
1380686400 0 0 0 0
1380679200 0 0 0 0
1380672000 0 0 0 0
1380664800 0 0 0 0
1380657600 0 0 0 0
1380650400 0 0 0 0
1380643200 0 0 0 0
1380636000 0 0 0 0
1380628800 0 0 0 0
1380621600 0 0 0 0
1380614400 0 0 0 0
1380607200 0 0 0 0
1380600000 0 0 0 0
1380592800 0 0 0 0
1380585600 0 0 0 0
1380578400 0 0 0 0
1380571200 0 0 0 0
1380564000 0 0 0 0
1380556800 0 0 0 0
1380549600 0 0 0 0
1380542400 0 0 0 0
1380535200 0 0 0 0
1380528000 0 0 0 0
1380520800 0 0 0 0
1380513600 0 0 0 0
1380506400 0 0 0 0
1380499200 0 0 0 0
1380492000 0 0 0 0
1380484800 0 0 0 0
1380477600 0 0 0 0
1380470400 0 0 0 0
1380463200 0 0 0 0
1380456000 0 0 0 0
1380448800 0 0 0 0
1380441600 0 0 0 0
1380434400 0 0 0 0
1380427200 0 0 0 0
1380420000 0 0 0 0
1380412800 0 0 0 0
1380405600 0 0 0 0
1380398400 0 0 0 0
1380391200 0 0 0 0
1380384000 0 0 0 0
1380376800 0 0 0 0
1380369600 0 0 0 0
1380362400 0 0 0 0
1380355200 0 0 0 0
1380348000 0 0 0 0
1380340800 0 0 0 0
1380333600 0 0 0 0
1380326400 0 0 0 0
1380319200 0 0 0 0
1380312000 0 0 0 0
1380304800 0 0 0 0
1380297600 0 0 0 0
1380290400 0 0 0 0
1380283200 0 0 0 0
1380276000 0 0 0 0
1380268800 0 0 0 0
1380261600 0 0 0 0
1380254400 0 0 0 0
1380247200 0 0 0 0
1380240000 0 0 0 0
1380232800 0 0 0 0
1380225600 0 0 0 0
1380218400 0 0 0 0
1380211200 0 0 0 0
1380204000 0 0 0 0
1380196800 0 0 0 0
1380189600 0 0 0 0
1380182400 0 0 0 0
1380175200 0 0 0 0
1380168000 0 0 0 0
1380160800 0 0 0 0
1380153600 0 0 0 0
1380146400 0 0 0 0
1380139200 0 0 0 0
1380132000 0 0 0 0
1380124800 0 0 0 0
1380117600 0 0 0 0
1380110400 0 0 0 0
1380103200 0 0 0 0
1380096000 0 0 0 0
1380088800 0 0 0 0
1380081600 0 0 0 0
1380074400 0 0 0 0
1380067200 0 0 0 0
1380060000 0 0 0 0
1380052800 0 0 0 0
1380045600 0 0 0 0
1380038400 0 0 0 0
1380031200 0 0 0 0
1380024000 0 0 0 0
1380016800 0 0 0 0
1380009600 0 0 0 0
1380002400 0 0 0 0
1379995200 0 0 0 0
1379988000 0 0 0 0
1379980800 0 0 0 0
1379973600 0 0 0 0
1379894400 0 0 0 0
1379808000 0 0 0 0
1379721600 0 0 0 0
1379635200 0 0 0 0
1379548800 0 0 0 0
1379462400 0 0 0 0
1379376000 0 0 0 0
1379289600 0 0 0 0
1379203200 0 0 0 0
1379116800 0 0 0 0
1379030400 0 0 0 0
1378944000 0 0 0 0
1378857600 0 0 0 0
1378771200 0 0 0 0
1378684800 0 0 0 0
1378598400 0 0 0 0
1378512000 0 0 0 0
1378425600 0 0 0 0
1378339200 0 0 0 0
1378252800 0 0 0 0
1378166400 0 0 0 0
1378080000 0 0 0 0
1377993600 0 0 0 0
1377907200 0 0 0 0
1377820800 0 0 0 0
1377734400 0 0 0 0
1377648000 0 0 0 0
1377561600 0 0 0 0
1377475200 0 0 0 0
1377388800 0 0 0 0
1377302400 0 0 0 0
1377216000 0 0 0 0
1377129600 0 0 0 0
1377043200 0 0 0 0
1376956800 0 0 0 0
1376870400 0 0 0 0
1376784000 0 0 0 0
1376697600 0 0 0 0
1376611200 0 0 0 0
1376524800 0 0 0 0
1376438400 0 0 0 0
1376352000 0 0 0 0
1376265600 0 0 0 0
1376179200 0 0 0 0
1376092800 0 0 0 0
1376006400 0 0 0 0
1375920000 0 0 0 0
1375833600 0 0 0 0
1375747200 0 0 0 0
1375660800 0 0 0 0
1375574400 0 0 0 0
1375488000 0 0 0 0
1375401600 0 0 0 0
1375315200 0 0 0 0
1375228800 0 0 0 0
1375142400 0 0 0 0
1375056000 0 0 0 0
1374969600 0 0 0 0
1374883200 0 0 0 0
1374796800 0 0 0 0
1374710400 0 0 0 0
1374624000 0 0 0 0
1374537600 0 0 0 0
1374451200 0 0 0 0
1374364800 0 0 0 0
1374278400 0 0 0 0
1374192000 0 0 0 0
1374105600 0 0 0 0
1374019200 0 0 0 0
1373932800 0 0 0 0
1373846400 0 0 0 0
1373760000 0 0 0 0
1373673600 0 0 0 0
1373587200 0 0 0 0
1373500800 0 0 0 0
1373414400 0 0 0 0
1373328000 0 0 0 0
1373241600 0 0 0 0
1373155200 0 0 0 0
1373068800 0 0 0 0
1372982400 0 0 0 0
1372896000 0 0 0 0
1372809600 0 0 0 0
1372723200 0 0 0 0
1372636800 0 0 0 0
1372550400 0 0 0 0
1372464000 0 0 0 0
1372377600 0 0 0 0
1372291200 0 0 0 0
1372204800 0 0 0 0
1372118400 0 0 0 0
1372032000 0 0 0 0
1371945600 0 0 0 0
1371859200 0 0 0 0
1371772800 0 0 0 0
1371686400 0 0 0 0
1371600000 0 0 0 0
1371513600 0 0 0 0
1371427200 0 0 0 0
1371340800 0 0 0 0
1371254400 0 0 0 0
1371168000 0 0 0 0
1371081600 0 0 0 0
1370995200 0 0 0 0
1370908800 0 0 0 0
1370822400 0 0 0 0
1370736000 0 0 0 0
1370649600 0 0 0 0
1370563200 0 0 0 0
1370476800 0 0 0 0
1370390400 0 0 0 0
1370304000 0 0 0 0
1370217600 0 0 0 0
1370131200 0 0 0 0
1370044800 0 0 0 0
1369958400 0 0 0 0
1369872000 0 0 0 0
1369785600 0 0 0 0
1369699200 0 0 0 0
1369612800 0 0 0 0
1369526400 0 0 0 0
1369440000 0 0 0 0
1369353600 0 0 0 0
1369267200 0 0 0 0
1369180800 0 0 0 0
1369094400 0 0 0 0
1369008000 0 0 0 0
1368921600 0 0 0 0
1368835200 0 0 0 0
1368748800 0 0 0 0
1368662400 0 0 0 0
1368576000 0 0 0 0
1368489600 0 0 0 0
1368403200 0 0 0 0
1368316800 0 0 0 0
1368230400 0 0 0 0
1368144000 0 0 0 0
1368057600 0 0 0 0
1367971200 0 0 0 0
1367884800 0 0 0 0
1367798400 0 0 0 0
1367712000 0 0 0 0
1367625600 0 0 0 0
1367539200 0 0 0 0
1367452800 0 0 0 0
1367366400 0 0 0 0
1367280000 0 0 0 0
1367193600 0 0 0 0
1367107200 0 0 0 0
1367020800 0 0 0 0
1366934400 0 0 0 0
1366848000 0 0 0 0
1366761600 0 0 0 0
1366675200 0 0 0 0
1366588800 0 0 0 0
1366502400 0 0 0 0
1366416000 0 0 0 0
1366329600 0 0 0 0
1366243200 0 0 0 0
1366156800 0 0 0 0
1366070400 0 0 0 0
1365984000 0 0 0 0
1365897600 0 0 0 0
1365811200 0 0 0 0
1365724800 0 0 0 0
1365638400 0 0 0 0
1365552000 0 0 0 0
1365465600 0 0 0 0
1365379200 0 0 0 0
1365292800 0 0 0 0
1365206400 0 0 0 0
1365120000 0 0 0 0
1365033600 0 0 0 0
1364947200 0 0 0 0
1364860800 0 0 0 0
1364774400 0 0 0 0
1364688000 0 0 0 0
1364601600 0 0 0 0
1364515200 0 0 0 0
1364428800 0 0 0 0
1364342400 0 0 0 0
1364256000 0 0 0 0
1364169600 0 0 0 0
1364083200 0 0 0 0
1363996800 0 0 0 0
1363910400 0 0 0 0
1363824000 0 0 0 0
1363737600 0 0 0 0
1363651200 0 0 0 0
1363564800 0 0 0 0
1363478400 0 0 0 0
1363392000 0 0 0 0
1363305600 0 0 0 0
1363219200 0 0 0 0
1363132800 0 0 0 0
1363046400 0 0 0 0
1362960000 0 0 0 0
1362873600 0 0 0 0
1362787200 0 0 0 0
1362700800 0 0 0 0
1362614400 0 0 0 0
1362528000 0 0 0 0
1362441600 0 0 0 0
1362355200 0 0 0 0
1362268800 0 0 0 0
1362182400 0 0 0 0
1362096000 0 0 0 0
1362009600 0 0 0 0
1361923200 0 0 0 0
1361836800 0 0 0 0
1361750400 0 0 0 0
1361664000 0 0 0 0
1361577600 0 0 0 0
1361491200 0 0 0 0
1361404800 0 0 0 0
1361318400 0 0 0 0
1361232000 0 0 0 0
1361145600 0 0 0 0
1361059200 0 0 0 0
1360972800 0 0 0 0
1360886400 0 0 0 0
1360800000 0 0 0 0
1360713600 0 0 0 0
1360627200 0 0 0 0
1360540800 0 0 0 0
1360454400 0 0 0 0
1360368000 0 0 0 0
1360281600 0 0 0 0
1360195200 0 0 0 0
1360108800 0 0 0 0
1360022400 0 0 0 0
1359936000 0 0 0 0
1359849600 0 0 0 0
1359763200 0 0 0 0
1359676800 0 0 0 0
1359590400 0 0 0 0
1359504000 0 0 0 0
1359417600 0 0 0 0
1359331200 0 0 0 0
1359244800 0 0 0 0
1359158400 0 0 0 0
1359072000 0 0 0 0
1358985600 0 0 0 0
1358899200 0 0 0 0
1358812800 0 0 0 0
1358726400 0 0 0 0
1358640000 0 0 0 0
1358553600 0 0 0 0
1358467200 0 0 0 0
1358380800 0 0 0 0
1358294400 0 0 0 0
1358208000 0 0 0 0
1358121600 0 0 0 0
1358035200 0 0 0 0
1357948800 0 0 0 0
1357862400 0 0 0 0
1357776000 0 0 0 0
1357689600 0 0 0 0
1357603200 0 0 0 0
1357516800 0 0 0 0
1357430400 0 0 0 0
1357344000 0 0 0 0
1357257600 0 0 0 0
1357171200 0 0 0 0
1357084800 0 0 0 0
1356998400 0 0 0 0
1356912000 0 0 0 0
1356825600 0 0 0 0
1356739200 0 0 0 0
1356652800 0 0 0 0
1356566400 0 0 0 0
1356480000 0 0 0 0
1356393600 0 0 0 0
1356307200 0 0 0 0
1356220800 0 0 0 0
1356134400 0 0 0 0
1356048000 0 0 0 0
1355961600 0 0 0 0
1355875200 0 0 0 0
1355788800 0 0 0 0
1355702400 0 0 0 0
1355616000 0 0 0 0
1355529600 0 0 0 0
1355443200 0 0 0 0
1355356800 0 0 0 0
1355270400 0 0 0 0
1355184000 0 0 0 0
1355097600 0 0 0 0
1355011200 0 0 0 0
1354924800 0 0 0 0
1354838400 0 0 0 0
1354752000 0 0 0 0
1354665600 0 0 0 0
1354579200 0 0 0 0
1354492800 0 0 0 0
1354406400 0 0 0 0
1354320000 0 0 0 0
1354233600 0 0 0 0
1354147200 0 0 0 0
1354060800 0 0 0 0
1353974400 0 0 0 0
1353888000 0 0 0 0
1353801600 0 0 0 0
1353715200 0 0 0 0
1353628800 0 0 0 0
1353542400 0 0 0 0
1353456000 0 0 0 0
1353369600 0 0 0 0
1353283200 0 0 0 0
1353196800 0 0 0 0
1353110400 0 0 0 0
1353024000 0 0 0 0
1352937600 0 0 0 0
1352851200 0 0 0 0
1352764800 0 0 0 0
1352678400 0 0 0 0
1352592000 0 0 0 0
1352505600 0 0 0 0
1352419200 0 0 0 0
1352332800 0 0 0 0
1352246400 0 0 0 0
1352160000 0 0 0 0
1352073600 0 0 0 0
1351987200 0 0 0 0
1351900800 0 0 0 0
1351814400 0 0 0 0
1351728000 0 0 0 0
1351641600 0 0 0 0
1351555200 0 0 0 0
1351468800 0 0 0 0
1351382400 0 0 0 0
1351296000 0 0 0 0
1351209600 0 0 0 0
1351123200 0 0 0 0
1351036800 0 0 0 0
1350950400 0 0 0 0
1350864000 0 0 0 0
1350777600 0 0 0 0
1350691200 0 0 0 0
1350604800 0 0 0 0
1350518400 0 0 0 0
1350432000 0 0 0 0
1350345600 0 0 0 0
1350259200 0 0 0 0
1350172800 0 0 0 0
1350086400 0 0 0 0
1350000000 0 0 0 0
1349913600 0 0 0 0
1349827200 0 0 0 0
1349740800 0 0 0 0
1349654400 0 0 0 0
1349568000 0 0 0 0
1349481600 0 0 0 0
1349395200 0 0 0 0
1349308800 0 0 0 0
1349222400 0 0 0 0
1349136000 0 0 0 0
1349049600 0 0 0 0
1348963200 0 0 0 0
1348876800 0 0 0 0
1348790400 0 0 0 0
1348704000 0 0 0 0
1348617600 0 0 0 0
1348531200 0 0 0 0
1348444800 0 0 0 0
1348358400 0 0 0 0
1348272000 0 0 0 0
1348185600 0 0 0 0
1348099200 0 0 0 0
1348012800 0 0 0 0
1347926400 0 0 0 0
1347840000 0 0 0 0
1347753600 0 0 0 0
1347667200 0 0 0 0
1347580800 0 0 0 0
1347494400 0 0 0 0
1347408000 0 0 0 0
1347321600 0 0 0 0
1347235200 0 0 0 0
1347148800 0 0 0 0
1347062400 0 0 0 0
1346976000 0 0 0 0
1346889600 0 0 0 0
1346803200 0 0 0 0
1346716800 0 0 0 0
1346630400 0 0 0 0
1346544000 0 0 0 0
1346457600 0 0 0 0
1346371200 0 0 0 0
1346284800 0 0 0 0
1346198400 0 0 0 0
1346112000 0 0 0 0
1346025600 0 0 0 0
1345939200 0 0 0 0
1345852800 0 0 0 0
1345766400 0 0 0 0
1345680000 0 0 0 0
1345593600 0 0 0 0
1345507200 0 0 0 0
1345420800 0 0 0 0
1345334400 0 0 0 0
1345248000 0 0 0 0
1345161600 0 0 0 0
1345075200 0 0 0 0
1344988800 0 0 0 0
1344902400 0 0 0 0
1344816000 0 0 0 0
1344729600 0 0 0 0
1344643200 0 0 0 0
1344556800 0 0 0 0
1344470400 0 0 0 0
1344384000 0 0 0 0
1344297600 0 0 0 0
1344211200 0 0 0 0
1344124800 0 0 0 0
1344038400 0 0 0 0
1343952000 0 0 0 0
1343865600 0 0 0 0
1343779200 0 0 0 0
1343692800 0 0 0 0
1343606400 0 0 0 0
1343520000 0 0 0 0
1343433600 0 0 0 0
1343347200 0 0 0 0
1343260800 0 0 0 0
1343174400 0 0 0 0
1343088000 0 0 0 0
1343001600 0 0 0 0
1342915200 0 0 0 0
1342828800 0 0 0 0
1342742400 0 0 0 0
1342656000 0 0 0 0
1342569600 0 0 0 0
1342483200 0 0 0 0
1342396800 0 0 0 0
1342310400 0 0 0 0
1342224000 0 0 0 0
1342137600 0 0 0 0
1342051200 0 0 0 0
1341964800 0 0 0 0
1341878400 0 0 0 0
1341792000 0 0 0 0
1341705600 0 0 0 0
1341619200 0 0 0 0
1341532800 0 0 0 0
1341446400 0 0 0 0
1341360000 0 0 0 0
1341273600 0 0 0 0
1341187200 0 0 0 0
1341100800 0 0 0 0
1341014400 0 0 0 0
1340928000 0 0 0 0
1340841600 0 0 0 0
1340755200 0 0 0 0
1340668800 0 0 0 0
1340582400 0 0 0 0
1340496000 0 0 0 0
1340409600 0 0 0 0
1340323200 0 0 0 0
1340236800 0 0 0 0
1340150400 0 0 0 0
1340064000 0 0 0 0
1339977600 0 0 0 0
1339891200 0 0 0 0
1339804800 0 0 0 0
1339718400 0 0 0 0
1339632000 0 0 0 0
1339545600 0 0 0 0
1339459200 0 0 0 0
1339372800 0 0 0 0
1339286400 0 0 0 0
1339200000 0 0 0 0
1339113600 0 0 0 0
1339027200 0 0 0 0
1338940800 0 0 0 0
1338854400 0 0 0 0
1338768000 0 0 0 0
1338681600 0 0 0 0
1338595200 0 0 0 0
1338508800 0 0 0 0
1338422400 0 0 0 0
1338336000 0 0 0 0
1338249600 0 0 0 0
1338163200 0 0 0 0
1338076800 0 0 0 0
1337990400 0 0 0 0
1337904000 0 0 0 0
1337817600 0 0 0 0
1337731200 0 0 0 0
1337644800 0 0 0 0
1337558400 0 0 0 0
1337472000 0 0 0 0
1337385600 0 0 0 0
1337299200 0 0 0 0
1337212800 0 0 0 0
1337126400 0 0 0 0
1337040000 0 0 0 0
1336953600 0 0 0 0
1336867200 0 0 0 0
1336780800 0 0 0 0
1336694400 0 0 0 0
1336608000 0 0 0 0
1336521600 0 0 0 0
1336435200 0 0 0 0
1336348800 0 0 0 0
1336262400 0 0 0 0
1336176000 0 0 0 0
1336089600 0 0 0 0
1336003200 0 0 0 0
1335916800 0 0 0 0
1335830400 0 0 0 0
1335744000 0 0 0 0
1335657600 0 0 0 0
1335571200 0 0 0 0
1335484800 0 0 0 0
1335398400 0 0 0 0
1335312000 0 0 0 0
1335225600 0 0 0 0
1335139200 0 0 0 0
1335052800 0 0 0 0
1334966400 0 0 0 0
1334880000 0 0 0 0
1334793600 0 0 0 0
1334707200 0 0 0 0
1334620800 0 0 0 0
1334534400 0 0 0 0
1334448000 0 0 0 0
1334361600 0 0 0 0
1334275200 0 0 0 0
1334188800 0 0 0 0
1334102400 0 0 0 0
1334016000 0 0 0 0
1333929600 0 0 0 0
1333843200 0 0 0 0
1333756800 0 0 0 0
1333670400 0 0 0 0
1333584000 0 0 0 0
1333497600 0 0 0 0
1333411200 0 0 0 0
1333324800 0 0 0 0
1333238400 0 0 0 0
1333152000 0 0 0 0
1333065600 0 0 0 0
1332979200 0 0 0 0
1332892800 0 0 0 0
1332806400 0 0 0 0
1332720000 0 0 0 0
1332633600 0 0 0 0
1332547200 0 0 0 0
1332460800 0 0 0 0
1332374400 0 0 0 0
1332288000 0 0 0 0
1332201600 0 0 0 0
1332115200 0 0 0 0
1332028800 0 0 0 0
1331942400 0 0 0 0
1331856000 0 0 0 0
1331769600 0 0 0 0
1331683200 0 0 0 0
1331596800 0 0 0 0
1331510400 0 0 0 0
1331424000 0 0 0 0
1331337600 0 0 0 0
1331251200 0 0 0 0
1331164800 0 0 0 0
1331078400 0 0 0 0
1330992000 0 0 0 0
1330905600 0 0 0 0
1330819200 0 0 0 0
1330732800 0 0 0 0
1330646400 0 0 0 0
1330560000 0 0 0 0
1330473600 0 0 0 0
1330387200 0 0 0 0
1330300800 0 0 0 0
1330214400 0 0 0 0
1330128000 0 0 0 0
1330041600 0 0 0 0
1329955200 0 0 0 0
1329868800 0 0 0 0
1329782400 0 0 0 0
1329696000 0 0 0 0
1329609600 0 0 0 0
1329523200 0 0 0 0
1329436800 0 0 0 0
1329350400 0 0 0 0
1329264000 0 0 0 0
1329177600 0 0 0 0
1329091200 0 0 0 0
1329004800 0 0 0 0
1328918400 0 0 0 0
1328832000 0 0 0 0
1328745600 0 0 0 0
1328659200 0 0 0 0
1328572800 0 0 0 0
1328486400 0 0 0 0
1328400000 0 0 0 0
1328313600 0 0 0 0
1328227200 0 0 0 0
1328140800 0 0 0 0
1328054400 0 0 0 0
1327968000 0 0 0 0
1327881600 0 0 0 0
1327795200 0 0 0 0
1327708800 0 0 0 0
1327622400 0 0 0 0
1327536000 0 0 0 0
1327449600 0 0 0 0
1327363200 0 0 0 0
1327276800 0 0 0 0
1327190400 0 0 0 0
1327104000 0 0 0 0
1327017600 0 0 0 0
1326931200 0 0 0 0
1326844800 0 0 0 0
1326758400 0 0 0 0
1326672000 0 0 0 0
1326585600 0 0 0 0
1326499200 0 0 0 0
1326412800 0 0 0 0
1326326400 0 0 0 0
1326240000 0 0 0 0
1326153600 0 0 0 0
1326067200 0 0 0 0
1325980800 0 0 0 0
1325894400 0 0 0 0
1325808000 0 0 0 0
1325721600 0 0 0 0
1325635200 0 0 0 0
1325548800 0 0 0 0
1325462400 0 0 0 0
1325376000 0 0 0 0
1325289600 0 0 0 0
1325203200 0 0 0 0
1325116800 0 0 0 0
1325030400 0 0 0 0
1324944000 0 0 0 0
1324857600 0 0 0 0
1324771200 0 0 0 0
1324684800 0 0 0 0
1324598400 0 0 0 0
1324512000 0 0 0 0
1324425600 0 0 0 0
1324339200 0 0 0 0
1324252800 0 0 0 0
1324166400 0 0 0 0
1324080000 0 0 0 0
1323993600 0 0 0 0
1323907200 0 0 0 0
1323820800 0 0 0 0
1323734400 0 0 0 0
1323648000 0 0 0 0
1323561600 0 0 0 0
1323475200 0 0 0 0
1323388800 0 0 0 0
1323302400 0 0 0 0
1323216000 0 0 0 0
1323129600 0 0 0 0
1323043200 0 0 0 0
1322956800 0 0 0 0
1322870400 0 0 0 0
1322784000 0 0 0 0
1322697600 0 0 0 0
1322611200 0 0 0 0
1322524800 0 0 0 0
1322438400 0 0 0 0
1322352000 0 0 0 0
1322265600 0 0 0 0
1322179200 0 0 0 0
1322092800 0 0 0 0
1322006400 0 0 0 0
1321920000 0 0 0 0
1321833600 0 0 0 0
1321747200 0 0 0 0
1321660800 0 0 0 0
1321574400 0 0 0 0
1321488000 0 0 0 0
1321401600 0 0 0 0
1321315200 0 0 0 0
1321228800 0 0 0 0
1321142400 0 0 0 0
1321056000 0 0 0 0
1320969600 0 0 0 0
1320883200 0 0 0 0
1320796800 0 0 0 0
1320710400 0 0 0 0
1320624000 0 0 0 0
1320537600 0 0 0 0
1320451200 0 0 0 0
1320364800 0 0 0 0
1320278400 0 0 0 0
1320192000 0 0 0 0
1320105600 0 0 0 0
1320019200 0 0 0 0
1319932800 0 0 0 0
1319846400 0 0 0 0
1319760000 0 0 0 0
1319673600 0 0 0 0
1319587200 0 0 0 0
1319500800 0 0 0 0
1319414400 0 0 0 0
1319328000 0 0 0 0
1319241600 0 0 0 0
1319155200 0 0 0 0
1319068800 0 0 0 0
1318982400 0 0 0 0
1318896000 0 0 0 0
1318809600 0 0 0 0
1318723200 0 0 0 0
1318636800 0 0 0 0
1318550400 0 0 0 0
1318464000 0 0 0 0
1318377600 0 0 0 0
1318291200 0 0 0 0
1318204800 0 0 0 0
1318118400 0 0 0 0
1318032000 0 0 0 0
1317945600 0 0 0 0
1317859200 0 0 0 0
1317772800 0 0 0 0
1317686400 0 0 0 0
1317600000 0 0 0 0
1317513600 0 0 0 0
1317427200 0 0 0 0
1317340800 0 0 0 0
1317254400 0 0 0 0
1317168000 0 0 0 0
1317081600 0 0 0 0
1316995200 0 0 0 0
1316908800 0 0 0 0
1316822400 0 0 0 0
1316736000 0 0 0 0
