1383763863 8029 13233
1383763863 84 59 84 59
1383763767 0 57 0 67
1383763500 0 42 0 64
1383763200 0 24 0 40
1383762900 0 23 0 59
1383762600 0 50 0 64
1383762300 0 43 0 52
1383762000 0 40 0 47
1383761700 0 5 0 38
1383761400 0 14 0 31
1383761100 0 0 0 0
1383760800 0 0 0 5
1383760500 0 9 0 19
1383760200 0 3 0 16
1383759900 0 33 0 46
1383759600 0 28 0 52
1383759300 0 43 0 54
1383759000 0 28 0 50
1383758700 0 49 0 86
1383758400 0 97 0 134
1383758100 0 57 0 121
1383757800 0 0 0 0
1383757500 0 0 0 0
1383757200 0 0 0 0
1383756900 0 0 0 0
1383756600 0 9 0 20
1383756300 0 0 0 0
1383756000 0 0 0 0
1383755700 0 0 0 0
1383755400 0 0 0 0
1383755100 0 0 0 0
1383754800 0 0 0 0
1383754500 0 0 0 0
1383754200 0 0 0 0
1383753900 0 0 0 0
1383753600 0 0 0 0
1383753300 0 0 0 0
1383753000 0 0 0 9
1383752700 0 8 0 17
1383752400 0 0 0 0
1383752100 0 0 0 0
1383751800 0 0 0 0
1383751500 0 0 0 0
1383751200 0 0 0 0
1383750900 0 0 0 0
1383750600 0 0 0 0
1383750300 0 0 0 0
1383750000 0 0 0 0
1383749700 0 0 0 0
1383749400 0 0 0 7
1383749100 0 0 0 0
1383748800 0 0 0 0
1383748500 0 0 0 0
1383748200 0 0 0 0
1383747900 0 0 0 0
1383747600 0 0 0 0
1383747300 0 0 0 0
1383747000 0 0 0 0
1383746700 19 4 70 14
1383746400 1 14 70 17
1383746100 0 14 0 17
1383745800 0 11 0 25
1383745500 0 0 0 0
1383745200 0 0 0 0
1383744900 0 0 0 0
1383744600 0 0 0 0
1383744300 0 0 0 0
1383744000 0 0 0 0
1383743700 0 0 0 0
1383743400 0 0 0 0
1383743100 0 0 0 0
1383742800 0 0 0 0
1383742500 0 0 0 0
1383742200 0 0 0 14
1383741900 0 0 0 0
1383741600 0 0 0 0
1383741300 0 0 0 0
1383741000 0 0 0 0
1383740700 0 0 0 0
1383740400 0 0 0 0
1383740100 0 0 0 0
1383739800 0 0 0 0
1383739500 24 3 117 30
1383739200 5 13 117 31
1383738900 0 0 0 0
1383738600 0 10 0 31
1383738300 0 0 0 0
1383738000 0 0 0 0
1383737700 0 0 0 0
1383737400 0 0 0 0
1383737100 0 0 0 0
1383736800 0 0 0 0
1383736500 0 0 0 0
1383736200 0 0 0 0
1383735900 0 0 0 0
1383735600 0 0 0 0
1383735300 0 0 0 0
1383735000 0 0 0 10
1383734700 0 0 0 0
1383734400 0 0 0 0
1383734100 0 0 0 0
1383733800 0 0 0 0
1383733500 0 0 0 0
1383733200 0 0 0 0
1383732900 0 0 0 0
1383732600 0 0 0 0
1383732300 0 0 0 0
1383732000 0 0 0 0
1383731700 0 0 0 0
1383731400 0 0 0 16
1383731100 0 8 0 16
1383730800 0 0 0 0
1383730500 0 0 0 8
1383730200 0 8 0 16
1383729900 0 2 0 16
1383729600 0 0 0 0
1383729300 0 0 0 8
1383729000 0 8 0 16
1383728700 0 0 0 10
1383728400 0 7 0 16
1383728100 0 8 0 20
1383727800 0 12 0 26
1383727500 0 12 0 16
1383727200 0 12 0 16
1383726900 0 12 0 16
1383726600 0 12 0 16
1383726300 0 13 0 16
1383726000 0 3 0 16
1383725700 0 0 0 0
1383725400 0 0 0 0
1383725100 0 0 0 0
1383724800 0 0 0 0
1383724500 0 0 0 0
1383724200 0 0 0 16
1383723900 0 0 0 0
1383723600 0 0 0 0
1383723300 0 0 0 0
1383723000 0 0 0 0
1383722700 0 0 0 0
1383722400 0 0 0 0
1383722100 0 0 0 0
1383721800 0 0 0 0
1383721500 0 0 0 0
1383721200 0 0 0 0
1383720900 0 0 0 0
1383720600 0 11 0 26
1383720300 0 0 0 0
1383720000 0 0 0 0
1383719700 0 0 0 0
1383719400 0 0 0 0
1383719100 0 0 0 0
1383718800 0 0 0 0
1383718500 0 0 0 0
1383718200 0 0 0 0
1383717900 0 0 0 0
1383717600 0 0 0 0
1383717300 0 0 0 0
1383717000 0 0 0 15
1383716700 0 0 0 0
1383716400 0 0 0 0
1383716100 0 0 0 0
1383715800 0 0 0 0
1383715500 0 0 0 0
1383715200 0 0 0 0
1383714900 0 0 0 0
1383714600 0 0 0 0
1383714300 0 0 0 0
1383714000 0 0 0 0
1383713700 0 0 0 0
1383713400 0 0 0 15
1383713100 0 0 0 0
1383712800 0 0 0 0
1383712500 0 0 0 0
1383712200 0 0 0 0
1383711900 0 0 0 8
1383711600 0 8 0 16
1383711300 0 1 0 16
1383711000 0 0 0 0
1383710700 0 6 1 35
1383710400 0 32 1 47
1383710100 0 0 0 16
1383709800 0 7 0 31
1383709500 0 18 0 31
1383709200 0 10 0 16
1383708900 0 11 0 16
1383708600 0 12 0 16
1383708300 0 12 0 16
1383708000 0 12 0 16
1383707700 0 13 0 16
1383707400 0 4 0 16
1383707100 0 0 0 0
1383706800 0 0 0 0
1383706500 0 0 0 0
1383706200 0 0 0 0
1383705900 0 0 0 16
1383705600 0 0 0 0
1383705300 0 0 0 0
1383705000 0 0 0 0
1383704700 0 0 0 0
1383704400 0 0 0 0
1383704100 0 0 0 0
1383703800 0 0 0 0
1383703500 0 0 0 0
1383703200 0 0 0 0
1383702900 0 0 0 0
1383702600 0 8 0 16
1383702300 0 0 0 16
1383702000 0 0 0 0
1383701700 0 0 0 0
1383701400 0 0 0 0
1383701100 0 0 0 0
1383700800 0 0 0 0
1383700500 0 0 0 0
1383700200 0 0 0 0
1383699900 0 0 0 0
1383699600 0 0 0 0
1383699300 0 0 0 0
1383699000 0 0 0 0
1383698700 0 0 0 16
1383698400 0 0 0 0
1383698100 0 0 0 0
1383697800 0 0 0 0
1383697500 0 0 0 0
1383697200 0 0 0 0
1383696900 0 0 0 0
1383696600 0 0 0 0
1383696300 0 0 0 0
1383696000 0 0 0 0
1383695700 0 0 0 0
1383695400 0 0 0 0
1383695100 0 0 0 16
1383694800 0 0 0 0
1383694500 0 7 0 19
1383694200 0 0 0 0
1383693900 0 9 0 47
1383693600 0 0 0 16
1383693300 0 32 0 47
1383693000 0 40 14 47
1383692700 9 26 40 62
1383692400 1 49 40 62
1383692100 0 42 0 47
1383691800 0 42 0 47
1383691500 0 44 0 59
1383691200 0 42 0 47
1383690900 0 43 0 47
1383690600 0 42 0 47
1383690300 0 42 0 47
1383690000 0 42 0 47
1383689700 0 50 0 62
1383689400 0 5 0 59
1383689100 1 8 35 47
1383688800 0 32 0 47
1383688500 0 13 0 16
1383688200 0 15 0 16
1383687900 0 43 0 78
1383687600 0 22 0 49
1383687300 0 0 0 19
1383687000 0 30 0 50
1383686700 0 0 0 0
1383686400 0 0 0 0
1383686100 0 0 0 0
1383685800 0 0 0 2
1383685500 1 2 18 23
1383685200 0 22 0 31
1383684900 0 24 0 45
1383684600 0 20 0 45
1383684300 0 0 0 14
1383684000 0 0 0 0
1383683700 0 0 0 0
1383683400 0 0 0 0
1383683100 3 0 104 6
1383682800 1685 47 5629 159
1383682500 0 9 0 20
1383682200 0 0 0 2
1383681900 0 10 30 47
1383681600 0 37 1 47
1383681300 0 1 0 22
1383681000 0 0 0 0
1383680700 0 10 1 15
1383680400 0 5 1 15
1383680100 0 0 0 0
1383679800 0 0 0 0
1383679500 0 0 0 0
1383679200 0 0 0 0
1383678900 0 0 0 0
1383678600 0 0 0 0
1383678300 0 0 0 0
1383678000 0 0 0 0
1383677700 0 0 0 0
1383677400 0 0 0 0
1383677100 0 0 0 0
1383676800 0 0 0 0
1383676500 0 0 0 0
1383676200 0 5 0 19
1383675900 0 1 0 15
1383675600 0 3 0 39
1383675300 0 26 24 54
1383675000 0 24 0 52
1383674700 36 43 149 141
1383674400 4 41 149 52
1383674100 0 41 0 52
1383673800 0 26 0 52
1383673500 0 0 0 7
1383673200 0 7 0 18
1383672900 0 0 0 0
1383672600 0 0 0 0
1383672300 0 0 0 0
1383672000 1 14 28 62
1383671700 0 56 28 64
1383671400 73 44 224 61
1383671100 0 84 0 87
1383670800 0 87 0 87
1383670500 0 87 0 87
1383670200 0 87 0 87
1383669900 0 87 0 87
1383669600 0 87 0 87
1383669300 0 87 0 87
1383669000 0 87 0 87
1383668700 0 87 0 87
1383668400 0 87 0 87
1383668100 0 87 0 87
1383667800 0 87 0 87
1383667500 0 87 0 87
1383667200 0 87 0 87
1383666900 0 87 0 87
1383666600 0 87 0 87
1383666300 0 76 0 94
1383666000 0 0 0 0
1383665700 0 0 0 0
1383665400 0 0 0 0
1383665100 0 0 0 0
1383664800 0 0 0 0
1383664500 0 0 0 0
1383664200 0 0 0 0
1383663900 0 0 0 0
1383663600 0 0 0 0
1383663300 0 0 0 0
1383663000 0 0 0 0
1383662700 0 0 0 0
1383662400 0 0 0 0
1383662100 0 0 0 0
1383661800 0 0 0 0
1383661500 0 0 0 0
1383661200 0 0 0 0
1383660900 0 0 0 0
1383660600 0 0 0 0
1383660300 0 0 0 0
1383660000 0 0 0 0
1383659700 0 0 0 0
1383659400 0 0 0 0
1383659100 0 0 0 0
1383658800 0 0 0 0
1383658500 0 0 0 0
1383658200 0 0 0 0
1383657900 0 0 0 0
1383657600 0 0 0 0
1383657300 0 0 0 0
1383657000 0 0 0 0
1383656700 0 0 0 0
1383656400 0 0 0 0
1383656100 0 0 0 0
1383655800 0 0 0 0
1383655500 0 0 0 0
1383655200 0 0 0 0
1383654900 0 0 0 0
1383654600 0 0 0 0
1383654300 0 0 0 0
1383654000 0 0 0 0
1383653700 0 0 0 0
1383653400 0 0 0 0
1383653100 0 0 0 0
1383652800 0 0 0 0
1383652500 0 0 0 0
1383652200 0 0 0 0
1383651900 0 0 0 0
1383651600 0 0 0 0
1383651300 0 0 0 0
1383651000 0 0 0 0
1383650700 0 0 0 0
1383650400 0 0 0 0
1383650100 0 0 0 0
1383649800 0 0 0 0
1383649500 0 0 0 0
1383649200 0 0 0 0
1383648900 0 0 0 0
1383648600 0 0 0 0
1383648300 0 0 0 0
1383648000 0 0 0 0
1383647700 0 0 0 0
1383647400 0 0 0 0
1383647100 0 0 0 0
1383646800 0 0 0 0
1383646500 0 0 0 0
1383646200 0 0 0 0
1383645900 0 0 0 0
1383645600 0 0 0 0
1383645300 0 0 0 0
1383645000 0 0 0 0
1383644700 0 0 0 0
1383644400 0 0 0 0
1383644100 0 0 0 0
1383643800 0 0 0 0
1383643500 0 0 0 0
1383643200 0 0 0 0
1383642900 0 0 0 0
1383642600 0 0 0 0
1383642300 0 0 0 0
1383642000 0 0 0 0
1383641700 0 0 0 0
1383641400 0 0 0 0
1383641100 0 0 0 0
1383640800 0 0 0 0
1383640500 0 0 0 0
1383640200 0 0 0 0
1383639900 0 0 0 0
1383639600 0 0 0 0
1383639300 0 0 0 0
1383639000 0 0 0 0
1383638700 0 0 0 0
1383638400 0 0 0 0
1383638100 0 0 0 0
1383637800 0 0 0 0
1383637500 0 0 0 0
1383637200 0 0 0 0
1383636900 0 0 0 0
1383636600 0 0 0 0
1383636300 0 0 0 0
1383636000 0 0 0 0
1383635700 0 0 0 0
1383635400 0 0 0 0
1383635100 0 0 0 0
1383634800 0 0 0 0
1383634500 0 0 0 0
1383634200 0 0 0 0
1383633900 0 0 0 0
1383633600 0 0 0 0
1383633300 0 0 0 0
1383633000 0 0 0 0
1383632700 0 0 0 0
1383632400 0 0 0 0
1383632100 0 0 0 0
1383631800 0 0 0 0
1383631500 0 0 0 0
1383631200 0 0 0 0
1383630900 0 0 0 0
1383630600 0 0 0 0
1383630300 0 0 0 0
1383630000 0 0 0 0
1383629700 0 0 0 0
1383629400 0 0 0 0
1383629100 0 0 0 0
1383628800 0 0 0 0
1383628500 0 0 0 0
1383628200 0 0 0 0
1383627900 0 0 0 0
1383627600 0 0 0 0
1383627300 0 0 0 0
1383627000 0 0 0 0
1383626700 0 0 0 0
1383626400 0 0 0 0
1383626100 0 0 0 0
1383625800 0 0 0 0
1383625500 0 0 0 0
1383625200 0 0 0 0
1383624900 0 0 0 0
1383624600 0 0 0 0
1383624300 0 0 0 0
1383624000 0 0 0 0
1383623700 0 0 0 0
1383623400 0 0 0 0
1383623100 0 0 0 0
1383622800 0 0 0 0
1383622500 0 0 0 0
1383622200 0 0 0 0
1383621900 0 0 0 0
1383621600 0 0 0 0
1383621300 0 0 0 0
1383621000 0 0 0 0
1383620700 0 0 0 0
1383620400 0 0 0 0
1383620100 0 0 0 0
1383619800 0 0 0 0
1383619500 0 0 0 0
1383619200 0 0 0 0
1383618900 0 0 0 0
1383618600 0 0 0 0
1383618300 0 0 0 0
1383618000 0 0 0 0
1383617700 0 0 0 0
1383617400 0 0 0 0
1383617100 0 0 0 0
1383616800 0 0 0 0
1383616500 0 0 0 0
1383616200 0 0 0 0
1383615900 0 0 0 0
1383615600 0 0 0 0
1383615300 0 0 0 0
1383615000 0 0 0 0
1383614700 0 0 0 0
1383614400 0 0 0 0
1383614100 0 0 0 0
1383613800 0 0 0 0
1383613500 0 0 0 0
1383613200 0 0 0 0
1383612900 0 0 0 0
1383612600 0 0 0 0
1383612300 0 0 0 0
1383612000 0 0 0 0
1383611700 0 0 0 0
1383611400 0 0 0 0
1383611100 0 0 0 0
1383610800 0 0 0 0
1383610500 0 0 0 0
1383610200 0 0 0 0
1383609900 0 0 0 0
1383609600 0 0 0 0
1383609300 0 0 0 0
1383609000 0 0 0 0
1383608700 0 0 0 0
1383608400 0 0 0 0
1383608100 0 0 0 0
1383607800 0 0 0 0
1383607500 0 21 0 47
1383607200 0 50 0 62
1383606900 0 44 0 62
1383606600 0 22 0 40
1383606300 56 18 808 87
1383606000 13 49 808 87
1383605700 0 30 0 45
1383605400 0 39 0 47
1383605100 0 43 0 47
1383604800 0 44 0 47
1383604500 0 42 0 47
1383604200 0 41 0 47
1383603900 0 51 0 86
1383603600 0 48 0 62
1383603300 0 45 0 47
1383603000 0 35 0 47
1383602700 0 40 0 47
1383602400 0 43 0 54
1383602100 0 45 0 67
1383601800 0 43 0 67
1383601500 0 21 0 31
1383601200 0 33 0 47
1383600900 0 31 0 47
1383600600 0 8 0 16
1383600300 0 0 0 0
1383600000 0 0 0 0
1383599700 0 0 0 0
1383599400 0 7 0 17
1383599100 0 5 36 37
1383598800 0 21 0 52
1383598500 0 10 0 22
1383598200 0 0 0 21
1383597900 0 0 0 15
1383597600 0 4 0 16
1383597300 0 7 0 17
1383597000 0 0 0 14
1383596700 0 0 0 0
1383596400 0 0 0 0
1383596100 0 12 0 33
1383595800 0 5 0 33
1383595500 13 18 377 52
1383595200 18 61 377 78
1383594900 0 46 0 74
1383594600 0 44 0 45
1383594300 0 37 0 52
1383594000 0 9 0 17
1383593700 0 0 0 15
1383593400 0 13 0 19
1383593100 0 7 0 28
1383592800 0 38 0 59
1383592500 0 26 0 59
1383592200 0 13 0 16
1383591900 0 14 0 17
1383591600 0 13 0 17
1383591300 0 13 0 24
1383591000 0 21 0 45
1383590700 0 39 0 62
1383590400 0 50 0 62
1383590100 0 44 0 54
1383589800 0 43 0 47
1383589500 0 22 0 47
1383589200 0 0 0 0
1383588900 0 0 0 0
1383588600 0 25 0 54
1383588300 26 76 633 125
1383588000 25 84 633 125
1383587700 0 16 0 97
1383587400 0 0 0 0
1383587100 0 0 0 0
1383586800 0 0 0 0
1383586500 0 0 0 0
1383586200 0 0 0 0
1383585900 0 0 0 0
1383585600 0 0 0 0
1383585300 0 0 0 0
1383585000 0 0 0 0
1383584700 0 0 0 0
1383584400 0 0 0 0
1383584100 0 0 0 0
1383583800 0 0 0 0
1383582600 0 0 0 0
1383580800 0 0 0 0
1383579000 0 0 0 0
1383577200 0 0 0 0
1383575400 0 0 0 0
1383573600 0 0 0 0
1383571800 0 0 0 0
1383570000 0 0 0 0
1383568200 0 0 0 0
1383566400 0 0 0 0
1383564600 0 0 0 0
1383562800 0 0 0 0
1383561000 0 0 0 0
1383559200 0 0 0 0
1383557400 0 0 0 0
1383555600 0 0 0 0
1383553800 0 0 0 0
1383552000 0 0 0 0
1383550200 0 0 0 0
1383548400 0 0 0 0
1383546600 0 0 0 0
1383544800 0 0 0 0
1383543000 0 0 0 0
1383541200 0 0 0 0
1383539400 0 0 0 0
1383537600 0 0 0 0
1383535800 0 0 0 0
1383534000 0 0 0 0
1383532200 0 0 0 0
1383530400 0 0 0 0
1383528600 0 0 0 0
1383526800 0 0 0 0
1383525000 0 0 0 0
1383523200 0 0 0 0
1383521400 0 0 0 0
1383519600 0 0 0 0
1383517800 0 0 0 0
1383516000 0 0 0 0
1383514200 0 0 0 0
1383512400 0 0 0 0
1383510600 0 0 0 0
1383508800 0 0 0 0
1383507000 0 0 0 0
1383505200 0 0 0 0
1383503400 0 0 0 0
1383501600 0 0 0 0
1383499800 0 0 0 0
1383498000 0 0 0 0
1383496200 0 0 0 0
1383494400 0 0 0 0
1383492600 0 0 0 0
1383490800 0 0 0 0
1383489000 0 0 0 0
1383487200 0 0 0 0
1383485400 0 0 0 0
1383483600 0 0 0 0
1383481800 0 0 0 0
1383480000 0 0 0 0
1383478200 0 0 0 0
1383476400 0 0 0 0
1383474600 0 0 0 0
1383472800 0 0 0 0
1383471000 0 0 0 0
1383469200 0 0 0 0
1383467400 0 0 0 0
1383465600 0 0 0 0
1383463800 0 0 0 0
1383462000 0 0 0 0
1383460200 0 0 0 0
1383458400 0 0 0 0
1383456600 0 0 0 0
1383454800 0 0 0 0
1383453000 0 0 0 0
1383451200 0 0 0 0
1383449400 0 0 0 0
1383447600 0 0 0 0
1383445800 0 0 0 0
1383444000 0 0 0 0
1383442200 0 0 0 0
1383440400 0 0 0 0
1383438600 0 0 0 0
1383436800 0 0 0 0
1383435000 0 0 0 0
1383433200 0 0 0 0
1383431400 0 0 0 0
1383429600 0 0 0 0
1383427800 0 0 0 0
1383426000 0 0 0 0
1383424200 0 0 0 0
1383422400 0 0 0 0
1383420600 0 0 0 0
1383418800 0 0 0 0
1383417000 0 0 0 0
1383415200 0 0 0 0
1383413400 0 0 0 0
1383411600 0 0 0 0
1383409800 0 0 0 0
1383408000 0 0 0 0
1383406200 0 0 0 0
1383404400 0 0 0 0
1383402600 0 0 0 0
1383400800 0 0 0 0
1383399000 0 0 0 0
1383397200 0 0 0 0
1383395400 0 0 0 0
1383393600 0 0 0 0
1383391800 0 0 0 0
1383390000 0 0 0 0
1383388200 0 0 0 0
1383386400 0 0 0 0
1383384600 0 0 0 0
1383382800 0 0 0 0
1383381000 0 0 0 0
1383379200 0 0 0 0
1383377400 0 0 0 0
1383375600 0 0 0 0
1383373800 0 0 0 0
1383372000 0 0 0 0
1383370200 0 0 0 0
1383368400 0 0 0 0
1383366600 0 0 0 0
1383364800 0 0 0 0
1383363000 0 0 0 0
1383361200 0 0 0 0
1383359400 0 0 0 0
1383357600 0 0 0 0
1383355800 0 0 0 0
1383354000 0 0 0 0
1383352200 0 0 0 0
1383350400 0 0 0 0
1383348600 0 0 0 7
1383346800 0 0 0 0
1383345000 580 35 14263 430
1383343200 93 8 4956 286
1383341400 0 10 4 47
1383339600 3 13 31 43
1383337800 20 48 393 1321
1383336000 0 56 393 294
1383334200 0 0 0 0
1383332400 0 18 0 47
1383330600 0 30 8 70
1383328800 0 53 2 89
1383327000 0 45 0 89
1383325200 0 0 0 16
1383323400 4 23 52 231
1383321600 0 15 29 62
1383319800 0 0 0 22
1383318000 0 16 30 71
1383316200 1 24 122 72
1383314400 2 10 122 229
1383312600 27 74 370 1046
1383310800 0 30 10 45
1383309000 0 45 0 45
1383307200 0 45 0 45
1383305400 0 45 0 45
1383303600 0 45 0 45
1383301800 0 45 0 45
1383300000 0 45 0 45
1383298200 0 45 0 45
1383296400 0 45 0 45
1383294600 0 45 0 45
1383292800 0 45 0 45
1383291000 0 45 0 45
1383289200 0 45 0 45
1383287400 0 45 0 45
1383285600 0 45 0 45
1383283800 0 45 0 45
1383282000 0 45 0 45
1383280200 0 45 0 45
1383278400 0 45 0 45
1383276600 0 45 0 45
1383274800 0 45 0 45
1383273000 0 45 0 45
1383271200 0 45 0 45
1383269400 0 45 0 45
1383267600 0 45 0 45
1383265800 0 45 0 45
1383264000 0 45 0 45
1383262200 0 45 0 45
1383260400 0 45 0 45
1383258600 0 45 0 45
1383256800 0 45 0 45
1383255000 0 45 0 45
1383253200 0 45 0 45
1383251400 0 45 0 45
1383249600 0 45 0 79
1383247800 0 10 386 1322
1383246000 3 33 386 1322
1383244200 0 32 0 78
1383242400 0 8 0 82
1383240600 94 61 267 165
1383238800 267 165 267 165
1383237000 267 165 267 165
1383235200 61 65 518 1499
1383233400 0 0 0 0
1383231600 0 0 0 0
1383229800 0 0 0 3
1383228000 0 0 0 0
1383226200 0 0 0 0
1383224400 5 10 323 52
1383222600 6 49 532 909
1383220800 1 15 532 909
1383219000 0 0 0 0
1383217200 0 0 0 0
1383215400 0 0 0 0
1383213600 0 0 0 0
1383211800 0 0 0 0
1383210000 0 0 0 0
1383208200 0 0 0 0
1383206400 0 0 0 0
1383204600 0 0 0 0
1383202800 0 0 0 0
1383201000 0 0 0 0
1383199200 0 0 0 0
1383197400 0 0 0 0
1383195600 0 0 0 0
1383193800 0 0 0 0
1383192000 0 0 0 0
1383190200 0 0 0 0
1383188400 0 0 0 0
1383186600 0 0 0 0
1383184800 0 0 0 0
1383183000 0 0 0 0
1383181200 0 0 0 0
1383179400 0 0 0 0
1383177600 0 0 0 0
1383175800 0 43 64 2121
1383174000 0 49 0 114
1383172200 2365 35 137351 74
1383170400 0 30 0 59
1383168600 1 9 180 50
1383166800 0 14 35 96
1383165000 1 5 129 105
1383163200 0 42 129 62
1383161400 5 31 137 106
1383159600 0 29 137 50
1383157800 0 16 9 50
1383156000 0 39 0 63
1383154200 4 11 308 57
1383152400 1 62 308 149
1383150600 0 4 0 99
1383148800 0 0 0 0
1383147000 0 0 0 0
1383145200 0 0 0 0
1383143400 0 0 0 0
1383141600 0 0 0 0
1383139800 0 0 0 0
1383138000 0 0 0 0
1383136200 0 0 0 0
1383134400 0 0 0 0
1383132600 0 0 0 0
1383130800 0 0 0 0
1383129000 0 0 0 0
1383127200 0 0 0 0
1383125400 0 0 0 0
1383123600 0 0 0 0
1383121800 0 0 0 0
1383120000 0 0 0 0
1383118200 0 0 0 0
1383116400 0 0 0 0
1383114600 0 0 0 0
1383112800 0 0 0 0
1383111000 0 0 0 0
1383109200 0 0 0 0
1383107400 0 0 0 0
1383105600 0 0 0 0
1383103800 0 0 0 0
1383102000 0 0 0 0
1383100200 0 0 0 0
1383098400 0 0 0 0
1383096600 0 0 0 0
1383094800 0 0 0 0
1383093000 0 0 0 0
1383091200 0 0 0 0
1383089400 0 0 0 0
1383087600 0 0 0 0
1383085800 0 0 0 0
1383084000 0 0 0 0
1383082200 0 0 0 0
1383080400 0 20 0 74
1383078600 0 21 0 54
1383076800 0 3 15 32
1383075000 2 13 206 45
1383073200 1 14 206 47
1383071400 0 1 30 30
1383069600 0 8 26 86
1383067800 7 43 320 131
1383066000 0 0 0 0
1383064200 0 0 0 0
1383062400 0 0 0 0
1383060600 0 0 0 0
1383058800 0 0 0 0
1383057000 0 0 0 0
1383055200 0 0 0 0
1383053400 0 0 0 0
1383051600 0 0 0 0
1383049800 0 0 0 0
1383048000 0 0 0 0
1383046200 0 0 0 0
1383044400 0 0 0 0
1383042600 0 0 0 0
1383040800 0 0 0 0
1383039000 0 0 0 0
1383037200 0 0 0 0
1383035400 0 0 0 0
1383033600 0 0 0 0
1383031800 0 0 0 0
1383030000 0 0 0 0
1383028200 0 0 0 0
1383026400 0 0 0 0
1383024600 0 0 0 0
1383022800 0 0 0 0
1383021000 0 0 0 0
1383019200 0 0 0 0
1383017400 0 0 0 0
1383015600 0 0 0 0
1383013800 0 0 0 0
1383012000 0 0 0 0
1383010200 0 0 0 0
1383008400 0 0 0 0
1383006600 0 0 0 0
1383004800 0 0 0 0
1383003000 6 21 408 213
1383001200 0 31 408 59
1382999400 0 3 0 30
1382997600 0 4 0 37
1382995800 0 10 15 57
1382994000 0 13 0 57
1382992200 0 8 11 62
1382990400 0 35 0 57
1382988600 0 28 19 67
1382986800 96 25 3318 83
1382985000 6 36 602 176
1382983200 5 35 602 69
1382981400 0 4 229 47
1382979600 1 35 229 64
1382977800 1 24 196 159
1382976000 0 29 0 56
1382974200 1 13 171 46
1382972400 0 43 0 73
1382970600 0 41 55 144
1382968800 0 53 55 89
1382967000 0 35 23 296
1382965200 0 45 0 75
1382963400 0 37 478 169
1382961600 4 30 478 99
1382959800 0 0 0 0
1382958000 0 0 0 0
1382956200 0 0 0 0
1382954400 0 0 0 0
1382952600 0 0 0 0
1382950800 0 0 0 0
1382949000 0 0 0 0
1382947200 0 0 0 0
1382945400 0 0 0 0
1382943600 0 0 0 0
1382941800 0 0 0 0
1382940000 0 0 0 0
1382938200 0 0 0 0
1382936400 0 0 0 0
1382934600 0 0 0 0
1382932800 0 0 0 0
1382931000 0 0 0 0
1382929200 0 0 0 0
1382927400 0 0 0 0
1382925600 0 0 0 0
1382923800 0 0 0 0
1382922000 0 0 0 0
1382920200 0 0 0 0
1382918400 0 0 0 0
1382916600 0 0 0 0
1382914800 0 0 0 0
1382913000 0 0 0 0
1382911200 0 0 0 0
1382909400 0 0 0 0
1382907600 0 0 0 0
1382905800 0 0 0 0
1382904000 0 0 0 0
1382902200 0 0 0 0
1382900400 0 0 0 0
1382898600 0 0 0 0
1382896800 0 0 0 0
1382895000 0 0 0 0
1382893200 0 0 0 0
1382891400 0 0 0 0
1382889600 0 0 0 0
1382887800 0 0 0 0
1382886000 0 0 0 0
1382884200 0 0 0 0
1382882400 0 0 0 0
1382880600 0 0 0 0
1382878800 0 0 0 0
1382877000 0 0 0 0
1382875200 0 0 0 0
1382873400 0 0 0 0
1382871600 0 0 0 0
1382869800 0 0 0 0
1382868000 0 0 0 0
1382866200 0 0 0 0
1382864400 0 0 0 0
1382862600 0 0 0 0
1382860800 0 0 0 0
1382859000 0 0 0 0
1382857200 0 0 0 0
1382855400 0 0 0 0
1382853600 0 0 0 0
1382851800 0 0 0 0
1382850000 0 0 0 0
1382848200 0 0 0 0
1382846400 0 0 0 0
1382844600 0 0 0 0
1382842800 0 0 0 0
1382841000 0 0 0 0
1382839200 0 0 0 0
1382837400 0 0 0 0
1382835600 0 0 0 0
1382833800 0 0 0 0
1382832000 0 0 0 0
1382830200 0 0 0 0
1382828400 0 0 0 0
1382826600 0 0 0 0
1382824800 0 0 0 0
1382823000 0 0 0 23
1382821200 0 39 0 62
1382819400 0 26 0 55
1382817600 0 41 0 94
1382815800 0 25 8 76
1382814000 0 48 0 78
1382812200 0 23 49 62
1382810400 0 15 0 69
1382808600 5 8 364 263
1382806800 0 33 364 70
1382805000 0 37 0 62
1382803200 0 35 0 67
1382801400 0 40 0 62
1382799600 0 43 0 62
1382797800 0 54 36 613
1382796000 0 47 0 78
1382794200 0 32 36 70
1382792400 0 44 0 78
1382790600 10 72 1427 2147
1382788800 8 21 1427 2141
1382787000 0 0 0 0
1382785200 0 0 0 0
1382783400 0 0 0 0
1382781600 0 0 0 0
1382779800 0 0 0 0
1382778000 0 0 0 0
1382776200 0 0 0 0
1382774400 0 0 0 0
1382772600 0 0 0 0
1382770800 0 0 0 0
1382769000 0 0 0 0
1382767200 0 0 0 0
1382765400 0 0 0 0
1382763600 0 0 0 0
1382761800 0 0 0 0
1382760000 0 0 0 0
1382758200 0 0 0 0
1382756400 0 0 0 0
1382754600 0 0 0 0
1382752800 0 0 0 0
1382751000 0 0 0 0
1382749200 0 0 0 0
1382747400 0 0 0 0
1382745600 0 0 0 0
1382743800 0 27 19 55
1382742000 0 39 0 75
1382740200 0 45 225 62
1382738400 1 35 225 78
1382736600 0 38 19 67
1382734800 0 40 0 78
1382733000 0 35 0 89
1382731200 0 37 0 134
1382729400 0 3 156 44
1382727600 1 32 156 78
1382725800 0 7 35 59
1382724000 0 45 0 70
1382722200 3 20 445 123
1382720400 1 40 445 47
1382718600 0 11 8 60
1382716800 0 42 2 62
1382715000 0 39 0 83
1382713200 0 29 0 47
1382711400 3 27 340 814
1382709600 0 21 0 57
1382707800 0 16 0 62
1382706000 0 29 0 62
1382704200 0 55 0 149
1382702400 0 4 0 31
1382700600 0 0 0 15
1382698800 0 0 0 0
1382697000 0 0 0 30
1382695200 0 0 0 0
1382693400 0 0 0 10
1382691600 0 0 0 0
1382689800 0 0 0 10
1382688000 0 0 0 16
1382686200 0 4 0 23
1382684400 0 9 0 16
1382682600 0 0 0 10
1382680800 0 0 0 16
1382679000 0 0 0 30
1382677200 0 0 0 0
1382675400 0 0 0 13
1382673600 0 0 0 31
1382671800 0 0 8 31
1382670000 0 1 2 16
1382668200 0 9 0 25
1382666400 0 3 0 16
1382664600 0 0 0 10
1382662800 0 0 0 0
1382661000 0 2 0 16
1382659200 0 0 0 16
1382657400 0 0 0 16
1382655600 0 0 0 23
1382653800 4 17 471 187
1382652000 2 40 281 62
1382650200 0 40 0 62
1382648400 0 35 0 62
1382646600 0 15 0 55
1382644800 0 13 0 62
1382643000 5 25 672 142
1382641200 2 32 672 62
1382639400 0 42 0 59
1382637600 0 31 0 78
1382635800 0 51 12 77
1382634000 0 59 0 117
1382632200 0 23 27 75
1382630400 0 15 6 47
1382628600 0 2 0 47
1382626800 0 18 0 47
1382625000 0 69 0 140
1382623200 0 41 28 171
1382621400 0 33 31 47
1382619600 0 42 0 62
1382617800 1 41 239 223
1382616000 0 33 239 88
1382614200 0 3 0 16
1382612400 0 0 0 10
1382610600 0 0 0 0
1382608800 0 0 0 10
1382607000 0 0 0 16
1382605200 0 0 0 23
1382603400 0 0 0 0
1382601600 0 2 0 21
1382599800 0 5 194 34
1382598000 1 14 194 47
1382596200 0 0 0 0
1382594400 0 1 0 23
1382592600 0 0 0 0
1382590800 0 0 0 16
1382589000 0 0 0 0
1382587200 0 0 0 10
1382585400 0 0 0 0
1382583600 0 3 0 30
1382581800 0 2 8 18
1382580000 0 9 2 20
1382578200 0 3 0 16
1382576400 0 1 0 16
1382574600 0 3 0 31
1382572800 0 25 0 55
1382571000 0 27 0 70
1382569200 0 12 0 47
1382567400 1 1 289 45
1382565600 1 46 289 78
1382563800 0 15 0 55
1382562000 0 22 0 62
1382560200 0 56 0 126
1382558400 0 47 0 64
1382556600 0 32 0 52
1382554800 0 40 0 57
1382553000 0 9 30 48
1382551200 0 22 0 59
1382549400 0 13 26 47
1382547600 0 43 16 99
1382545800 0 27 8 176
1382544000 0 16 0 62
1382542200 0 31 280 79
1382540400 2 45 280 72
1382538600 0 44 139 77
1382536800 0 37 139 62
1382535000 0 40 25 67
1382533200 0 26 7 78
1382531400 0 41 0 82
1382529600 0 40 0 138
1382527800 0 0 0 0
1382526000 0 0 0 0
1382524200 0 0 0 0
1382522400 0 0 0 0
1382520600 0 0 0 0
1382518800 0 0 0 0
1382517000 0 0 0 0
1382515200 0 0 0 0
1382513400 0 0 0 0
1382511600 0 0 0 0
1382509800 0 0 0 0
1382508000 0 0 0 0
1382506200 0 0 0 0
1382504400 0 0 0 0
1382502600 0 0 0 0
1382500800 0 0 0 0
1382493600 0 0 0 0
1382486400 3 17 3733 388
1382479200 8 31 3733 80
1382472000 0 30 463 94
1382464800 0 40 465 133
1382457600 58 40 32790 337
1382450400 54 15 32790 156
1382443200 0 10 0 156
1382436000 0 0 0 0
1382428800 0 0 0 0
1382421600 0 0 0 0
1382414400 0 0 0 0
1382407200 0 0 0 0
1382400000 0 7 0 66
1382392800 4 21 1537 117
1382385600 0 27 214 78
1382378400 0 22 193 69
1382371200 3 39 2177 373
1382364000 3 26 2177 156
1382356800 0 0 0 0
1382349600 0 0 0 0
1382342400 0 0 0 0
1382335200 0 0 0 0
1382328000 0 0 0 0
1382320800 0 0 0 0
1382313600 0 0 0 0
1382306400 0 0 0 0
1382299200 0 0 0 0
1382292000 0 0 0 0
1382284800 0 0 0 0
1382277600 0 0 0 0
1382270400 0 0 0 0
1382263200 0 0 0 0
1382256000 0 0 0 0
1382248800 0 0 0 0
1382241600 0 0 0 0
1382234400 0 0 0 0
1382227200 0 0 0 0
1382220000 0 0 0 4
1382212800 0 0 0 34
1382205600 0 0 0 43
1382198400 0 0 0 22
1382191200 0 0 8 32
1382184000 0 1 2 39
1382176800 0 0 0 0
1382169600 0 0 0 0
1382162400 0 0 0 0
1382155200 0 0 0 0
1382148000 0 0 0 0
1382140800 0 0 0 14
1382133600 0 0 0 0
1382126400 0 0 10 48
1382119200 0 0 2 43
1382112000 0 0 0 0
1382104800 0 0 0 51
1382097600 0 0 0 0
1382090400 0 0 0 0
1382083200 0 0 0 0
1382076000 0 0 0 0
1382068800 0 0 0 0
1382061600 0 0 0 0
1382054400 0 0 0 2
1382047200 0 0 0 0
1382040000 0 0 10 26
1382032800 0 2 2 43
1382025600 0 0 0 0
1382018400 0 0 0 0
1382011200 0 0 0 0
1382004000 0 0 0 0
1381996800 0 0 0 0
1381989600 0 0 0 0
1381982400 0 0 0 0
1381975200 0 0 0 0
1381968000 0 0 0 0
1381960800 0 0 0 14
1381953600 0 2 162 43
1381946400 0 2 0 53
1381939200 0 0 0 0
1381932000 0 0 11 157
1381924800 0 0 0 0
1381917600 0 0 0 0
1381910400 0 0 0 0
1381903200 0 0 0 0
1381896000 0 0 0 0
1381888800 0 0 0 0
1381881600 0 0 0 0
1381874400 0 0 0 0
1381867200 0 0 0 8
1381860000 0 0 0 14
1381852800 0 0 0 0
1381845600 0 0 0 0
1381838400 0 0 0 0
1381831200 0 0 0 0
1381824000 0 0 0 0
1381816800 0 0 0 0
1381809600 0 0 0 0
1381802400 0 0 0 0
1381795200 0 0 0 0
1381788000 0 0 0 0
1381780800 0 0 0 0
1381773600 0 0 0 0
1381766400 0 0 0 0
1381759200 0 0 0 0
1381752000 0 0 0 0
1381744800 0 0 0 0
1381737600 0 0 0 0
1381730400 0 0 0 0
1381723200 0 0 0 0
1381716000 0 0 0 0
1381708800 0 0 0 0
1381701600 0 0 0 0
1381694400 0 0 0 0
1381687200 0 0 0 0
1381680000 0 0 0 0
1381672800 0 0 0 0
1381665600 0 0 0 0
1381658400 0 0 0 0
1381651200 0 0 0 0
1381644000 0 0 0 0
1381636800 0 0 0 0
1381629600 0 0 0 0
1381622400 0 0 0 0
1381615200 0 0 0 0
1381608000 0 0 0 0
1381600800 0 0 0 0
1381593600 0 0 0 0
1381586400 0 0 0 0
1381579200 0 0 0 0
1381572000 0 0 0 0
1381564800 0 0 0 0
1381557600 0 0 0 0
1381550400 0 0 0 0
1381543200 0 0 0 0
1381536000 0 0 0 0
1381528800 0 0 0 0
1381521600 0 0 0 0
1381514400 0 0 0 4
1381507200 0 0 0 0
1381500000 0 0 0 7
1381492800 0 0 0 0
1381485600 0 0 0 0
1381478400 0 0 0 0
1381471200 0 0 0 0
1381464000 0 0 0 0
1381456800 0 0 0 0
1381449600 0 0 0 0
1381442400 0 0 0 0
1381435200 0 0 0 0
1381428000 0 0 0 0
1381420800 0 0 0 0
1381413600 0 0 0 14
1381406400 0 0 0 0
1381399200 0 0 0 0
1381392000 0 0 0 0
1381384800 0 0 0 0
1381377600 0 0 0 0
1381370400 0 0 0 0
1381363200 0 0 0 0
1381356000 0 0 0 0
1381348800 0 0 0 0
1381341600 0 0 0 51
1381334400 0 0 0 36
1381327200 0 0 0 8
1381320000 0 0 0 0
1381312800 0 0 0 0
1381305600 0 0 0 0
1381298400 0 0 0 0
1381291200 0 0 0 0
1381284000 0 0 0 0
1381276800 0 0 0 0
1381269600 0 0 0 0
1381262400 0 0 0 0
1381255200 0 0 0 0
1381248000 0 0 0 0
1381240800 0 0 0 8
1381233600 0 0 0 0
1381226400 0 0 0 0
1381219200 0 0 0 0
1381212000 0 0 0 0
1381204800 0 0 0 0
1381197600 0 0 0 0
1381190400 0 0 0 0
1381183200 0 0 0 0
1381176000 0 0 0 0
1381168800 0 0 0 4
1381161600 0 0 0 6
1381154400 0 0 0 10
1381147200 0 0 0 0
1381140000 0 0 0 0
1381132800 0 0 0 0
1381125600 0 0 0 0
1381118400 0 0 0 0
1381111200 0 0 0 0
1381104000 0 0 0 0
1381096800 0 0 0 0
1381089600 0 0 0 0
1381082400 0 0 0 0
1381075200 0 0 0 0
1381068000 0 0 0 0
1381060800 0 0 0 0
1381053600 0 0 0 0
1381046400 0 0 0 0
1381039200 0 0 0 0
1381032000 0 0 0 0
1381024800 0 0 0 0
1381017600 0 0 0 0
1381010400 0 0 0 0
1381003200 0 0 0 10
1380996000 0 0 0 0
1380988800 0 0 0 6
1380981600 0 0 0 0
1380974400 0 0 0 0
1380967200 0 0 0 0
1380960000 0 0 0 0
1380952800 0 0 0 0
1380945600 0 0 0 0
1380938400 0 0 0 0
1380931200 0 0 0 0
1380924000 0 0 0 0
1380916800 0 0 0 10
1380909600 0 0 0 5
1380902400 0 0 0 0
1380895200 0 0 0 0
1380888000 0 0 0 0
1380880800 0 0 0 0
1380873600 0 0 0 0
1380866400 0 0 0 0
1380859200 0 0 0 0
1380852000 0 0 0 0
1380844800 0 0 0 0
1380837600 0 0 0 0
1380830400 0 0 0 0
1380823200 0 0 0 10
1380816000 0 0 0 0
1380808800 0 0 0 0
1380801600 0 0 0 0
1380794400 0 0 0 0
1380787200 0 0 0 0
1380780000 0 0 0 0
1380772800 0 0 0 0
1380765600 0 0 0 0
1380758400 0 0 0 0
1380751200 0 0 0 0
1380744000 0 0 0 0
1380736800 0 0 0 14
1380729600 0 0 0 0
1380722400 0 0 0 0
1380715200 0 0 0 6
1380708000 0 0 0 0
1380700800 0 0 0 0
1380693600 0 0 0 0
1380686400 0 0 0 0
1380679200 0 0 0 0
1380672000 0 0 0 0
1380664800 0 0 0 0
1380657600 0 0 0 0
1380650400 0 0 0 14
1380643200 0 0 0 6
1380636000 0 0 0 0
1380628800 0 0 0 0
1380621600 0 0 0 0
1380614400 0 0 0 0
1380607200 0 0 0 0
1380600000 0 0 0 0
1380592800 0 0 0 0
1380585600 0 0 0 0
1380578400 0 0 0 0
1380571200 0 0 0 0
1380564000 0 0 0 10
1380556800 0 0 0 0
1380549600 0 0 0 4
1380542400 0 0 0 0
1380535200 0 0 0 0
1380528000 0 0 0 0
1380520800 0 0 0 0
1380513600 0 0 0 0
1380506400 0 0 0 0
1380499200 0 0 0 0
1380492000 0 0 0 0
1380484800 0 0 0 0
1380477600 0 0 0 0
1380470400 0 0 0 0
1380463200 0 0 0 0
1380456000 0 0 0 0
1380448800 0 0 0 0
1380441600 0 0 0 0
1380434400 0 0 0 0
1380427200 0 0 0 0
1380420000 0 0 0 0
1380412800 0 0 0 0
1380405600 0 0 0 0
1380398400 0 0 0 9
1380391200 0 0 0 147
1380384000 0 0 0 0
1380376800 0 0 0 7
1380369600 0 0 0 0
1380362400 0 0 0 0
1380355200 0 0 0 0
1380348000 0 0 0 0
1380340800 0 0 0 0
1380333600 0 0 0 0
1380326400 0 0 0 0
1380319200 0 0 0 0
1380312000 0 0 0 0
1380304800 0 0 0 0
1380297600 0 0 0 0
1380290400 0 0 0 10
1380283200 0 0 0 0
1380276000 0 0 0 0
1380268800 0 0 0 0
1380261600 0 0 0 0
1380254400 0 0 0 0
1380247200 0 0 0 0
1380240000 0 0 0 0
1380232800 0 0 0 0
1380225600 0 0 0 0
1380218400 0 0 0 0
1380211200 0 0 0 0
1380204000 0 0 0 14
1380196800 0 0 0 0
1380189600 0 0 0 0
1380182400 0 0 0 0
1380175200 0 0 0 0
1380168000 0 0 0 0
1380160800 0 0 0 0
1380153600 0 0 0 0
1380146400 0 0 0 4
1380139200 0 0 0 0
1380132000 0 0 0 3
1380124800 0 0 0 0
1380117600 0 0 0 14
1380110400 0 0 0 7
1380103200 0 0 0 12
1380096000 0 0 0 0
1380088800 0 0 0 0
1380081600 0 0 0 0
1380074400 0 0 0 0
1380067200 0 0 0 0
1380060000 0 0 0 0
1380052800 0 0 0 0
1380045600 0 0 0 4
1380038400 0 0 0 0
1380031200 0 0 0 14
1380024000 0 0 0 0
1380016800 0 0 0 0
1380009600 0 0 0 0
1380002400 0 0 0 0
1379995200 0 0 0 0
1379988000 0 0 0 0
1379980800 0 0 0 0
1379973600 0 0 0 0
1379966400 0 0 0 0
1379959200 0 0 0 0
1379952000 0 0 0 0
1379944800 0 0 0 14
1379937600 0 0 0 0
1379930400 0 0 0 0
1379923200 0 0 0 0
1379916000 0 0 0 0
1379908800 0 0 0 0
1379901600 0 0 0 0
1379894400 0 0 0 0
1379887200 0 0 0 0
1379880000 0 0 0 0
1379872800 0 0 0 0
1379865600 0 0 0 0
1379858400 0 0 0 0
1379851200 0 0 0 0
1379844000 0 0 0 0
1379836800 0 0 0 0
1379829600 0 0 0 0
1379822400 0 0 0 0
1379815200 0 0 0 0
1379808000 0 0 0 0
1379800800 0 0 0 0
1379793600 0 0 0 9
1379786400 0 0 0 5
1379779200 0 0 0 0
1379772000 0 0 0 0
1379764800 0 0 0 6
1379757600 0 0 0 0
1379750400 0 0 0 0
1379743200 0 0 0 0
1379736000 0 0 0 0
1379728800 0 0 0 0
1379721600 0 0 0 0
1379714400 0 0 0 0
1379707200 0 0 0 0
1379700000 0 0 0 7
1379692800 0 0 0 0
1379685600 0 0 0 0
1379678400 0 0 0 0
1379671200 0 0 0 0
1379664000 0 0 0 0
1379656800 0 0 0 0
1379649600 0 0 0 0
1379642400 0 0 0 0
1379635200 0 0 0 0
1379628000 0 0 0 0
1379620800 0 0 0 0
1379613600 0 0 0 5
1379606400 0 0 0 0
1379599200 0 0 0 0
1379592000 0 0 0 0
1379584800 0 0 0 0
1379577600 0 0 0 0
1379570400 0 0 0 0
1379563200 0 0 0 0
1379556000 0 0 0 0
1379548800 0 0 0 6
1379541600 0 0 0 0
1379534400 0 0 0 0
1379527200 0 0 0 5
1379520000 0 0 0 0
1379512800 0 0 0 0
1379505600 0 0 0 0
1379498400 0 0 0 0
1379491200 0 0 0 0
1379484000 0 0 0 2
1379476800 0 0 0 0
1379469600 0 0 0 0
1379462400 0 0 0 0
1379455200 0 0 0 0
1379448000 0 0 0 0
1379440800 0 0 0 14
1379433600 0 0 0 0
1379426400 0 0 0 0
1379419200 0 0 0 0
1379412000 0 0 0 0
1379404800 0 0 0 0
1379397600 0 0 0 0
1379390400 0 0 0 0
1379383200 0 0 0 0
1379376000 0 0 0 0
1379368800 0 0 0 0
1379361600 0 0 0 0
1379354400 0 0 0 5
1379347200 0 0 0 5
1379340000 0 0 0 4
1379332800 0 0 0 3
1379325600 0 0 0 0
1379318400 0 0 0 0
1379311200 0 0 0 0
1379304000 0 0 0 0
1379296800 0 0 0 0
1379289600 0 0 0 0
1379282400 0 0 0 0
1379275200 0 0 0 0
1379268000 0 0 0 8
1379260800 0 0 0 7
1379253600 0 0 0 0
1379246400 0 0 0 0
1379239200 0 0 0 0
1379232000 0 0 0 0
1379224800 0 0 0 0
1379217600 0 0 0 0
1379210400 0 0 0 0
1379203200 0 0 0 0
1379196000 0 0 0 0
1379188800 0 0 0 0
1379181600 0 0 0 0
1379174400 0 0 0 5
1379167200 0 0 0 0
1379160000 0 0 0 6
1379152800 0 0 0 0
1379145600 0 0 0 0
1379138400 0 0 0 0
1379131200 0 0 0 0
1379124000 0 0 0 0
1379116800 0 0 0 0
1379109600 0 0 0 0
1379102400 0 0 0 0
1379095200 0 0 0 0
1379088000 0 0 0 7
1379080800 0 0 0 0
1379073600 0 0 0 0
1379066400 0 0 0 0
1379059200 0 0 0 0
1379052000 0 0 0 0
1379044800 0 0 0 0
1379037600 0 0 0 0
1379030400 0 0 0 2
1379023200 0 0 0 0
1379016000 0 0 0 0
1379008800 0 0 0 0
1379001600 0 0 0 8
1378994400 0 0 0 0
1378987200 0 0 0 0
1378980000 0 0 0 0
1378972800 0 0 0 0
1378965600 0 0 0 0
1378958400 0 0 0 0
1378951200 0 0 0 0
1378944000 0 0 0 0
1378936800 0 0 0 0
1378929600 0 0 0 0
1378922400 0 0 0 13
1378915200 0 0 0 7
1378908000 0 0 0 0
1378900800 0 0 0 0
1378893600 0 0 0 0
1378886400 0 0 0 3
1378879200 0 0 0 0
1378872000 0 0 0 0
1378864800 0 0 0 0
1378857600 0 0 0 0
1378850400 0 0 0 0
1378843200 0 0 0 0
1378836000 0 0 0 0
1378828800 0 0 0 14
1378821600 0 0 0 6
1378814400 0 0 0 0
1378807200 0 0 0 0
1378800000 0 0 0 0
1378792800 0 0 0 0
1378785600 0 0 0 0
1378778400 0 0 0 0
1378771200 0 0 0 0
1378764000 0 0 0 0
1378756800 0 0 0 0
1378749600 0 0 0 0
1378742400 0 0 0 14
1378735200 0 0 0 4
1378728000 0 0 0 0
1378720800 0 0 0 0
1378713600 0 0 0 0
1378706400 0 0 0 0
1378699200 0 0 0 0
1378692000 0 0 0 0
1378684800 0 0 0 0
1378677600 0 0 0 0
1378670400 0 0 0 0
1378663200 0 0 0 0
1378656000 0 0 0 15
1378648800 0 0 0 0
1378641600 0 0 0 0
1378634400 0 0 0 0
1378627200 0 0 0 0
1378620000 0 0 0 0
1378612800 0 0 0 0
1378605600 0 0 0 0
1378598400 0 0 0 0
1378591200 0 0 0 0
1378584000 0 0 0 0
1378576800 0 0 0 0
1378569600 0 0 0 15
1378562400 0 0 0 6
1378555200 0 0 0 0
1378548000 0 0 0 0
1378540800 0 0 0 0
1378533600 0 0 0 0
1378526400 0 0 0 0
1378519200 0 0 0 0
1378512000 0 0 0 0
1378504800 0 0 0 0
1378497600 0 0 0 0
1378490400 0 0 0 0
1378483200 0 0 0 10
1378476000 0 0 1 0
1378468800 0 0 0 0
1378461600 0 0 0 0
1378454400 0 0 0 0
1378447200 0 0 0 0
1378440000 0 0 0 0
1378432800 0 0 0 0
1378425600 0 0 0 6
1378418400 0 0 0 6
1378411200 0 0 0 6
1378404000 0 0 0 0
1378396800 0 0 0 14
1378389600 0 0 0 0
1378382400 0 0 0 0
1378375200 0 0 0 0
1378368000 0 0 0 0
1378360800 0 0 0 0
1378353600 0 0 0 0
1378346400 0 0 0 0
1378339200 0 0 0 6
1378332000 0 0 0 0
1378324800 0 0 0 6
1378317600 0 0 0 0
1378310400 0 0 0 15
1378303200 0 0 0 0
1378296000 0 0 0 0
1378288800 0 0 0 0
1378281600 0 0 0 0
1378274400 0 0 0 0
1378267200 0 0 0 0
1378260000 0 0 0 0
1378252800 0 0 0 0
1378245600 0 0 0 6
1378238400 0 0 0 0
1378231200 0 0 0 0
1378224000 0 0 0 6
1378216800 0 0 0 14
1378209600 0 0 0 0
1378202400 0 0 0 0
1378195200 0 0 0 0
1378188000 0 0 0 0
1378180800 0 0 0 0
1378166400 0 0 0 14
1378080000 0 0 0 13
1377993600 0 0 0 15
1377907200 0 0 0 14
1377820800 0 0 0 6
1377734400 1 0 2181 92
1377648000 0 0 0 7
1377561600 0 0 0 15
1377475200 0 0 0 0
1377388800 0 0 0 0
1377302400 0 0 0 7
1377216000 0 0 0 7
1377129600 0 0 0 9
1377043200 0 0 0 14
1376956800 0 0 0 17
1376870400 0 0 0 35
1376784000 0 0 0 22
1376697600 0 0 0 15
1376611200 0 0 0 7
1376524800 0 0 0 15
1376438400 0 0 0 14
1376352000 0 0 0 9
1376265600 0 0 0 18
1376179200 0 0 0 26
1376092800 0 0 0 14
1376006400 0 0 0 17
1375920000 0 0 0 15
1375833600 0 0 0 12
1375747200 0 0 0 11
1375660800 0 0 0 11
1375574400 0 0 0 37
1375488000 0 0 0 12
1375401600 0 0 0 20
1375315200 0 0 0 60
1375228800 0 0 0 5
1375142400 0 0 0 16
1375056000 0 0 0 11
1374969600 0 0 0 11
1374883200 0 0 0 12
1374796800 0 0 0 6
1374710400 0 0 0 7
1374624000 0 0 0 7
1374537600 0 0 0 8
1374451200 0 0 0 7
1374364800 0 0 0 6
1374278400 0 0 0 6
1374192000 0 0 0 116
1374105600 0 0 0 6
1374019200 0 0 0 11
1373932800 0 0 0 11
1373846400 0 0 0 16
1373760000 0 0 0 12
1373673600 0 0 0 6
1373587200 0 0 0 6
1373500800 0 0 0 0
1373414400 0 0 0 2
1373328000 0 0 0 1
1373241600 0 0 0 1
1373155200 0 0 0 1
1373068800 0 0 0 0
1372982400 0 0 0 0
1372896000 0 0 0 0
1372809600 0 0 0 0
1372723200 0 0 0 0
1372636800 0 0 0 1
1372550400 0 0 0 1
1372464000 0 0 0 12
1372377600 0 0 0 9
1372291200 0 0 0 6
1372204800 0 0 0 7
1372118400 0 0 0 15
1372032000 0 0 0 10
1371945600 0 0 0 11
1371859200 0 0 0 9
1371772800 0 0 0 10
1371686400 0 0 0 10
1371600000 0 0 0 7
1371513600 0 0 0 11
1371427200 0 0 0 5
1371340800 0 0 0 21
1371254400 0 0 0 5
1371168000 0 0 0 11
1371081600 0 0 0 10
1370995200 0 0 114 120
1370908800 0 0 0 10
1370822400 0 0 0 11
1370736000 0 0 0 45
1370649600 0 0 0 11
1370563200 0 0 0 10
1370476800 0 0 0 10
1370390400 0 0 0 8
1370304000 0 0 0 10
1370217600 0 0 0 16
1370131200 0 0 0 10
1370044800 0 0 0 47
1369958400 0 0 0 10
1369872000 0 0 0 10
1369785600 0 0 0 135
1369699200 0 0 0 5
1369612800 0 0 0 22
1369526400 0 0 0 5
1369440000 0 0 0 5
1369353600 0 0 0 12
1369267200 0 0 0 10
1369180800 0 0 0 10
1369094400 0 0 0 10
1369008000 0 0 0 6
1368921600 0 0 0 10
1368835200 0 0 0 7
1368748800 0 0 0 11
1368662400 0 0 0 10
1368576000 0 0 0 11
1368489600 0 0 0 11
1368403200 0 0 0 10
1368316800 0 0 0 11
1368230400 0 0 0 10
1368144000 0 0 0 5
1368057600 0 0 0 16
1367971200 0 0 0 10
1367884800 0 0 0 7
1367798400 0 0 0 0
1367712000 0 0 0 10
1367625600 0 0 0 10
1367539200 0 0 0 10
1367452800 0 0 0 11
1367366400 0 0 0 10
1367280000 0 0 0 16
1367193600 0 0 0 11
1367107200 0 0 0 6
1367020800 0 0 0 10
1366934400 0 0 0 7
1366848000 0 0 66 5
1366761600 0 0 24 30
1366675200 0 0 0 10
1366588800 0 0 0 0
1366502400 0 0 0 8
1366416000 0 0 0 12
1366329600 0 0 0 11
1366243200 0 0 48 7
1366156800 0 0 0 11
1366070400 0 0 0 12
1365984000 0 0 0 6
1365897600 0 0 0 0
1365811200 0 0 0 11
1365724800 0 0 0 13
1365638400 0 0 0 10
1365552000 0 0 0 13
1365465600 0 0 0 11
1365379200 0 0 0 10
1365292800 0 0 0 12
1365206400 0 0 0 10
1365120000 0 0 0 10
1365033600 0 0 0 10
1364947200 0 0 0 0
1364860800 0 0 0 0
1364774400 0 0 0 0
1364688000 0 0 0 0
1364601600 0 0 0 7
1364515200 0 0 0 6
1364428800 0 0 0 28
1364342400 0 0 0 14
1364256000 0 0 0 10
1364169600 0 0 0 10
1364083200 0 0 0 7
1363996800 0 0 0 10
1363910400 0 0 0 12
1363824000 0 0 0 10
1363737600 0 0 0 10
1363651200 0 0 0 10
1363564800 0 0 0 0
1363478400 0 0 0 0
1363392000 0 0 0 10
1363305600 0 0 0 3
1363219200 0 0 0 7
1363132800 0 0 0 19
1363046400 0 0 0 7
1362960000 0 0 0 7
1362873600 0 0 0 14
1362787200 0 0 0 7
1362700800 0 0 0 18
1362614400 0 0 0 26
1362528000 0 0 0 0
1362441600 0 0 0 7
1362355200 0 0 0 10
1362268800 0 0 0 10
1362182400 0 0 0 10
1362096000 0 0 0 7
1362009600 0 0 0 10
1361923200 0 0 0 9
1361836800 0 0 0 10
1361750400 0 0 0 7
1361664000 0 0 0 10
1361577600 0 0 0 7
1361491200 0 0 0 29
1361404800 0 0 0 7
1361318400 0 0 0 10
1361232000 0 0 0 10
1361145600 0 0 0 0
1361059200 0 0 0 0
1360972800 0 0 0 7
1360886400 0 0 0 7
1360800000 0 0 0 7
1360713600 0 0 0 0
1360627200 0 0 0 0
1360540800 0 0 0 0
1360454400 0 0 0 0
1360368000 0 0 0 20
1360281600 0 0 0 9
1360195200 0 0 0 22
1360108800 0 0 0 51
1360022400 0 0 0 30
1359936000 0 0 0 0
1359849600 0 0 0 0
1359763200 0 0 0 18
1359676800 0 0 0 5
1359590400 0 0 0 8
1359504000 0 0 0 11
1359417600 0 0 0 19
1359331200 0 0 0 7
1359244800 0 0 0 12
1359158400 0 0 0 15
1359072000 0 0 0 22
1358985600 0 0 0 5
1358899200 0 0 0 4
1358812800 0 0 0 5
1358726400 0 0 0 5
1358640000 0 0 0 8
1358553600 0 0 0 22
1358467200 0 0 0 8
1358380800 0 0 0 6
1358294400 0 0 0 7
1358208000 0 0 0 7
1358121600 0 0 0 15
1358035200 0 0 0 23
1357948800 0 0 0 10
1357862400 0 0 0 13
1357776000 0 0 0 11
1357689600 0 0 0 10
1357603200 0 0 0 10
1357516800 0 0 0 0
1357430400 0 0 0 6
1357344000 0 0 0 10
1357257600 0 0 0 16
1357171200 0 0 0 11
1357084800 0 0 0 0
1356998400 0 0 0 16
1356912000 0 0 0 0
1356825600 0 0 0 10
1356739200 0 0 0 8
1356652800 0 0 0 5
1356566400 0 0 0 11
1356480000 0 0 0 3
1356393600 0 0 0 5
1356307200 0 0 0 5
1356220800 0 0 0 14
1356134400 0 0 0 6
1356048000 0 0 0 6
1355961600 0 0 0 5
1355875200 0 0 0 5
1355788800 0 0 0 10
1355702400 0 0 0 0
1355616000 0 0 0 16
1355529600 0 0 0 18
1355443200 0 0 0 17
1355356800 0 0 0 21
1355270400 0 0 0 10
1355184000 0 0 0 7
1355097600 0 0 0 0
1355011200 0 0 0 0
1354924800 0 0 0 10
1354838400 0 0 0 5
1354752000 0 0 0 13
1354665600 0 0 0 15
1354579200 0 0 0 16
1354492800 0 0 0 24
1354406400 0 0 0 10
1354320000 0 0 0 10
1354233600 0 0 0 11
1354147200 0 0 0 73
1354060800 0 0 0 6
1353974400 0 0 0 5
1353888000 0 0 0 0
1353801600 0 0 0 6
1353715200 0 0 0 19
1353628800 0 0 0 120
1353542400 0 0 0 15
1353456000 0 0 0 6
1353369600 0 0 0 10
1353283200 0 0 0 0
1353196800 0 0 0 31
1353110400 0 0 0 11
1353024000 0 0 0 14
1352937600 0 0 0 7
1352851200 0 0 0 10
1352764800 0 0 0 7
1352678400 0 0 0 0
1352592000 0 0 0 7
1352505600 0 0 0 11
1352419200 0 0 0 12
1352332800 0 0 0 10
1352246400 0 0 0 12
1352160000 0 0 0 18
1352073600 0 0 0 16
1351987200 0 0 0 19
1351900800 0 0 0 30
1351814400 0 0 0 12
1351728000 0 0 0 29
1351641600 0 0 0 15
1351555200 0 0 0 11
1351468800 0 0 0 12
1351382400 0 0 0 9
1351296000 0 0 0 5
1351209600 0 0 0 7
1351123200 0 0 0 20
1351036800 0 0 0 9
1350950400 0 0 0 53
1350864000 0 0 0 30
1350777600 0 0 0 12
1350691200 0 0 0 8
1350604800 0 0 0 14
1350518400 0 0 0 5
1350432000 0 0 0 14
1350345600 0 0 0 11
1350259200 0 0 0 5
1350172800 0 0 0 7
1350086400 0 0 0 23
1350000000 0 0 4505 377
1349913600 8 0 14547 2112
1349827200 4 0 16655 1558
1349740800 0 0 0 6
1349654400 0 0 0 18
1349568000 0 0 4175 380
1349481600 0 0 1308 113
1349395200 0 0 4846 1237
1349308800 13 0 28160 1411
1349222400 0 0 694 32
1349136000 0 0 0 0
1349049600 0 0 0 0
1348963200 0 0 0 0
1348876800 0 0 0 0
1348790400 0 0 0 0
1348704000 0 0 0 0
1348617600 0 0 0 0
1348531200 0 0 0 0
1348444800 0 0 0 0
1348358400 0 0 0 0
1348272000 0 0 0 0
1348185600 0 0 0 0
1348099200 0 0 0 0
1348012800 0 0 0 0
1347926400 0 0 0 0
1347840000 0 0 0 0
1347753600 0 0 0 0
1347667200 0 0 0 0
1347580800 0 0 0 0
1347494400 0 0 0 0
1347408000 0 0 0 0
1347321600 0 0 0 0
1347235200 0 0 0 0
1347148800 0 0 0 0
1347062400 0 0 0 0
1346976000 0 0 0 0
1346889600 0 0 0 0
1346803200 0 0 0 0
1346716800 0 0 0 0
1346630400 0 0 0 0
1346544000 0 0 0 0
1346457600 0 0 0 0
1346371200 0 0 0 0
1346284800 0 0 0 0
1346198400 0 0 0 0
1346112000 0 0 0 0
1346025600 0 0 0 0
1345939200 0 0 0 0
1345852800 0 0 0 0
1345766400 0 0 0 0
1345680000 0 0 0 0
1345593600 0 0 0 0
1345507200 0 0 0 0
1345420800 0 0 0 0
1345334400 0 0 0 0
1345248000 0 0 0 0
1345161600 0 0 0 0
1345075200 0 0 0 0
1344988800 0 0 0 0
1344902400 0 0 0 0
1344816000 0 0 0 0
1344729600 0 0 0 0
1344643200 0 0 0 0
1344556800 0 0 0 0
1344470400 0 0 0 0
1344384000 0 0 0 0
1344297600 0 0 0 0
1344211200 0 0 0 0
1344124800 0 0 0 0
1344038400 0 0 0 0
1343952000 0 0 0 0
1343865600 0 0 0 0
1343779200 0 0 0 0
1343692800 0 0 0 0
1343606400 0 0 0 0
1343520000 0 0 0 0
1343433600 0 0 0 0
1343347200 0 0 0 0
1343260800 0 0 0 0
1343174400 0 0 0 0
1343088000 0 0 0 0
1343001600 0 0 0 0
1342915200 0 0 0 0
1342828800 0 0 0 0
1342742400 0 0 0 0
1342656000 0 0 0 0
1342569600 0 0 0 0
1342483200 0 0 0 0
1342396800 0 0 0 0
1342310400 0 0 0 0
1342224000 0 0 0 0
1342137600 0 0 0 0
1342051200 0 0 0 0
1341964800 0 0 0 0
1341878400 0 0 0 0
1341792000 0 0 0 0
1341705600 0 0 0 0
1341619200 0 0 0 0
1341532800 0 0 0 0
1341446400 0 0 0 0
1341360000 0 0 0 0
1341273600 0 0 0 0
1341187200 0 0 0 0
1341100800 0 0 0 0
1341014400 0 0 0 0
1340928000 0 0 0 0
1340841600 0 0 0 0
1340755200 0 0 0 0
1340668800 0 0 0 0
1340582400 0 0 0 0
1340496000 0 0 0 0
1340409600 0 0 0 0
1340323200 0 0 0 0
1340236800 0 0 0 0
1340150400 0 0 0 0
1340064000 0 0 0 0
1339977600 0 0 0 0
1339891200 0 0 0 0
1339804800 0 0 0 0
1339718400 0 0 0 0
1339632000 0 0 0 0
1339545600 0 0 0 0
1339459200 0 0 0 0
1339372800 0 0 0 0
1339286400 0 0 0 0
1339200000 0 0 0 0
1339113600 0 0 0 0
1339027200 0 0 0 0
1338940800 0 0 0 0
1338854400 0 0 0 0
1338768000 0 0 0 0
1338681600 0 0 0 0
1338595200 0 0 0 0
1338508800 0 0 0 0
1338422400 0 0 0 0
1338336000 0 0 0 0
1338249600 0 0 0 0
1338163200 0 0 0 0
1338076800 0 0 0 0
1337990400 0 0 0 0
1337904000 0 0 0 0
1337817600 0 0 0 0
1337731200 0 0 0 0
1337644800 0 0 0 0
1337558400 0 0 0 0
1337472000 0 0 0 0
1337385600 0 0 0 0
1337299200 0 0 0 0
1337212800 0 0 0 0
1337126400 0 0 0 0
1337040000 0 0 0 0
1336953600 0 0 0 0
1336867200 0 0 0 0
1336780800 0 0 0 0
1336694400 0 0 0 0
1336608000 0 0 0 0
1336521600 0 0 0 0
1336435200 0 0 0 0
1336348800 0 0 0 0
1336262400 0 0 0 0
1336176000 0 0 0 0
1336089600 0 0 0 0
1336003200 0 0 0 0
1335916800 0 0 0 0
1335830400 0 0 0 0
1335744000 0 0 0 0
1335657600 0 0 0 0
1335571200 0 0 0 0
1335484800 0 0 0 0
1335398400 0 0 0 0
1335312000 0 0 0 0
1335225600 0 0 0 0
1335139200 0 0 0 0
1335052800 0 0 0 0
1334966400 0 0 0 0
1334880000 0 0 0 0
1334793600 0 0 0 0
1334707200 0 0 0 0
1334620800 0 0 0 0
1334534400 0 0 0 0
1334448000 0 0 0 0
1334361600 0 0 0 0
1334275200 0 0 0 0
1334188800 0 0 0 0
1334102400 0 0 0 0
1334016000 0 0 0 0
1333929600 0 0 0 0
1333843200 0 0 0 0
1333756800 0 0 0 0
1333670400 0 0 0 0
1333584000 0 0 0 0
1333497600 0 0 0 0
1333411200 0 0 0 0
1333324800 0 0 0 0
1333238400 0 0 0 0
1333152000 0 0 0 0
1333065600 0 0 0 0
1332979200 0 0 0 0
1332892800 0 0 0 0
1332806400 0 0 0 0
1332720000 0 0 0 0
1332633600 0 0 0 0
1332547200 0 0 0 0
1332460800 0 0 0 0
1332374400 0 0 0 0
1332288000 0 0 0 0
1332201600 0 0 0 0
1332115200 0 0 0 0
1332028800 0 0 0 0
1331942400 0 0 0 0
1331856000 0 0 0 0
1331769600 0 0 0 0
1331683200 0 0 0 0
1331596800 0 0 0 0
1331510400 0 0 0 0
1331424000 0 0 0 0
1331337600 0 0 0 0
1331251200 0 0 0 0
1331164800 0 0 0 0
1331078400 0 0 0 0
1330992000 0 0 0 0
1330905600 0 0 0 0
1330819200 0 0 0 0
1330732800 0 0 0 0
1330646400 0 0 0 0
1330560000 0 0 0 0
1330473600 0 0 0 0
1330387200 0 0 0 0
1330300800 0 0 0 0
1330214400 0 0 0 0
1330128000 0 0 0 0
1330041600 0 0 0 0
1329955200 0 0 0 0
1329868800 0 0 0 0
1329782400 0 0 0 0
1329696000 0 0 0 0
1329609600 0 0 0 0
1329523200 0 0 0 0
1329436800 0 0 0 0
1329350400 0 0 0 0
1329264000 0 0 0 0
1329177600 0 0 0 0
1329091200 0 0 0 0
1329004800 0 0 0 0
1328918400 0 0 0 0
1328832000 0 0 0 0
1328745600 0 0 0 0
1328659200 0 0 0 0
1328572800 0 0 0 0
1328486400 0 0 0 0
1328400000 0 0 0 0
1328313600 0 0 0 0
1328227200 0 0 0 0
1328140800 0 0 0 0
1328054400 0 0 0 0
1327968000 0 0 0 0
1327881600 0 0 0 0
1327795200 0 0 0 0
1327708800 0 0 0 0
1327622400 0 0 0 0
1327536000 0 0 0 0
1327449600 0 0 0 0
1327363200 0 0 0 0
1327276800 0 0 0 0
1327190400 0 0 0 0
1327104000 0 0 0 0
1327017600 0 0 0 0
1326931200 0 0 0 0
1326844800 0 0 0 0
1326758400 0 0 0 0
1326672000 0 0 0 0
1326585600 0 0 0 0
1326499200 0 0 0 0
1326412800 0 0 0 0
1326326400 0 0 0 0
1326240000 0 0 0 0
1326153600 0 0 0 0
1326067200 0 0 0 0
1325980800 0 0 0 0
1325894400 0 0 0 0
1325808000 0 0 0 0
1325721600 0 0 0 0
1325635200 0 0 0 0
1325548800 0 0 0 0
1325462400 0 0 0 0
1325376000 0 0 0 0
1325289600 0 0 0 0
1325203200 0 0 0 0
1325116800 0 0 0 0
1325030400 0 0 0 0
1324944000 0 0 0 0
1324857600 0 0 0 0
1324771200 0 0 0 0
1324684800 0 0 0 0
1324598400 0 0 0 0
1324512000 0 0 0 0
1324425600 0 0 0 0
1324339200 0 0 0 0
1324252800 0 0 0 0
1324166400 0 0 0 0
1324080000 0 0 0 0
1323993600 0 0 0 0
1323907200 0 0 0 0
1323820800 0 0 0 0
1323734400 0 0 0 0
1323648000 0 0 0 0
1323561600 0 0 0 0
1323475200 0 0 0 0
1323388800 0 0 0 0
1323302400 0 0 0 0
1323216000 0 0 0 0
1323129600 0 0 0 0
1323043200 0 0 0 0
1322956800 0 0 0 0
1322870400 0 0 0 0
1322784000 0 0 0 0
1322697600 0 0 0 0
1322611200 0 0 0 0
1322524800 0 0 0 0
1322438400 0 0 0 0
1322352000 0 0 0 0
1322265600 0 0 0 0
1322179200 0 0 0 0
1322092800 0 0 0 0
1322006400 0 0 0 0
1321920000 0 0 0 0
1321833600 0 0 0 0
1321747200 0 0 0 0
1321660800 0 0 0 0
1321574400 0 0 0 0
1321488000 0 0 0 0
1321401600 0 0 0 0
1321315200 0 0 0 0
1321228800 0 0 0 0
1321142400 0 0 0 0
1321056000 0 0 0 0
1320969600 0 0 0 0
1320883200 0 0 0 0
1320796800 0 0 0 0
1320710400 0 0 0 0
1320624000 0 0 0 0
1320537600 0 0 0 0
1320451200 0 0 0 0
1320364800 0 0 0 0
1320278400 0 0 0 0
1320192000 0 0 0 0
1320105600 0 0 0 0
1320019200 0 0 0 0
1319932800 0 0 0 0
1319846400 0 0 0 0
1319760000 0 0 0 0
1319673600 0 0 0 0
1319587200 0 0 0 0
1319500800 0 0 0 0
1319414400 0 0 0 0
1319328000 0 0 0 0
1319241600 0 0 0 0
1319155200 0 0 0 0
1319068800 0 0 0 0
1318982400 0 0 0 0
1318896000 0 0 0 0
1318809600 0 0 0 0
1318723200 0 0 0 0
1318636800 0 0 0 0
1318550400 0 0 0 0
1318464000 0 0 0 0
1318377600 0 0 0 0
1318291200 0 0 0 0
1318204800 0 0 0 0
1318118400 0 0 0 0
1318032000 0 0 0 0
1317945600 0 0 0 0
1317859200 0 0 0 0
1317772800 0 0 0 0
1317686400 0 0 0 0
1317600000 0 0 0 0
1317513600 0 0 0 0
1317427200 0 0 0 0
1317340800 0 0 0 0
1317254400 0 0 0 0
1317168000 0 0 0 0
1317081600 0 0 0 0
1316995200 0 0 0 0
1316908800 0 0 0 0
1316822400 0 0 0 0
1316736000 0 0 0 0
1316649600 0 0 0 0
1316563200 0 0 0 0
1316476800 0 0 0 0
1316390400 0 0 0 0
1316304000 0 0 0 0
1316217600 0 0 0 0
1316131200 0 0 0 0
1316044800 0 0 0 0
1315958400 0 0 0 0
1315872000 0 0 0 0
1315785600 0 0 0 0
1315699200 0 0 0 0
1315612800 0 0 0 0
1315526400 0 0 0 0
1315440000 0 0 0 0
1315353600 0 0 0 0
1315267200 0 0 0 0
1315180800 0 0 0 0
1315094400 0 0 0 0
1315008000 0 0 0 0
