1387562479 0 0
1387562479 0 0 0 0
1387562402 0 0 0 0
1387562400 0 0 0 0
1387562100 0 0 0 0
1387561800 0 0 0 0
1387561500 0 0 0 0
1387561200 0 0 0 0
1387560900 0 0 0 0
1387560600 0 0 0 0
1387560300 0 0 0 0
1387560000 0 0 0 0
1387559700 0 0 0 0
1387559400 0 0 0 0
1387559100 0 0 0 0
1387558800 0 0 0 0
1387558500 0 0 0 0
1387558200 0 0 0 0
1387557900 0 0 0 0
1387557600 0 0 0 0
1387557300 0 0 0 0
1387557000 0 0 0 0
1387556700 0 0 0 0
1387556400 0 0 0 0
1387556100 0 0 0 0
1387555800 0 0 0 0
1387555500 0 0 0 0
1387555200 0 0 0 0
1387554900 0 0 0 0
1387554600 0 0 0 0
1387554300 0 0 0 0
1387554000 0 0 0 0
1387553700 0 0 0 0
1387553400 0 0 0 0
1387553100 0 0 0 0
1387552800 0 0 0 0
1387552500 0 0 0 0
1387552200 0 0 0 0
1387551900 0 0 0 0
1387551600 0 0 0 0
1387551300 0 0 0 0
1387551000 0 0 0 0
1387550700 0 0 0 0
1387550400 0 0 0 0
1387550100 0 0 0 0
1387549800 0 0 0 0
1387549500 0 0 0 0
1387549200 0 0 0 0
1387548900 0 0 0 0
1387548600 0 0 0 0
1387548300 0 0 0 0
1387548000 0 0 0 0
1387547700 0 0 0 0
1387547400 0 0 0 0
1387547100 0 0 0 0
1387546800 0 0 0 0
1387546500 0 0 0 0
1387546200 0 0 0 0
1387545900 0 0 0 0
1387545600 0 0 0 0
1387545300 0 0 0 0
1387545000 0 0 0 0
1387544700 0 0 0 0
1387544400 0 0 0 0
1387544100 0 0 0 0
1387543800 0 0 0 0
1387543500 0 0 0 0
1387543200 0 0 0 0
1387542900 0 0 0 0
1387542600 0 0 0 0
1387542300 0 0 0 0
1387542000 0 0 0 0
1387541700 0 0 0 0
1387541400 0 0 0 0
1387541100 0 0 0 0
1387540800 0 0 0 0
1387540500 0 0 0 0
1387540200 0 0 0 0
1387539900 0 0 0 0
1387539600 0 0 0 0
1387539300 0 0 0 0
1387539000 0 0 0 0
1387538700 0 0 0 0
1387538400 0 0 0 0
1387538100 0 0 0 0
1387537800 0 0 0 0
1387537500 0 0 0 0
1387537200 0 0 0 0
1387536900 0 0 0 0
1387536600 0 0 0 0
1387536300 0 0 0 0
1387536000 0 0 0 0
1387535700 0 0 0 0
1387535400 0 0 0 0
1387535100 0 0 0 0
1387534800 0 0 0 0
1387534500 0 0 0 0
1387534200 0 0 0 0
1387533900 0 0 0 0
1387533600 0 0 0 0
1387533300 0 0 0 0
1387533000 0 0 0 0
1387532700 0 0 0 0
1387532400 0 0 0 0
1387532100 0 0 0 0
1387531800 0 0 0 0
1387531500 0 0 0 0
1387531200 0 0 0 0
1387530900 0 0 0 0
1387530600 0 0 0 0
1387530300 0 0 0 0
1387530000 0 0 0 0
1387529700 0 0 0 0
1387529400 0 0 0 0
1387529100 0 0 0 0
1387528800 0 0 0 0
1387528500 0 0 0 0
1387528200 0 0 0 0
1387527900 0 0 0 0
1387527600 0 0 0 0
1387527300 0 0 0 0
1387527000 0 0 0 0
1387526700 0 0 0 0
1387526400 0 0 0 0
1387526100 0 0 0 0
1387525800 0 0 0 0
1387525500 0 0 0 0
1387525200 0 0 0 0
1387524900 0 0 0 0
1387524600 0 0 0 0
1387524300 0 0 0 0
1387524000 0 0 0 0
1387523700 0 0 0 0
1387523400 0 0 0 0
1387523100 0 0 0 0
1387522800 0 0 0 0
1387522500 0 0 0 0
1387522200 0 0 0 0
1387521900 0 0 0 0
1387521600 0 0 0 0
1387521300 0 0 0 0
1387521000 0 0 0 0
1387520700 0 0 0 0
1387520400 0 0 0 0
1387520100 0 0 0 0
1387519800 0 0 0 0
1387519500 0 0 0 0
1387519200 0 0 0 0
1387518900 0 0 0 0
1387518600 0 0 0 0
1387518300 0 0 0 0
1387518000 0 0 0 0
1387517700 0 0 0 0
1387517400 0 0 0 0
1387517100 0 0 0 0
1387516800 0 0 0 0
1387516500 0 0 0 0
1387516200 0 0 0 0
1387515900 0 0 0 0
1387515600 0 0 0 0
1387515300 0 0 0 0
1387515000 0 0 0 0
1387514700 0 0 0 0
1387514400 0 0 0 0
1387514100 0 0 0 0
1387513800 0 0 0 0
1387513500 0 0 0 0
1387513200 0 0 0 0
1387512900 0 0 0 0
1387512600 0 0 0 0
1387512300 0 0 0 0
1387512000 0 0 0 0
1387511700 0 0 0 0
1387511400 0 0 0 0
1387511100 0 0 0 0
1387510800 0 0 0 0
1387510500 0 0 0 0
1387510200 0 0 0 0
1387509900 0 0 0 0
1387509600 0 0 0 0
1387509300 0 0 0 0
1387509000 0 0 0 0
1387508700 0 0 0 0
1387508400 0 0 0 0
1387508100 0 0 0 0
1387507800 0 0 0 0
1387507500 0 0 0 0
1387507200 0 0 0 0
1387506900 0 0 0 0
1387506600 0 0 0 0
1387506300 0 0 0 0
1387506000 0 0 0 0
1387505700 0 0 0 0
1387505400 0 0 0 0
1387505100 0 0 0 0
1387504800 0 0 0 0
1387504500 0 0 0 0
1387504200 0 0 0 0
1387503900 0 0 0 0
1387503600 0 0 0 0
1387503300 0 0 0 0
1387503000 0 0 0 0
1387502700 0 0 0 0
1387502400 0 0 0 0
1387502100 0 0 0 0
1387501800 0 0 0 0
1387501500 0 0 0 0
1387501200 0 0 0 0
1387500900 0 0 0 0
1387500600 0 0 0 0
1387500300 0 0 0 0
1387500000 0 0 0 0
1387499700 0 0 0 0
1387499400 0 0 0 0
1387499100 0 0 0 0
1387498800 0 0 0 0
1387498500 0 0 0 0
1387498200 0 0 0 0
1387497900 0 0 0 0
1387497600 0 0 0 0
1387497300 0 0 0 0
1387497000 0 0 0 0
1387496700 0 0 0 0
1387496400 0 0 0 0
1387496100 0 0 0 0
1387495800 0 0 0 0
1387495500 0 0 0 0
1387495200 0 0 0 0
1387494900 0 0 0 0
1387494600 0 0 0 0
1387494300 0 0 0 0
1387494000 0 0 0 0
1387493700 0 0 0 0
1387493400 0 0 0 0
1387493100 0 0 0 0
1387492800 0 0 0 0
1387492500 0 0 0 0
1387492200 0 0 0 0
1387491900 0 0 0 0
1387491600 0 0 0 0
1387491300 0 0 0 0
1387491000 0 0 0 0
1387490700 0 0 0 0
1387490400 0 0 0 0
1387490100 0 0 0 0
1387489800 0 0 0 0
1387489500 0 0 0 0
1387489200 0 0 0 0
1387488900 0 0 0 0
1387488600 0 0 0 0
1387488300 0 0 0 0
1387488000 0 0 0 0
1387487700 0 0 0 0
1387487400 0 0 0 0
1387487100 0 0 0 0
1387486800 0 0 0 0
1387486500 0 0 0 0
1387486200 0 0 0 0
1387485900 0 0 0 0
1387485600 0 0 0 0
1387485300 0 0 0 0
1387485000 0 0 0 0
1387484700 0 0 0 0
1387484400 0 0 0 0
1387484100 0 0 0 0
1387483800 0 0 0 0
1387483500 0 0 0 0
1387483200 0 0 0 0
1387482900 0 0 0 0
1387482600 0 0 0 0
1387482300 0 0 0 0
1387482000 0 0 0 0
1387481700 0 0 0 0
1387481400 0 0 0 0
1387481100 0 0 0 0
1387480800 0 0 0 0
1387480500 0 0 0 0
1387480200 0 0 0 0
1387479900 0 0 0 0
1387479600 0 0 0 0
1387479300 0 0 0 0
1387479000 0 0 0 0
1387478700 0 0 0 0
1387478400 0 0 0 0
1387478100 0 0 0 0
1387477800 0 0 0 0
1387477500 0 0 0 0
1387477200 0 0 0 0
1387476900 0 0 0 0
1387476600 0 0 0 0
1387476300 0 0 0 0
1387476000 0 0 0 0
1387475700 0 0 0 0
1387475400 0 0 0 0
1387475100 0 0 0 0
1387474800 0 0 0 0
1387474500 0 0 0 0
1387474200 0 0 0 0
1387473900 0 0 0 0
1387473600 0 0 0 0
1387473300 0 0 0 0
1387473000 0 0 0 0
1387472700 0 0 0 0
1387472400 0 0 0 0
1387472100 0 0 0 0
1387471800 0 0 0 0
1387471500 0 0 0 0
1387471200 0 0 0 0
1387470900 0 0 0 0
1387470600 0 0 0 0
1387470300 0 0 0 0
1387470000 0 0 0 0
1387469700 0 0 0 0
1387469400 0 0 0 0
1387469100 0 0 0 0
1387468800 0 0 0 0
1387468500 0 0 0 0
1387468200 0 0 0 0
1387467900 0 0 0 0
1387467600 0 0 0 0
1387467300 0 0 0 0
1387467000 0 0 0 0
1387466700 0 0 0 0
1387466400 0 0 0 0
1387466100 0 0 0 0
1387465800 0 0 0 0
1387465500 0 0 0 0
1387465200 0 0 0 0
1387464900 0 0 0 0
1387464600 0 0 0 0
1387464300 0 0 0 0
1387464000 0 0 0 0
1387463700 0 0 0 0
1387463400 0 0 0 0
1387463100 0 0 0 0
1387462800 0 0 0 0
1387462500 0 0 0 0
1387462200 0 0 0 0
1387461900 0 0 0 0
1387461600 0 0 0 0
1387461300 0 0 0 0
1387461000 0 0 0 0
1387460700 0 0 0 0
1387460400 0 0 0 0
1387460100 0 0 0 0
1387459800 0 0 0 0
1387459500 0 0 0 0
1387459200 0 0 0 0
1387458900 0 0 0 0
1387458600 0 0 0 0
1387458300 0 0 0 0
1387458000 0 0 0 0
1387457700 0 0 0 0
1387457400 0 0 0 0
1387457100 0 0 0 0
1387456800 0 0 0 0
1387456500 0 0 0 0
1387456200 0 0 0 0
1387455900 0 0 0 0
1387455600 0 0 0 0
1387455300 0 0 0 0
1387455000 0 0 0 0
1387454700 0 0 0 0
1387454400 0 0 0 0
1387454100 0 0 0 0
1387453800 0 0 0 0
1387453500 0 0 0 0
1387453200 0 0 0 0
1387452900 0 0 0 0
1387452600 0 0 0 0
1387452300 0 0 0 0
1387452000 0 0 0 0
1387451700 0 0 0 0
1387451400 0 0 0 0
1387451100 0 0 0 0
1387450800 0 0 0 0
1387450500 0 0 0 0
1387450200 0 0 0 0
1387449900 0 0 0 0
1387449600 0 0 0 0
1387449300 0 0 0 0
1387449000 0 0 0 0
1387448700 0 0 0 0
1387448400 0 0 0 0
1387448100 0 0 0 0
1387447800 0 0 0 0
1387447500 0 0 0 0
1387447200 0 0 0 0
1387446900 0 0 0 0
1387446600 0 0 0 0
1387446300 0 0 0 0
1387446000 0 0 0 0
1387445700 0 0 0 0
1387445400 0 0 0 0
1387445100 0 0 0 0
1387444800 0 0 0 0
1387444500 0 0 0 0
1387444200 0 0 0 0
1387443900 0 0 0 0
1387443600 0 0 0 0
1387443300 0 0 0 0
1387443000 0 0 0 0
1387442700 0 0 0 0
1387442400 0 0 0 0
1387442100 0 0 0 0
1387441800 0 0 0 0
1387441500 0 0 0 0
1387441200 0 0 0 0
1387440900 0 0 0 0
1387440600 0 0 0 0
1387440300 0 0 0 0
1387440000 0 0 0 0
1387439700 0 0 0 0
1387439400 0 0 0 0
1387439100 0 0 0 0
1387438800 0 0 0 0
1387438500 0 0 0 0
1387438200 0 0 0 0
1387437900 0 0 0 0
1387437600 0 0 0 0
1387437300 0 0 0 0
1387437000 0 0 0 0
1387436700 0 0 0 0
1387436400 0 0 0 0
1387436100 0 0 0 0
1387435800 0 0 0 0
1387435500 0 0 0 0
1387435200 0 0 0 0
1387434900 0 0 0 0
1387434600 0 0 0 0
1387434300 0 0 0 0
1387434000 0 0 0 0
1387433700 0 0 0 0
1387433400 0 0 0 0
1387433100 0 0 0 0
1387432800 0 0 0 0
1387432500 0 0 0 0
1387432200 0 0 0 0
1387431900 0 0 0 0
1387431600 0 0 0 0
1387431300 0 0 0 0
1387431000 0 0 0 0
1387430700 0 0 0 0
1387430400 0 0 0 0
1387430100 0 0 0 0
1387429800 0 0 0 0
1387429500 0 0 0 0
1387429200 0 0 0 0
1387428900 0 0 0 0
1387428600 0 0 0 0
1387428300 0 0 0 0
1387428000 0 0 0 0
1387427700 0 0 0 0
1387427400 0 0 0 0
1387427100 0 0 0 0
1387426800 0 0 0 0
1387426500 0 0 0 0
1387426200 0 0 0 0
1387425900 0 0 0 0
1387425600 0 0 0 0
1387425300 0 0 0 0
1387425000 0 0 0 0
1387424700 0 0 0 0
1387424400 0 0 0 0
1387424100 0 0 0 0
1387423800 0 0 0 0
1387423500 0 0 0 0
1387423200 0 0 0 0
1387422900 0 0 0 0
1387422600 0 0 0 0
1387422300 0 0 0 0
1387422000 0 0 0 0
1387421700 0 0 0 0
1387421400 0 0 0 0
1387421100 0 0 0 0
1387420800 0 0 0 0
1387420500 0 0 0 0
1387420200 0 0 0 0
1387419900 0 0 0 0
1387419600 0 0 0 0
1387419300 0 0 0 0
1387419000 0 0 0 0
1387418700 0 0 0 0
1387418400 0 0 0 0
1387418100 0 0 0 0
1387417800 0 0 0 0
1387417500 0 0 0 0
1387417200 0 0 0 0
1387416900 0 0 0 0
1387416600 0 0 0 0
1387416300 0 0 0 0
1387416000 0 0 0 0
1387415700 0 0 0 0
1387415400 0 0 0 0
1387415100 0 0 0 0
1387414800 0 0 0 0
1387414500 0 0 0 0
1387414200 0 0 0 0
1387413900 0 0 0 0
1387413600 0 0 0 0
1387413300 0 0 0 0
1387413000 0 0 0 0
1387412700 0 0 0 0
1387412400 0 0 0 0
1387412100 0 0 0 0
1387411800 0 0 0 0
1387411500 0 0 0 0
1387411200 0 0 0 0
1387410900 0 0 0 0
1387410600 0 0 0 0
1387410300 0 0 0 0
1387410000 0 0 0 0
1387409700 0 0 0 0
1387409400 0 0 0 0
1387409100 0 0 0 0
1387408800 0 0 0 0
1387408500 0 0 0 0
1387408200 0 0 0 0
1387407900 0 0 0 0
1387407600 0 0 0 0
1387407300 0 0 0 0
1387407000 0 0 0 0
1387406700 0 0 0 0
1387406400 0 0 0 0
1387406100 0 0 0 0
1387405800 0 0 0 0
1387405500 0 0 0 0
1387405200 0 0 0 0
1387404900 0 0 0 0
1387404600 0 0 0 0
1387404300 0 0 0 0
1387404000 0 0 0 0
1387403700 0 0 0 0
1387403400 0 0 0 0
1387403100 0 0 0 0
1387402800 0 0 0 0
1387402500 0 0 0 0
1387402200 0 0 0 0
1387401900 0 0 0 0
1387401600 0 0 0 0
1387401300 0 0 0 0
1387401000 0 0 0 0
1387400700 0 0 0 0
1387400400 0 0 0 0
1387400100 0 0 0 0
1387399800 0 0 0 0
1387399500 0 0 0 0
1387399200 0 0 0 0
1387398900 0 0 0 0
1387398600 0 0 0 0
1387398300 0 0 0 0
1387398000 0 0 0 0
1387397700 0 0 0 0
1387397400 0 0 0 0
1387397100 0 0 0 0
1387396800 0 0 0 0
1387396500 0 0 0 0
1387396200 0 0 0 0
1387395900 0 0 0 0
1387395600 0 0 0 0
1387395300 0 0 0 0
1387395000 0 0 0 0
1387394700 0 0 0 0
1387394400 0 0 0 0
1387394100 0 0 0 0
1387393800 0 0 0 0
1387393500 0 0 0 0
1387393200 0 0 0 0
1387392900 0 0 0 0
1387392600 0 0 0 0
1387392300 0 0 0 0
1387392000 0 0 0 0
1387391700 0 0 0 0
1387391400 0 0 0 0
1387391100 0 0 0 0
1387390800 0 0 0 0
1387390500 0 0 0 0
1387390200 0 0 0 0
1387389900 0 0 0 0
1387389600 0 0 0 0
1387389300 0 0 0 0
1387389000 0 0 0 0
1387388700 0 0 0 0
1387388400 0 0 0 0
1387388100 0 0 0 0
1387387800 0 0 0 0
1387387500 0 0 0 0
1387387200 0 0 0 0
1387386900 0 0 0 0
1387386600 0 0 0 0
1387386300 0 0 0 0
1387386000 0 0 0 0
1387385700 0 0 0 0
1387385400 0 0 0 0
1387385100 0 0 0 0
1387384800 0 0 0 0
1387384500 0 0 0 0
1387384200 0 0 0 0
1387383900 0 0 0 0
1387383600 0 0 0 0
1387383300 0 0 0 0
1387383000 0 0 0 0
1387382700 0 0 0 0
1387382400 0 0 0 0
1387380600 0 0 0 0
1387378800 0 0 0 0
1387377000 0 0 0 0
1387375200 0 0 0 0
1387373400 0 0 0 0
1387371600 0 0 0 0
1387369800 0 0 0 0
1387368000 0 0 0 0
1387366200 0 0 0 0
1387364400 0 0 0 0
1387362600 0 0 0 0
1387360800 0 0 0 0
1387359000 0 0 0 0
1387357200 0 0 0 0
1387355400 0 0 0 0
1387353600 0 0 0 0
1387351800 0 0 0 0
1387350000 0 0 0 0
1387348200 0 0 0 0
1387346400 0 0 0 0
1387344600 0 0 0 0
1387342800 0 0 0 0
1387341000 0 0 0 0
1387339200 0 0 0 0
1387337400 0 0 0 0
1387335600 0 0 0 0
1387333800 0 0 0 0
1387332000 0 0 0 0
1387330200 0 0 0 0
1387328400 0 0 0 0
1387326600 0 0 0 0
1387324800 0 0 0 0
1387323000 0 0 0 0
1387321200 0 0 0 0
1387319400 0 0 0 0
1387317600 0 0 0 0
1387315800 0 0 0 0
1387314000 0 0 0 0
1387312200 0 0 0 0
1387310400 0 0 0 0
1387308600 0 0 0 0
1387306800 0 0 0 0
1387305000 0 0 0 0
1387303200 0 0 0 0
1387301400 0 0 0 0
1387299600 0 0 0 0
1387297800 0 0 0 0
1387296000 0 0 0 0
1387294200 0 0 0 0
1387292400 0 0 0 0
1387290600 0 0 0 0
1387288800 0 0 0 0
1387287000 0 0 0 0
1387285200 0 0 0 0
1387283400 0 0 0 0
1387281600 0 0 0 0
1387279800 0 0 0 0
1387278000 0 0 0 0
1387276200 0 0 0 0
1387274400 0 0 0 0
1387272600 0 0 0 0
1387270800 0 0 0 0
1387269000 0 0 0 0
1387267200 0 0 0 0
1387265400 0 0 0 0
1387263600 0 0 0 0
1387261800 0 0 0 0
1387260000 0 0 0 0
1387258200 0 0 0 0
1387256400 0 0 0 0
1387254600 0 0 0 0
1387252800 0 0 0 0
1387251000 0 0 0 0
1387249200 0 0 0 0
1387247400 0 0 0 0
1387245600 0 0 0 0
1387243800 0 0 0 0
1387242000 0 0 0 0
1387240200 0 0 0 0
1387238400 0 0 0 0
1387236600 0 0 0 0
1387234800 0 0 0 0
1387233000 0 0 0 0
1387231200 0 0 0 0
1387229400 0 0 0 0
1387227600 0 0 0 0
1387225800 0 0 0 0
1387224000 0 0 0 0
1387222200 0 0 0 0
1387220400 0 0 0 0
1387218600 0 0 0 0
1387216800 0 0 0 0
1387215000 0 0 0 0
1387213200 0 0 0 0
1387211400 0 0 0 0
1387209600 0 0 0 0
1387207800 0 0 0 0
1387206000 0 0 0 0
1387204200 0 0 0 0
1387202400 0 0 0 0
1387200600 0 0 0 0
1387198800 0 0 0 0
1387197000 0 0 0 0
1387195200 0 0 0 0
1387193400 0 0 0 0
1387191600 0 0 0 0
1387189800 0 0 0 0
1387188000 0 0 0 0
1387186200 0 0 0 0
1387184400 0 0 0 0
1387182600 0 0 0 0
1387180800 0 0 0 0
1387179000 0 0 0 0
1387177200 0 0 0 0
1387175400 0 0 0 0
1387173600 0 0 0 0
1387171800 0 0 0 0
1387170000 0 0 0 0
1387168200 0 0 0 0
1387166400 0 0 0 0
1387164600 0 0 0 0
1387162800 0 0 0 0
1387161000 0 0 0 0
1387159200 0 0 0 0
1387157400 0 0 0 0
1387155600 0 0 0 0
1387153800 0 0 0 0
1387152000 0 0 0 0
1387150200 0 0 0 0
1387148400 0 0 0 0
1387146600 0 0 0 0
1387144800 0 0 0 0
1387143000 0 0 0 0
1387141200 0 0 0 0
1387139400 0 0 0 0
1387137600 0 0 0 0
1387135800 0 0 0 0
1387134000 0 0 0 0
1387132200 0 0 0 0
1387130400 0 0 0 0
1387128600 0 0 0 0
1387126800 0 0 0 0
1387125000 0 0 0 0
1387123200 0 0 0 0
1387121400 0 0 0 0
1387119600 0 0 0 0
1387117800 0 0 0 0
1387116000 0 0 0 0
1387114200 0 0 0 0
1387112400 0 0 0 0
1387110600 0 0 0 0
1387108800 0 0 0 0
1387107000 0 0 0 0
1387105200 0 0 0 0
1387103400 0 0 0 0
1387101600 0 0 0 0
1387099800 0 0 0 0
1387098000 0 0 0 0
1387096200 0 0 0 0
1387094400 0 0 0 0
1387092600 0 0 0 0
1387090800 0 0 0 0
1387089000 0 0 0 0
1387087200 0 0 0 0
1387085400 0 0 0 0
1387083600 0 0 0 0
1387081800 0 0 0 0
1387080000 0 0 0 0
1387078200 0 0 0 0
1387076400 0 0 0 0
1387074600 0 0 0 0
1387072800 0 0 0 0
1387071000 0 0 0 0
1387069200 0 0 0 0
1387067400 0 0 0 0
1387065600 0 0 0 0
1387063800 0 0 0 0
1387062000 0 0 0 0
1387060200 0 0 0 0
1387058400 0 0 0 0
1387056600 0 0 0 0
1387054800 0 0 0 0
1387053000 0 0 0 0
1387051200 0 0 0 0
1387049400 0 0 0 0
1387047600 0 0 0 0
1387045800 0 0 0 0
1387044000 0 0 0 0
1387042200 0 0 0 0
1387040400 0 0 0 0
1387038600 0 0 0 0
1387036800 0 0 0 0
1387035000 0 0 0 0
1387033200 0 0 0 0
1387031400 0 0 0 0
1387029600 0 0 0 0
1387027800 0 0 0 0
1387026000 0 0 0 0
1387024200 0 0 0 0
1387022400 0 0 0 0
1387020600 0 0 0 0
1387018800 0 0 0 0
1387017000 0 0 0 0
1387015200 0 0 0 0
1387013400 0 0 0 0
1387011600 0 0 0 0
1387009800 0 0 0 0
1387008000 0 0 0 0
1387006200 0 0 0 0
1387004400 0 0 0 0
1387002600 0 0 0 0
1387000800 0 0 0 0
1386999000 0 0 0 0
1386997200 0 0 0 0
1386995400 0 0 0 0
1386993600 0 0 0 0
1386991800 0 0 0 0
1386990000 0 0 0 0
1386988200 0 0 0 0
1386986400 0 0 0 0
1386984600 0 0 0 0
1386982800 0 0 0 0
1386981000 0 0 0 0
1386979200 0 0 0 0
1386977400 0 0 0 0
1386975600 0 0 0 0
1386973800 0 0 0 0
1386972000 0 0 0 0
1386970200 0 0 0 0
1386968400 0 0 0 0
1386966600 0 0 0 0
1386964800 0 0 0 0
1386963000 0 0 0 0
1386961200 0 0 0 0
1386959400 0 0 0 0
1386957600 0 0 0 0
1386955800 0 0 0 0
1386954000 0 0 0 0
1386952200 0 0 0 0
1386950400 0 0 0 0
1386948600 0 0 0 0
1386946800 0 0 0 0
1386945000 0 0 0 0
1386943200 0 0 0 0
1386941400 0 0 0 0
1386939600 0 0 0 0
1386937800 0 0 0 0
1386936000 0 0 0 0
1386934200 0 0 0 0
1386932400 0 0 0 0
1386930600 0 0 0 0
1386928800 0 0 0 0
1386927000 0 0 0 0
1386925200 0 0 0 0
1386923400 0 0 0 0
1386921600 0 0 0 0
1386919800 0 0 0 0
1386918000 0 0 0 0
1386916200 0 0 0 0
1386914400 0 0 0 0
1386912600 0 0 0 0
1386910800 0 0 0 0
1386909000 0 0 0 0
1386907200 0 0 0 0
1386905400 0 0 0 0
1386903600 0 0 0 0
1386901800 0 0 0 0
1386900000 0 0 0 0
1386898200 0 0 0 0
1386896400 0 0 0 0
1386894600 0 0 0 0
1386892800 0 0 0 0
1386891000 0 0 0 0
1386889200 0 0 0 0
1386887400 0 0 0 0
1386885600 0 0 0 0
1386883800 0 0 0 0
1386882000 0 0 0 0
1386880200 0 0 0 0
1386878400 0 0 0 0
1386876600 0 0 0 0
1386874800 0 0 0 0
1386873000 0 0 0 0
1386871200 0 0 0 0
1386869400 0 0 0 0
1386867600 0 0 0 0
1386865800 0 0 0 0
1386864000 0 0 0 0
1386862200 0 0 0 0
1386860400 0 0 0 0
1386858600 0 0 0 0
1386856800 0 0 0 0
1386855000 0 0 0 0
1386853200 0 0 0 0
1386851400 0 0 0 0
1386849600 0 0 0 0
1386847800 0 0 0 0
1386846000 0 0 0 0
1386844200 0 0 0 0
1386842400 0 0 0 0
1386840600 0 0 0 0
1386838800 0 0 0 0
1386837000 0 0 0 0
1386835200 0 0 0 0
1386833400 0 0 0 0
1386831600 0 0 0 0
1386829800 0 0 0 0
1386828000 0 0 0 0
1386826200 0 0 0 0
1386824400 0 0 0 0
1386822600 0 0 0 0
1386820800 0 0 0 0
1386819000 0 0 0 0
1386817200 0 0 0 0
1386815400 0 0 0 0
1386813600 0 0 0 0
1386811800 0 0 0 0
1386810000 0 0 0 0
1386808200 0 0 0 0
1386806400 0 0 0 0
1386804600 0 0 0 0
1386802800 0 0 0 0
1386801000 0 0 0 0
1386799200 0 0 0 0
1386797400 0 0 0 0
1386795600 0 0 0 0
1386793800 0 0 0 0
1386792000 0 0 0 0
1386790200 0 0 0 0
1386788400 0 0 0 0
1386786600 0 0 0 0
1386784800 0 0 0 0
1386783000 0 0 0 0
1386781200 0 0 0 0
1386779400 0 0 0 0
1386777600 0 0 0 0
1386775800 0 0 0 0
1386774000 0 0 0 0
1386772200 0 0 0 0
1386770400 0 0 0 0
1386768600 0 0 0 0
1386766800 0 0 0 0
1386765000 0 0 0 0
1386763200 0 0 0 0
1386761400 0 0 0 0
1386759600 0 0 0 0
1386757800 0 0 0 0
1386756000 0 0 0 0
1386754200 0 0 0 0
1386752400 0 0 0 0
1386750600 0 0 0 0
1386748800 0 0 0 0
1386747000 0 0 0 0
1386745200 0 0 0 0
1386743400 0 0 0 0
1386741600 0 0 0 0
1386739800 0 0 0 0
1386738000 0 0 0 0
1386736200 0 0 0 0
1386734400 0 0 0 0
1386732600 0 0 0 0
1386730800 0 0 0 0
1386729000 0 0 0 0
1386727200 0 0 0 0
1386725400 0 0 0 0
1386723600 0 0 0 0
1386721800 0 0 0 0
1386720000 0 0 0 0
1386718200 0 0 0 0
1386716400 0 0 0 0
1386714600 0 0 0 0
1386712800 0 0 0 0
1386711000 0 0 0 0
1386709200 0 0 0 0
1386707400 0 0 0 0
1386705600 0 0 0 0
1386703800 0 0 0 0
1386702000 0 0 0 0
1386700200 0 0 0 0
1386698400 0 0 0 0
1386696600 0 0 0 0
1386694800 0 0 0 0
1386693000 0 0 0 0
1386691200 0 0 0 0
1386689400 0 0 0 0
1386687600 0 0 0 0
1386685800 0 0 0 0
1386684000 0 0 0 0
1386682200 0 0 0 0
1386680400 0 0 0 0
1386678600 0 0 0 0
1386676800 0 0 0 0
1386675000 0 0 0 0
1386673200 0 0 0 0
1386671400 0 0 0 0
1386669600 0 0 0 0
1386667800 0 0 0 0
1386666000 0 0 0 0
1386664200 0 0 0 0
1386662400 0 0 0 0
1386660600 0 0 0 0
1386658800 0 0 0 0
1386657000 0 0 0 0
1386655200 0 0 0 0
1386653400 0 0 0 0
1386651600 0 0 0 0
1386649800 0 0 0 0
1386648000 0 0 0 0
1386646200 0 0 0 0
1386644400 0 0 0 0
1386642600 0 0 0 0
1386640800 0 0 0 0
1386639000 0 0 0 0
1386637200 0 0 0 0
1386635400 0 0 0 0
1386633600 0 0 0 0
1386631800 0 0 0 0
1386630000 0 0 0 0
1386628200 0 0 0 0
1386626400 0 0 0 0
1386624600 0 0 0 0
1386622800 0 0 0 0
1386621000 0 0 0 0
1386619200 0 0 0 0
1386617400 0 0 0 0
1386615600 0 0 0 0
1386613800 0 0 0 0
1386612000 0 0 0 0
1386610200 0 0 0 0
1386608400 0 0 0 0
1386606600 0 0 0 0
1386604800 0 0 0 0
1386603000 0 0 0 0
1386601200 0 0 0 0
1386599400 0 0 0 0
1386597600 0 0 0 0
1386595800 0 0 0 0
1386594000 0 0 0 0
1386592200 0 0 0 0
1386590400 0 0 0 0
1386588600 0 0 0 0
1386586800 0 0 0 0
1386585000 0 0 0 0
1386583200 0 0 0 0
1386581400 0 0 0 0
1386579600 0 0 0 0
1386577800 0 0 0 0
1386576000 0 0 0 0
1386574200 0 0 0 0
1386572400 0 0 0 0
1386570600 0 0 0 0
1386568800 0 0 0 0
1386567000 0 0 0 0
1386565200 0 0 0 0
1386563400 0 0 0 0
1386561600 0 0 0 0
1386559800 0 0 0 0
1386558000 0 0 0 0
1386556200 0 0 0 0
1386554400 0 0 0 0
1386552600 0 0 0 0
1386550800 0 0 0 0
1386549000 0 0 0 0
1386547200 0 0 0 0
1386545400 0 0 0 0
1386543600 0 0 0 0
1386541800 0 0 0 0
1386540000 0 0 0 0
1386538200 0 0 0 0
1386536400 0 0 0 0
1386534600 0 0 0 0
1386532800 0 0 0 0
1386531000 0 0 0 0
1386529200 0 0 0 0
1386527400 0 0 0 0
1386525600 0 0 0 0
1386523800 0 0 0 0
1386522000 0 0 0 0
1386520200 0 0 0 0
1386518400 0 0 0 0
1386516600 0 0 0 0
1386514800 0 0 0 0
1386513000 0 0 0 0
1386511200 0 0 0 0
1386509400 0 0 0 0
1386507600 0 0 0 0
1386505800 0 0 0 0
1386504000 0 0 0 0
1386502200 0 0 0 0
1386500400 0 0 0 0
1386498600 0 0 0 0
1386496800 0 0 0 0
1386495000 0 0 0 0
1386493200 0 0 0 0
1386491400 0 0 0 0
1386489600 0 0 0 0
1386487800 0 0 0 0
1386486000 0 0 0 0
1386484200 0 0 0 0
1386482400 0 0 0 0
1386480600 0 0 0 0
1386478800 0 0 0 0
1386477000 0 0 0 0
1386475200 0 0 0 0
1386473400 0 0 0 0
1386471600 0 0 0 0
1386469800 0 0 0 0
1386468000 0 0 0 0
1386466200 0 0 0 0
1386464400 0 0 0 0
1386462600 0 0 0 0
1386460800 0 0 0 0
1386459000 0 0 0 0
1386457200 0 0 0 0
1386455400 0 0 0 0
1386453600 0 0 0 0
1386451800 0 0 0 0
1386450000 0 0 0 0
1386448200 0 0 0 0
1386446400 0 0 0 0
1386444600 0 0 0 0
1386442800 0 0 0 0
1386441000 0 0 0 0
1386439200 0 0 0 0
1386437400 0 0 0 0
1386435600 0 0 0 0
1386433800 0 0 0 0
1386432000 0 0 0 0
1386430200 0 0 0 0
1386428400 0 0 0 0
1386426600 0 0 0 0
1386424800 0 0 0 0
1386423000 0 0 0 0
1386421200 0 0 0 0
1386419400 0 0 0 0
1386417600 0 0 0 0
1386415800 0 0 0 0
1386414000 0 0 0 0
1386412200 0 0 0 0
1386410400 0 0 0 0
1386408600 0 0 0 0
1386406800 0 0 0 0
1386405000 0 0 0 0
1386403200 0 0 0 0
1386401400 0 0 0 0
1386399600 0 0 0 0
1386397800 0 0 0 0
1386396000 0 0 0 0
1386394200 0 0 0 0
1386392400 0 0 0 0
1386390600 0 0 0 0
1386388800 0 0 0 0
1386387000 0 0 0 0
1386385200 0 0 0 0
1386383400 0 0 0 0
1386381600 0 0 0 0
1386379800 0 0 0 0
1386378000 0 0 0 0
1386376200 0 0 0 0
1386374400 0 0 0 0
1386372600 0 0 0 0
1386370800 0 0 0 0
1386369000 0 0 0 0
1386367200 0 0 0 0
1386365400 0 0 0 0
1386363600 0 0 0 0
1386361800 0 0 0 0
1386360000 0 0 0 0
1386358200 0 0 0 0
1386356400 0 0 0 0
1386354600 0 0 0 0
1386352800 0 0 0 0
1386351000 0 0 0 0
1386349200 0 0 0 0
1386347400 0 0 0 0
1386345600 0 0 0 0
1386343800 0 0 0 0
1386342000 0 0 0 0
1386340200 0 0 0 0
1386338400 0 0 0 0
1386336600 0 0 0 0
1386334800 0 0 0 0
1386333000 0 0 0 0
1386331200 0 0 0 0
1386329400 0 0 0 0
1386327600 0 0 0 0
1386325800 0 0 0 0
1386324000 0 0 0 0
1386322200 0 0 0 0
1386320400 0 0 0 0
1386318600 0 0 0 0
1386316800 0 0 0 0
1386315000 0 0 0 0
1386313200 0 0 0 0
1386311400 0 0 0 0
1386309600 0 0 0 0
1386307800 0 0 0 0
1386306000 0 0 0 0
1386304200 0 0 0 0
1386302400 0 0 0 0
1386295200 0 0 0 0
1386288000 0 0 0 0
1386280800 0 0 0 0
1386273600 0 0 0 0
1386266400 0 0 0 0
1386259200 0 0 0 0
1386252000 0 0 0 0
1386244800 0 0 0 0
1386237600 0 0 0 0
1386230400 0 0 0 0
1386223200 0 0 0 0
1386216000 0 0 0 0
1386208800 0 0 0 0
1386201600 0 0 0 0
1386194400 0 0 0 0
1386187200 0 0 0 0
1386180000 0 0 0 0
1386172800 0 0 0 0
1386165600 0 0 0 0
1386158400 0 0 0 0
1386151200 0 0 0 0
1386144000 0 0 0 0
1386136800 0 0 0 0
1386129600 0 0 0 0
1386122400 0 0 0 0
1386115200 0 0 0 0
1386108000 0 0 0 0
1386100800 0 0 0 0
1386093600 0 0 0 0
1386086400 0 0 0 0
1386079200 0 0 0 0
1386072000 0 0 0 0
1386064800 0 0 0 0
1386057600 0 0 0 0
1386050400 0 0 0 0
1386043200 0 0 0 0
1386036000 0 0 0 0
1386028800 0 0 0 0
1386021600 0 0 0 0
1386014400 0 0 0 0
1386007200 0 0 0 0
1386000000 0 0 0 0
1385992800 0 0 0 0
1385985600 0 0 0 0
1385978400 0 0 0 0
1385971200 0 0 0 0
1385964000 0 0 0 0
1385956800 0 0 0 0
1385949600 0 0 0 0
1385942400 0 0 0 0
1385935200 0 0 0 0
1385928000 0 0 0 0
1385920800 0 0 0 0
1385913600 0 0 0 0
1385906400 0 0 0 0
1385899200 0 0 0 0
1385892000 0 0 0 0
1385884800 0 0 0 0
1385877600 0 0 0 0
1385870400 0 0 0 0
1385863200 0 0 0 0
1385856000 0 0 0 0
1385848800 0 0 0 0
1385841600 0 0 0 0
1385834400 0 0 0 0
1385827200 0 0 0 0
1385820000 0 0 0 0
1385812800 0 0 0 0
1385805600 0 0 0 0
1385798400 0 0 0 0
1385791200 0 0 0 0
1385784000 0 0 0 0
1385776800 0 0 0 0
1385769600 0 0 0 0
1385762400 0 0 0 0
1385755200 0 0 0 0
1385748000 0 0 0 0
1385740800 0 0 0 0
1385733600 0 0 0 0
1385726400 0 0 0 0
1385719200 0 0 0 0
1385712000 0 0 0 0
1385704800 0 0 0 0
1385697600 0 0 0 0
1385690400 0 0 0 0
1385683200 0 0 0 0
1385676000 0 0 0 0
1385668800 0 0 0 0
1385661600 0 0 0 0
1385654400 0 0 0 0
1385647200 0 0 0 0
1385640000 0 0 0 0
1385632800 0 0 0 0
1385625600 0 0 0 0
1385618400 0 0 0 0
1385611200 0 0 0 0
1385604000 0 0 0 0
1385596800 0 0 0 0
1385589600 0 0 0 0
1385582400 0 0 0 0
1385575200 0 0 0 0
1385568000 0 0 0 0
1385560800 0 0 0 0
1385553600 0 0 0 0
1385546400 0 0 0 0
1385539200 0 0 0 0
1385532000 0 0 0 0
1385524800 0 0 0 0
1385517600 0 0 0 0
1385510400 0 0 0 0
1385503200 0 0 0 0
1385496000 0 0 0 0
1385488800 0 0 0 0
1385481600 0 0 0 0
1385474400 0 0 0 0
1385467200 0 0 0 0
1385460000 0 0 0 0
1385452800 0 0 0 0
1385445600 0 0 0 0
1385438400 0 0 0 0
1385431200 0 0 0 0
1385424000 0 0 0 0
1385416800 0 0 0 0
1385409600 0 0 0 0
1385402400 0 0 0 0
1385395200 0 0 0 0
1385388000 0 0 0 0
1385380800 0 0 0 0
1385373600 0 0 0 0
1385366400 0 0 0 0
1385359200 0 0 0 0
1385352000 0 0 0 0
1385344800 0 0 0 0
1385337600 0 0 0 0
1385330400 0 0 0 0
1385323200 0 0 0 0
1385316000 0 0 0 0
1385308800 0 0 0 0
1385301600 0 0 0 0
1385294400 0 0 0 0
1385287200 0 0 0 0
1385280000 0 0 0 0
1385272800 0 0 0 0
1385265600 0 0 0 0
1385258400 0 0 0 0
1385251200 0 0 0 0
1385244000 0 0 0 0
1385236800 0 0 0 0
1385229600 0 0 0 0
1385222400 0 0 0 0
1385215200 0 0 0 0
1385208000 0 0 0 0
1385200800 0 0 0 0
1385193600 0 0 0 0
1385186400 0 0 0 0
1385179200 0 0 0 0
1385172000 0 0 0 0
1385164800 0 0 0 0
1385157600 0 0 0 0
1385150400 0 0 0 0
1385143200 0 0 0 0
1385136000 0 0 0 0
1385128800 0 0 0 0
1385121600 0 0 0 0
1385114400 0 0 0 0
1385107200 0 0 0 0
1385100000 0 0 0 0
1385092800 0 0 0 0
1385085600 0 0 0 0
1385078400 0 0 0 0
1385071200 0 0 0 0
1385064000 0 0 0 0
1385056800 0 0 0 0
1385049600 0 0 0 0
1385042400 0 0 0 0
1385035200 0 0 0 0
1385028000 0 0 0 0
1385020800 0 0 0 0
1385013600 0 0 0 0
1385006400 0 0 0 0
1384999200 0 0 0 0
1384992000 0 0 0 0
1384984800 0 0 0 0
1384977600 0 0 0 0
1384970400 0 0 0 0
1384963200 0 0 0 0
1384956000 0 0 0 0
1384948800 0 0 0 0
1384941600 0 0 0 0
1384934400 0 0 0 0
1384927200 0 0 0 0
1384920000 0 0 0 0
1384912800 0 0 0 0
1384905600 0 0 0 0
1384898400 0 0 0 0
1384891200 0 0 0 0
1384884000 0 0 0 0
1384876800 0 0 0 0
1384869600 0 0 0 0
1384862400 0 0 0 0
1384855200 0 0 0 0
1384848000 0 0 0 0
1384840800 0 0 0 0
1384833600 0 0 0 0
1384826400 0 0 0 0
1384819200 0 0 0 0
1384812000 0 0 0 0
1384804800 0 0 0 0
1384797600 0 0 0 0
1384790400 0 0 0 0
1384783200 0 0 0 0
1384776000 0 0 0 0
1384768800 0 0 0 0
1384761600 0 0 0 0
1384754400 0 0 0 0
1384747200 0 0 0 0
1384740000 0 0 0 0
1384732800 0 0 0 0
1384725600 0 0 0 0
1384718400 0 0 0 0
1384711200 0 0 0 0
1384704000 0 0 0 0
1384696800 0 0 0 0
1384689600 0 0 0 0
1384682400 0 0 0 0
1384675200 0 0 0 0
1384668000 0 0 0 0
1384660800 0 0 0 0
1384653600 0 0 0 0
1384646400 0 0 0 0
1384639200 0 0 0 0
1384632000 0 0 0 0
1384624800 0 0 0 0
1384617600 0 0 0 0
1384610400 0 0 0 0
1384603200 0 0 0 0
1384596000 0 0 0 0
1384588800 0 0 0 0
1384581600 0 0 0 0
1384574400 0 0 0 0
1384567200 0 0 0 0
1384560000 0 0 0 0
1384552800 0 0 0 0
1384545600 0 0 0 0
1384538400 0 0 0 0
1384531200 0 0 0 0
1384524000 0 0 0 0
1384516800 0 0 0 0
1384509600 0 0 0 0
1384502400 0 0 0 0
1384495200 0 0 0 0
1384488000 0 0 0 0
1384480800 0 0 0 0
1384473600 0 0 0 0
1384466400 0 0 0 0
1384459200 0 0 0 0
1384452000 0 0 0 0
1384444800 0 0 0 0
1384437600 0 0 0 0
1384430400 0 0 0 0
1384423200 0 0 0 0
1384416000 0 0 0 0
1384408800 0 0 0 0
1384401600 0 0 0 0
1384394400 0 0 0 0
1384387200 0 0 0 0
1384380000 0 0 0 0
1384372800 0 0 0 0
1384365600 0 0 0 0
1384358400 0 0 0 0
1384351200 0 0 0 0
1384344000 0 0 0 0
1384336800 0 0 0 0
1384329600 0 0 0 0
1384322400 0 0 0 0
1384315200 0 0 0 0
1384308000 0 0 0 0
1384300800 0 0 0 0
1384293600 0 0 0 0
1384286400 0 0 0 0
1384279200 0 0 0 0
1384272000 0 0 0 0
1384264800 0 0 0 0
1384257600 0 0 0 0
1384250400 0 0 0 0
1384243200 0 0 0 0
1384236000 0 0 0 0
1384228800 0 0 0 0
1384221600 0 0 0 0
1384214400 0 0 0 0
1384207200 0 0 0 0
1384200000 0 0 0 0
1384192800 0 0 0 0
1384185600 0 0 0 0
1384178400 0 0 0 0
1384171200 0 0 0 0
1384164000 0 0 0 0
1384156800 0 0 0 0
1384149600 0 0 0 0
1384142400 0 0 0 0
1384135200 0 0 0 0
1384128000 0 0 0 0
1384120800 0 0 0 0
1384113600 0 0 0 0
1384106400 0 0 0 0
1384099200 0 0 0 0
1384092000 0 0 0 0
1384084800 0 0 0 0
1384077600 0 0 0 0
1384070400 0 0 0 0
1384063200 0 0 0 0
1384056000 0 0 0 0
1384048800 0 0 0 0
1384041600 0 0 0 0
1384034400 0 0 0 0
1384027200 0 0 0 0
1384020000 0 0 0 0
1384012800 0 0 0 0
1384005600 0 0 0 0
1383998400 0 0 0 0
1383991200 0 0 0 0
1383984000 0 0 0 0
1383976800 0 0 0 0
1383969600 0 0 0 0
1383962400 0 0 0 0
1383955200 0 0 0 0
1383948000 0 0 0 0
1383940800 0 0 0 0
1383933600 0 0 0 0
1383926400 0 0 0 0
1383919200 0 0 0 0
1383912000 0 0 0 0
1383904800 0 0 0 0
1383897600 0 0 0 0
1383890400 0 0 0 0
1383883200 0 0 0 0
1383876000 0 0 0 0
1383868800 0 0 0 0
1383861600 0 0 0 0
1383854400 0 0 0 0
1383847200 0 0 0 0
1383840000 0 0 0 0
1383832800 0 0 0 0
1383825600 0 0 0 0
1383818400 0 0 0 0
1383811200 0 0 0 0
1383804000 0 0 0 0
1383796800 0 0 0 0
1383789600 0 0 0 0
1383782400 0 0 0 0
1383775200 0 0 0 0
1383768000 0 0 0 0
1383760800 0 0 0 0
1383753600 0 0 0 0
1383746400 0 0 0 0
1383739200 0 0 0 0
1383732000 0 0 0 0
1383724800 0 0 0 0
1383717600 0 0 0 0
1383710400 0 0 0 0
1383703200 0 0 0 0
1383696000 0 0 0 0
1383688800 0 0 0 0
1383681600 0 0 0 0
1383674400 0 0 0 0
1383667200 0 0 0 0
1383660000 0 0 0 0
1383652800 0 0 0 0
1383645600 0 0 0 0
1383638400 0 0 0 0
1383631200 0 0 0 0
1383624000 0 0 0 0
1383616800 0 0 0 0
1383609600 0 0 0 0
1383602400 0 0 0 0
1383595200 0 0 0 0
1383588000 0 0 0 0
1383580800 0 0 0 0
1383573600 0 0 0 0
1383566400 0 0 0 0
1383559200 0 0 0 0
1383552000 0 0 0 0
1383544800 0 0 0 0
1383537600 0 0 0 0
1383530400 0 0 0 0
1383523200 0 0 0 0
1383516000 0 0 0 0
1383508800 0 0 0 0
1383501600 0 0 0 0
1383494400 0 0 0 0
1383487200 0 0 0 0
1383480000 0 0 0 0
1383472800 0 0 0 0
1383465600 0 0 0 0
1383458400 0 0 0 0
1383451200 0 0 0 0
1383444000 0 0 0 0
1383436800 0 0 0 0
1383429600 0 0 0 0
1383422400 0 0 0 0
1383415200 0 0 0 0
1383408000 0 0 0 0
1383400800 0 0 0 0
1383393600 0 0 0 0
1383386400 0 0 0 0
1383379200 0 0 0 0
1383372000 0 0 0 0
1383364800 0 0 0 0
1383357600 0 0 0 0
1383350400 0 0 0 0
1383343200 0 0 0 0
1383336000 0 0 0 0
1383328800 0 0 0 0
1383321600 0 0 0 0
1383314400 0 0 0 0
1383307200 0 0 0 0
1383300000 0 0 0 0
1383292800 0 0 0 0
1383285600 0 0 0 0
1383278400 0 0 0 0
1383271200 0 0 0 0
1383264000 0 0 0 0
1383256800 0 0 0 0
1383249600 0 0 0 0
1383242400 0 0 0 0
1383235200 0 0 0 0
1383228000 0 0 0 0
1383220800 0 0 0 0
1383213600 0 0 0 0
1383206400 0 0 0 0
1383199200 0 0 0 0
1383192000 0 0 0 0
1383184800 0 0 0 0
1383177600 0 0 0 0
1383170400 0 0 0 0
1383163200 0 0 0 0
1383156000 0 0 0 0
1383148800 0 0 0 0
1383141600 0 0 0 0
1383134400 0 0 0 0
1383127200 0 0 0 0
1383120000 0 0 0 0
1383112800 0 0 0 0
1383105600 0 0 0 0
1383098400 0 0 0 0
1383091200 0 0 0 0
1383084000 0 0 0 0
1383076800 0 0 0 0
1383069600 0 0 0 0
1383062400 0 0 0 0
1383055200 0 0 0 0
1383048000 0 0 0 0
1383040800 0 0 0 0
1383033600 0 0 0 0
1383026400 0 0 0 0
1383019200 0 0 0 0
1383012000 0 0 0 0
1383004800 0 0 0 0
1382997600 0 0 0 0
1382990400 0 0 0 0
1382983200 0 0 0 0
1382976000 0 0 0 0
1382968800 0 0 0 0
1382961600 0 0 0 0
1382954400 0 0 0 0
1382947200 0 0 0 0
1382940000 0 0 0 0
1382932800 0 0 0 0
1382925600 0 0 0 0
1382918400 0 0 0 0
1382911200 0 0 0 0
1382904000 0 0 0 0
1382896800 0 0 0 0
1382889600 0 0 0 0
1382882400 0 0 0 0
1382875200 0 0 0 0
1382868000 0 0 0 0
1382860800 0 0 0 0
1382853600 0 0 0 0
1382846400 0 0 0 0
1382839200 0 0 0 0
1382832000 0 0 0 0
1382824800 0 0 0 0
1382817600 0 0 0 0
1382810400 0 0 0 0
1382803200 0 0 0 0
1382796000 0 0 0 0
1382788800 0 0 0 0
1382781600 0 0 0 0
1382774400 0 0 0 0
1382767200 0 0 0 0
1382760000 0 0 0 0
1382752800 0 0 0 0
1382745600 0 0 0 0
1382738400 0 0 0 0
1382731200 0 0 0 0
1382724000 0 0 0 0
1382716800 0 0 0 0
1382709600 0 0 0 0
1382702400 0 0 0 0
1382695200 0 0 0 0
1382688000 0 0 0 0
1382680800 0 0 0 0
1382673600 0 0 0 0
1382666400 0 0 0 0
1382659200 0 0 0 0
1382652000 0 0 0 0
1382644800 0 0 0 0
1382637600 0 0 0 0
1382630400 0 0 0 0
1382623200 0 0 0 0
1382616000 0 0 0 0
1382608800 0 0 0 0
1382601600 0 0 0 0
1382594400 0 0 0 0
1382587200 0 0 0 0
1382580000 0 0 0 0
1382572800 0 0 0 0
1382565600 0 0 0 0
1382558400 0 0 0 0
1382551200 0 0 0 0
1382544000 0 0 0 0
1382536800 0 0 0 0
1382529600 0 0 0 0
1382522400 0 0 0 0
1382515200 0 0 0 0
1382508000 0 0 0 0
1382500800 0 0 0 0
1382493600 0 0 0 0
1382486400 0 0 0 0
1382479200 0 0 0 0
1382472000 0 0 0 0
1382464800 0 0 0 0
1382457600 0 0 0 0
1382450400 0 0 0 0
1382443200 0 0 0 0
1382436000 0 0 0 0
1382428800 0 0 0 0
1382421600 0 0 0 0
1382414400 0 0 0 0
1382407200 0 0 0 0
1382400000 0 0 0 0
1382392800 0 0 0 0
1382385600 0 0 0 0
1382378400 0 0 0 0
1382371200 0 0 0 0
1382364000 0 0 0 0
1382356800 0 0 0 0
1382349600 0 0 0 0
1382342400 0 0 0 0
1382335200 0 0 0 0
1382328000 0 0 0 0
1382320800 0 0 0 0
1382313600 0 0 0 0
1382306400 0 0 0 0
1382299200 0 0 0 0
1382292000 0 0 0 0
1382284800 0 0 0 0
1382277600 0 0 0 0
1382270400 0 0 0 0
1382263200 0 0 0 0
1382256000 0 0 0 0
1382248800 0 0 0 0
1382241600 0 0 0 0
1382234400 0 0 0 0
1382227200 0 0 0 0
1382220000 0 0 0 0
1382212800 0 0 0 0
1382205600 0 0 0 0
1382198400 0 0 0 0
1382191200 0 0 0 0
1382184000 0 0 0 0
1382176800 0 0 0 0
1382169600 0 0 0 0
1382162400 0 0 0 0
1382155200 0 0 0 0
1382148000 0 0 0 0
1382140800 0 0 0 0
1382133600 0 0 0 0
1382126400 0 0 0 0
1382119200 0 0 0 0
1382112000 0 0 0 0
1382104800 0 0 0 0
1382097600 0 0 0 0
1382090400 0 0 0 0
1382083200 0 0 0 0
1382076000 0 0 0 0
1382068800 0 0 0 0
1382061600 0 0 0 0
1382054400 0 0 0 0
1382047200 0 0 0 0
1382040000 0 0 0 0
1382032800 0 0 0 0
1382025600 0 0 0 0
1382018400 0 0 0 0
1382011200 0 0 0 0
1382004000 0 0 0 0
1381996800 0 0 0 0
1381989600 0 0 0 0
1381982400 0 0 0 0
1381968000 0 0 0 0
1381881600 0 0 0 0
1381795200 0 0 0 0
1381708800 0 0 0 0
1381622400 0 0 0 0
1381536000 0 0 0 0
1381449600 0 0 0 0
1381363200 0 0 0 0
1381276800 0 0 0 0
1381190400 0 0 0 0
1381104000 0 0 0 0
1381017600 0 0 0 0
1380931200 0 0 0 0
1380844800 0 0 0 0
1380758400 0 0 0 0
1380672000 0 0 0 0
1380585600 0 0 0 0
1380499200 0 0 0 0
1380412800 0 0 0 0
1380326400 0 0 0 0
1380240000 0 0 0 0
1380153600 0 0 0 0
1380067200 0 0 0 0
1379980800 0 0 0 0
1379894400 0 0 0 0
1379808000 0 0 0 0
1379721600 0 0 0 0
1379635200 0 0 0 0
1379548800 0 0 0 0
1379462400 0 0 0 0
1379376000 0 0 0 0
1379289600 0 0 0 0
1379203200 0 0 0 0
1379116800 0 0 0 0
1379030400 0 0 0 0
1378944000 0 0 0 0
1378857600 0 0 0 0
1378771200 0 0 0 0
1378684800 0 0 0 0
1378598400 0 0 0 0
1378512000 0 0 0 0
1378425600 0 0 0 0
1378339200 0 0 0 0
1378252800 0 0 0 0
1378166400 0 0 0 0
1378080000 0 0 0 0
1377993600 0 0 0 0
1377907200 0 0 0 0
1377820800 0 0 0 0
1377734400 0 0 0 0
1377648000 0 0 0 0
1377561600 0 0 0 0
1377475200 0 0 0 0
1377388800 0 0 0 0
1377302400 0 0 0 0
1377216000 0 0 0 0
1377129600 0 0 0 0
1377043200 0 0 0 0
1376956800 0 0 0 0
1376870400 0 0 0 0
1376784000 0 0 0 0
1376697600 0 0 0 0
1376611200 0 0 0 0
1376524800 0 0 0 0
1376438400 0 0 0 0
1376352000 0 0 0 0
1376265600 0 0 0 0
1376179200 0 0 0 0
1376092800 0 0 0 0
1376006400 0 0 0 0
1375920000 0 0 0 0
1375833600 0 0 0 0
1375747200 0 0 0 0
1375660800 0 0 0 0
1375574400 0 0 0 0
1375488000 0 0 0 0
1375401600 0 0 0 0
1375315200 0 0 0 0
1375228800 0 0 0 0
1375142400 0 0 0 0
1375056000 0 0 0 0
1374969600 0 0 0 0
1374883200 0 0 0 0
1374796800 0 0 0 0
1374710400 0 0 0 0
1374624000 0 0 0 0
1374537600 0 0 0 0
1374451200 0 0 0 0
1374364800 0 0 0 0
1374278400 0 0 0 0
1374192000 0 0 0 0
1374105600 0 0 0 0
1374019200 0 0 0 0
1373932800 0 0 0 0
1373846400 0 0 0 0
1373760000 0 0 0 0
1373673600 0 0 0 0
1373587200 0 0 0 0
1373500800 0 0 0 0
1373414400 0 0 0 0
1373328000 0 0 0 0
1373241600 0 0 0 0
1373155200 0 0 0 0
1373068800 0 0 0 0
1372982400 0 0 0 0
1372896000 0 0 0 0
1372809600 0 0 0 0
1372723200 0 0 0 0
1372636800 0 0 0 0
1372550400 0 0 0 0
1372464000 0 0 0 0
1372377600 0 0 0 0
1372291200 0 0 0 0
1372204800 0 0 0 0
1372118400 0 0 0 0
1372032000 0 0 0 0
1371945600 0 0 0 0
1371859200 0 0 0 0
1371772800 0 0 0 0
1371686400 0 0 0 0
1371600000 0 0 0 0
1371513600 0 0 0 0
1371427200 0 0 0 0
1371340800 0 0 0 0
1371254400 0 0 0 0
1371168000 0 0 0 0
1371081600 0 0 0 0
1370995200 0 0 0 0
1370908800 0 0 0 0
1370822400 0 0 0 0
1370736000 0 0 0 0
1370649600 0 0 0 0
1370563200 0 0 0 0
1370476800 0 0 0 0
1370390400 0 0 0 0
1370304000 0 0 0 0
1370217600 0 0 0 0
1370131200 0 0 0 0
1370044800 0 0 0 0
1369958400 0 0 0 0
1369872000 0 0 0 0
1369785600 0 0 0 0
1369699200 0 0 0 0
1369612800 0 0 0 0
1369526400 0 0 0 0
1369440000 0 0 0 0
1369353600 0 0 0 0
1369267200 0 0 0 0
1369180800 0 0 0 0
1369094400 0 0 0 0
1369008000 0 0 0 0
1368921600 0 0 0 0
1368835200 0 0 0 0
1368748800 0 0 0 0
1368662400 0 0 0 0
1368576000 0 0 0 0
1368489600 0 0 0 0
1368403200 0 0 0 0
1368316800 0 0 0 0
1368230400 0 0 0 0
1368144000 0 0 0 0
1368057600 0 0 0 0
1367971200 0 0 0 0
1367884800 0 0 0 0
1367798400 0 0 0 0
1367712000 0 0 0 0
1367625600 0 0 0 0
1367539200 0 0 0 0
1367452800 0 0 0 0
1367366400 0 0 0 0
1367280000 0 0 0 0
1367193600 0 0 0 0
1367107200 0 0 0 0
1367020800 0 0 0 0
1366934400 0 0 0 0
1366848000 0 0 0 0
1366761600 0 0 0 0
1366675200 0 0 0 0
1366588800 0 0 0 0
1366502400 0 0 0 0
1366416000 0 0 0 0
1366329600 0 0 0 0
1366243200 0 0 0 0
1366156800 0 0 0 0
1366070400 0 0 0 0
1365984000 0 0 0 0
1365897600 0 0 0 0
1365811200 0 0 0 0
1365724800 0 0 0 0
1365638400 0 0 0 0
1365552000 0 0 0 0
1365465600 0 0 0 0
1365379200 0 0 0 0
1365292800 0 0 0 0
1365206400 0 0 0 0
1365120000 0 0 0 0
1365033600 0 0 0 0
1364947200 0 0 0 0
1364860800 0 0 0 0
1364774400 0 0 0 0
1364688000 0 0 0 0
1364601600 0 0 0 0
1364515200 0 0 0 0
1364428800 0 0 0 0
1364342400 0 0 0 0
1364256000 0 0 0 0
1364169600 0 0 0 0
1364083200 0 0 0 0
1363996800 0 0 0 0
1363910400 0 0 0 0
1363824000 0 0 0 0
1363737600 0 0 0 0
1363651200 0 0 0 0
1363564800 0 0 0 0
1363478400 0 0 0 0
1363392000 0 0 0 0
1363305600 0 0 0 0
1363219200 0 0 0 0
1363132800 0 0 0 0
1363046400 0 0 0 0
1362960000 0 0 0 0
1362873600 0 0 0 0
1362787200 0 0 0 0
1362700800 0 0 0 0
1362614400 0 0 0 0
1362528000 0 0 0 0
1362441600 0 0 0 0
1362355200 0 0 0 0
1362268800 0 0 0 0
1362182400 0 0 0 0
1362096000 0 0 0 0
1362009600 0 0 0 0
1361923200 0 0 0 0
1361836800 0 0 0 0
1361750400 0 0 0 0
1361664000 0 0 0 0
1361577600 0 0 0 0
1361491200 0 0 0 0
1361404800 0 0 0 0
1361318400 0 0 0 0
1361232000 0 0 0 0
1361145600 0 0 0 0
1361059200 0 0 0 0
1360972800 0 0 0 0
1360886400 0 0 0 0
1360800000 0 0 0 0
1360713600 0 0 0 0
1360627200 0 0 0 0
1360540800 0 0 0 0
1360454400 0 0 0 0
1360368000 0 0 0 0
1360281600 0 0 0 0
1360195200 0 0 0 0
1360108800 0 0 0 0
1360022400 0 0 0 0
1359936000 0 0 0 0
1359849600 0 0 0 0
1359763200 0 0 0 0
1359676800 0 0 0 0
1359590400 0 0 0 0
1359504000 0 0 0 0
1359417600 0 0 0 0
1359331200 0 0 0 0
1359244800 0 0 0 0
1359158400 0 0 0 0
1359072000 0 0 0 0
1358985600 0 0 0 0
1358899200 0 0 0 0
1358812800 0 0 0 0
1358726400 0 0 0 0
1358640000 0 0 0 0
1358553600 0 0 0 0
1358467200 0 0 0 0
1358380800 0 0 0 0
1358294400 0 0 0 0
1358208000 0 0 0 0
1358121600 0 0 0 0
1358035200 0 0 0 0
1357948800 0 0 0 0
1357862400 0 0 0 0
1357776000 0 0 0 0
1357689600 0 0 0 0
1357603200 0 0 0 0
1357516800 0 0 0 0
1357430400 0 0 0 0
1357344000 0 0 0 0
1357257600 0 0 0 0
1357171200 0 0 0 0
1357084800 0 0 0 0
1356998400 0 0 0 0
1356912000 0 0 0 0
1356825600 0 0 0 0
1356739200 0 0 0 0
1356652800 0 0 0 0
1356566400 0 0 0 0
1356480000 0 0 0 0
1356393600 0 0 0 0
1356307200 0 0 0 0
1356220800 0 0 0 0
1356134400 0 0 0 0
1356048000 0 0 0 0
1355961600 0 0 0 0
1355875200 0 0 0 0
1355788800 0 0 0 0
1355702400 0 0 0 0
1355616000 0 0 0 0
1355529600 0 0 0 0
1355443200 0 0 0 0
1355356800 0 0 0 0
1355270400 0 0 0 0
1355184000 0 0 0 0
1355097600 0 0 0 0
1355011200 0 0 0 0
1354924800 0 0 0 0
1354838400 0 0 0 0
1354752000 0 0 0 0
1354665600 0 0 0 0
1354579200 0 0 0 0
1354492800 0 0 0 0
1354406400 0 0 0 0
1354320000 0 0 0 0
1354233600 0 0 0 0
1354147200 0 0 0 0
1354060800 0 0 0 0
1353974400 0 0 0 0
1353888000 0 0 0 0
1353801600 0 0 0 0
1353715200 0 0 0 0
1353628800 0 0 0 0
1353542400 0 0 0 0
1353456000 0 0 0 0
1353369600 0 0 0 0
1353283200 0 0 0 0
1353196800 0 0 0 0
1353110400 0 0 0 0
1353024000 0 0 0 0
1352937600 0 0 0 0
1352851200 0 0 0 0
1352764800 0 0 0 0
1352678400 0 0 0 0
1352592000 0 0 0 0
1352505600 0 0 0 0
1352419200 0 0 0 0
1352332800 0 0 0 0
1352246400 0 0 0 0
1352160000 0 0 0 0
1352073600 0 0 0 0
1351987200 0 0 0 0
1351900800 0 0 0 0
1351814400 0 0 0 0
1351728000 0 0 0 0
1351641600 0 0 0 0
1351555200 0 0 0 0
1351468800 0 0 0 0
1351382400 0 0 0 0
1351296000 0 0 0 0
1351209600 0 0 0 0
1351123200 0 0 0 0
1351036800 0 0 0 0
1350950400 0 0 0 0
1350864000 0 0 0 0
1350777600 0 0 0 0
1350691200 0 0 0 0
1350604800 0 0 0 0
1350518400 0 0 0 0
1350432000 0 0 0 0
1350345600 0 0 0 0
1350259200 0 0 0 0
1350172800 0 0 0 0
1350086400 0 0 0 0
1350000000 0 0 0 0
1349913600 0 0 0 0
1349827200 0 0 0 0
1349740800 0 0 0 0
1349654400 0 0 0 0
1349568000 0 0 0 0
1349481600 0 0 0 0
1349395200 0 0 0 0
1349308800 0 0 0 0
1349222400 0 0 0 0
1349136000 0 0 0 0
1349049600 0 0 0 0
1348963200 0 0 0 0
1348876800 0 0 0 0
1348790400 0 0 0 0
1348704000 0 0 0 0
1348617600 0 0 0 0
1348531200 0 0 0 0
1348444800 0 0 0 0
1348358400 0 0 0 0
1348272000 0 0 0 0
1348185600 0 0 0 0
1348099200 0 0 0 0
1348012800 0 0 0 0
1347926400 0 0 0 0
1347840000 0 0 0 0
1347753600 0 0 0 0
1347667200 0 0 0 0
1347580800 0 0 0 0
1347494400 0 0 0 0
1347408000 0 0 0 0
1347321600 0 0 0 0
1347235200 0 0 0 0
1347148800 0 0 0 0
1347062400 0 0 0 0
1346976000 0 0 0 0
1346889600 0 0 0 0
1346803200 0 0 0 0
1346716800 0 0 0 0
1346630400 0 0 0 0
1346544000 0 0 0 0
1346457600 0 0 0 0
1346371200 0 0 0 0
1346284800 0 0 0 0
1346198400 0 0 0 0
1346112000 0 0 0 0
1346025600 0 0 0 0
1345939200 0 0 0 0
1345852800 0 0 0 0
1345766400 0 0 0 0
1345680000 0 0 0 0
1345593600 0 0 0 0
1345507200 0 0 0 0
1345420800 0 0 0 0
1345334400 0 0 0 0
1345248000 0 0 0 0
1345161600 0 0 0 0
1345075200 0 0 0 0
1344988800 0 0 0 0
1344902400 0 0 0 0
1344816000 0 0 0 0
1344729600 0 0 0 0
1344643200 0 0 0 0
1344556800 0 0 0 0
1344470400 0 0 0 0
1344384000 0 0 0 0
1344297600 0 0 0 0
1344211200 0 0 0 0
1344124800 0 0 0 0
1344038400 0 0 0 0
1343952000 0 0 0 0
1343865600 0 0 0 0
1343779200 0 0 0 0
1343692800 0 0 0 0
1343606400 0 0 0 0
1343520000 0 0 0 0
1343433600 0 0 0 0
1343347200 0 0 0 0
1343260800 0 0 0 0
1343174400 0 0 0 0
1343088000 0 0 0 0
1343001600 0 0 0 0
1342915200 0 0 0 0
1342828800 0 0 0 0
1342742400 0 0 0 0
1342656000 0 0 0 0
1342569600 0 0 0 0
1342483200 0 0 0 0
1342396800 0 0 0 0
1342310400 0 0 0 0
1342224000 0 0 0 0
1342137600 0 0 0 0
1342051200 0 0 0 0
1341964800 0 0 0 0
1341878400 0 0 0 0
1341792000 0 0 0 0
1341705600 0 0 0 0
1341619200 0 0 0 0
1341532800 0 0 0 0
1341446400 0 0 0 0
1341360000 0 0 0 0
1341273600 0 0 0 0
1341187200 0 0 0 0
1341100800 0 0 0 0
1341014400 0 0 0 0
1340928000 0 0 0 0
1340841600 0 0 0 0
1340755200 0 0 0 0
1340668800 0 0 0 0
1340582400 0 0 0 0
1340496000 0 0 0 0
1340409600 0 0 0 0
1340323200 0 0 0 0
1340236800 0 0 0 0
1340150400 0 0 0 0
1340064000 0 0 0 0
1339977600 0 0 0 0
1339891200 0 0 0 0
1339804800 0 0 0 0
1339718400 0 0 0 0
1339632000 0 0 0 0
1339545600 0 0 0 0
1339459200 0 0 0 0
1339372800 0 0 0 0
1339286400 0 0 0 0
1339200000 0 0 0 0
1339113600 0 0 0 0
1339027200 0 0 0 0
1338940800 0 0 0 0
1338854400 0 0 0 0
1338768000 0 0 0 0
1338681600 0 0 0 0
1338595200 0 0 0 0
1338508800 0 0 0 0
1338422400 0 0 0 0
1338336000 0 0 0 0
1338249600 0 0 0 0
1338163200 0 0 0 0
1338076800 0 0 0 0
1337990400 0 0 0 0
1337904000 0 0 0 0
1337817600 0 0 0 0
1337731200 0 0 0 0
1337644800 0 0 0 0
1337558400 0 0 0 0
1337472000 0 0 0 0
1337385600 0 0 0 0
1337299200 0 0 0 0
1337212800 0 0 0 0
1337126400 0 0 0 0
1337040000 0 0 0 0
1336953600 0 0 0 0
1336867200 0 0 0 0
1336780800 0 0 0 0
1336694400 0 0 0 0
1336608000 0 0 0 0
1336521600 0 0 0 0
1336435200 0 0 0 0
1336348800 0 0 0 0
1336262400 0 0 0 0
1336176000 0 0 0 0
1336089600 0 0 0 0
1336003200 0 0 0 0
1335916800 0 0 0 0
1335830400 0 0 0 0
1335744000 0 0 0 0
1335657600 0 0 0 0
1335571200 0 0 0 0
1335484800 0 0 0 0
1335398400 0 0 0 0
1335312000 0 0 0 0
1335225600 0 0 0 0
1335139200 0 0 0 0
1335052800 0 0 0 0
1334966400 0 0 0 0
1334880000 0 0 0 0
1334793600 0 0 0 0
1334707200 0 0 0 0
1334620800 0 0 0 0
1334534400 0 0 0 0
1334448000 0 0 0 0
1334361600 0 0 0 0
1334275200 0 0 0 0
1334188800 0 0 0 0
1334102400 0 0 0 0
1334016000 0 0 0 0
1333929600 0 0 0 0
1333843200 0 0 0 0
1333756800 0 0 0 0
1333670400 0 0 0 0
1333584000 0 0 0 0
1333497600 0 0 0 0
1333411200 0 0 0 0
1333324800 0 0 0 0
1333238400 0 0 0 0
1333152000 0 0 0 0
1333065600 0 0 0 0
1332979200 0 0 0 0
1332892800 0 0 0 0
1332806400 0 0 0 0
1332720000 0 0 0 0
1332633600 0 0 0 0
1332547200 0 0 0 0
1332460800 0 0 0 0
1332374400 0 0 0 0
1332288000 0 0 0 0
1332201600 0 0 0 0
1332115200 0 0 0 0
1332028800 0 0 0 0
1331942400 0 0 0 0
1331856000 0 0 0 0
1331769600 0 0 0 0
1331683200 0 0 0 0
1331596800 0 0 0 0
1331510400 0 0 0 0
1331424000 0 0 0 0
1331337600 0 0 0 0
1331251200 0 0 0 0
1331164800 0 0 0 0
1331078400 0 0 0 0
1330992000 0 0 0 0
1330905600 0 0 0 0
1330819200 0 0 0 0
1330732800 0 0 0 0
1330646400 0 0 0 0
1330560000 0 0 0 0
1330473600 0 0 0 0
1330387200 0 0 0 0
1330300800 0 0 0 0
1330214400 0 0 0 0
1330128000 0 0 0 0
1330041600 0 0 0 0
1329955200 0 0 0 0
1329868800 0 0 0 0
1329782400 0 0 0 0
1329696000 0 0 0 0
1329609600 0 0 0 0
1329523200 0 0 0 0
1329436800 0 0 0 0
1329350400 0 0 0 0
1329264000 0 0 0 0
1329177600 0 0 0 0
1329091200 0 0 0 0
1329004800 0 0 0 0
1328918400 0 0 0 0
1328832000 0 0 0 0
1328745600 0 0 0 0
1328659200 0 0 0 0
1328572800 0 0 0 0
1328486400 0 0 0 0
1328400000 0 0 0 0
1328313600 0 0 0 0
1328227200 0 0 0 0
1328140800 0 0 0 0
1328054400 0 0 0 0
1327968000 0 0 0 0
1327881600 0 0 0 0
1327795200 0 0 0 0
1327708800 0 0 0 0
1327622400 0 0 0 0
1327536000 0 0 0 0
1327449600 0 0 0 0
1327363200 0 0 0 0
1327276800 0 0 0 0
1327190400 0 0 0 0
1327104000 0 0 0 0
1327017600 0 0 0 0
1326931200 0 0 0 0
1326844800 0 0 0 0
1326758400 0 0 0 0
1326672000 0 0 0 0
1326585600 0 0 0 0
1326499200 0 0 0 0
1326412800 0 0 0 0
1326326400 0 0 0 0
1326240000 0 0 0 0
1326153600 0 0 0 0
1326067200 0 0 0 0
1325980800 0 0 0 0
1325894400 0 0 0 0
1325808000 0 0 0 0
1325721600 0 0 0 0
1325635200 0 0 0 0
1325548800 0 0 0 0
1325462400 0 0 0 0
1325376000 0 0 0 0
1325289600 0 0 0 0
1325203200 0 0 0 0
1325116800 0 0 0 0
1325030400 0 0 0 0
1324944000 0 0 0 0
1324857600 0 0 0 0
1324771200 0 0 0 0
1324684800 0 0 0 0
1324598400 0 0 0 0
1324512000 0 0 0 0
1324425600 0 0 0 0
1324339200 0 0 0 0
1324252800 0 0 0 0
1324166400 0 0 0 0
1324080000 0 0 0 0
1323993600 0 0 0 0
1323907200 0 0 0 0
1323820800 0 0 0 0
1323734400 0 0 0 0
1323648000 0 0 0 0
1323561600 0 0 0 0
1323475200 0 0 0 0
1323388800 0 0 0 0
1323302400 0 0 0 0
1323216000 0 0 0 0
1323129600 0 0 0 0
1323043200 0 0 0 0
1322956800 0 0 0 0
1322870400 0 0 0 0
1322784000 0 0 0 0
1322697600 0 0 0 0
1322611200 0 0 0 0
1322524800 0 0 0 0
1322438400 0 0 0 0
1322352000 0 0 0 0
1322265600 0 0 0 0
1322179200 0 0 0 0
1322092800 0 0 0 0
1322006400 0 0 0 0
1321920000 0 0 0 0
1321833600 0 0 0 0
1321747200 0 0 0 0
1321660800 0 0 0 0
1321574400 0 0 0 0
1321488000 0 0 0 0
1321401600 0 0 0 0
1321315200 0 0 0 0
1321228800 0 0 0 0
1321142400 0 0 0 0
1321056000 0 0 0 0
1320969600 0 0 0 0
1320883200 0 0 0 0
1320796800 0 0 0 0
1320710400 0 0 0 0
1320624000 0 0 0 0
1320537600 0 0 0 0
1320451200 0 0 0 0
1320364800 0 0 0 0
1320278400 0 0 0 0
1320192000 0 0 0 0
1320105600 0 0 0 0
1320019200 0 0 0 0
1319932800 0 0 0 0
1319846400 0 0 0 0
1319760000 0 0 0 0
1319673600 0 0 0 0
1319587200 0 0 0 0
1319500800 0 0 0 0
1319414400 0 0 0 0
1319328000 0 0 0 0
1319241600 0 0 0 0
1319155200 0 0 0 0
1319068800 0 0 0 0
1318982400 0 0 0 0
1318896000 0 0 0 0
1318809600 0 0 0 0
