1397587483 84378 92624
1397587483 0 0 0 0
1397587461 0 0 0 0
1397587200 0 0 0 0
1397586900 0 0 0 0
1397586600 35 28 333 126
1397586300 51 55 628 186
1397586000 7 41 36 123
1397585700 140 69 1663 350
1397585400 6 38 24 123
1397585100 118 95 309 177
1397584800 49 59 309 177
1397584500 16 45 134 154
1397584200 8 43 33 125
1397583900 126 71 1498 375
1397583600 6 35 24 123
1397583300 16 53 127 146
1397583000 5 42 35 129
1397582700 50 48 645 301
1397582400 7 43 42 152
1397582100 99 72 1137 257
1397581800 9 41 36 126
1397581500 81 107 514 510
1397581200 31 54 285 229
1397580900 20 60 159 218
1397580600 6 38 24 125
1397580300 1804 15 2352 121
1397580000 1423 21 2352 125
1397579700 41 58 393 184
1397579400 12 41 99 123
1397579100 298 97 3953 483
1397578800 13 47 105 204
1397578500 26 57 144 227
1397578200 148 68 1804 278
1397577900 36 46 421 239
1397577600 11 38 92 125
1397577300 21 56 139 143
1397577000 15 48 106 125
1397576700 25 53 152 157
1397576400 129 64 1597 193
1397576100 43 60 413 335
1397575800 13 46 109 178
1397575500 57 51 620 152
1397575200 14 44 97 125
1397574900 59 56 629 273
1397574600 158 68 2002 279
1397574300 1913 170 20153 1025
1397574000 14 47 99 125
1397573700 13 41 117 188
1397573400 13 42 117 188
1397573100 16 48 117 188
1397572800 17 114 17 114
1397572500 17 114 17 114
1397572200 34 47 316 126
1397571900 2015 152 15947 1024
1397571600 6 38 25 129
1397571300 5 36 24 141
1397571000 54 62 586 331
1397570700 139 96 1827 289
1397570400 7 41 27 143
1397570100 5 41 24 122
1397569800 5 34 24 133
1397569500 6 40 24 133
1397569200 96 51 1513 226
1397568900 55 51 835 226
1397568600 96 120 770 412
1397568300 12092 1249 29622 3865
1397568000 0 0 0 0
1397567700 0 0 0 0
1397567400 0 0 17 10
1397567100 113 15 1631 244
1397566800 10 0 198 43
1397566500 0 0 0 0
1397566200 0 0 0 0
1397565900 0 0 0 0
1397565600 0 0 24 11
1397565300 143 19 2064 307
1397565000 0 0 0 0
1397564700 0 0 0 0
1397564400 0 0 0 0
1397564100 0 0 294 89
1397563800 40 12 307 115
1397563500 3583 159 8799 384
1397563200 2356 102 22780 1016
1397562900 0 0 0 0
1397562600 0 0 0 0
1397562300 0 0 0 0
1397562000 0 0 0 0
1397561700 0 0 0 0
1397561400 0 0 0 0
1397561100 0 0 0 0
1397560800 0 0 0 0
1397560500 0 0 0 0
1397560200 0 0 0 0
1397559900 0 0 0 0
1397559600 0 0 0 0
1397559300 0 0 0 0
1397559000 0 0 0 0
1397558700 0 0 0 0
1397558400 0 0 0 0
1397558100 0 0 0 0
1397557800 0 0 0 0
1397557500 0 0 0 0
1397557200 0 0 0 0
1397556900 0 0 0 0
1397556600 0 0 0 0
1397556300 0 0 0 0
1397556000 0 0 0 0
1397555700 0 0 0 0
1397555400 0 0 0 0
1397555100 0 0 0 0
1397554800 0 0 0 0
1397554500 0 0 0 0
1397554200 0 0 0 0
1397553900 0 0 0 0
1397553600 0 0 0 0
1397553300 0 0 0 0
1397553000 0 0 0 0
1397552700 0 0 0 0
1397552400 0 0 0 0
1397552100 0 0 0 0
1397551800 0 0 0 0
1397551500 0 0 0 0
1397551200 0 0 0 0
1397550900 0 0 0 0
1397550600 0 0 0 0
1397550300 0 0 0 0
1397550000 0 0 0 0
1397549700 0 0 0 0
1397549400 0 0 0 0
1397549100 0 0 0 0
1397548800 0 0 0 0
1397548500 0 0 0 0
1397548200 0 0 0 0
1397547900 0 0 0 0
1397547600 0 0 0 0
1397547300 0 0 0 0
1397547000 0 0 0 0
1397546700 0 0 0 0
1397546400 0 0 0 0
1397546100 0 0 0 0
1397545800 0 0 0 0
1397545500 0 0 0 0
1397545200 0 0 0 0
1397544900 0 0 0 0
1397544600 0 0 0 0
1397544300 0 0 0 0
1397544000 0 0 0 0
1397543700 0 0 0 0
1397543400 0 0 0 0
1397543100 0 0 0 0
1397542800 0 0 0 0
1397542500 0 0 0 0
1397542200 0 0 0 0
1397541900 0 0 0 0
1397541600 0 0 0 0
1397541300 0 0 0 0
1397541000 0 0 0 0
1397540700 0 0 0 0
1397540400 0 0 0 0
1397540100 0 0 0 0
1397539800 0 0 0 0
1397539500 0 0 0 0
1397539200 0 0 0 0
1397538900 0 0 0 0
1397538600 0 0 0 0
1397538300 0 0 0 0
1397538000 0 0 0 0
1397537700 0 0 0 0
1397537400 0 0 0 0
1397537100 0 0 0 0
1397536800 0 0 0 0
1397536500 0 0 0 0
1397536200 0 0 0 0
1397535900 0 0 0 0
1397535600 0 0 0 0
1397535300 0 0 0 0
1397535000 0 0 0 0
1397534700 0 0 0 0
1397534400 0 0 0 0
1397534100 0 0 0 0
1397533800 0 0 0 0
1397533500 0 0 0 0
1397533200 0 0 0 0
1397532900 0 0 0 0
1397532600 0 0 0 0
1397532300 0 0 0 0
1397532000 0 0 0 0
1397531700 0 0 0 0
1397531400 0 0 0 0
1397531100 0 0 0 0
1397530800 0 0 0 0
1397530500 0 0 0 0
1397530200 0 0 0 0
1397529900 0 0 0 0
1397529600 0 0 0 0
1397529300 0 0 0 0
1397529000 0 0 0 0
1397528700 0 0 0 0
1397528400 0 0 0 0
1397528100 0 0 0 0
1397527800 0 0 0 0
1397527500 0 0 0 0
1397527200 0 0 0 0
1397526900 0 0 0 0
1397526600 0 0 0 0
1397526300 0 0 0 0
1397526000 0 0 0 0
1397525700 0 0 0 0
1397525400 0 0 0 0
1397525100 0 0 0 0
1397524800 0 0 0 0
1397524500 0 0 0 0
1397524200 0 0 0 0
1397523900 0 0 0 0
1397523600 0 0 0 0
1397523300 0 0 0 0
1397523000 0 0 0 0
1397522700 0 0 0 0
1397522400 0 0 0 0
1397522100 0 0 0 0
1397521800 0 0 0 0
1397521500 0 0 0 0
1397521200 0 0 0 0
1397520900 0 0 0 0
1397520600 0 0 0 0
1397520300 0 0 0 0
1397520000 0 0 0 0
1397519700 0 0 0 0
1397519400 0 0 0 0
1397519100 0 0 0 0
1397518800 0 0 0 0
1397518500 0 0 0 0
1397518200 0 0 0 0
1397517900 0 0 0 0
1397517600 0 0 0 0
1397517300 0 0 0 0
1397517000 0 0 0 0
1397516700 0 0 0 0
1397516400 0 0 0 0
1397516100 0 0 0 0
1397515800 0 0 0 0
1397515500 0 0 0 0
1397515200 0 0 0 0
1397514900 0 0 0 0
1397514600 0 0 0 0
1397514300 0 0 0 0
1397514000 0 0 0 0
1397513700 0 0 0 0
1397513400 0 0 0 0
1397513100 0 0 0 0
1397512800 0 0 0 0
1397512500 0 0 0 0
1397512200 0 0 0 0
1397511900 0 0 0 0
1397511600 0 0 0 0
1397511300 0 0 0 0
1397511000 0 0 0 0
1397510700 0 0 0 0
1397510400 0 0 0 0
1397510100 0 0 0 0
1397509800 0 0 0 0
1397509500 0 0 0 0
1397509200 0 0 0 0
1397508900 0 0 0 0
1397508600 0 0 0 0
1397508300 0 0 0 0
1397508000 0 0 0 0
1397507700 0 0 0 0
1397507400 0 0 0 0
1397507100 0 0 0 0
1397506800 0 0 0 0
1397506500 0 0 0 0
1397506200 0 0 0 0
1397505900 0 0 0 0
1397505600 0 0 0 0
1397505300 0 0 0 0
1397505000 0 0 0 0
1397504700 0 0 0 0
1397504400 0 0 0 0
1397504100 0 0 0 0
1397503800 0 0 0 0
1397503500 0 0 0 0
1397503200 0 0 0 0
1397502900 0 0 0 0
1397502600 0 0 0 0
1397502300 0 0 0 0
1397502000 0 0 12 6
1397501700 7 7 106 81
1397501400 33 15 288 115
1397501100 4128 259 23658 1358
1397500800 0 0 0 0
1397500500 0 0 0 0
1397500200 0 0 0 0
1397499900 0 0 12 6
1397499600 23 8 296 118
1397499300 6 3 91 64
1397499000 17 13 113 100
1397498700 161 26 2053 294
1397498400 54 23 384 184
1397498100 311 68 3203 414
1397497800 4913 783 15274 1871
1397497500 2891 364 17265 1618
1397497200 135 93 1593 423
1397496900 123 111 813 647
1397496600 2002 191 8053 560
1397496300 325 224 1722 1303
1397496000 3289 900 24049 5399
1397495700 19 47 99 199
1397495400 178 81 2067 281
1397495100 15 32 27 129
1397494800 128 91 1265 589
1397494500 93 89 750 388
1397494200 3018 554 13814 3088
1397493900 11399 1489 47896 7500
1397493600 25 16 2283 305
1397493300 157 24 2283 305
1397493000 34 16 232 194
1397492700 5 2 91 63
1397492400 12 10 127 145
1397492100 4 2 87 63
1397491800 14 10 139 151
1397491500 80 21 990 233
1397491200 33 15 400 227
1397490900 4 2 86 60
1397490600 11 11 127 145
1397490300 4 2 91 63
1397490000 14 10 134 153
1397489700 174 28 2418 363
1397489400 33 16 409 227
1397489100 5 1 91 60
1397488800 13 10 127 145
1397488500 4 2 91 63
1397488200 12 9 196 158
1397487900 96 22 1266 234
1397487600 34 16 477 239
1397487300 4 0 91 63
1397487000 47 10 606 109
1397486700 4 2 91 63
1397486400 60 9 604 104
1397486100 154 22 2118 269
1397485800 4127 195 16006 721
1397485500 485 24 14552 721
1397485200 1147 52 16108 647
1397484900 0 0 0 0
1397484600 0 0 18 10
1397484300 182 20 2625 317
1397484000 0 0 0 0
1397483700 0 0 0 0
1397483400 0 0 0 0
1397483100 0 0 0 0
1397482800 0 0 0 0
1397482500 105 11 1460 197
1397482200 0 0 0 0
1397481900 0 0 0 0
1397481600 0 0 0 0
1397481300 0 0 0 0
1397481000 0 0 12 6
1397480700 104 15 1541 254
1397480400 0 0 0 0
1397480100 0 0 0 0
1397479800 0 0 0 0
1397479500 0 0 0 0
1397479200 0 0 12 6
1397478900 135 18 1660 194
1397478600 0 0 0 0
1397478300 0 0 12 6
1397478000 18 3 285 83
1397477700 0 0 0 0
1397477400 0 0 12 6
1397477100 134 7 307 115
1397476800 2926 172 15260 927
1397476500 0 0 0 0
1397476200 0 0 7 7
1397475900 0 0 0 0
1397475600 0 0 0 0
1397475300 0 0 0 0
1397475000 0 0 0 0
1397474700 0 0 0 0
1397474400 0 0 0 0
1397474100 0 0 0 0
1397473800 0 0 0 0
1397473500 0 0 0 0
1397473200 0 0 0 0
1397472900 0 0 0 0
1397472600 0 0 0 0
1397472300 0 0 0 0
1397472000 0 0 0 0
1397471700 0 0 0 0
1397471400 0 0 0 0
1397471100 0 0 0 0
1397470800 0 0 0 0
1397470500 0 0 0 0
1397470200 0 0 0 0
1397469900 0 0 0 0
1397469600 0 0 0 0
1397469300 0 0 0 0
1397469000 0 0 0 0
1397468700 0 0 0 0
1397468400 0 0 0 0
1397468100 0 0 0 0
1397467800 0 0 0 0
1397467500 0 0 0 0
1397467200 0 0 0 0
1397466900 0 0 0 0
1397466600 0 0 0 0
1397466300 0 0 0 0
1397466000 0 0 0 0
1397465700 0 0 0 0
1397465400 0 0 0 0
1397465100 0 0 0 0
1397464800 0 0 0 0
1397464500 0 0 0 0
1397464200 0 0 0 0
1397463900 0 0 0 0
1397463600 0 0 0 0
1397463300 0 0 0 0
1397463000 0 0 0 0
1397462700 0 0 0 0
1397462400 0 0 0 0
1397462100 0 0 0 0
1397461800 0 0 0 0
1397461500 0 0 0 0
1397461200 0 0 0 0
1397460900 0 0 0 0
1397460600 0 0 0 0
1397460300 0 0 0 0
1397460000 0 0 0 0
1397459700 0 0 0 0
1397459400 0 0 0 0
1397459100 0 0 0 0
1397458800 0 0 0 0
1397458500 0 0 0 0
1397458200 0 0 0 0
1397457900 0 0 0 0
1397457600 0 0 0 0
1397457300 0 0 0 0
1397457000 0 0 0 0
1397456700 0 0 0 0
1397456400 0 0 0 0
1397456100 0 0 0 0
1397455800 0 0 0 0
1397455500 0 0 0 0
1397455200 0 0 0 0
1397454900 0 0 0 0
1397454600 0 0 0 0
1397454300 0 0 0 0
1397454000 0 0 0 0
1397453700 0 0 0 0
1397453400 0 0 0 0
1397453100 0 0 0 0
1397452800 0 0 0 0
1397452500 0 0 0 0
1397452200 0 0 0 0
1397451900 0 0 0 0
1397451600 0 0 0 0
1397451300 0 0 0 0
1397451000 0 0 0 0
1397450700 0 0 0 0
1397450400 0 0 0 0
1397450100 0 0 0 0
1397449800 0 0 0 0
1397449500 0 0 0 0
1397449200 0 0 0 0
1397448900 0 0 0 0
1397448600 0 0 0 0
1397448300 0 0 0 0
1397448000 0 0 0 0
1397447700 0 0 0 0
1397447400 0 0 0 0
1397447100 0 0 0 0
1397446800 0 0 0 0
1397446500 0 0 0 0
1397446200 0 0 0 0
1397445900 0 0 0 0
1397445600 0 0 0 0
1397445300 0 0 0 0
1397445000 0 0 0 0
1397444700 0 0 0 0
1397444400 0 0 0 0
1397444100 0 0 0 0
1397443800 0 0 0 0
1397443500 0 0 0 0
1397443200 0 0 0 0
1397442900 0 0 0 0
1397442600 0 0 0 0
1397442300 0 0 0 0
1397442000 0 0 0 0
1397441700 0 0 0 0
1397441400 0 0 0 0
1397441100 0 0 0 0
1397440800 0 0 0 0
1397440500 0 0 0 0
1397440200 0 0 0 0
1397439900 0 0 0 0
1397439600 0 0 0 0
1397439300 0 0 0 0
1397439000 0 0 0 0
1397438700 0 0 0 0
1397438400 0 0 0 0
1397438100 0 0 0 0
1397437800 0 0 0 0
1397437500 0 0 0 0
1397437200 0 0 0 0
1397436900 0 0 0 0
1397436600 0 0 0 0
1397436300 0 0 0 0
1397436000 0 0 0 0
1397435700 0 0 0 0
1397435400 0 0 0 0
1397435100 0 0 0 0
1397434800 0 0 0 0
1397434500 0 0 0 0
1397434200 0 0 0 0
1397433900 0 0 0 0
1397433600 0 0 0 0
1397433300 0 0 0 0
1397433000 0 0 0 0
1397432700 0 0 0 0
1397432400 0 0 0 0
1397432100 0 0 0 0
1397431800 0 0 0 0
1397431500 0 0 0 0
1397431200 0 0 0 0
1397430900 0 0 0 0
1397430600 0 0 0 0
1397430300 0 0 0 0
1397430000 0 0 0 0
1397429700 0 0 0 0
1397429400 0 0 0 0
1397429100 0 0 0 0
1397428800 0 0 0 0
1397428500 0 0 0 0
1397428200 0 0 0 0
1397427900 0 0 0 0
1397427600 0 0 0 0
1397427300 0 0 0 0
1397427000 0 0 0 0
1397426700 0 0 0 0
1397426400 0 0 0 0
1397426100 0 0 0 0
1397425800 0 0 0 0
1397425500 0 0 0 0
1397425200 0 0 0 0
1397424900 0 0 0 0
1397424600 0 0 0 0
1397424300 0 0 0 0
1397424000 0 0 0 0
1397423700 0 0 0 0
1397423400 0 0 0 0
1397423100 0 0 0 0
1397422800 0 0 0 0
1397422500 0 0 0 0
1397422200 0 0 0 0
1397421900 0 0 0 0
1397421600 0 0 0 0
1397421300 0 0 0 0
1397421000 0 0 0 0
1397420700 0 0 0 0
1397420400 0 0 0 0
1397420100 0 0 0 0
1397419800 0 0 0 0
1397419500 0 0 0 0
1397419200 0 0 0 0
1397418900 0 0 0 0
1397418600 0 0 0 0
1397418300 0 0 0 0
1397418000 0 0 0 0
1397417700 0 0 0 0
1397417400 0 0 0 0
1397417100 0 0 0 0
1397416800 0 0 0 0
1397416500 0 0 0 0
1397416200 0 0 0 0
1397415900 0 0 0 0
1397415600 0 0 0 0
1397415300 0 0 0 0
1397415000 0 0 0 0
1397414700 0 0 0 0
1397414400 0 0 0 0
1397414100 0 0 0 0
1397413800 0 0 0 0
1397413500 0 0 0 0
1397413200 0 0 0 0
1397412900 0 0 0 0
1397412600 0 0 0 0
1397412300 0 0 0 0
1397412000 0 0 0 0
1397411700 0 0 0 0
1397411400 0 0 0 0
1397411100 0 0 0 0
1397410800 0 0 0 0
1397410500 0 0 0 0
1397410200 0 0 0 0
1397409900 0 0 0 0
1397409600 0 0 0 0
1397409300 0 0 0 0
1397409000 0 0 0 0
1397408700 0 0 0 0
1397408400 0 0 0 0
1397408100 0 0 0 0
1397407800 0 0 0 0
1397407500 0 0 0 0
1397406600 0 0 0 0
1397404800 0 0 0 0
1397403000 0 0 0 0
1397401200 0 0 0 0
1397399400 0 0 0 0
1397397600 0 0 0 0
1397395800 0 0 0 0
1397394000 0 0 0 0
1397392200 0 0 0 0
1397390400 0 0 0 0
1397388600 0 0 0 0
1397386800 0 0 0 0
1397385000 0 0 0 0
1397383200 0 0 0 0
1397381400 0 0 0 0
1397379600 0 0 0 0
1397377800 0 0 0 0
1397376000 0 0 0 0
1397374200 0 0 0 0
1397372400 0 0 0 0
1397370600 0 0 0 0
1397368800 0 0 0 0
1397367000 0 0 0 0
1397365200 0 0 0 0
1397363400 0 0 0 0
1397361600 0 0 0 0
1397359800 0 0 0 0
1397358000 0 0 0 0
1397356200 0 0 0 0
1397354400 0 0 0 0
1397352600 0 0 0 0
1397350800 0 0 0 0
1397349000 0 0 0 0
1397347200 0 0 0 0
1397345400 0 0 0 0
1397343600 0 0 0 0
1397341800 0 0 0 0
1397340000 0 0 0 0
1397338200 0 0 0 0
1397336400 0 0 0 0
1397334600 0 0 0 0
1397332800 0 0 0 0
1397331000 0 0 0 0
1397329200 0 0 0 0
1397327400 0 0 0 0
1397325600 0 0 0 0
1397323800 0 0 0 0
1397322000 0 0 0 0
1397320200 0 0 0 0
1397318400 0 0 0 0
1397316600 0 0 0 0
1397314800 0 0 0 0
1397313000 0 0 0 0
1397311200 0 0 0 0
1397309400 0 0 0 0
1397307600 0 0 0 0
1397305800 0 0 0 0
1397304000 0 0 0 0
1397302200 0 0 0 0
1397300400 0 0 0 0
1397298600 0 0 0 0
1397296800 0 0 0 0
1397295000 0 0 0 0
1397293200 0 0 0 0
1397291400 0 0 0 0
1397289600 0 0 0 0
1397287800 0 0 0 0
1397286000 0 0 0 0
1397284200 0 0 0 0
1397282400 0 0 0 0
1397280600 0 0 0 0
1397278800 0 0 0 0
1397277000 0 0 0 0
1397275200 0 0 0 0
1397273400 0 0 0 0
1397271600 0 0 0 0
1397269800 0 0 0 0
1397268000 0 0 0 0
1397266200 0 0 0 0
1397264400 0 0 0 0
1397262600 0 0 0 0
1397260800 0 0 0 0
1397259000 0 0 0 0
1397257200 0 0 0 0
1397255400 0 0 0 0
1397253600 0 0 0 0
1397251800 0 0 0 0
1397250000 0 0 0 0
1397248200 0 0 0 0
1397246400 0 0 0 0
1397244600 0 0 0 0
1397242800 0 0 0 0
1397241000 0 0 19 29
1397239200 24 2 1941 271
1397237400 29 2 2305 280
1397235600 70 9 3355 369
1397233800 22 2 1997 310
1397232000 20 2 1745 286
1397230200 16 1 1558 274
1397228400 24 3 1888 287
1397226600 643 60 12661 1143
1397224800 1920 137 29204 1585
1397223000 101 8 6876 432
1397221200 19 1 1719 210
1397219400 143 10 7928 318
1397217600 808 30 28933 1074
1397215800 0 0 0 0
1397214000 0 0 0 0
1397212200 0 0 0 0
1397210400 0 0 0 0
1397208600 0 0 0 0
1397206800 0 0 0 0
1397205000 0 0 0 0
1397203200 0 0 0 0
1397201400 0 0 0 0
1397199600 0 0 0 0
1397197800 0 0 0 0
1397196000 0 0 0 0
1397194200 0 0 0 0
1397192400 0 0 0 0
1397190600 0 0 0 0
1397188800 0 0 0 0
1397187000 0 0 0 0
1397185200 0 0 0 0
1397183400 0 0 0 0
1397181600 0 0 0 0
1397179800 0 0 0 0
1397178000 0 0 0 0
1397176200 0 0 0 0
1397174400 0 0 0 0
1397172600 0 0 0 0
1397170800 0 0 0 0
1397169000 0 0 0 0
1397167200 0 0 0 0
1397165400 0 0 0 0
1397163600 0 0 0 0
1397161800 0 0 0 0
1397160000 0 0 0 0
1397158200 0 0 0 0
1397156400 0 0 0 0
1397154600 0 0 0 0
1397152800 0 0 0 0
1397151000 0 0 0 0
1397149200 0 0 0 0
1397147400 0 0 0 0
1397145600 0 0 0 0
1397143800 0 0 0 0
1397142000 0 0 0 0
1397140200 0 0 0 0
1397138400 0 0 0 0
1397136600 0 0 0 0
1397134800 0 0 0 0
1397133000 0 0 0 0
1397131200 0 0 0 0
1397129400 0 0 0 0
1397127600 0 0 0 0
1397125800 0 0 0 0
1397124000 0 0 0 0
1397122200 0 0 0 0
1397120400 0 0 0 0
1397118600 0 0 0 0
1397116800 0 0 0 0
1397115000 0 0 0 0
1397113200 0 0 0 0
1397111400 0 0 0 0
1397109600 0 0 0 0
1397107800 0 0 0 0
1397106000 0 0 0 0
1397104200 0 0 0 0
1397102400 0 0 0 0
1397100600 0 0 0 0
1397098800 0 0 0 0
1397097000 0 0 0 0
1397095200 0 0 0 0
1397093400 0 0 0 0
1397091600 0 0 0 0
1397089800 0 0 0 0
1397088000 0 0 0 0
1397086200 0 0 0 0
1397084400 0 0 0 0
1397082600 0 0 0 0
1397080800 0 0 0 0
1397079000 0 0 0 0
1397077200 0 0 0 0
1397075400 0 0 0 0
1397073600 0 0 0 0
1397071800 0 0 0 0
1397070000 3 4 170 155
1397068200 70 39 1531 328
1397066400 72 40 1165 322
1397064600 684 76 6417 566
1397062800 3257 223 4151 466
1397061000 3461 250 21300 1485
1397059200 76 43 1433 302
1397057400 67 38 1403 247
1397055600 243 78 3019 400
1397053800 620 105 25693 1020
1397052000 89 41 1927 371
1397050200 1355 100 31215 1103
1397048400 180 47 1439 238
1397046600 4255 316 50889 2093
1397044800 2421 134 30522 2249
1397043000 0 0 0 0
1397041200 0 0 0 0
1397039400 0 0 0 0
1397037600 0 0 0 0
1397035800 0 0 0 0
1397034000 0 0 0 0
1397032200 0 0 0 0
1397030400 0 0 0 0
1397028600 0 0 0 0
1397026800 0 0 0 0
1397025000 0 0 0 0
1397023200 0 0 0 0
1397021400 0 0 0 0
1397019600 0 0 0 0
1397017800 0 0 0 0
1397016000 0 0 0 0
1397014200 0 0 0 0
1397012400 0 0 0 0
1397010600 0 0 0 0
1397008800 0 0 0 0
1397007000 0 0 0 0
1397005200 0 0 0 0
1397003400 0 0 0 0
1397001600 0 0 0 0
1396999800 0 0 0 0
1396998000 0 0 0 0
1396996200 0 0 0 0
1396994400 0 0 0 0
1396992600 0 0 0 0
1396990800 0 0 0 0
1396989000 0 0 0 0
1396987200 0 0 0 0
1396985400 0 0 0 0
1396983600 4217 162 78842 2634
1396981800 9399 204 11952 432
1396980000 9829 217 12457 489
1396978200 4355 116 12865 692
1396976400 3699 246 35299 2169
1396974600 156 19 7387 615
1396972800 162 13 12297 868
1396971000 239 18 13965 477
1396969200 1387 90 50974 3195
1396967400 268 21 15999 663
1396965600 274 28 8384 448
1396963800 1098 62 29928 1370
1396962000 4441 159 77775 2209
1396960200 28 3 2341 282
1396958400 4295 125 76806 2159
1396956600 0 0 0 0
1396954800 0 0 0 0
1396953000 0 0 0 0
1396951200 0 0 0 0
1396949400 0 0 0 0
1396947600 0 0 0 0
1396945800 0 0 0 0
1396944000 0 0 0 0
1396942200 0 0 0 0
1396940400 0 0 0 0
1396938600 0 0 0 0
1396936800 0 0 0 0
1396935000 0 0 0 0
1396933200 0 0 0 0
1396931400 0 0 0 0
1396929600 0 0 0 0
1396927800 0 0 0 0
1396926000 0 0 0 0
1396924200 0 0 0 0
1396922400 0 0 0 0
1396920600 0 0 0 0
1396918800 0 0 0 0
1396917000 0 0 0 0
1396915200 0 0 0 0
1396913400 0 0 0 0
1396911600 0 0 0 0
1396909800 0 0 0 0
1396908000 0 0 0 0
1396906200 0 0 0 0
1396904400 0 0 0 0
1396902600 0 0 0 0
1396900800 0 0 0 0
1396899000 0 0 0 0
1396897200 0 0 29 15
1396895400 13 2 971 241
1396893600 59 9 2657 414
1396891800 11 1 1084 230
1396890000 23 2 1836 262
1396888200 25 2 2262 284
1396886400 20 2 1923 264
1396884600 20 2 1940 267
1396882800 26 2 1936 296
1396881000 2664 245 26054 1700
1396879200 43 4 5907 475
1396877400 183 30 4648 401
1396875600 2030 98 41042 1617
1396873800 1335 77 46883 1768
1396872000 4606 144 81013 2312
1396870200 0 0 0 0
1396868400 0 0 0 0
1396866600 0 0 0 0
1396864800 0 0 0 0
1396863000 0 0 0 0
1396861200 0 0 0 0
1396859400 0 0 0 0
1396857600 0 0 0 0
1396855800 0 0 0 0
1396854000 0 0 0 0
1396852200 0 0 0 0
1396850400 0 0 0 0
1396848600 0 0 0 0
1396846800 0 0 0 0
1396845000 0 0 0 0
1396843200 0 0 0 0
1396841400 0 0 0 0
1396839600 0 0 0 0
1396837800 0 0 0 0
1396836000 0 0 0 0
1396834200 0 0 0 0
1396832400 0 0 0 0
1396830600 0 0 0 0
1396828800 0 0 0 0
1396827000 0 0 0 0
1396825200 0 0 0 0
1396823400 0 0 0 0
1396821600 0 0 0 0
1396819800 0 0 0 0
1396818000 0 0 0 0
1396816200 0 0 0 0
1396814400 0 0 0 0
1396812600 0 0 0 0
1396810800 0 0 0 0
1396809000 0 0 0 0
1396807200 0 0 0 0
1396805400 0 0 0 0
1396803600 0 0 0 0
1396801800 0 0 0 0
1396800000 0 0 0 0
1396798200 0 0 0 0
1396796400 0 0 0 0
1396794600 0 0 0 0
1396792800 0 0 0 0
1396791000 0 0 0 0
1396789200 0 0 0 0
1396787400 0 0 0 0
1396785600 0 0 0 0
1396783800 0 0 0 0
1396782000 0 0 0 0
1396780200 0 0 0 0
1396778400 0 0 0 0
1396776600 0 0 0 0
1396774800 0 0 0 0
1396773000 0 0 0 0
1396771200 0 0 0 0
1396769400 0 0 0 0
1396767600 0 0 0 0
1396765800 0 0 0 0
1396764000 0 0 0 0
1396762200 0 0 0 0
1396760400 0 0 0 0
1396758600 0 0 0 0
1396756800 0 0 0 0
1396755000 0 0 0 0
1396753200 0 0 0 0
1396751400 0 0 0 0
1396749600 0 0 0 0
1396747800 0 0 0 0
1396746000 0 0 0 0
1396744200 0 0 0 0
1396742400 0 0 0 0
1396740600 0 0 0 0
1396738800 0 0 0 0
1396737000 0 0 0 0
1396735200 0 0 0 0
1396733400 0 0 0 0
1396731600 0 0 0 0
1396729800 0 0 0 0
1396728000 0 0 0 0
1396726200 0 0 0 0
1396724400 0 0 0 0
1396722600 0 0 0 0
1396720800 0 0 0 0
1396719000 0 0 0 0
1396717200 0 0 0 0
1396715400 0 0 0 0
1396713600 0 0 0 0
1396711800 0 0 0 0
1396710000 0 0 0 0
1396708200 0 0 0 0
1396706400 0 0 0 0
1396704600 0 0 0 0
1396702800 0 0 0 0
1396701000 0 0 0 0
1396699200 0 0 0 0
1396697400 0 0 0 0
1396695600 0 0 0 0
1396693800 0 0 0 0
1396692000 0 0 0 0
1396690200 0 0 0 0
1396688400 0 0 0 0
1396686600 0 0 0 0
1396684800 0 0 0 0
1396683000 0 0 0 0
1396681200 0 0 0 0
1396679400 0 0 0 0
1396677600 0 0 0 0
1396675800 0 0 0 0
1396674000 0 0 0 0
1396672200 0 0 0 0
1396670400 0 0 0 0
1396668600 0 0 0 0
1396666800 0 0 0 0
1396665000 0 0 0 0
1396663200 0 0 0 0
1396661400 0 0 0 0
1396659600 0 0 0 0
1396657800 0 0 0 0
1396656000 0 0 0 0
1396654200 0 0 0 0
1396652400 0 0 0 0
1396650600 0 0 0 0
1396648800 0 0 0 0
1396647000 0 0 0 0
1396645200 0 0 0 0
1396643400 0 0 0 0
1396641600 0 0 0 0
1396639800 0 0 0 0
1396638000 712 61 39070 4077
1396636200 2250 198 41970 2212
1396634400 28 8 1337 253
1396632600 1074 119 23258 1773
1396630800 1158 73 19140 1968
1396629000 3167 77 10631 355
1396627200 10268 240 23181 715
1396625400 10190 298 25531 1733
1396623600 2723 180 27915 1420
1396621800 1544 578 24661 28497
1396620000 10 2 971 251
1396618200 17 2 1589 262
1396616400 86 9 6094 464
1396614600 32 4 2215 265
1396612800 3640 109 81836 2323
1396611000 0 0 0 0
1396609200 0 0 0 0
1396607400 0 0 0 0
1396605600 0 0 0 0
1396603800 0 0 0 0
1396602000 0 0 0 0
1396600200 0 0 0 0
1396598400 0 0 0 0
1396596600 0 0 0 0
1396594800 0 0 0 0
1396593000 0 0 0 0
1396591200 0 0 0 0
1396589400 0 0 0 0
1396587600 0 0 0 0
1396585800 0 0 0 0
1396584000 0 0 0 0
1396582200 0 0 0 0
1396580400 0 0 0 0
1396578600 0 0 0 0
1396576800 0 0 0 0
1396575000 0 0 0 0
1396573200 0 0 0 0
1396571400 0 0 0 0
1396569600 0 0 0 0
1396567800 0 0 0 0
1396566000 0 0 0 0
1396564200 0 0 0 0
1396562400 0 0 0 0
1396560600 0 0 0 0
1396558800 0 0 0 0
1396557000 0 0 0 0
1396555200 0 0 0 0
1396553400 0 0 0 0
1396551600 0 0 0 0
1396549800 0 0 0 0
1396548000 0 0 0 0
1396546200 0 0 0 0
1396544400 0 0 0 0
1396542600 0 0 0 0
1396540800 0 0 0 0
1396539000 0 0 0 0
1396537200 0 0 0 0
1396535400 0 0 0 0
1396533600 0 0 0 0
1396531800 0 0 0 0
1396530000 0 0 0 0
1396528200 0 0 0 0
1396526400 0 0 0 0
1396524600 0 0 0 0
1396522800 0 0 0 0
1396521000 0 0 0 0
1396519200 0 0 0 0
1396517400 0 0 0 0
1396515600 0 0 0 0
1396513800 0 0 0 0
1396512000 0 0 0 0
1396510200 0 0 0 0
1396508400 0 0 0 0
1396506600 0 0 0 0
1396504800 0 0 0 0
1396503000 0 0 0 0
1396501200 0 0 0 0
1396499400 0 0 0 0
1396497600 0 0 0 0
1396495800 0 0 0 0
1396494000 0 0 0 0
1396492200 0 0 0 0
1396490400 0 0 0 0
1396488600 0 0 0 0
1396486800 0 0 0 0
1396485000 0 0 0 0
1396483200 0 0 0 0
1396481400 0 0 0 0
1396479600 0 0 0 0
1396477800 0 0 0 0
1396476000 0 0 0 0
1396474200 0 0 0 0
1396472400 0 0 0 0
1396470600 0 0 0 0
1396468800 0 0 0 0
1396467000 0 0 0 0
1396465200 0 0 0 0
1396463400 0 0 0 0
1396461600 0 0 0 0
1396459800 0 0 0 0
1396458000 0 0 0 0
1396456200 0 0 0 0
1396454400 0 0 0 0
1396452600 0 0 0 0
1396450800 0 0 0 0
1396449000 0 0 0 0
1396447200 0 0 0 0
1396445400 0 0 0 0
1396443600 0 0 0 0
1396441800 0 0 0 0
1396440000 0 0 0 0
1396438200 0 0 0 0
1396436400 0 0 0 0
1396434600 0 0 0 0
1396432800 0 0 0 0
1396431000 0 0 0 0
1396429200 0 0 0 0
1396427400 0 0 0 0
1396425600 0 0 0 0
1396423800 0 0 0 0
1396422000 0 0 0 0
1396420200 0 0 0 0
1396418400 0 0 0 0
1396416600 0 0 0 0
1396414800 0 0 0 0
1396413000 0 0 0 0
1396411200 0 0 0 0
1396409400 0 0 0 0
1396407600 0 0 0 0
1396405800 0 0 0 0
1396404000 0 0 0 0
1396402200 0 0 0 0
1396400400 0 0 0 0
1396398600 0 0 0 0
1396396800 0 0 0 0
1396395000 0 0 0 0
1396393200 0 0 0 0
1396391400 0 0 0 0
1396389600 0 0 0 0
1396387800 0 0 0 0
1396386000 0 0 0 0
1396384200 0 0 0 0
1396382400 0 0 0 0
1396380600 0 0 0 0
1396378800 0 0 0 0
1396377000 0 0 0 0
1396375200 0 0 0 0
1396373400 0 0 0 0
1396371600 0 0 0 0
1396369800 0 0 0 0
1396368000 0 0 0 0
1396366200 0 0 0 0
1396364400 0 0 0 0
1396362600 0 0 0 0
1396360800 0 0 0 0
1396359000 0 0 0 0
1396357200 0 0 0 0
1396355400 0 0 0 0
1396353600 0 0 0 0
1396351800 0 0 0 0
1396350000 0 0 0 0
1396348200 0 0 0 0
1396346400 0 0 0 0
1396344600 0 0 0 0
1396342800 0 0 0 0
1396341000 0 0 0 0
1396339200 0 0 0 0
1396337400 0 0 0 0
1396335600 0 0 0 0
1396333800 0 0 0 0
1396332000 0 0 0 0
1396330200 0 0 0 0
1396328400 0 0 0 0
1396326600 0 0 0 0
1396324800 0 0 0 0
1396317600 0 0 0 0
1396310400 0 0 0 0
1396303200 0 0 0 0
1396296000 0 0 0 0
1396288800 0 0 0 0
1396281600 0 0 0 0
1396274400 0 0 0 0
1396267200 0 0 0 0
1396260000 0 0 0 0
1396252800 0 0 0 0
1396245600 0 0 0 0
1396238400 0 0 0 0
1396231200 0 0 0 0
1396224000 0 0 0 0
1396216800 0 0 0 0
1396209600 0 0 0 0
1396202400 0 0 0 0
1396195200 0 0 0 0
1396188000 0 0 0 0
1396180800 0 0 0 0
1396173600 0 0 0 0
1396166400 0 0 0 0
1396159200 0 0 0 0
1396152000 0 0 0 0
1396144800 0 0 0 0
1396137600 0 0 0 0
1396130400 0 0 0 0
1396123200 0 0 0 0
1396116000 0 0 0 0
1396108800 0 0 0 0
1396101600 0 0 0 0
1396094400 0 0 0 0
1396087200 0 0 0 0
1396080000 0 0 0 0
1396072800 0 0 0 0
1396065600 0 0 0 0
1396058400 0 0 0 0
1396051200 0 0 0 0
1396044000 0 0 0 0
1396036800 0 0 0 0
1396029600 0 0 0 0
1396022400 0 0 0 0
1396015200 0 0 0 0
1396008000 0 0 0 0
1396000800 0 0 0 0
1395993600 0 0 0 0
1395986400 0 0 0 0
1395979200 0 0 0 0
1395972000 0 0 0 0
1395964800 0 0 0 0
1395957600 0 0 0 0
1395950400 0 0 0 0
1395943200 0 0 0 0
1395936000 0 0 0 0
1395928800 0 0 0 0
1395921600 0 0 0 0
1395914400 0 0 0 0
1395907200 0 0 0 0
1395900000 0 0 0 0
1395892800 0 0 0 0
1395885600 0 0 0 0
1395878400 0 0 0 0
1395871200 0 0 0 0
1395864000 0 0 0 0
1395856800 0 0 0 0
1395849600 0 0 0 0
1395842400 0 0 0 0
1395835200 0 0 0 0
1395828000 0 0 0 0
1395820800 0 0 0 0
1395813600 0 0 0 0
1395806400 0 0 0 0
1395799200 0 0 0 0
1395792000 0 0 0 0
1395784800 0 0 0 0
1395777600 0 0 0 0
1395770400 0 0 0 0
1395763200 0 0 0 0
1395756000 0 0 0 0
1395748800 0 0 0 0
1395741600 0 0 0 0
1395734400 0 0 0 0
1395727200 0 0 0 0
1395720000 0 0 0 0
1395712800 0 0 0 0
1395705600 0 0 0 0
1395698400 0 0 0 0
1395691200 0 0 0 0
1395684000 0 0 0 0
1395676800 0 0 0 0
1395669600 0 0 0 0
1395662400 0 0 0 0
1395655200 0 0 0 0
1395648000 0 0 0 0
1395640800 0 0 0 0
1395633600 0 0 0 0
1395626400 0 0 0 0
1395619200 0 0 0 0
1395612000 0 0 0 0
1395604800 0 0 0 0
1395597600 0 0 0 0
1395590400 0 0 0 0
1395583200 0 0 0 0
1395576000 0 0 0 0
1395568800 0 0 0 0
1395561600 0 0 0 0
1395554400 0 0 0 0
1395547200 0 0 0 0
1395540000 0 0 0 0
1395532800 0 0 0 0
1395525600 0 0 0 0
1395518400 0 0 0 0
1395511200 0 0 0 0
1395504000 0 0 0 0
1395496800 0 0 0 0
1395489600 0 0 0 0
1395482400 0 0 0 0
1395475200 0 0 0 0
1395468000 0 0 0 0
1395460800 0 0 0 0
1395453600 0 0 0 0
1395446400 0 0 0 0
1395439200 0 0 0 0
1395432000 0 0 0 0
1395424800 0 0 0 0
1395417600 0 0 0 0
1395410400 0 0 0 0
1395403200 0 0 0 0
1395396000 0 0 0 0
1395388800 0 0 0 0
1395381600 0 0 0 0
1395374400 0 0 0 0
1395367200 0 0 0 0
1395360000 0 0 0 0
1395352800 0 0 0 0
1395345600 0 0 0 0
1395338400 0 0 0 0
1395331200 0 0 0 0
1395324000 0 0 0 0
1395316800 0 0 0 0
1395309600 0 0 0 0
1395302400 0 0 0 0
1395295200 0 0 0 0
1395288000 0 0 0 0
1395280800 0 0 0 0
1395273600 0 0 0 0
1395266400 0 0 0 0
1395259200 0 0 0 0
1395252000 0 0 0 0
1395244800 0 0 0 0
1395237600 0 0 0 0
1395230400 0 0 0 0
1395223200 0 0 0 0
1395216000 0 0 0 0
1395208800 0 0 0 0
1395201600 0 0 0 0
1395194400 0 0 0 0
1395187200 0 0 0 0
1395180000 0 0 0 0
1395172800 0 0 0 0
1395165600 0 0 0 0
1395158400 0 0 0 0
1395151200 0 0 0 0
1395144000 0 0 0 0
1395136800 0 0 0 0
1395129600 0 0 0 0
1395122400 0 0 0 0
1395115200 0 0 0 0
1395108000 0 0 0 0
1395100800 0 0 0 0
1395093600 0 0 0 0
1395086400 0 0 0 0
1395079200 0 0 0 0
1395072000 0 0 0 0
1395064800 0 0 0 0
1395057600 0 0 0 0
1395050400 0 0 0 0
1395043200 0 0 0 0
1395036000 0 0 0 0
1395028800 0 0 0 0
1395021600 0 0 0 0
1395014400 0 0 0 0
1395007200 0 0 0 0
1395000000 0 0 0 0
1394992800 0 0 0 0
1394985600 0 0 0 0
1394978400 0 0 0 0
1394971200 0 0 0 0
1394964000 0 0 0 0
1394956800 0 0 0 0
1394949600 0 0 0 0
1394942400 0 0 0 0
1394935200 0 0 0 0
1394928000 0 0 0 0
1394920800 0 0 0 0
1394913600 0 0 0 0
1394906400 0 0 0 0
1394899200 0 0 0 0
1394892000 0 0 0 0
1394884800 0 0 0 0
1394877600 0 0 0 0
1394870400 0 0 0 0
1394863200 0 0 0 0
1394856000 0 0 0 0
1394848800 0 0 0 0
1394841600 0 0 0 0
1394834400 0 0 0 0
1394827200 0 0 0 0
1394820000 0 0 0 0
1394812800 0 0 0 0
1394805600 0 0 0 0
1394798400 0 0 0 0
1394791200 0 0 0 0
1394784000 0 0 0 0
1394776800 0 0 0 0
1394769600 0 0 0 0
1394762400 0 0 0 0
1394755200 0 0 0 0
1394748000 0 0 0 0
1394740800 0 0 0 0
1394733600 0 0 0 0
1394726400 0 0 0 0
1394719200 0 0 0 0
1394712000 0 0 0 0
1394704800 0 0 0 0
1394697600 0 0 0 0
1394690400 0 0 0 0
1394683200 0 0 0 0
1394676000 0 0 0 0
1394668800 0 0 0 0
1394661600 0 0 0 0
1394654400 0 0 0 0
1394647200 0 0 0 0
1394640000 0 0 0 0
1394632800 0 0 0 0
1394625600 0 0 0 0
1394618400 0 0 0 0
1394611200 0 0 0 0
1394604000 0 0 0 0
1394596800 0 0 0 0
1394589600 0 0 0 0
1394582400 0 0 0 0
1394575200 0 0 0 0
1394568000 0 0 0 0
1394560800 0 0 0 0
1394553600 0 0 0 0
1394546400 0 0 0 0
1394539200 0 0 0 0
1394532000 0 0 0 0
1394524800 0 0 0 0
1394517600 0 0 0 0
1394510400 0 0 0 0
1394503200 0 0 0 0
1394496000 0 0 0 0
1394488800 0 0 0 0
1394481600 0 0 0 0
1394474400 0 0 0 0
1394467200 0 0 0 0
1394460000 0 0 0 0
1394452800 0 0 0 0
1394445600 0 0 0 0
1394438400 0 0 0 0
1394431200 0 0 0 0
1394424000 0 0 0 0
1394416800 0 0 0 0
1394409600 0 0 0 0
1394402400 0 0 0 0
1394395200 0 0 0 0
1394388000 0 0 0 0
1394380800 0 0 0 0
1394373600 0 0 0 0
1394366400 0 0 0 0
1394359200 0 0 0 0
1394352000 0 0 0 0
1394344800 0 0 0 0
1394337600 0 0 0 0
1394330400 0 0 0 0
1394323200 0 0 0 0
1394316000 0 0 0 0
1394308800 0 0 0 0
1394301600 0 0 0 0
1394294400 0 0 0 0
1394287200 0 0 0 0
1394280000 0 0 0 0
1394272800 0 0 0 0
1394265600 0 0 0 0
1394258400 0 0 0 0
1394251200 0 0 0 0
1394244000 0 0 0 0
1394236800 0 0 0 0
1394229600 0 0 0 0
1394222400 0 0 0 0
1394215200 0 0 0 0
1394208000 0 0 0 0
1394200800 0 0 0 0
1394193600 0 0 0 0
1394186400 0 0 0 0
1394179200 0 0 0 0
1394172000 0 0 0 0
1394164800 0 0 0 0
1394157600 0 0 0 0
1394150400 0 0 0 0
1394143200 0 0 0 0
1394136000 0 0 0 0
1394128800 0 0 0 0
1394121600 0 0 0 0
1394114400 0 0 0 0
1394107200 0 0 0 0
1394100000 0 0 0 0
1394092800 0 0 0 0
1394085600 0 0 0 0
1394078400 0 0 0 0
1394071200 0 0 0 0
1394064000 0 0 0 0
1394056800 0 0 0 0
1394049600 0 0 0 0
1394042400 0 0 0 0
1394035200 0 0 0 0
1394028000 0 0 0 0
1394020800 0 0 0 0
1394013600 0 0 0 0
1394006400 0 0 0 0
1393999200 0 0 0 0
1393992000 0 0 0 0
1393984800 0 0 0 0
1393977600 0 0 0 0
1393970400 0 0 0 0
1393963200 0 0 0 0
1393956000 0 0 0 0
1393948800 0 0 0 0
1393941600 0 0 0 0
1393934400 0 0 0 0
1393927200 0 0 0 0
1393920000 0 0 0 0
1393912800 0 0 0 0
1393905600 0 0 0 0
1393898400 0 0 0 0
1393891200 0 0 0 0
1393884000 0 0 0 0
1393876800 0 0 0 0
1393869600 0 0 0 0
1393862400 0 0 0 0
1393855200 0 0 0 0
1393848000 0 0 0 0
1393840800 0 0 0 0
1393833600 0 0 0 0
1393826400 0 0 0 0
1393819200 0 0 0 0
1393812000 0 0 0 0
1393804800 0 0 0 0
1393797600 0 0 0 0
1393790400 0 0 0 0
1393783200 0 0 0 0
1393776000 0 0 0 0
1393768800 0 0 0 0
1393761600 0 0 0 0
1393754400 0 0 0 0
1393747200 0 0 0 0
1393740000 0 0 0 0
1393732800 0 0 0 0
1393725600 0 0 0 0
1393718400 0 0 0 0
1393711200 0 0 0 0
1393704000 0 0 0 0
1393696800 0 0 0 0
1393689600 0 0 0 0
1393682400 0 0 0 0
1393675200 0 0 0 0
1393668000 0 0 0 0
1393660800 0 0 0 0
1393653600 0 0 0 0
1393646400 0 0 0 0
1393639200 0 0 0 0
1393632000 0 0 0 0
1393624800 0 0 0 0
1393617600 0 0 0 0
1393610400 0 0 0 0
1393603200 0 0 0 0
1393596000 0 0 0 0
1393588800 0 0 0 0
1393581600 0 0 0 0
1393574400 0 0 0 0
1393567200 0 0 0 0
1393560000 0 0 0 0
1393552800 0 0 0 0
1393545600 0 0 0 0
1393538400 0 0 0 0
1393531200 0 0 0 0
1393524000 0 0 0 0
1393516800 0 0 0 0
1393509600 0 0 0 0
1393502400 0 0 0 0
1393495200 0 0 0 0
1393488000 0 0 0 0
1393480800 0 0 0 0
1393473600 0 0 0 0
1393466400 0 0 0 0
1393459200 0 0 0 0
1393452000 0 0 0 0
1393444800 0 0 0 0
1393437600 0 0 0 0
1393430400 0 0 0 0
1393423200 0 0 0 0
1393416000 0 0 0 0
1393408800 0 0 0 0
1393401600 0 0 0 0
1393394400 0 0 0 0
1393387200 0 0 0 0
1393380000 0 0 0 0
1393372800 0 0 0 0
1393365600 0 0 0 0
1393358400 0 0 0 0
1393351200 0 0 0 0
1393344000 0 0 0 0
1393336800 0 0 0 0
1393329600 0 0 0 0
1393322400 0 0 0 0
1393315200 0 0 0 0
1393308000 0 0 0 0
1393300800 0 0 0 0
1393293600 0 0 0 0
1393286400 0 0 0 0
1393279200 0 0 0 0
1393272000 0 0 0 0
1393264800 0 0 0 0
1393257600 0 0 0 0
1393250400 0 0 0 0
1393243200 0 0 0 0
1393236000 0 0 0 0
1393228800 0 0 0 0
1393221600 0 0 0 0
1393214400 0 0 0 0
1393207200 0 0 0 0
1393200000 0 0 0 0
1393192800 0 0 0 0
1393185600 0 0 0 0
1393178400 0 0 0 0
1393171200 0 0 0 0
1393164000 0 0 0 0
1393156800 0 0 0 0
1393149600 0 0 0 0
1393142400 0 0 0 0
1393135200 0 0 0 0
1393128000 0 0 0 0
1393120800 0 0 0 0
1393113600 0 0 0 0
1393106400 0 0 0 0
1393099200 0 0 0 0
1393092000 0 0 0 0
1393084800 0 0 0 0
1393077600 0 0 0 0
1393070400 0 0 0 0
1393063200 0 0 0 0
1393056000 0 0 0 0
1393048800 0 0 0 0
1393041600 0 0 0 0
1393034400 0 0 0 0
1393027200 0 0 0 0
1393020000 0 0 0 0
1393012800 0 0 0 0
1393005600 0 0 0 0
1392998400 0 0 0 0
1392991200 0 0 0 0
1392984000 0 0 0 0
1392976800 0 0 0 0
1392969600 0 0 0 0
1392962400 0 0 0 0
1392955200 0 0 0 0
1392948000 0 0 0 0
1392940800 0 0 0 0
1392933600 0 0 0 0
1392926400 0 0 0 0
1392919200 0 0 0 0
1392912000 0 0 0 0
1392904800 0 0 0 0
1392897600 0 0 0 0
1392890400 0 0 0 0
1392883200 0 0 0 0
1392876000 0 0 0 0
1392868800 0 0 0 0
1392861600 0 0 0 0
1392854400 0 0 0 0
1392847200 0 0 0 0
1392840000 0 0 0 0
1392832800 0 0 0 0
1392825600 0 0 0 0
1392818400 0 0 0 0
1392811200 0 0 0 0
1392804000 0 0 0 0
1392796800 0 0 0 0
1392789600 0 0 0 0
1392782400 0 0 0 0
1392775200 0 0 0 0
1392768000 0 0 0 0
1392760800 0 0 0 0
1392753600 0 0 0 0
1392746400 0 0 0 0
1392739200 0 0 0 0
1392732000 0 0 0 0
1392724800 0 0 0 0
1392717600 0 0 0 0
1392710400 0 0 0 0
1392703200 0 0 0 0
1392696000 0 0 0 0
1392688800 0 0 0 0
1392681600 0 0 0 0
1392674400 0 0 0 0
1392667200 0 0 0 0
1392660000 0 0 0 0
1392652800 0 0 0 0
1392645600 0 0 0 0
1392638400 0 0 0 0
1392631200 0 0 0 0
1392624000 0 0 0 0
1392616800 0 0 0 0
1392609600 0 0 0 0
1392602400 0 0 0 0
1392595200 0 0 0 0
1392588000 0 0 0 0
1392580800 0 0 0 0
1392573600 0 0 0 0
1392566400 0 0 0 0
1392559200 0 0 0 0
1392552000 0 0 0 0
1392544800 0 0 0 0
1392537600 0 0 0 0
1392530400 0 0 0 0
1392523200 0 0 0 0
1392516000 0 0 0 0
1392508800 0 0 0 0
1392501600 0 0 0 0
1392494400 0 0 0 0
1392487200 0 0 0 0
1392480000 0 0 0 0
1392472800 0 0 0 0
1392465600 0 0 0 0
1392458400 0 0 0 0
1392451200 0 0 0 0
1392444000 0 0 0 0
1392436800 0 0 0 0
1392429600 0 0 0 0
1392422400 0 0 0 0
1392415200 0 0 0 0
1392408000 0 0 0 0
1392400800 0 0 0 0
1392393600 0 0 0 0
1392386400 0 0 0 0
1392379200 0 0 0 0
1392372000 0 0 0 0
1392364800 0 0 0 0
1392357600 0 0 0 0
1392350400 0 0 0 0
1392343200 0 0 0 0
1392336000 0 0 0 0
1392328800 0 0 0 0
1392321600 0 0 0 0
1392314400 0 0 0 0
1392307200 0 0 0 0
1392300000 0 0 0 0
1392292800 0 0 0 0
1392285600 0 0 0 0
1392278400 0 0 0 0
1392271200 0 0 0 0
1392264000 0 0 0 0
1392256800 0 0 0 0
1392249600 0 0 0 0
1392242400 0 0 0 0
1392235200 0 0 0 0
1392228000 0 0 0 0
1392220800 0 0 0 0
1392213600 0 0 0 0
1392206400 0 0 0 0
1392199200 0 0 0 0
1392192000 0 0 0 0
1392184800 0 0 0 0
1392177600 0 0 0 0
1392170400 0 0 0 0
1392163200 0 0 0 0
1392156000 0 0 0 0
1392148800 0 0 0 0
1392141600 0 0 0 0
1392134400 0 0 0 0
1392127200 0 0 0 0
1392120000 0 0 0 0
1392112800 0 0 0 0
1392105600 0 0 0 0
1392098400 0 0 0 0
1392091200 0 0 0 0
1392084000 0 0 0 0
1392076800 0 0 0 0
1392069600 0 0 0 0
1392062400 0 0 0 0
1392055200 0 0 0 0
1392048000 0 0 0 0
1392040800 0 0 0 0
1392033600 0 0 0 0
1392026400 0 0 0 0
1392019200 0 0 0 0
1392012000 0 0 0 0
1392004800 0 0 0 0
1391990400 0 0 0 0
1391904000 0 0 0 0
1391817600 0 0 0 0
1391731200 0 0 0 0
1391644800 0 0 0 0
1391558400 0 0 0 0
1391472000 0 0 0 0
1391385600 0 0 0 0
1391299200 0 0 0 0
1391212800 0 0 0 0
1391126400 0 0 0 0
1391040000 0 0 0 0
1390953600 0 0 0 0
1390867200 0 0 0 0
1390780800 0 0 0 0
1390694400 0 0 0 0
1390608000 40 3 25859 2068
1390521600 551 22 32707 1318
1390435200 466 36 29108 2727
1390348800 918 55 47253 2463
1390262400 107 11 35277 1950
1390176000 0 0 0 0
1390089600 0 0 0 0
1390003200 65 6 31524 1940
1389916800 82 11 26143 1459
1389830400 142 21 49684 2070
1389744000 503 22 26255 1801
1389657600 50 7 12369 1877
1389571200 0 0 0 0
1389484800 0 0 0 0
1389398400 73 8 9981 458
1389312000 1386 32 14372 1705
1389225600 61 1 443 28
1389139200 1 0 237 76
1389052800 61 33 1414 1399
1388966400 0 0 0 0
1388880000 0 0 0 0
1388793600 45 5 7391 653
1388707200 1719 304 13625 2141
1388620800 0 0 0 0
1388534400 0 0 0 0
1388448000 53 2 18817 653
1388361600 0 0 0 0
1388275200 0 0 0 0
1388188800 64 11 26878 2648
1388102400 56 14 51649 5374
1388016000 0 0 0 0
1387929600 0 0 0 0
1387843200 37 2 51591 1172
1387756800 0 0 0 0
1387670400 0 0 0 0
1387584000 416 24 22539 2123
1387497600 36 3 22848 1023
1387411200 41 8 22624 4291
1387324800 51 11 15013 3616
1387238400 235 27 63762 2814
1387152000 0 0 0 0
1387065600 0 0 0 0
1386979200 707 32 36328 5936
1386892800 1921 48 51629 5021
1386806400 48 3 18693 2332
1386720000 162 12 57158 4290
1386633600 505 38 62901 5333
1386547200 0 0 0 0
1386460800 0 0 0 0
1386374400 836 48 48192 1641
1386288000 334 16 62826 3401
1386201600 653 53 21633 1645
1386115200 2397 72 31058 7616
1386028800 51 0 51195 1164
1385942400 0 0 0 0
1385856000 0 0 0 0
1385769600 0 0 1228 83
1385683200 0 0 173 38
1385596800 18 1 18347 3844
1385510400 92 17 30606 6417
1385424000 0 0 0 0
1385337600 0 0 0 0
1385251200 0 0 0 0
1385164800 44 3 18051 1833
1385078400 41 1 19652 1857
1384992000 907 21 33973 2433
1384905600 1001 72 19777 6528
1384819200 1338 98 27843 8523
1384732800 0 0 0 0
1384646400 0 0 0 0
1384560000 1109 25 62456 3033
1384473600 73 3 55327 3021
1384387200 687 26 31634 2268
1384300800 1410 56 64455 5863
1384214400 65 3 47983 2088
1384128000 0 0 0 0
1384041600 0 0 0 0
1383955200 298 32 44466 6276
1383868800 111 18 58982 6368
1383782400 551 31 97380 7042
1383696000 81 9 42586 2402
1383609600 37 2 30017 1869
1383523200 0 0 0 0
1383436800 0 0 0 0
1383350400 31 6 8980 1775
1383264000 44 3 19275 1739
1383177600 1491 51 60783 6397
1383091200 558 52 26237 8107
1383004800 58 5 31707 2985
1382918400 0 0 0 0
1382832000 0 0 0 0
1382745600 105 15 20833 5712
1382659200 64 13 31406 8471
1382572800 49 6 31841 5968
1382486400 775 55 54816 6077
1382400000 87 13 50416 6619
1382313600 0 0 0 0
1382227200 0 0 0 0
1382140800 97 24 61414 7755
1382054400 44 12 57008 9359
1381968000 1347 43 34477 6010
1381881600 139 16 106512 6020
1381795200 0 0 0 0
1381708800 0 0 0 0
1381622400 0 0 0 0
1381536000 45 5 67644 5998
1381449600 40 16 19658 13223
1381363200 41 11 17308 3057
1381276800 726 34 83397 4430
1381190400 132 9 19220 5980
1381104000 0 0 0 0
1381017600 0 0 0 0
1380931200 20 8 9748 5890
1380844800 19 0 10875 6295
1380758400 24 5 31320 3304
1380672000 36 25 19258 5171
1380585600 8 0 15450 5890
1380499200 0 0 0 0
1380412800 0 0 0 0
1380326400 180 15 91653 6279
1380240000 22 4 21173 5890
1380153600 44 10 26477 5859
1380067200 30 21 28741 8575
1379980800 26 5 20342 3141
1379894400 0 0 0 0
1379808000 0 0 0 0
1379721600 12 5 9812 5890
1379635200 2670 80 52551 2992
1379548800 0 0 4063 5610
1379462400 0 0 337 3233
1379376000 0 0 1166 6258
1379289600 0 0 0 0
1379203200 0 0 0 0
1379116800 3 0 9703 6391
1379030400 409 22 51361 8665
1378944000 6 2 12906 1000
1378857600 0 3 984 5928
1378771200 59 3 43215 3486
1378684800 0 0 0 0
1378598400 0 0 0 0
1378512000 15 9 10567 6164
1378425600 10 0 10769 3272
1378339200 29 12 18425 6135
1378252800 11 5 16199 3272
1378166400 6 1 5640 4753
1378080000 0 0 0 0
1377993600 0 0 0 0
1377907200 3620 220 34185 3272
1377820800 13 7 16662 5910
1377734400 2739 85 30725 5856
1377648000 16 9 8389 3177
1377561600 2 0 11140 3104
1377475200 0 0 0 0
1377388800 0 0 0 0
1377302400 46 18 28850 5942
1377216000 14 0 14126 5850
1377129600 37 9 30997 3264
1377043200 40 11 57167 6814
1376956800 0 0 0 0
1376870400 0 0 0 0
1376784000 0 0 0 0
1376697600 13 5 9045 3240
1376611200 895 31 36568 7623
1376524800 5 3 11431 5317
1376438400 418 18 41889 9905
1376352000 25 2 40136 5833
1376265600 0 0 0 0
1376179200 0 0 0 0
1376092800 18 5 19158 5910
1376006400 636 15 11845 5555
1375920000 2310 67 33967 5884
1375833600 159 8 98313 4528
1375747200 19 6 45766 7746
1375660800 0 0 0 0
1375574400 0 0 0 0
1375488000 46 0 37219 4320
1375401600 1 0 5991 4419
1375315200 0 0 3017 2285
1375228800 0 0 3014 4488
1375142400 6 0 5089 4320
1375056000 0 0 0 0
1374969600 0 0 0 0
1374883200 324 16 133737 6621
1374796800 18 0 33785 4392
1374710400 9 0 12438 3262
1374624000 2 0 8263 4324
1374537600 48 0 134302 4527
1374451200 0 0 0 0
1374364800 0 0 0 0
1374278400 37 20 51757 5836
1374192000 645 12 35079 4299
1374105600 291 7 11799 2373
1374019200 654 48 29221 6625
1373932800 11 0 37841 4490
1373846400 0 0 0 0
1373760000 0 0 0 0
1373673600 2507 65 21406 5937
1373587200 0 0 325 402
1373500800 0 0 446 410
1373414400 0 0 0 0
1373328000 0 0 271 397
1373241600 0 0 0 0
1373155200 0 0 0 0
1373068800 2278 64 10818 643
1372982400 7 0 1526 388
1372896000 1232 28 9088 403
1372809600 17 2 4896 974
1372723200 15 0 2741 397
1372636800 0 0 0 0
1372550400 0 0 0 0
1372464000 9 0 16425 4721
1372377600 1804 37 16841 3032
1372291200 178 4 20279 3941
1372204800 1 0 3277 3879
1372118400 2546 72 44066 8404
1372032000 0 0 0 0
1371945600 0 0 0 0
1371859200 0 0 0 0
1371772800 0 0 0 0
1371686400 0 0 2474 4131
1371600000 3 0 10358 3879
1371513600 2017 94 343379 5063
1371427200 0 0 0 0
1371340800 0 0 0 0
1371254400 1587 61 12488 4117
1371168000 3583 73 49730 3880
1371081600 1171 45 22362 3979
1370995200 920 18 11008 4009
1370908800 944 43 12019 5429
1370822400 0 0 0 0
1370736000 0 0 0 0
1370649600 99 4 269178 9097
1370563200 2261 51 38369 4605
1370476800 883 22 11090 3937
1370390400 22 8 19459 5681
1370304000 20 17 37301 6443
1370217600 0 0 0 0
1370131200 0 0 0 0
1370044800 2299 62 31086 4485
1369958400 11 5 5092 2093
1369872000 1888 146 80162 6465
1369785600 3200 132 17218 3944
1369699200 366 26 10002 2191
1369612800 0 0 0 0
1369526400 0 0 0 0
1369440000 1331 32 17341 570
1369353600 0 0 2464 4011
1369267200 5 1 4650 4011
1369180800 1883 46 15992 4223
1369094400 504 22 54594 8458
1369008000 0 0 0 0
1368921600 0 0 0 0
1368835200 1215 62 40426 4310
1368748800 1889 66 35399 3753
1368662400 2881 64 10672 2246
1368576000 10 2 4934 3965
1368489600 29 9 41457 6605
1368403200 0 0 0 0
1368316800 0 0 0 0
1368230400 0 0 4643 4106
1368144000 30 2 50608 5262
1368057600 1991 84 41966 3965
1367971200 21 13 8532 5654
1367884800 139 9 9469 5445
1367798400 0 0 0 0
1367712000 0 0 0 0
1367625600 1028 21 11424 2179
1367539200 27 15 25099 6089
1367452800 0 0 0 0
1367366400 0 0 2502 4104
1367280000 41 22 41893 5151
1367193600 0 0 0 0
1367107200 0 0 0 0
1367020800 4 6 8359 4293
1366934400 3 0 6756 4104
1366848000 0 0 2490 2672
1366761600 22 1 29760 2259
1366675200 68 18 19356 6094
1366588800 0 0 0 0
1366502400 0 0 0 0
1366416000 7 0 4373 4324
1366329600 10 11 5842 4257
1366243200 9 2 4938 2261
1366156800 39 5 14686 4259
1366070400 140 28 13834 4259
1365984000 0 0 0 0
1365897600 0 0 0 0
1365811200 3277 64 25887 4259
1365724800 22 1 36951 6024
1365638400 2735 57 10694 4013
1365552000 7 3 6595 4851
1365465600 1 0 5978 3957
1365379200 0 0 0 0
1365292800 0 0 0 0
1365206400 1838 47 23956 4099
1365120000 3037 95 54719 7644
1365033600 1698 40 11443 4257
1364947200 0 0 0 0
1364860800 0 0 0 0
1364774400 0 0 0 0
1364688000 0 0 0 0
1364601600 0 0 0 0
1364515200 0 0 0 0
1364428800 5513 120 19294 2175
1364342400 434 30 7898 3935
1364256000 681 45 8384 4014
1364169600 0 0 0 0
1364083200 0 0 0 0
1363996800 315 19 199543 3951
1363910400 1 0 6610 4138
1363824000 160 11 5587 3951
1363737600 458 33 50345 3951
1363651200 0 0 2134 3951
1363564800 0 0 0 0
1363478400 0 0 0 0
1363392000 0 0 1343 4014
1363305600 5 0 12245 3951
1363219200 17 1 19239 3769
1363132800 0 0 1821 5718
1363046400 0 0 725 3944
1362960000 0 0 0 0
1362873600 0 0 0 0
1362787200 3290 174 18469 2436
1362700800 0 0 262 3937
1362614400 2131 46 11255 3928
1362528000 0 0 1509 3758
1362441600 0 0 294 3817
1362355200 0 0 0 0
1362268800 0 0 0 0
1362182400 0 0 310 4152
1362096000 14 0 14639 3947
1362009600 9 0 13785 2161
1361923200 0 0 751 4085
1361836800 0 0 1730 4085
1361750400 0 0 0 0
1361664000 0 0 0 0
1361577600 20 1 14865 2160
1361491200 0 0 354 3280
1361404800 0 0 0 0
1361318400 5 0 12586 3468
1361232000 0 0 1626 4087
1361145600 0 0 0 0
1361059200 0 0 0 0
1360972800 0 0 2014 3948
1360886400 9 0 20768 4088
1360800000 11 0 35238 4208
1360713600 0 0 0 0
1360627200 0 0 0 0
1360540800 0 0 0 0
1360454400 0 0 0 0
1360368000 0 0 2811 3941
1360281600 13 0 20807 3977
1360195200 1315 29 45873 3942
1360108800 1254 66 14256 4131
1360022400 1478 29 12337 4146
1359936000 0 0 0 0
1359849600 0 0 0 0
1359763200 0 0 4094 2997
1359676800 0 0 0 0
1359590400 2395 44 18173 4082
1359504000 1416 29 9225 3465
1359417600 429 9 12485 3833
1359331200 0 0 0 0
1359244800 0 0 0 0
1359158400 1306 28 12848 2083
1359072000 0 0 1923 2083
1358985600 835 85 8044 2204
1358899200 836 52 18621 2080
1358812800 25 4 12750 4057
1358726400 0 0 0 0
1358640000 0 0 0 0
1358553600 4409 87 15126 4143
1358467200 3896 79 32861 3937
1358380800 1751 88 19430 3937
1358294400 3022 146 14224 3940
1358208000 4554 88 20380 3940
1358121600 0 0 0 0
1358035200 0 0 0 0
1357948800 1558 32 15949 4081
1357862400 2632 61 17942 4146
1357776000 234 8 23435 3988
1357689600 10459 191 76576 6200
1357603200 3442 74 15695 4197
1357516800 0 0 275 4109
1357430400 0 0 422 6243
1357344000 3360 59 14881 3933
1357257600 2092 47 15401 4140
1357171200 1055 28 13501 4075
1357084800 0 0 0 0
1356998400 0 0 0 0
1356912000 0 0 0 0
1356825600 0 0 0 0
1356739200 1059 20 13540 4074
1356652800 0 0 1856 4075
1356566400 3785 76 14913 4637
1356480000 0 0 0 0
1356393600 0 0 0 0
1356307200 0 0 0 0
1356220800 0 0 0 0
1356134400 1353 33 13685 3933
1356048000 675 36 15982 3933
1355961600 3372 64 14878 3933
1355875200 0 0 1541 3681
1355788800 3721 70 15587 3998
1355702400 0 0 0 0
1355616000 0 0 0 0
1355529600 572 33 41841 2305
1355443200 896 16 16563 4092
1355356800 4447 99 19846 2126
1355270400 4430 101 15060 4197
1355184000 799 43 13771 2510
1355097600 0 0 0 0
1355011200 0 0 0 0
1354924800 993 58 19071 3037
1354838400 0 0 4136 4071
1354752000 3894 84 14175 3929
1354665600 995 54 21952 3931
1354579200 1030 55 11676 4070
1354492800 0 0 0 0
1354406400 0 0 0 0
1354320000 669 37 13262 4455
1354233600 922 49 13115 2209
1354147200 962 53 12985 4070
1354060800 910 46 12696 5269
1353974400 0 0 0 0
1353888000 0 0 0 0
1353801600 0 0 0 0
1353715200 0 0 1773 4098
1353628800 794 42 12854 3983
1353542400 921 51 35742 4082
1353456000 13 4 9245 4061
1353369600 34 1 43424 1924
1353283200 0 0 0 0
1353196800 0 0 0 0
1353110400 5 13 4878 20618
1353024000 2678 38 14228 3490
1352937600 9 0 3570 3642
1352851200 13 4 9609 3588
1352764800 8 4 2614 3482
1352678400 0 0 0 0
1352592000 0 0 0 0
1352505600 459 20 50919 3482
1352419200 33 6 34221 2176
1352332800 44 11 35325 5423
1352246400 9 0 8018 3606
1352160000 17 0 34058 3740
1352073600 0 0 0 0
1351987200 0 0 0 0
1351900800 2126 34 25552 3741
1351814400 0 0 2606 3731
1351728000 1 0 4457 3740
1351641600 25 18 24402 15185
1351555200 3 0 4532 3793
1351468800 0 0 0 0
1351382400 0 0 0 0
1351296000 2 0 5345 3726
1351209600 0 0 4460 3143
1351123200 0 0 1181 1992
1351036800 22 0 24071 3724
1350950400 0 0 1595 2048
1350864000 0 0 0 0
1350777600 0 0 0 0
1350691200 20 1 8473 3796
1350604800 143 22 41848 6679
1350518400 26 9 4106 3730
1350432000 23 7 5853 4147
1350345600 327 9 8467 3870
1350259200 0 0 0 0
1350172800 0 0 0 0
1350086400 2810 51 420097 10358
1350000000 21 7 4355 3942
1349913600 22 3 15939 3779
1349827200 32 3 45359 4445
1349740800 0 0 0 0
1349654400 0 0 0 0
1349568000 0 0 0 0
1349481600 22 3 23232 3714
1349395200 3 0 8651 1991
1349308800 433 11 11090 3861
1349222400 4 0 8800 1871
1349136000 0 0 0 0
1349049600 0 0 0 0
1348963200 0 0 0 0
1348876800 0 0 0 0
1348790400 0 0 0 0
1348704000 0 0 0 0
1348617600 0 0 0 0
1348531200 0 0 0 0
1348444800 0 0 0 0
1348358400 0 0 0 0
1348272000 0 0 0 0
1348185600 0 0 0 0
1348099200 0 0 0 0
1348012800 0 0 0 0
1347926400 0 0 0 0
1347840000 0 0 0 0
1347753600 0 0 0 0
1347667200 0 0 0 0
1347580800 0 0 0 0
1347494400 0 0 0 0
1347408000 0 0 0 0
1347321600 0 0 0 0
1347235200 0 0 0 0
1347148800 0 0 0 0
1347062400 0 0 0 0
1346976000 0 0 0 0
1346889600 0 0 0 0
1346803200 0 0 0 0
1346716800 0 0 0 0
1346630400 0 0 0 0
1346544000 0 0 0 0
1346457600 0 0 0 0
1346371200 0 0 0 0
1346284800 0 0 0 0
1346198400 0 0 0 0
1346112000 0 0 0 0
1346025600 0 0 0 0
1345939200 0 0 0 0
1345852800 0 0 0 0
1345766400 0 0 0 0
1345680000 0 0 0 0
1345593600 0 0 0 0
1345507200 0 0 0 0
1345420800 0 0 0 0
1345334400 0 0 0 0
1345248000 0 0 0 0
1345161600 0 0 0 0
1345075200 0 0 0 0
1344988800 0 0 0 0
1344902400 0 0 0 0
1344816000 0 0 0 0
1344729600 0 0 0 0
1344643200 0 0 0 0
1344556800 0 0 0 0
1344470400 0 0 0 0
1344384000 0 0 0 0
1344297600 0 0 0 0
1344211200 0 0 0 0
1344124800 0 0 0 0
1344038400 0 0 0 0
1343952000 0 0 0 0
1343865600 0 0 0 0
1343779200 0 0 0 0
1343692800 0 0 0 0
1343606400 0 0 0 0
1343520000 0 0 0 0
1343433600 0 0 0 0
1343347200 0 0 0 0
1343260800 0 0 0 0
1343174400 0 0 0 0
1343088000 0 0 0 0
1343001600 0 0 0 0
1342915200 0 0 0 0
1342828800 0 0 0 0
1342742400 0 0 0 0
1342656000 0 0 0 0
1342569600 0 0 0 0
1342483200 0 0 0 0
1342396800 0 0 0 0
1342310400 0 0 0 0
1342224000 0 0 0 0
1342137600 0 0 0 0
1342051200 0 0 0 0
1341964800 0 0 0 0
1341878400 0 0 0 0
1341792000 0 0 0 0
1341705600 0 0 0 0
1341619200 0 0 0 0
1341532800 0 0 0 0
1341446400 0 0 0 0
1341360000 0 0 0 0
1341273600 0 0 0 0
1341187200 0 0 0 0
1341100800 0 0 0 0
1341014400 0 0 0 0
1340928000 0 0 0 0
1340841600 0 0 0 0
1340755200 0 0 0 0
1340668800 0 0 0 0
1340582400 0 0 0 0
1340496000 0 0 0 0
1340409600 0 0 0 0
1340323200 0 0 0 0
1340236800 0 0 0 0
1340150400 0 0 0 0
1340064000 0 0 0 0
1339977600 0 0 0 0
1339891200 0 0 0 0
1339804800 0 0 0 0
1339718400 0 0 0 0
1339632000 0 0 0 0
1339545600 0 0 0 0
1339459200 0 0 0 0
1339372800 0 0 0 0
1339286400 0 0 0 0
1339200000 0 0 0 0
1339113600 0 0 0 0
1339027200 0 0 0 0
1338940800 0 0 0 0
1338854400 0 0 0 0
1338768000 0 0 0 0
1338681600 0 0 0 0
1338595200 0 0 0 0
1338508800 0 0 0 0
1338422400 0 0 0 0
1338336000 0 0 0 0
1338249600 0 0 0 0
1338163200 0 0 0 0
1338076800 0 0 0 0
1337990400 0 0 0 0
1337904000 0 0 0 0
1337817600 0 0 0 0
1337731200 0 0 0 0
1337644800 0 0 0 0
1337558400 0 0 0 0
1337472000 0 0 0 0
1337385600 0 0 0 0
1337299200 0 0 0 0
1337212800 0 0 0 0
1337126400 0 0 0 0
1337040000 0 0 0 0
1336953600 0 0 0 0
1336867200 0 0 0 0
1336780800 0 0 0 0
1336694400 0 0 0 0
1336608000 0 0 0 0
1336521600 0 0 0 0
1336435200 0 0 0 0
1336348800 0 0 0 0
1336262400 0 0 0 0
1336176000 0 0 0 0
1336089600 0 0 0 0
1336003200 0 0 0 0
1335916800 0 0 0 0
1335830400 0 0 0 0
1335744000 0 0 0 0
1335657600 0 0 0 0
1335571200 0 0 0 0
1335484800 0 0 0 0
1335398400 0 0 0 0
1335312000 0 0 0 0
1335225600 0 0 0 0
1335139200 0 0 0 0
1335052800 0 0 0 0
1334966400 0 0 0 0
1334880000 0 0 0 0
1334793600 0 0 0 0
1334707200 0 0 0 0
1334620800 0 0 0 0
1334534400 0 0 0 0
1334448000 0 0 0 0
1334361600 0 0 0 0
1334275200 0 0 0 0
1334188800 0 0 0 0
1334102400 0 0 0 0
1334016000 0 0 0 0
1333929600 0 0 0 0
1333843200 0 0 0 0
1333756800 0 0 0 0
1333670400 0 0 0 0
1333584000 0 0 0 0
1333497600 0 0 0 0
1333411200 0 0 0 0
1333324800 0 0 0 0
1333238400 0 0 0 0
1333152000 0 0 0 0
1333065600 0 0 0 0
1332979200 0 0 0 0
1332892800 0 0 0 0
1332806400 0 0 0 0
1332720000 0 0 0 0
1332633600 0 0 0 0
1332547200 0 0 0 0
1332460800 0 0 0 0
1332374400 0 0 0 0
1332288000 0 0 0 0
1332201600 0 0 0 0
1332115200 0 0 0 0
1332028800 0 0 0 0
1331942400 0 0 0 0
1331856000 0 0 0 0
1331769600 0 0 0 0
1331683200 0 0 0 0
1331596800 0 0 0 0
1331510400 0 0 0 0
1331424000 0 0 0 0
1331337600 0 0 0 0
1331251200 0 0 0 0
1331164800 0 0 0 0
1331078400 0 0 0 0
1330992000 0 0 0 0
1330905600 0 0 0 0
1330819200 0 0 0 0
1330732800 0 0 0 0
1330646400 0 0 0 0
1330560000 0 0 0 0
1330473600 0 0 0 0
1330387200 0 0 0 0
1330300800 0 0 0 0
1330214400 0 0 0 0
1330128000 0 0 0 0
1330041600 0 0 0 0
1329955200 0 0 0 0
1329868800 0 0 0 0
1329782400 0 0 0 0
1329696000 0 0 0 0
1329609600 0 0 0 0
1329523200 0 0 0 0
1329436800 0 0 0 0
1329350400 0 0 0 0
1329264000 0 0 0 0
1329177600 0 0 0 0
1329091200 0 0 0 0
1329004800 0 0 0 0
1328918400 0 0 0 0
1328832000 0 0 0 0
