1388418773 0 0
1388418773 0 0 0 0
1388418300 0 0 0 0
1388418000 0 0 0 0
1388417700 0 0 0 0
1388417400 0 0 0 0
1388417100 0 0 0 0
1388416800 0 0 0 0
1388416500 0 0 0 0
1388416200 0 0 0 0
1388415900 0 0 0 0
1388415600 0 0 0 0
1388415300 0 0 0 0
1388415000 0 0 0 0
1388414700 0 0 0 0
1388414400 0 0 0 0
1388414100 0 0 0 0
1388413800 0 0 0 0
1388413500 0 0 0 0
1388413200 0 0 0 0
1388412900 0 0 0 0
1388412600 0 0 0 0
1388412300 0 0 0 0
1388412000 0 0 0 0
1388411700 0 0 0 0
1388411400 0 0 0 0
1388411100 0 0 0 0
1388410800 0 0 0 0
1388410500 0 0 0 0
1388410200 0 0 0 0
1388409900 0 0 0 0
1388409600 0 0 0 0
1388409300 0 0 0 0
1388409000 0 0 0 0
1388408700 0 0 0 0
1388408400 0 0 0 0
1388408100 0 0 0 0
1388407800 0 0 0 0
1388407500 0 0 0 0
1388407200 0 0 0 0
1388406900 0 0 0 0
1388406600 0 0 0 0
1388406300 0 0 0 0
1388406000 0 0 0 0
1388405700 0 0 0 0
1388405400 0 0 0 0
1388405100 0 0 0 0
1388404800 0 0 0 0
1388404500 0 0 0 0
1388404200 0 0 0 0
1388403900 0 0 0 0
1388403600 0 0 0 0
1388403300 0 0 0 0
1388403000 0 0 0 0
1388402700 0 0 0 0
1388402400 0 0 0 0
1388402100 0 0 0 0
1388401800 0 0 0 0
1388401500 0 0 0 0
1388401200 0 0 0 0
1388400900 0 0 0 0
1388400600 0 0 0 0
1388400300 0 0 0 0
1388400000 0 0 0 0
1388399700 0 0 0 0
1388399400 0 0 0 0
1388399100 0 0 0 0
1388398800 0 0 0 0
1388398500 0 0 0 0
1388398200 0 0 0 0
1388397900 0 0 0 0
1388397600 0 0 0 0
1388397300 0 0 0 0
1388397000 0 0 0 0
1388396700 0 0 0 0
1388396400 0 0 0 0
1388396100 0 0 0 0
1388395800 0 0 0 0
1388395500 0 0 0 0
1388395200 0 0 0 0
1388394900 0 0 0 0
1388394600 0 0 0 0
1388394300 0 0 0 0
1388394000 0 0 0 0
1388393700 0 0 0 0
1388393400 0 0 0 0
1388393100 0 0 0 0
1388392800 0 0 0 0
1388392500 0 0 0 0
1388392200 0 0 0 0
1388391900 0 0 0 0
1388391600 0 0 0 0
1388391300 0 0 0 0
1388391000 0 0 0 0
1388390700 0 0 0 0
1388390400 0 0 0 0
1388390100 0 0 0 0
1388389800 0 0 0 0
1388389500 0 0 0 0
1388389200 0 0 0 0
1388388900 0 0 0 0
1388388600 0 0 0 0
1388388300 0 0 0 0
1388388000 0 0 0 0
1388387700 0 0 0 0
1388387400 0 0 0 0
1388387100 0 0 0 0
1388386800 0 0 0 0
1388386500 0 0 0 0
1388386200 0 0 0 0
1388385900 0 0 0 0
1388385600 0 0 0 0
1388385300 0 0 0 0
1388385000 0 0 0 0
1388384700 0 0 0 0
1388384400 0 0 0 0
1388384100 0 0 0 0
1388383800 0 0 0 0
1388383500 0 0 0 0
1388383200 0 0 0 0
1388382900 0 0 0 0
1388382600 0 0 0 0
1388382300 0 0 0 0
1388382000 0 0 0 0
1388381700 0 0 0 0
1388381400 0 0 0 0
1388381100 0 0 0 0
1388380800 0 0 0 0
1388380500 0 0 0 0
1388380200 0 0 0 0
1388379900 0 0 0 0
1388379600 0 0 0 0
1388379300 0 0 0 0
1388379000 0 0 0 0
1388378700 0 0 0 0
1388378400 0 0 0 0
1388378100 0 0 0 0
1388377800 0 0 0 0
1388377500 0 0 0 0
1388377200 0 0 0 0
1388376900 0 0 0 0
1388376600 0 0 0 0
1388376300 0 0 0 0
1388376000 0 0 0 0
1388375700 0 0 0 0
1388375400 0 0 0 0
1388375100 0 0 0 0
1388374800 0 0 0 0
1388374500 0 0 0 0
1388374200 0 0 0 0
1388373900 0 0 0 0
1388373600 0 0 0 0
1388373300 0 0 0 0
1388373000 0 0 0 0
1388372700 0 0 0 0
1388372400 0 0 0 0
1388372100 0 0 0 0
1388371800 0 0 0 0
1388371500 0 0 0 0
1388371200 0 0 0 0
1388370900 0 0 0 0
1388370600 0 0 0 0
1388370300 0 0 0 0
1388370000 0 0 0 0
1388369700 0 0 0 0
1388369400 0 0 0 0
1388369100 0 0 0 0
1388368800 0 0 0 0
1388368500 0 0 0 0
1388368200 0 0 0 0
1388367900 0 0 0 0
1388367600 0 0 0 0
1388367300 0 0 0 0
1388367000 0 0 0 0
1388366700 0 0 0 0
1388366400 0 0 0 0
1388366100 0 0 0 0
1388365800 0 0 0 0
1388365500 0 0 0 0
1388365200 0 0 0 0
1388364900 0 0 0 0
1388364600 0 0 0 0
1388364300 0 0 0 0
1388364000 0 0 0 0
1388363700 0 0 0 0
1388363400 0 0 0 0
1388363100 0 0 0 0
1388362800 0 0 0 0
1388362500 0 0 0 0
1388362200 0 0 0 0
1388361900 0 0 0 0
1388361600 0 0 0 0
1388361300 0 0 0 0
1388361000 0 0 0 0
1388360700 0 0 0 0
1388360400 0 0 0 0
1388360100 0 0 0 0
1388359800 0 0 0 0
1388359500 0 0 0 0
1388359200 0 0 0 0
1388358900 0 0 0 0
1388358600 0 0 0 0
1388358300 0 0 0 0
1388358000 0 0 0 0
1388357700 0 0 0 0
1388357400 0 0 0 0
1388357100 0 0 0 0
1388356800 0 0 0 0
1388356500 0 0 0 0
1388356200 0 0 0 0
1388355900 0 0 0 0
1388355600 0 0 0 0
1388355300 0 0 0 0
1388355000 0 0 0 0
1388354700 0 0 0 0
1388354400 0 0 0 0
1388354100 0 0 0 0
1388353800 0 0 0 0
1388353500 0 0 0 0
1388353200 0 0 0 0
1388352900 0 0 0 0
1388352600 0 0 0 0
1388352300 0 0 0 0
1388352000 0 0 0 0
1388351700 0 0 0 0
1388351400 0 0 0 0
1388351100 0 0 0 0
1388350800 0 0 0 0
1388350500 0 0 0 0
1388350200 0 0 0 0
1388349900 0 0 0 0
1388349600 0 0 0 0
1388349300 0 0 0 0
1388349000 0 0 0 0
1388348700 0 0 0 0
1388348400 0 0 0 0
1388348100 0 0 0 0
1388347800 0 0 0 0
1388347500 0 0 0 0
1388347200 0 0 0 0
1388346900 0 0 0 0
1388346600 0 0 0 0
1388346300 0 0 0 0
1388346000 0 0 0 0
1388345700 0 0 0 0
1388345400 0 0 0 0
1388345100 0 0 0 0
1388344800 0 0 0 0
1388344500 0 0 0 0
1388344200 0 0 0 0
1388343900 0 0 0 0
1388343600 0 0 0 0
1388343300 0 0 0 0
1388343000 0 0 0 0
1388342700 0 0 0 0
1388342400 0 0 0 0
1388342100 0 0 0 0
1388341800 0 0 0 0
1388341500 0 0 0 0
1388341200 0 0 0 0
1388340900 0 0 0 0
1388340600 0 0 0 0
1388340300 0 0 0 0
1388340000 0 0 0 0
1388339700 0 0 0 0
1388339400 0 0 0 0
1388339100 0 0 0 0
1388338800 0 0 0 0
1388338500 0 0 0 0
1388338200 0 0 0 0
1388337900 0 0 0 0
1388337600 0 0 0 0
1388337300 0 0 0 0
1388337000 0 0 0 0
1388336700 0 0 0 0
1388336400 0 0 0 0
1388336100 0 0 0 0
1388335800 0 0 0 0
1388335500 0 0 0 0
1388335200 0 0 0 0
1388334900 0 0 0 0
1388334600 0 0 0 0
1388334300 0 0 0 0
1388334000 0 0 0 0
1388333700 0 0 0 0
1388333400 0 0 0 0
1388333100 0 0 0 0
1388332800 0 0 0 0
1388332500 0 0 0 0
1388332200 0 0 0 0
1388331900 0 0 0 0
1388331600 0 0 0 0
1388331300 0 0 0 0
1388331000 0 0 0 0
1388330700 0 0 0 0
1388330400 0 0 0 0
1388330100 0 0 0 0
1388329800 0 0 0 0
1388329500 0 0 0 0
1388329200 0 0 0 0
1388328900 0 0 0 0
1388328600 0 0 0 0
1388328300 0 0 0 0
1388328000 0 0 0 0
1388327700 0 0 0 0
1388327400 0 0 0 0
1388327100 0 0 0 0
1388326800 0 0 0 0
1388326500 0 0 0 0
1388326200 0 0 0 0
1388325900 0 0 0 0
1388325600 0 0 0 0
1388325300 0 0 0 0
1388325000 0 0 0 0
1388324700 0 0 0 0
1388324400 0 0 0 0
1388324100 0 0 0 0
1388323800 0 0 0 0
1388323500 0 0 0 0
1388323200 0 0 0 0
1388322900 0 0 0 0
1388322600 0 0 0 0
1388322300 0 0 0 0
1388322000 0 0 0 0
1388321700 0 0 0 0
1388321400 0 0 0 0
1388321100 0 0 0 0
1388320800 0 0 0 0
1388320500 0 0 0 0
1388320200 0 0 0 0
1388319900 0 0 0 0
1388319600 0 0 0 0
1388319300 0 0 0 0
1388319000 0 0 0 0
1388318700 0 0 0 0
1388318400 0 0 0 0
1388318100 0 0 0 0
1388317800 0 0 0 0
1388317500 0 0 0 0
1388317200 0 0 0 0
1388316900 0 0 0 0
1388316600 0 0 0 0
1388316300 0 0 0 0
1388316000 0 0 0 0
1388315700 0 0 0 0
1388315400 0 0 0 0
1388315100 0 0 0 0
1388314800 0 0 0 0
1388314500 0 0 0 0
1388314200 0 0 0 0
1388313900 0 0 0 0
1388313600 0 0 0 0
1388313300 0 0 0 0
1388313000 0 0 0 0
1388312700 0 0 0 0
1388312400 0 0 0 0
1388312100 0 0 0 0
1388311800 0 0 0 0
1388311500 0 0 0 0
1388311200 0 0 0 0
1388310900 0 0 0 0
1388310600 0 0 0 0
1388310300 0 0 0 0
1388310000 0 0 0 0
1388309700 0 0 0 0
1388309400 0 0 0 0
1388309100 0 0 0 0
1388308800 0 0 0 0
1388308500 0 0 0 0
1388308200 0 0 0 0
1388307900 0 0 0 0
1388307600 0 0 0 0
1388307300 0 0 0 0
1388307000 0 0 0 0
1388306700 0 0 0 0
1388306400 0 0 0 0
1388306100 0 0 0 0
1388305800 0 0 0 0
1388305500 0 0 0 0
1388305200 0 0 0 0
1388304900 0 0 0 0
1388304600 0 0 0 0
1388304300 0 0 0 0
1388304000 0 0 0 0
1388303700 0 0 0 0
1388303400 0 0 0 0
1388303100 0 0 0 0
1388302800 0 0 0 0
1388302500 0 0 0 0
1388302200 0 0 0 0
1388301900 0 0 0 0
1388301600 0 0 0 0
1388301300 0 0 0 0
1388301000 0 0 0 0
1388300700 0 0 0 0
1388300400 0 0 0 0
1388300100 0 0 0 0
1388299800 0 0 0 0
1388299500 0 0 0 0
1388299200 0 0 0 0
1388298900 0 0 0 0
1388298600 0 0 0 0
1388298300 0 0 0 0
1388298000 0 0 0 0
1388297700 0 0 0 0
1388297400 0 0 0 0
1388297100 0 0 0 0
1388296800 0 0 0 0
1388296500 0 0 0 0
1388296200 0 0 0 0
1388295900 0 0 0 0
1388295600 0 0 0 0
1388295300 0 0 0 0
1388295000 0 0 0 0
1388294700 0 0 0 0
1388294400 0 0 0 0
1388294100 0 0 0 0
1388293800 0 0 0 0
1388293500 0 0 0 0
1388293200 0 0 0 0
1388292900 0 0 0 0
1388292600 0 0 0 0
1388292300 0 0 0 0
1388292000 0 0 0 0
1388291700 0 0 0 0
1388291400 0 0 0 0
1388291100 0 0 0 0
1388290800 0 0 0 0
1388290500 0 0 0 0
1388290200 0 0 0 0
1388289900 0 0 0 0
1388289600 0 0 0 0
1388289300 0 0 0 0
1388289000 0 0 0 0
1388288700 0 0 0 0
1388288400 0 0 0 0
1388288100 0 0 0 0
1388287800 0 0 0 0
1388287500 0 0 0 0
1388287200 0 0 0 0
1388286900 0 0 0 0
1388286600 0 0 0 0
1388286300 0 0 0 0
1388286000 0 0 0 0
1388285700 0 0 0 0
1388285400 0 0 0 0
1388285100 0 0 0 0
1388284800 0 0 0 0
1388284500 0 0 0 0
1388284200 0 0 0 0
1388283900 0 0 0 0
1388283600 0 0 0 0
1388283300 0 0 0 0
1388283000 0 0 0 0
1388282700 0 0 0 0
1388282400 0 0 0 0
1388282100 0 0 0 0
1388281800 0 0 0 0
1388281500 0 0 0 0
1388281200 0 0 0 0
1388280900 0 0 0 0
1388280600 0 0 0 0
1388280300 0 0 0 0
1388280000 0 0 0 0
1388279700 0 0 0 0
1388279400 0 0 0 0
1388279100 0 0 0 0
1388278800 0 0 0 0
1388278500 0 0 0 0
1388278200 0 0 0 0
1388277900 0 0 0 0
1388277600 0 0 0 0
1388277300 0 0 0 0
1388277000 0 0 0 0
1388276700 0 0 0 0
1388276400 0 0 0 0
1388276100 0 0 0 0
1388275800 0 0 0 0
1388275500 0 0 0 0
1388275200 0 0 0 0
1388274900 0 0 0 0
1388274600 0 0 0 0
1388274300 0 0 0 0
1388274000 0 0 0 0
1388273700 0 0 0 0
1388273400 0 0 0 0
1388273100 0 0 0 0
1388272800 0 0 0 0
1388272500 0 0 0 0
1388272200 0 0 0 0
1388271900 0 0 0 0
1388271600 0 0 0 0
1388271300 0 0 0 0
1388271000 0 0 0 0
1388270700 0 0 0 0
1388270400 0 0 0 0
1388270100 0 0 0 0
1388269800 0 0 0 0
1388269500 0 0 0 0
1388269200 0 0 0 0
1388268900 0 0 0 0
1388268600 0 0 0 0
1388268300 0 0 0 0
1388268000 0 0 0 0
1388267700 0 0 0 0
1388267400 0 0 0 0
1388267100 0 0 0 0
1388266800 0 0 0 0
1388266500 0 0 0 0
1388266200 0 0 0 0
1388265900 0 0 0 0
1388265600 0 0 0 0
1388265300 0 0 0 0
1388265000 0 0 0 0
1388264700 0 0 0 0
1388264400 0 0 0 0
1388264100 0 0 0 0
1388263800 0 0 0 0
1388263500 0 0 0 0
1388263200 0 0 0 0
1388262900 0 0 0 0
1388262600 0 0 0 0
1388262300 0 0 0 0
1388262000 0 0 0 0
1388261700 0 0 0 0
1388261400 0 0 0 0
1388261100 0 0 0 0
1388260800 0 0 0 0
1388260500 0 0 0 0
1388260200 0 0 0 0
1388259900 0 0 0 0
1388259600 0 0 0 0
1388259300 0 0 0 0
1388259000 0 0 0 0
1388258700 0 0 0 0
1388258400 0 0 0 0
1388258100 0 0 0 0
1388257800 0 0 0 0
1388257500 0 0 0 0
1388257200 0 0 0 0
1388256900 0 0 0 0
1388256600 0 0 0 0
1388256300 0 0 0 0
1388256000 0 0 0 0
1388255700 0 0 0 0
1388255400 0 0 0 0
1388255100 0 0 0 0
1388254800 0 0 0 0
1388254500 0 0 0 0
1388254200 0 0 0 0
1388253900 0 0 0 0
1388253600 0 0 0 0
1388253300 0 0 0 0
1388253000 0 0 0 0
1388252700 0 0 0 0
1388252400 0 0 0 0
1388252100 0 0 0 0
1388251800 0 0 0 0
1388251500 0 0 0 0
1388251200 0 0 0 0
1388250900 0 0 0 0
1388250600 0 0 0 0
1388250300 0 0 0 0
1388250000 0 0 0 0
1388249700 0 0 0 0
1388249400 0 0 0 0
1388249100 0 0 0 0
1388248800 0 0 0 0
1388248500 0 0 0 0
1388248200 0 0 0 0
1388247900 0 0 0 0
1388247600 0 0 0 0
1388247300 0 0 0 0
1388247000 0 0 0 0
1388246700 0 0 0 0
1388246400 0 0 0 0
1388246100 0 0 0 0
1388245800 0 0 0 0
1388245500 0 0 0 0
1388245200 0 0 0 0
1388244900 0 0 0 0
1388244600 0 0 0 0
1388244300 0 0 0 0
1388244000 0 0 0 0
1388243700 0 0 0 0
1388243400 0 0 0 0
1388243100 0 0 0 0
1388242800 0 0 0 0
1388242500 0 0 0 0
1388242200 0 0 0 0
1388241900 0 0 0 0
1388241600 0 0 0 0
1388241300 0 0 0 0
1388241000 0 0 0 0
1388240700 0 0 0 0
1388240400 0 0 0 0
1388240100 0 0 0 0
1388239800 0 0 0 0
1388239500 0 0 0 0
1388239200 0 0 0 0
1388238900 0 0 0 0
1388238600 0 0 0 0
1388237400 0 0 0 0
1388235600 0 0 0 0
1388233800 0 0 0 0
1388232000 0 0 0 0
1388230200 0 0 0 0
1388228400 0 0 0 0
1388226600 0 0 0 0
1388224800 0 0 0 0
1388223000 0 0 0 0
1388221200 0 0 0 0
1388219400 0 0 0 0
1388217600 0 0 0 0
1388215800 0 0 0 0
1388214000 0 0 0 0
1388212200 0 0 0 0
1388210400 0 0 0 0
1388208600 0 0 0 0
1388206800 0 0 0 0
1388205000 0 0 0 0
1388203200 0 0 0 0
1388201400 0 0 0 0
1388199600 0 0 0 0
1388197800 0 0 0 0
1388196000 0 0 0 0
1388194200 0 0 0 0
1388192400 0 0 0 0
1388190600 0 0 0 0
1388188800 0 0 0 0
1388187000 0 0 0 0
1388185200 0 0 0 0
1388183400 0 0 0 0
1388181600 0 0 0 0
1388179800 0 0 0 0
1388178000 0 0 0 0
1388176200 0 0 0 0
1388174400 0 0 0 0
1388172600 0 0 0 0
1388170800 0 0 0 0
1388169000 0 0 0 0
1388167200 0 0 0 0
1388165400 0 0 0 0
1388163600 0 0 0 0
1388161800 0 0 0 0
1388160000 0 0 0 0
1388158200 0 0 0 0
1388156400 0 0 0 0
1388154600 0 0 0 0
1388152800 0 0 0 0
1388151000 0 0 0 0
1388149200 0 0 0 0
1388147400 0 0 0 0
1388145600 0 0 0 0
1388143800 0 0 0 0
1388142000 0 0 0 0
1388140200 0 0 0 0
1388138400 0 0 0 0
1388136600 0 0 0 0
1388134800 0 0 0 0
1388133000 0 0 0 0
1388131200 0 0 0 0
1388129400 0 0 0 0
1388127600 0 0 0 0
1388125800 0 0 0 0
1388124000 0 0 0 0
1388122200 0 0 0 0
1388120400 0 0 0 0
1388118600 0 0 0 0
1388116800 0 0 0 0
1388115000 0 0 0 0
1388113200 0 0 0 0
1388111400 0 0 0 0
1388109600 0 0 0 0
1388107800 0 0 0 0
1388106000 0 0 0 0
1388104200 0 0 0 0
1388102400 0 0 0 0
1388100600 0 0 0 0
1388098800 0 0 0 0
1388097000 0 0 0 0
1388095200 0 0 0 0
1388093400 0 0 0 0
1388091600 0 0 0 0
1388089800 0 0 0 0
1388088000 0 0 0 0
1388086200 0 0 0 0
1388084400 0 0 0 0
1388082600 0 0 0 0
1388080800 0 0 0 0
1388079000 0 0 0 0
1388077200 0 0 0 0
1388075400 0 0 0 0
1388073600 0 0 0 0
1388071800 0 0 0 0
1388070000 0 0 0 0
1388068200 0 0 0 0
1388066400 0 0 0 0
1388064600 0 0 0 0
1388062800 0 0 0 0
1388061000 0 0 0 0
1388059200 0 0 0 0
1388057400 0 0 0 0
1388055600 0 0 0 0
1388053800 0 0 0 0
1388052000 0 0 0 0
1388050200 0 0 0 0
1388048400 0 0 0 0
1388046600 0 0 0 0
1388044800 0 0 0 0
1388043000 0 0 0 0
1388041200 0 0 0 0
1388039400 0 0 0 0
1388037600 0 0 0 0
1388035800 0 0 0 0
1388034000 0 0 0 0
1388032200 0 0 0 0
1388030400 0 0 0 0
1388028600 0 0 0 0
1388026800 0 0 0 0
1388025000 0 0 0 0
1388023200 0 0 0 0
1388021400 0 0 0 0
1388019600 0 0 0 0
1388017800 0 0 0 0
1388016000 0 0 0 0
1388014200 0 0 0 0
1388012400 0 0 0 0
1388010600 0 0 0 0
1388008800 0 0 0 0
1388007000 0 0 0 0
1388005200 0 0 0 0
1388003400 0 0 0 0
1388001600 0 0 0 0
1387999800 0 0 0 0
1387998000 0 0 0 0
1387996200 0 0 0 0
1387994400 0 0 0 0
1387992600 0 0 0 0
1387990800 0 0 0 0
1387989000 0 0 0 0
1387987200 0 0 0 0
1387985400 0 0 0 0
1387983600 0 0 0 0
1387981800 0 0 0 0
1387980000 0 0 0 0
1387978200 0 0 0 0
1387976400 0 0 0 0
1387974600 0 0 0 0
1387972800 0 0 0 0
1387971000 0 0 0 0
1387969200 0 0 0 0
1387967400 0 0 0 0
1387965600 0 0 0 0
1387963800 0 0 0 0
1387962000 0 0 0 0
1387960200 0 0 0 0
1387958400 0 0 0 0
1387956600 0 0 0 0
1387954800 0 0 0 0
1387953000 0 0 0 0
1387951200 0 0 0 0
1387949400 0 0 0 0
1387947600 0 0 0 0
1387945800 0 0 0 0
1387944000 0 0 0 0
1387942200 0 0 0 0
1387940400 0 0 0 0
1387938600 0 0 0 0
1387936800 0 0 0 0
1387935000 0 0 0 0
1387933200 0 0 0 0
1387931400 0 0 0 0
1387929600 0 0 0 0
1387927800 0 0 0 0
1387926000 0 0 0 0
1387924200 0 0 0 0
1387922400 0 0 0 0
1387920600 0 0 0 0
1387918800 0 0 0 0
1387917000 0 0 0 0
1387915200 0 0 0 0
1387913400 0 0 0 0
1387911600 0 0 0 0
1387909800 0 0 0 0
1387908000 0 0 0 0
1387906200 0 0 0 0
1387904400 0 0 0 0
1387902600 0 0 0 0
1387900800 0 0 0 0
1387899000 0 0 0 0
1387897200 0 0 0 0
1387895400 0 0 0 0
1387893600 0 0 0 0
1387891800 0 0 0 0
1387890000 0 0 0 0
1387888200 0 0 0 0
1387886400 0 0 0 0
1387884600 0 0 0 0
1387882800 0 0 0 0
1387881000 0 0 0 0
1387879200 0 0 0 0
1387877400 0 0 0 0
1387875600 0 0 0 0
1387873800 0 0 0 0
1387872000 0 0 0 0
1387870200 0 0 0 0
1387868400 0 0 0 0
1387866600 0 0 0 0
1387864800 0 0 0 0
1387863000 0 0 0 0
1387861200 0 0 0 0
1387859400 0 0 0 0
1387857600 0 0 0 0
1387855800 0 0 0 0
1387854000 0 0 0 0
1387852200 0 0 0 0
1387850400 0 0 0 0
1387848600 0 0 0 0
1387846800 0 0 0 0
1387845000 0 0 0 0
1387843200 0 0 0 0
1387841400 0 0 0 0
1387839600 0 0 0 0
1387837800 0 0 0 0
1387836000 0 0 0 0
1387834200 0 0 0 0
1387832400 0 0 0 0
1387830600 0 0 0 0
1387828800 0 0 0 0
1387827000 0 0 0 0
1387825200 0 0 0 0
1387823400 0 0 0 0
1387821600 0 0 0 0
1387819800 0 0 0 0
1387818000 0 0 0 0
1387816200 0 0 0 0
1387814400 0 0 0 0
1387812600 0 0 0 0
1387810800 0 0 0 0
1387809000 0 0 0 0
1387807200 0 0 0 0
1387805400 0 0 0 0
1387803600 0 0 0 0
1387801800 0 0 0 0
1387800000 0 0 0 0
1387798200 0 0 0 0
1387796400 0 0 0 0
1387794600 0 0 0 0
1387792800 0 0 0 0
1387791000 0 0 0 0
1387789200 0 0 0 0
1387787400 0 0 0 0
1387785600 0 0 0 0
1387783800 0 0 0 0
1387782000 0 0 0 0
1387780200 0 0 0 0
1387778400 0 0 0 0
1387776600 0 0 0 0
1387774800 0 0 0 0
1387773000 0 0 0 0
1387771200 0 0 0 0
1387769400 0 0 0 0
1387767600 0 0 0 0
1387765800 0 0 0 0
1387764000 0 0 0 0
1387762200 0 0 0 0
1387760400 0 0 0 0
1387758600 0 0 0 0
1387756800 0 0 0 0
1387755000 0 0 0 0
1387753200 0 0 0 0
1387751400 0 0 0 0
1387749600 0 0 0 0
1387747800 0 0 0 0
1387746000 0 0 0 0
1387744200 0 0 0 0
1387742400 0 0 0 0
1387740600 0 0 0 0
1387738800 0 0 0 0
1387737000 0 0 0 0
1387735200 0 0 0 0
1387733400 0 0 0 0
1387731600 0 0 0 0
1387729800 0 0 0 0
1387728000 0 0 0 0
1387726200 0 0 0 0
1387724400 0 0 0 0
1387722600 0 0 0 0
1387720800 0 0 0 0
1387719000 0 0 0 0
1387717200 0 0 0 0
1387715400 0 0 0 0
1387713600 0 0 0 0
1387711800 0 0 0 0
1387710000 0 0 0 0
1387708200 0 0 0 0
1387706400 0 0 0 0
1387704600 0 0 0 0
1387702800 0 0 0 0
1387701000 0 0 0 0
1387699200 0 0 0 0
1387697400 0 0 0 0
1387695600 0 0 0 0
1387693800 0 0 0 0
1387692000 0 0 0 0
1387690200 0 0 0 0
1387688400 0 0 0 0
1387686600 0 0 0 0
1387684800 0 0 0 0
1387683000 0 0 0 0
1387681200 0 0 0 0
1387679400 0 0 0 0
1387677600 0 0 0 0
1387675800 0 0 0 0
1387674000 0 0 0 0
1387672200 0 0 0 0
1387670400 0 0 0 0
1387668600 0 0 0 0
1387666800 0 0 0 0
1387665000 0 0 0 0
1387663200 0 0 0 0
1387661400 0 0 0 0
1387659600 0 0 0 0
1387657800 0 0 0 0
1387656000 0 0 0 0
1387654200 0 0 0 0
1387652400 0 0 0 0
1387650600 0 0 0 0
1387648800 0 0 0 0
1387647000 0 0 0 0
1387645200 0 0 0 0
1387643400 0 0 0 0
1387641600 0 0 0 0
1387639800 0 0 0 0
1387638000 0 0 0 0
1387636200 0 0 0 0
1387634400 0 0 0 0
1387632600 0 0 0 0
1387630800 0 0 0 0
1387629000 0 0 0 0
1387627200 0 0 0 0
1387625400 0 0 0 0
1387623600 0 0 0 0
1387621800 0 0 0 0
1387620000 0 0 0 0
1387618200 0 0 0 0
1387616400 0 0 0 0
1387614600 0 0 0 0
1387612800 0 0 0 0
1387611000 0 0 0 0
1387609200 0 0 0 0
1387607400 0 0 0 0
1387605600 0 0 0 0
1387603800 0 0 0 0
1387602000 0 0 0 0
1387600200 0 0 0 0
1387598400 0 0 0 0
1387596600 0 0 0 0
1387594800 0 0 0 0
1387593000 0 0 0 0
1387591200 0 0 0 0
1387589400 0 0 0 0
1387587600 0 0 0 0
1387585800 0 0 0 0
1387584000 0 0 0 0
1387582200 0 0 0 0
1387580400 0 0 0 0
1387578600 0 0 0 0
1387576800 0 0 0 0
1387575000 0 0 0 0
1387573200 0 0 0 0
1387571400 0 0 0 0
1387569600 0 0 0 0
1387567800 0 0 0 0
1387566000 0 0 0 0
1387564200 0 0 0 0
1387562400 0 0 0 0
1387560600 0 0 0 0
1387558800 0 0 0 0
1387557000 0 0 0 0
1387555200 0 0 0 0
1387553400 0 0 0 0
1387551600 0 0 0 0
1387549800 0 0 0 0
1387548000 0 0 0 0
1387546200 0 0 0 0
1387544400 0 0 0 0
1387542600 0 0 0 0
1387540800 0 0 0 0
1387539000 0 0 0 0
1387537200 0 0 0 0
1387535400 0 0 0 0
1387533600 0 0 0 0
1387531800 0 0 0 0
1387530000 0 0 0 0
1387528200 0 0 0 0
1387526400 0 0 0 0
1387524600 0 0 0 0
1387522800 0 0 0 0
1387521000 0 0 0 0
1387519200 0 0 0 0
1387517400 0 0 0 0
1387515600 0 0 0 0
1387513800 0 0 0 0
1387512000 0 0 0 0
1387510200 0 0 0 0
1387508400 0 0 0 0
1387506600 0 0 0 0
1387504800 0 0 0 0
1387503000 0 0 0 0
1387501200 0 0 0 0
1387499400 0 0 0 0
1387497600 0 0 0 0
1387495800 0 0 0 0
1387494000 0 0 0 0
1387492200 0 0 0 0
1387490400 0 0 0 0
1387488600 0 0 0 0
1387486800 0 0 0 0
1387485000 0 0 0 0
1387483200 0 0 0 0
1387481400 0 0 0 0
1387479600 0 0 0 0
1387477800 0 0 0 0
1387476000 0 0 0 0
1387474200 0 0 0 0
1387472400 0 0 0 0
1387470600 0 0 0 0
1387468800 0 0 0 0
1387467000 0 0 0 0
1387465200 0 0 0 0
1387463400 0 0 0 0
1387461600 0 0 0 0
1387459800 0 0 0 0
1387458000 0 0 0 0
1387456200 0 0 0 0
1387454400 0 0 0 0
1387452600 0 0 0 0
1387450800 0 0 0 0
1387449000 0 0 0 0
1387447200 0 0 0 0
1387445400 0 0 0 0
1387443600 0 0 0 0
1387441800 0 0 0 0
1387440000 0 0 0 0
1387438200 0 0 0 0
1387436400 0 0 0 0
1387434600 0 0 0 0
1387432800 0 0 0 0
1387431000 0 0 0 0
1387429200 0 0 0 0
1387427400 0 0 0 0
1387425600 0 0 0 0
1387423800 0 0 0 0
1387422000 0 0 0 0
1387420200 0 0 0 0
1387418400 0 0 0 0
1387416600 0 0 0 0
1387414800 0 0 0 0
1387413000 0 0 0 0
1387411200 0 0 0 0
1387409400 0 0 0 0
1387407600 0 0 0 0
1387405800 0 0 0 0
1387404000 0 0 0 0
1387402200 0 0 0 0
1387400400 0 0 0 0
1387398600 0 0 0 0
1387396800 0 0 0 0
1387395000 0 0 0 0
1387393200 0 0 0 0
1387391400 0 0 0 0
1387389600 0 0 0 0
1387387800 0 0 0 0
1387386000 0 0 0 0
1387384200 0 0 0 0
1387382400 0 0 0 0
1387380600 0 0 0 0
1387378800 0 0 0 0
1387377000 0 0 0 0
1387375200 0 0 0 0
1387373400 0 0 0 0
1387371600 0 0 0 0
1387369800 0 0 0 0
1387368000 0 0 0 0
1387366200 0 0 0 0
1387364400 0 0 0 0
1387362600 0 0 0 0
1387360800 0 0 0 0
1387359000 0 0 0 0
1387357200 0 0 0 0
1387355400 0 0 0 0
1387353600 0 0 0 0
1387351800 0 0 0 0
1387350000 0 0 0 0
1387348200 0 0 0 0
1387346400 0 0 0 0
1387344600 0 0 0 0
1387342800 0 0 0 0
1387341000 0 0 0 0
1387339200 0 0 0 0
1387337400 0 0 0 0
1387335600 0 0 0 0
1387333800 0 0 0 0
1387332000 0 0 0 0
1387330200 0 0 0 0
1387328400 0 0 0 0
1387326600 0 0 0 0
1387324800 0 0 0 0
1387323000 0 0 0 0
1387321200 0 0 0 0
1387319400 0 0 0 0
1387317600 0 0 0 0
1387315800 0 0 0 0
1387314000 0 0 0 0
1387312200 0 0 0 0
1387310400 0 0 0 0
1387308600 0 0 0 0
1387306800 0 0 0 0
1387305000 0 0 0 0
1387303200 0 0 0 0
1387301400 0 0 0 0
1387299600 0 0 0 0
1387297800 0 0 0 0
1387296000 0 0 0 0
1387294200 0 0 0 0
1387292400 0 0 0 0
1387290600 0 0 0 0
1387288800 0 0 0 0
1387287000 0 0 0 0
1387285200 0 0 0 0
1387283400 0 0 0 0
1387281600 0 0 0 0
1387279800 0 0 0 0
1387278000 0 0 0 0
1387276200 0 0 0 0
1387274400 0 0 0 0
1387272600 0 0 0 0
1387270800 0 0 0 0
1387269000 0 0 0 0
1387267200 0 0 0 0
1387265400 0 0 0 0
1387263600 0 0 0 0
1387261800 0 0 0 0
1387260000 0 0 0 0
1387258200 0 0 0 0
1387256400 0 0 0 0
1387254600 0 0 0 0
1387252800 0 0 0 0
1387251000 0 0 0 0
1387249200 0 0 0 0
1387247400 0 0 0 0
1387245600 0 0 0 0
1387243800 0 0 0 0
1387242000 0 0 0 0
1387240200 0 0 0 0
1387238400 0 0 0 0
1387236600 0 0 0 0
1387234800 0 0 0 0
1387233000 0 0 0 0
1387231200 0 0 0 0
1387229400 0 0 0 0
1387227600 0 0 0 0
1387225800 0 0 0 0
1387224000 0 0 0 0
1387222200 0 0 0 0
1387220400 0 0 0 0
1387218600 0 0 0 0
1387216800 0 0 0 0
1387215000 0 0 0 0
1387213200 0 0 0 0
1387211400 0 0 0 0
1387209600 0 0 0 0
1387207800 0 0 0 0
1387206000 0 0 0 0
1387204200 0 0 0 0
1387202400 0 0 0 0
1387200600 0 0 0 0
1387198800 0 0 0 0
1387197000 0 0 0 0
1387195200 0 0 0 0
1387193400 0 0 0 0
1387191600 0 0 0 0
1387189800 0 0 0 0
1387188000 0 0 0 0
1387186200 0 0 0 0
1387184400 0 0 0 0
1387182600 0 0 0 0
1387180800 0 0 0 0
1387179000 0 0 0 0
1387177200 0 0 0 0
1387175400 0 0 0 0
1387173600 0 0 0 0
1387171800 0 0 0 0
1387170000 0 0 0 0
1387168200 0 0 0 0
1387166400 0 0 0 0
1387164600 0 0 0 0
1387162800 0 0 0 0
1387161000 0 0 0 0
1387159200 0 0 0 0
1387157400 0 0 0 0
1387152000 0 0 0 0
1387144800 0 0 0 0
1387137600 0 0 0 0
1387130400 0 0 0 0
1387123200 0 0 0 0
1387116000 0 0 0 0
1387108800 0 0 0 0
1387101600 0 0 0 0
1387094400 0 0 0 0
1387087200 0 0 0 0
1387080000 0 0 0 0
1387072800 0 0 0 0
1387065600 0 0 0 0
1387058400 0 0 0 0
1387051200 0 0 0 0
1387044000 0 0 0 0
1387036800 0 0 0 0
1387029600 0 0 0 0
1387022400 0 0 0 0
1387015200 0 0 0 0
1387008000 0 0 0 0
1387000800 0 0 0 0
1386993600 0 0 0 0
1386986400 0 0 0 0
1386979200 0 0 0 0
1386972000 0 0 0 0
1386964800 0 0 0 0
1386957600 0 0 0 0
1386950400 0 0 0 0
1386943200 0 0 0 0
1386936000 0 0 0 0
1386928800 0 0 0 0
1386921600 0 0 0 0
1386914400 0 0 0 0
1386907200 0 0 0 0
1386900000 0 0 0 0
1386892800 0 0 0 0
1386885600 0 0 0 0
1386878400 0 0 0 0
1386871200 0 0 0 0
1386864000 0 0 0 0
1386856800 0 0 0 0
1386849600 0 0 0 0
1386842400 0 0 0 0
1386835200 0 0 0 0
1386828000 0 0 0 0
1386820800 0 0 0 0
1386813600 0 0 0 0
1386806400 0 0 0 0
1386799200 0 0 0 0
1386792000 0 0 0 0
1386784800 0 0 0 0
1386777600 0 0 0 0
1386770400 0 0 0 0
1386763200 0 0 0 0
1386756000 0 0 0 0
1386748800 0 0 0 0
1386741600 0 0 0 0
1386734400 0 0 0 0
1386727200 0 0 0 0
1386720000 0 0 0 0
1386712800 0 0 0 0
1386705600 0 0 0 0
1386698400 0 0 0 0
1386691200 0 0 0 0
1386684000 0 0 0 0
1386676800 0 0 0 0
1386669600 0 0 0 0
1386662400 0 0 0 0
1386655200 0 0 0 0
1386648000 0 0 0 0
1386640800 0 0 0 0
1386633600 0 0 0 0
1386626400 0 0 0 0
1386619200 0 0 0 0
1386612000 0 0 0 0
1386604800 0 0 0 0
1386597600 0 0 0 0
1386590400 0 0 0 0
1386583200 0 0 0 0
1386576000 0 0 0 0
1386568800 0 0 0 0
1386561600 0 0 0 0
1386554400 0 0 0 0
1386547200 0 0 0 0
1386540000 0 0 0 0
1386532800 0 0 0 0
1386525600 0 0 0 0
1386518400 0 0 0 0
1386511200 0 0 0 0
1386504000 0 0 0 0
1386496800 0 0 0 0
1386489600 0 0 0 0
1386482400 0 0 0 0
1386475200 0 0 0 0
1386468000 0 0 0 0
1386460800 0 0 0 0
1386453600 0 0 0 0
1386446400 0 0 0 0
1386439200 0 0 0 0
1386432000 0 0 0 0
1386424800 0 0 0 0
1386417600 0 0 0 0
1386410400 0 0 0 0
1386403200 0 0 0 0
1386396000 0 0 0 0
1386388800 0 0 0 0
1386381600 0 0 0 0
1386374400 0 0 0 0
1386367200 0 0 0 0
1386360000 0 0 0 0
1386352800 0 0 0 0
1386345600 0 0 0 0
1386338400 0 0 0 0
1386331200 0 0 0 0
1386324000 0 0 0 0
1386316800 0 0 0 0
1386309600 0 0 0 0
1386302400 0 0 0 0
1386295200 0 0 0 0
1386288000 0 0 0 0
1386280800 0 0 0 0
1386273600 0 0 0 0
1386266400 0 0 0 0
1386259200 0 0 0 0
1386252000 0 0 0 0
1386244800 0 0 0 0
1386237600 0 0 0 0
1386230400 0 0 0 0
1386223200 0 0 0 0
1386216000 0 0 0 0
1386208800 0 0 0 0
1386201600 0 0 0 0
1386194400 0 0 0 0
1386187200 0 0 0 0
1386180000 0 0 0 0
1386172800 0 0 0 0
1386165600 0 0 0 0
1386158400 0 0 0 0
1386151200 0 0 0 0
1386144000 0 0 0 0
1386136800 0 0 0 0
1386129600 0 0 0 0
1386122400 0 0 0 0
1386115200 0 0 0 0
1386108000 0 0 0 0
1386100800 0 0 0 0
1386093600 0 0 0 0
1386086400 0 0 0 0
1386079200 0 0 0 0
1386072000 0 0 0 0
1386064800 0 0 0 0
1386057600 0 0 0 0
1386050400 0 0 0 0
1386043200 0 0 0 0
1386036000 0 0 0 0
1386028800 0 0 0 0
1386021600 0 0 0 0
1386014400 0 0 0 0
1386007200 0 0 0 0
1386000000 0 0 0 0
1385992800 0 0 0 0
1385985600 0 0 0 0
1385978400 0 0 0 0
1385971200 0 0 0 0
1385964000 0 0 0 0
1385956800 0 0 0 0
1385949600 0 0 0 0
1385942400 0 0 0 0
1385935200 0 0 0 0
1385928000 0 0 0 0
1385920800 0 0 0 0
1385913600 0 0 0 0
1385906400 0 0 0 0
1385899200 0 0 0 0
1385892000 0 0 0 0
1385884800 0 0 0 0
1385877600 0 0 0 0
1385870400 0 0 0 0
1385863200 0 0 0 0
1385856000 0 0 0 0
1385848800 0 0 0 0
1385841600 0 0 0 0
1385834400 0 0 0 0
1385827200 0 0 0 0
1385820000 0 0 0 0
1385812800 0 0 0 0
1385805600 0 0 0 0
1385798400 0 0 0 0
1385791200 0 0 0 0
1385784000 0 0 0 0
1385776800 0 0 0 0
1385769600 0 0 0 0
1385762400 0 0 0 0
1385755200 0 0 0 0
1385748000 0 0 0 0
1385740800 0 0 0 0
1385733600 0 0 0 0
1385726400 0 0 0 0
1385719200 0 0 0 0
1385712000 0 0 0 0
1385704800 0 0 0 0
1385697600 0 0 0 0
1385690400 0 0 0 0
1385683200 0 0 0 0
1385676000 0 0 0 0
1385668800 0 0 0 0
1385661600 0 0 0 0
1385654400 0 0 0 0
1385647200 0 0 0 0
1385640000 0 0 0 0
1385632800 0 0 0 0
1385625600 0 0 0 0
1385618400 0 0 0 0
1385611200 0 0 0 0
1385604000 0 0 0 0
1385596800 0 0 0 0
1385589600 0 0 0 0
1385582400 0 0 0 0
1385575200 0 0 0 0
1385568000 0 0 0 0
1385560800 0 0 0 0
1385553600 0 0 0 0
1385546400 0 0 0 0
1385539200 0 0 0 0
1385532000 0 0 0 0
1385524800 0 0 0 0
1385517600 0 0 0 0
1385510400 0 0 0 0
1385503200 0 0 0 0
1385496000 0 0 0 0
1385488800 0 0 0 0
1385481600 0 0 0 0
1385474400 0 0 0 0
1385467200 0 0 0 0
1385460000 0 0 0 0
1385452800 0 0 0 0
1385445600 0 0 0 0
1385438400 0 0 0 0
1385431200 0 0 0 0
1385424000 0 0 0 0
1385416800 0 0 0 0
1385409600 0 0 0 0
1385402400 0 0 0 0
1385395200 0 0 0 0
1385388000 0 0 0 0
1385380800 0 0 0 0
1385373600 0 0 0 0
1385366400 0 0 0 0
1385359200 0 0 0 0
1385352000 0 0 0 0
1385344800 0 0 0 0
1385337600 0 0 0 0
1385330400 0 0 0 0
1385323200 0 0 0 0
1385316000 0 0 0 0
1385308800 0 0 0 0
1385301600 0 0 0 0
1385294400 0 0 0 0
1385287200 0 0 0 0
1385280000 0 0 0 0
1385272800 0 0 0 0
1385265600 0 0 0 0
1385258400 0 0 0 0
1385251200 0 0 0 0
1385244000 0 0 0 0
1385236800 0 0 0 0
1385229600 0 0 0 0
1385222400 0 0 0 0
1385215200 0 0 0 0
1385208000 0 0 0 0
1385200800 0 0 0 0
1385193600 0 0 0 0
1385186400 0 0 0 0
1385179200 0 0 0 0
1385172000 0 0 0 0
1385164800 0 0 0 0
1385157600 0 0 0 0
1385150400 0 0 0 0
1385143200 0 0 0 0
1385136000 0 0 0 0
1385128800 0 0 0 0
1385121600 0 0 0 0
1385114400 0 0 0 0
1385107200 0 0 0 0
1385100000 0 0 0 0
1385092800 0 0 0 0
1385085600 0 0 0 0
1385078400 0 0 0 0
1385071200 0 0 0 0
1385064000 0 0 0 0
1385056800 0 0 0 0
1385049600 0 0 0 0
1385042400 0 0 0 0
1385035200 0 0 0 0
1385028000 0 0 0 0
1385020800 0 0 0 0
1385013600 0 0 0 0
1385006400 0 0 0 0
1384999200 0 0 0 0
1384992000 0 0 0 0
1384984800 0 0 0 0
1384977600 0 0 0 0
1384970400 0 0 0 0
1384963200 0 0 0 0
1384956000 0 0 0 0
1384948800 0 0 0 0
1384941600 0 0 0 0
1384934400 0 0 0 0
1384927200 0 0 0 0
1384920000 0 0 0 0
1384912800 0 0 0 0
1384905600 0 0 0 0
1384898400 0 0 0 0
1384891200 0 0 0 0
1384884000 0 0 0 0
1384876800 0 0 0 0
1384869600 0 0 0 0
1384862400 0 0 0 0
1384855200 0 0 0 0
1384848000 0 0 0 0
1384840800 0 0 0 0
1384833600 0 0 0 0
1384826400 0 0 0 0
1384819200 0 0 0 0
1384812000 0 0 0 0
1384804800 0 0 0 0
1384797600 0 0 0 0
1384790400 0 0 0 0
1384783200 0 0 0 0
1384776000 0 0 0 0
1384768800 0 0 0 0
1384761600 0 0 0 0
1384754400 0 0 0 0
1384747200 0 0 0 0
1384740000 0 0 0 0
1384732800 0 0 0 0
1384725600 0 0 0 0
1384718400 0 0 0 0
1384711200 0 0 0 0
1384704000 0 0 0 0
1384696800 0 0 0 0
1384689600 0 0 0 0
1384682400 0 0 0 0
1384675200 0 0 0 0
1384668000 0 0 0 0
1384660800 0 0 0 0
1384653600 0 0 0 0
1384646400 0 0 0 0
1384639200 0 0 0 0
1384632000 0 0 0 0
1384624800 0 0 0 0
1384617600 0 0 0 0
1384610400 0 0 0 0
1384603200 0 0 0 0
1384596000 0 0 0 0
1384588800 0 0 0 0
1384581600 0 0 0 0
1384574400 0 0 0 0
1384567200 0 0 0 0
1384560000 0 0 0 0
1384552800 0 0 0 0
1384545600 0 0 0 0
1384538400 0 0 0 0
1384531200 0 0 0 0
1384524000 0 0 0 0
1384516800 0 0 0 0
1384509600 0 0 0 0
1384502400 0 0 0 0
1384495200 0 0 0 0
1384488000 0 0 0 0
1384480800 0 0 0 0
1384473600 0 0 0 0
1384466400 0 0 0 0
1384459200 0 0 0 0
1384452000 0 0 0 0
1384444800 0 0 0 0
1384437600 0 0 0 0
1384430400 0 0 0 0
1384423200 0 0 0 0
1384416000 0 0 0 0
1384408800 0 0 0 0
1384401600 0 0 0 0
1384394400 0 0 0 0
1384387200 0 0 0 0
1384380000 0 0 0 0
1384372800 0 0 0 0
1384365600 0 0 0 0
1384358400 0 0 0 0
1384351200 0 0 0 0
1384344000 0 0 0 0
1384336800 0 0 0 0
1384329600 0 0 0 0
1384322400 0 0 0 0
1384315200 0 0 0 0
1384308000 0 0 0 0
1384300800 0 0 0 0
1384293600 0 0 0 0
1384286400 0 0 0 0
1384279200 0 0 0 0
1384272000 0 0 0 0
1384264800 0 0 0 0
1384257600 0 0 0 0
1384250400 0 0 0 0
1384243200 0 0 0 0
1384236000 0 0 0 0
1384228800 0 0 0 0
1384221600 0 0 0 0
1384214400 0 0 0 0
1384207200 0 0 0 0
1384200000 0 0 0 0
1384192800 0 0 0 0
1384185600 0 0 0 0
1384178400 0 0 0 0
1384171200 0 0 0 0
1384164000 0 0 0 0
1384156800 0 0 0 0
1384149600 0 0 0 0
1384142400 0 0 0 0
1384135200 0 0 0 0
1384128000 0 0 0 0
1384120800 0 0 0 0
1384113600 0 0 0 0
1384106400 0 0 0 0
1384099200 0 0 0 0
1384092000 0 0 0 0
1384084800 0 0 0 0
1384077600 0 0 0 0
1384070400 0 0 0 0
1384063200 0 0 0 0
1384056000 0 0 0 0
1384048800 0 0 0 0
1384041600 0 0 0 0
1384034400 0 0 0 0
1384027200 0 0 0 0
1384020000 0 0 0 0
1384012800 0 0 0 0
1384005600 0 0 0 0
1383998400 0 0 0 0
1383991200 0 0 0 0
1383984000 0 0 0 0
1383976800 0 0 0 0
1383969600 0 0 0 0
1383962400 0 0 0 0
1383955200 0 0 0 0
1383948000 0 0 0 0
1383940800 0 0 0 0
1383933600 0 0 0 0
1383926400 0 0 0 0
1383919200 0 0 0 0
1383912000 0 0 0 0
1383904800 0 0 0 0
1383897600 0 0 0 0
1383890400 0 0 0 0
1383883200 0 0 0 0
1383876000 0 0 0 0
1383868800 0 0 0 0
1383861600 0 0 0 0
1383854400 0 0 0 0
1383847200 0 0 0 0
1383840000 0 0 0 0
1383832800 0 0 0 0
1383825600 0 0 0 0
1383818400 0 0 0 0
1383811200 0 0 0 0
1383804000 0 0 0 0
1383796800 0 0 0 0
1383789600 0 0 0 0
1383782400 0 0 0 0
1383775200 0 0 0 0
1383768000 0 0 0 0
1383760800 0 0 0 0
1383753600 0 0 0 0
1383746400 0 0 0 0
1383739200 0 0 0 0
1383732000 0 0 0 0
1383724800 0 0 0 0
1383717600 0 0 0 0
1383710400 0 0 0 0
1383703200 0 0 0 0
1383696000 0 0 0 0
1383688800 0 0 0 0
1383681600 0 0 0 0
1383674400 0 0 0 0
1383667200 0 0 0 0
1383660000 0 0 0 0
1383652800 0 0 0 0
1383645600 0 0 0 0
1383638400 0 0 0 0
1383631200 0 0 0 0
1383624000 0 0 0 0
1383616800 0 0 0 0
1383609600 0 0 0 0
1383602400 0 0 0 0
1383595200 0 0 0 0
1383588000 0 0 0 0
1383580800 0 0 0 0
1383573600 0 0 0 0
1383566400 0 0 0 0
1383559200 0 0 0 0
1383552000 0 0 0 0
1383544800 0 0 0 0
1383537600 0 0 0 0
1383530400 0 0 0 0
1383523200 0 0 0 0
1383516000 0 0 0 0
1383508800 0 0 0 0
1383501600 0 0 0 0
1383494400 0 0 0 0
1383487200 0 0 0 0
1383480000 0 0 0 0
1383472800 0 0 0 0
1383465600 0 0 0 0
1383458400 0 0 0 0
1383451200 0 0 0 0
1383444000 0 0 0 0
1383436800 0 0 0 0
1383429600 0 0 0 0
1383422400 0 0 0 0
1383415200 0 0 0 0
1383408000 0 0 0 0
1383400800 0 0 0 0
1383393600 0 0 0 0
1383386400 0 0 0 0
1383379200 0 0 0 0
1383372000 0 0 0 0
1383364800 0 0 0 0
1383357600 0 0 0 0
1383350400 0 0 0 0
1383343200 0 0 0 0
1383336000 0 0 0 0
1383328800 0 0 0 0
1383321600 0 0 0 0
1383314400 0 0 0 0
1383307200 0 0 0 0
1383300000 0 0 0 0
1383292800 0 0 0 0
1383285600 0 0 0 0
1383278400 0 0 0 0
1383271200 0 0 0 0
1383264000 0 0 0 0
1383256800 0 0 0 0
1383249600 0 0 0 0
1383242400 0 0 0 0
1383235200 0 0 0 0
1383228000 0 0 0 0
1383220800 0 0 0 0
1383213600 0 0 0 0
1383206400 0 0 0 0
1383199200 0 0 0 0
1383192000 0 0 0 0
1383184800 0 0 0 0
1383177600 0 0 0 0
1383170400 0 0 0 0
1383163200 0 0 0 0
1383156000 0 0 0 0
1383148800 0 0 0 0
1383141600 0 0 0 0
1383134400 0 0 0 0
1383127200 0 0 0 0
1383120000 0 0 0 0
1383112800 0 0 0 0
1383105600 0 0 0 0
1383098400 0 0 0 0
1383091200 0 0 0 0
1383084000 0 0 0 0
1383076800 0 0 0 0
1383069600 0 0 0 0
1383062400 0 0 0 0
1383055200 0 0 0 0
1383048000 0 0 0 0
1383040800 0 0 0 0
1383033600 0 0 0 0
1383026400 0 0 0 0
1383019200 0 0 0 0
1383012000 0 0 0 0
1383004800 0 0 0 0
1382997600 0 0 0 0
1382990400 0 0 0 0
1382983200 0 0 0 0
1382976000 0 0 0 0
1382968800 0 0 0 0
1382961600 0 0 0 0
1382954400 0 0 0 0
1382947200 0 0 0 0
1382940000 0 0 0 0
1382932800 0 0 0 0
1382925600 0 0 0 0
1382918400 0 0 0 0
1382911200 0 0 0 0
1382904000 0 0 0 0
1382896800 0 0 0 0
1382889600 0 0 0 0
1382882400 0 0 0 0
1382875200 0 0 0 0
1382868000 0 0 0 0
1382860800 0 0 0 0
1382853600 0 0 0 0
1382846400 0 0 0 0
1382839200 0 0 0 0
1382832000 0 0 0 0
1382745600 0 0 0 0
1382659200 0 0 0 0
1382572800 0 0 0 0
1382486400 0 0 0 0
1382400000 0 0 0 0
1382313600 0 0 0 0
1382227200 0 0 0 0
1382140800 0 0 0 0
1382054400 0 0 0 0
1381968000 0 0 0 0
1381881600 0 0 0 0
1381795200 0 0 0 0
1381708800 0 0 0 0
1381622400 0 0 0 0
1381536000 0 0 0 0
1381449600 0 0 0 0
1381363200 0 0 0 0
1381276800 0 0 0 0
1381190400 0 0 0 0
1381104000 0 0 0 0
1381017600 0 0 0 0
1380931200 0 0 0 0
1380844800 0 0 0 0
1380758400 0 0 0 0
1380672000 0 0 0 0
1380585600 0 0 0 0
1380499200 0 0 0 0
1380412800 0 0 0 0
1380326400 0 0 0 0
1380240000 0 0 0 0
1380153600 0 0 0 0
1380067200 0 0 0 0
1379980800 0 0 0 0
1379894400 0 0 0 0
1379808000 0 0 0 0
1379721600 0 0 0 0
1379635200 0 0 0 0
1379548800 0 0 0 0
1379462400 0 0 0 0
1379376000 0 0 0 0
1379289600 0 0 0 0
1379203200 0 0 0 0
1379116800 0 0 0 0
1379030400 0 0 0 0
1378944000 0 0 0 0
1378857600 0 0 0 0
1378771200 0 0 0 0
1378684800 0 0 0 0
1378598400 0 0 0 0
1378512000 0 0 0 0
1378425600 0 0 0 0
1378339200 0 0 0 0
1378252800 0 0 0 0
1378166400 0 0 0 0
1378080000 0 0 0 0
1377993600 0 0 0 0
1377907200 0 0 0 0
1377820800 0 0 0 0
1377734400 0 0 0 0
1377648000 0 0 0 0
1377561600 0 0 0 0
1377475200 0 0 0 0
1377388800 0 0 0 0
1377302400 0 0 0 0
1377216000 0 0 0 0
1377129600 0 0 0 0
1377043200 0 0 0 0
1376956800 0 0 0 0
1376870400 0 0 0 0
1376784000 0 0 0 0
1376697600 0 0 0 0
1376611200 0 0 0 0
1376524800 0 0 0 0
1376438400 0 0 0 0
1376352000 0 0 0 0
1376265600 0 0 0 0
1376179200 0 0 0 0
1376092800 0 0 0 0
1376006400 0 0 0 0
1375920000 0 0 0 0
1375833600 0 0 0 0
1375747200 0 0 0 0
1375660800 0 0 0 0
1375574400 0 0 0 0
1375488000 0 0 0 0
1375401600 0 0 0 0
1375315200 0 0 0 0
1375228800 0 0 0 0
1375142400 0 0 0 0
1375056000 0 0 0 0
1374969600 0 0 0 0
1374883200 0 0 0 0
1374796800 0 0 0 0
1374710400 0 0 0 0
1374624000 0 0 0 0
1374537600 0 0 0 0
1374451200 0 0 0 0
1374364800 0 0 0 0
1374278400 0 0 0 0
1374192000 0 0 0 0
1374105600 0 0 0 0
1374019200 0 0 0 0
1373932800 0 0 0 0
1373846400 0 0 0 0
1373760000 0 0 0 0
1373673600 0 0 0 0
1373587200 0 0 0 0
1373500800 0 0 0 0
1373414400 0 0 0 0
1373328000 0 0 0 0
1373241600 0 0 0 0
1373155200 0 0 0 0
1373068800 0 0 0 0
1372982400 0 0 0 0
1372896000 0 0 0 0
1372809600 0 0 0 0
1372723200 0 0 0 0
1372636800 0 0 0 0
1372550400 0 0 0 0
1372464000 0 0 0 0
1372377600 0 0 0 0
1372291200 0 0 0 0
1372204800 0 0 0 0
1372118400 0 0 0 0
1372032000 0 0 0 0
1371945600 0 0 0 0
1371859200 0 0 0 0
1371772800 0 0 0 0
1371686400 0 0 0 0
1371600000 0 0 0 0
1371513600 0 0 0 0
1371427200 0 0 0 0
1371340800 0 0 0 0
1371254400 0 0 0 0
1371168000 0 0 0 0
1371081600 0 0 0 0
1370995200 0 0 0 0
1370908800 0 0 0 0
1370822400 0 0 0 0
1370736000 0 0 0 0
1370649600 0 0 0 0
1370563200 0 0 0 0
1370476800 0 0 0 0
1370390400 0 0 0 0
1370304000 0 0 0 0
1370217600 0 0 0 0
1370131200 0 0 0 0
1370044800 0 0 0 0
1369958400 0 0 0 0
1369872000 0 0 0 0
1369785600 0 0 0 0
1369699200 0 0 0 0
1369612800 0 0 0 0
1369526400 0 0 0 0
1369440000 0 0 0 0
1369353600 0 0 0 0
1369267200 0 0 0 0
1369180800 0 0 0 0
1369094400 0 0 0 0
1369008000 0 0 0 0
1368921600 0 0 0 0
1368835200 0 0 0 0
1368748800 0 0 0 0
1368662400 0 0 0 0
1368576000 0 0 0 0
1368489600 0 0 0 0
1368403200 0 0 0 0
1368316800 0 0 0 0
1368230400 0 0 0 0
1368144000 0 0 0 0
1368057600 0 0 0 0
1367971200 0 0 0 0
1367884800 0 0 0 0
1367798400 0 0 0 0
1367712000 0 0 0 0
1367625600 0 0 0 0
1367539200 0 0 0 0
1367452800 0 0 0 0
1367366400 0 0 0 0
1367280000 0 0 0 0
1367193600 0 0 0 0
1367107200 0 0 0 0
1367020800 0 0 0 0
1366934400 0 0 0 0
1366848000 0 0 0 0
1366761600 0 0 0 0
1366675200 0 0 0 0
1366588800 0 0 0 0
1366502400 0 0 0 0
1366416000 0 0 0 0
1366329600 0 0 0 0
1366243200 0 0 0 0
1366156800 0 0 0 0
1366070400 0 0 0 0
1365984000 0 0 0 0
1365897600 0 0 0 0
1365811200 0 0 0 0
1365724800 0 0 0 0
1365638400 0 0 0 0
1365552000 0 0 0 0
1365465600 0 0 0 0
1365379200 0 0 0 0
1365292800 0 0 0 0
1365206400 0 0 0 0
1365120000 0 0 0 0
1365033600 0 0 0 0
1364947200 0 0 0 0
1364860800 0 0 0 0
1364774400 0 0 0 0
1364688000 0 0 0 0
1364601600 0 0 0 0
1364515200 0 0 0 0
1364428800 0 0 0 0
1364342400 0 0 0 0
1364256000 0 0 0 0
1364169600 0 0 0 0
1364083200 0 0 0 0
1363996800 0 0 0 0
1363910400 0 0 0 0
1363824000 0 0 0 0
1363737600 0 0 0 0
1363651200 0 0 0 0
1363564800 0 0 0 0
1363478400 0 0 0 0
1363392000 0 0 0 0
1363305600 0 0 0 0
1363219200 0 0 0 0
1363132800 0 0 0 0
1363046400 0 0 0 0
1362960000 0 0 0 0
1362873600 0 0 0 0
1362787200 0 0 0 0
1362700800 0 0 0 0
1362614400 0 0 0 0
1362528000 0 0 0 0
1362441600 0 0 0 0
1362355200 0 0 0 0
1362268800 0 0 0 0
1362182400 0 0 0 0
1362096000 0 0 0 0
1362009600 0 0 0 0
1361923200 0 0 0 0
1361836800 0 0 0 0
1361750400 0 0 0 0
1361664000 0 0 0 0
1361577600 0 0 0 0
1361491200 0 0 0 0
1361404800 0 0 0 0
1361318400 0 0 0 0
1361232000 0 0 0 0
1361145600 0 0 0 0
1361059200 0 0 0 0
1360972800 0 0 0 0
1360886400 0 0 0 0
1360800000 0 0 0 0
1360713600 0 0 0 0
1360627200 0 0 0 0
1360540800 0 0 0 0
1360454400 0 0 0 0
1360368000 0 0 0 0
1360281600 0 0 0 0
1360195200 0 0 0 0
1360108800 0 0 0 0
1360022400 0 0 0 0
1359936000 0 0 0 0
1359849600 0 0 0 0
1359763200 0 0 0 0
1359676800 0 0 0 0
1359590400 0 0 0 0
1359504000 0 0 0 0
1359417600 0 0 0 0
1359331200 0 0 0 0
1359244800 0 0 0 0
1359158400 0 0 0 0
1359072000 0 0 0 0
1358985600 0 0 0 0
1358899200 0 0 0 0
1358812800 0 0 0 0
1358726400 0 0 0 0
1358640000 0 0 0 0
1358553600 0 0 0 0
1358467200 0 0 0 0
1358380800 0 0 0 0
1358294400 0 0 0 0
1358208000 0 0 0 0
1358121600 0 0 0 0
1358035200 0 0 0 0
1357948800 0 0 0 0
1357862400 0 0 0 0
1357776000 0 0 0 0
1357689600 0 0 0 0
1357603200 0 0 0 0
1357516800 0 0 0 0
1357430400 0 0 0 0
1357344000 0 0 0 0
1357257600 0 0 0 0
1357171200 0 0 0 0
1357084800 0 0 0 0
1356998400 0 0 0 0
1356912000 0 0 0 0
1356825600 0 0 0 0
1356739200 0 0 0 0
1356652800 0 0 0 0
1356566400 0 0 0 0
1356480000 0 0 0 0
1356393600 0 0 0 0
1356307200 0 0 0 0
1356220800 0 0 0 0
1356134400 0 0 0 0
1356048000 0 0 0 0
1355961600 0 0 0 0
1355875200 0 0 0 0
1355788800 0 0 0 0
1355702400 0 0 0 0
1355616000 0 0 0 0
1355529600 0 0 0 0
1355443200 0 0 0 0
1355356800 0 0 0 0
1355270400 0 0 0 0
1355184000 0 0 0 0
1355097600 0 0 0 0
1355011200 0 0 0 0
1354924800 0 0 0 0
1354838400 0 0 0 0
1354752000 0 0 0 0
1354665600 0 0 0 0
1354579200 0 0 0 0
1354492800 0 0 0 0
1354406400 0 0 0 0
1354320000 0 0 0 0
1354233600 0 0 0 0
1354147200 0 0 0 0
1354060800 0 0 0 0
1353974400 0 0 0 0
1353888000 0 0 0 0
1353801600 0 0 0 0
1353715200 0 0 0 0
1353628800 0 0 0 0
1353542400 0 0 0 0
1353456000 0 0 0 0
1353369600 0 0 0 0
1353283200 0 0 0 0
1353196800 0 0 0 0
1353110400 0 0 0 0
1353024000 0 0 0 0
1352937600 0 0 0 0
1352851200 0 0 0 0
1352764800 0 0 0 0
1352678400 0 0 0 0
1352592000 0 0 0 0
1352505600 0 0 0 0
1352419200 0 0 0 0
1352332800 0 0 0 0
1352246400 0 0 0 0
1352160000 0 0 0 0
1352073600 0 0 0 0
1351987200 0 0 0 0
1351900800 0 0 0 0
1351814400 0 0 0 0
1351728000 0 0 0 0
1351641600 0 0 0 0
1351555200 0 0 0 0
1351468800 0 0 0 0
1351382400 0 0 0 0
1351296000 0 0 0 0
1351209600 0 0 0 0
1351123200 0 0 0 0
1351036800 0 0 0 0
1350950400 0 0 0 0
1350864000 0 0 0 0
1350777600 0 0 0 0
1350691200 0 0 0 0
1350604800 0 0 0 0
1350518400 0 0 0 0
1350432000 0 0 0 0
1350345600 0 0 0 0
1350259200 0 0 0 0
1350172800 0 0 0 0
1350086400 0 0 0 0
1350000000 0 0 0 0
1349913600 0 0 0 0
1349827200 0 0 0 0
1349740800 0 0 0 0
1349654400 0 0 0 0
1349568000 0 0 0 0
1349481600 0 0 0 0
1349395200 0 0 0 0
1349308800 0 0 0 0
1349222400 0 0 0 0
1349136000 0 0 0 0
1349049600 0 0 0 0
1348963200 0 0 0 0
1348876800 0 0 0 0
1348790400 0 0 0 0
1348704000 0 0 0 0
1348617600 0 0 0 0
1348531200 0 0 0 0
1348444800 0 0 0 0
1348358400 0 0 0 0
1348272000 0 0 0 0
1348185600 0 0 0 0
1348099200 0 0 0 0
1348012800 0 0 0 0
1347926400 0 0 0 0
1347840000 0 0 0 0
1347753600 0 0 0 0
1347667200 0 0 0 0
1347580800 0 0 0 0
1347494400 0 0 0 0
1347408000 0 0 0 0
1347321600 0 0 0 0
1347235200 0 0 0 0
1347148800 0 0 0 0
1347062400 0 0 0 0
1346976000 0 0 0 0
1346889600 0 0 0 0
1346803200 0 0 0 0
1346716800 0 0 0 0
1346630400 0 0 0 0
1346544000 0 0 0 0
1346457600 0 0 0 0
1346371200 0 0 0 0
1346284800 0 0 0 0
1346198400 0 0 0 0
1346112000 0 0 0 0
1346025600 0 0 0 0
1345939200 0 0 0 0
1345852800 0 0 0 0
1345766400 0 0 0 0
1345680000 0 0 0 0
1345593600 0 0 0 0
1345507200 0 0 0 0
1345420800 0 0 0 0
1345334400 0 0 0 0
1345248000 0 0 0 0
1345161600 0 0 0 0
1345075200 0 0 0 0
1344988800 0 0 0 0
1344902400 0 0 0 0
1344816000 0 0 0 0
1344729600 0 0 0 0
1344643200 0 0 0 0
1344556800 0 0 0 0
1344470400 0 0 0 0
1344384000 0 0 0 0
1344297600 0 0 0 0
1344211200 0 0 0 0
1344124800 0 0 0 0
1344038400 0 0 0 0
1343952000 0 0 0 0
1343865600 0 0 0 0
1343779200 0 0 0 0
1343692800 0 0 0 0
1343606400 0 0 0 0
1343520000 0 0 0 0
1343433600 0 0 0 0
1343347200 0 0 0 0
1343260800 0 0 0 0
1343174400 0 0 0 0
1343088000 0 0 0 0
1343001600 0 0 0 0
1342915200 0 0 0 0
1342828800 0 0 0 0
1342742400 0 0 0 0
1342656000 0 0 0 0
1342569600 0 0 0 0
1342483200 0 0 0 0
1342396800 0 0 0 0
1342310400 0 0 0 0
1342224000 0 0 0 0
1342137600 0 0 0 0
1342051200 0 0 0 0
1341964800 0 0 0 0
1341878400 0 0 0 0
1341792000 0 0 0 0
1341705600 0 0 0 0
1341619200 0 0 0 0
1341532800 0 0 0 0
1341446400 0 0 0 0
1341360000 0 0 0 0
1341273600 0 0 0 0
1341187200 0 0 0 0
1341100800 0 0 0 0
1341014400 0 0 0 0
1340928000 0 0 0 0
1340841600 0 0 0 0
1340755200 0 0 0 0
1340668800 0 0 0 0
1340582400 0 0 0 0
1340496000 0 0 0 0
1340409600 0 0 0 0
1340323200 0 0 0 0
1340236800 0 0 0 0
1340150400 0 0 0 0
1340064000 0 0 0 0
1339977600 0 0 0 0
1339891200 0 0 0 0
1339804800 0 0 0 0
1339718400 0 0 0 0
1339632000 0 0 0 0
1339545600 0 0 0 0
1339459200 0 0 0 0
1339372800 0 0 0 0
1339286400 0 0 0 0
1339200000 0 0 0 0
1339113600 0 0 0 0
1339027200 0 0 0 0
1338940800 0 0 0 0
1338854400 0 0 0 0
1338768000 0 0 0 0
1338681600 0 0 0 0
1338595200 0 0 0 0
1338508800 0 0 0 0
1338422400 0 0 0 0
1338336000 0 0 0 0
1338249600 0 0 0 0
1338163200 0 0 0 0
1338076800 0 0 0 0
1337990400 0 0 0 0
1337904000 0 0 0 0
1337817600 0 0 0 0
1337731200 0 0 0 0
1337644800 0 0 0 0
1337558400 0 0 0 0
1337472000 0 0 0 0
1337385600 0 0 0 0
1337299200 0 0 0 0
1337212800 0 0 0 0
1337126400 0 0 0 0
1337040000 0 0 0 0
1336953600 0 0 0 0
1336867200 0 0 0 0
1336780800 0 0 0 0
1336694400 0 0 0 0
1336608000 0 0 0 0
1336521600 0 0 0 0
1336435200 0 0 0 0
1336348800 0 0 0 0
1336262400 0 0 0 0
1336176000 0 0 0 0
1336089600 0 0 0 0
1336003200 0 0 0 0
1335916800 0 0 0 0
1335830400 0 0 0 0
1335744000 0 0 0 0
1335657600 0 0 0 0
1335571200 0 0 0 0
1335484800 0 0 0 0
1335398400 0 0 0 0
1335312000 0 0 0 0
1335225600 0 0 0 0
1335139200 0 0 0 0
1335052800 0 0 0 0
1334966400 0 0 0 0
1334880000 0 0 0 0
1334793600 0 0 0 0
1334707200 0 0 0 0
1334620800 0 0 0 0
1334534400 0 0 0 0
1334448000 0 0 0 0
1334361600 0 0 0 0
1334275200 0 0 0 0
1334188800 0 0 0 0
1334102400 0 0 0 0
1334016000 0 0 0 0
1333929600 0 0 0 0
1333843200 0 0 0 0
1333756800 0 0 0 0
1333670400 0 0 0 0
1333584000 0 0 0 0
1333497600 0 0 0 0
1333411200 0 0 0 0
1333324800 0 0 0 0
1333238400 0 0 0 0
1333152000 0 0 0 0
1333065600 0 0 0 0
1332979200 0 0 0 0
1332892800 0 0 0 0
1332806400 0 0 0 0
1332720000 0 0 0 0
1332633600 0 0 0 0
1332547200 0 0 0 0
1332460800 0 0 0 0
1332374400 0 0 0 0
1332288000 0 0 0 0
1332201600 0 0 0 0
1332115200 0 0 0 0
1332028800 0 0 0 0
1331942400 0 0 0 0
1331856000 0 0 0 0
1331769600 0 0 0 0
1331683200 0 0 0 0
1331596800 0 0 0 0
1331510400 0 0 0 0
1331424000 0 0 0 0
1331337600 0 0 0 0
1331251200 0 0 0 0
1331164800 0 0 0 0
1331078400 0 0 0 0
1330992000 0 0 0 0
1330905600 0 0 0 0
1330819200 0 0 0 0
1330732800 0 0 0 0
1330646400 0 0 0 0
1330560000 0 0 0 0
1330473600 0 0 0 0
1330387200 0 0 0 0
1330300800 0 0 0 0
1330214400 0 0 0 0
1330128000 0 0 0 0
1330041600 0 0 0 0
1329955200 0 0 0 0
1329868800 0 0 0 0
1329782400 0 0 0 0
1329696000 0 0 0 0
1329609600 0 0 0 0
1329523200 0 0 0 0
1329436800 0 0 0 0
1329350400 0 0 0 0
1329264000 0 0 0 0
1329177600 0 0 0 0
1329091200 0 0 0 0
1329004800 0 0 0 0
1328918400 0 0 0 0
1328832000 0 0 0 0
1328745600 0 0 0 0
1328659200 0 0 0 0
1328572800 0 0 0 0
1328486400 0 0 0 0
1328400000 0 0 0 0
1328313600 0 0 0 0
1328227200 0 0 0 0
1328140800 0 0 0 0
1328054400 0 0 0 0
1327968000 0 0 0 0
1327881600 0 0 0 0
1327795200 0 0 0 0
1327708800 0 0 0 0
1327622400 0 0 0 0
1327536000 0 0 0 0
1327449600 0 0 0 0
1327363200 0 0 0 0
1327276800 0 0 0 0
1327190400 0 0 0 0
1327104000 0 0 0 0
1327017600 0 0 0 0
1326931200 0 0 0 0
1326844800 0 0 0 0
1326758400 0 0 0 0
1326672000 0 0 0 0
1326585600 0 0 0 0
1326499200 0 0 0 0
1326412800 0 0 0 0
1326326400 0 0 0 0
1326240000 0 0 0 0
1326153600 0 0 0 0
1326067200 0 0 0 0
1325980800 0 0 0 0
1325894400 0 0 0 0
1325808000 0 0 0 0
1325721600 0 0 0 0
1325635200 0 0 0 0
1325548800 0 0 0 0
1325462400 0 0 0 0
1325376000 0 0 0 0
1325289600 0 0 0 0
1325203200 0 0 0 0
1325116800 0 0 0 0
1325030400 0 0 0 0
1324944000 0 0 0 0
1324857600 0 0 0 0
1324771200 0 0 0 0
1324684800 0 0 0 0
1324598400 0 0 0 0
1324512000 0 0 0 0
1324425600 0 0 0 0
1324339200 0 0 0 0
1324252800 0 0 0 0
1324166400 0 0 0 0
1324080000 0 0 0 0
1323993600 0 0 0 0
1323907200 0 0 0 0
1323820800 0 0 0 0
1323734400 0 0 0 0
1323648000 0 0 0 0
1323561600 0 0 0 0
1323475200 0 0 0 0
1323388800 0 0 0 0
1323302400 0 0 0 0
1323216000 0 0 0 0
1323129600 0 0 0 0
1323043200 0 0 0 0
1322956800 0 0 0 0
1322870400 0 0 0 0
1322784000 0 0 0 0
1322697600 0 0 0 0
1322611200 0 0 0 0
1322524800 0 0 0 0
1322438400 0 0 0 0
1322352000 0 0 0 0
1322265600 0 0 0 0
1322179200 0 0 0 0
1322092800 0 0 0 0
1322006400 0 0 0 0
1321920000 0 0 0 0
1321833600 0 0 0 0
1321747200 0 0 0 0
1321660800 0 0 0 0
1321574400 0 0 0 0
1321488000 0 0 0 0
1321401600 0 0 0 0
1321315200 0 0 0 0
1321228800 0 0 0 0
1321142400 0 0 0 0
1321056000 0 0 0 0
1320969600 0 0 0 0
1320883200 0 0 0 0
1320796800 0 0 0 0
1320710400 0 0 0 0
1320624000 0 0 0 0
1320537600 0 0 0 0
1320451200 0 0 0 0
1320364800 0 0 0 0
1320278400 0 0 0 0
1320192000 0 0 0 0
1320105600 0 0 0 0
1320019200 0 0 0 0
1319932800 0 0 0 0
1319846400 0 0 0 0
1319760000 0 0 0 0
1319673600 0 0 0 0
