1397587463 0 6408
1397587463 0 0 0 0
1397587442 0 0 0 0
1397587200 0 0 0 17
1397586900 0 15 0 30
1397586600 0 0 0 9
1397586300 0 0 0 0
1397586000 0 0 0 0
1397585700 0 0 0 0
1397585400 0 0 0 0
1397585100 0 0 0 0
1397584800 0 0 0 13
1397584500 0 7 0 15
1397584200 0 1 0 15
1397583900 0 6 0 16
1397583600 0 3 0 45
1397583300 0 47 0 85
1397583000 0 79 0 123
1397582700 0 72 0 99
1397582400 0 22 0 122
1397582100 0 0 0 14
1397581800 0 0 0 31
1397581500 0 29 0 74
1397581200 0 6 0 74
1397580900 0 24 0 128
1397580600 0 33 0 269
1397580300 0 0 0 0
1397580000 0 0 0 14
1397579700 0 0 0 17
1397579400 0 8 0 38
1397579100 0 0 0 11
1397578800 0 0 0 14
1397578500 0 0 0 8
1397578200 0 0 0 14
1397577900 0 0 0 0
1397577600 0 0 0 0
1397577300 0 0 0 0
1397577000 0 0 0 0
1397576700 0 0 0 22
1397576400 0 0 0 0
1397576100 0 0 0 17
1397575800 0 6 0 25
1397575500 0 0 0 0
1397575200 0 0 0 0
1397574900 0 0 0 14
1397574600 0 0 0 14
1397574300 0 0 0 0
1397574000 0 0 0 0
1397573700 0 0 0 0
1397573400 0 0 0 0
1397573100 2609 56 13066 300
1397572800 13066 300 13066 300
1397572500 6735 160 13066 300
1397572200 0 0 0 7
1397571900 0 0 0 0
1397571600 0 0 0 0
1397571300 0 0 0 0
1397571000 0 0 0 0
1397570700 0 0 0 0
1397570400 0 0 0 0
1397570100 0 0 0 0
1397569800 0 0 0 8
1397569500 0 4 0 8
1397569200 0 4 0 9
1397568900 0 3 0 7
1397568600 0 0 0 7
1397568300 0 0 0 0
1397568000 0 0 0 0
1397567700 0 0 0 0
1397567400 0 0 0 0
1397567100 0 0 0 0
1397566800 0 0 0 0
1397566500 0 0 0 0
1397566200 0 0 0 10
1397565900 0 4 0 10
1397565600 0 4 0 7
1397565300 0 4 0 7
1397565000 0 0 0 7
1397564700 0 0 0 0
1397564400 0 0 0 0
1397564100 0 0 0 0
1397563800 0 0 0 0
1397563500 0 0 0 0
1397563200 0 0 0 0
1397562900 0 0 0 0
1397562600 0 0 0 7
1397562300 0 3 0 7
1397562000 0 4 0 9
1397561700 0 5 0 7
1397561400 0 0 0 7
1397561100 0 0 0 0
1397560800 0 0 0 0
1397560500 0 0 0 0
1397560200 0 0 0 0
1397559900 0 0 0 0
1397559600 0 0 0 0
1397559300 0 0 0 0
1397559000 0 0 0 7
1397558700 0 3 0 8
1397558400 0 4 0 7
1397558100 0 2 0 7
1397557800 0 0 0 7
1397557500 0 0 0 0
1397557200 0 0 0 0
1397556900 0 0 0 0
1397556600 0 0 0 0
1397556300 0 0 0 0
1397556000 0 0 0 0
1397555700 0 0 0 0
1397555400 0 0 0 7
1397555100 0 5 0 8
1397554800 0 3 0 8
1397554500 0 3 0 7
1397554200 0 0 0 7
1397553900 0 0 0 0
1397553600 0 0 0 0
1397553300 0 0 0 0
1397553000 0 0 0 0
1397552700 0 0 0 0
1397552400 0 0 0 0
1397552100 0 0 0 0
1397551800 0 0 0 7
1397551500 0 4 0 7
1397551200 0 4 0 7
1397550900 0 3 0 7
1397550600 0 0 0 7
1397550300 0 0 0 0
1397550000 0 0 0 0
1397549700 0 0 0 0
1397549400 0 0 0 0
1397549100 0 0 0 0
1397548800 0 0 0 0
1397548500 0 0 0 0
1397548200 0 0 0 8
1397547900 0 4 0 8
1397547600 0 4 0 7
1397547300 0 4 0 8
1397547000 0 0 0 7
1397546700 0 0 0 0
1397546400 0 0 0 0
1397546100 0 0 0 0
1397545800 0 0 0 0
1397545500 0 0 0 0
1397545200 0 0 0 0
1397544900 0 0 0 0
1397544600 0 0 0 7
1397544300 0 4 0 7
1397544000 0 4 0 9
1397543700 0 3 0 9
1397543400 0 0 0 7
1397543100 0 0 0 0
1397542800 0 0 0 0
1397542500 0 0 0 0
1397542200 0 0 0 0
1397541900 0 0 0 0
1397541600 0 0 0 0
1397541300 0 0 0 0
1397541000 0 0 0 7
1397540700 0 4 0 7
1397540400 0 3 0 7
1397540100 0 3 0 7
1397539800 0 0 0 7
1397539500 0 0 0 0
1397539200 0 0 0 0
1397538900 0 0 0 0
1397538600 0 0 0 0
1397538300 0 0 0 0
1397538000 0 0 0 0
1397537700 0 0 0 0
1397537400 0 0 0 7
1397537100 0 4 0 7
1397536800 0 4 0 8
1397536500 0 4 0 8
1397536200 0 0 0 7
1397535900 0 0 0 0
1397535600 0 0 0 0
1397535300 0 0 0 0
1397535000 0 0 0 0
1397534700 0 0 0 0
1397534400 0 0 0 0
1397534100 0 0 0 0
1397533800 0 0 0 7
1397533500 0 5 0 9
1397533200 0 4 0 7
1397532900 0 2 0 7
1397532600 0 0 0 7
1397532300 0 0 0 0
1397532000 0 0 0 0
1397531700 0 0 0 0
1397531400 0 0 0 0
1397531100 0 0 0 0
1397530800 0 0 0 0
1397530500 0 0 0 0
1397530200 0 0 0 10
1397529900 0 3 0 10
1397529600 0 5 0 7
1397529300 0 5 0 8
1397529000 0 0 0 7
1397528700 0 0 0 0
1397528400 0 0 0 0
1397528100 0 0 0 0
1397527800 0 0 0 0
1397527500 0 0 0 0
1397527200 0 0 0 0
1397526900 0 0 0 0
1397526600 0 0 0 8
1397526300 0 4 0 7
1397526000 0 4 0 8
1397525700 0 2 0 8
1397525400 0 0 0 7
1397525100 0 0 0 0
1397524800 0 0 0 0
1397524500 0 0 0 0
1397524200 0 0 0 0
1397523900 0 0 0 0
1397523600 0 0 0 0
1397523300 0 0 0 0
1397523000 0 0 0 7
1397522700 0 3 0 8
1397522400 0 5 0 8
1397522100 0 3 0 7
1397521800 0 0 0 7
1397521500 0 0 0 0
1397521200 0 0 0 0
1397520900 0 0 0 0
1397520600 0 0 0 0
1397520300 0 0 0 0
1397520000 0 0 0 0
1397519700 0 0 0 0
1397519400 0 0 0 7
1397519100 0 3 0 7
1397518800 0 4 0 7
1397518500 0 3 0 7
1397518200 0 0 0 7
1397517900 0 0 0 0
1397517600 0 0 0 0
1397517300 0 0 0 0
1397517000 0 0 0 0
1397516700 0 0 0 0
1397516400 0 0 0 0
1397516100 0 0 0 0
1397515800 0 0 0 7
1397515500 0 4 0 7
1397515200 0 3 0 8
1397514900 0 4 0 8
1397514600 0 0 0 7
1397514300 0 0 0 0
1397514000 0 0 0 0
1397513700 0 0 0 0
1397513400 0 0 0 0
1397513100 0 0 0 0
1397512800 0 0 0 0
1397512500 0 0 0 0
1397512200 0 0 0 8
1397511900 0 4 0 7
1397511600 0 4 0 8
1397511300 0 4 0 8
1397511000 0 0 0 7
1397510700 0 0 0 0
1397510400 0 0 0 0
1397510100 0 0 0 0
1397509800 0 0 0 0
1397509500 0 0 0 0
1397509200 0 0 0 0
1397508900 0 0 0 0
1397508600 0 0 0 7
1397508300 0 3 0 9
1397508000 0 5 0 7
1397507700 0 2 0 7
1397507400 0 0 0 7
1397507100 0 0 0 0
1397506800 0 0 0 0
1397506500 0 0 0 0
1397506200 0 0 0 0
1397505900 0 0 0 0
1397505600 0 0 0 0
1397505300 0 0 0 0
1397505000 0 0 0 7
1397504700 0 4 0 7
1397504400 0 4 0 7
1397504100 0 3 0 7
1397503800 0 0 0 7
1397503500 0 0 0 0
1397503200 0 0 0 0
1397502900 0 0 0 0
1397502600 0 0 0 0
1397502300 0 0 0 0
1397502000 0 0 0 0
1397501700 0 0 0 0
1397501400 0 0 0 7
1397501100 0 4 0 7
1397500800 0 3 0 8
1397500500 0 4 0 8
1397500200 0 0 0 7
1397499900 0 0 0 0
1397499600 0 0 0 0
1397499300 0 0 0 0
1397499000 0 0 0 0
1397498700 0 0 0 0
1397498400 0 0 0 0
1397498100 0 42 0 62
1397497800 0 68 0 89
1397497500 0 103 0 148
1397497200 0 108 0 148
1397496900 0 92 0 175
1397496600 0 102 0 138
1397496300 0 7 0 74
1397496000 0 0 0 0
1397495700 0 0 0 0
1397495400 0 0 0 0
1397495100 0 0 0 0
1397494800 0 0 0 0
1397494500 0 0 0 0
1397494200 0 0 0 7
1397493900 0 3 0 7
1397493600 0 5 0 7
1397493300 0 3 0 7
1397493000 0 0 0 7
1397492700 0 0 0 0
1397492400 0 0 0 0
1397492100 0 0 0 0
1397491800 0 0 0 0
1397491500 0 0 0 0
1397491200 0 0 0 0
1397490900 0 0 0 0
1397490600 0 0 0 9
1397490300 0 3 0 7
1397490000 0 5 0 7
1397489700 0 3 0 7
1397489400 0 0 0 7
1397489100 0 0 0 0
1397488800 0 0 0 0
1397488500 0 0 0 0
1397488200 0 0 0 0
1397487900 0 0 0 0
1397487600 0 0 0 0
1397487300 0 0 0 0
1397487000 0 0 0 7
1397486700 0 5 0 7
1397486400 0 5 0 7
1397486100 0 2 0 7
1397485800 0 0 0 7
1397485500 0 0 0 0
1397485200 0 0 0 0
1397484900 0 0 0 0
1397484600 0 0 0 0
1397484300 0 0 0 0
1397484000 0 0 0 0
1397483700 0 0 0 0
1397483400 0 0 0 8
1397483100 0 4 0 10
1397482800 0 4 0 7
1397482500 0 3 0 7
1397482200 0 0 0 7
1397481900 0 0 0 0
1397481600 0 0 0 0
1397481300 0 0 0 0
1397481000 0 0 0 0
1397480700 0 0 0 0
1397480400 0 0 0 0
1397480100 0 0 0 0
1397479800 0 0 0 7
1397479500 0 4 0 8
1397479200 0 5 0 7
1397478900 0 3 0 7
1397478600 0 0 0 7
1397478300 0 0 0 0
1397478000 0 0 0 0
1397477700 0 0 0 0
1397477400 0 0 0 0
1397477100 0 0 0 0
1397476800 0 0 0 0
1397476500 0 0 0 0
1397476200 0 0 0 7
1397475900 0 5 0 7
1397475600 0 4 0 7
1397475300 0 3 0 7
1397475000 0 0 0 7
1397474700 0 0 0 0
1397474400 0 0 0 0
1397474100 0 0 0 0
1397473800 0 0 0 0
1397473500 0 0 0 0
1397473200 0 0 0 0
1397472900 0 0 0 0
1397472600 0 0 0 7
1397472300 0 3 0 7
1397472000 0 4 0 7
1397471700 0 3 0 7
1397471400 0 0 0 7
1397471100 0 0 0 0
1397470800 0 0 0 0
1397470500 0 0 0 0
1397470200 0 0 0 0
1397469900 0 0 0 0
1397469600 0 0 0 0
1397469300 0 0 0 0
1397469000 0 0 0 8
1397468700 0 4 0 7
1397468400 0 4 0 7
1397468100 0 3 0 7
1397467800 0 0 0 7
1397467500 0 0 0 0
1397467200 0 0 0 0
1397466900 0 0 0 0
1397466600 0 0 0 0
1397466300 0 0 0 0
1397466000 0 0 0 0
1397465700 0 0 0 0
1397465400 0 0 0 7
1397465100 0 3 0 7
1397464800 0 4 0 8
1397464500 0 2 0 8
1397464200 0 0 0 8
1397463900 0 0 0 0
1397463600 0 0 0 0
1397463300 0 0 0 0
1397463000 0 0 0 0
1397462700 0 0 0 0
1397462400 0 0 0 0
1397462100 0 0 0 0
1397461800 0 0 0 7
1397461500 0 3 0 10
1397461200 0 5 0 8
1397460900 0 3 0 7
1397460600 0 0 0 7
1397460300 0 0 0 0
1397460000 0 0 0 0
1397459700 0 0 0 0
1397459400 0 0 0 0
1397459100 0 0 0 0
1397458800 0 0 0 0
1397458500 0 0 0 0
1397458200 0 0 0 7
1397457900 0 4 0 7
1397457600 0 4 0 7
1397457300 0 3 0 7
1397457000 0 0 0 7
1397456700 0 0 0 0
1397456400 0 0 0 0
1397456100 0 0 0 0
1397455800 0 0 0 0
1397455500 0 0 0 0
1397455200 0 0 0 0
1397454900 0 0 0 0
1397454600 0 0 0 7
1397454300 0 4 0 9
1397454000 0 4 0 9
1397453700 0 2 0 7
1397453400 0 0 0 7
1397453100 0 0 0 0
1397452800 0 0 0 0
1397452500 0 0 0 0
1397452200 0 0 0 0
1397451900 0 0 0 0
1397451600 0 0 0 0
1397451300 0 0 0 0
1397451000 0 0 0 7
1397450700 0 4 0 7
1397450400 0 4 0 7
1397450100 0 2 0 7
1397449800 0 0 0 7
1397449500 0 0 0 0
1397449200 0 0 0 0
1397448900 0 0 0 0
1397448600 0 0 0 0
1397448300 0 0 0 0
1397448000 0 0 0 0
1397447700 0 0 0 0
1397447400 0 0 0 7
1397447100 0 3 0 7
1397446800 0 5 0 7
1397446500 0 3 0 8
1397446200 0 0 0 7
1397445900 0 0 0 0
1397445600 0 0 0 0
1397445300 0 0 0 0
1397445000 0 0 0 0
1397444700 0 0 0 0
1397444400 0 0 0 0
1397444100 0 0 0 0
1397443800 0 0 0 7
1397443500 0 4 0 8
1397443200 0 4 0 7
1397442900 0 4 0 7
1397442600 0 0 0 7
1397442300 0 0 0 0
1397442000 0 0 0 0
1397441700 0 0 0 0
1397441400 0 0 0 0
1397441100 0 0 0 0
1397440800 0 0 0 0
1397440500 0 0 0 0
1397440200 0 0 0 7
1397439900 0 3 0 7
1397439600 0 4 0 7
1397439300 0 2 0 7
1397439000 0 0 0 7
1397438700 0 0 0 0
1397438400 0 0 0 0
1397438100 0 0 0 0
1397437800 0 0 0 0
1397437500 0 0 0 0
1397437200 0 0 0 0
1397436900 0 0 0 0
1397436600 0 0 0 7
1397436300 0 2 0 8
1397436000 0 4 0 8
1397435700 0 2 0 7
1397435400 0 0 0 7
1397435100 0 0 0 0
1397434800 0 0 0 0
1397434500 0 0 0 0
1397434200 0 0 0 0
1397433900 0 0 0 0
1397433600 0 0 0 0
1397433300 0 0 0 0
1397433000 0 0 0 7
1397432700 0 5 0 7
1397432400 0 4 0 7
1397432100 0 2 0 8
1397431800 0 0 0 7
1397431500 0 0 0 0
1397431200 0 0 0 0
1397430900 0 0 0 0
1397430600 0 0 0 0
1397430300 0 0 0 0
1397430000 0 0 0 0
1397429700 0 0 0 0
1397429400 0 0 0 7
1397429100 0 5 0 8
1397428800 0 4 0 7
1397428500 0 2 0 7
1397428200 0 0 0 7
1397427900 0 0 0 0
1397427600 0 0 0 0
1397427300 0 0 0 0
1397427000 0 0 0 0
1397426700 0 0 0 0
1397426400 0 0 0 0
1397426100 0 0 0 0
1397425800 0 0 0 7
1397425500 0 5 0 7
1397425200 0 3 0 8
1397424900 0 4 0 8
1397424600 0 0 0 7
1397424300 0 0 0 0
1397424000 0 0 0 0
1397423700 0 0 0 0
1397423400 0 0 0 0
1397423100 0 0 0 0
1397422800 0 0 0 0
1397422500 0 0 0 0
1397422200 0 0 0 7
1397421900 0 5 0 8
1397421600 0 3 0 7
1397421300 0 3 0 7
1397421000 0 0 0 7
1397420700 0 0 0 0
1397420400 0 0 0 0
1397420100 0 0 0 0
1397419800 0 0 0 0
1397419500 0 0 0 0
1397419200 0 0 0 0
1397418900 0 0 0 0
1397418600 0 0 0 7
1397418300 0 4 0 7
1397418000 0 4 0 7
1397417700 0 4 0 7
1397417400 0 0 0 7
1397417100 0 0 0 0
1397416800 0 0 0 0
1397416500 0 0 0 0
1397416200 0 0 0 0
1397415900 0 0 0 0
1397415600 0 0 0 0
1397415300 0 0 0 0
1397415000 0 0 0 7
1397414700 0 5 0 8
1397414400 0 3 0 7
1397414100 0 2 0 7
1397413800 0 0 0 7
1397413500 0 0 0 0
1397413200 0 0 0 0
1397412900 0 0 0 0
1397412600 0 0 0 0
1397412300 0 0 0 0
1397412000 0 0 0 0
1397411700 0 0 0 0
1397411400 0 0 0 7
1397411100 0 4 0 8
1397410800 0 4 0 8
1397410500 0 1 0 7
1397410200 0 0 0 7
1397409900 0 0 0 0
1397409600 0 0 0 0
1397409300 0 0 0 0
1397409000 0 0 0 0
1397408700 0 0 0 0
1397408400 0 0 0 0
1397408100 0 0 0 0
1397407800 0 0 0 7
1397407500 0 2 0 7
1397406600 0 0 0 7
1397404800 0 0 0 7
1397403000 0 0 0 7
1397401200 0 0 0 8
1397399400 0 0 0 7
1397397600 0 0 0 9
1397395800 0 0 0 7
1397394000 0 1 0 10
1397392200 0 0 0 7
1397390400 0 0 0 8
1397388600 0 0 0 7
1397386800 0 0 0 7
1397385000 0 0 0 7
1397383200 0 0 0 8
1397381400 0 0 0 7
1397379600 0 0 0 8
1397377800 0 0 0 7
1397376000 0 0 0 9
1397374200 0 0 0 7
1397372400 0 0 0 7
1397370600 0 0 0 7
1397368800 0 0 0 7
1397367000 0 0 0 7
1397365200 0 0 0 8
1397363400 0 0 0 7
1397361600 0 0 0 8
1397359800 0 0 0 7
1397358000 0 0 0 7
1397356200 0 0 0 7
1397354400 0 0 0 8
1397352600 0 0 0 7
1397350800 0 0 0 7
1397349000 0 0 0 7
1397347200 0 0 0 8
1397345400 0 0 0 7
1397343600 0 0 0 9
1397341800 0 0 0 7
1397340000 0 0 0 7
1397338200 0 0 0 7
1397336400 0 0 0 7
1397334600 0 0 0 7
1397332800 0 0 0 7
1397331000 0 0 0 7
1397329200 0 0 0 8
1397327400 0 0 0 7
1397325600 0 0 0 7
1397323800 0 0 0 7
1397322000 0 0 0 7
1397320200 0 0 0 7
1397318400 0 1 0 9
1397316600 0 0 0 7
1397314800 0 1 0 9
1397313000 0 0 0 7
1397311200 0 0 0 7
1397309400 0 0 0 7
1397307600 0 0 0 7
1397305800 0 0 0 7
1397304000 0 0 0 8
1397302200 0 0 0 7
1397300400 0 1 0 8
1397298600 0 0 0 7
1397296800 0 0 0 8
1397295000 0 0 0 7
1397293200 0 0 0 7
1397291400 0 0 0 7
1397289600 0 1 0 7
1397287800 0 0 0 7
1397286000 0 1 0 8
1397284200 0 0 0 7
1397282400 0 1 0 8
1397280600 0 0 0 7
1397278800 0 1 0 7
1397277000 0 0 0 7
1397275200 0 0 0 8
1397273400 0 0 0 7
1397271600 0 0 0 9
1397269800 0 0 0 7
1397268000 0 0 0 7
1397266200 0 0 0 7
1397264400 0 0 0 7
1397262600 0 0 0 7
1397260800 0 0 0 7
1397259000 0 0 0 7
1397257200 0 0 0 7
1397255400 0 0 0 7
1397253600 0 1 0 8
1397251800 0 0 0 7
1397250000 0 0 0 9
1397248200 0 0 0 7
1397246400 0 1 0 18
1397244600 0 0 31 15
1397242800 0 11 0 32
1397241000 0 12 37 62
1397239200 0 73 0 138
1397237400 0 0 0 79
1397235600 0 1 0 7
1397233800 0 0 0 7
1397232000 0 1 0 9
1397230200 0 0 0 7
1397228400 0 0 0 7
1397226600 0 0 0 7
1397224800 0 1 0 8
1397223000 0 0 0 7
1397221200 0 1 0 8
1397219400 0 0 0 7
1397217600 0 0 0 9
1397215800 0 0 0 7
1397214000 0 0 0 8
1397212200 0 0 0 7
1397210400 0 0 0 9
1397208600 0 0 0 7
1397206800 0 0 0 7
1397205000 0 0 0 7
1397203200 0 0 0 8
1397201400 0 0 0 7
1397199600 0 0 0 8
1397197800 0 0 0 7
1397196000 0 0 0 7
1397194200 0 0 0 7
1397192400 0 0 0 7
1397190600 0 0 0 7
1397188800 0 1 0 7
1397187000 0 0 0 7
1397185200 0 0 0 8
1397183400 0 0 0 7
1397181600 0 0 0 9
1397179800 0 0 0 8
1397178000 0 0 0 8
1397176200 0 0 0 7
1397174400 0 0 0 7
1397172600 0 0 0 7
1397170800 0 0 0 7
1397169000 0 0 0 7
1397167200 0 0 0 7
1397165400 0 0 0 7
1397163600 0 0 0 8
1397161800 0 0 0 7
1397160000 0 0 0 8
1397158200 0 0 0 7
1397156400 0 1 0 9
1397154600 0 0 0 7
1397152800 0 0 0 7
1397151000 0 4 0 50
1397149200 0 0 0 7
1397147400 0 0 0 16
1397145600 0 0 0 9
1397143800 0 0 0 15
1397142000 0 3 0 22
1397140200 0 2 0 16
1397138400 0 9 0 24
1397136600 0 11 0 31
1397134800 0 0 0 8
1397133000 0 0 0 7
1397131200 0 3 0 29
1397129400 0 4 0 31
1397127600 0 0 0 10
1397125800 0 1 0 20
1397124000 0 4 0 23
1397122200 0 6 1 31
1397120400 0 14 1 23
1397118600 0 1 0 23
1397116800 0 1 0 9
1397115000 0 0 0 16
1397113200 0 0 0 9
1397111400 0 0 0 16
1397109600 0 2 0 37
1397107800 0 2 0 37
1397106000 0 3 0 23
1397104200 2 1 70 20
1397102400 0 10 0 23
1397100600 0 10 0 38
1397098800 0 2 0 16
1397097000 0 0 0 18
1397095200 0 2 0 16
1397093400 0 0 0 16
1397091600 0 3 0 23
1397089800 0 0 0 16
1397088000 0 4 0 23
1397086200 0 4 31 23
1397084400 0 18 0 47
1397082600 77 2 1203 16
1397080800 6 5 1203 23
1397079000 0 3 0 22
1397077200 0 8 0 51
1397075400 0 3 0 23
1397073600 0 9 0 39
1397071800 506 38 7798 540
1397070000 47 3 7798 54
1397068200 0 54 0 182
1397066400 0 46 0 79
1397064600 0 2 0 38
1397062800 0 0 0 15
1397061000 0 0 0 7
1397059200 0 2 0 30
1397057400 0 0 0 7
1397055600 0 0 0 10
1397053800 0 0 0 0
1397052000 0 0 0 26
1397050200 0 0 37 16
1397048400 5 10 94 37
1397046600 0 0 0 7
1397044800 0 0 0 23
1397043000 0 1 0 22
1397041200 0 0 0 10
1397039400 0 0 0 7
1397037600 0 0 0 10
1397035800 0 0 0 7
1397034000 0 0 0 25
1397032200 2 0 57 16
1397030400 0 12 57 38
1397028600 0 0 0 7
1397026800 0 0 0 15
1397025000 0 0 0 7
1397023200 0 0 0 23
1397021400 0 1 0 23
1397019600 0 0 0 15
1397017800 0 0 0 7
1397016000 0 0 0 16
1397014200 3 0 57 13
1397012400 0 10 57 25
1397010600 0 0 0 7
1397008800 0 0 0 10
1397007000 0 0 0 7
1397005200 0 0 0 15
1397003400 0 0 0 31
1397001600 0 0 0 22
1396999800 0 1 0 23
1396998000 0 0 0 16
1396996200 0 3 0 17
1396994400 0 14 0 30
1396992600 0 8 0 23
1396990800 0 3 0 38
1396989000 0 0 0 7
1396987200 0 0 0 16
1396985400 0 0 0 7
1396983600 0 5 0 51
1396981800 0 6 25 69
1396980000 0 87 0 149
1396978200 0 6 0 81
1396976400 0 0 0 14
1396974600 0 0 0 7
1396972800 0 1 0 14
1396971000 0 0 0 7
1396969200 0 0 0 16
1396967400 0 0 0 7
1396965600 0 0 0 14
1396963800 0 0 0 7
1396962000 0 0 0 17
1396960200 0 0 0 7
1396958400 0 1 0 14
1396956600 0 0 0 7
1396954800 0 0 0 14
1396953000 0 0 0 7
1396951200 0 0 0 15
1396949400 0 0 0 8
1396947600 0 0 0 15
1396945800 0 0 0 7
1396944000 0 1 0 14
1396942200 0 0 0 7
1396940400 0 1 0 15
1396938600 0 0 0 7
1396936800 0 1 0 14
1396935000 0 0 0 7
1396933200 0 0 0 14
1396931400 0 0 0 7
1396929600 0 1 0 14
1396927800 0 0 0 8
1396926000 0 0 0 14
1396924200 0 0 0 7
1396922400 0 1 0 15
1396920600 0 0 0 8
1396918800 0 1 0 14
1396917000 0 0 0 8
1396915200 0 0 0 16
1396913400 0 0 0 7
1396911600 0 0 0 14
1396909800 0 0 0 7
1396908000 0 0 0 14
1396906200 0 0 0 10
1396904400 0 1 0 14
1396902600 0 0 0 7
1396900800 0 5 0 70
1396899000 0 5 32 54
1396897200 0 25 0 57
1396895400 0 8 0 31
1396893600 0 18 0 61
1396891800 0 7 37 115
1396890000 0 44 0 73
1396888200 17 28 351 81
1396886400 0 30 0 75
1396884600 0 6 0 57
1396882800 0 4 0 31
1396881000 0 4 0 30
1396879200 0 15 0 67
1396877400 0 0 26 45
1396875600 0 8 0 86
1396873800 144 17 2269 636
1396872000 15 16 2269 54
1396870200 2 1 59 20
1396868400 0 4 59 39
1396866600 0 0 0 7
1396864800 0 6 0 54
1396863000 0 0 0 24
1396861200 0 1 0 14
1396859400 0 0 0 8
1396857600 0 1 0 32
1396855800 0 2 0 16
1396854000 0 10 0 30
1396852200 0 7 0 33
1396850400 0 0 0 15
1396848600 0 1 0 23
1396846800 0 3 0 24
1396845000 0 0 0 23
1396843200 0 0 0 14
1396841400 0 0 0 7
1396839600 0 0 0 14
1396837800 0 0 0 23
1396836000 0 6 0 46
1396834200 3 0 60 16
1396832400 0 1 60 16
1396830600 0 0 0 8
1396828800 0 2 0 23
1396827000 0 1 0 23
1396825200 0 1 0 23
1396823400 0 0 0 8
1396821600 0 3 0 30
1396819800 0 0 0 7
1396818000 0 1 0 14
1396816200 3 0 73 17
1396814400 0 9 0 36
1396812600 0 0 0 7
1396810800 0 2 3 24
1396809000 0 0 0 23
1396807200 0 5 0 38
1396805400 0 1 0 31
1396803600 0 0 0 15
1396801800 0 0 0 7
1396800000 0 0 0 14
1396798200 0 2 0 16
1396796400 0 10 0 30
1396794600 0 8 0 31
1396792800 0 3 0 23
1396791000 0 0 0 23
1396789200 0 0 0 15
1396787400 0 0 0 7
1396785600 0 0 3 15
1396783800 0 2 0 29
1396782000 0 0 0 14
1396780200 0 0 0 7
1396778400 0 3 0 38
1396776600 0 1 39 38
1396774800 0 8 19 40
1396773000 0 2 0 34
1396771200 0 1 0 23
1396769400 0 0 0 7
1396767600 0 0 0 14
1396765800 0 0 0 8
1396764000 0 2 0 16
1396762200 0 1 0 18
1396760400 0 2 0 23
1396758600 0 5 13 152
1396756800 0 16 13 37
1396755000 0 0 0 31
1396753200 0 0 0 15
1396751400 0 0 0 23
1396749600 0 2 0 38
1396747800 0 3 0 40
1396746000 0 0 0 14
1396744200 0 0 0 7
1396742400 0 0 0 14
1396740600 0 2 32 31
1396738800 0 13 0 38
1396737000 0 6 0 38
1396735200 0 3 0 32
1396733400 0 0 0 7
1396731600 0 0 0 14
1396729800 0 0 1 8
1396728000 0 1 0 15
1396726200 0 0 0 8
1396724400 0 0 0 14
1396722600 0 0 0 16
1396720800 0 3 0 54
1396719000 3 5 60 54
1396717200 0 1 0 31
1396715400 0 0 0 8
1396713600 0 0 0 14
1396711800 0 0 0 7
1396710000 0 2 0 21
1396708200 0 0 0 7
1396706400 0 0 0 31
1396704600 0 0 0 9
1396702800 0 1 0 25
1396701000 2 0 60 25
1396699200 0 11 60 31
1396697400 0 1 0 19
1396695600 0 0 0 31
1396693800 0 0 0 7
1396692000 0 0 0 8
1396690200 0 3 0 40
1396688400 0 0 0 16
1396686600 0 0 0 7
1396684800 0 0 0 24
1396683000 2 0 61 23
1396681200 0 12 61 24
1396679400 0 0 0 7
1396677600 0 0 0 16
1396675800 80 1 1265 20
1396674000 3 0 1265 25
1396672200 0 0 0 7
1396670400 0 0 3 8
1396668600 0 0 0 8
1396666800 0 2 0 23
1396665000 0 4 1 24
1396663200 0 10 1 24
1396661400 0 9 0 49
1396659600 0 1 0 23
1396657800 0 0 0 16
1396656000 0 1 0 23
1396654200 0 1 0 20
1396652400 0 0 0 23
1396650600 0 0 0 7
1396648800 0 3 0 38
1396647000 0 1 45 31
1396645200 0 9 0 31
1396643400 0 0 0 23
1396641600 0 0 0 10
1396639800 0 0 0 8
1396638000 0 0 0 10
1396636200 0 0 0 20
1396634400 0 11 0 70
1396632600 0 7 37 52
1396630800 0 1 0 23
1396629000 3 0 76 23
1396627200 0 3 0 31
1396625400 0 0 0 7
1396623600 0 0 0 15
1396621800 0 1 0 23
1396620000 0 0 0 16
1396618200 10 4 58 25
1396616400 0 1 0 17
1396614600 0 3 1 23
1396612800 0 15 1 44
1396611000 0 7 0 38
1396609200 0 0 0 13
1396607400 0 0 0 8
1396605600 0 0 0 15
1396603800 0 3 0 40
1396602000 0 0 0 25
1396600200 0 0 0 10
1396598400 0 0 0 16
1396596600 1 5 54 74
1396594800 0 14 54 44
1396593000 0 0 0 21
1396591200 0 0 0 16
1396589400 0 0 0 25
1396587600 0 0 0 11
1396585800 0 0 0 8
1396584000 0 0 0 10
1396582200 0 0 0 8
1396580400 0 0 0 29
1396578600 3 1 74 29
1396576800 0 9 0 33
1396575000 0 4 0 38
1396573200 0 0 0 16
1396571400 0 0 0 8
1396569600 0 0 0 43
1396567800 0 0 0 0
1396566000 0 0 0 0
1396564200 0 0 0 0
1396562400 0 0 0 40
1396560600 0 2 16 41
1396558800 0 0 10 52
1396557000 0 0 0 0
1396555200 0 0 0 0
1396553400 0 0 0 0
1396551600 0 0 0 0
1396549800 0 0 0 0
1396548000 0 0 0 0
1396546200 0 0 0 0
1396544400 0 0 0 0
1396542600 0 0 0 0
1396540800 0 0 0 0
1396539000 0 0 0 0
1396537200 0 0 0 0
1396535400 0 0 0 0
1396533600 0 0 0 0
1396531800 0 0 0 0
1396530000 0 0 0 0
1396528200 0 0 0 0
1396526400 0 0 0 0
1396524600 0 0 0 0
1396522800 0 0 0 0
1396521000 0 0 0 0
1396519200 0 0 0 0
1396517400 0 0 0 0
1396515600 0 0 0 0
1396513800 0 0 0 0
1396512000 0 0 0 0
1396510200 0 0 0 0
1396508400 0 0 0 0
1396506600 0 0 0 0
1396504800 0 0 0 0
1396503000 0 0 0 0
1396501200 0 0 0 0
1396499400 0 0 0 0
1396497600 0 0 0 0
1396495800 0 0 0 0
1396494000 0 0 0 0
1396492200 0 0 0 0
1396490400 0 0 0 0
1396488600 0 0 0 0
1396486800 0 0 0 0
1396485000 0 0 0 0
1396483200 0 0 0 0
1396481400 0 0 0 0
1396479600 0 0 0 0
1396477800 0 0 0 0
1396476000 0 0 0 0
1396474200 0 0 0 0
1396472400 0 0 0 0
1396470600 0 0 0 0
1396468800 0 0 0 0
1396467000 0 0 0 0
1396465200 0 0 0 0
1396463400 0 0 0 0
1396461600 0 0 0 0
1396459800 0 0 0 0
1396458000 0 0 0 0
1396456200 0 0 0 0
1396454400 0 0 0 0
1396452600 0 0 0 0
1396450800 0 0 0 0
1396449000 0 0 0 0
1396447200 0 0 0 0
1396445400 0 0 0 0
1396443600 0 0 0 0
1396441800 0 0 0 0
1396440000 0 0 0 0
1396438200 0 0 0 0
1396436400 0 0 0 0
1396434600 0 0 0 0
1396432800 0 0 0 0
1396431000 0 0 0 0
1396429200 0 0 0 0
1396427400 0 0 0 0
1396425600 0 0 0 0
1396423800 0 0 0 0
1396422000 0 0 0 0
1396420200 0 0 0 0
1396418400 0 0 0 0
1396416600 0 0 0 0
1396414800 0 0 0 0
1396413000 0 0 0 0
1396411200 0 0 0 0
1396409400 0 0 0 0
1396407600 0 0 0 0
1396405800 0 0 0 0
1396404000 0 0 0 0
1396402200 0 0 0 0
1396400400 0 0 0 0
1396398600 0 0 0 0
1396396800 0 0 0 0
1396395000 0 0 0 0
1396393200 0 0 0 0
1396391400 0 0 0 0
1396389600 0 0 0 0
1396387800 0 0 0 0
1396386000 0 0 0 0
1396384200 0 0 0 0
1396382400 0 0 0 0
1396380600 0 0 0 0
1396378800 0 0 0 0
1396377000 0 0 0 0
1396375200 0 0 0 0
1396373400 0 0 0 0
1396371600 0 0 0 0
1396369800 0 0 0 0
1396368000 0 0 0 0
1396366200 0 0 0 0
1396364400 0 0 0 0
1396362600 0 0 0 0
1396360800 0 0 0 0
1396359000 0 0 0 0
1396357200 0 0 0 0
1396355400 0 0 0 0
1396353600 0 0 0 0
1396351800 0 0 0 0
1396350000 0 0 0 0
1396348200 0 0 0 0
1396346400 0 0 0 0
1396344600 0 0 0 0
1396342800 0 0 0 0
1396341000 0 0 0 0
1396339200 0 0 0 0
1396337400 0 0 0 0
1396335600 0 0 0 0
1396333800 0 0 0 0
1396332000 0 0 0 0
1396330200 0 0 0 0
1396328400 0 0 0 0
1396326600 0 0 0 0
1396324800 0 0 0 0
1396317600 0 0 0 0
1396310400 0 0 0 0
1396303200 0 0 0 0
1396296000 0 0 0 0
1396288800 0 0 0 0
1396281600 0 0 0 0
1396274400 0 0 0 0
1396267200 0 0 0 0
1396260000 0 0 0 0
1396252800 0 0 0 0
1396245600 0 0 0 0
1396238400 0 0 0 0
1396231200 0 0 0 0
1396224000 0 0 0 0
1396216800 0 0 0 0
1396209600 0 0 0 0
1396202400 0 0 0 0
1396195200 0 0 0 0
1396188000 0 0 0 0
1396180800 0 0 0 0
1396173600 0 0 0 0
1396166400 0 0 0 0
1396159200 0 0 0 0
1396152000 0 0 0 0
1396144800 0 0 0 0
1396137600 0 0 0 0
1396130400 0 0 0 0
1396123200 0 0 0 0
1396116000 0 0 0 0
1396108800 0 0 0 0
1396101600 0 0 0 0
1396094400 0 0 0 0
1396087200 0 0 0 0
1396080000 0 0 0 0
1396072800 0 0 0 0
1396065600 0 0 0 0
1396058400 0 0 0 0
1396051200 0 0 0 0
1396044000 0 0 0 0
1396036800 0 0 0 0
1396029600 0 0 0 0
1396022400 0 0 0 0
1396015200 0 0 0 0
1396008000 0 0 0 0
1396000800 0 0 0 0
1395993600 0 0 0 0
1395986400 0 0 0 0
1395979200 0 0 0 0
1395972000 0 0 0 0
1395964800 0 0 0 0
1395957600 0 0 0 0
1395950400 0 0 0 0
1395943200 0 0 0 0
1395936000 0 0 0 0
1395928800 0 0 0 0
1395921600 0 0 0 0
1395914400 0 0 0 0
1395907200 0 0 0 0
1395900000 0 0 0 0
1395892800 0 0 0 0
1395885600 0 0 0 0
1395878400 0 0 0 0
1395871200 0 0 0 0
1395864000 0 0 0 0
1395856800 0 0 0 0
1395849600 0 0 0 0
1395842400 0 0 0 0
1395835200 0 0 0 0
1395828000 0 0 0 0
1395820800 0 0 0 0
1395813600 0 0 0 0
1395806400 0 0 0 0
1395799200 0 0 0 0
1395792000 0 0 0 0
1395784800 0 0 0 0
1395777600 0 0 0 0
1395770400 0 0 0 0
1395763200 0 0 0 0
1395756000 0 0 0 0
1395748800 0 0 0 0
1395741600 0 0 0 0
1395734400 0 0 0 0
1395727200 0 0 0 0
1395720000 0 0 0 0
1395712800 0 0 0 0
1395705600 0 0 0 0
1395698400 0 0 0 0
1395691200 0 0 0 0
1395684000 0 0 0 0
1395676800 0 0 0 0
1395669600 0 0 0 0
1395662400 0 0 0 0
1395655200 0 0 0 0
1395648000 0 0 0 0
1395640800 0 0 0 0
1395633600 0 0 0 0
1395626400 0 0 0 0
1395619200 0 0 0 0
1395612000 0 0 0 0
1395604800 0 0 0 0
1395597600 0 0 0 0
1395590400 0 0 0 0
1395583200 0 0 0 0
1395576000 0 0 0 0
1395568800 0 0 0 0
1395561600 0 0 0 0
1395554400 0 0 0 0
1395547200 0 0 0 0
1395540000 0 0 0 0
1395532800 0 0 0 0
1395525600 0 0 0 0
1395518400 0 0 0 0
1395511200 0 0 0 0
1395504000 0 0 0 0
1395496800 0 0 0 0
1395489600 0 0 0 0
1395482400 0 0 0 0
1395475200 0 0 0 0
1395468000 0 0 0 0
1395460800 0 0 0 0
1395453600 0 0 0 0
1395446400 0 0 0 0
1395439200 0 0 0 0
1395432000 0 0 0 0
1395424800 0 0 0 0
1395417600 0 0 0 0
1395410400 0 0 0 0
1395403200 0 0 0 0
1395396000 0 0 0 0
1395388800 0 0 0 0
1395381600 0 0 0 0
1395374400 0 0 0 0
1395367200 0 0 0 0
1395360000 0 0 0 0
1395352800 0 0 0 0
1395345600 0 0 0 0
1395338400 0 0 0 0
1395331200 0 0 0 0
1395324000 0 0 0 0
1395316800 0 0 0 0
1395309600 0 0 0 0
1395302400 0 0 0 0
1395295200 0 0 0 0
1395288000 0 0 0 0
1395280800 0 0 0 0
1395273600 0 0 0 0
1395266400 0 0 0 0
1395259200 0 0 0 0
1395252000 0 0 0 0
1395244800 0 0 0 0
1395237600 0 0 0 0
1395230400 0 0 0 0
1395223200 0 0 0 0
1395216000 0 0 0 0
1395208800 0 0 0 0
1395201600 0 0 0 0
1395194400 0 0 0 0
1395187200 0 0 0 0
1395180000 0 0 0 0
1395172800 0 0 0 0
1395165600 0 0 0 0
1395158400 0 0 0 0
1395151200 0 0 0 0
1395144000 0 0 0 0
1395136800 0 0 0 0
1395129600 0 0 0 0
1395122400 0 0 0 0
1395115200 0 0 0 0
1395108000 0 0 0 0
1395100800 0 0 0 0
1395093600 0 0 0 0
1395086400 0 0 0 0
1395079200 0 0 0 0
1395072000 0 0 0 0
1395064800 0 0 0 0
1395057600 0 0 0 0
1395050400 0 0 0 0
1395043200 0 0 0 0
1395036000 0 0 0 0
1395028800 0 0 0 0
1395021600 0 0 0 0
1395014400 0 0 0 0
1395007200 0 0 0 0
1395000000 0 0 0 0
1394992800 0 0 0 0
1394985600 0 0 0 0
1394978400 0 0 0 0
1394971200 0 0 0 0
1394964000 0 0 0 0
1394956800 0 0 0 0
1394949600 0 0 0 0
1394942400 0 0 0 0
1394935200 0 0 0 0
1394928000 0 0 0 0
1394920800 0 0 0 0
1394913600 0 0 0 0
1394906400 0 0 0 0
1394899200 0 0 0 0
1394892000 0 0 0 0
1394884800 0 0 0 0
1394877600 0 0 0 0
1394870400 0 0 0 0
1394863200 0 0 0 0
1394856000 0 0 0 0
1394848800 0 0 0 0
1394841600 0 0 0 0
1394834400 0 0 0 0
1394827200 0 0 0 0
1394820000 0 0 0 0
1394812800 0 0 0 0
1394805600 0 0 0 0
1394798400 0 0 0 0
1394791200 0 0 0 0
1394784000 0 0 0 0
1394776800 0 0 0 0
1394769600 0 0 0 0
1394762400 0 0 0 0
1394755200 0 0 0 0
1394748000 0 0 0 0
1394740800 0 0 0 0
1394733600 0 0 0 0
1394726400 0 0 0 0
1394719200 0 0 0 0
1394712000 0 0 0 0
1394704800 0 0 0 0
1394697600 0 0 0 0
1394690400 0 0 0 0
1394683200 0 0 0 0
1394676000 0 0 0 0
1394668800 0 0 0 0
1394661600 0 0 0 0
1394654400 0 0 0 0
1394647200 0 0 0 0
1394640000 0 0 0 0
1394632800 0 0 0 0
1394625600 0 0 0 0
1394618400 0 0 0 0
1394611200 0 0 0 0
1394604000 0 0 0 0
1394596800 0 0 0 0
1394589600 0 0 0 0
1394582400 0 0 0 0
1394575200 0 0 0 0
1394568000 0 0 0 0
1394560800 0 0 0 0
1394553600 0 0 0 0
1394546400 0 0 0 0
1394539200 0 0 0 0
1394532000 0 0 0 0
1394524800 0 0 0 0
1394517600 0 0 0 0
1394510400 0 0 0 0
1394503200 0 0 0 0
1394496000 0 0 0 0
1394488800 0 0 0 0
1394481600 0 0 0 0
1394474400 0 0 0 0
1394467200 0 0 0 0
1394460000 0 0 0 0
1394452800 0 0 0 0
1394445600 0 0 0 0
1394438400 0 0 0 0
1394431200 0 0 0 0
1394424000 0 0 0 0
1394416800 0 0 0 0
1394409600 0 0 0 0
1394402400 0 0 0 0
1394395200 0 0 0 0
1394388000 0 0 0 0
1394380800 0 0 0 0
1394373600 0 0 0 0
1394366400 0 0 0 0
1394359200 0 0 0 0
1394352000 0 0 0 0
1394344800 0 0 0 0
1394337600 0 0 0 0
1394330400 0 0 0 0
1394323200 0 0 0 0
1394316000 0 0 0 0
1394308800 0 0 0 0
1394301600 0 0 0 0
1394294400 0 0 0 0
1394287200 0 0 0 0
1394280000 0 0 0 0
1394272800 0 0 0 0
1394265600 0 0 0 0
1394258400 0 0 0 0
1394251200 0 0 0 0
1394244000 0 0 0 0
1394236800 0 0 0 0
1394229600 0 0 0 0
1394222400 0 0 0 0
1394215200 0 0 0 0
1394208000 0 0 0 0
1394200800 0 0 0 0
1394193600 0 0 0 0
1394186400 0 0 0 0
1394179200 0 0 0 0
1394172000 0 0 0 0
1394164800 0 0 0 0
1394157600 0 0 0 0
1394150400 0 0 0 0
1394143200 0 0 0 0
1394136000 0 0 0 0
1394128800 0 0 0 0
1394121600 0 0 0 0
1394114400 0 0 0 0
1394107200 0 0 0 0
1394100000 0 0 0 0
1394092800 0 0 0 0
1394085600 0 0 0 0
1394078400 0 0 0 0
1394071200 0 0 0 0
1394064000 0 0 0 0
1394056800 0 0 0 0
1394049600 0 0 0 0
1394042400 0 0 0 0
1394035200 0 0 0 0
1394028000 0 0 0 0
1394020800 0 0 0 0
1394013600 0 0 0 0
1394006400 0 0 0 0
1393999200 0 0 0 0
1393992000 0 0 0 0
1393984800 0 0 0 0
1393977600 0 0 0 0
1393970400 0 0 0 0
1393963200 0 0 0 0
1393956000 0 0 0 0
1393948800 0 0 0 0
1393941600 0 0 0 0
1393934400 0 0 0 0
1393927200 0 0 0 0
1393920000 0 0 0 0
1393912800 0 0 0 0
1393905600 0 0 0 0
1393898400 0 0 0 0
1393891200 0 0 0 0
1393884000 0 0 0 0
1393876800 0 0 0 0
1393869600 0 0 0 0
1393862400 0 0 0 0
1393855200 0 0 0 0
1393848000 0 0 0 0
1393840800 0 0 0 0
1393833600 0 0 0 0
1393826400 0 0 0 0
1393819200 0 0 0 0
1393812000 0 0 0 0
1393804800 0 0 0 0
1393797600 0 0 0 0
1393790400 0 0 0 0
1393783200 0 0 0 0
1393776000 0 0 0 0
1393768800 0 0 0 0
1393761600 0 0 0 0
1393754400 0 0 0 0
1393747200 0 0 0 0
1393740000 0 0 0 0
1393732800 0 0 0 0
1393725600 0 0 0 0
1393718400 0 0 0 0
1393711200 0 0 0 0
1393704000 0 0 0 0
1393696800 0 0 0 0
1393689600 0 0 0 0
1393682400 0 0 0 0
1393675200 0 0 0 0
1393668000 0 0 0 0
1393660800 0 0 0 0
1393653600 0 0 0 0
1393646400 0 0 0 0
1393639200 0 0 0 0
1393632000 0 0 0 0
1393624800 0 0 0 0
1393617600 0 0 0 0
1393610400 0 0 0 0
1393603200 0 0 0 0
1393596000 0 0 0 0
1393588800 0 0 0 0
1393581600 0 0 0 0
1393574400 0 0 0 0
1393567200 0 0 0 0
1393560000 0 0 0 0
1393552800 0 0 0 0
1393545600 0 0 0 0
1393538400 0 0 0 0
1393531200 0 0 0 0
1393524000 0 0 0 0
1393516800 0 0 0 0
1393509600 0 0 0 0
1393502400 0 0 0 0
1393495200 0 0 0 0
1393488000 0 0 0 0
1393480800 0 0 0 0
1393473600 0 0 0 0
1393466400 0 0 0 0
1393459200 0 0 0 0
1393452000 0 0 0 0
1393444800 0 0 0 0
1393437600 0 0 0 0
1393430400 0 0 0 0
1393423200 0 0 0 0
1393416000 0 0 0 0
1393408800 0 0 0 0
1393401600 0 0 0 0
1393394400 0 0 0 0
1393387200 0 0 0 0
1393380000 0 0 0 0
1393372800 0 0 0 0
1393365600 0 0 0 0
1393358400 0 0 0 0
1393351200 0 0 0 0
1393344000 0 0 0 0
1393336800 0 0 0 0
1393329600 0 0 0 0
1393322400 0 0 0 0
1393315200 0 0 0 0
1393308000 0 0 0 0
1393300800 0 0 0 0
1393293600 0 0 0 0
1393286400 0 0 0 0
1393279200 0 0 0 0
1393272000 0 0 0 0
1393264800 0 0 0 0
1393257600 0 0 0 0
1393250400 0 0 0 0
1393243200 0 0 0 0
1393236000 0 0 0 0
1393228800 0 0 0 0
1393221600 0 0 0 0
1393214400 0 0 0 0
1393207200 0 0 0 0
1393200000 0 0 0 0
1393192800 0 0 0 0
1393185600 0 0 0 0
1393178400 0 0 0 0
1393171200 0 0 0 0
1393164000 0 0 0 0
1393156800 0 0 0 0
1393149600 0 0 0 0
1393142400 0 0 0 0
1393135200 0 0 0 0
1393128000 0 0 0 0
1393120800 0 0 0 0
1393113600 0 0 0 0
1393106400 0 0 0 0
1393099200 0 0 0 0
1393092000 0 0 0 0
1393084800 0 0 0 0
1393077600 0 0 0 0
1393070400 0 0 0 0
1393063200 0 0 0 0
1393056000 0 0 0 0
1393048800 0 0 0 0
1393041600 0 0 0 0
1393034400 0 0 0 0
1393027200 0 0 0 0
1393020000 0 0 0 0
1393012800 0 0 0 0
1393005600 0 0 0 0
1392998400 0 0 0 0
1392991200 0 0 0 0
1392984000 0 0 0 0
1392976800 0 0 0 0
1392969600 0 0 0 0
1392962400 0 0 0 0
1392955200 0 0 0 0
1392948000 0 0 0 0
1392940800 0 0 0 0
1392933600 0 0 0 0
1392926400 0 0 0 0
1392919200 0 0 0 0
1392912000 0 0 0 0
1392904800 0 0 0 0
1392897600 0 0 0 0
1392890400 0 0 0 0
1392883200 0 0 0 0
1392876000 0 0 0 0
1392868800 0 0 0 0
1392861600 0 0 0 0
1392854400 0 0 0 0
1392847200 0 0 0 0
1392840000 0 0 0 0
1392832800 0 0 0 0
1392825600 0 0 0 0
1392818400 0 0 0 0
1392811200 0 0 0 0
1392804000 0 0 0 0
1392796800 0 0 0 0
1392789600 0 0 0 0
1392782400 0 0 0 0
1392775200 0 0 0 0
1392768000 0 0 0 0
1392760800 0 0 0 0
1392753600 0 0 0 0
1392746400 0 0 0 0
1392739200 0 0 0 0
1392732000 0 0 0 0
1392724800 0 0 0 0
1392717600 0 0 0 0
1392710400 0 0 0 0
1392703200 0 0 0 0
1392696000 0 0 0 0
1392688800 0 0 0 0
1392681600 0 0 0 0
1392674400 0 0 0 0
1392667200 0 0 0 0
1392660000 0 0 0 0
1392652800 0 0 0 0
1392645600 0 0 0 0
1392638400 0 0 0 0
1392631200 0 0 0 0
1392624000 0 0 0 0
1392616800 0 0 0 0
1392609600 0 0 0 0
1392602400 0 0 0 0
1392595200 0 0 0 0
1392588000 0 0 0 0
1392580800 0 0 0 0
1392573600 0 0 0 0
1392566400 0 0 0 0
1392559200 0 0 0 0
1392552000 0 0 0 0
1392544800 0 0 0 0
1392537600 0 0 0 0
1392530400 0 0 0 0
1392523200 0 0 0 0
1392516000 0 0 0 0
1392508800 0 0 0 0
1392501600 0 0 0 0
1392494400 0 0 0 0
1392487200 0 0 0 0
1392480000 0 0 0 0
1392472800 0 0 0 0
1392465600 0 0 0 0
1392458400 0 0 0 0
1392451200 0 0 0 0
1392444000 0 0 0 0
1392436800 0 0 0 0
1392429600 0 0 0 0
1392422400 0 0 0 0
1392415200 0 0 0 0
1392408000 0 0 0 0
1392400800 0 0 0 0
1392393600 0 0 0 0
1392386400 0 0 0 0
1392379200 0 0 0 0
1392372000 0 0 0 0
1392364800 0 0 0 0
1392357600 0 0 0 0
1392350400 0 0 0 0
1392343200 0 0 0 0
1392336000 0 0 0 0
1392328800 0 0 0 0
1392321600 0 0 0 0
1392314400 0 0 0 0
1392307200 0 0 0 0
1392300000 0 0 0 0
1392292800 0 0 0 0
1392285600 0 0 0 0
1392278400 0 0 0 0
1392271200 0 0 0 0
1392264000 0 0 0 0
1392256800 0 0 0 0
1392249600 0 0 0 0
1392242400 0 0 0 0
1392235200 0 0 0 0
1392228000 0 0 0 0
1392220800 0 0 0 0
1392213600 0 0 0 0
1392206400 0 0 0 0
1392199200 0 0 0 0
1392192000 0 0 0 0
1392184800 0 0 0 0
1392177600 0 0 0 0
1392170400 0 0 0 0
1392163200 0 0 0 0
1392156000 0 0 0 0
1392148800 0 0 0 0
1392141600 0 0 0 0
1392134400 0 0 0 0
1392127200 0 0 0 0
1392120000 0 0 0 0
1392112800 0 0 0 0
1392105600 0 0 0 0
1392098400 0 0 0 0
1392091200 0 0 0 0
1392084000 0 0 0 0
1392076800 0 0 0 0
1392069600 0 0 0 0
1392062400 0 0 0 0
1392055200 0 0 0 0
1392048000 0 0 0 0
1392040800 0 0 0 0
1392033600 0 0 0 0
1392026400 0 0 0 0
1392019200 0 0 0 0
1392012000 0 0 0 0
1392004800 0 0 0 0
1391990400 0 0 0 0
1391904000 0 0 0 0
1391817600 0 0 0 0
1391731200 0 0 0 0
1391644800 0 0 0 0
1391558400 0 0 0 0
1391472000 0 0 0 0
1391385600 0 0 0 0
1391299200 0 0 0 0
1391212800 0 0 0 0
1391126400 0 0 0 0
1391040000 0 0 0 0
1390953600 0 0 0 0
1390867200 0 0 0 0
1390780800 0 0 0 0
1390694400 0 0 0 0
1390608000 0 0 59 10
1390521600 0 0 48 144
1390435200 0 0 65 81
1390348800 0 0 66 104
1390262400 0 0 44 152
1390176000 0 0 48 10
1390089600 0 0 50 10
1390003200 0 0 0 10
1389916800 0 0 2055 144
1389830400 0 8 524 1167
1389744000 6 0 2711 112
1389657600 0 1 966 29
1389571200 0 7 0 7
1389484800 1 3 1112 39
1389398400 0 0 259 34
1389312000 14 1 190 38
1389225600 0 1 4 12
1389139200 0 0 0 30
1389052800 1 0 86 10
1388966400 0 0 0 0
1388880000 0 0 0 0
1388793600 0 13 36 88
1388707200 0 8 0 77
1388620800 0 12 0 12
1388534400 0 3 50 163
1388448000 9 0 4461 84
1388361600 0 0 0 0
1388275200 0 0 78 14
1388188800 22 4 8234 184
1388102400 4 2 3334 135
1388016000 0 0 1516 41
1387929600 7 5 7385 252
1387843200 0 5 1493 182
1387756800 8 0 4915 68
1387670400 7 0 4582 84
1387584000 11 0 6070 103
1387497600 3 0 2729 150
1387411200 9 0 7762 132
1387324800 0 0 0 0
1387238400 0 0 0 0
1387152000 0 0 0 0
1387065600 0 0 0 0
1386979200 0 0 0 0
1386892800 0 0 0 0
1386806400 0 0 0 0
1386720000 0 0 0 0
1386633600 0 0 0 0
1386547200 0 0 0 0
1386460800 0 0 0 0
1386374400 0 0 0 0
1386288000 0 0 0 0
1386201600 0 0 0 0
1386115200 0 0 0 0
1386028800 0 0 0 0
1385942400 0 0 0 0
1385856000 0 0 0 0
1385769600 0 0 0 0
1385683200 0 0 0 0
1385596800 0 0 0 0
1385510400 0 0 0 0
1385424000 0 0 0 0
1385337600 0 0 0 0
1385251200 0 0 0 0
1385164800 0 0 0 0
1385078400 0 0 0 0
1384992000 0 0 0 9
1384905600 0 0 324 151
1384819200 0 4 2138 1220
1384732800 0 0 0 9
1384646400 0 0 0 9
1384560000 0 0 0 25
1384473600 0 0 102 87
1384387200 0 0 0 20
1384300800 0 0 208 45
1384214400 0 2 0 144
1384128000 0 0 0 8
1384041600 0 0 0 9
1383955200 1 0 1254 68
1383868800 0 1 70 130
1383782400 0 0 53 27
1383696000 6 1 6327 262
1383609600 0 2 491 262
1383523200 0 0 0 8
1383436800 0 0 0 9
1383350400 0 8 68 38
1383264000 2 4 7176 1412
1383177600 0 0 297 133
1383091200 0 0 0 21
1383004800 0 0 0 29
1382918400 0 0 0 29
1382832000 0 0 0 29
1382745600 0 4 264 107
1382659200 0 7 471 141
1382572800 0 6 653 89
1382486400 0 8 1182 848
1382400000 0 8 472 221
1382313600 0 0 1393 68
1382227200 9 0 35663 1023
1382140800 0 2 3164 273
1382054400 0 4 412 163
1381968000 0 0 0 22
1381881600 0 0 0 0
1381795200 0 0 0 0
1381708800 0 0 0 0
1381622400 0 0 0 0
1381536000 0 0 0 2
1381449600 0 0 0 15
1381363200 0 0 0 14
1381276800 0 0 0 0
1381190400 0 0 0 8
1381104000 0 0 0 0
1381017600 0 0 0 0
1380931200 0 0 0 8
1380844800 0 0 0 0
1380758400 0 0 0 9
1380672000 0 0 0 7
1380585600 0 0 0 16
1380499200 0 0 0 9
1380412800 0 0 0 9
1380326400 0 0 0 14
1380240000 0 0 0 15
1380153600 0 0 0 2
1380067200 0 0 0 9
1379980800 0 0 0 0
1379894400 0 0 0 18
1379808000 0 0 0 17
1379721600 0 0 0 2
1379635200 0 0 0 0
1379548800 0 0 0 0
1379462400 0 0 0 4
1379376000 0 0 0 6
1379289600 0 0 0 26
1379203200 0 0 0 26
1379116800 0 0 0 2
1379030400 0 0 0 2
1378944000 0 0 0 6
1378857600 0 0 0 14
1378771200 0 0 0 20
1378684800 0 0 0 9
1378598400 0 0 0 0
1378512000 0 0 0 6
1378425600 0 0 0 6
1378339200 0 0 0 11
1378252800 0 0 0 16
1378166400 0 0 0 17
1378080000 0 0 0 0
1377993600 0 0 0 26
1377907200 0 0 0 10
1377820800 0 0 0 2
1377734400 0 0 0 2
1377648000 0 0 0 15
1377561600 0 0 0 8
1377475200 0 0 0 9
1377388800 0 0 0 6
1377302400 0 0 0 8
1377216000 0 0 0 7
1377129600 0 0 0 18
1377043200 0 0 0 6
1376956800 0 0 0 34
1376870400 0 0 0 26
1376784000 0 0 0 35
1376697600 0 0 0 8
1376611200 0 0 0 0
1376524800 0 0 0 7
1376438400 0 0 0 14
1376352000 0 0 0 7
1376265600 0 0 0 0
1376179200 0 0 0 0
1376092800 0 0 0 7
1376006400 0 0 0 16
1375920000 0 0 138 14
1375833600 0 0 0 18
1375747200 0 0 0 15
1375660800 0 0 0 0
1375574400 0 0 0 0
1375488000 0 0 0 11
1375401600 0 0 126 15
1375315200 0 0 0 16
1375228800 0 0 0 0
1375142400 0 0 0 18
1375056000 0 0 0 0
1374969600 0 0 0 33
1374883200 0 0 0 18
1374796800 0 0 0 18
1374710400 0 0 0 18
1374624000 0 0 0 18
1374537600 0 0 0 20
1374451200 0 0 0 17
1374364800 0 0 0 26
1374278400 0 0 0 7
1374192000 0 0 0 15
1374105600 0 0 0 18
1374019200 0 0 0 14
1373932800 0 0 0 20
1373846400 0 0 0 7
1373760000 0 0 0 7
1373673600 0 0 0 7
1373587200 0 0 0 4
1373500800 0 0 0 15
1373414400 0 0 0 5
1373328000 0 0 0 5
1373241600 0 0 0 0
1373155200 0 0 0 0
1373068800 0 0 0 0
1372982400 0 0 0 1
1372896000 0 0 0 1
1372809600 0 0 0 3
1372723200 0 0 0 0
1372636800 0 0 0 2
1372550400 0 0 0 2
1372464000 0 0 0 13
1372377600 0 0 0 6
1372291200 0 0 0 16
1372204800 0 0 0 28
1372118400 0 0 0 29
1372032000 0 0 0 0
1371945600 0 0 0 0
1371859200 0 0 0 0
1371772800 0 0 0 8
1371686400 0 0 0 36
1371600000 0 0 0 29
1371513600 0 0 0 29
1371427200 0 0 0 0
1371340800 0 0 0 32
1371254400 0 0 0 29
1371168000 0 0 0 29
1371081600 0 0 0 30
1370995200 0 0 0 29
1370908800 0 0 0 29
1370822400 0 0 0 18
1370736000 0 0 0 12
1370649600 0 0 0 29
1370563200 0 0 0 35
1370476800 0 0 0 29
1370390400 1 0 3374 428
1370304000 3 0 10392 1248
1370217600 0 0 2480 172
1370131200 0 0 2562 167
1370044800 0 0 2560 180
1369958400 4 0 17059 797
1369872000 0 0 2563 180
1369785600 35 0 95593 6086
1369699200 0 0 2487 159
1369612800 0 0 2484 197
1369526400 0 0 2487 179
1369440000 0 0 2393 156
1369353600 0 0 2628 162
1369267200 0 0 2628 181
1369180800 0 0 3761 165
1369094400 0 0 2856 182
1369008000 0 0 0 24
1368921600 0 0 0 12
1368835200 5 0 15464 187
1368748800 0 0 2553 167
1368662400 0 0 2460 159
1368576000 0 0 3096 386
1368489600 11 0 23553 1271
1368403200 0 0 0 6
1368316800 0 0 0 13
1368230400 0 0 3146 392
1368144000 0 0 2447 353
1368057600 0 0 2525 159
1367971200 12 0 32198 2814
1367884800 0 0 2502 162
1367798400 0 0 3045 164
1367712000 0 0 2918 179
1367625600 0 0 3046 164
1367539200 0 0 1512 172
1367452800 0 0 3050 209
1367366400 7 0 28635 2169
1367280000 0 0 2409 164
1367193600 0 0 2493 186
1367107200 0 0 2412 207
1367020800 4 0 15350 241
1366934400 0 0 2499 192
1366848000 0 0 2486 179
1366761600 0 0 3165 207
1366675200 0 0 2480 174
1366588800 0 0 2750 168
1366502400 0 0 2575 169
1366416000 0 0 2480 209
1366329600 0 0 2575 176
1366243200 0 0 1891 190
1366156800 0 0 3 7
1366070400 0 0 0 11
1365984000 0 0 0 13
1365897600 0 0 0 0
1365811200 0 0 0 2
1365724800 0 0 0 7
1365638400 3 0 14810 140
1365552000 3 0 14806 148
1365465600 0 0 0 0
1365379200 0 0 0 0
1365292800 0 0 0 18
1365206400 0 0 89 19
1365120000 0 0 0 6
1365033600 0 0 254 50
1364947200 0 0 0 0
1364860800 0 0 0 0
1364774400 0 0 0 0
1364688000 0 0 0 0
1364601600 0 0 4 4
1364515200 0 0 0 6
1364428800 0 0 0 1
1364342400 0 0 0 18
1364256000 0 0 0 6
1364169600 0 0 0 0
1364083200 0 0 0 0
1363996800 0 0 3 8
1363910400 0 0 196 30
1363824000 0 0 95 16
1363737600 0 0 2157 160
1363651200 0 0 2211 160
1363564800 0 0 1302 164
1363478400 0 0 2135 165
1363392000 0 0 2139 180
1363305600 0 0 2137 167
1363219200 0 0 2299 164
1363132800 11 0 37205 2444
1363046400 11 0 26150 1987
1362960000 0 0 2381 183
1362873600 0 0 2131 198
1362787200 8 0 25650 2034
1362700800 0 0 1873 169
1362614400 0 0 2125 163
1362528000 0 0 2200 159
1362441600 0 0 2126 161
1362355200 0 0 2200 207
1362268800 0 0 2200 159
1362182400 0 0 2125 161
1362096000 0 0 2100 163
1362009600 0 0 2101 159
1361923200 0 0 2100 160
1361836800 0 0 2091 167
1361750400 0 0 2033 217
1361664000 0 0 1967 167
1361577600 0 0 1970 197
1361491200 0 0 1964 167
1361404800 0 0 2033 141
1361318400 0 0 1962 163
1361232000 0 0 2029 209
1361145600 0 0 0 0
1361059200 0 0 0 0
1360972800 0 0 2011 191
1360886400 0 0 1944 170
1360800000 0 0 2135 172
1360713600 0 0 1965 168
1360627200 0 0 1964 160
1360540800 0 0 1900 195
1360454400 0 0 1968 164
1360368000 0 0 1969 169
1360281600 0 0 1966 172
1360195200 0 0 2022 213
1360108800 0 0 1951 194
1360022400 2 0 7667 390
1359936000 0 0 0 0
1359849600 0 0 0 0
1359763200 0 0 1896 186
1359676800 0 0 1900 196
1359590400 0 0 4850 283
1359504000 0 0 1958 195
1359417600 0 0 1858 171
1359331200 0 0 2093 199
1359244800 0 0 1923 166
1359158400 0 0 2020 162
1359072000 0 0 1171 126
1358985600 0 0 1858 194
1358899200 0 0 1717 157
1358812800 0 0 1847 182
1358726400 0 0 2081 234
1358640000 0 0 1847 164
1358553600 0 0 1912 175
1358467200 0 0 1849 164
1358380800 0 0 3331 210
1358294400 0 0 1554 175
1358208000 0 0 3885 247
1358121600 0 0 2027 206
1358035200 0 0 1793 162
1357948800 0 0 1793 167
1357862400 0 0 1797 158
1357776000 1 0 3890 241
1357689600 1 0 3755 232
1357603200 1 0 3881 245
1357516800 0 0 2033 158
1357430400 0 0 1794 147
1357344000 0 0 1668 163
1357257600 5 0 13374 248
1357171200 5 0 12285 247
1357084800 0 0 0 0
1356998400 0 0 0 0
1356912000 0 0 0 0
1356825600 0 0 0 0
1356739200 0 0 0 18
1356652800 0 0 0 12
1356566400 0 0 538 175
1356480000 0 0 0 6
1356393600 0 0 0 6
1356307200 0 0 0 6
1356220800 0 0 0 13
1356134400 0 0 0 5
1356048000 0 0 1774 160
1355961600 0 0 1766 162
1355875200 0 0 2379 184
1355788800 0 0 1539 200
1355702400 0 0 1966 171
1355616000 0 0 2010 155
1355529600 0 0 1804 124
1355443200 8 0 25875 1735
1355356800 0 0 1966 164
1355270400 1 0 6275 612
1355184000 13 0 15767 1034
1355097600 0 0 0 0
1355011200 0 0 0 0
1354924800 0 0 2023 195
1354838400 0 0 1785 186
1354752000 0 0 3857 249
1354665600 0 0 1948 163
1354579200 0 0 1844 188
1354492800 0 0 0 13
1354406400 0 0 0 12
1354320000 0 0 1821 158
1354233600 0 0 1774 199
1354147200 0 0 1716 186
1354060800 9 0 28890 2039
1353974400 0 0 3 6
1353888000 0 0 0 6
1353801600 0 0 0 12
1353715200 0 0 0 5
1353628800 0 0 0 0
1353542400 0 0 1598 169
1353456000 0 0 1825 162
1353369600 0 0 1780 219
1353283200 0 0 0 6
1353196800 0 0 0 4
1353110400 0 0 3853 252
1353024000 0 0 1552 198
1352937600 4 0 12657 271
1352851200 0 0 3860 252
1352764800 0 0 1563 176
1352678400 0 0 0 6
1352592000 0 0 0 18
1352505600 0 0 0 6
1352419200 0 0 1395 235
1352332800 6 0 16062 1227
1352246400 0 0 5106 310
1352160000 0 0 0 94
1352073600 0 0 0 0
1351987200 0 0 0 0
1351900800 0 0 0 3
1351814400 0 0 0 0
1351728000 0 0 0 50
1351641600 0 0 0 1
1351555200 0 0 0 33
1351468800 0 0 0 0
1351382400 0 0 0 0
1351296000 0 0 0 0
1351209600 0 0 0 3
1351123200 0 0 0 17
1351036800 0 0 0 21
1350950400 0 0 0 36
1350864000 0 0 0 21
1350777600 0 0 0 31
1350691200 0 0 0 32
1350604800 0 0 0 20
1350518400 0 0 0 28
1350432000 0 0 0 31
1350345600 0 0 0 38
1350259200 0 0 0 37
1350172800 0 0 0 21
1350086400 0 0 0 31
1350000000 0 0 0 39
1349913600 0 0 0 21
1349827200 0 0 0 13
1349740800 0 0 0 18
1349654400 0 0 0 13
1349568000 0 0 0 18
1349481600 0 0 0 16
1349395200 0 0 0 46
1349308800 0 0 0 48
1349222400 0 0 114 34
1349136000 0 0 0 20
1349049600 1 0 13001 195
1348963200 0 0 0 15
1348876800 0 0 0 46
1348790400 0 0 1814 52
1348704000 0 0 0 71
1348617600 0 0 0 53
1348531200 0 0 0 0
1348444800 0 0 0 0
1348358400 0 0 0 0
1348272000 0 0 0 75
1348185600 0 0 0 60
1348099200 0 0 5 37
1348012800 0 0 0 62
1347926400 0 0 0 40
1347840000 0 0 20 43
1347753600 0 0 0 12
1347667200 0 0 557 28
1347580800 0 0 0 22
1347494400 0 0 0 15
1347408000 0 0 0 11
1347321600 0 0 0 27
1347235200 0 0 0 0
1347148800 0 0 0 0
1347062400 0 0 0 72
1346976000 0 0 0 35
1346889600 0 0 45 64
1346803200 0 0 53 53
1346716800 0 0 0 51
1346630400 0 0 0 0
1346544000 0 0 0 0
1346457600 0 0 118 82
1346371200 0 0 0 37
1346284800 0 0 0 71
1346198400 0 0 0 48
1346112000 0 0 0 48
1346025600 0 0 0 0
1345939200 0 0 0 0
1345852800 0 0 0 26
1345766400 0 0 0 38
1345680000 0 0 0 46
1345593600 0 3 0 62
1345507200 0 0 0 0
1345420800 0 0 0 0
1345334400 0 0 0 0
1345248000 0 0 163 59
1345161600 0 0 467 48
1345075200 0 0 186 39
1344988800 0 0 0 39
1344902400 0 0 0 28
1344816000 0 0 0 46
1344729600 0 0 0 37
1344643200 0 0 0 50
1344556800 0 0 6 53
1344470400 0 0 0 50
1344384000 0 0 863 54
1344297600 0 0 0 53
1344211200 0 0 0 18
1344124800 0 0 0 18
1344038400 0 0 14 61
1343952000 0 0 0 39
1343865600 0 0 5967 41
1343779200 0 0 0 56
1343692800 0 0 0 62
1343606400 0 0 0 0
1343520000 0 0 0 0
1343433600 0 0 0 92
1343347200 0 0 0 89
1343260800 0 0 0 103
1343174400 0 0 0 93
1343088000 0 0 0 164
1343001600 0 0 0 0
1342915200 0 0 0 0
1342828800 0 0 0 111
1342742400 0 0 0 108
1342656000 0 0 2235 150
1342569600 0 0 0 28
1342483200 0 0 6 60
1342396800 0 0 0 15
1342310400 0 0 0 23
1342224000 0 0 151 39
1342137600 0 0 0 46
1342051200 0 0 0 41
1341964800 0 0 64 72
1341878400 0 0 0 0
1341792000 0 0 0 0
1341705600 0 0 0 0
1341619200 0 0 0 39
1341532800 0 0 193 50
1341446400 0 0 0 27
1341360000 0 0 0 39
1341273600 0 0 0 55
1341187200 0 0 0 0
1341100800 0 0 0 18
1341014400 0 0 0 36
1340928000 0 0 0 32
1340841600 0 0 0 66
1340755200 0 0 0 0
1340668800 0 0 0 0
1340582400 0 0 0 0
1340496000 0 0 0 0
1340409600 0 0 0 0
1340323200 0 0 0 0
1340236800 0 0 0 0
1340150400 0 0 0 0
1340064000 0 0 0 0
1339977600 0 0 0 0
1339891200 0 0 0 0
1339804800 0 0 0 0
1339718400 0 0 0 0
1339632000 0 0 0 0
1339545600 0 0 0 0
1339459200 0 0 0 0
1339372800 0 0 0 0
1339286400 0 0 0 0
1339200000 0 0 0 0
1339113600 0 0 0 0
1339027200 0 0 0 0
1338940800 0 0 0 0
1338854400 0 0 0 0
1338768000 0 0 0 0
1338681600 0 0 0 0
1338595200 0 0 0 0
1338508800 0 0 0 0
1338422400 0 0 0 0
1338336000 0 0 0 0
1338249600 0 0 0 0
1338163200 0 0 0 0
1338076800 0 0 0 0
1337990400 0 0 0 0
1337904000 0 0 0 0
1337817600 0 0 0 0
1337731200 0 0 0 0
1337644800 0 0 0 0
1337558400 0 0 0 0
1337472000 0 0 0 0
1337385600 0 0 0 0
1337299200 0 0 0 0
1337212800 0 0 0 0
1337126400 0 0 0 0
1337040000 0 0 0 0
1336953600 0 0 0 0
1336867200 0 0 0 0
1336780800 0 0 0 0
1336694400 0 0 0 0
1336608000 0 0 0 0
1336521600 0 0 0 0
1336435200 0 0 0 0
1336348800 0 0 0 0
1336262400 0 0 0 0
1336176000 0 0 0 0
1336089600 0 0 0 0
1336003200 0 0 0 0
1335916800 0 0 0 0
1335830400 0 0 0 0
1335744000 0 0 0 0
1335657600 0 0 0 0
1335571200 0 0 0 0
1335484800 0 0 0 0
1335398400 0 0 0 0
1335312000 0 0 0 0
1335225600 0 0 0 0
1335139200 0 0 0 0
1335052800 0 0 0 0
1334966400 0 0 0 0
1334880000 0 0 0 0
1334793600 0 0 0 0
1334707200 0 0 0 0
1334620800 0 0 0 0
1334534400 0 0 0 0
1334448000 0 0 0 0
1334361600 0 0 0 0
1334275200 0 0 0 0
1334188800 0 0 0 0
1334102400 0 0 0 0
1334016000 0 0 0 0
1333929600 0 0 0 0
1333843200 0 0 0 0
1333756800 0 0 0 0
1333670400 0 0 0 0
1333584000 0 0 0 0
1333497600 0 0 0 0
1333411200 0 0 0 0
1333324800 0 0 0 0
1333238400 0 0 0 0
1333152000 0 0 0 0
1333065600 0 0 0 0
1332979200 0 0 0 0
1332892800 0 0 0 0
1332806400 0 0 0 0
1332720000 0 0 0 0
1332633600 0 0 0 0
1332547200 0 0 0 0
1332460800 0 0 0 0
1332374400 0 0 0 0
1332288000 0 0 0 0
1332201600 0 0 0 0
1332115200 0 0 0 0
1332028800 0 0 0 0
1331942400 0 0 0 0
1331856000 0 0 0 0
1331769600 0 0 0 0
1331683200 0 0 0 0
1331596800 0 0 0 0
1331510400 0 0 0 0
1331424000 0 0 0 0
1331337600 0 0 0 0
1331251200 0 0 0 0
1331164800 0 0 0 0
1331078400 0 0 0 0
1330992000 0 0 0 0
1330905600 0 0 0 0
1330819200 0 0 0 0
1330732800 0 0 0 0
1330646400 0 0 0 0
1330560000 0 0 0 0
1330473600 0 0 0 0
1330387200 0 0 0 0
1330300800 0 0 0 0
1330214400 0 0 0 0
1330128000 0 0 0 0
1330041600 0 0 0 0
1329955200 0 0 0 0
1329868800 0 0 0 0
1329782400 0 0 0 0
1329696000 0 0 0 0
1329609600 0 0 0 0
1329523200 0 0 0 0
1329436800 0 0 0 0
1329350400 0 0 0 0
1329264000 0 0 0 0
1329177600 0 0 0 0
1329091200 0 0 0 0
1329004800 0 0 0 0
1328918400 0 0 0 0
1328832000 0 0 0 0
