1397587482 0 0
1397587482 0 0 0 0
1397587461 0 0 0 0
1397587200 0 0 0 0
1397586900 0 0 0 0
1397586600 0 0 0 0
1397586300 0 0 0 0
1397586000 0 0 0 0
1397585700 0 0 0 0
1397585400 0 0 0 0
1397585100 0 0 0 0
1397584800 0 0 0 0
1397584500 0 0 0 0
1397584200 0 0 0 0
1397583900 0 0 0 0
1397583600 0 0 0 0
1397583300 0 0 0 0
1397583000 0 0 0 0
1397582700 0 0 0 0
1397582400 0 0 0 0
1397582100 0 0 0 0
1397581800 0 0 0 0
1397581500 0 0 0 0
1397581200 0 0 0 0
1397580900 0 0 0 0
1397580600 0 0 0 0
1397580300 0 0 0 0
1397580000 0 0 0 0
1397579700 0 0 0 0
1397579400 0 0 0 0
1397579100 0 0 0 0
1397578800 0 0 0 0
1397578500 0 0 0 0
1397578200 0 0 0 0
1397577900 0 0 0 0
1397577600 0 0 0 0
1397577300 0 0 0 0
1397577000 0 0 0 0
1397576700 0 0 0 0
1397576400 0 0 0 0
1397576100 0 0 0 0
1397575800 0 0 0 0
1397575500 0 0 0 0
1397575200 0 0 0 0
1397574900 0 0 0 0
1397574600 0 0 0 0
1397574300 0 0 0 0
1397574000 0 0 0 0
1397573700 0 0 0 0
1397573400 0 0 0 0
1397573100 0 0 0 0
1397572800 0 0 0 0
1397572500 0 0 0 0
1397572200 0 0 0 0
1397571900 0 0 0 0
1397571600 0 0 0 0
1397571300 0 0 0 0
1397571000 0 0 0 0
1397570700 0 0 0 0
1397570400 0 0 0 0
1397570100 0 0 0 0
1397569800 0 0 0 0
1397569500 0 0 0 0
1397569200 0 0 0 0
1397568900 0 0 0 0
1397568600 0 0 0 0
1397568300 0 0 0 0
1397568000 0 0 0 0
1397567700 0 0 0 0
1397567400 0 0 0 0
1397567100 0 0 0 0
1397566800 0 0 0 0
1397566500 0 0 0 0
1397566200 0 0 0 0
1397565900 0 0 0 0
1397565600 0 0 0 0
1397565300 0 0 0 0
1397565000 0 0 0 0
1397564700 0 0 0 0
1397564400 0 0 0 0
1397564100 0 0 0 0
1397563800 0 0 0 0
1397563500 0 0 0 0
1397563200 0 0 0 0
1397562900 0 0 0 0
1397562600 0 0 0 0
1397562300 0 0 0 0
1397562000 0 0 0 0
1397561700 0 0 0 0
1397561400 0 0 0 0
1397561100 0 0 0 0
1397560800 0 0 0 0
1397560500 0 0 0 0
1397560200 0 0 0 0
1397559900 0 0 0 0
1397559600 0 0 0 0
1397559300 0 0 0 0
1397559000 0 0 0 0
1397558700 0 0 0 0
1397558400 0 0 0 0
1397558100 0 0 0 0
1397557800 0 0 0 0
1397557500 0 0 0 0
1397557200 0 0 0 0
1397556900 0 0 0 0
1397556600 0 0 0 0
1397556300 0 0 0 0
1397556000 0 0 0 0
1397555700 0 0 0 0
1397555400 0 0 0 0
1397555100 0 0 0 0
1397554800 0 0 0 0
1397554500 0 0 0 0
1397554200 0 0 0 0
1397553900 0 0 0 0
1397553600 0 0 0 0
1397553300 0 0 0 0
1397553000 0 0 0 0
1397552700 0 0 0 0
1397552400 0 0 0 0
1397552100 0 0 0 0
1397551800 0 0 0 0
1397551500 0 0 0 0
1397551200 0 0 0 0
1397550900 0 0 0 0
1397550600 0 0 0 0
1397550300 0 0 0 0
1397550000 0 0 0 0
1397549700 0 0 0 0
1397549400 0 0 0 0
1397549100 0 0 0 0
1397548800 0 0 0 0
1397548500 0 0 0 0
1397548200 0 0 0 0
1397547900 0 0 0 0
1397547600 0 0 0 0
1397547300 0 0 0 0
1397547000 0 0 0 0
1397546700 0 0 0 0
1397546400 0 0 0 0
1397546100 0 0 0 0
1397545800 0 0 0 0
1397545500 0 0 0 0
1397545200 0 0 0 0
1397544900 0 0 0 0
1397544600 0 0 0 0
1397544300 0 0 0 0
1397544000 0 0 0 0
1397543700 0 0 0 0
1397543400 0 0 0 0
1397543100 0 0 0 0
1397542800 0 0 0 0
1397542500 0 0 0 0
1397542200 0 0 0 0
1397541900 0 0 0 0
1397541600 0 0 0 0
1397541300 0 0 0 0
1397541000 0 0 0 0
1397540700 0 0 0 0
1397540400 0 0 0 0
1397540100 0 0 0 0
1397539800 0 0 0 0
1397539500 0 0 0 0
1397539200 0 0 0 0
1397538900 0 0 0 0
1397538600 0 0 0 0
1397538300 0 0 0 0
1397538000 0 0 0 0
1397537700 0 0 0 0
1397537400 0 0 0 0
1397537100 0 0 0 0
1397536800 0 0 0 0
1397536500 0 0 0 0
1397536200 0 0 0 0
1397535900 0 0 0 0
1397535600 0 0 0 0
1397535300 0 0 0 0
1397535000 0 0 0 0
1397534700 0 0 0 0
1397534400 0 0 0 0
1397534100 0 0 0 0
1397533800 0 0 0 0
1397533500 0 0 0 0
1397533200 0 0 0 0
1397532900 0 0 0 0
1397532600 0 0 0 0
1397532300 0 0 0 0
1397532000 0 0 0 0
1397531700 0 0 0 0
1397531400 0 0 0 0
1397531100 0 0 0 0
1397530800 0 0 0 0
1397530500 0 0 0 0
1397530200 0 0 0 0
1397529900 0 0 0 0
1397529600 0 0 0 0
1397529300 0 0 0 0
1397529000 0 0 0 0
1397528700 0 0 0 0
1397528400 0 0 0 0
1397528100 0 0 0 0
1397527800 0 0 0 0
1397527500 0 0 0 0
1397527200 0 0 0 0
1397526900 0 0 0 0
1397526600 0 0 0 0
1397526300 0 0 0 0
1397526000 0 0 0 0
1397525700 0 0 0 0
1397525400 0 0 0 0
1397525100 0 0 0 0
1397524800 0 0 0 0
1397524500 0 0 0 0
1397524200 0 0 0 0
1397523900 0 0 0 0
1397523600 0 0 0 0
1397523300 0 0 0 0
1397523000 0 0 0 0
1397522700 0 0 0 0
1397522400 0 0 0 0
1397522100 0 0 0 0
1397521800 0 0 0 0
1397521500 0 0 0 0
1397521200 0 0 0 0
1397520900 0 0 0 0
1397520600 0 0 0 0
1397520300 0 0 0 0
1397520000 0 0 0 0
1397519700 0 0 0 0
1397519400 0 0 0 0
1397519100 0 0 0 0
1397518800 0 0 0 0
1397518500 0 0 0 0
1397518200 0 0 0 0
1397517900 0 0 0 0
1397517600 0 0 0 0
1397517300 0 0 0 0
1397517000 0 0 0 0
1397516700 0 0 0 0
1397516400 0 0 0 0
1397516100 0 0 0 0
1397515800 0 0 0 0
1397515500 0 0 0 0
1397515200 0 0 0 0
1397514900 0 0 0 0
1397514600 0 0 0 0
1397514300 0 0 0 0
1397514000 0 0 0 0
1397513700 0 0 0 0
1397513400 0 0 0 0
1397513100 0 0 0 0
1397512800 0 0 0 0
1397512500 0 0 0 0
1397512200 0 0 0 0
1397511900 0 0 0 0
1397511600 0 0 0 0
1397511300 0 0 0 0
1397511000 0 0 0 0
1397510700 0 0 0 0
1397510400 0 0 0 0
1397510100 0 0 0 0
1397509800 0 0 0 0
1397509500 0 0 0 0
1397509200 0 0 0 0
1397508900 0 0 0 0
1397508600 0 0 0 0
1397508300 0 0 0 0
1397508000 0 0 0 0
1397507700 0 0 0 0
1397507400 0 0 0 0
1397507100 0 0 0 0
1397506800 0 0 0 0
1397506500 0 0 0 0
1397506200 0 0 0 0
1397505900 0 0 0 0
1397505600 0 0 0 0
1397505300 0 0 0 0
1397505000 0 0 0 0
1397504700 0 0 0 0
1397504400 0 0 0 0
1397504100 0 0 0 0
1397503800 0 0 0 0
1397503500 0 0 0 0
1397503200 0 0 0 0
1397502900 0 0 0 0
1397502600 0 0 0 0
1397502300 0 0 0 0
1397502000 0 0 0 0
1397501700 0 0 0 0
1397501400 0 0 0 0
1397501100 0 0 0 0
1397500800 0 0 0 0
1397500500 0 0 0 0
1397500200 0 0 0 0
1397499900 0 0 0 0
1397499600 0 0 0 0
1397499300 0 0 0 0
1397499000 0 0 0 0
1397498700 0 0 0 0
1397498400 0 0 0 0
1397498100 0 0 0 0
1397497800 0 0 0 0
1397497500 0 0 0 0
1397497200 0 0 0 0
1397496900 0 0 0 0
1397496600 0 0 0 0
1397496300 0 0 0 0
1397496000 0 0 0 0
1397495700 0 0 0 0
1397495400 0 0 0 0
1397495100 0 0 0 0
1397494800 0 0 0 0
1397494500 0 0 0 0
1397494200 0 0 0 0
1397493900 0 0 0 0
1397493600 0 0 0 0
1397493300 0 0 0 0
1397493000 0 0 0 0
1397492700 0 0 0 0
1397492400 0 0 0 0
1397492100 0 0 0 0
1397491800 0 0 0 0
1397491500 0 0 0 0
1397491200 0 0 0 0
1397490900 0 0 0 0
1397490600 0 0 0 0
1397490300 0 0 0 0
1397490000 0 0 0 0
1397489700 0 0 0 0
1397489400 0 0 0 0
1397489100 0 0 0 0
1397488800 0 0 0 0
1397488500 0 0 0 0
1397488200 0 0 0 0
1397487900 0 0 0 0
1397487600 0 0 0 0
1397487300 0 0 0 0
1397487000 0 0 0 0
1397486700 0 0 0 0
1397486400 0 0 0 0
1397486100 0 0 0 0
1397485800 0 0 0 0
1397485500 0 0 0 0
1397485200 0 0 0 0
1397484900 0 0 0 0
1397484600 0 0 0 0
1397484300 0 0 0 0
1397484000 0 0 0 0
1397483700 0 0 0 0
1397483400 0 0 0 0
1397483100 0 0 0 0
1397482800 0 0 0 0
1397482500 0 0 0 0
1397482200 0 0 0 0
1397481900 0 0 0 0
1397481600 0 0 0 0
1397481300 0 0 0 0
1397481000 0 0 0 0
1397480700 0 0 0 0
1397480400 0 0 0 0
1397480100 0 0 0 0
1397479800 0 0 0 0
1397479500 0 0 0 0
1397479200 0 0 0 0
1397478900 0 0 0 0
1397478600 0 0 0 0
1397478300 0 0 0 0
1397478000 0 0 0 0
1397477700 0 0 0 0
1397477400 0 0 0 0
1397477100 0 0 0 0
1397476800 0 0 0 0
1397476500 0 0 0 0
1397476200 0 0 0 0
1397475900 0 0 0 0
1397475600 0 0 0 0
1397475300 0 0 0 0
1397475000 0 0 0 0
1397474700 0 0 0 0
1397474400 0 0 0 0
1397474100 0 0 0 0
1397473800 0 0 0 0
1397473500 0 0 0 0
1397473200 0 0 0 0
1397472900 0 0 0 0
1397472600 0 0 0 0
1397472300 0 0 0 0
1397472000 0 0 0 0
1397471700 0 0 0 0
1397471400 0 0 0 0
1397471100 0 0 0 0
1397470800 0 0 0 0
1397470500 0 0 0 0
1397470200 0 0 0 0
1397469900 0 0 0 0
1397469600 0 0 0 0
1397469300 0 0 0 0
1397469000 0 0 0 0
1397468700 0 0 0 0
1397468400 0 0 0 0
1397468100 0 0 0 0
1397467800 0 0 0 0
1397467500 0 0 0 0
1397467200 0 0 0 0
1397466900 0 0 0 0
1397466600 0 0 0 0
1397466300 0 0 0 0
1397466000 0 0 0 0
1397465700 0 0 0 0
1397465400 0 0 0 0
1397465100 0 0 0 0
1397464800 0 0 0 0
1397464500 0 0 0 0
1397464200 0 0 0 0
1397463900 0 0 0 0
1397463600 0 0 0 0
1397463300 0 0 0 0
1397463000 0 0 0 0
1397462700 0 0 0 0
1397462400 0 0 0 0
1397462100 0 0 0 0
1397461800 0 0 0 0
1397461500 0 0 0 0
1397461200 0 0 0 0
1397460900 0 0 0 0
1397460600 0 0 0 0
1397460300 0 0 0 0
1397460000 0 0 0 0
1397459700 0 0 0 0
1397459400 0 0 0 0
1397459100 0 0 0 0
1397458800 0 0 0 0
1397458500 0 0 0 0
1397458200 0 0 0 0
1397457900 0 0 0 0
1397457600 0 0 0 0
1397457300 0 0 0 0
1397457000 0 0 0 0
1397456700 0 0 0 0
1397456400 0 0 0 0
1397456100 0 0 0 0
1397455800 0 0 0 0
1397455500 0 0 0 0
1397455200 0 0 0 0
1397454900 0 0 0 0
1397454600 0 0 0 0
1397454300 0 0 0 0
1397454000 0 0 0 0
1397453700 0 0 0 0
1397453400 0 0 0 0
1397453100 0 0 0 0
1397452800 0 0 0 0
1397452500 0 0 0 0
1397452200 0 0 0 0
1397451900 0 0 0 0
1397451600 0 0 0 0
1397451300 0 0 0 0
1397451000 0 0 0 0
1397450700 0 0 0 0
1397450400 0 0 0 0
1397450100 0 0 0 0
1397449800 0 0 0 0
1397449500 0 0 0 0
1397449200 0 0 0 0
1397448900 0 0 0 0
1397448600 0 0 0 0
1397448300 0 0 0 0
1397448000 0 0 0 0
1397447700 0 0 0 0
1397447400 0 0 0 0
1397447100 0 0 0 0
1397446800 0 0 0 0
1397446500 0 0 0 0
1397446200 0 0 0 0
1397445900 0 0 0 0
1397445600 0 0 0 0
1397445300 0 0 0 0
1397445000 0 0 0 0
1397444700 0 0 0 0
1397444400 0 0 0 0
1397444100 0 0 0 0
1397443800 0 0 0 0
1397443500 0 0 0 0
1397443200 0 0 0 0
1397442900 0 0 0 0
1397442600 0 0 0 0
1397442300 0 0 0 0
1397442000 0 0 0 0
1397441700 0 0 0 0
1397441400 0 0 0 0
1397441100 0 0 0 0
1397440800 0 0 0 0
1397440500 0 0 0 0
1397440200 0 0 0 0
1397439900 0 0 0 0
1397439600 0 0 0 0
1397439300 0 0 0 0
1397439000 0 0 0 0
1397438700 0 0 0 0
1397438400 0 0 0 0
1397438100 0 0 0 0
1397437800 0 0 0 0
1397437500 0 0 0 0
1397437200 0 0 0 0
1397436900 0 0 0 0
1397436600 0 0 0 0
1397436300 0 0 0 0
1397436000 0 0 0 0
1397435700 0 0 0 0
1397435400 0 0 0 0
1397435100 0 0 0 0
1397434800 0 0 0 0
1397434500 0 0 0 0
1397434200 0 0 0 0
1397433900 0 0 0 0
1397433600 0 0 0 0
1397433300 0 0 0 0
1397433000 0 0 0 0
1397432700 0 0 0 0
1397432400 0 0 0 0
1397432100 0 0 0 0
1397431800 0 0 0 0
1397431500 0 0 0 0
1397431200 0 0 0 0
1397430900 0 0 0 0
1397430600 0 0 0 0
1397430300 0 0 0 0
1397430000 0 0 0 0
1397429700 0 0 0 0
1397429400 0 0 0 0
1397429100 0 0 0 0
1397428800 0 0 0 0
1397428500 0 0 0 0
1397428200 0 0 0 0
1397427900 0 0 0 0
1397427600 0 0 0 0
1397427300 0 0 0 0
1397427000 0 0 0 0
1397426700 0 0 0 0
1397426400 0 0 0 0
1397426100 0 0 0 0
1397425800 0 0 0 0
1397425500 0 0 0 0
1397425200 0 0 0 0
1397424900 0 0 0 0
1397424600 0 0 0 0
1397424300 0 0 0 0
1397424000 0 0 0 0
1397423700 0 0 0 0
1397423400 0 0 0 0
1397423100 0 0 0 0
1397422800 0 0 0 0
1397422500 0 0 0 0
1397422200 0 0 0 0
1397421900 0 0 0 0
1397421600 0 0 0 0
1397421300 0 0 0 0
1397421000 0 0 0 0
1397420700 0 0 0 0
1397420400 0 0 0 0
1397420100 0 0 0 0
1397419800 0 0 0 0
1397419500 0 0 0 0
1397419200 0 0 0 0
1397418900 0 0 0 0
1397418600 0 0 0 0
1397418300 0 0 0 0
1397418000 0 0 0 0
1397417700 0 0 0 0
1397417400 0 0 0 0
1397417100 0 0 0 0
1397416800 0 0 0 0
1397416500 0 0 0 0
1397416200 0 0 0 0
1397415900 0 0 0 0
1397415600 0 0 0 0
1397415300 0 0 0 0
1397415000 0 0 0 0
1397414700 0 0 0 0
1397414400 0 0 0 0
1397414100 0 0 0 0
1397413800 0 0 0 0
1397413500 0 0 0 0
1397413200 0 0 0 0
1397412900 0 0 0 0
1397412600 0 0 0 0
1397412300 0 0 0 0
1397412000 0 0 0 0
1397411700 0 0 0 0
1397411400 0 0 0 0
1397411100 0 0 0 0
1397410800 0 0 0 0
1397410500 0 0 0 0
1397410200 0 0 0 0
1397409900 0 0 0 0
1397409600 0 0 0 0
1397409300 0 0 0 0
1397409000 0 0 0 0
1397408700 0 0 0 0
1397408400 0 0 0 0
1397408100 0 0 0 0
1397407800 0 0 0 0
1397407500 0 0 0 0
1397406600 0 0 0 0
1397404800 0 0 0 0
1397403000 0 0 0 0
1397401200 0 0 0 0
1397399400 0 0 0 0
1397397600 0 0 0 0
1397395800 0 0 0 0
1397394000 0 0 0 0
1397392200 0 0 0 0
1397390400 0 0 0 0
1397388600 0 0 0 0
1397386800 0 0 0 0
1397385000 0 0 0 0
1397383200 0 0 0 0
1397381400 0 0 0 0
1397379600 0 0 0 0
1397377800 0 0 0 0
1397376000 0 0 0 0
1397374200 0 0 0 0
1397372400 0 0 0 0
1397370600 0 0 0 0
1397368800 0 0 0 0
1397367000 0 0 0 0
1397365200 0 0 0 0
1397363400 0 0 0 0
1397361600 0 0 0 0
1397359800 0 0 0 0
1397358000 0 0 0 0
1397356200 0 0 0 0
1397354400 0 0 0 0
1397352600 0 0 0 0
1397350800 0 0 0 0
1397349000 0 0 0 0
1397347200 0 0 0 0
1397345400 0 0 0 0
1397343600 0 0 0 0
1397341800 0 0 0 0
1397340000 0 0 0 0
1397338200 0 0 0 0
1397336400 0 0 0 0
1397334600 0 0 0 0
1397332800 0 0 0 0
1397331000 0 0 0 0
1397329200 0 0 0 0
1397327400 0 0 0 0
1397325600 0 0 0 0
1397323800 0 0 0 0
1397322000 0 0 0 0
1397320200 0 0 0 0
1397318400 0 0 0 0
1397316600 0 0 0 0
1397314800 0 0 0 0
1397313000 0 0 0 0
1397311200 0 0 0 0
1397309400 0 0 0 0
1397307600 0 0 0 0
1397305800 0 0 0 0
1397304000 0 0 0 0
1397302200 0 0 0 0
1397300400 0 0 0 0
1397298600 0 0 0 0
1397296800 0 0 0 0
1397295000 0 0 0 0
1397293200 0 0 0 0
1397291400 0 0 0 0
1397289600 0 0 0 0
1397287800 0 0 0 0
1397286000 0 0 0 0
1397284200 0 0 0 0
1397282400 0 0 0 0
1397280600 0 0 0 0
1397278800 0 0 0 0
1397277000 0 0 0 0
1397275200 0 0 0 0
1397273400 0 0 0 0
1397271600 0 0 0 0
1397269800 0 0 0 0
1397268000 0 0 0 0
1397266200 0 0 0 0
1397264400 0 0 0 0
1397262600 0 0 0 0
1397260800 0 0 0 0
1397259000 0 0 0 0
1397257200 0 0 0 0
1397255400 0 0 0 0
1397253600 0 0 0 0
1397251800 0 0 0 0
1397250000 0 0 0 0
1397248200 0 0 0 0
1397246400 0 0 0 0
1397244600 0 0 0 0
1397242800 0 0 0 0
1397241000 0 0 0 0
1397239200 0 0 0 0
1397237400 0 0 0 0
1397235600 0 0 0 0
1397233800 0 0 0 0
1397232000 0 0 0 0
1397230200 0 0 0 0
1397228400 0 0 0 0
1397226600 0 0 0 0
1397224800 0 0 0 0
1397223000 0 0 0 0
1397221200 0 0 0 0
1397219400 0 0 0 0
1397217600 0 0 0 0
1397215800 0 0 0 0
1397214000 0 0 0 0
1397212200 0 0 0 0
1397210400 0 0 0 0
1397208600 0 0 0 0
1397206800 0 0 0 0
1397205000 0 0 0 0
1397203200 0 0 0 0
1397201400 0 0 0 0
1397199600 0 0 0 0
1397197800 0 0 0 0
1397196000 0 0 0 0
1397194200 0 0 0 0
1397192400 0 0 0 0
1397190600 0 0 0 0
1397188800 0 0 0 0
1397187000 0 0 0 0
1397185200 0 0 0 0
1397183400 0 0 0 0
1397181600 0 0 0 0
1397179800 0 0 0 0
1397178000 0 0 0 0
1397176200 0 0 0 0
1397174400 0 0 0 0
1397172600 0 0 0 0
1397170800 0 0 0 0
1397169000 0 0 0 0
1397167200 0 0 0 0
1397165400 0 0 0 0
1397163600 0 0 0 0
1397161800 0 0 0 0
1397160000 0 0 0 0
1397158200 0 0 0 0
1397156400 0 0 0 0
1397154600 0 0 0 0
1397152800 0 0 0 0
1397151000 0 0 0 0
1397149200 0 0 0 0
1397147400 0 0 0 0
1397145600 0 0 0 0
1397143800 0 0 0 0
1397142000 0 0 0 0
1397140200 0 0 0 0
1397138400 0 0 0 0
1397136600 0 0 0 0
1397134800 0 0 0 0
1397133000 0 0 0 0
1397131200 0 0 0 0
1397129400 0 0 0 0
1397127600 0 0 0 0
1397125800 0 0 0 0
1397124000 0 0 0 0
1397122200 0 0 0 0
1397120400 0 0 0 0
1397118600 0 0 0 0
1397116800 0 0 0 0
1397115000 0 0 0 0
1397113200 0 0 0 0
1397111400 0 0 0 0
1397109600 0 0 0 0
1397107800 0 0 0 0
1397106000 0 0 0 0
1397104200 0 0 0 0
1397102400 0 0 0 0
1397100600 0 0 0 0
1397098800 0 0 0 0
1397097000 0 0 0 0
1397095200 0 0 0 0
1397093400 0 0 0 0
1397091600 0 0 0 0
1397089800 0 0 0 0
1397088000 0 0 0 0
1397086200 0 0 0 0
1397084400 0 0 0 0
1397082600 0 0 0 0
1397080800 0 0 0 0
1397079000 0 0 0 0
1397077200 0 0 0 0
1397075400 0 0 0 0
1397073600 0 0 0 0
1397071800 0 0 0 0
1397070000 0 0 0 0
1397068200 0 0 0 0
1397066400 0 0 0 0
1397064600 0 0 0 0
1397062800 0 0 0 0
1397061000 0 0 0 0
1397059200 0 0 0 0
1397057400 0 0 0 0
1397055600 0 0 0 0
1397053800 0 0 0 0
1397052000 0 0 0 0
1397050200 0 0 0 0
1397048400 0 0 0 0
1397046600 0 0 0 0
1397044800 0 0 0 0
1397043000 0 0 0 0
1397041200 0 0 0 0
1397039400 0 0 0 0
1397037600 0 0 0 0
1397035800 0 0 0 0
1397034000 0 0 0 0
1397032200 0 0 0 0
1397030400 0 0 0 0
1397028600 0 0 0 0
1397026800 0 0 0 0
1397025000 0 0 0 0
1397023200 0 0 0 0
1397021400 0 0 0 0
1397019600 0 0 0 0
1397017800 0 0 0 0
1397016000 0 0 0 0
1397014200 0 0 0 0
1397012400 0 0 0 0
1397010600 0 0 0 0
1397008800 0 0 0 0
1397007000 0 0 0 0
1397005200 0 0 0 0
1397003400 0 0 0 0
1397001600 0 0 0 0
1396999800 0 0 0 0
1396998000 0 0 0 0
1396996200 0 0 0 0
1396994400 0 0 0 0
1396992600 0 0 0 0
1396990800 0 0 0 0
1396989000 0 0 0 0
1396987200 0 0 0 0
1396985400 0 0 0 0
1396983600 0 0 0 0
1396981800 0 0 0 0
1396980000 0 0 0 0
1396978200 0 0 0 0
1396976400 0 0 0 0
1396974600 0 0 0 0
1396972800 0 0 0 0
1396971000 0 0 0 0
1396969200 0 0 0 0
1396967400 0 0 0 0
1396965600 0 0 0 0
1396963800 0 0 0 0
1396962000 0 0 0 0
1396960200 0 0 0 0
1396958400 0 0 0 0
1396956600 0 0 0 0
1396954800 0 0 0 0
1396953000 0 0 0 0
1396951200 0 0 0 0
1396949400 0 0 0 0
1396947600 0 0 0 0
1396945800 0 0 0 0
1396944000 0 0 0 0
1396942200 0 0 0 0
1396940400 0 0 0 0
1396938600 0 0 0 0
1396936800 0 0 0 0
1396935000 0 0 0 0
1396933200 0 0 0 0
1396931400 0 0 0 0
1396929600 0 0 0 0
1396927800 0 0 0 0
1396926000 0 0 0 0
1396924200 0 0 0 0
1396922400 0 0 0 0
1396920600 0 0 0 0
1396918800 0 0 0 0
1396917000 0 0 0 0
1396915200 0 0 0 0
1396913400 0 0 0 0
1396911600 0 0 0 0
1396909800 0 0 0 0
1396908000 0 0 0 0
1396906200 0 0 0 0
1396904400 0 0 0 0
1396902600 0 0 0 0
1396900800 0 0 0 0
1396899000 0 0 0 0
1396897200 0 0 0 0
1396895400 0 0 0 0
1396893600 0 0 0 0
1396891800 0 0 0 0
1396890000 0 0 0 0
1396888200 0 0 0 0
1396886400 0 0 0 0
1396884600 0 0 0 0
1396882800 0 0 0 0
1396881000 0 0 0 0
1396879200 0 0 0 0
1396877400 0 0 0 0
1396875600 0 0 0 0
1396873800 0 0 0 0
1396872000 0 0 0 0
1396870200 0 0 0 0
1396868400 0 0 0 0
1396866600 0 0 0 0
1396864800 0 0 0 0
1396863000 0 0 0 0
1396861200 0 0 0 0
1396859400 0 0 0 0
1396857600 0 0 0 0
1396855800 0 0 0 0
1396854000 0 0 0 0
1396852200 0 0 0 0
1396850400 0 0 0 0
1396848600 0 0 0 0
1396846800 0 0 0 0
1396845000 0 0 0 0
1396843200 0 0 0 0
1396841400 0 0 0 0
1396839600 0 0 0 0
1396837800 0 0 0 0
1396836000 0 0 0 0
1396834200 0 0 0 0
1396832400 0 0 0 0
1396830600 0 0 0 0
1396828800 0 0 0 0
1396827000 0 0 0 0
1396825200 0 0 0 0
1396823400 0 0 0 0
1396821600 0 0 0 0
1396819800 0 0 0 0
1396818000 0 0 0 0
1396816200 0 0 0 0
1396814400 0 0 0 0
1396812600 0 0 0 0
1396810800 0 0 0 0
1396809000 0 0 0 0
1396807200 0 0 0 0
1396805400 0 0 0 0
1396803600 0 0 0 0
1396801800 0 0 0 0
1396800000 0 0 0 0
1396798200 0 0 0 0
1396796400 0 0 0 0
1396794600 0 0 0 0
1396792800 0 0 0 0
1396791000 0 0 0 0
1396789200 0 0 0 0
1396787400 0 0 0 0
1396785600 0 0 0 0
1396783800 0 0 0 0
1396782000 0 0 0 0
1396780200 0 0 0 0
1396778400 0 0 0 0
1396776600 0 0 0 0
1396774800 0 0 0 0
1396773000 0 0 0 0
1396771200 0 0 0 0
1396769400 0 0 0 0
1396767600 0 0 0 0
1396765800 0 0 0 0
1396764000 0 0 0 0
1396762200 0 0 0 0
1396760400 0 0 0 0
1396758600 0 0 0 0
1396756800 0 0 0 0
1396755000 0 0 0 0
1396753200 0 0 0 0
1396751400 0 0 0 0
1396749600 0 0 0 0
1396747800 0 0 0 0
1396746000 0 0 0 0
1396744200 0 0 0 0
1396742400 0 0 0 0
1396740600 0 0 0 0
1396738800 0 0 0 0
1396737000 0 0 0 0
1396735200 0 0 0 0
1396733400 0 0 0 0
1396731600 0 0 0 0
1396729800 0 0 0 0
1396728000 0 0 0 0
1396726200 0 0 0 0
1396724400 0 0 0 0
1396722600 0 0 0 0
1396720800 0 0 0 0
1396719000 0 0 0 0
1396717200 0 0 0 0
1396715400 0 0 0 0
1396713600 0 0 0 0
1396711800 0 0 0 0
1396710000 0 0 0 0
1396708200 0 0 0 0
1396706400 0 0 0 0
1396704600 0 0 0 0
1396702800 0 0 0 0
1396701000 0 0 0 0
1396699200 0 0 0 0
1396697400 0 0 0 0
1396695600 0 0 0 0
1396693800 0 0 0 0
1396692000 0 0 0 0
1396690200 0 0 0 0
1396688400 0 0 0 0
1396686600 0 0 0 0
1396684800 0 0 0 0
1396683000 0 0 0 0
1396681200 0 0 0 0
1396679400 0 0 0 0
1396677600 0 0 0 0
1396675800 0 0 0 0
1396674000 0 0 0 0
1396672200 0 0 0 0
1396670400 0 0 0 0
1396668600 0 0 0 0
1396666800 0 0 0 0
1396665000 0 0 0 0
1396663200 0 0 0 0
1396661400 0 0 0 0
1396659600 0 0 0 0
1396657800 0 0 0 0
1396656000 0 0 0 0
1396654200 0 0 0 0
1396652400 0 0 0 0
1396650600 0 0 0 0
1396648800 0 0 0 0
1396647000 0 0 0 0
1396645200 0 0 0 0
1396643400 0 0 0 0
1396641600 0 0 0 0
1396639800 0 0 0 0
1396638000 0 0 0 0
1396636200 0 0 0 0
1396634400 0 0 0 0
1396632600 0 0 0 0
1396630800 0 0 0 0
1396629000 0 0 0 0
1396627200 0 0 0 0
1396625400 0 0 0 0
1396623600 0 0 0 0
1396621800 0 0 0 0
1396620000 0 0 0 0
1396618200 0 0 0 0
1396616400 0 0 0 0
1396614600 0 0 0 0
1396612800 0 0 0 0
1396611000 0 0 0 0
1396609200 0 0 0 0
1396607400 0 0 0 0
1396605600 0 0 0 0
1396603800 0 0 0 0
1396602000 0 0 0 0
1396600200 0 0 0 0
1396598400 0 0 0 0
1396596600 0 0 0 0
1396594800 0 0 0 0
1396593000 0 0 0 0
1396591200 0 0 0 0
1396589400 0 0 0 0
1396587600 0 0 0 0
1396585800 0 0 0 0
1396584000 0 0 0 0
1396582200 0 0 0 0
1396580400 0 0 0 0
1396578600 0 0 0 0
1396576800 0 0 0 0
1396575000 0 0 0 0
1396573200 0 0 0 0
1396571400 0 0 0 0
1396569600 0 0 0 0
1396567800 0 0 0 0
1396566000 0 0 0 0
1396564200 0 0 0 0
1396562400 0 0 0 0
1396560600 0 0 0 0
1396558800 0 0 0 0
1396557000 0 0 0 0
1396555200 0 0 0 0
1396553400 0 0 0 0
1396551600 0 0 0 0
1396549800 0 0 0 0
1396548000 0 0 0 0
1396546200 0 0 0 0
1396544400 0 0 0 0
1396542600 0 0 0 0
1396540800 0 0 0 0
1396539000 0 0 0 0
1396537200 0 0 0 0
1396535400 0 0 0 0
1396533600 0 0 0 0
1396531800 0 0 0 0
1396530000 0 0 0 0
1396528200 0 0 0 0
1396526400 0 0 0 0
1396524600 0 0 0 0
1396522800 0 0 0 0
1396521000 0 0 0 0
1396519200 0 0 0 0
1396517400 0 0 0 0
1396515600 0 0 0 0
1396513800 0 0 0 0
1396512000 0 0 0 0
1396510200 0 0 0 0
1396508400 0 0 0 0
1396506600 0 0 0 0
1396504800 0 0 0 0
1396503000 0 0 0 0
1396501200 0 0 0 0
1396499400 0 0 0 0
1396497600 0 0 0 0
1396495800 0 0 0 0
1396494000 0 0 0 0
1396492200 0 0 0 0
1396490400 0 0 0 0
1396488600 0 0 0 0
1396486800 0 0 0 0
1396485000 0 0 0 0
1396483200 0 0 0 0
1396481400 0 0 0 0
1396479600 0 0 0 0
1396477800 0 0 0 0
1396476000 0 0 0 0
1396474200 0 0 0 0
1396472400 0 0 0 0
1396470600 0 0 0 0
1396468800 0 0 0 0
1396467000 0 0 0 0
1396465200 0 0 0 0
1396463400 0 0 0 0
1396461600 0 0 0 0
1396459800 0 0 0 0
1396458000 0 0 0 0
1396456200 0 0 0 0
1396454400 0 0 0 0
1396452600 0 0 0 0
1396450800 0 0 0 0
1396449000 0 0 0 0
1396447200 0 0 0 0
1396445400 0 0 0 0
1396443600 0 0 0 0
1396441800 0 0 0 0
1396440000 0 0 0 0
1396438200 0 0 0 0
1396436400 0 0 0 0
1396434600 0 0 0 0
1396432800 0 0 0 0
1396431000 0 0 0 0
1396429200 0 0 0 0
1396427400 0 0 0 0
1396425600 0 0 0 0
1396423800 0 0 0 0
1396422000 0 0 0 0
1396420200 0 0 0 0
1396418400 0 0 0 0
1396416600 0 0 0 0
1396414800 0 0 0 0
1396413000 0 0 0 0
1396411200 0 0 0 0
1396409400 0 0 0 0
1396407600 0 0 0 0
1396405800 0 0 0 0
1396404000 0 0 0 0
1396402200 0 0 0 0
1396400400 0 0 0 0
1396398600 0 0 0 0
1396396800 0 0 0 0
1396395000 0 0 0 0
1396393200 0 0 0 0
1396391400 0 0 0 0
1396389600 0 0 0 0
1396387800 0 0 0 0
1396386000 0 0 0 0
1396384200 0 0 0 0
1396382400 0 0 0 0
1396380600 0 0 0 0
1396378800 0 0 0 0
1396377000 0 0 0 0
1396375200 0 0 0 0
1396373400 0 0 0 0
1396371600 0 0 0 0
1396369800 0 0 0 0
1396368000 0 0 0 0
1396366200 0 0 0 0
1396364400 0 0 0 0
1396362600 0 0 0 0
1396360800 0 0 0 0
1396359000 0 0 0 0
1396357200 0 0 0 0
1396355400 0 0 0 0
1396353600 0 0 0 0
1396351800 0 0 0 0
1396350000 0 0 0 0
1396348200 0 0 0 0
1396346400 0 0 0 0
1396344600 0 0 0 0
1396342800 0 0 0 0
1396341000 0 0 0 0
1396339200 0 0 0 0
1396337400 0 0 0 0
1396335600 0 0 0 0
1396333800 0 0 0 0
1396332000 0 0 0 0
1396330200 0 0 0 0
1396328400 0 0 0 0
1396326600 0 0 0 0
1396324800 0 0 0 0
1396317600 0 0 0 0
1396310400 0 0 0 0
1396303200 0 0 0 0
1396296000 0 0 0 0
1396288800 0 0 0 0
1396281600 0 0 0 0
1396274400 0 0 0 0
1396267200 0 0 0 0
1396260000 0 0 0 0
1396252800 0 0 0 0
1396245600 0 0 0 0
1396238400 0 0 0 0
1396231200 0 0 0 0
1396224000 0 0 0 0
1396216800 0 0 0 0
1396209600 0 0 0 0
1396202400 0 0 0 0
1396195200 0 0 0 0
1396188000 0 0 0 0
1396180800 0 0 0 0
1396173600 0 0 0 0
1396166400 0 0 0 0
1396159200 0 0 0 0
1396152000 0 0 0 0
1396144800 0 0 0 0
1396137600 0 0 0 0
1396130400 0 0 0 0
1396123200 0 0 0 0
1396116000 0 0 0 0
1396108800 0 0 0 0
1396101600 0 0 0 0
1396094400 0 0 0 0
1396087200 0 0 0 0
1396080000 0 0 0 0
1396072800 0 0 0 0
1396065600 0 0 0 0
1396058400 0 0 0 0
1396051200 0 0 0 0
1396044000 0 0 0 0
1396036800 0 0 0 0
1396029600 0 0 0 0
1396022400 0 0 0 0
1396015200 0 0 0 0
1396008000 0 0 0 0
1396000800 0 0 0 0
1395993600 0 0 0 0
1395986400 0 0 0 0
1395979200 0 0 0 0
1395972000 0 0 0 0
1395964800 0 0 0 0
1395957600 0 0 0 0
1395950400 0 0 0 0
1395943200 0 0 0 0
1395936000 0 0 0 0
1395928800 0 0 0 0
1395921600 0 0 0 0
1395914400 0 0 0 0
1395907200 0 0 0 0
1395900000 0 0 0 0
1395892800 0 0 0 0
1395885600 0 0 0 0
1395878400 0 0 0 0
1395871200 0 0 0 0
1395864000 0 0 0 0
1395856800 0 0 0 0
1395849600 0 0 0 0
1395842400 0 0 0 0
1395835200 0 0 0 0
1395828000 0 0 0 0
1395820800 0 0 0 0
1395813600 0 0 0 0
1395806400 0 0 0 0
1395799200 0 0 0 0
1395792000 0 0 0 0
1395784800 0 0 0 0
1395777600 0 0 0 0
1395770400 0 0 0 0
1395763200 0 0 0 0
1395756000 0 0 0 0
1395748800 0 0 0 0
1395741600 0 0 0 0
1395734400 0 0 0 0
1395727200 0 0 0 0
1395720000 0 0 0 0
1395712800 0 0 0 0
1395705600 0 0 0 0
1395698400 0 0 0 0
1395691200 0 0 0 0
1395684000 0 0 0 0
1395676800 0 0 0 0
1395669600 0 0 0 0
1395662400 0 0 0 0
1395655200 0 0 0 0
1395648000 0 0 0 0
1395640800 0 0 0 0
1395633600 0 0 0 0
1395626400 0 0 0 0
1395619200 0 0 0 0
1395612000 0 0 0 0
1395604800 0 0 0 0
1395597600 0 0 0 0
1395590400 0 0 0 0
1395583200 0 0 0 0
1395576000 0 0 0 0
1395568800 0 0 0 0
1395561600 0 0 0 0
1395554400 0 0 0 0
1395547200 0 0 0 0
1395540000 0 0 0 0
1395532800 0 0 0 0
1395525600 0 0 0 0
1395518400 0 0 0 0
1395511200 0 0 0 0
1395504000 0 0 0 0
1395496800 0 0 0 0
1395489600 0 0 0 0
1395482400 0 0 0 0
1395475200 0 0 0 0
1395468000 0 0 0 0
1395460800 0 0 0 0
1395453600 0 0 0 0
1395446400 0 0 0 0
1395439200 0 0 0 0
1395432000 0 0 0 0
1395424800 0 0 0 0
1395417600 0 0 0 0
1395410400 0 0 0 0
1395403200 0 0 0 0
1395396000 0 0 0 0
1395388800 0 0 0 0
1395381600 0 0 0 0
1395374400 0 0 0 0
1395367200 0 0 0 0
1395360000 0 0 0 0
1395352800 0 0 0 0
1395345600 0 0 0 0
1395338400 0 0 0 0
1395331200 0 0 0 0
1395324000 0 0 0 0
1395316800 0 0 0 0
1395309600 0 0 0 0
1395302400 0 0 0 0
1395295200 0 0 0 0
1395288000 0 0 0 0
1395280800 0 0 0 0
1395273600 0 0 0 0
1395266400 0 0 0 0
1395259200 0 0 0 0
1395252000 0 0 0 0
1395244800 0 0 0 0
1395237600 0 0 0 0
1395230400 0 0 0 0
1395223200 0 0 0 0
1395216000 0 0 0 0
1395208800 0 0 0 0
1395201600 0 0 0 0
1395194400 0 0 0 0
1395187200 0 0 0 0
1395180000 0 0 0 0
1395172800 0 0 0 0
1395165600 0 0 0 0
1395158400 0 0 0 0
1395151200 0 0 0 0
1395144000 0 0 0 0
1395136800 0 0 0 0
1395129600 0 0 0 0
1395122400 0 0 0 0
1395115200 0 0 0 0
1395108000 0 0 0 0
1395100800 0 0 0 0
1395093600 0 0 0 0
1395086400 0 0 0 0
1395079200 0 0 0 0
1395072000 0 0 0 0
1395064800 0 0 0 0
1395057600 0 0 0 0
1395050400 0 0 0 0
1395043200 0 0 0 0
1395036000 0 0 0 0
1395028800 0 0 0 0
1395021600 0 0 0 0
1395014400 0 0 0 0
1395007200 0 0 0 0
1395000000 0 0 0 0
1394992800 0 0 0 0
1394985600 0 0 0 0
1394978400 0 0 0 0
1394971200 0 0 0 0
1394964000 0 0 0 0
1394956800 0 0 0 0
1394949600 0 0 0 0
1394942400 0 0 0 0
1394935200 0 0 0 0
1394928000 0 0 0 0
1394920800 0 0 0 0
1394913600 0 0 0 0
1394906400 0 0 0 0
1394899200 0 0 0 0
1394892000 0 0 0 0
1394884800 0 0 0 0
1394877600 0 0 0 0
1394870400 0 0 0 0
1394863200 0 0 0 0
1394856000 0 0 0 0
1394848800 0 0 0 0
1394841600 0 0 0 0
1394834400 0 0 0 0
1394827200 0 0 0 0
1394820000 0 0 0 0
1394812800 0 0 0 0
1394805600 0 0 0 0
1394798400 0 0 0 0
1394791200 0 0 0 0
1394784000 0 0 0 0
1394776800 0 0 0 0
1394769600 0 0 0 0
1394762400 0 0 0 0
1394755200 0 0 0 0
1394748000 0 0 0 0
1394740800 0 0 0 0
1394733600 0 0 0 0
1394726400 0 0 0 0
1394719200 0 0 0 0
1394712000 0 0 0 0
1394704800 0 0 0 0
1394697600 0 0 0 0
1394690400 0 0 0 0
1394683200 0 0 0 0
1394676000 0 0 0 0
1394668800 0 0 0 0
1394661600 0 0 0 0
1394654400 0 0 0 0
1394647200 0 0 0 0
1394640000 0 0 0 0
1394632800 0 0 0 0
1394625600 0 0 0 0
1394618400 0 0 0 0
1394611200 0 0 0 0
1394604000 0 0 0 0
1394596800 0 0 0 0
1394589600 0 0 0 0
1394582400 0 0 0 0
1394575200 0 0 0 0
1394568000 0 0 0 0
1394560800 0 0 0 0
1394553600 0 0 0 0
1394546400 0 0 0 0
1394539200 0 0 0 0
1394532000 0 0 0 0
1394524800 0 0 0 0
1394517600 0 0 0 0
1394510400 0 0 0 0
1394503200 0 0 0 0
1394496000 0 0 0 0
1394488800 0 0 0 0
1394481600 0 0 0 0
1394474400 0 0 0 0
1394467200 0 0 0 0
1394460000 0 0 0 0
1394452800 0 0 0 0
1394445600 0 0 0 0
1394438400 0 0 0 0
1394431200 0 0 0 0
1394424000 0 0 0 0
1394416800 0 0 0 0
1394409600 0 0 0 0
1394402400 0 0 0 0
1394395200 0 0 0 0
1394388000 0 0 0 0
1394380800 0 0 0 0
1394373600 0 0 0 0
1394366400 0 0 0 0
1394359200 0 0 0 0
1394352000 0 0 0 0
1394344800 0 0 0 0
1394337600 0 0 0 0
1394330400 0 0 0 0
1394323200 0 0 0 0
1394316000 0 0 0 0
1394308800 0 0 0 0
1394301600 0 0 0 0
1394294400 0 0 0 0
1394287200 0 0 0 0
1394280000 0 0 0 0
1394272800 0 0 0 0
1394265600 0 0 0 0
1394258400 0 0 0 0
1394251200 0 0 0 0
1394244000 0 0 0 0
1394236800 0 0 0 0
1394229600 0 0 0 0
1394222400 0 0 0 0
1394215200 0 0 0 0
1394208000 0 0 0 0
1394200800 0 0 0 0
1394193600 0 0 0 0
1394186400 0 0 0 0
1394179200 0 0 0 0
1394172000 0 0 0 0
1394164800 0 0 0 0
1394157600 0 0 0 0
1394150400 0 0 0 0
1394143200 0 0 0 0
1394136000 0 0 0 0
1394128800 0 0 0 0
1394121600 0 0 0 0
1394114400 0 0 0 0
1394107200 0 0 0 0
1394100000 0 0 0 0
1394092800 0 0 0 0
1394085600 0 0 0 0
1394078400 0 0 0 0
1394071200 0 0 0 0
1394064000 0 0 0 0
1394056800 0 0 0 0
1394049600 0 0 0 0
1394042400 0 0 0 0
1394035200 0 0 0 0
1394028000 0 0 0 0
1394020800 0 0 0 0
1394013600 0 0 0 0
1394006400 0 0 0 0
1393999200 0 0 0 0
1393992000 0 0 0 0
1393984800 0 0 0 0
1393977600 0 0 0 0
1393970400 0 0 0 0
1393963200 0 0 0 0
1393956000 0 0 0 0
1393948800 0 0 0 0
1393941600 0 0 0 0
1393934400 0 0 0 0
1393927200 0 0 0 0
1393920000 0 0 0 0
1393912800 0 0 0 0
1393905600 0 0 0 0
1393898400 0 0 0 0
1393891200 0 0 0 0
1393884000 0 0 0 0
1393876800 0 0 0 0
1393869600 0 0 0 0
1393862400 0 0 0 0
1393855200 0 0 0 0
1393848000 0 0 0 0
1393840800 0 0 0 0
1393833600 0 0 0 0
1393826400 0 0 0 0
1393819200 0 0 0 0
1393812000 0 0 0 0
1393804800 0 0 0 0
1393797600 0 0 0 0
1393790400 0 0 0 0
1393783200 0 0 0 0
1393776000 0 0 0 0
1393768800 0 0 0 0
1393761600 0 0 0 0
1393754400 0 0 0 0
1393747200 0 0 0 0
1393740000 0 0 0 0
1393732800 0 0 0 0
1393725600 0 0 0 0
1393718400 0 0 0 0
1393711200 0 0 0 0
1393704000 0 0 0 0
1393696800 0 0 0 0
1393689600 0 0 0 0
1393682400 0 0 0 0
1393675200 0 0 0 0
1393668000 0 0 0 0
1393660800 0 0 0 0
1393653600 0 0 0 0
1393646400 0 0 0 0
1393639200 0 0 0 0
1393632000 0 0 0 0
1393624800 0 0 0 0
1393617600 0 0 0 0
1393610400 0 0 0 0
1393603200 0 0 0 0
1393596000 0 0 0 0
1393588800 0 0 0 0
1393581600 0 0 0 0
1393574400 0 0 0 0
1393567200 0 0 0 0
1393560000 0 0 0 0
1393552800 0 0 0 0
1393545600 0 0 0 0
1393538400 0 0 0 0
1393531200 0 0 0 0
1393524000 0 0 0 0
1393516800 0 0 0 0
1393509600 0 0 0 0
1393502400 0 0 0 0
1393495200 0 0 0 0
1393488000 0 0 0 0
1393480800 0 0 0 0
1393473600 0 0 0 0
1393466400 0 0 0 0
1393459200 0 0 0 0
1393452000 0 0 0 0
1393444800 0 0 0 0
1393437600 0 0 0 0
1393430400 0 0 0 0
1393423200 0 0 0 0
1393416000 0 0 0 0
1393408800 0 0 0 0
1393401600 0 0 0 0
1393394400 0 0 0 0
1393387200 0 0 0 0
1393380000 0 0 0 0
1393372800 0 0 0 0
1393365600 0 0 0 0
1393358400 0 0 0 0
1393351200 0 0 0 0
1393344000 0 0 0 0
1393336800 0 0 0 0
1393329600 0 0 0 0
1393322400 0 0 0 0
1393315200 0 0 0 0
1393308000 0 0 0 0
1393300800 0 0 0 0
1393293600 0 0 0 0
1393286400 0 0 0 0
1393279200 0 0 0 0
1393272000 0 0 0 0
1393264800 0 0 0 0
1393257600 0 0 0 0
1393250400 0 0 0 0
1393243200 0 0 0 0
1393236000 0 0 0 0
1393228800 0 0 0 0
1393221600 0 0 0 0
1393214400 0 0 0 0
1393207200 0 0 0 0
1393200000 0 0 0 0
1393192800 0 0 0 0
1393185600 0 0 0 0
1393178400 0 0 0 0
1393171200 0 0 0 0
1393164000 0 0 0 0
1393156800 0 0 0 0
1393149600 0 0 0 0
1393142400 0 0 0 0
1393135200 0 0 0 0
1393128000 0 0 0 0
1393120800 0 0 0 0
1393113600 0 0 0 0
1393106400 0 0 0 0
1393099200 0 0 0 0
1393092000 0 0 0 0
1393084800 0 0 0 0
1393077600 0 0 0 0
1393070400 0 0 0 0
1393063200 0 0 0 0
1393056000 0 0 0 0
1393048800 0 0 0 0
1393041600 0 0 0 0
1393034400 0 0 0 0
1393027200 0 0 0 0
1393020000 0 0 0 0
1393012800 0 0 0 0
1393005600 0 0 0 0
1392998400 0 0 0 0
1392991200 0 0 0 0
1392984000 0 0 0 0
1392976800 0 0 0 0
1392969600 0 0 0 0
1392962400 0 0 0 0
1392955200 0 0 0 0
1392948000 0 0 0 0
1392940800 0 0 0 0
1392933600 0 0 0 0
1392926400 0 0 0 0
1392919200 0 0 0 0
1392912000 0 0 0 0
1392904800 0 0 0 0
1392897600 0 0 0 0
1392890400 0 0 0 0
1392883200 0 0 0 0
1392876000 0 0 0 0
1392868800 0 0 0 0
1392861600 0 0 0 0
1392854400 0 0 0 0
1392847200 0 0 0 0
1392840000 0 0 0 0
1392832800 0 0 0 0
1392825600 0 0 0 0
1392818400 0 0 0 0
1392811200 0 0 0 0
1392804000 0 0 0 0
1392796800 0 0 0 0
1392789600 0 0 0 0
1392782400 0 0 0 0
1392775200 0 0 0 0
1392768000 0 0 0 0
1392760800 0 0 0 0
1392753600 0 0 0 0
1392746400 0 0 0 0
1392739200 0 0 0 0
1392732000 0 0 0 0
1392724800 0 0 0 0
1392717600 0 0 0 0
1392710400 0 0 0 0
1392703200 0 0 0 0
1392696000 0 0 0 0
1392688800 0 0 0 0
1392681600 0 0 0 0
1392674400 0 0 0 0
1392667200 0 0 0 0
1392660000 0 0 0 0
1392652800 0 0 0 0
1392645600 0 0 0 0
1392638400 0 0 0 0
1392631200 0 0 0 0
1392624000 0 0 0 0
1392616800 0 0 0 0
1392609600 0 0 0 0
1392602400 0 0 0 0
1392595200 0 0 0 0
1392588000 0 0 0 0
1392580800 0 0 0 0
1392573600 0 0 0 0
1392566400 0 0 0 0
1392559200 0 0 0 0
1392552000 0 0 0 0
1392544800 0 0 0 0
1392537600 0 0 0 0
1392530400 0 0 0 0
1392523200 0 0 0 0
1392516000 0 0 0 0
1392508800 0 0 0 0
1392501600 0 0 0 0
1392494400 0 0 0 0
1392487200 0 0 0 0
1392480000 0 0 0 0
1392472800 0 0 0 0
1392465600 0 0 0 0
1392458400 0 0 0 0
1392451200 0 0 0 0
1392444000 0 0 0 0
1392436800 0 0 0 0
1392429600 0 0 0 0
1392422400 0 0 0 0
1392415200 0 0 0 0
1392408000 0 0 0 0
1392400800 0 0 0 0
1392393600 0 0 0 0
1392386400 0 0 0 0
1392379200 0 0 0 0
1392372000 0 0 0 0
1392364800 0 0 0 0
1392357600 0 0 0 0
1392350400 0 0 0 0
1392343200 0 0 0 0
1392336000 0 0 0 0
1392328800 0 0 0 0
1392321600 0 0 0 0
1392314400 0 0 0 0
1392307200 0 0 0 0
1392300000 0 0 0 0
1392292800 0 0 0 0
1392285600 0 0 0 0
1392278400 0 0 0 0
1392271200 0 0 0 0
1392264000 0 0 0 0
1392256800 0 0 0 0
1392249600 0 0 0 0
1392242400 0 0 0 0
1392235200 0 0 0 0
1392228000 0 0 0 0
1392220800 0 0 0 0
1392213600 0 0 0 0
1392206400 0 0 0 0
1392199200 0 0 0 0
1392192000 0 0 0 0
1392184800 0 0 0 0
1392177600 0 0 0 0
1392170400 0 0 0 0
1392163200 0 0 0 0
1392156000 0 0 0 0
1392148800 0 0 0 0
1392141600 0 0 0 0
1392134400 0 0 0 0
1392127200 0 0 0 0
1392120000 0 0 0 0
1392112800 0 0 0 0
1392105600 0 0 0 0
1392098400 0 0 0 0
1392091200 0 0 0 0
1392084000 0 0 0 0
1392076800 0 0 0 0
1392069600 0 0 0 0
1392062400 0 0 0 0
1392055200 0 0 0 0
1392048000 0 0 0 0
1392040800 0 0 0 0
1392033600 0 0 0 0
1392026400 0 0 0 0
1392019200 0 0 0 0
1392012000 0 0 0 0
1392004800 0 0 0 0
1391990400 0 0 0 0
1391904000 0 0 0 0
1391817600 0 0 0 0
1391731200 0 0 0 0
1391644800 0 0 0 0
1391558400 0 0 0 0
1391472000 0 0 0 0
1391385600 0 0 0 0
1391299200 0 0 0 0
1391212800 0 0 0 0
1391126400 0 0 0 0
1391040000 0 0 0 0
1390953600 0 0 0 0
1390867200 0 0 0 0
1390780800 0 0 0 0
1390694400 0 0 0 0
1390608000 29324 14177 663880 234001
1390521600 63808 48612 650589 439444
1390435200 64337 32087 676633 289631
1390348800 57718 25403 684235 197042
1390262400 76675 32100 670774 192283
1390176000 1470 1489 42296 15958
1390089600 5785 5721 132480 62138
1390003200 83620 22438 664248 191845
1389916800 74948 32795 655063 251141
1389830400 71773 28811 715430 212160
1389744000 72800 32671 656108 226351
1389657600 74698 43225 662466 483527
1389571200 2997 1996 3165 2298
1389484800 11139 8016 33576 44269
1389398400 46646 31000 588988 174604
1389312000 44593 21641 600486 113620
1389225600 71432 55780 182612 95890
1389139200 55021 37342 373199 126884
1389052800 69052 38922 265134 172053
1388966400 22371 19010 22371 19010
1388880000 22371 19010 22371 19010
1388793600 55921 25681 405330 104435
1388707200 55954 29777 594814 205659
1388620800 1261 1357 1261 1357
1388534400 5336 4954 83915 101669
1388448000 56071 26990 394528 165696
1388361600 3174 2440 3174 2440
1388275200 7990 8091 57967 73657
1388188800 66507 32088 652916 277989
1388102400 59518 32259 671009 247105
1388016000 1440 1870 16045 15987
1387929600 7459 5764 138468 107393
1387843200 35941 20271 640433 182856
1387756800 1267 1807 122341 22784
1387670400 4885 4951 47160 59993
1387584000 60454 25492 690027 285839
1387497600 53695 25158 655081 271066
1387411200 73603 30878 671552 255569
1387324800 74872 29195 640391 238793
1387238400 92354 37446 661849 398765
1387152000 662 803 31110 5213
1387065600 7841 6464 321510 61027
1386979200 72410 27886 698534 264048
1386892800 67270 29014 686581 213469
1386806400 38907 25210 598623 161458
1386720000 87298 34032 638734 225026
1386633600 49914 36049 674454 275354
1386547200 3001 3290 42957 17691
1386460800 9120 9815 84396 114627
1386374400 48014 26285 687655 227135
1386288000 49815 28998 673137 272072
1386201600 48805 30939 642499 244357
1386115200 60996 32603 894533 351048
1386028800 56394 31611 698014 215677
1385942400 1200 1239 15741 15409
1385856000 6931 6883 125631 71669
1385769600 65549 23741 722253 312080
1385683200 87713 29297 666279 249847
1385596800 32833 25319 635735 274646
1385510400 80055 31281 680146 222770
1385424000 1143 2441 15892 58392
1385337600 822 2113 42058 16870
1385251200 6070 6915 99246 61994
1385164800 76720 25608 718862 415154
1385078400 78785 25809 703856 212397
1384992000 42923 25097 606176 233872
1384905600 56917 30234 732912 319838
1384819200 78373 37529 735367 226689
1384732800 2229 2542 32516 16909
1384646400 9955 10851 79292 103118
1384560000 65361 28332 781001 354624
1384473600 47813 29750 733094 215030
1384387200 86719 34294 742767 371749
1384300800 63598 32118 698199 226410
1384214400 74401 32863 653859 238678
1384128000 1111 997 30734 15681
1384041600 6777 7152 67903 84636
1383955200 66294 27417 713477 248515
1383868800 58416 32422 788962 259491
1383782400 80343 33097 660225 245525
1383696000 125102 35560 758374 354834
1383609600 79190 33284 722486 434009
1383523200 3019 880 284451 16095
1383436800 9215 7327 300716 83669
1383350400 96868 29723 688927 267289
1383264000 87742 22168 723331 216023
1383177600 91323 33642 731172 352376
1383091200 76062 33247 739588 338698
1383004800 132273 36996 757803 339945
1382918400 2100 1104 270677 15655
1382832000 8715 7592 312796 98789
1382745600 59365 26865 727943 365105
1382659200 65649 29994 783463 337639
1382572800 76397 30086 752155 241735
1382486400 69207 36467 744280 320304
1382400000 79136 41700 733740 507621
1382313600 5157 960 771114 29058
1382227200 11596 7073 636189 82325
1382140800 91346 31218 799353 344202
1382054400 62274 41237 762846 430604
1381968000 71323 40025 780352 385054
1381881600 71480 40476 753242 415015
1381795200 49855 21745 49855 21745
1381708800 49855 21745 49855 21745
1381622400 49855 21745 49855 21745
1381536000 51714 22814 752996 336111
1381449600 62644 36507 738253 527343
1381363200 60891 36123 769815 328474
1381276800 65391 41954 595386 311164
1381190400 40333 28177 760582 385244
1381104000 2489 2292 34935 35104
1381017600 9044 7161 333116 97813
1380931200 55213 26562 754114 286369
1380844800 54102 27021 739039 400852
1380758400 57388 36495 747375 563990
1380672000 86324 36208 740387 500780
1380585600 98981 35768 758383 406901
1380499200 3315 2148 274424 17015
1380412800 9947 7925 376907 180575
1380326400 96052 33064 760992 508842
1380240000 104743 32840 836357 358218
1380153600 97441 28682 767060 401029
1380067200 116708 36024 718356 438269
1379980800 107850 40829 745098 460055
1379894400 2168 969 273772 15342
1379808000 11665 8189 455468 307033
1379721600 78800 33440 761225 479208
1379635200 85438 37191 750586 399716
1379548800 66321 28658 796523 390654
1379462400 82891 31083 758830 357256
1379376000 99153 32458 784431 361616
1379289600 2326 1409 271314 15703
1379203200 13647 6599 716513 82644
1379116800 52544 27039 804225 450162
1379030400 76060 28738 721214 314740
1378944000 99948 51242 802619 819614
1378857600 77281 31576 746183 511010
1378771200 63194 32925 697117 358186
1378684800 2743 1665 274444 16770
1378598400 7735 6546 277085 107141
1378512000 93459 28704 733835 314334
1378425600 81799 27922 810497 375052
1378339200 73969 35221 830784 412057
1378252800 68102 32682 780520 353785
1378166400 96999 41580 772579 355834
1378080000 4534 23541 288191 70428
1377993600 60358 17524 328356 85809
1377907200 97287 34943 745650 375887
1377820800 75817 34916 758178 386031
1377734400 69628 34093 717952 409622
1377648000 74147 34083 769967 359297
1377561600 93863 44077 726961 340250
1377475200 2054 889 283259 20183
1377388800 8599 6873 267260 80424
1377302400 107024 29922 781437 388617
1377216000 71134 35827 723296 441113
1377129600 80327 43758 771974 421215
1377043200 110024 45696 744879 383110
1376956800 2463 1296 277190 28944
1376870400 2070 891 274664 15672
1376784000 7571 6829 294303 82138
1376697600 72032 30573 786283 396416
1376611200 83378 34578 795269 352806
1376524800 79829 28669 759810 331585
1376438400 81487 32477 762591 351559
1376352000 90320 48023 771466 330988
1376265600 55596 6761 670478 55376
1376179200 6240 3860 300758 80059
1376092800 74303 30261 771358 321339
1376006400 85662 32605 759079 363899
1375920000 90648 33331 732525 481200
1375833600 75293 39308 776700 462296
1375747200 101680 46654 648579 397927
1375660800 2079 1001 270199 15756
1375574400 7702 5918 288081 86131
1375488000 108627 34029 656187 369423
1375401600 64554 26969 564455 305222
1375315200 127748 36573 659138 473444
1375228800 53966 28307 605777 300127
1375142400 97698 34014 656909 323584
1375056000 2112 1106 263298 27869
1374969600 6458 4820 276090 63558
1374883200 92283 30821 650872 408252
1374796800 60186 31274 652466 411347
1374710400 78912 30930 714312 270386
1374624000 97763 32353 709630 405510
1374537600 83217 34779 697715 322587
1374451200 15060 1199 663644 28560
1374364800 6164 3936 271038 49304
1374278400 90536 26269 654984 287280
1374192000 68990 29952 701649 402969
1374105600 178210 63223 699608 474066
1374019200 159696 48076 684231 416080
1373932800 172063 38234 678791 309154
1373846400 132163 8840 430607 23955
1373760000 108703 10573 404368 67534
1373673600 183835 33345 686956 276566
1373587200 106492 34318 577129 220633
1373500800 75105 35304 404637 149248
1373414400 3372 1375 227186 14031
1373328000 68026 31660 397607 158068
1373241600 2944 1159 221692 15038
1373155200 6488 4236 214554 37829
1373068800 58493 25331 384300 121490
1372982400 75703 30036 409347 153535
1372896000 67819 28010 399172 148403
1372809600 82267 31680 399722 135414
1372723200 55141 32614 388029 132356
1372636800 3599 1622 184723 14813
1372550400 8634 6639 203273 57027
1372464000 20972 12568 531078 258432
1372377600 77739 27737 751699 286658
1372291200 67843 29344 574457 288328
1372204800 72072 30313 638691 256364
1372118400 84437 32431 738726 406197
1372032000 2683 938 267138 15219
1371945600 6824 4630 284717 49215
1371859200 3567 1656 275431 29280
1371772800 7315 4433 273862 38544
1371686400 60622 31458 597698 406358
1371600000 73604 24926 606634 264779
1371513600 87201 31682 627192 305520
1371427200 2123 1276 258738 28504
1371340800 6252 4871 239467 50010
1371254400 84987 35676 646608 408325
1371168000 66651 29420 636954 247721
1371081600 64405 33407 598782 363626
1370995200 48359 35789 626687 263664
1370908800 75249 34964 648699 273828
1370822400 13301 1871 609213 297771
1370736000 7861 6179 299544 95218
1370649600 82752 33623 632937 326260
1370563200 80120 42307 622821 397616
1370476800 97655 47721 643862 411096
1370390400 87170 38745 643842 391236
1370304000 71728 36363 623148 418364
1370217600 2953 1073 279435 21002
1370131200 8282 7100 289731 74403
1370044800 60323 27719 619517 245112
1369958400 68779 32557 623877 345755
1369872000 76089 24589 658996 196592
1369785600 84647 29572 639279 411164
1369699200 66002 29869 649415 401140
1369612800 3778 1555 398331 260049
1369526400 5900 4446 543840 151483
1369440000 67814 25119 654568 329782
1369353600 39943 24524 626787 281003
1369267200 62597 28556 651959 373412
1369180800 57580 26476 645466 222549
1369094400 60562 30704 664697 396841
1369008000 2204 1223 262482 15664
1368921600 8597 7891 266526 85526
1368835200 94132 33362 649205 285992
1368748800 78208 33218 657798 401707
1368662400 77783 28354 683236 254723
1368576000 68365 29758 599570 296433
1368489600 57313 27505 607922 228452
1368403200 2815 1016 274368 15671
1368316800 7775 6233 281620 117036
1368230400 54123 28071 620355 410905
1368144000 64775 23170 630752 239434
1368057600 57248 22634 639186 241978
1367971200 40763 23336 638975 140214
1367884800 62941 29716 647055 162808
1367798400 4965 2752 243482 17090
1367712000 10370 7189 265737 87386
1367625600 45475 25011 559981 152213
1367539200 69121 25628 777835 223750
1367452800 3789 1105 264625 32073
1367366400 50728 22149 578861 149511
1367280000 40004 24069 648878 288797
1367193600 1997 1056 269717 15486
1367107200 7405 6543 272877 75117
1367020800 53948 22827 674128 331945
1366934400 66975 22165 655492 111183
1366848000 60563 24670 652717 306832
1366761600 30402 23906 566910 364317
1366675200 71501 29222 586709 385284
1366588800 978 875 15589 15279
1366502400 4224 3630 112174 62809
1366416000 60810 22262 560643 267671
1366329600 40402 18257 437729 188863
1366243200 58466 22455 472523 208836
1366156800 22622 18758 330045 124547
1366070400 37753 22120 594297 136472
1365984000 2381 1517 264756 30041
1365897600 4950 4054 279458 55967
1365811200 41298 15844 633319 120649
1365724800 19817 8396 366623 101247
1365638400 48618 18583 530553 205984
1365552000 42734 19510 628972 158297
1365465600 31075 19332 628194 132836
1365379200 2388 1453 636466 17454
1365292800 5151 3943 641080 72651
1365206400 58918 20319 656514 372284
1365120000 34876 20954 600356 129571
1365033600 61945 26071 628344 183576
1364947200 1529 1652 22932 28975
1364860800 2439 2496 405299 43850
1364774400 1266 1780 6793 11462
1364688000 5403 5369 237826 53659
1364601600 2375 2006 347161 43883
1364515200 28564 13648 592914 129169
1364428800 49736 22589 673227 184054
1364342400 42882 20463 438776 168755
1364256000 62725 22118 533597 126712
1364169600 1439 1242 182843 6022
1364083200 8140 5083 405290 68810
1363996800 71111 19858 578331 205855
1363910400 39224 17807 557188 129864
1363824000 54720 24092 542274 408420
1363737600 40032 16608 486383 159216
1363651200 46300 14641 472358 118757
1363564800 1497 1182 214415 8065
1363478400 2527 1971 212621 83207
1363392000 35726 11879 636438 140959
1363305600 34443 12492 606585 88302
1363219200 64745 13992 639897 126258
1363132800 55908 14477 646414 356650
1363046400 38716 13861 611224 406390
1362960000 1376 1163 221532 6185
1362873600 3472 2711 189792 33962
1362787200 40391 12107 669749 198135
1362700800 19949 10940 633146 107262
1362614400 63617 12493 551421 134121
1362528000 26271 8835 527384 251349
1362441600 21316 8051 669422 144407
1362355200 1432 1176 175699 5513
1362268800 2037 1591 136330 72524
1362182400 33699 8583 492989 157414
1362096000 27839 9648 658329 70983
1362009600 27799 7443 543118 40416
1361923200 24925 8600 622306 357623
1361836800 25391 8046 557255 82751
1361750400 1565 1437 222794 18890
1361664000 2060 1589 279374 20149
1361577600 31796 9412 570129 155687
1361491200 31120 8565 600307 249379
1361404800 1137 1573 12851 30025
1361318400 22255 8469 383122 326976
1361232000 40148 8766 457838 91253
1361145600 1168 1546 207713 115848
1361059200 3004 3190 319344 310305
1360972800 7261 2138 648762 100245
1360886400 22178 5676 606719 164728
1360800000 38184 8156 600433 169605
1360713600 1090 1062 209344 5693
1360627200 1019 964 203600 5795
1360540800 1092 1094 226697 6445
1360454400 2392 1431 248184 15688
1360368000 38400 8823 625267 83090
1360281600 56221 9839 681958 98872
1360195200 60005 10217 531538 154878
1360108800 29240 7707 530238 114587
1360022400 48953 9714 490162 239382
1359936000 1073 1282 16734 36049
1359849600 2016 2179 215424 59490
1359763200 59355 13704 564054 80535
1359676800 1488 1679 170139 86302
1359590400 57724 10103 558229 107553
1359504000 52449 10420 611417 133760
1359417600 47917 8843 486797 139747
1359331200 1438 1338 206330 6303
1359244800 2045 1613 167139 38631
1359158400 38287 8097 614926 150906
1359072000 21380 6615 359941 132593
1358985600 59877 10490 552015 131193
1358899200 43462 8655 545372 144402
1358812800 27140 8201 616081 254971
1358726400 1141 1133 185939 5987
1358640000 2197 1746 358304 27394
1358553600 20384 8131 352895 249199
1358467200 25169 8825 546780 218126
1358380800 22898 9436 607489 272224
1358294400 39088 9832 413980 134599
1358208000 28960 9837 567244 146482
1358121600 1249 1118 211643 4647
1358035200 2634 1759 430901 23865
1357948800 30867 8800 619675 134539
1357862400 36149 9151 562441 178061
1357776000 34025 9877 629497 133712
1357689600 49352 10338 604162 123239
1357603200 36698 11330 551570 183311
1357516800 1352 1256 93467 5346
1357430400 3630 2216 378819 22760
1357344000 40190 10007 539360 168524
1357257600 26282 9785 615267 168542
1357171200 39998 9980 618005 160855
1357084800 883 978 6611 2457
1356998400 1624 1340 51987 22273
1356912000 931 1012 4909 3649
1356825600 2388 1895 194593 29772
1356739200 29275 10236 518897 218096
1356652800 30879 9436 526930 95068
1356566400 22097 9781 528811 230849
1356480000 1566 1271 380268 12565
1356393600 1527 1374 14989 16331
1356307200 1559 1503 14888 18486
1356220800 2281 1638 171117 20291
1356134400 30969 8961 550089 239917
1356048000 35329 9769 636383 118005
1355961600 32410 10102 682054 137479
1355875200 43675 11734 585339 107204
1355788800 64340 15403 505363 329163
1355702400 1610 1862 5479 2977
1355616000 2994 2531 277312 31364
1355529600 27043 8197 583773 69946
1355443200 29219 9433 591112 129691
1355356800 33605 9920 638880 311271
1355270400 40982 13153 560270 300409
1355184000 41079 10137 641562 94786
1355097600 1092 655 3356 1856
1355011200 4320 1479 325392 29049
1354924800 29005 11326 437022 285316
1354838400 48508 14752 716083 103881
1354752000 27423 18952 513508 204212
1354665600 31671 9819 579910 141332
1354579200 31494 10976 479033 69284
1354492800 1311 1276 5670 4270
1354406400 2719 1949 127439 22471
1354320000 36927 9521 658873 62604
1354233600 45532 11956 665511 177310
1354147200 23535 10133 435171 110145
1354060800 29701 11567 627530 250625
1353974400 6200 2342 531441 87003
1353888000 1712 5469 211700 240562
1353801600 12646 4125 639220 321997
1353715200 33138 9006 650758 323806
1353628800 25365 11441 728056 314621
1353542400 25006 9099 562242 309205
1353456000 24826 10155 501571 304903
1353369600 50633 11517 506718 312687
1353283200 902 1258 15992 318643
1353196800 1594 1800 16040 317220
1353110400 21827 9755 574759 363149
1353024000 23186 9501 477468 308259
1352937600 46267 11454 623651 314316
1352851200 28249 11657 540658 313840
1352764800 43178 12167 454021 317293
1352678400 946 1297 17352 314583
1352592000 1496 1652 53937 313853
1352505600 28137 12190 737875 313380
1352419200 44781 12345 535153 361996
1352332800 31597 10269 547568 325150
1352246400 35604 9524 648458 220196
1352160000 32276 9939 506903 211531
1352073600 4477 1641 14928 4515
1351987200 4427 2166 198764 61434
1351900800 46294 11811 649146 214940
1351814400 53822 11445 664452 254642
1351728000 52138 11549 520063 99797
1351641600 34933 9964 647116 146548
1351555200 19701 8206 575977 99249
1351468800 873 1015 11671 8601
1351382400 1486 1438 22229 14261
1351296000 26924 10660 496673 120529
1351209600 38771 10830 556546 301377
1351123200 35381 9811 582858 146640
1351036800 64770 12440 655619 239658
1350950400 47900 15126 707248 184029
1350864000 900 1011 6993 4064
1350777600 1601 1569 23696 23720
1350691200 41872 11997 640418 94193
1350604800 45631 15829 641540 280716
1350518400 53965 13529 598929 323421
1350432000 45033 12007 728574 321985
1350345600 43713 11747 618297 316319
1350259200 867 1212 17484 325043
1350172800 1730 1898 25357 309748
1350086400 34403 12168 666983 316048
1350000000 41773 13207 651755 307910
1349913600 54949 12725 709729 315866
1349827200 25133 11120 545183 313983
1349740800 957 1355 18841 326388
1349654400 957 1349 16240 307901
1349568000 1868 1748 139979 306652
1349481600 36012 9957 663490 315437
1349395200 41409 10782 516349 362806
1349308800 53402 11672 715055 309644
1349222400 36935 11611 551614 270800
1349136000 21056 9911 574530 307775
1349049600 944 1245 15086 317276
1348963200 2732 2315 58187 312414
1348876800 21090 10290 300299 319424
1348790400 47955 12045 402078 309820
1348704000 46024 13037 478743 319915
1348617600 40961 11845 596383 319423
1348531200 2116 2408 127890 362727
1348444800 1914 2262 114311 315551
1348358400 2704 2684 99633 312527
1348272000 50187 12018 604384 371746
1348185600 64824 13095 562738 314000
1348099200 44569 10870 518757 315601
1348012800 42086 10814 419943 311583
1347926400 25562 10288 482344 318016
1347840000 3981 2431 20096 317281
1347753600 4431 3198 38901 304733
1347667200 34123 10602 723045 185328
1347580800 45947 10710 386503 83537
1347494400 33274 13146 312600 287348
1347408000 36020 11050 166710 84506
1347321600 32129 11064 183248 56227
1347235200 856 1162 17957 313563
1347148800 1474 1536 31906 309873
1347062400 68071 11636 775983 312809
1346976000 53802 11151 691568 321061
1346889600 73775 12649 509166 316961
1346803200 42174 12092 462642 321006
1346716800 34354 11769 536105 315609
1346630400 923 1228 15772 316251
1346544000 2000 2132 67155 317181
1346457600 36784 13897 511540 318391
1346371200 59177 12892 607796 317720
1346284800 55087 12148 722397 316276
1346198400 38151 11565 419618 319103
1346112000 36003 11860 520251 320429
1346025600 914 1209 15229 318616
1345939200 2038 1743 170432 317427
1345852800 49879 11172 680162 315942
1345766400 40858 29138 610886 360492
1345680000 60885 14233 661613 314072
1345593600 63277 12246 666690 202047
1345507200 8631 16425 116072 377004
1345420800 4438 17789 244824 373977
1345334400 2475 18589 49500 386002
1345248000 45357 28297 467746 363436
1345161600 44511 28894 641065 375210
1345075200 63032 13103 559036 321250
1344988800 81264 14562 635214 317832
1344902400 73069 27827 557700 374320
1344816000 5793 18004 23453 329302
1344729600 6318 19734 167605 359110
1344643200 78848 26598 549226 363203
1344556800 63641 12899 600974 321878
1344470400 61324 12115 614142 304322
1344384000 60348 12533 548316 319639
1344297600 60327 29113 544768 361913
1344211200 1940 20006 22206 370655
1344124800 2359 17986 21178 376546
1344038400 61276 33267 568458 380858
1343952000 68886 28251 671679 333786
1343865600 51466 11368 667129 318167
1343779200 48145 10594 592022 318391
1343692800 69655 12808 660180 307597
1343606400 2012 21962 20841 405726
1343520000 5016 20017 350902 370894
1343433600 68143 29976 559077 377476
1343347200 72076 34774 611552 370291
1343260800 33796 27032 412874 367709
1343174400 69024 12494 587778 322124
1343088000 44924 11080 571648 250040
1343001600 866 911 12866 4410
1342915200 1714 1516 37095 24557
1342828800 58818 11082 594853 291581
1342742400 67780 11982 525464 149731
1342656000 33489 10281 562989 284547
1342569600 25696 9729 506226 280666
1342483200 57461 11472 326113 282336
1342396800 917 961 4315 4854
1342310400 2641 1275 248812 45417
1342224000 59951 12473 638891 149118
1342137600 58499 19800 534143 357778
1342051200 18829 18375 587004 390596
1341964800 46602 10874 796586 363415
1341878400 1534 1552 13960 227710
1341792000 2029 13107 21927 389353
1341705600 3470 12422 240719 364963
1341619200 36919 20055 621101 376036
1341532800 23387 17613 499823 371987
1341446400 36365 18372 587107 377815
1341360000 25832 9789 526119 332157
1341273600 16211 7584 664532 167994
1341187200 1479 8660 19384 324015
1341100800 2905 6319 80217 322680
1341014400 18845 17637 495139 366992
1340928000 25513 16837 535638 370879
1340841600 72990 10919 549580 311682
1340755200 53339 9802 477198 323696
1340668800 32439 16317 551068 317174
1340582400 1364 8575 22755 358749
1340496000 1994 5451 153380 315510
1340409600 38954 8770 697292 92658
1340323200 29793 10371 402730 320602
1340236800 1011 1389 15545 315825
1340150400 44577 9138 581029 322560
1340064000 42270 21911 619401 354217
1339977600 1016 626 90455 5043
1339891200 2564 251 526396 25737
1339804800 0 0 0 0
1339718400 0 0 0 0
1339632000 0 0 0 0
1339545600 0 0 0 0
1339459200 96 3 8212 3240
1339372800 155 0 452 23
1339286400 153 0 299 30
1339200000 6216 14421 7944 18600
1339113600 7944 18600 7944 18600
1339027200 7944 18600 7944 18600
1338940800 7944 18600 7944 18600
1338854400 7944 18600 7944 18600
1338768000 7944 18600 7944 18600
1338681600 7944 18600 7944 18600
1338595200 7944 18600 7944 18600
1338508800 7944 18600 7944 18600
1338422400 7944 18600 7944 18600
1338336000 7944 18600 7944 18600
1338249600 7944 18600 7944 18600
1338163200 7944 18600 7944 18600
1338076800 7944 18600 7944 18600
1337990400 7944 18600 7944 18600
1337904000 7944 18600 7944 18600
1337817600 7944 18600 7944 18600
1337731200 7944 18600 7944 18600
1337644800 7944 18600 7944 18600
1337558400 7944 18600 7944 18600
1337472000 7944 18600 7944 18600
1337385600 7944 18600 7944 18600
1337299200 7944 18600 7944 18600
1337212800 7944 18600 7944 18600
1337126400 7944 18600 7944 18600
1337040000 7944 18600 7944 18600
1336953600 7944 18600 7944 18600
1336867200 7944 18600 7944 18600
1336780800 7944 18600 7944 18600
1336694400 7944 18600 7944 18600
1336608000 7944 18600 7944 18600
1336521600 7944 18600 7944 18600
1336435200 7944 18600 7944 18600
1336348800 7944 18600 7944 18600
1336262400 7944 18600 7944 18600
1336176000 7944 18600 7944 18600
1336089600 7944 18600 7944 18600
1336003200 7944 18600 7944 18600
1335916800 7944 18600 7944 18600
1335830400 7944 18600 7944 18600
1335744000 7944 18600 7944 18600
1335657600 7944 18600 7944 18600
1335571200 7944 18600 7944 18600
1335484800 7944 18600 7944 18600
1335398400 7944 18600 7944 18600
1335312000 7944 18600 7944 18600
1335225600 7944 18600 7944 18600
1335139200 7944 18600 7944 18600
1335052800 7944 18600 7944 18600
1334966400 7944 18600 7944 18600
1334880000 7944 18600 7944 18600
1334793600 7944 18600 7944 18600
1334707200 7944 18600 7944 18600
1334620800 7944 18600 7944 18600
1334534400 7944 18600 7944 18600
1334448000 7944 18600 7944 18600
1334361600 7944 18600 7944 18600
1334275200 7944 18600 7944 18600
1334188800 7944 18600 7944 18600
1334102400 7944 18600 7944 18600
1334016000 7944 18600 7944 18600
1333929600 7944 18600 7944 18600
1333843200 7944 18600 7944 18600
1333756800 7944 18600 7944 18600
1333670400 7944 18600 7944 18600
1333584000 7944 18600 7944 18600
1333497600 7944 18600 7944 18600
1333411200 7944 18600 7944 18600
1333324800 7944 18600 7944 18600
1333238400 7944 18600 7944 18600
1333152000 7944 18600 7944 18600
1333065600 7944 18600 7944 18600
1332979200 7944 18600 7944 18600
1332892800 7944 18600 7944 18600
1332806400 7944 18600 7944 18600
1332720000 7944 18600 7944 18600
1332633600 7944 18600 7944 18600
1332547200 7944 18600 7944 18600
1332460800 7944 18600 7944 18600
1332374400 7944 18600 7944 18600
1332288000 7944 18600 7944 18600
1332201600 7944 18600 7944 18600
1332115200 7944 18600 7944 18600
1332028800 7944 18600 7944 18600
1331942400 7944 18600 7944 18600
1331856000 7944 18600 7944 18600
1331769600 7944 18600 7944 18600
1331683200 7944 18600 7944 18600
1331596800 7944 18600 7944 18600
1331510400 7944 18600 7944 18600
1331424000 7944 18600 7944 18600
1331337600 7944 18600 7944 18600
1331251200 7944 18600 7944 18600
1331164800 7944 18600 7944 18600
1331078400 7944 18600 7944 18600
1330992000 7944 18600 7944 18600
1330905600 7944 18600 7944 18600
1330819200 7944 18600 7944 18600
1330732800 7944 18600 7944 18600
1330646400 7944 18600 7944 18600
1330560000 7944 18600 7944 18600
1330473600 7944 18600 7944 18600
1330387200 7944 18600 7944 18600
1330300800 7944 18600 7944 18600
1330214400 7944 18600 7944 18600
1330128000 7944 18600 7944 18600
1330041600 7944 18600 7944 18600
1329955200 7944 18600 7944 18600
1329868800 7944 18600 7944 18600
1329782400 7944 18600 7944 18600
1329696000 7944 18600 7944 18600
1329609600 7944 18600 7944 18600
1329523200 7944 18600 7944 18600
1329436800 7944 18600 7944 18600
1329350400 7944 18600 7944 18600
1329264000 7944 18600 7944 18600
1329177600 7944 18600 7944 18600
1329091200 7944 18600 7944 18600
1329004800 7944 18600 7944 18600
1328918400 7944 18600 7944 18600
1328832000 7944 18600 7944 18600
