1397587482 263869 34973
1397587482 0 6 0 6
1397587461 1 11 46 50
1397587200 169 22 2111 234
1397586900 119 8 1436 77
1397586600 89 4 1324 60
1397586300 53 4 755 45
1397586000 86 5 1131 41
1397585700 138 10 1490 181
1397585400 100 8 1490 181
1397585100 4 7 46 55
1397584800 86 4 1193 54
1397584500 157 27 1193 278
1397584200 77 0 1063 26
1397583900 106 22 1316 244
1397583600 163 14 1197 175
1397583300 167 25 1291 255
1397583000 98 5 1389 48
1397582700 61 12 763 56
1397582400 4498 193 34276 1415
1397582100 156 14 2251 204
1397581800 15 19 195 256
1397581500 86 2 1248 29
1397581200 108 18 1389 269
1397580900 122 34 1387 269
1397580600 90 1 1324 54
1397580300 986 28 1295 38
1397580000 878 28 1295 39
1397579700 68 22 720 274
1397579400 94 0 1389 31
1397579100 0 1 24 21
1397578800 16 22 215 276
1397578500 149 15 1326 164
1397578200 112 25 1387 276
1397577900 99 7 1459 43
1397577600 106 34 1257 260
1397577300 156 10 1612 45
1397577000 64 24 753 275
1397576700 136 24 1266 198
1397576400 799 46 4832 243
1397576100 83 4 1256 49
1397575800 124 5 1316 55
1397575500 171 4 1316 29
1397575200 91 5 1324 33
1397574900 187 18 1383 219
1397574600 93 7 1395 64
1397574300 90 9 1349 80
1397574000 97 18 1248 117
1397573700 95 6 1387 32
1397573400 84 2 1248 31
1397573100 74 19 1096 180
1397572800 68 33 207 40
1397572500 104 12 207 23
1397572200 85 1 1248 29
1397571900 79 0 1185 27
1397571600 84 0 1254 34
1397571300 146 14 2114 220
1397571000 83 0 1254 29
1397570700 0 0 34 38
1397570400 33 1 1254 31
1397570100 50 9 1254 76
1397569800 105 7 1385 79
1397569500 179 19 1349 229
1397569200 90 4 1316 29
1397568900 86 5 1248 44
1397568600 90 3 1324 58
1397568300 93 6 1385 59
1397568000 49 0 755 29
1397567700 163 14 1316 175
1397567400 48 2 755 30
1397567100 552 22 1387 48
1397566800 129 4 1387 48
1397566500 96 3 1395 60
1397566200 85 0 1248 31
1397565900 145 15 1257 178
1397565600 95 6 1389 43
1397565300 93 7 1387 39
1397565000 84 7 1254 37
1397564700 88 11 1324 81
1397564400 25 4 792 37
1397564100 178 20 1316 193
1397563800 171 5 1316 37
1397563500 91 12 1324 33
1397563200 505 33 6174 251
1397562900 84 4 1248 27
1397562600 94 6 1395 68
1397562300 84 5 1248 39
1397562000 177 18 1295 207
1397561700 93 18 1387 44
1397561400 75 6 1257 35
1397561100 12 4 1257 35
1397560800 86 4 1246 27
1397560500 459 28 7092 265
1397560200 6686 200 57581 1671
1397559900 90 3 1316 31
1397559600 94 2 1387 43
1397559300 50 0 755 29
1397559000 89 0 1316 18
1397558700 85 2 1262 82
1397558400 0 0 0 4
1397558100 82 1 1185 27
1397557800 90 3 1316 31
1397557500 81 1 1185 31
1397557200 55 2 866 33
1397556900 85 0 1317 35
1397556600 84 5 1262 76
1397556300 0 0 0 4
1397556000 83 0 1310 33
1397555700 78 0 1185 33
1397555400 33 0 1248 31
1397555100 129 1 1254 35
1397554800 153 3 1254 35
1397554500 90 2 1391 80
1397554200 90 1 1382 32
1397553900 84 2 1254 33
1397553600 49 3 792 31
1397553300 49 5 755 29
1397553000 79 7 1185 43
1397552700 0 4 0 12
1397552400 0 6 0 13
1397552100 0 2 0 10
1397551800 96 4 1389 37
1397551500 86 3 1254 37
1397551200 85 1 1310 33
1397550900 89 4 1316 31
1397550600 50 8 792 33
1397550300 49 4 755 31
1397550000 84 4 1248 33
1397549700 50 4 792 35
1397549400 28 3 1382 35
1397549100 502 16 1382 41
1397548800 162 6 1316 41
1397548500 52 5 792 45
1397548200 85 4 1310 41
1397547900 83 3 1317 35
1397547600 50 1 792 37
1397547300 79 2 1185 33
1397547000 49 0 792 31
1397546700 32 1 1361 44
1397546400 139 1 1361 37
1397546100 157 3 1316 33
1397545800 56 0 818 33
1397545500 95 5 1456 43
1397545200 81 1 1185 31
1397544900 89 1 1316 37
1397544600 85 3 1248 35
1397544300 87 2 1295 33
1397544000 49 2 790 16
1397543700 0 0 0 2
1397543400 0 0 0 4
1397543100 86 2 1248 31
1397542800 96 2 1389 35
1397542500 51 1 763 56
1397542200 90 1 1324 31
1397541900 83 0 1254 31
1397541600 85 0 1254 31
1397541300 84 2 1254 37
1397541000 80 2 1245 33
1397540700 0 8 6 32
1397540400 92 10 1395 66
1397540100 90 8 1176 37
1397539800 85 17 1224 35
1397539500 85 4 1254 33
1397539200 89 5 1382 41
1397538900 50 1 755 29
1397538600 88 4 1391 63
1397538300 0 0 0 8
1397538000 139 2 2033 43
1397537700 0 3 0 13
1397537400 0 4 0 14
1397537100 138 4 1986 35
1397536800 138 4 1986 37
1397536500 129 9 1995 80
1397536200 139 4 2126 35
1397535900 139 4 2033 35
1397535600 129 3 1986 33
1397535300 135 3 1986 31
1397535000 138 0 2134 35
1397534700 741 21 1994 62
1397534400 232 6 1994 62
1397534100 138 0 1986 33
1397533800 174 0 2652 49
1397533500 136 0 1986 33
1397533200 136 0 2086 33
1397532900 129 1 1986 33
1397532600 136 3 1994 62
1397532300 129 3 1892 33
1397532000 135 1 2086 31
1397531700 0 1 0 10
1397531400 0 0 0 6
1397531100 131 0 1892 29
1397530800 131 1 1892 31
1397530500 149 1 2182 66
1397530200 140 0 2025 33
1397529900 128 0 1884 27
1397529600 138 0 2134 35
1397529300 128 0 1884 27
1397529000 128 0 1890 31
1397528700 0 11 0 32
1397528400 132 6 1993 61
1397528100 131 6 1890 35
1397527800 127 6 1845 37
1397527500 138 10 2086 47
1397527200 125 4 1845 33
1397526900 129 3 1892 33
1397526600 136 5 1994 60
1397526300 129 2 1984 31
1397526000 0 0 0 8
1397525700 0 1 0 6
1397525400 148 4 2234 41
1397525100 140 6 2126 43
1397524800 130 7 1890 48
1397524500 138 6 1994 68
1397524200 130 2 1892 35
1397523900 129 4 1892 37
1397523600 135 2 2086 33
1397523300 128 2 1984 25
1397523000 128 2 1892 31
1397522700 123 4 1995 59
1397522400 245 9 1995 59
1397522100 140 2 2033 31
1397521800 140 0 2134 33
1397521500 129 0 1892 27
1397521200 135 0 1986 33
1397520900 130 0 1986 33
1397520600 136 2 2094 61
1397520300 0 2 0 6
1397520000 45 0 2086 33
1397519700 90 1 2086 33
1397519400 131 2 1986 35
1397519100 131 1 1986 33
1397518800 139 0 2126 33
1397518500 136 1 2094 63
1397518200 137 1 2091 37
1397517900 146 8 1806 83
1397517600 130 6 1892 30
1397517300 130 0 1916 31
1397517000 0 0 0 2
1397516700 670 19 2033 60
1397516400 263 9 2033 60
1397516100 130 3 1892 33
1397515800 140 6 2033 43
1397515500 131 6 1806 30
1397515200 130 8 1892 33
1397514900 128 5 1892 39
1397514600 128 5 1900 62
1397514300 135 7 1986 35
1397514000 0 1 0 6
1397513700 0 0 0 8
1397513400 132 4 1892 31
1397513100 138 6 2086 35
1397512800 141 8 2033 37
1397512500 140 11 2041 66
1397512200 130 6 1892 35
1397511900 129 4 1892 33
1397511600 128 5 1892 35
1397511300 128 3 1892 31
1397511000 138 2 2033 37
1397510700 0 0 0 6
1397510400 132 4 1995 61
1397510100 130 3 1892 29
1397509800 135 16 1892 59
1397509500 158 10 2183 113
1397509200 141 4 1986 41
1397508900 136 0 1986 29
1397508600 143 3 2134 57
1397508300 142 2 2057 52
1397508000 135 1 1894 16
1397507700 0 1 2 16
1397507400 2 7 49 48
1397507100 141 2 2033 31
1397506800 573 70 3084 349
1397506500 136 13 1946 96
1397506200 139 1 2030 16
1397505900 130 8 1899 74
1397505600 128 1 1806 28
1397505300 204 19 2033 160
1397505000 145 13 2025 49
1397504700 0 2 0 37
1397504400 143 6 2143 61
1397504100 131 2 1986 37
1397503800 131 5 1892 29
1397503500 136 7 1986 35
1397503200 142 16 2033 57
1397502900 134 12 1892 45
1397502600 146 15 2033 48
1397502300 44 20 554 70
1397502000 48 16 1231 73
1397501700 117 13 1231 73
1397501400 152 9 1185 47
1397501100 88 13 1256 61
1397500800 97 12 1318 43
1397500500 84 12 1248 48
1397500200 130 21 1256 80
1397499900 82 6 1185 37
1397499600 113 17 1389 111
1397499300 83 4 1248 29
1397499000 89 22 1248 45
1397498700 0 12 43 45
1397498400 92 9 1334 87
1397498100 102 22 1248 282
1397497800 101 5 1459 35
1397497500 173 24 1326 299
1397497200 92 11 1256 54
1397496900 107 23 1318 272
1397496600 98 19 1256 276
1397496300 122 35 1389 276
1397496000 521 117 3391 929
1397495700 77 20 974 77
1397495400 116 31 849 291
1397495100 66 12 964 90
1397494800 3693 163 32023 1228
1397494500 2439 100 26403 896
1397494200 26 45 213 280
1397493900 50 11 720 45
1397493600 104 23 1316 279
1397493300 79 3 1185 37
1397493000 2563 112 24082 732
1397492700 10902 373 65392 2052
1397492400 150 45 1391 369
1397492100 94 21 1185 261
1397491800 115 10 1185 53
1397491500 96 6 1387 45
1397491200 88 5 1316 46
1397490900 107 23 1371 303
1397490600 85 6 1325 62
1397490300 15 25 215 277
1397490000 52 4 755 35
1397489700 73 32 840 265
1397489400 91 4 1326 39
1397489100 100 33 1248 134
1397488800 85 11 1248 35
1397488500 112 34 1395 246
1397488200 87 5 1295 44
1397487900 18 39 220 319
1397487600 57 6 1154 47
1397487300 50 26 1154 265
1397487000 86 5 1248 39
1397486700 64 20 753 263
1397486400 91 9 1262 58
1397486100 140 25 1248 239
1397485800 183 32 1389 277
1397485500 87 9 1316 56
1397485200 93 3 731 35
1397484900 97 25 1248 255
1397484600 0 4 8 31
1397484300 89 8 1248 42
1397484000 51 2 755 29
1397483700 72 1 1045 40
1397483400 140 25 1955 327
1397483100 89 3 1295 40
1397482800 99 24 1254 278
1397482500 84 5 1248 35
1397482200 84 4 1248 31
1397481900 147 32 1241 277
1397481600 0 3 0 19
1397481300 68 25 755 280
1397481000 87 2 1254 31
1397480700 111 28 1543 322
1397480400 89 9 1324 56
1397480100 379 61 2351 319
1397479800 89 5 1316 33
1397479500 86 9 1248 98
1397479200 95 9 1324 134
1397478900 93 2 1387 35
1397478600 0 1 0 13
1397478300 52 10 763 58
1397478000 86 4 1191 32
1397477700 85 4 1248 29
1397477400 87 5 1254 35
1397477100 94 12 1389 37
1397476800 506 24 5952 228
1397476500 85 12 1262 83
1397476200 83 4 1254 35
1397475900 83 6 1248 33
1397475600 0 4 0 13
1397475300 0 5 0 13
1397475000 9046 452 22547 1072
1397474700 14595 740 22547 1030
1397474400 15508 758 22061 1068
1397474100 5807 309 17361 936
1397473800 3485 185 21807 1006
1397473500 0 3 34 31
1397473200 0 0 0 10
1397472900 89 3 1304 53
1397472600 85 1 1310 28
1397472300 85 2 1247 58
1397472000 94 2 1392 58
1397471700 84 0 1249 19
1397471400 93 0 1456 38
1397471100 94 0 1464 56
1397470800 84 0 1320 32
1397470500 61 16 792 63
1397470200 2629 203 33257 2621
1397469900 86 5 1310 32
1397469600 86 5 1310 36
1397469300 94 5 1388 37
1397469000 91 7 1324 67
1397468700 83 2 1247 29
1397468400 85 0 1254 31
1397468100 89 0 1382 32
1397467800 80 0 1185 31
1397467500 79 2 1185 37
1397467200 87 5 1267 69
1397466900 160 12 1267 81
1397466600 95 3 1386 40
1397466300 86 4 1254 35
1397466000 88 1 1361 36
1397465700 85 1 1316 38
1397465400 95 2 1388 38
1397465100 83 3 1250 55
1397464800 86 2 1359 38
1397464500 39 1 792 32
1397464200 10 1 792 32
1397463900 96 2 1388 37
1397463600 87 6 1254 42
1397463300 90 4 1382 40
1397463000 89 7 1324 69
1397462700 89 17 1316 52
1397462400 84 2 1247 38
1397462100 89 2 1382 34
1397461800 84 1 1247 33
1397461500 83 2 1254 37
1397461200 0 2 32 50
1397460900 89 9 1285 50
1397460600 94 2 1388 35
1397460300 95 3 1246 35
1397460000 80 2 1185 33
1397459700 90 2 1324 31
1397459400 93 0 1388 33
1397459100 0 0 0 10
1397458800 82 0 1247 29
1397458500 48 0 1316 31
1397458200 137 1 1386 40
1397457900 160 5 1386 40
1397457600 90 5 1316 35
1397457300 85 3 1254 37
1397457000 84 6 1254 59
1397456700 59 4 940 36
1397456400 83 4 1247 31
1397456100 88 0 1326 33
1397455800 82 0 1247 29
1397455500 0 0 0 6
1397455200 0 0 0 6
1397454900 101 3 1467 65
1397454600 95 2 1456 40
1397454300 88 2 1296 35
1397454000 89 2 1316 33
1397453700 93 2 1456 42
1397453400 93 0 1456 38
1397453100 84 4 1325 65
1397452800 87 2 1361 36
1397452500 68 2 1254 35
1397452200 16 0 1254 35
1397451900 86 8 1247 31
1397451600 85 8 1247 59
1397451300 85 3 1247 40
1397451000 85 6 1262 67
1397450700 87 4 1294 40
1397450400 89 7 1382 38
1397450100 87 4 1382 42
1397449800 89 4 1316 38
1397449500 84 3 1247 34
1397449200 0 0 0 17
1397448900 92 5 1263 54
1397448600 81 2 1185 29
1397448300 90 2 1382 36
1397448000 84 0 1310 34
1397447700 90 2 1316 35
1397447400 83 2 1247 33
1397447100 84 1 1325 65
1397446800 92 0 1456 38
1397446500 0 0 0 4
1397446200 0 0 0 6
1397445900 90 1 1382 32
1397445600 86 1 1247 27
1397445300 94 4 1456 38
1397445000 65 6 987 64
1397444700 85 6 1254 35
1397444400 70 9 907 83
1397444100 94 4 1456 44
1397443800 95 2 1386 31
1397443500 0 0 0 4
1397443200 0 0 0 4
1397442900 91 2 1384 52
1397442600 85 3 1316 30
1397442300 89 2 1296 33
1397442000 95 3 1456 40
1397441700 84 3 1254 33
1397441400 89 2 1316 37
1397441100 0 1 34 29
1397440800 87 12 1359 62
1397440500 29 3 1310 32
1397440200 52 1 1310 32
1397439900 91 3 1316 35
1397439600 87 2 1316 34
1397439300 95 2 1386 38
1397439000 83 4 1318 62
1397438700 89 5 1318 38
1397438400 87 4 1296 38
1397438100 88 6 1316 38
1397437800 93 8 1361 71
1397437500 17 13 112 71
1397437200 0 1 0 11
1397436900 87 4 1255 62
1397436600 94 2 1384 27
1397436300 85 1 1254 37
1397436000 96 4 1316 42
1397435700 84 2 1316 36
1397435400 100 2 1459 42
1397435100 88 5 1324 61
1397434800 88 2 1316 33
1397434500 0 0 0 4
1397434200 75 0 1316 34
1397433900 166 3 1316 34
1397433600 86 2 1310 30
1397433300 94 0 1386 38
1397433000 89 3 1324 63
1397432700 84 2 1310 36
1397432400 59 6 907 37
1397432100 50 4 754 38
1397431800 92 6 1456 46
1397431500 63 4 1254 35
1397431200 20 0 1254 35
1397430900 90 2 1368 65
1397430600 90 0 1316 31
1397430300 61 0 952 34
1397430000 84 2 1247 33
1397429700 89 14 1316 44
1397429400 78 2 1185 29
1397429100 87 4 1324 61
1397428800 83 2 1247 29
1397428500 0 0 171 10
1397428200 82 3 1091 35
1397427900 91 0 1316 37
1397427600 91 2 1390 34
1397427300 90 2 1384 40
1397427000 95 7 1464 94
1397426700 97 3 1490 69
1397426400 93 2 1386 42
1397426100 84 3 1316 32
1397425800 88 2 1316 38
1397425500 13 5 754 40
1397425200 35 5 754 40
1397424900 96 5 1396 66
1397424600 90 3 1384 40
1397424300 87 1 1296 35
1397424000 88 0 1359 34
1397423700 50 2 792 32
1397423400 84 1 1316 34
1397423100 0 2 34 31
1397422800 75 2 1388 40
1397422500 18 2 1388 40
1397422200 92 2 1390 34
1397421900 106 6 1388 79
1397421600 90 0 1316 31
1397421300 85 0 1316 32
1397421000 89 1 1388 58
1397420700 80 0 1185 37
1397420400 83 4 1247 37
1397420100 84 5 1310 36
1397419800 85 4 1247 37
1397419500 0 6 0 14
1397419200 0 3 0 14
1397418900 87 7 1262 57
1397418600 81 7 1244 46
1397418300 85 0 1316 32
1397418000 83 0 1247 29
1397417700 94 4 1388 35
1397417400 93 1 1456 40
1397417100 89 4 1153 40
1397416800 61 2 1310 32
1397416500 21 1 1310 32
1397416200 96 2 1386 40
1397415900 86 1 1316 34
1397415600 90 2 1382 36
1397415300 90 4 1382 34
1397415000 86 2 1325 60
1397414700 78 4 1244 34
1397414400 49 4 754 27
1397414100 89 2 1326 38
1397413800 83 4 1316 42
1397413500 0 3 0 12
1397413200 0 2 0 13
1397412900 82 8 1253 70
1397412600 90 4 1316 31
1397412300 94 5 1458 36
1397412000 88 3 1379 20
1397411700 49 1 754 33
1397411400 88 1 1318 38
1397411100 89 4 1392 71
1397410800 61 2 1316 35
1397410500 26 1 1316 35
1397410200 91 2 1382 34
1397409900 82 3 1244 34
1397409600 91 0 1316 33
1397409300 89 0 1316 33
1397409000 85 2 1255 53
1397408700 89 2 1327 62
1397408400 80 0 1185 31
1397408100 84 3 1316 40
1397407800 88 13 1316 58
1397407500 60 4 1386 62
1397406600 62 0 1382 36
1397404800 60 0 1388 38
1397403000 69 1 1382 52
1397401200 74 4 1453 66
1397399400 77 3 1464 81
1397397600 86 2 1464 69
1397395800 52 2 1318 64
1397394000 69 0 1390 67
1397392200 97 2 1421 62
1397390400 137 4 6397 248
1397388600 66 3 1316 38
1397386800 75 2 1459 50
1397385000 69 0 1532 66
1397383200 72 2 1334 69
1397381400 60 0 1318 51
1397379600 79 1 1386 66
1397377800 52 1 1390 72
1397376000 80 4 1318 62
1397374200 84 2 1388 67
1397372400 74 0 1386 58
1397370600 68 3 1318 37
1397368800 73 0 1386 42
1397367000 145 3 1456 58
1397365200 90 4 1386 68
1397363400 100 3 1458 57
1397361600 66 2 1394 63
1397359800 69 0 1390 60
1397358000 70 4 1464 92
1397356200 68 2 1326 85
1397354400 43 2 1453 57
1397352600 77 4 1458 69
1397350800 97 3 1318 40
1397349000 64 1 1316 65
1397347200 72 0 1396 55
1397345400 64 4 1382 64
1397343600 79 1 1390 62
1397341800 81 3 1382 61
1397340000 64 2 1368 76
1397338200 60 2 1382 67
1397336400 59 1 1388 38
1397334600 71 0 1316 35
1397332800 72 1 1361 42
1397331000 64 2 1316 53
1397329200 73 2 1316 58
1397327400 67 3 1456 57
1397325600 79 2 1458 59
1397323800 74 1 1458 71
1397322000 70 0 1390 62
1397320200 62 3 1254 63
1397318400 50 0 1382 59
1397316600 69 1 1392 35
1397314800 71 3 1382 38
1397313000 58 2 1382 99
1397311200 81 0 1388 57
1397309400 98 3 1388 57
1397307600 82 1 1326 66
1397305800 64 0 1386 49
1397304000 164 3 6238 240
1397302200 66 2 1456 68
1397300400 69 1 1316 51
1397298600 64 2 1318 42
1397296800 71 1 1316 40
1397295000 66 2 1392 60
1397293200 85 1 1325 67
1397291400 74 1 1388 55
1397289600 84 2 1455 61
1397287800 60 3 1455 54
1397286000 74 1 1456 64
1397284200 63 2 1390 72
1397282400 90 1 1382 60
1397280600 67 1 1382 40
1397278800 76 1 1456 44
1397277000 68 3 1532 59
1397275200 87 0 1386 65
1397273400 58 1 1386 40
1397271600 75 1 1396 63
1397269800 103 2 1382 56
1397268000 85 3 1386 85
1397266200 76 4 1538 79
1397264400 68 2 1458 61
1397262600 152 4 1386 58
1397260800 86 0 1532 58
1397259000 85 2 1382 60
1397257200 80 1 1386 58
1397255400 101 5 1459 53
1397253600 70 2 1388 62
1397251800 81 2 1382 66
1397250000 72 2 1326 71
1397248200 85 1 1326 63
1397246400 1490 42 23748 650
1397244600 215 6 15470 486
1397242800 82 7 1333 64
1397241000 71 5 1334 71
1397239200 81 3 1388 51
1397237400 77 2 1386 56
1397235600 88 1 1388 66
1397233800 94 4 1331 68
1397232000 107 8 2733 160
1397230200 73 3 1459 60
1397228400 63 2 1326 51
1397226600 159 13 1697 230
1397224800 111 6 1386 263
1397223000 103 13 1415 250
1397221200 416 38 11923 797
1397219400 110 7 1456 229
1397217600 129 4 3298 127
1397215800 72 2 1332 57
1397214000 93 4 1456 64
1397212200 71 2 1456 52
1397210400 71 3 1390 61
1397208600 158 4 1325 67
1397206800 89 0 1388 67
1397205000 71 1 1386 52
1397203200 85 2 1386 55
1397201400 77 3 1464 66
1397199600 76 5 1394 89
1397197800 111 1 1392 60
1397196000 73 2 1456 58
1397194200 69 0 1318 65
1397192400 74 1 1464 72
1397190600 160 6 1394 67
1397188800 93 8 1456 67
1397187000 72 1 1392 54
1397185200 88 0 1388 57
1397183400 95 2 1384 61
1397181600 82 0 1458 53
1397179800 78 2 1386 71
1397178000 70 5 1456 72
1397176200 75 4 1464 75
1397174400 101 1 3582 105
1397172600 71 0 1382 35
1397170800 71 1 1388 40
1397169000 70 0 1326 64
1397167200 86 5 1386 59
1397165400 69 2 1262 61
1397163600 87 4 1394 66
1397161800 60 0 1386 34
1397160000 62 0 1459 49
1397158200 72 3 1324 78
1397156400 63 2 1382 67
1397154600 74 3 1389 55
1397152800 27858 1054 43650 1694
1397151000 19935 743 56693 1884
1397149200 88 0 1386 53
1397147400 82 2 2107 58
1397145600 78 3 1382 66
1397143800 75 6 1324 66
1397142000 99 4 3223 115
1397140200 82 5 1386 266
1397138400 160 12 7153 247
1397136600 173 15 1386 247
1397134800 107 9 1459 330
1397133000 82 16 1456 234
1397131200 156 9 4798 232
1397129400 66 1 1388 56
1397127600 74 1 1459 62
1397125800 69 4 1324 64
1397124000 74 0 1456 62
1397122200 71 0 1382 61
1397120400 82 0 1458 65
1397118600 141 5 1318 62
1397116800 97 2 1383 62
1397115000 74 2 1457 65
1397113200 84 4 1381 67
1397111400 70 1 1316 44
1397109600 72 0 1462 64
1397107800 87 0 1491 68
1397106000 72 0 1382 62
1397104200 74 1 1532 57
1397102400 75 2 1390 65
1397100600 75 5 1677 56
1397098800 84 0 1316 56
1397097000 73 0 1456 46
1397095200 91 0 1459 81
1397093400 73 1 1318 63
1397091600 57 1 1388 51
1397089800 88 5 1464 71
1397088000 69 4 1316 57
1397086200 66 0 1460 54
1397084400 41 0 1254 59
1397082600 138 4 1316 59
1397080800 91 2 1316 59
1397079000 59 5 1465 84
1397077200 93 3 1386 53
1397075400 58 4 1382 59
1397073600 68 1 1316 56
1397071800 101 3 1396 53
1397070000 70 2 1326 56
1397068200 66 4 1382 54
1397066400 1357 40 49985 1469
1397064600 73 2 1386 37
1397062800 75 4 1529 47
1397061000 52 0 1319 52
1397059200 88 2 1316 55
1397057400 70 3 1318 81
1397055600 76 5 1329 61
1397053800 274 14 16451 561
1397052000 116 10 1326 259
1397050200 67 3 1456 61
1397048400 44 0 1386 57
1397046600 59 2 1316 46
1397044800 134 6 5952 248
1397043000 71 1 1318 54
1397041200 64 0 1253 59
1397039400 94 2 1455 57
1397037600 89 3 1396 67
1397035800 71 0 1381 59
1397034000 56 1 1381 34
1397032200 69 1 1456 56
1397030400 73 1 1382 59
1397028600 67 0 1386 37
1397026800 53 1 1459 38
1397025000 147 4 1456 83
1397023200 95 2 1462 64
1397021400 64 0 1458 62
1397019600 87 0 1386 56
1397017800 96 1 1382 64
1397016000 41 0 1382 35
1397014200 66 3 1456 90
1397012400 42 4 1389 63
1397010600 66 0 1456 41
1397008800 92 0 1456 49
1397007000 160 4 1395 110
1397005200 99 1 1456 41
1397003400 57 1 1317 37
1397001600 71 5 1256 66
1396999800 93 2 1393 78
1396998000 51 0 1316 56
1396996200 54 16 1316 808
1396994400 52 3 1393 82
1396992600 164 7 1395 64
1396990800 98 3 1456 64
1396989000 80 4 1949 67
1396987200 3607 135 106788 3963
1396985400 7465 275 108900 4014
1396983600 25191 945 144000 5487
1396981800 96 2 1387 62
1396980000 95 6 1324 57
1396978200 78 1 1387 60
1396976400 99 4 1393 63
1396974600 172 5 1972 62
1396972800 96 1 1465 62
1396971000 69 4 1387 60
1396969200 76 1 1456 73
1396967400 64 3 1317 65
1396965600 61 0 1359 57
1396963800 98 4 1458 75
1396962000 57 0 1457 39
1396960200 74 0 1530 63
1396958400 149 7 6023 234
1396956600 115 7 1383 60
1396954800 77 1 1317 60
1396953000 70 0 1467 66
1396951200 86 5 1393 63
1396949400 71 0 1457 57
1396947600 70 1 1391 59
1396945800 75 4 1541 71
1396944000 73 1 1467 65
1396942200 71 0 1459 68
1396940400 55 1 1459 65
1396938600 69 5 1311 37
1396936800 67 2 1254 56
1396935000 72 1 1383 59
1396933200 89 3 1533 63
1396931400 74 1 1460 61
1396929600 83 0 1391 61
1396927800 97 1 1383 61
1396926000 70 6 1464 73
1396924200 75 1 1467 63
1396922400 69 0 1385 62
1396920600 70 2 1457 69
1396918800 75 0 1457 72
1396917000 87 3 1457 173
1396915200 100 6 1465 112
1396913400 95 8 1459 148
1396911600 89 3 1457 122
1396909800 51 1 1319 55
1396908000 55 4 1393 197
1396906200 181 8 8864 315
1396904400 113 9 1360 232
1396902600 3106 111 56797 1825
1396900800 96 5 1387 41
1396899000 65 9 1465 198
1396897200 16955 650 44477 1745
1396895400 60 4 1457 202
1396893600 90 5 1454 203
1396891800 110 10 1416 212
1396890000 75 7 1366 214
1396888200 57 4 1362 66
1396886400 95 4 2401 239
1396884600 84 2 1533 184
1396882800 94 5 1438 199
1396881000 73 6 1928 245
1396879200 57 3 1383 107
1396877400 19 1 1243 65
1396875600 41 3 1349 87
1396873800 565 19 25425 803
1396872000 201 4 7279 242
1396870200 116 7 1391 63
1396868400 70 3 1393 61
1396866600 59 0 1457 39
1396864800 74 0 1401 67
1396863000 96 5 1456 78
1396861200 65 1 1391 116
1396859400 89 2 1457 63
1396857600 68 4 1458 53
1396855800 72 1 1391 61
1396854000 96 1 1456 68
1396852200 78 1 1391 61
1396850400 88 4 1613 59
1396848600 96 0 1386 43
1396846800 85 1 1383 67
1396845000 68 2 1464 69
1396843200 72 2 1457 110
1396841400 64 1 1386 62
1396839600 68 0 1545 67
1396837800 66 5 1459 63
1396836000 65 0 1383 62
1396834200 74 1 1457 83
1396832400 73 2 1460 59
1396830600 71 0 1457 45
1396828800 86 1 1457 63
1396827000 67 4 1456 51
1396825200 65 6 1466 118
1396823400 65 0 1392 62
1396821600 64 0 1392 66
1396819800 45 1 1318 59
1396818000 52 1 1380 53
1396816200 63 4 1368 69
1396814400 86 4 1383 45
1396812600 62 3 1458 45
1396810800 69 0 1461 74
1396809000 68 0 1456 62
1396807200 70 3 1394 147
1396805400 65 3 1388 60
1396803600 66 2 1385 68
1396801800 45 3 1392 62
1396800000 70 2 1459 64
1396798200 69 0 1392 64
1396796400 85 1 1389 71
1396794600 73 3 1457 55
1396792800 75 3 1457 70
1396791000 74 3 1457 81
1396789200 73 3 1533 110
1396787400 72 1 1360 92
1396785600 132 2 6023 221
1396783800 145 3 1383 62
1396782000 92 2 1392 68
1396780200 44 3 1383 64
1396778400 77 0 1456 51
1396776600 80 3 1380 47
1396774800 59 1 1466 71
1396773000 70 1 1386 37
1396771200 65 4 1383 130
1396769400 57 3 1317 44
1396767600 65 0 1392 60
1396765800 73 0 1459 64
1396764000 88 3 1457 49
1396762200 67 0 1455 64
1396760400 85 2 1459 62
1396758600 71 5 1383 57
1396756800 60 0 1533 61
1396755000 72 0 1392 68
1396753200 55 1 1458 110
1396751400 71 4 1457 68
1396749600 70 3 1457 60
1396747800 66 3 1383 64
1396746000 85 3 1459 85
1396744200 73 1 1457 53
1396742400 80 1 1536 57
1396740600 64 0 1360 57
1396738800 56 5 1383 67
1396737000 68 3 1386 53
1396735200 71 2 1466 118
1396733400 65 2 1383 61
1396731600 58 0 1468 72
1396729800 70 1 1459 37
1396728000 72 1 1468 66
1396726200 64 7 1311 68
1396724400 50 2 1186 41
1396722600 79 0 1383 41
1396720800 51 1 1319 53
1396719000 66 2 1457 53
1396717200 52 3 1362 110
1396715400 66 2 1383 53
1396713600 59 7 1317 66
1396711800 70 1 1383 65
1396710000 78 0 1319 53
1396708200 59 2 1459 51
1396706400 72 2 1457 41
1396704600 65 3 1459 45
1396702800 86 2 1383 77
1396701000 71 7 1466 76
1396699200 145 4 6547 252
1396697400 63 0 1614 66
1396695600 61 3 1534 63
1396693800 73 2 1457 62
1396692000 84 1 1533 62
1396690200 66 0 1459 60
1396688400 59 5 1457 53
1396686600 76 0 1491 68
1396684800 68 1 1459 57
1396683000 65 3 1457 45
1396681200 74 5 1457 110
1396679400 73 1 1457 81
1396677600 85 0 1383 39
1396675800 72 7 1457 69
1396674000 76 0 1542 74
1396672200 72 0 1457 68
1396670400 70 4 1466 41
1396668600 77 2 1422 70
1396666800 70 0 1386 62
1396665000 73 0 1533 62
1396663200 72 7 1392 118
1396661400 105 2 1459 57
1396659600 87 2 1457 55
1396657800 71 1 1458 62
1396656000 81 0 1457 60
1396654200 70 1 1457 60
1396652400 71 0 1457 39
1396650600 81 8 1398 85
1396648800 42 2 1392 60
1396647000 56 1 1457 57
1396645200 84 6 2449 174
1396643400 59 2 1457 62
1396641600 91 1 1468 73
1396639800 77 3 2740 84
1396638000 73 6 1385 60
1396636200 135 4 4743 114
1396634400 68 0 1460 60
1396632600 56 3 1257 63
1396630800 68 0 1390 54
1396629000 61 1 1317 51
1396627200 2655 102 42975 1677
1396625400 11377 431 42975 1677
1396623600 69 1 1392 60
1396621800 102 2 1457 64
1396620000 83 2 1360 70
1396618200 2030 91 62506 2115
1396616400 76 5 1383 51
1396614600 124 11 4386 118
1396612800 171 9 5954 222
1396611000 125 0 4600 109
1396609200 89 2 1459 118
1396607400 74 1 1468 64
1396605600 86 2 1456 66
1396603800 72 2 1458 70
1396602000 66 1 1385 64
1396600200 70 2 1386 39
1396598400 69 0 1533 41
1396596600 72 2 1541 69
1396594800 72 2 1393 65
1396593000 52 2 1457 67
1396591200 10735 410 70566 2494
1396589400 89 4 1456 64
1396587600 82 2 1395 69
1396585800 78 0 1536 68
1396584000 73 0 1534 68
1396582200 70 5 1534 54
1396580400 69 0 1383 41
1396578600 71 0 1468 64
1396576800 66 4 1385 60
1396575000 154 4 1534 64
1396573200 102 1 1534 108
1396571400 73 5 1385 60
1396569600 237 5 14380 406
1396567800 0 0 0 28
1396566000 1 0 243 58
1396564200 13 0 1254 60
1396562400 0 0 0 23
1396560600 5272 504 52993 4715
1396558800 6434 602 70022 5738
1396557000 0 0 0 0
1396555200 0 0 0 0
1396553400 0 0 0 0
1396551600 0 0 0 0
1396549800 0 0 0 0
1396548000 0 0 0 0
1396546200 0 0 0 0
1396544400 0 0 0 0
1396542600 0 0 0 0
1396540800 0 0 0 0
1396539000 0 0 0 0
1396537200 0 0 0 0
1396535400 0 0 0 0
1396533600 0 0 0 0
1396531800 0 0 0 0
1396530000 0 0 0 0
1396528200 0 0 0 0
1396526400 0 0 0 0
1396524600 3232 255 158435 11833
1396522800 0 0 0 0
1396521000 0 0 0 0
1396519200 0 0 0 0
1396517400 0 0 0 0
1396515600 0 0 0 0
1396513800 0 0 0 0
1396512000 0 0 0 0
1396510200 0 0 0 0
1396508400 0 0 0 0
1396506600 0 0 0 0
1396504800 0 0 0 0
1396503000 0 0 0 0
1396501200 0 0 0 0
1396499400 0 0 0 0
1396497600 0 0 0 0
1396495800 0 0 0 0
1396494000 0 0 0 0
1396492200 0 0 0 0
1396490400 0 0 0 0
1396488600 0 0 0 0
1396486800 0 0 0 0
1396485000 0 0 0 0
1396483200 0 0 0 0
1396481400 0 0 0 0
1396479600 0 0 0 0
1396477800 0 0 0 0
1396476000 0 0 0 0
1396474200 0 0 0 0
1396472400 0 0 0 0
1396470600 0 0 0 0
1396468800 0 0 0 0
1396467000 0 0 0 0
1396465200 0 0 0 0
1396463400 0 0 0 0
1396461600 0 0 0 0
1396459800 0 0 0 0
1396458000 0 0 0 0
1396456200 0 0 0 0
1396454400 0 0 0 0
1396452600 0 0 0 0
1396450800 0 0 0 0
1396449000 0 0 0 0
1396447200 0 0 0 0
1396445400 0 0 0 0
1396443600 0 0 0 0
1396441800 0 0 0 0
1396440000 0 0 0 0
1396438200 0 0 0 0
1396436400 0 0 0 0
1396434600 0 0 0 0
1396432800 0 0 0 0
1396431000 0 0 0 0
1396429200 0 0 0 0
1396427400 0 0 0 0
1396425600 0 0 0 0
1396423800 0 0 0 0
1396422000 0 0 0 0
1396420200 0 0 0 0
1396418400 0 0 0 0
1396416600 0 0 0 0
1396414800 0 0 0 0
1396413000 0 0 0 0
1396411200 0 0 0 0
1396409400 0 0 0 0
1396407600 0 0 0 0
1396405800 0 0 0 0
1396404000 0 0 0 0
1396402200 0 0 0 0
1396400400 0 0 0 0
1396398600 0 0 0 0
1396396800 0 0 0 0
1396395000 0 0 0 0
1396393200 0 0 0 0
1396391400 0 0 0 0
1396389600 0 0 0 0
1396387800 0 0 0 0
1396386000 0 0 0 0
1396384200 0 0 0 0
1396382400 0 0 0 0
1396380600 0 0 0 0
1396378800 0 0 0 0
1396377000 0 0 0 0
1396375200 0 0 0 0
1396373400 0 0 0 0
1396371600 0 0 0 0
1396369800 0 0 0 0
1396368000 0 0 0 0
1396366200 0 0 0 0
1396364400 0 0 0 0
1396362600 0 0 0 0
1396360800 0 0 0 0
1396359000 0 0 0 0
1396357200 0 0 0 0
1396355400 0 0 0 0
1396353600 0 0 0 0
1396351800 431 48 15350 2561
1396350000 0 0 0 0
1396348200 0 0 0 0
1396346400 0 0 0 0
1396344600 0 0 0 0
1396342800 0 0 0 0
1396341000 0 0 0 0
1396339200 0 0 0 0
1396337400 0 0 0 0
1396335600 0 0 0 0
1396333800 0 0 0 0
1396332000 0 0 0 0
1396330200 0 0 0 0
1396328400 0 0 0 0
1396326600 0 0 0 0
1396324800 0 0 0 0
1396317600 0 0 0 0
1396310400 0 0 0 0
1396303200 0 0 0 0
1396296000 0 0 0 0
1396288800 0 0 0 0
1396281600 0 0 0 0
1396274400 0 0 0 0
1396267200 0 0 0 0
1396260000 0 0 0 0
1396252800 0 0 0 0
1396245600 0 0 0 0
1396238400 0 0 0 0
1396231200 0 0 0 0
1396224000 0 0 0 0
1396216800 0 0 0 0
1396209600 0 0 0 0
1396202400 0 0 0 0
1396195200 0 0 0 0
1396188000 0 0 0 0
1396180800 0 0 0 0
1396173600 0 0 0 0
1396166400 0 0 0 0
1396159200 0 0 0 0
1396152000 0 0 0 0
1396144800 0 0 0 0
1396137600 0 0 0 0
1396130400 0 0 0 0
1396123200 0 0 0 0
1396116000 0 0 0 0
1396108800 0 0 0 0
1396101600 0 0 0 0
1396094400 0 0 0 0
1396087200 0 0 0 0
1396080000 0 0 0 0
1396072800 0 0 0 0
1396065600 0 0 0 0
1396058400 0 0 0 0
1396051200 0 0 0 0
1396044000 0 0 0 0
1396036800 0 0 0 0
1396029600 0 0 0 0
1396022400 0 0 0 0
1396015200 0 0 0 0
1396008000 79 6 24103 2044
1396000800 0 0 0 0
1395993600 0 0 0 0
1395986400 0 0 0 0
1395979200 0 0 0 0
1395972000 0 0 0 0
1395964800 0 0 0 0
1395957600 0 0 0 0
1395950400 0 0 0 0
1395943200 0 0 0 0
1395936000 318 30 66398 5406
1395928800 0 0 0 0
1395921600 15 0 5476 584
1395914400 0 0 0 0
1395907200 0 0 0 0
1395900000 0 0 0 0
1395892800 0 0 0 0
1395885600 0 0 0 0
1395878400 0 0 0 0
1395871200 0 0 0 0
1395864000 0 0 0 0
1395856800 0 0 0 0
1395849600 0 0 0 0
1395842400 0 0 0 85
1395835200 234 19 36240 2908
1395828000 0 0 0 0
1395820800 0 0 0 0
1395813600 0 0 0 0
1395806400 0 0 0 0
1395799200 0 0 0 0
1395792000 0 0 0 0
1395784800 0 0 0 0
1395777600 0 0 0 0
1395770400 0 0 85 285
1395763200 0 0 0 0
1395756000 0 0 0 0
1395748800 0 0 0 0
1395741600 0 0 0 0
1395734400 0 0 0 0
1395727200 0 0 0 0
1395720000 0 0 0 0
1395712800 0 0 0 0
1395705600 0 0 0 0
1395698400 0 0 0 0
1395691200 0 0 0 0
1395684000 0 0 0 0
1395676800 0 0 0 0
1395669600 0 0 0 0
1395662400 0 0 0 0
1395655200 0 0 0 0
1395648000 0 0 0 0
1395640800 0 0 0 0
1395633600 0 0 0 0
1395626400 0 0 0 0
1395619200 0 0 0 0
1395612000 0 0 0 0
1395604800 0 0 0 0
1395597600 0 0 0 0
1395590400 0 0 0 0
1395583200 0 0 0 0
1395576000 0 0 0 0
1395568800 0 0 0 0
1395561600 0 0 0 0
1395554400 0 0 0 0
1395547200 0 0 0 0
1395540000 0 0 0 0
1395532800 0 0 0 0
1395525600 0 0 0 0
1395518400 0 0 0 0
1395511200 0 0 0 0
1395504000 0 0 0 0
1395496800 0 0 0 0
1395489600 0 0 0 0
1395482400 0 0 0 0
1395475200 0 0 0 0
1395468000 0 0 0 0
1395460800 0 0 0 0
1395453600 0 0 0 0
1395446400 0 0 0 0
1395439200 0 0 0 0
1395432000 0 0 0 0
1395424800 0 0 0 0
1395417600 0 0 0 0
1395410400 0 0 0 0
1395403200 84 8 18014 2172
1395396000 0 0 0 0
1395388800 0 0 0 0
1395381600 0 0 0 0
1395374400 0 0 0 0
1395367200 0 0 0 0
1395360000 0 0 0 0
1395352800 0 0 0 0
1395345600 0 0 0 0
1395338400 0 0 0 0
1395331200 0 0 0 0
1395324000 0 0 0 0
1395316800 0 0 0 0
1395309600 0 0 0 0
1395302400 0 0 0 0
1395295200 0 0 0 0
1395288000 0 0 0 0
1395280800 0 0 0 0
1395273600 0 0 0 0
1395266400 0 0 0 0
1395259200 0 0 0 0
1395252000 0 0 0 0
1395244800 0 0 0 0
1395237600 0 0 0 0
1395230400 0 0 185 0
1395223200 0 0 0 0
1395216000 0 0 0 0
1395208800 0 0 0 0
1395201600 0 0 0 0
1395194400 0 0 0 0
1395187200 0 0 0 0
1395180000 0 0 0 0
1395172800 0 0 0 0
1395165600 0 0 0 0
1395158400 0 0 0 0
1395151200 0 0 0 0
1395144000 43 3 15511 1644
1395136800 0 0 0 0
1395129600 0 0 0 0
1395122400 0 0 0 0
1395115200 0 0 0 0
1395108000 0 0 0 0
1395100800 0 0 0 0
1395093600 0 0 0 0
1395086400 0 0 0 0
1395079200 0 0 0 0
1395072000 0 0 0 0
1395064800 0 0 0 0
1395057600 0 0 0 0
1395050400 0 0 0 0
1395043200 0 0 0 0
1395036000 0 0 0 0
1395028800 0 0 0 0
1395021600 0 0 0 0
1395014400 0 0 0 0
1395007200 0 0 0 0
1395000000 0 0 0 0
1394992800 0 0 0 0
1394985600 0 0 0 0
1394978400 0 0 0 0
1394971200 0 0 0 0
1394964000 0 0 0 0
1394956800 0 0 0 0
1394949600 0 0 0 0
1394942400 0 0 0 0
1394935200 0 0 0 0
1394928000 0 0 0 0
1394920800 0 0 0 0
1394913600 0 0 0 0
1394906400 0 0 0 0
1394899200 0 0 0 0
1394892000 0 0 0 0
1394884800 0 0 0 0
1394877600 0 0 0 0
1394870400 0 0 0 0
1394863200 0 0 0 0
1394856000 0 0 0 0
1394848800 0 0 0 0
1394841600 0 0 0 0
1394834400 0 0 0 0
1394827200 0 0 0 0
1394820000 0 0 0 0
1394812800 0 0 0 0
1394805600 0 0 0 0
1394798400 277 24 23947 2369
1394791200 0 0 0 0
1394784000 0 0 0 0
1394776800 0 0 0 0
1394769600 0 0 0 0
1394762400 0 0 0 0
1394755200 0 0 0 0
1394748000 0 0 0 0
1394740800 0 0 0 0
1394733600 0 0 0 0
1394726400 0 0 0 0
1394719200 0 0 0 0
1394712000 1445 126 104841 10602
1394704800 0 0 0 0
1394697600 0 0 0 0
1394690400 0 0 0 0
1394683200 0 0 0 0
1394676000 0 0 0 0
1394668800 0 0 0 0
1394661600 0 0 0 0
1394654400 0 0 0 0
1394647200 0 0 0 0
1394640000 0 0 0 0
1394632800 0 0 0 0
1394625600 0 0 0 0
1394618400 0 0 0 0
1394611200 0 0 0 0
1394604000 0 0 0 0
1394596800 0 0 0 0
1394589600 0 0 0 0
1394582400 0 0 0 0
1394575200 0 0 0 0
1394568000 0 0 0 0
1394560800 0 0 0 0
1394553600 0 0 0 0
1394546400 0 0 0 0
1394539200 0 0 0 0
1394532000 0 0 0 0
1394524800 0 0 0 0
1394517600 0 0 0 0
1394510400 0 0 0 0
1394503200 0 0 0 0
1394496000 0 0 0 0
1394488800 0 0 0 0
1394481600 0 0 0 0
1394474400 0 0 0 0
1394467200 0 0 0 0
1394460000 0 0 0 0
1394452800 196 19 17585 2380
1394445600 0 0 0 0
1394438400 0 0 0 0
1394431200 0 0 0 0
1394424000 0 0 0 0
1394416800 0 0 0 0
1394409600 0 0 0 0
1394402400 0 0 0 0
1394395200 0 0 0 0
1394388000 0 0 0 0
1394380800 0 0 0 0
1394373600 0 0 0 0
1394366400 0 0 0 0
1394359200 0 0 0 0
1394352000 0 0 0 0
1394344800 0 0 0 0
1394337600 0 0 0 0
1394330400 0 0 0 0
1394323200 0 0 0 0
1394316000 0 0 0 0
1394308800 0 0 0 0
1394301600 0 0 0 0
1394294400 0 0 0 0
1394287200 0 0 0 0
1394280000 0 0 0 0
1394272800 0 0 0 0
1394265600 0 0 0 0
1394258400 0 0 0 0
1394251200 0 0 0 0
1394244000 0 0 0 0
1394236800 0 0 0 0
1394229600 0 0 0 0
1394222400 0 0 0 0
1394215200 0 0 0 0
1394208000 0 0 0 0
1394200800 0 0 0 0
1394193600 0 0 0 0
1394186400 0 0 0 0
1394179200 0 0 0 0
1394172000 0 0 0 0
1394164800 0 0 0 0
1394157600 0 0 0 0
1394150400 0 0 0 0
1394143200 0 0 0 0
1394136000 0 0 0 0
1394128800 0 0 0 0
1394121600 0 0 0 0
1394114400 0 0 0 0
1394107200 225 20 32994 3048
1394100000 0 0 0 0
1394092800 0 0 0 0
1394085600 17 1 6416 494
1394078400 0 0 0 0
1394071200 0 0 0 0
1394064000 0 0 0 0
1394056800 0 0 0 0
1394049600 0 0 0 0
1394042400 0 0 0 0
1394035200 0 0 0 0
1394028000 0 0 0 0
1394020800 246 22 33786 2765
1394013600 0 0 0 0
1394006400 0 0 0 0
1393999200 17 1 6544 513
1393992000 0 0 0 0
1393984800 0 0 0 0
1393977600 0 0 0 0
1393970400 0 0 0 0
1393963200 0 0 0 0
1393956000 0 0 0 0
1393948800 0 0 0 0
1393941600 0 0 0 0
1393934400 0 0 0 0
1393927200 0 0 0 0
1393920000 0 0 0 0
1393912800 17 1 4436 283
1393905600 0 0 0 0
1393898400 0 0 0 0
1393891200 0 0 0 0
1393884000 0 0 0 0
1393876800 0 0 0 0
1393869600 0 0 0 0
1393862400 0 0 0 0
1393855200 0 0 0 0
1393848000 0 0 0 0
1393840800 0 0 0 0
1393833600 0 0 0 0
1393826400 17 1 4573 377
1393819200 0 0 0 0
1393812000 0 0 0 0
1393804800 0 0 0 0
1393797600 0 0 0 0
1393790400 0 0 0 0
1393783200 0 0 0 0
1393776000 0 0 0 0
1393768800 0 0 0 0
1393761600 0 0 0 0
1393754400 0 0 0 0
1393747200 0 0 0 0
1393740000 17 0 6483 444
1393732800 0 0 0 0
1393725600 0 0 0 0
1393718400 0 0 0 0
1393711200 0 0 0 0
1393704000 0 0 0 0
1393696800 0 0 0 0
1393689600 0 0 0 0
1393682400 0 0 0 0
1393675200 0 0 0 0
1393668000 0 0 0 0
1393660800 0 0 0 0
1393653600 18 0 4609 398
1393646400 0 0 0 0
1393639200 0 0 0 0
1393632000 0 0 0 0
1393624800 0 0 0 0
1393617600 0 0 0 0
1393610400 0 0 0 0
1393603200 0 0 0 0
1393596000 0 0 0 0
1393588800 293 26 28927 2632
1393581600 0 0 0 0
1393574400 0 0 0 0
1393567200 18 0 6956 604
1393560000 0 0 0 0
1393552800 0 0 0 0
1393545600 0 0 0 0
1393538400 0 0 0 0
1393531200 0 0 0 0
1393524000 0 0 0 0
1393516800 0 0 0 0
1393509600 105 8 13909 976
1393502400 0 0 0 0
1393495200 0 0 0 0
1393488000 0 0 0 0
1393480800 17 0 4022 326
1393473600 0 0 0 0
1393466400 0 0 0 0
1393459200 0 0 0 0
1393452000 0 0 0 0
1393444800 0 0 0 0
1393437600 0 0 0 0
1393430400 1374 125 94730 6707
1393423200 0 0 0 0
1393416000 222 20 37873 3658
1393408800 0 0 0 0
1393401600 0 0 0 0
1393394400 16 0 6224 481
1393387200 0 0 0 0
1393380000 0 0 0 0
1393372800 0 0 0 0
1393365600 0 0 0 0
1393358400 0 0 0 0
1393351200 0 0 0 0
1393344000 0 0 267 185
1393336800 168 18 10139 1186
1393329600 0 0 0 0
1393322400 0 0 0 0
1393315200 0 0 0 0
1393308000 17 0 6480 468
1393300800 0 0 0 0
1393293600 0 0 0 0
1393286400 0 0 0 0
1393279200 0 0 0 0
1393272000 47 8 16103 2934
1393264800 0 0 0 0
1393257600 0 0 0 0
1393250400 0 0 0 0
1393243200 0 0 0 0
1393236000 0 0 0 0
1393228800 0 0 0 0
1393221600 18 0 7057 598
1393214400 0 0 0 0
1393207200 0 0 0 0
1393200000 0 0 0 0
1393192800 0 0 0 0
1393185600 0 0 0 0
1393178400 0 0 0 0
1393171200 0 0 0 0
1393164000 0 0 0 0
1393156800 0 0 0 0
1393149600 0 0 0 0
1393142400 0 0 0 0
1393135200 18 0 6628 571
1393128000 0 0 0 0
1393120800 0 0 0 0
1393113600 0 0 0 0
1393106400 0 0 0 25
1393099200 0 0 0 25
1393092000 0 0 0 60
1393084800 0 0 0 18
1393077600 0 0 0 22
1393070400 0 0 0 0
1393063200 0 0 0 0
1393056000 0 0 0 0
1393048800 18 0 6943 602
1393041600 0 0 0 0
1393034400 0 0 0 0
1393027200 0 0 0 18
1393020000 0 0 0 39
1393012800 0 0 0 16
1393005600 0 0 0 18
1392998400 0 0 0 16
1392991200 0 0 0 19
1392984000 0 0 0 16
1392976800 0 0 0 0
1392969600 0 0 0 0
1392962400 17 0 5831 511
1392955200 0 0 0 0
1392948000 0 0 0 0
1392940800 0 0 0 15
1392933600 0 0 0 78
1392926400 2248 175 47387 3627
1392919200 0 0 0 48
1392912000 0 0 338 62
1392904800 0 0 0 28
1392897600 0 0 0 0
1392890400 0 0 0 0
1392883200 0 0 0 0
1392876000 0 0 0 0
1392868800 0 0 0 0
1392861600 0 0 0 0
1392854400 0 0 0 0
1392847200 0 0 0 0
1392840000 0 0 0 0
1392832800 0 0 0 0
1392825600 0 0 0 0
1392818400 0 0 0 0
1392811200 0 0 0 0
1392804000 0 0 0 0
1392796800 0 0 0 0
1392789600 0 0 0 0
1392782400 0 0 0 0
1392775200 0 0 0 0
1392768000 0 0 0 60
1392760800 0 0 0 24
1392753600 0 0 0 16
1392746400 0 0 0 17
1392739200 0 0 0 0
1392732000 46 8 12615 2002
1392724800 21 3 7025 1323
1392717600 0 0 0 0
1392710400 0 0 0 0
1392703200 0 0 0 0
1392696000 0 0 0 0
1392688800 0 0 0 0
1392681600 0 0 0 0
1392674400 0 0 0 0
1392667200 0 0 0 0
1392660000 0 0 0 0
1392652800 0 0 0 0
1392645600 0 0 0 0
1392638400 0 0 0 0
1392631200 0 0 0 0
1392624000 0 0 0 0
1392616800 0 0 0 0
1392609600 0 0 0 0
1392602400 0 0 0 0
1392595200 0 0 0 0
1392588000 0 0 0 0
1392580800 0 0 0 0
1392573600 0 0 0 0
1392566400 0 0 0 0
1392559200 0 0 0 0
1392552000 0 0 0 0
1392544800 0 0 0 0
1392537600 0 0 0 0
1392530400 0 0 0 0
1392523200 0 0 0 0
1392516000 0 0 0 0
1392508800 0 0 0 0
1392501600 0 0 0 0
1392494400 0 0 0 0
1392487200 0 0 0 0
1392480000 0 0 0 0
1392472800 0 0 0 0
1392465600 0 0 0 0
1392458400 0 0 0 0
1392451200 0 0 0 0
1392444000 0 0 0 0
1392436800 0 0 0 0
1392429600 0 0 0 0
1392422400 0 0 0 79
1392415200 0 0 0 60
1392408000 0 0 0 20
1392400800 0 0 0 28
1392393600 0 0 0 32
1392386400 0 0 0 17
1392379200 0 0 0 0
1392372000 0 0 0 0
1392364800 0 0 0 0
1392357600 0 0 0 0
1392350400 0 0 0 0
1392343200 0 0 0 0
1392336000 0 0 0 19
1392328800 0 0 0 16
1392321600 0 0 0 32
1392314400 0 0 0 0
1392307200 0 0 0 0
1392300000 0 0 0 0
1392292800 0 0 0 0
1392285600 0 0 0 0
1392278400 0 0 0 0
1392271200 0 0 0 0
1392264000 0 0 0 0
1392256800 0 0 0 0
1392249600 0 0 0 0
1392242400 0 0 0 0
1392235200 0 0 0 0
1392228000 0 0 0 0
1392220800 0 0 0 0
1392213600 0 0 0 0
1392206400 0 0 0 0
1392199200 0 0 0 0
1392192000 0 0 0 0
1392184800 0 0 0 0
1392177600 0 0 0 0
1392170400 0 0 0 0
1392163200 0 0 0 0
1392156000 0 0 0 0
1392148800 0 0 0 0
1392141600 0 0 0 0
1392134400 0 0 0 0
1392127200 0 0 0 0
1392120000 0 0 0 0
1392112800 0 0 0 0
1392105600 0 0 0 0
1392098400 0 0 0 0
1392091200 0 0 0 0
1392084000 0 0 0 0
1392076800 0 0 0 0
1392069600 0 0 0 0
1392062400 0 0 0 0
1392055200 0 0 0 0
1392048000 0 0 0 0
1392040800 0 0 0 0
1392033600 0 0 0 0
1392026400 0 0 0 0
1392019200 0 0 0 0
1392012000 0 0 0 0
1392004800 0 0 0 0
1391990400 0 0 0 0
1391904000 0 0 0 47
1391817600 0 0 0 0
1391731200 0 0 0 0
1391644800 0 0 0 0
1391558400 5 0 32460 3311
1391472000 0 0 0 0
1391385600 0 0 0 0
1391299200 0 0 0 0
1391212800 0 0 0 210
1391126400 0 0 0 0
1391040000 5014 364 254495 21022
1390953600 0 0 0 114
1390867200 0 0 0 0
1390780800 0 0 0 0
1390694400 0 0 0 0
1390608000 0 0 4288 140
1390521600 0 0 4288 140
1390435200 739 16 228117 5158
1390348800 0 0 4286 254
1390262400 0 0 4460 166
1390176000 0 0 4288 143
1390089600 0 0 4460 147
1390003200 3184 82 311556 10149
1389916800 744 15 181338 4509
1389830400 0 0 4460 161
1389744000 0 0 4288 143
1389657600 0 2 26 44
1389571200 0 0 0 9
1389484800 0 0 1 13
1389398400 0 5 40 40
1389312000 0 0 41 47
1389225600 0 1 30 34
1389139200 0 2 1 11
1389052800 0 1 26 24
1388966400 0 2 0 2
1388880000 0 2 0 2
1388793600 0 1 30 31
1388707200 0 1 39 47
1388620800 0 2 0 2
1388534400 0 0 27 31
1388448000 0 1 39 39
1388361600 0 2 0 2
1388275200 0 0 4460 148
1388188800 0 0 4455 327
1388102400 886 47 257625 14875
1388016000 0 0 4457 143
1387929600 0 0 4462 146
1387843200 0 0 4462 298
1387756800 316 17 90358 15667
1387670400 0 0 4263 107
1387584000 36 0 65400 1128
1387497600 0 0 4475 147
1387411200 1353 31 298945 7702
1387324800 2554 63 288780 9403
1387238400 440 9 293599 7013
1387152000 0 0 4648 1129
1387065600 1274 33 317310 10137
1386979200 661 15 309201 8399
1386892800 13 0 21812 672
1386806400 4702 209 294985 16810
1386720000 8602 275 357319 11719
1386633600 98 8 65360 5238
1386547200 0 0 4648 149
1386460800 0 0 4462 146
1386374400 242 3 67443 2778
1386288000 1948 87 260862 19363
1386201600 3047 197 255574 17733
1386115200 2285 154 244383 24559
1386028800 3363 194 494803 22477
1385942400 0 0 4648 150
1385856000 0 0 4643 135
1385769600 17415 494 591080 23969
1385683200 14651 464 545400 23791
1385596800 958 48 467386 8850
1385510400 0 0 28 50
1385424000 0 0 4462 143
1385337600 0 0 29 45
1385251200 0 0 4462 143
1385164800 0 0 4457 127
1385078400 0 0 4462 149
1384992000 463 14 255705 7729
1384905600 0 0 5311 199
1384819200 0 0 5577 179
1384732800 0 0 5309 216
1384646400 0 0 5308 239
1384560000 0 0 5424 193
1384473600 0 0 2080 374
1384387200 0 0 5290 282
1384300800 306 5 64786 1218
1384214400 0 0 5574 264
1384128000 0 0 5158 126
1384041600 0 0 5574 179
1383955200 665 63 172140 19439
1383868800 418 29 91294 8843
1383782400 6820 263 304514 19129
1383696000 5348 220 601586 30087
1383609600 7568 317 525647 44954
1383523200 901 22 89163 2237
1383436800 946 24 80973 2039
1383350400 28933 1300 599417 24381
1383264000 19308 787 609921 15802
1383177600 22327 871 251410 18855
1383091200 24612 843 343679 24693
1383004800 81836 2784 601668 18573
1382918400 11 0 20015 1778
1382832000 24 2 28838 1880
1382745600 22416 869 649904 27371
1382659200 13592 444 640465 27030
1382572800 19828 501 510280 25284
1382486400 14501 419 438691 21163
1382400000 17166 542 646574 27162
1382313600 2988 46 763212 11571
1382227200 3039 52 631900 9522
1382140800 8326 331 624192 47384
1382054400 13333 428 639844 72443
1381968000 16161 530 576576 27355
1381881600 6478 264 537399 25345
1381795200 0 2 0 2
1381708800 0 2 0 2
1381622400 0 2 0 2
1381536000 9750 263 558297 17743
1381449600 16345 578 550359 16094
1381363200 18366 467 673992 38240
1381276800 16879 519 454135 17281
1381190400 9378 840 742010 379508
1381104000 43 1 32566 2561
1381017600 151 2 311583 13044
1380931200 4668 143 312626 14953
1380844800 22566 872 676269 385311
1380758400 13690 2503 664043 359084
1380672000 16255 570 643650 17977
1380585600 6571 259 536320 15868
1380499200 41 1 19058 1704
1380412800 134 1 370938 3424
1380326400 23893 835 639446 23431
1380240000 18175 726 500423 21936
1380153600 16735 527 576350 18630
1380067200 13225 496 502409 20268
1379980800 15847 571 603814 17772
1379894400 6 0 30224 2526
1379808000 6 0 26682 1920
1379721600 9360 400 671790 19732
1379635200 21688 811 634116 20189
1379548800 22710 770 726170 19123
1379462400 22837 624 575384 18825
1379376000 26421 814 513277 19653
1379289600 6 0 27338 1876
1379203200 1327 26 711960 12280
1379116800 14938 801 660453 21373
1379030400 15619 584 602813 18316
1378944000 29139 883 682143 19984
1378857600 9975 515 264906 12090
1378771200 3195 157 261321 15240
1378684800 19 2 50109 2827
1378598400 87 2 43591 2842
1378512000 5445 461 242522 12968
1378425600 2565 298 150596 13008
1378339200 5896 295 188452 14659
1378252800 5241 365 239307 16924
1378166400 8170 493 259802 13002
1378080000 0 0 6194 1362
1377993600 6 0 26342 1862
1377907200 7226 348 251784 11935
1377820800 6811 272 321479 10798
1377734400 4199 244 250292 11947
1377648000 3741 249 247777 13408
1377561600 6708 455 165621 43722
1377475200 5 0 18031 2072
1377388800 6 0 22308 1565
1377302400 3438 183 218905 14667
1377216000 1855 96 185683 10301
1377129600 6452 310 350251 13746
1377043200 9951 399 341817 13295
1376956800 5 0 24346 1692
1376870400 5 0 21725 2151
1376784000 9 0 29822 2315
1376697600 2883 157 248762 8750
1376611200 8746 394 341226 19558
1376524800 10043 437 291394 14143
1376438400 3859 155 250229 11971
1376352000 7190 385 222464 16450
1376265600 1 0 5574 174
1376179200 1 0 5574 445
1376092800 7763 386 200234 10643
1376006400 5503 353 256474 13054
1375920000 10115 453 527314 16814
1375833600 3718 178 455106 16246
1375747200 6566 235 449464 14348
1375660800 0 0 4129 129
1375574400 0 0 4129 129
1375488000 5105 199 411389 11178
1375401600 1953 104 250692 10155
1375315200 3402 125 441903 8452
1375228800 3033 171 449074 16346
1375142400 2322 84 293625 8525
1375056000 0 0 4288 132
1374969600 0 0 4288 198
1374883200 3994 228 556335 11977
1374796800 4257 228 540314 13267
1374710400 3267 135 300735 9562
1374624000 3053 142 265021 9435
1374537600 2305 98 375288 10023
1374451200 0 0 4129 155
1374364800 0 0 4288 137
1374278400 966 35 254720 8655
1374192000 3731 121 546764 10563
1374105600 4737 180 517536 9396
1374019200 1584 73 149387 9361
1373932800 5312 189 538620 101043
1373846400 0 0 4284 131
1373760000 0 0 4284 127
1373673600 650 36 131680 4512
1373587200 1692 73 411822 12492
1373500800 0 8 0 8
1373414400 0 8 0 8
1373328000 0 8 0 8
1373241600 0 8 0 8
1373155200 0 8 0 8
1373068800 0 8 0 8
1372982400 0 8 0 8
1372896000 0 8 0 8
1372809600 0 8 0 8
1372723200 0 8 0 8
1372636800 0 8 0 8
1372550400 0 8 0 8
1372464000 769 30 201844 7384
1372377600 2527 146 334715 9473
1372291200 1851 95 243706 7415
1372204800 2491 122 253234 12833
1372118400 7470 221 382563 10507
1372032000 0 0 3593 108
1371945600 0 0 3716 116
1371859200 0 0 3713 101
1371772800 0 0 3716 116
1371686400 900 22 350777 10661
1371600000 157 4 200645 3160
1371513600 7 0 16751 975
1371427200 0 0 3716 114
1371340800 0 0 3614 145
1371254400 53 0 17100 1015
1371168000 55 2 64508 1748
1371081600 4 1 13228 1054
1370995200 1562 83 397222 14929
1370908800 1990 46 449793 9800
1370822400 0 0 3844 120
1370736000 0 0 3844 120
1370649600 2451 105 480916 8211
1370563200 3005 70 401669 9149
1370476800 2948 95 392411 10459
1370390400 5138 221 293728 9278
1370304000 3536 157 246538 6273
1370217600 0 0 3716 116
1370131200 0 0 3596 114
1370044800 6058 240 377487 12644
1369958400 4690 124 317668 6590
1369872000 2589 72 302794 6165
1369785600 2961 156 310769 7776
1369699200 2410 81 381264 6080
1369612800 2 0 6927 325
1369526400 0 0 3716 118
1369440000 1119 71 228708 9319
1369353600 5692 168 414746 9596
1369267200 7480 220 604799 8937
1369180800 11327 343 512262 17331
1369094400 3973 149 398148 10785
1369008000 0 0 3841 105
1368921600 0 0 3844 124
1368835200 8682 300 362846 13228
1368748800 3345 151 455293 10921
1368662400 9129 336 412384 10477
1368576000 5548 216 460949 16789
1368489600 1721 129 203867 4468
1368403200 4 0 3844 184
1368316800 97 7 37166 1969
1368230400 6612 168 333615 8435
1368144000 1045 73 488029 6749
1368057600 1394 81 402546 9246
1367971200 4492 165 561627 14174
1367884800 6447 173 587219 8527
1367798400 1 0 3982 124
1367712000 3 0 3982 129
1367625600 4424 130 416357 34288
1367539200 5447 154 620692 11772
1367452800 0 0 518 140
1367366400 6514 216 562783 9916
1367280000 3999 147 529679 7728
1367193600 0 0 0 6
1367107200 1 0 3982 125
1367020800 155 2 158544 3840
1366934400 1 0 3982 125
1366848000 1 0 3982 122
1366761600 1 0 2593 85
1366675200 1 0 3982 131
1366588800 1 0 4129 127
1366502400 1 0 4129 127
1366416000 1 0 3982 120
1366329600 78 0 93019 1722
1366243200 1 0 4129 128
1366156800 1 0 4016 104
1366070400 1 0 4129 127
1365984000 1 0 4127 129
1365897600 1 0 4129 132
1365811200 1 0 4129 130
1365724800 1 0 4129 127
1365638400 1 0 3982 135
1365552000 1 0 3843 121
1365465600 1 0 3843 120
1365379200 0 0 3844 122
1365292800 0 0 3844 120
1365206400 0 0 3982 127
1365120000 2 0 3739 154
1365033600 2 0 3844 121
1364947200 0 0 3844 123
1364860800 2 0 3844 127
1364774400 2 0 3982 124
1364688000 2 0 3982 124
1364601600 0 0 3982 125
1364515200 0 0 3844 122
1364428800 0 0 3844 122
1364342400 0 0 3818 122
1364256000 0 0 0 12
1364169600 0 0 3956 133
1364083200 0 0 3818 122
1363996800 0 0 3818 123
1363910400 0 0 0 17
1363824000 0 0 0 95
1363737600 0 0 0 100
1363651200 0 0 3818 125
1363564800 0 0 3956 133
1363478400 0 0 0 10
1363392000 0 0 3688 109
1363305600 0 0 3818 124
1363219200 0 0 3819 123
1363132800 0 0 3692 121
1363046400 2904 44 557701 6393
1362960000 0 0 3908 158
1362873600 0 0 3774 148
1362787200 0 0 3648 130
1362700800 0 0 3908 141
1362614400 0 0 3910 144
1362528000 0 0 3774 156
1362441600 0 0 3774 139
1362355200 0 0 3908 141
1362268800 0 0 3910 143
1362182400 0 0 3774 134
1362096000 875 16 533552 11011
1362009600 0 0 3910 147
1361923200 0 0 3774 141
1361836800 0 0 3908 152
1361750400 0 0 3908 148
1361664000 0 0 3774 141
1361577600 0 0 3775 134
1361491200 0 0 3908 146
1361404800 0 0 47 43
1361318400 0 0 3908 145
1361232000 0 0 3774 136
1361145600 0 0 3908 145
1361059200 0 0 3908 145
1360972800 0 0 3774 141
1360886400 0 0 3964 158
1360800000 0 0 3907 155
1360713600 0 0 3956 124
1360627200 0 0 3954 124
1360540800 0 0 3956 124
1360454400 0 0 3872 104
1360368000 0 0 3956 125
1360281600 0 0 3818 124
1360195200 0 0 3819 151
1360108800 0 0 3956 128
1360022400 0 0 3818 139
1359936000 0 0 3956 122
1359849600 0 0 3954 126
1359763200 0 0 3819 122
1359676800 0 0 3874 105
1359590400 0 0 3818 135
1359504000 0 0 3954 129
1359417600 0 0 3819 247
1359331200 0 0 3954 122
1359244800 0 0 3954 128
1359158400 0 0 3818 123
1359072000 0 0 3874 188
1358985600 0 0 3690 183
1358899200 0 0 3528 172
1358812800 0 0 3256 139
1358726400 0 0 3954 124
1358640000 0 0 3818 129
1358553600 0 0 3255 104
1358467200 0 0 3954 200
1358380800 0 0 3355 108
1358294400 0 0 3258 105
1358208000 0 0 3818 210
1358121600 0 0 3258 105
1358035200 0 0 3954 125
1357948800 0 0 3258 214
1357862400 0 0 3259 107
1357776000 0 0 3690 284
1357689600 0 0 4030 264
1357603200 0 0 3819 199
1357516800 0 0 3818 126
1357430400 0 0 3740 95
1357344000 0 0 3956 124
1357257600 0 0 3990 154
1357171200 0 0 3760 172
1357084800 0 0 6 17
1356998400 0 0 3818 116
1356912000 0 0 3954 122
1356825600 0 0 3954 131
1356739200 0 0 3954 199
1356652800 0 0 3956 153
1356566400 0 0 3818 190
1356480000 0 0 3954 126
1356393600 0 0 3954 128
1356307200 0 0 3948 110
1356220800 0 0 3255 91
1356134400 0 0 3819 199
1356048000 0 0 3526 87
1355961600 0 0 3819 203
1355875200 0 0 3954 124
1355788800 17 1 41156 3081
1355702400 0 0 3954 130
1355616000 0 0 3818 126
1355529600 0 0 3954 134
1355443200 0 0 3692 117
1355356800 0 0 3692 164
1355270400 0 0 3258 152
1355184000 0 0 3868 219
1355097600 0 0 0 15
1355011200 0 0 0 6
1354924800 0 0 0 15
1354838400 355 9 457038 12060
1354752000 86 0 140648 3154
1354665600 12 0 13397 293
1354579200 0 0 3819 123
1354492800 0 0 3818 114
1354406400 0 0 3355 105
1354320000 3587 77 595704 13084
1354233600 0 0 4102 220
1354147200 0 0 3954 280
1354060800 0 0 3956 236
1353974400 5241 112 525881 10960
1353888000 100 0 217421 4648
1353801600 9902 230 632123 14191
1353715200 0 0 0 46
1353628800 0 0 3258 104
1353542400 59 5 58519 5264
1353456000 290 4 352198 7169
1353369600 2 0 3954 129
1353283200 0 0 3954 126
1353196800 0 0 3818 123
1353110400 0 0 3954 128
1353024000 0 0 3954 115
1352937600 0 0 3355 112
1352851200 0 0 3948 118
1352764800 0 0 3818 134
1352678400 0 0 3954 127
1352592000 0 0 3818 130
1352505600 583 32 155981 8165
1352419200 2400 242 184818 12381
1352332800 11 0 12496 268
1352246400 393 7 270983 5474
1352160000 0 0 3460 111
1352073600 0 0 3954 147
1351987200 0 0 3954 124
1351900800 1507 33 379811 10814
1351814400 0 0 3468 140
1351728000 0 0 3956 129
1351641600 0 0 3954 127
1351555200 0 0 3819 118
1351468800 0 0 3956 124
1351382400 0 0 0 4
1351296000 0 0 3954 124
1351209600 0 0 134 96
1351123200 0 0 0 62
1351036800 0 0 82 28
1350950400 2 0 4102 129
1350864000 1 0 3461 109
1350777600 0 0 4100 132
1350691200 0 0 4100 134
1350604800 0 0 3791 96
1350518400 0 0 4016 114
1350432000 0 0 4100 132
1350345600 0 0 4100 384
1350259200 0 0 4100 132
1350172800 0 0 4100 134
1350086400 0 0 3388 265
1350000000 141 2 21212 1569
1349913600 66 7 39832 1783
1349827200 235 29 29702 5418
1349740800 0 0 3954 131
1349654400 0 0 1676 71
1349568000 383 24 137484 3181
1349481600 1100 45 356023 5303
1349395200 4777 104 528221 9940
1349308800 1225 90 96899 8948
1349222400 4337 1157 210001 14717
1349136000 1146 688 94517 8325
1349049600 74 11 10713 406
1348963200 567 109 45084 3711
1348876800 6900 542 142149 14178
1348790400 8567 842 175305 17237
1348704000 17421 984 448539 32168
1348617600 20098 675 571588 11866
1348531200 84 9 17013 671
1348444800 111 9 112104 1191
1348358400 306 22 93427 4925
1348272000 19690 1254 498959 22401
1348185600 22069 1080 533416 23403
1348099200 12793 931 497160 27356
1348012800 17761 861 297944 14211
1347926400 7776 319 457444 9278
1347840000 80 14 4995 427
1347753600 251 41 35256 2488
1347667200 330 70 164920 18574
1347580800 0 16 0 16
1347494400 0 16 0 16
1347408000 0 16 0 16
1347321600 0 16 0 16
1347235200 49 6 13274 545
1347148800 174 23 38505 1311
1347062400 16408 786 407069 13212
1346976000 35017 2062 633438 23300
1346889600 16670 914 339073 13936
1346803200 19748 805 432433 16930
1346716800 15821 1156 498404 22112
1346630400 56 9 11899 256
1346544000 188 23 52424 3978
1346457600 16016 1000 450292 13907
1346371200 27588 963 487563 25093
1346284800 24518 774 481078 17012
1346198400 17860 1015 385218 13826
1346112000 19229 930 494046 13625
1346025600 62 12 5630 457
1345939200 261 31 48017 2177
1345852800 19640 1000 491664 15760
1345766400 12621 919 567535 20987
1345680000 12213 777 620998 17656
1345593600 16424 858 563560 63054
1345507200 5003 157 90337 6495
1345420800 2651 101 241689 8524
1345334400 136 24 43285 6009
1345248000 5731 741 421393 11645
1345161600 19976 1068 498098 40510
1345075200 21692 1153 520377 48486
1344988800 7760 917 514596 25207
1344902400 13882 997 419212 92498
1344816000 78 13 4104 456
1344729600 258 29 53363 3837
1344643200 18665 926 505031 20671
1344556800 14992 1237 349362 22824
1344470400 17452 898 401066 17082
1344384000 19956 803 502391 16123
1344297600 10235 571 435295 19032
1344211200 64 15 6520 741
1344124800 69 17 5456 490
1344038400 7449 949 502832 17937
1343952000 13239 966 360757 21286
1343865600 19316 1219 583403 19407
1343779200 18251 1061 556840 21641
1343692800 7517 843 508214 13599
1343606400 56 9 6271 263
1343520000 1907 95 346551 6581
1343433600 18861 1012 441826 18867
1343347200 18777 714 487681 14994
1343260800 4531 432 358318 81506
1343174400 12650 1047 524481 50783
1343088000 9291 925 494278 28154
1343001600 66 11 4401 441
1342915200 306 60 35816 3222
1342828800 6209 605 440504 10962
1342742400 10027 848 506233 16310
1342656000 10200 1017 546347 24266
1342569600 6322 814 491014 17209
1342483200 7681 847 275888 18485
1342396800 54 8 3461 254
1342310400 1164 54 241865 4228
1342224000 8219 950 539034 16936
1342137600 5707 744 506070 22478
1342051200 5927 655 547259 13988
1341964800 7640 806 630357 18428
1341878400 54 8 4102 285
1341792000 53 8 3739 271
1341705600 702 40 243327 4675
1341619200 6691 901 503398 28333
1341532800 7807 997 488122 14862
1341446400 9012 659 548938 15604
1341360000 10275 588 503278 14668
1341273600 4964 582 586825 15052
1341187200 35 4 1174 211
1341100800 454 54 72504 8273
1341014400 4298 392 483773 13422
1340928000 5027 764 218902 13130
1340841600 6780 885 513965 18686
1340755200 5965 1024 377507 26274
1340668800 10221 8365 522289 155880
1340582400 52 8 4100 340
1340496000 224 22 50650 4031
1340409600 10715 1911 622860 27102
1340323200 6447 892 374900 14921
1340236800 55 9 4264 241
1340150400 13124 1084 492610 19610
1340064000 11268 1245 465121 23573
1339977600 76 10 82620 286
1339891200 2195 73 518258 20144
1339804800 0 0 0 0
1339718400 0 0 0 0
1339632000 0 0 0 0
1339545600 0 0 0 0
1339459200 0 0 1696 1358
1339372800 0 0 0 0
1339286400 0 0 0 0
1339200000 0 0 0 0
1339113600 0 0 0 0
1339027200 0 0 0 0
1338940800 0 0 0 0
1338854400 0 0 0 0
1338768000 0 0 0 0
1338681600 0 0 0 0
1338595200 0 0 0 0
1338508800 0 0 0 0
1338422400 0 0 0 0
1338336000 0 0 0 0
1338249600 0 0 0 0
1338163200 0 0 0 0
1338076800 0 0 0 0
1337990400 0 0 0 0
1337904000 0 0 0 0
1337817600 0 0 0 0
1337731200 0 0 0 0
1337644800 0 0 0 0
1337558400 0 0 0 0
1337472000 0 0 0 0
1337385600 0 0 0 0
1337299200 0 0 0 0
1337212800 0 0 0 0
1337126400 0 0 0 0
1337040000 0 0 0 0
1336953600 0 0 0 0
1336867200 0 0 0 0
1336780800 0 0 0 0
1336694400 0 0 0 0
1336608000 0 0 0 0
1336521600 0 0 0 0
1336435200 0 0 0 0
1336348800 0 0 0 0
1336262400 0 0 0 0
1336176000 0 0 0 0
1336089600 0 0 0 0
1336003200 0 0 0 0
1335916800 0 0 0 0
1335830400 0 0 0 0
1335744000 0 0 0 0
1335657600 0 0 0 0
1335571200 0 0 0 0
1335484800 0 0 0 0
1335398400 0 0 0 0
1335312000 0 0 0 0
1335225600 0 0 0 0
1335139200 0 0 0 0
1335052800 0 0 0 0
1334966400 0 0 0 0
1334880000 0 0 0 0
1334793600 0 0 0 0
1334707200 0 0 0 0
1334620800 0 0 0 0
1334534400 0 0 0 0
1334448000 0 0 0 0
1334361600 0 0 0 0
1334275200 0 0 0 0
1334188800 0 0 0 0
1334102400 0 0 0 0
1334016000 0 0 0 0
1333929600 0 0 0 0
1333843200 0 0 0 0
1333756800 0 0 0 0
1333670400 0 0 0 0
1333584000 0 0 0 0
1333497600 0 0 0 0
1333411200 0 0 0 0
1333324800 0 0 0 0
1333238400 0 0 0 0
1333152000 0 0 0 0
1333065600 0 0 0 0
1332979200 0 0 0 0
1332892800 0 0 0 0
1332806400 0 0 0 0
1332720000 0 0 0 0
1332633600 0 0 0 0
1332547200 0 0 0 0
1332460800 0 0 0 0
1332374400 0 0 0 0
1332288000 0 0 0 0
1332201600 0 0 0 0
1332115200 0 0 0 0
1332028800 0 0 0 0
1331942400 0 0 0 0
1331856000 0 0 0 0
1331769600 0 0 0 0
1331683200 0 0 0 0
1331596800 0 0 0 0
1331510400 0 0 0 0
1331424000 0 0 0 0
1331337600 0 0 0 0
1331251200 0 0 0 0
1331164800 0 0 0 0
1331078400 0 0 0 0
1330992000 0 0 0 0
1330905600 0 0 0 0
1330819200 0 0 0 0
1330732800 0 0 0 0
1330646400 0 0 0 0
1330560000 0 0 0 0
1330473600 0 0 0 0
1330387200 0 0 0 0
1330300800 0 0 0 0
1330214400 0 0 0 0
1330128000 0 0 0 0
1330041600 0 0 0 0
1329955200 0 0 0 0
1329868800 0 0 0 0
1329782400 0 0 0 0
1329696000 0 0 0 0
1329609600 0 0 0 0
1329523200 0 0 0 0
1329436800 0 0 0 0
1329350400 0 0 0 0
1329264000 0 0 0 0
1329177600 0 0 0 0
1329091200 0 0 0 0
1329004800 0 0 0 0
1328918400 0 0 0 0
1328832000 0 0 0 0
